[rospy.client][INFO] 2022-01-31 16:34:15,812: init_node, name[/listener], pid[21768]
[xmlrpc][INFO] 2022-01-31 16:34:15,814: XML-RPC server binding to 0.0.0.0:0
[rospy.init][INFO] 2022-01-31 16:34:15,816: ROS Slave URI: [http://ubuntu:44769/]
[xmlrpc][INFO] 2022-01-31 16:34:15,817: Started XML-RPC server [http://ubuntu:44769/]
[rospy.impl.masterslave][INFO] 2022-01-31 16:34:15,817: _ready: http://ubuntu:44769/
[xmlrpc][INFO] 2022-01-31 16:34:15,818: xml rpc node: starting XML-RPC server
[rospy.registration][INFO] 2022-01-31 16:34:15,820: Registering with master node http://localhost:11311
[rospy.init][INFO] 2022-01-31 16:34:15,917: registered with master
[rospy.rosout][INFO] 2022-01-31 16:34:15,918: initializing /rosout core topic
[rospy.rosout][INFO] 2022-01-31 16:34:15,924: connected to core topic /rosout
[rospy.simtime][INFO] 2022-01-31 16:34:15,927: /use_sim_time is not set, will not subscribe to simulated time [/clock] topic
[rospy.internal][INFO] 2022-01-31 16:34:15,993: topic[/video/click] adding connection to [http://ubuntu:39361/], count 0
[rospy.internal][INFO] 2022-01-31 16:34:16,143: topic[/rosout] adding connection to [/rosout], count 0
[rospy.core][INFO] 2022-01-31 16:35:24,601: signal_shutdown [signal-2]
[rospy.internal][INFO] 2022-01-31 16:35:24,615: topic[/rosout] removing connection to /rosout
[rospy.internal][INFO] 2022-01-31 16:35:24,616: topic[/video/click] removing connection to http://ubuntu:39361/
[rospy.impl.masterslave][INFO] 2022-01-31 16:35:24,617: signal-2
[rospy.core][INFO] 2022-01-31 16:35:25,235: signal_shutdown [atexit]
[rospy.client][INFO] 2022-01-31 16:35:29,125: init_node, name[/listener], pid[22645]
[xmlrpc][INFO] 2022-01-31 16:35:29,127: XML-RPC server binding to 0.0.0.0:0
[rospy.init][INFO] 2022-01-31 16:35:29,129: ROS Slave URI: [http://ubuntu:36437/]
[xmlrpc][INFO] 2022-01-31 16:35:29,130: Started XML-RPC server [http://ubuntu:36437/]
[rospy.impl.masterslave][INFO] 2022-01-31 16:35:29,130: _ready: http://ubuntu:36437/
[xmlrpc][INFO] 2022-01-31 16:35:29,132: xml rpc node: starting XML-RPC server
[rospy.registration][INFO] 2022-01-31 16:35:29,134: Registering with master node http://localhost:11311
[rospy.init][INFO] 2022-01-31 16:35:29,230: registered with master
[rospy.rosout][INFO] 2022-01-31 16:35:29,231: initializing /rosout core topic
[rospy.rosout][INFO] 2022-01-31 16:35:29,237: connected to core topic /rosout
[rospy.simtime][INFO] 2022-01-31 16:35:29,240: /use_sim_time is not set, will not subscribe to simulated time [/clock] topic
[rospy.internal][INFO] 2022-01-31 16:35:29,327: topic[/video/click] adding connection to [http://ubuntu:44111/], count 0
[rospy.internal][INFO] 2022-01-31 16:35:29,519: topic[/rosout] adding connection to [/rosout], count 0
[rospy.internal][INFO] 2022-01-31 18:46:19,656: topic[/rosout] removing connection to /rosout
[rospy.core][INFO] 2022-01-31 18:47:39,185: signal_shutdown [signal-2]
[rospy.registration][WARNING] 2022-01-31 18:47:39,187: cannot unregister with master due to network issues
[rospy.internal][INFO] 2022-01-31 18:47:39,188: topic[/video/click] removing connection to http://ubuntu:44111/
[rospy.impl.masterslave][INFO] 2022-01-31 18:47:39,188: signal-2
[rospy.core][INFO] 2022-01-31 18:47:39,321: signal_shutdown [atexit]
