[rospy.client][INFO] 2022-03-29 17:04:36,189: init_node, name[/listener], pid[4933]
[xmlrpc][INFO] 2022-03-29 17:04:36,191: XML-RPC server binding to 0.0.0.0:0
[rospy.init][INFO] 2022-03-29 17:04:36,193: ROS Slave URI: [http://ubuntu:36867/]
[xmlrpc][INFO] 2022-03-29 17:04:36,194: Started XML-RPC server [http://ubuntu:36867/]
[rospy.impl.masterslave][INFO] 2022-03-29 17:04:36,195: _ready: http://ubuntu:36867/
[xmlrpc][INFO] 2022-03-29 17:04:36,196: xml rpc node: starting XML-RPC server
[rospy.registration][INFO] 2022-03-29 17:04:36,198: Registering with master node http://localhost:11311
[rospy.init][INFO] 2022-03-29 17:04:36,295: registered with master
[rospy.rosout][INFO] 2022-03-29 17:04:36,295: initializing /rosout core topic
[rospy.rosout][INFO] 2022-03-29 17:04:36,303: connected to core topic /rosout
[rospy.simtime][INFO] 2022-03-29 17:04:36,306: /use_sim_time is not set, will not subscribe to simulated time [/clock] topic
[rospy.internal][INFO] 2022-03-29 17:04:36,375: topic[/video/click] adding connection to [http://ubuntu:35843/], count 0
[rospy.internal][INFO] 2022-03-29 17:04:36,512: topic[/rosout] adding connection to [/rosout], count 0
[rospy.internal][INFO] 2022-03-29 17:12:15,692: topic[/rosout] removing connection to /rosout
[rospy.core][INFO] 2022-03-29 17:12:20,034: signal_shutdown [signal-2]
[rospy.internal][INFO] 2022-03-29 17:12:20,047: topic[/video/click] removing connection to http://ubuntu:35843/
[rospy.impl.masterslave][INFO] 2022-03-29 17:12:20,048: signal-2
[rospy.internal][WARNING] 2022-03-29 17:12:20,050: Unknown error initiating TCP/IP socket to ubuntu:36925 (http://ubuntu:35843/): Traceback (most recent call last):
  File "/opt/ros/melodic/lib/python2.7/dist-packages/rospy/impl/tcpros_base.py", line 562, in connect
    self.read_header()
  File "/opt/ros/melodic/lib/python2.7/dist-packages/rospy/impl/tcpros_base.py", line 657, in read_header
    self._validate_header(read_ros_handshake_header(sock, self.read_buff, self.protocol.buff_size))
AttributeError: 'NoneType' object has no attribute 'buff_size'

[rospy.core][INFO] 2022-03-29 17:12:20,165: signal_shutdown [atexit]
