[rospy.client][INFO] 2022-03-11 03:26:06,575: init_node, name[/listener], pid[25828]
[xmlrpc][INFO] 2022-03-11 03:26:06,577: XML-RPC server binding to 0.0.0.0:0
[xmlrpc][INFO] 2022-03-11 03:26:06,579: Started XML-RPC server [http://ubuntu:33417/]
[rospy.impl.masterslave][INFO] 2022-03-11 03:26:06,580: _ready: http://ubuntu:33417/
[rospy.init][INFO] 2022-03-11 03:26:06,581: ROS Slave URI: [http://ubuntu:33417/]
[xmlrpc][INFO] 2022-03-11 03:26:06,582: xml rpc node: starting XML-RPC server
[rospy.registration][INFO] 2022-03-11 03:26:06,584: Registering with master node http://localhost:11311
[rospy.init][INFO] 2022-03-11 03:26:06,682: registered with master
[rospy.rosout][INFO] 2022-03-11 03:26:06,683: initializing /rosout core topic
[rospy.rosout][INFO] 2022-03-11 03:26:06,690: connected to core topic /rosout
[rospy.simtime][INFO] 2022-03-11 03:26:06,693: /use_sim_time is not set, will not subscribe to simulated time [/clock] topic
[rospy.internal][INFO] 2022-03-11 03:26:06,761: topic[/video/click] adding connection to [http://ubuntu:41761/], count 0
[rospy.internal][INFO] 2022-03-11 03:26:06,932: topic[/rosout] adding connection to [/rosout], count 0
[rospy.internal][INFO] 2022-03-11 03:33:14,629: topic[/rosout] adding connection to [/record_1646969594336119269], count 1
[rospy.internal][INFO] 2022-03-11 03:33:16,065: topic[/rosout] removing connection to /record_1646969594336119269
[rospy.core][INFO] 2022-03-11 03:37:00,456: signal_shutdown [signal-2]
[rospy.internal][INFO] 2022-03-11 03:37:00,470: topic[/rosout] removing connection to /rosout
[rospy.internal][INFO] 2022-03-11 03:37:00,471: topic[/video/click] removing connection to http://ubuntu:41761/
[rospy.impl.masterslave][INFO] 2022-03-11 03:37:00,472: signal-2
[rospy.internal][WARNING] 2022-03-11 03:37:00,474: Unknown error initiating TCP/IP socket to ubuntu:45143 (http://ubuntu:41761/): Traceback (most recent call last):
  File "/opt/ros/melodic/lib/python2.7/dist-packages/rospy/impl/tcpros_base.py", line 562, in connect
    self.read_header()
  File "/opt/ros/melodic/lib/python2.7/dist-packages/rospy/impl/tcpros_base.py", line 657, in read_header
    self._validate_header(read_ros_handshake_header(sock, self.read_buff, self.protocol.buff_size))
AttributeError: 'NoneType' object has no attribute 'buff_size'

[rospy.core][INFO] 2022-03-11 03:37:00,604: signal_shutdown [atexit]
