[0.174s] Invoking command in '/home/ubuntu/ros2_foxy/build/ament_cmake_export_targets': AMENT_PREFIX_PATH=/home/ubuntu/ros2_foxy/install/ament_cmake_export_libraries:/home/ubuntu/ros2_foxy/install/ament_cmake_core:/home/ubuntu/ros2_foxy/install/ament_package CMAKE_PREFIX_PATH=/home/ubuntu/ros2_foxy/install/ament_cmake_export_libraries:/home/ubuntu/ros2_foxy/install/ament_cmake_core PYTHONPATH=/home/ubuntu/ros2_foxy/build/ament_package:/home/ubuntu/ros2_foxy/install/ament_package/lib/python3.6/site-packages /usr/bin/cmake /home/ubuntu/ros2_foxy/src/ament/ament_cmake/ament_cmake_export_targets -DAMENT_CMAKE_SYMLINK_INSTALL=1 -DCMAKE_INSTALL_PREFIX=/home/ubuntu/ros2_foxy/install/ament_cmake_export_targets
[0.445s] -- Found ament_cmake_core: 0.9.9 (/home/ubuntu/ros2_foxy/install/ament_cmake_core/share/ament_cmake_core/cmake)
[0.833s] -- Found PythonInterp: /usr/bin/python3 (found suitable version "3.6.9", minimum required is "3") 
[0.834s] -- Using PYTHON_EXECUTABLE: /usr/bin/python3
[3.488s] -- Override CMake install command with custom implementation using symlinks instead of copying resources
[4.132s] -- Configuring done
[4.159s] -- Generating done
[4.171s] -- Build files have been written to: /home/ubuntu/ros2_foxy/build/ament_cmake_export_targets
[4.200s] Invoked command in '/home/ubuntu/ros2_foxy/build/ament_cmake_export_targets' returned '0': AMENT_PREFIX_PATH=/home/ubuntu/ros2_foxy/install/ament_cmake_export_libraries:/home/ubuntu/ros2_foxy/install/ament_cmake_core:/home/ubuntu/ros2_foxy/install/ament_package CMAKE_PREFIX_PATH=/home/ubuntu/ros2_foxy/install/ament_cmake_export_libraries:/home/ubuntu/ros2_foxy/install/ament_cmake_core PYTHONPATH=/home/ubuntu/ros2_foxy/build/ament_package:/home/ubuntu/ros2_foxy/install/ament_package/lib/python3.6/site-packages /usr/bin/cmake /home/ubuntu/ros2_foxy/src/ament/ament_cmake/ament_cmake_export_targets -DAMENT_CMAKE_SYMLINK_INSTALL=1 -DCMAKE_INSTALL_PREFIX=/home/ubuntu/ros2_foxy/install/ament_cmake_export_targets
[4.203s] Invoking command in '/home/ubuntu/ros2_foxy/build/ament_cmake_export_targets': AMENT_PREFIX_PATH=/home/ubuntu/ros2_foxy/install/ament_cmake_export_libraries:/home/ubuntu/ros2_foxy/install/ament_cmake_core:/home/ubuntu/ros2_foxy/install/ament_package CMAKE_PREFIX_PATH=/home/ubuntu/ros2_foxy/install/ament_cmake_export_libraries:/home/ubuntu/ros2_foxy/install/ament_cmake_core PYTHONPATH=/home/ubuntu/ros2_foxy/build/ament_package:/home/ubuntu/ros2_foxy/install/ament_package/lib/python3.6/site-packages /usr/bin/cmake --build /home/ubuntu/ros2_foxy/build/ament_cmake_export_targets -- -j4 -l4
[4.541s] Invoked command in '/home/ubuntu/ros2_foxy/build/ament_cmake_export_targets' returned '0': AMENT_PREFIX_PATH=/home/ubuntu/ros2_foxy/install/ament_cmake_export_libraries:/home/ubuntu/ros2_foxy/install/ament_cmake_core:/home/ubuntu/ros2_foxy/install/ament_package CMAKE_PREFIX_PATH=/home/ubuntu/ros2_foxy/install/ament_cmake_export_libraries:/home/ubuntu/ros2_foxy/install/ament_cmake_core PYTHONPATH=/home/ubuntu/ros2_foxy/build/ament_package:/home/ubuntu/ros2_foxy/install/ament_package/lib/python3.6/site-packages /usr/bin/cmake --build /home/ubuntu/ros2_foxy/build/ament_cmake_export_targets -- -j4 -l4
[4.893s] Invoking command in '/home/ubuntu/ros2_foxy/build/ament_cmake_export_targets': AMENT_PREFIX_PATH=/home/ubuntu/ros2_foxy/install/ament_cmake_export_libraries:/home/ubuntu/ros2_foxy/install/ament_cmake_core:/home/ubuntu/ros2_foxy/install/ament_package CMAKE_PREFIX_PATH=/home/ubuntu/ros2_foxy/install/ament_cmake_export_libraries:/home/ubuntu/ros2_foxy/install/ament_cmake_core PYTHONPATH=/home/ubuntu/ros2_foxy/build/ament_package:/home/ubuntu/ros2_foxy/install/ament_package/lib/python3.6/site-packages /usr/bin/cmake --build /home/ubuntu/ros2_foxy/build/ament_cmake_export_targets --target install -- -j4 -l4
[5.478s] [36mInstall the project...[0m
[5.582s] -- Install configuration: ""
[5.585s] -- Execute custom install script
[5.588s] -- Symlinking: /home/ubuntu/ros2_foxy/install/ament_cmake_export_targets/share/ament_index/resource_index/package_run_dependencies/ament_cmake_export_targets
[5.706s] -- Symlinking: /home/ubuntu/ros2_foxy/install/ament_cmake_export_targets/share/ament_index/resource_index/parent_prefix_path/ament_cmake_export_targets
[5.781s] -- Symlinking: /home/ubuntu/ros2_foxy/install/ament_cmake_export_targets/share/ament_cmake_export_targets/environment/ament_prefix_path.sh
[5.885s] -- Symlinking: /home/ubuntu/ros2_foxy/install/ament_cmake_export_targets/share/ament_cmake_export_targets/environment/ament_prefix_path.dsv
[5.982s] -- Symlinking: /home/ubuntu/ros2_foxy/install/ament_cmake_export_targets/share/ament_cmake_export_targets/environment/path.sh
[6.128s] -- Symlinking: /home/ubuntu/ros2_foxy/install/ament_cmake_export_targets/share/ament_cmake_export_targets/environment/path.dsv
[6.256s] -- Symlinking: /home/ubuntu/ros2_foxy/install/ament_cmake_export_targets/share/ament_cmake_export_targets/local_setup.bash
[6.382s] -- Symlinking: /home/ubuntu/ros2_foxy/install/ament_cmake_export_targets/share/ament_cmake_export_targets/local_setup.sh
[6.470s] -- Symlinking: /home/ubuntu/ros2_foxy/install/ament_cmake_export_targets/share/ament_cmake_export_targets/local_setup.zsh
[6.556s] -- Symlinking: /home/ubuntu/ros2_foxy/install/ament_cmake_export_targets/share/ament_cmake_export_targets/local_setup.dsv
[6.683s] -- Symlinking: /home/ubuntu/ros2_foxy/install/ament_cmake_export_targets/share/ament_cmake_export_targets/package.dsv
[6.789s] -- Symlinking: /home/ubuntu/ros2_foxy/install/ament_cmake_export_targets/share/ament_index/resource_index/packages/ament_cmake_export_targets
[6.921s] -- Symlinking: /home/ubuntu/ros2_foxy/install/ament_cmake_export_targets/share/ament_cmake_export_targets/cmake/ament_cmake_export_targets-extras.cmake
[6.984s] -- Symlinking: /home/ubuntu/ros2_foxy/install/ament_cmake_export_targets/share/ament_cmake_export_targets/cmake/ament_cmake_export_targetsConfig.cmake
[7.076s] -- Symlinking: /home/ubuntu/ros2_foxy/install/ament_cmake_export_targets/share/ament_cmake_export_targets/cmake/ament_cmake_export_targetsConfig-version.cmake
[7.173s] -- Symlinking: /home/ubuntu/ros2_foxy/install/ament_cmake_export_targets/share/ament_cmake_export_targets/package.xml
[7.278s] -- Symlinking: /home/ubuntu/ros2_foxy/install/ament_cmake_export_targets/share/ament_cmake_export_targets/cmake/ament_cmake_export_targets-extras.cmake.in
[7.457s] -- Symlinking: /home/ubuntu/ros2_foxy/install/ament_cmake_export_targets/share/ament_cmake_export_targets/cmake/ament_cmake_export_targets_package_hook.cmake
[7.579s] -- Symlinking: /home/ubuntu/ros2_foxy/install/ament_cmake_export_targets/share/ament_cmake_export_targets/cmake/ament_export_targets.cmake
[7.725s] Invoked command in '/home/ubuntu/ros2_foxy/build/ament_cmake_export_targets' returned '0': AMENT_PREFIX_PATH=/home/ubuntu/ros2_foxy/install/ament_cmake_export_libraries:/home/ubuntu/ros2_foxy/install/ament_cmake_core:/home/ubuntu/ros2_foxy/install/ament_package CMAKE_PREFIX_PATH=/home/ubuntu/ros2_foxy/install/ament_cmake_export_libraries:/home/ubuntu/ros2_foxy/install/ament_cmake_core PYTHONPATH=/home/ubuntu/ros2_foxy/build/ament_package:/home/ubuntu/ros2_foxy/install/ament_package/lib/python3.6/site-packages /usr/bin/cmake --build /home/ubuntu/ros2_foxy/build/ament_cmake_export_targets --target install -- -j4 -l4
