[0.152s] Invoking command in '/home/ubuntu/ros2_foxy/build/ament_cmake_export_interfaces': AMENT_PREFIX_PATH=/home/ubuntu/ros2_foxy/install/ament_cmake_export_libraries:/home/ubuntu/ros2_foxy/install/ament_cmake_core:/home/ubuntu/ros2_foxy/install/ament_package CMAKE_PREFIX_PATH=/home/ubuntu/ros2_foxy/install/ament_cmake_export_libraries:/home/ubuntu/ros2_foxy/install/ament_cmake_core PYTHONPATH=/home/ubuntu/ros2_foxy/build/ament_package:/home/ubuntu/ros2_foxy/install/ament_package/lib/python3.6/site-packages /usr/bin/cmake /home/ubuntu/ros2_foxy/src/ament/ament_cmake/ament_cmake_export_interfaces -DAMENT_CMAKE_SYMLINK_INSTALL=1 -DCMAKE_INSTALL_PREFIX=/home/ubuntu/ros2_foxy/install/ament_cmake_export_interfaces
[0.334s] -- Found ament_cmake_core: 0.9.9 (/home/ubuntu/ros2_foxy/install/ament_cmake_core/share/ament_cmake_core/cmake)
[0.522s] -- Found PythonInterp: /usr/bin/python3 (found suitable version "3.6.9", minimum required is "3") 
[0.523s] -- Using PYTHON_EXECUTABLE: /usr/bin/python3
[3.526s] -- Override CMake install command with custom implementation using symlinks instead of copying resources
[4.313s] -- Configuring done
[4.339s] -- Generating done
[4.358s] -- Build files have been written to: /home/ubuntu/ros2_foxy/build/ament_cmake_export_interfaces
[4.403s] Invoked command in '/home/ubuntu/ros2_foxy/build/ament_cmake_export_interfaces' returned '0': AMENT_PREFIX_PATH=/home/ubuntu/ros2_foxy/install/ament_cmake_export_libraries:/home/ubuntu/ros2_foxy/install/ament_cmake_core:/home/ubuntu/ros2_foxy/install/ament_package CMAKE_PREFIX_PATH=/home/ubuntu/ros2_foxy/install/ament_cmake_export_libraries:/home/ubuntu/ros2_foxy/install/ament_cmake_core PYTHONPATH=/home/ubuntu/ros2_foxy/build/ament_package:/home/ubuntu/ros2_foxy/install/ament_package/lib/python3.6/site-packages /usr/bin/cmake /home/ubuntu/ros2_foxy/src/ament/ament_cmake/ament_cmake_export_interfaces -DAMENT_CMAKE_SYMLINK_INSTALL=1 -DCMAKE_INSTALL_PREFIX=/home/ubuntu/ros2_foxy/install/ament_cmake_export_interfaces
[4.408s] Invoking command in '/home/ubuntu/ros2_foxy/build/ament_cmake_export_interfaces': AMENT_PREFIX_PATH=/home/ubuntu/ros2_foxy/install/ament_cmake_export_libraries:/home/ubuntu/ros2_foxy/install/ament_cmake_core:/home/ubuntu/ros2_foxy/install/ament_package CMAKE_PREFIX_PATH=/home/ubuntu/ros2_foxy/install/ament_cmake_export_libraries:/home/ubuntu/ros2_foxy/install/ament_cmake_core PYTHONPATH=/home/ubuntu/ros2_foxy/build/ament_package:/home/ubuntu/ros2_foxy/install/ament_package/lib/python3.6/site-packages /usr/bin/cmake --build /home/ubuntu/ros2_foxy/build/ament_cmake_export_interfaces -- -j4 -l4
[4.851s] Invoked command in '/home/ubuntu/ros2_foxy/build/ament_cmake_export_interfaces' returned '0': AMENT_PREFIX_PATH=/home/ubuntu/ros2_foxy/install/ament_cmake_export_libraries:/home/ubuntu/ros2_foxy/install/ament_cmake_core:/home/ubuntu/ros2_foxy/install/ament_package CMAKE_PREFIX_PATH=/home/ubuntu/ros2_foxy/install/ament_cmake_export_libraries:/home/ubuntu/ros2_foxy/install/ament_cmake_core PYTHONPATH=/home/ubuntu/ros2_foxy/build/ament_package:/home/ubuntu/ros2_foxy/install/ament_package/lib/python3.6/site-packages /usr/bin/cmake --build /home/ubuntu/ros2_foxy/build/ament_cmake_export_interfaces -- -j4 -l4
[7.262s] Invoking command in '/home/ubuntu/ros2_foxy/build/ament_cmake_export_interfaces': AMENT_PREFIX_PATH=/home/ubuntu/ros2_foxy/install/ament_cmake_export_libraries:/home/ubuntu/ros2_foxy/install/ament_cmake_core:/home/ubuntu/ros2_foxy/install/ament_package CMAKE_PREFIX_PATH=/home/ubuntu/ros2_foxy/install/ament_cmake_export_libraries:/home/ubuntu/ros2_foxy/install/ament_cmake_core PYTHONPATH=/home/ubuntu/ros2_foxy/build/ament_package:/home/ubuntu/ros2_foxy/install/ament_package/lib/python3.6/site-packages /usr/bin/cmake --build /home/ubuntu/ros2_foxy/build/ament_cmake_export_interfaces --target install -- -j4 -l4
[7.580s] [36mInstall the project...[0m
[7.622s] -- Install configuration: ""
[7.624s] -- Execute custom install script
[7.627s] -- Symlinking: /home/ubuntu/ros2_foxy/install/ament_cmake_export_interfaces/share/ament_index/resource_index/package_run_dependencies/ament_cmake_export_interfaces
[7.673s] -- Symlinking: /home/ubuntu/ros2_foxy/install/ament_cmake_export_interfaces/share/ament_index/resource_index/parent_prefix_path/ament_cmake_export_interfaces
[7.726s] -- Symlinking: /home/ubuntu/ros2_foxy/install/ament_cmake_export_interfaces/share/ament_cmake_export_interfaces/environment/ament_prefix_path.sh
[7.771s] -- Symlinking: /home/ubuntu/ros2_foxy/install/ament_cmake_export_interfaces/share/ament_cmake_export_interfaces/environment/ament_prefix_path.dsv
[7.817s] -- Symlinking: /home/ubuntu/ros2_foxy/install/ament_cmake_export_interfaces/share/ament_cmake_export_interfaces/environment/path.sh
[7.865s] -- Symlinking: /home/ubuntu/ros2_foxy/install/ament_cmake_export_interfaces/share/ament_cmake_export_interfaces/environment/path.dsv
[7.910s] -- Symlinking: /home/ubuntu/ros2_foxy/install/ament_cmake_export_interfaces/share/ament_cmake_export_interfaces/local_setup.bash
[7.963s] -- Symlinking: /home/ubuntu/ros2_foxy/install/ament_cmake_export_interfaces/share/ament_cmake_export_interfaces/local_setup.sh
[8.023s] -- Symlinking: /home/ubuntu/ros2_foxy/install/ament_cmake_export_interfaces/share/ament_cmake_export_interfaces/local_setup.zsh
[8.066s] -- Symlinking: /home/ubuntu/ros2_foxy/install/ament_cmake_export_interfaces/share/ament_cmake_export_interfaces/local_setup.dsv
[8.111s] -- Symlinking: /home/ubuntu/ros2_foxy/install/ament_cmake_export_interfaces/share/ament_cmake_export_interfaces/package.dsv
[8.156s] -- Symlinking: /home/ubuntu/ros2_foxy/install/ament_cmake_export_interfaces/share/ament_index/resource_index/packages/ament_cmake_export_interfaces
[8.206s] -- Symlinking: /home/ubuntu/ros2_foxy/install/ament_cmake_export_interfaces/share/ament_cmake_export_interfaces/cmake/ament_cmake_export_interfaces-extras.cmake
[8.257s] -- Symlinking: /home/ubuntu/ros2_foxy/install/ament_cmake_export_interfaces/share/ament_cmake_export_interfaces/cmake/ament_cmake_export_interfacesConfig.cmake
[8.298s] -- Symlinking: /home/ubuntu/ros2_foxy/install/ament_cmake_export_interfaces/share/ament_cmake_export_interfaces/cmake/ament_cmake_export_interfacesConfig-version.cmake
[8.337s] -- Symlinking: /home/ubuntu/ros2_foxy/install/ament_cmake_export_interfaces/share/ament_cmake_export_interfaces/package.xml
[8.379s] -- Symlinking: /home/ubuntu/ros2_foxy/install/ament_cmake_export_interfaces/share/ament_cmake_export_interfaces/cmake/ament_cmake_export_interfaces-extras.cmake.in
[8.417s] -- Symlinking: /home/ubuntu/ros2_foxy/install/ament_cmake_export_interfaces/share/ament_cmake_export_interfaces/cmake/ament_cmake_export_interfaces_package_hook.cmake
[8.465s] -- Symlinking: /home/ubuntu/ros2_foxy/install/ament_cmake_export_interfaces/share/ament_cmake_export_interfaces/cmake/ament_export_interfaces.cmake
[8.522s] Invoked command in '/home/ubuntu/ros2_foxy/build/ament_cmake_export_interfaces' returned '0': AMENT_PREFIX_PATH=/home/ubuntu/ros2_foxy/install/ament_cmake_export_libraries:/home/ubuntu/ros2_foxy/install/ament_cmake_core:/home/ubuntu/ros2_foxy/install/ament_package CMAKE_PREFIX_PATH=/home/ubuntu/ros2_foxy/install/ament_cmake_export_libraries:/home/ubuntu/ros2_foxy/install/ament_cmake_core PYTHONPATH=/home/ubuntu/ros2_foxy/build/ament_package:/home/ubuntu/ros2_foxy/install/ament_package/lib/python3.6/site-packages /usr/bin/cmake --build /home/ubuntu/ros2_foxy/build/ament_cmake_export_interfaces --target install -- -j4 -l4
