[rospy.client][INFO] 2022-03-24 16:58:29,758: init_node, name[/listener], pid[6881]
[xmlrpc][INFO] 2022-03-24 16:58:29,761: XML-RPC server binding to 0.0.0.0:0
[rospy.init][INFO] 2022-03-24 16:58:29,764: ROS Slave URI: [http://ubuntu:38491/]
[xmlrpc][INFO] 2022-03-24 16:58:29,766: Started XML-RPC server [http://ubuntu:38491/]
[rospy.impl.masterslave][INFO] 2022-03-24 16:58:29,766: _ready: http://ubuntu:38491/
[xmlrpc][INFO] 2022-03-24 16:58:29,768: xml rpc node: starting XML-RPC server
[rospy.registration][INFO] 2022-03-24 16:58:29,770: Registering with master node http://localhost:11311
[rospy.init][INFO] 2022-03-24 16:58:29,866: registered with master
[rospy.rosout][INFO] 2022-03-24 16:58:29,867: initializing /rosout core topic
[rospy.rosout][INFO] 2022-03-24 16:58:29,873: connected to core topic /rosout
[rospy.simtime][INFO] 2022-03-24 16:58:29,877: /use_sim_time is not set, will not subscribe to simulated time [/clock] topic
[rospy.internal][INFO] 2022-03-24 16:58:29,946: topic[/video/click] adding connection to [http://ubuntu:37777/], count 0
[rospy.internal][INFO] 2022-03-24 16:58:30,128: topic[/rosout] adding connection to [/rosout], count 0
[rospy.internal][INFO] 2022-03-24 21:09:45,447: topic[/rosout] removing connection to /rosout
[rospy.core][INFO] 2022-03-24 21:11:56,102: signal_shutdown [signal-2]
[rospy.registration][WARNING] 2022-03-24 21:11:56,104: cannot unregister with master due to network issues
[rospy.internal][INFO] 2022-03-24 21:11:56,105: topic[/video/click] removing connection to http://ubuntu:37777/
[rospy.impl.masterslave][INFO] 2022-03-24 21:11:56,106: signal-2
[rospy.internal][WARNING] 2022-03-24 21:11:56,108: Unknown error initiating TCP/IP socket to ubuntu:37217 (http://ubuntu:37777/): Traceback (most recent call last):
  File "/opt/ros/melodic/lib/python2.7/dist-packages/rospy/impl/tcpros_base.py", line 561, in connect
    self.write_header()
  File "/opt/ros/melodic/lib/python2.7/dist-packages/rospy/impl/tcpros_base.py", line 642, in write_header
    self.stat_bytes += write_ros_handshake_header(sock, protocol.get_header_fields())
  File "/opt/ros/melodic/lib/python2.7/dist-packages/rosgraph/network.py", line 417, in write_ros_handshake_header
    sock.sendall(s)
  File "/usr/lib/python2.7/socket.py", line 228, in meth
    return getattr(self._sock,name)(*args)
  File "/usr/lib/python2.7/socket.py", line 174, in _dummy
    raise error(EBADF, 'Bad file descriptor')
error: [Errno 9] Bad file descriptor

[rospy.core][INFO] 2022-03-24 21:11:56,270: signal_shutdown [atexit]
