running develop
running egg_info
creating ament_flake8.egg-info
writing ament_flake8.egg-info/PKG-INFO
writing dependency_links to ament_flake8.egg-info/dependency_links.txt
writing entry points to ament_flake8.egg-info/entry_points.txt
writing requirements to ament_flake8.egg-info/requires.txt
writing top-level names to ament_flake8.egg-info/top_level.txt
writing manifest file 'ament_flake8.egg-info/SOURCES.txt'
reading manifest file 'ament_flake8.egg-info/SOURCES.txt'
writing manifest file 'ament_flake8.egg-info/SOURCES.txt'
running build_ext
Creating /home/ubuntu/ros2_foxy/install/ament_flake8/lib/python3.6/site-packages/ament-flake8.egg-link (link to .)
Installing ament_flake8 script to /home/ubuntu/ros2_foxy/install/ament_flake8/bin

Installed /home/ubuntu/ros2_foxy/build/ament_flake8
running install_data
copying package.xml -> /home/ubuntu/ros2_foxy/install/ament_flake8/share/ament_flake8
creating /home/ubuntu/ros2_foxy/install/ament_flake8/share/ament_index
creating /home/ubuntu/ros2_foxy/install/ament_flake8/share/ament_index/resource_index
creating /home/ubuntu/ros2_foxy/install/ament_flake8/share/ament_index/resource_index/packages
copying resource/ament_flake8 -> /home/ubuntu/ros2_foxy/install/ament_flake8/share/ament_index/resource_index/packages
