Determining if the pthread_create exist failed with the following output:
Change Dir: /home/ubuntu/ros2_foxy/build/cyclonedds/CMakeFiles/CMakeTmp

Run Build Command:"/usr/bin/make" "cmTC_59574/fast"
/usr/bin/make -f CMakeFiles/cmTC_59574.dir/build.make CMakeFiles/cmTC_59574.dir/build
make[1]: Entering directory '/home/ubuntu/ros2_foxy/build/cyclonedds/CMakeFiles/CMakeTmp'
Building C object CMakeFiles/cmTC_59574.dir/CheckSymbolExists.c.o
/usr/bin/cc    -o CMakeFiles/cmTC_59574.dir/CheckSymbolExists.c.o   -c /home/ubuntu/ros2_foxy/build/cyclonedds/CMakeFiles/CMakeTmp/CheckSymbolExists.c
Linking C executable cmTC_59574
/usr/bin/cmake -E cmake_link_script CMakeFiles/cmTC_59574.dir/link.txt --verbose=1
/usr/bin/cc      CMakeFiles/cmTC_59574.dir/CheckSymbolExists.c.o  -o cmTC_59574 
CMakeFiles/cmTC_59574.dir/CheckSymbolExists.c.o: In function `main':
CheckSymbolExists.c:(.text+0x14): undefined reference to `pthread_create'
CheckSymbolExists.c:(.text+0x18): undefined reference to `pthread_create'
collect2: error: ld returned 1 exit status
CMakeFiles/cmTC_59574.dir/build.make:97: recipe for target 'cmTC_59574' failed
make[1]: *** [cmTC_59574] Error 1
make[1]: Leaving directory '/home/ubuntu/ros2_foxy/build/cyclonedds/CMakeFiles/CMakeTmp'
Makefile:126: recipe for target 'cmTC_59574/fast' failed
make: *** [cmTC_59574/fast] Error 2

File /home/ubuntu/ros2_foxy/build/cyclonedds/CMakeFiles/CMakeTmp/CheckSymbolExists.c:
/* */
#include <pthread.h>

int main(int argc, char** argv)
{
  (void)argv;
#ifndef pthread_create
  return ((int*)(&pthread_create))[argc];
#else
  (void)argc;
  return 0;
#endif
}

Determining if the function pthread_create exists in the pthreads failed with the following output:
Change Dir: /home/ubuntu/ros2_foxy/build/cyclonedds/CMakeFiles/CMakeTmp

Run Build Command:"/usr/bin/make" "cmTC_cb0b5/fast"
/usr/bin/make -f CMakeFiles/cmTC_cb0b5.dir/build.make CMakeFiles/cmTC_cb0b5.dir/build
make[1]: Entering directory '/home/ubuntu/ros2_foxy/build/cyclonedds/CMakeFiles/CMakeTmp'
Building C object CMakeFiles/cmTC_cb0b5.dir/CheckFunctionExists.c.o
/usr/bin/cc   -DCHECK_FUNCTION_EXISTS=pthread_create   -o CMakeFiles/cmTC_cb0b5.dir/CheckFunctionExists.c.o   -c /usr/share/cmake-3.10/Modules/CheckFunctionExists.c
Linking C executable cmTC_cb0b5
/usr/bin/cmake -E cmake_link_script CMakeFiles/cmTC_cb0b5.dir/link.txt --verbose=1
/usr/bin/cc  -DCHECK_FUNCTION_EXISTS=pthread_create    CMakeFiles/cmTC_cb0b5.dir/CheckFunctionExists.c.o  -o cmTC_cb0b5 -lpthreads 
/usr/bin/ld: cannot find -lpthreads
collect2: error: ld returned 1 exit status
CMakeFiles/cmTC_cb0b5.dir/build.make:97: recipe for target 'cmTC_cb0b5' failed
make[1]: *** [cmTC_cb0b5] Error 1
make[1]: Leaving directory '/home/ubuntu/ros2_foxy/build/cyclonedds/CMakeFiles/CMakeTmp'
Makefile:126: recipe for target 'cmTC_cb0b5/fast' failed
make: *** [cmTC_cb0b5/fast] Error 2


