

1648743015.953697687  Node Startup
1648743022.247679948 INFO /link_ros [link_ros.py:36(LinkROS.__init__)] [topics: /rosout] [FREEDOM] Starting to listen to topic: /rosout_agg
1648743023.267705917 INFO /link_ros [link_ros.py:36(LinkROS.__init__)] [topics: /rosout, /rosout_agg] [FREEDOM] Completed initializing LinkROS
1648743460.465152978 INFO /link_ros [threading.py:754(Thread.run)] [topics: /tf_static, /rosout, /rosout_agg, /tf] [FREEDOM] Starting to listen to topic: /video/click
1648743460.480494022 INFO /link_ros [threading.py:754(Thread.run)] [topics: /tf_static, /rosout, /rosout_agg, /tf, /video/click] [FREEDOM] Starting to listen to topic: /image_raw
1648743916.487174034 INFO /link_ros [pool.py:113(worker)] [topics: /tf_static, /rosout_agg, /image_raw, /rosout, /cmd_vel, /tf, /video/click] [FREEDOM] Starting to listen to topic: /cmd_vel
1648744224.209733963 INFO /listener [listener.py:36(callback)] [topics: /rosout, /video/click] --------------------
1648744226.405123949 INFO /listener [listener.py:36(callback)] [topics: /rosout, /video/click] --------------------
1648744231.365669012 INFO /listener [listener.py:36(callback)] [topics: /rosout, /video/click] --------------------
1648744232.960850954 INFO /listener [listener.py:36(callback)] [topics: /rosout, /video/click] --------------------
1648744235.467240095 INFO /listener [listener.py:36(callback)] [topics: /rosout, /video/click] --------------------
1648744429.933072090 INFO /listener [listener.py:36(callback)] [topics: /rosout, /video/click] --------------------
1648744635.597894906 INFO /listener [listener.py:36(callback)] [topics: /rosout, /video/click] --------------------
1648744637.743762016 INFO /listener [listener.py:36(callback)] [topics: /rosout, /video/click] --------------------
1648744639.706384897 INFO /listener [listener.py:36(callback)] [topics: /rosout, /video/click] --------------------
1648744641.480057001 INFO /listener [listener.py:36(callback)] [topics: /rosout, /video/click] --------------------
1648744646.039331912 INFO /listener [listener.py:36(callback)] [topics: /rosout, /video/click] --------------------
1648744646.710978984 INFO /listener [listener.py:36(callback)] [topics: /rosout, /video/click] --------------------
1648744650.182573080 INFO /listener [listener.py:36(callback)] [topics: /rosout, /video/click] --------------------
1648744653.737123966 INFO /listener [listener.py:36(callback)] [topics: /rosout, /video/click] --------------------
1648744668.596909999 INFO /listener [listener.py:36(callback)] [topics: /rosout, /video/click] --------------------
1648744686.201719045 INFO /listener [listener.py:36(callback)] [topics: /rosout, /video/click] --------------------
1648744697.143770933 INFO /listener [listener.py:36(callback)] [topics: /rosout, /video/click] --------------------
1648744862.203244924 INFO /listener [listener.py:36(callback)] [topics: /rosout, /video/click] --------------------
1648744864.315818071 INFO /listener [listener.py:36(callback)] [topics: /rosout, /video/click] --------------------
1648744866.319710016 INFO /listener [listener.py:36(callback)] [topics: /rosout, /video/click] --------------------
1648746080.055432081 ERROR /listener [topics.py:753(_SubscriberImpl._invoke_callback)] [topics: /rosout, /video/click] bad callback: <function callback at 0xffffbd4c0b50>
Traceback (most recent call last):
  File "/opt/ros/melodic/lib/python2.7/dist-packages/rospy/topics.py", line 750, in _invoke_callback
    cb(msg)
  File "/home/ubuntu/catkin_ws/src/beginner_tutorials/scripts/listener.py", line 33, in callback
    move_motor(y_axis, '-10000')
  File "/home/ubuntu/catkin_ws/src/beginner_tutorials/scripts/listener.py", line 26, in move_motor
    ticcmd('--enter-safe-start', '-d', x_axis, '--halt-and-hold')
  File "/home/ubuntu/catkin_ws/src/beginner_tutorials/scripts/listener.py", line 23, in ticcmd
    return subprocess.check_output(['ticcmd'] + list(args))
  File "/usr/lib/python2.7/subprocess.py", line 223, in check_output
    raise CalledProcessError(retcode, cmd, output=output)
CalledProcessError: Command '['ticcmd', '--enter-safe-start', '-d', '00339688', '--halt-and-hold']' returned non-zero exit status 2

1648746084.314863920 ERROR /listener [topics.py:753(_SubscriberImpl._invoke_callback)] [topics: /rosout, /video/click] bad callback: <function callback at 0xffffbd4c0b50>
Traceback (most recent call last):
  File "/opt/ros/melodic/lib/python2.7/dist-packages/rospy/topics.py", line 750, in _invoke_callback
    cb(msg)
  File "/home/ubuntu/catkin_ws/src/beginner_tutorials/scripts/listener.py", line 35, in callback
    move_motor(y_axis, '10000')
  File "/home/ubuntu/catkin_ws/src/beginner_tutorials/scripts/listener.py", line 26, in move_motor
    ticcmd('--enter-safe-start', '-d', x_axis, '--halt-and-hold')
  File "/home/ubuntu/catkin_ws/src/beginner_tutorials/scripts/listener.py", line 23, in ticcmd
    return subprocess.check_output(['ticcmd'] + list(args))
  File "/usr/lib/python2.7/subprocess.py", line 223, in check_output
    raise CalledProcessError(retcode, cmd, output=output)
CalledProcessError: Command '['ticcmd', '--enter-safe-start', '-d', '00339688', '--halt-and-hold']' returned non-zero exit status 2

1648746149.358740091 ERROR /listener [topics.py:753(_SubscriberImpl._invoke_callback)] [topics: /rosout, /video/click] bad callback: <function callback at 0xffffbd4c0b50>
Traceback (most recent call last):
  File "/opt/ros/melodic/lib/python2.7/dist-packages/rospy/topics.py", line 750, in _invoke_callback
    cb(msg)
  File "/home/ubuntu/catkin_ws/src/beginner_tutorials/scripts/listener.py", line 33, in callback
    move_motor(y_axis, '-10000')
  File "/home/ubuntu/catkin_ws/src/beginner_tutorials/scripts/listener.py", line 26, in move_motor
    ticcmd('--enter-safe-start', '-d', x_axis, '--halt-and-hold')
  File "/home/ubuntu/catkin_ws/src/beginner_tutorials/scripts/listener.py", line 23, in ticcmd
    return subprocess.check_output(['ticcmd'] + list(args))
  File "/usr/lib/python2.7/subprocess.py", line 223, in check_output
    raise CalledProcessError(retcode, cmd, output=output)
CalledProcessError: Command '['ticcmd', '--enter-safe-start', '-d', '00339688', '--halt-and-hold']' returned non-zero exit status 2

1648746150.514448881 ERROR /listener [topics.py:753(_SubscriberImpl._invoke_callback)] [topics: /rosout, /video/click] bad callback: <function callback at 0xffffbd4c0b50>
Traceback (most recent call last):
  File "/opt/ros/melodic/lib/python2.7/dist-packages/rospy/topics.py", line 750, in _invoke_callback
    cb(msg)
  File "/home/ubuntu/catkin_ws/src/beginner_tutorials/scripts/listener.py", line 33, in callback
    move_motor(y_axis, '-10000')
  File "/home/ubuntu/catkin_ws/src/beginner_tutorials/scripts/listener.py", line 26, in move_motor
    ticcmd('--enter-safe-start', '-d', x_axis, '--halt-and-hold')
  File "/home/ubuntu/catkin_ws/src/beginner_tutorials/scripts/listener.py", line 23, in ticcmd
    return subprocess.check_output(['ticcmd'] + list(args))
  File "/usr/lib/python2.7/subprocess.py", line 223, in check_output
    raise CalledProcessError(retcode, cmd, output=output)
CalledProcessError: Command '['ticcmd', '--enter-safe-start', '-d', '00339688', '--halt-and-hold']' returned non-zero exit status 2

1648746224.283974885 ERROR /listener [topics.py:753(_SubscriberImpl._invoke_callback)] [topics: /rosout, /video/click] bad callback: <function callback at 0xffffbd4c0b50>
Traceback (most recent call last):
  File "/opt/ros/melodic/lib/python2.7/dist-packages/rospy/topics.py", line 750, in _invoke_callback
    cb(msg)
  File "/home/ubuntu/catkin_ws/src/beginner_tutorials/scripts/listener.py", line 33, in callback
    move_motor(y_axis, '-10000')
  File "/home/ubuntu/catkin_ws/src/beginner_tutorials/scripts/listener.py", line 26, in move_motor
    ticcmd('--enter-safe-start', '-d', x_axis, '--halt-and-hold')
  File "/home/ubuntu/catkin_ws/src/beginner_tutorials/scripts/listener.py", line 23, in ticcmd
    return subprocess.check_output(['ticcmd'] + list(args))
  File "/usr/lib/python2.7/subprocess.py", line 223, in check_output
    raise CalledProcessError(retcode, cmd, output=output)
CalledProcessError: Command '['ticcmd', '--enter-safe-start', '-d', '00339688', '--halt-and-hold']' returned non-zero exit status 2

1648746226.849884033 ERROR /listener [topics.py:753(_SubscriberImpl._invoke_callback)] [topics: /rosout, /video/click] bad callback: <function callback at 0xffffbd4c0b50>
Traceback (most recent call last):
  File "/opt/ros/melodic/lib/python2.7/dist-packages/rospy/topics.py", line 750, in _invoke_callback
    cb(msg)
  File "/home/ubuntu/catkin_ws/src/beginner_tutorials/scripts/listener.py", line 33, in callback
    move_motor(y_axis, '-10000')
  File "/home/ubuntu/catkin_ws/src/beginner_tutorials/scripts/listener.py", line 26, in move_motor
    ticcmd('--enter-safe-start', '-d', x_axis, '--halt-and-hold')
  File "/home/ubuntu/catkin_ws/src/beginner_tutorials/scripts/listener.py", line 23, in ticcmd
    return subprocess.check_output(['ticcmd'] + list(args))
  File "/usr/lib/python2.7/subprocess.py", line 223, in check_output
    raise CalledProcessError(retcode, cmd, output=output)
CalledProcessError: Command '['ticcmd', '--enter-safe-start', '-d', '00339688', '--halt-and-hold']' returned non-zero exit status 2

1648746229.565880060 ERROR /listener [topics.py:753(_SubscriberImpl._invoke_callback)] [topics: /rosout, /video/click] bad callback: <function callback at 0xffffbd4c0b50>
Traceback (most recent call last):
  File "/opt/ros/melodic/lib/python2.7/dist-packages/rospy/topics.py", line 750, in _invoke_callback
    cb(msg)
  File "/home/ubuntu/catkin_ws/src/beginner_tutorials/scripts/listener.py", line 35, in callback
    move_motor(y_axis, '10000')
  File "/home/ubuntu/catkin_ws/src/beginner_tutorials/scripts/listener.py", line 26, in move_motor
    ticcmd('--enter-safe-start', '-d', x_axis, '--halt-and-hold')
  File "/home/ubuntu/catkin_ws/src/beginner_tutorials/scripts/listener.py", line 23, in ticcmd
    return subprocess.check_output(['ticcmd'] + list(args))
  File "/usr/lib/python2.7/subprocess.py", line 223, in check_output
    raise CalledProcessError(retcode, cmd, output=output)
CalledProcessError: Command '['ticcmd', '--enter-safe-start', '-d', '00339688', '--halt-and-hold']' returned non-zero exit status 2

1648746230.463031053 ERROR /listener [topics.py:753(_SubscriberImpl._invoke_callback)] [topics: /rosout, /video/click] bad callback: <function callback at 0xffffbd4c0b50>
Traceback (most recent call last):
  File "/opt/ros/melodic/lib/python2.7/dist-packages/rospy/topics.py", line 750, in _invoke_callback
    cb(msg)
  File "/home/ubuntu/catkin_ws/src/beginner_tutorials/scripts/listener.py", line 35, in callback
    move_motor(y_axis, '10000')
  File "/home/ubuntu/catkin_ws/src/beginner_tutorials/scripts/listener.py", line 26, in move_motor
    ticcmd('--enter-safe-start', '-d', x_axis, '--halt-and-hold')
  File "/home/ubuntu/catkin_ws/src/beginner_tutorials/scripts/listener.py", line 23, in ticcmd
    return subprocess.check_output(['ticcmd'] + list(args))
  File "/usr/lib/python2.7/subprocess.py", line 223, in check_output
    raise CalledProcessError(retcode, cmd, output=output)
CalledProcessError: Command '['ticcmd', '--enter-safe-start', '-d', '00339688', '--halt-and-hold']' returned non-zero exit status 2

1648746244.268841028 ERROR /listener [topics.py:753(_SubscriberImpl._invoke_callback)] [topics: /rosout, /video/click] bad callback: <function callback at 0xffffbd4c0b50>
Traceback (most recent call last):
  File "/opt/ros/melodic/lib/python2.7/dist-packages/rospy/topics.py", line 750, in _invoke_callback
    cb(msg)
  File "/home/ubuntu/catkin_ws/src/beginner_tutorials/scripts/listener.py", line 35, in callback
    move_motor(y_axis, '10000')
  File "/home/ubuntu/catkin_ws/src/beginner_tutorials/scripts/listener.py", line 26, in move_motor
    ticcmd('--enter-safe-start', '-d', x_axis, '--halt-and-hold')
  File "/home/ubuntu/catkin_ws/src/beginner_tutorials/scripts/listener.py", line 23, in ticcmd
    return subprocess.check_output(['ticcmd'] + list(args))
  File "/usr/lib/python2.7/subprocess.py", line 223, in check_output
    raise CalledProcessError(retcode, cmd, output=output)
CalledProcessError: Command '['ticcmd', '--enter-safe-start', '-d', '00339688', '--halt-and-hold']' returned non-zero exit status 2

1648746246.604625940 ERROR /listener [topics.py:753(_SubscriberImpl._invoke_callback)] [topics: /rosout, /video/click] bad callback: <function callback at 0xffffbd4c0b50>
Traceback (most recent call last):
  File "/opt/ros/melodic/lib/python2.7/dist-packages/rospy/topics.py", line 750, in _invoke_callback
    cb(msg)
  File "/home/ubuntu/catkin_ws/src/beginner_tutorials/scripts/listener.py", line 35, in callback
    move_motor(y_axis, '10000')
  File "/home/ubuntu/catkin_ws/src/beginner_tutorials/scripts/listener.py", line 26, in move_motor
    ticcmd('--enter-safe-start', '-d', x_axis, '--halt-and-hold')
  File "/home/ubuntu/catkin_ws/src/beginner_tutorials/scripts/listener.py", line 23, in ticcmd
    return subprocess.check_output(['ticcmd'] + list(args))
  File "/usr/lib/python2.7/subprocess.py", line 223, in check_output
    raise CalledProcessError(retcode, cmd, output=output)
CalledProcessError: Command '['ticcmd', '--enter-safe-start', '-d', '00339688', '--halt-and-hold']' returned non-zero exit status 2

1648746248.062846899 ERROR /listener [topics.py:753(_SubscriberImpl._invoke_callback)] [topics: /rosout, /video/click] bad callback: <function callback at 0xffffbd4c0b50>
Traceback (most recent call last):
  File "/opt/ros/melodic/lib/python2.7/dist-packages/rospy/topics.py", line 750, in _invoke_callback
    cb(msg)
  File "/home/ubuntu/catkin_ws/src/beginner_tutorials/scripts/listener.py", line 35, in callback
    move_motor(y_axis, '10000')
  File "/home/ubuntu/catkin_ws/src/beginner_tutorials/scripts/listener.py", line 26, in move_motor
    ticcmd('--enter-safe-start', '-d', x_axis, '--halt-and-hold')
  File "/home/ubuntu/catkin_ws/src/beginner_tutorials/scripts/listener.py", line 23, in ticcmd
    return subprocess.check_output(['ticcmd'] + list(args))
  File "/usr/lib/python2.7/subprocess.py", line 223, in check_output
    raise CalledProcessError(retcode, cmd, output=output)
CalledProcessError: Command '['ticcmd', '--enter-safe-start', '-d', '00339688', '--halt-and-hold']' returned non-zero exit status 2

1648755552.889561891 ERROR /listener [topics.py:753(_SubscriberImpl._invoke_callback)] [topics: /rosout, /video/click] bad callback: <function callback at 0xffff87b3fb50>
Traceback (most recent call last):
  File "/opt/ros/melodic/lib/python2.7/dist-packages/rospy/topics.py", line 750, in _invoke_callback
    cb(msg)
  File "/home/ubuntu/catkin_ws/src/beginner_tutorials/scripts/listener.py", line 33, in callback
    move_motor(y_axis, '-10000')
  File "/home/ubuntu/catkin_ws/src/beginner_tutorials/scripts/listener.py", line 26, in move_motor
    ticcmd('--enter-safe-start', '-d', x_axis, '--halt-and-hold')
  File "/home/ubuntu/catkin_ws/src/beginner_tutorials/scripts/listener.py", line 23, in ticcmd
    return subprocess.check_output(['ticcmd'] + list(args))
  File "/usr/lib/python2.7/subprocess.py", line 223, in check_output
    raise CalledProcessError(retcode, cmd, output=output)
CalledProcessError: Command '['ticcmd', '--enter-safe-start', '-d', '00339688', '--halt-and-hold']' returned non-zero exit status 2

1648755553.953871965 ERROR /listener [topics.py:753(_SubscriberImpl._invoke_callback)] [topics: /rosout, /video/click] bad callback: <function callback at 0xffff87b3fb50>
Traceback (most recent call last):
  File "/opt/ros/melodic/lib/python2.7/dist-packages/rospy/topics.py", line 750, in _invoke_callback
    cb(msg)
  File "/home/ubuntu/catkin_ws/src/beginner_tutorials/scripts/listener.py", line 35, in callback
    move_motor(y_axis, '10000')
  File "/home/ubuntu/catkin_ws/src/beginner_tutorials/scripts/listener.py", line 26, in move_motor
    ticcmd('--enter-safe-start', '-d', x_axis, '--halt-and-hold')
  File "/home/ubuntu/catkin_ws/src/beginner_tutorials/scripts/listener.py", line 23, in ticcmd
    return subprocess.check_output(['ticcmd'] + list(args))
  File "/usr/lib/python2.7/subprocess.py", line 223, in check_output
    raise CalledProcessError(retcode, cmd, output=output)
CalledProcessError: Command '['ticcmd', '--enter-safe-start', '-d', '00339688', '--halt-and-hold']' returned non-zero exit status 2

1648755555.926187992 ERROR /listener [topics.py:753(_SubscriberImpl._invoke_callback)] [topics: /rosout, /video/click] bad callback: <function callback at 0xffff87b3fb50>
Traceback (most recent call last):
  File "/opt/ros/melodic/lib/python2.7/dist-packages/rospy/topics.py", line 750, in _invoke_callback
    cb(msg)
  File "/home/ubuntu/catkin_ws/src/beginner_tutorials/scripts/listener.py", line 35, in callback
    move_motor(y_axis, '10000')
  File "/home/ubuntu/catkin_ws/src/beginner_tutorials/scripts/listener.py", line 26, in move_motor
    ticcmd('--enter-safe-start', '-d', x_axis, '--halt-and-hold')
  File "/home/ubuntu/catkin_ws/src/beginner_tutorials/scripts/listener.py", line 23, in ticcmd
    return subprocess.check_output(['ticcmd'] + list(args))
  File "/usr/lib/python2.7/subprocess.py", line 223, in check_output
    raise CalledProcessError(retcode, cmd, output=output)
CalledProcessError: Command '['ticcmd', '--enter-safe-start', '-d', '00339688', '--halt-and-hold']' returned non-zero exit status 2

1648755558.084881067 ERROR /listener [topics.py:753(_SubscriberImpl._invoke_callback)] [topics: /rosout, /video/click] bad callback: <function callback at 0xffff87b3fb50>
Traceback (most recent call last):
  File "/opt/ros/melodic/lib/python2.7/dist-packages/rospy/topics.py", line 750, in _invoke_callback
    cb(msg)
  File "/home/ubuntu/catkin_ws/src/beginner_tutorials/scripts/listener.py", line 35, in callback
    move_motor(y_axis, '10000')
  File "/home/ubuntu/catkin_ws/src/beginner_tutorials/scripts/listener.py", line 26, in move_motor
    ticcmd('--enter-safe-start', '-d', x_axis, '--halt-and-hold')
  File "/home/ubuntu/catkin_ws/src/beginner_tutorials/scripts/listener.py", line 23, in ticcmd
    return subprocess.check_output(['ticcmd'] + list(args))
  File "/usr/lib/python2.7/subprocess.py", line 223, in check_output
    raise CalledProcessError(retcode, cmd, output=output)
CalledProcessError: Command '['ticcmd', '--enter-safe-start', '-d', '00339688', '--halt-and-hold']' returned non-zero exit status 2

1648755560.849145889 ERROR /listener [topics.py:753(_SubscriberImpl._invoke_callback)] [topics: /rosout, /video/click] bad callback: <function callback at 0xffff87b3fb50>
Traceback (most recent call last):
  File "/opt/ros/melodic/lib/python2.7/dist-packages/rospy/topics.py", line 750, in _invoke_callback
    cb(msg)
  File "/home/ubuntu/catkin_ws/src/beginner_tutorials/scripts/listener.py", line 35, in callback
    move_motor(y_axis, '10000')
  File "/home/ubuntu/catkin_ws/src/beginner_tutorials/scripts/listener.py", line 26, in move_motor
    ticcmd('--enter-safe-start', '-d', x_axis, '--halt-and-hold')
  File "/home/ubuntu/catkin_ws/src/beginner_tutorials/scripts/listener.py", line 23, in ticcmd
    return subprocess.check_output(['ticcmd'] + list(args))
  File "/usr/lib/python2.7/subprocess.py", line 223, in check_output
    raise CalledProcessError(retcode, cmd, output=output)
CalledProcessError: Command '['ticcmd', '--enter-safe-start', '-d', '00339688', '--halt-and-hold']' returned non-zero exit status 2

1648755564.559056997 ERROR /listener [topics.py:753(_SubscriberImpl._invoke_callback)] [topics: /rosout, /video/click] bad callback: <function callback at 0xffff87b3fb50>
Traceback (most recent call last):
  File "/opt/ros/melodic/lib/python2.7/dist-packages/rospy/topics.py", line 750, in _invoke_callback
    cb(msg)
  File "/home/ubuntu/catkin_ws/src/beginner_tutorials/scripts/listener.py", line 33, in callback
    move_motor(y_axis, '-10000')
  File "/home/ubuntu/catkin_ws/src/beginner_tutorials/scripts/listener.py", line 26, in move_motor
    ticcmd('--enter-safe-start', '-d', x_axis, '--halt-and-hold')
  File "/home/ubuntu/catkin_ws/src/beginner_tutorials/scripts/listener.py", line 23, in ticcmd
    return subprocess.check_output(['ticcmd'] + list(args))
  File "/usr/lib/python2.7/subprocess.py", line 223, in check_output
    raise CalledProcessError(retcode, cmd, output=output)
CalledProcessError: Command '['ticcmd', '--enter-safe-start', '-d', '00339688', '--halt-and-hold']' returned non-zero exit status 2

1648755564.985881090 ERROR /listener [topics.py:753(_SubscriberImpl._invoke_callback)] [topics: /rosout, /video/click] bad callback: <function callback at 0xffff87b3fb50>
Traceback (most recent call last):
  File "/opt/ros/melodic/lib/python2.7/dist-packages/rospy/topics.py", line 750, in _invoke_callback
    cb(msg)
  File "/home/ubuntu/catkin_ws/src/beginner_tutorials/scripts/listener.py", line 33, in callback
    move_motor(y_axis, '-10000')
  File "/home/ubuntu/catkin_ws/src/beginner_tutorials/scripts/listener.py", line 26, in move_motor
    ticcmd('--enter-safe-start', '-d', x_axis, '--halt-and-hold')
  File "/home/ubuntu/catkin_ws/src/beginner_tutorials/scripts/listener.py", line 23, in ticcmd
    return subprocess.check_output(['ticcmd'] + list(args))
  File "/usr/lib/python2.7/subprocess.py", line 223, in check_output
    raise CalledProcessError(retcode, cmd, output=output)
CalledProcessError: Command '['ticcmd', '--enter-safe-start', '-d', '00339688', '--halt-and-hold']' returned non-zero exit status 2

1648755611.484261035 WARN /link_ros [tcpros_base.py:355(TCPROSServer._tcp_server_callback)] [topics: /tf_static, /rosout_agg, /image_raw, /rosout, /cmd_vel, /tf, /video/click] Inbound TCP/IP connection failed: connection from sender terminated before handshake header received. 0 bytes were received. Please check sender for additional details.
1648755689.060348987 ERROR /listener [topics.py:753(_SubscriberImpl._invoke_callback)] [topics: /rosout, /video/click] bad callback: <function callback at 0xffffb39d8b50>
Traceback (most recent call last):
  File "/opt/ros/melodic/lib/python2.7/dist-packages/rospy/topics.py", line 750, in _invoke_callback
    cb(msg)
  File "/home/ubuntu/catkin_ws/src/beginner_tutorials/scripts/listener.py", line 35, in callback
    move_motor(y_axis, '10000')
  File "/home/ubuntu/catkin_ws/src/beginner_tutorials/scripts/listener.py", line 26, in move_motor
    ticcmd('--enter-safe-start', '-d', x_axis, '--halt-and-hold')
  File "/home/ubuntu/catkin_ws/src/beginner_tutorials/scripts/listener.py", line 23, in ticcmd
    return subprocess.check_output(['ticcmd'] + list(args))
  File "/usr/lib/python2.7/subprocess.py", line 223, in check_output
    raise CalledProcessError(retcode, cmd, output=output)
CalledProcessError: Command '['ticcmd', '--enter-safe-start', '-d', '00339688', '--halt-and-hold']' returned non-zero exit status 2

1648755741.135710000 WARN /link_ros [tcpros_base.py:355(TCPROSServer._tcp_server_callback)] [topics: /tf_static, /rosout_agg, /image_raw, /rosout, /cmd_vel, /tf, /video/click] Inbound TCP/IP connection failed: connection from sender terminated before handshake header received. 0 bytes were received. Please check sender for additional details.
1648755789.191492080 ERROR /listener [topics.py:753(_SubscriberImpl._invoke_callback)] [topics: /rosout, /video/click] bad callback: <function callback at 0xffff85118b50>
Traceback (most recent call last):
  File "/opt/ros/melodic/lib/python2.7/dist-packages/rospy/topics.py", line 750, in _invoke_callback
    cb(msg)
  File "/home/ubuntu/catkin_ws/src/beginner_tutorials/scripts/listener.py", line 35, in callback
    move_motor(y_axis, '10000')
  File "/home/ubuntu/catkin_ws/src/beginner_tutorials/scripts/listener.py", line 26, in move_motor
    ticcmd('--enter-safe-start', '-d', x_axis, '--halt-and-hold')
  File "/home/ubuntu/catkin_ws/src/beginner_tutorials/scripts/listener.py", line 23, in ticcmd
    return subprocess.check_output(['ticcmd'] + list(args))
  File "/usr/lib/python2.7/subprocess.py", line 223, in check_output
    raise CalledProcessError(retcode, cmd, output=output)
CalledProcessError: Command '['ticcmd', '--enter-safe-start', '-d', '00339688', '--halt-and-hold']' returned non-zero exit status 2

1648755851.997013092 ERROR /listener [topics.py:753(_SubscriberImpl._invoke_callback)] [topics: /rosout, /video/click] bad callback: <function callback at 0xffff85118b50>
Traceback (most recent call last):
  File "/opt/ros/melodic/lib/python2.7/dist-packages/rospy/topics.py", line 750, in _invoke_callback
    cb(msg)
  File "/home/ubuntu/catkin_ws/src/beginner_tutorials/scripts/listener.py", line 35, in callback
    move_motor(y_axis, '10000')
  File "/home/ubuntu/catkin_ws/src/beginner_tutorials/scripts/listener.py", line 26, in move_motor
    ticcmd('--enter-safe-start', '-d', x_axis, '--halt-and-hold')
  File "/home/ubuntu/catkin_ws/src/beginner_tutorials/scripts/listener.py", line 23, in ticcmd
    return subprocess.check_output(['ticcmd'] + list(args))
  File "/usr/lib/python2.7/subprocess.py", line 223, in check_output
    raise CalledProcessError(retcode, cmd, output=output)
CalledProcessError: Command '['ticcmd', '--enter-safe-start', '-d', '00339688', '--halt-and-hold']' returned non-zero exit status 2

1648755855.239192962 ERROR /listener [topics.py:753(_SubscriberImpl._invoke_callback)] [topics: /rosout, /video/click] bad callback: <function callback at 0xffff85118b50>
Traceback (most recent call last):
  File "/opt/ros/melodic/lib/python2.7/dist-packages/rospy/topics.py", line 750, in _invoke_callback
    cb(msg)
  File "/home/ubuntu/catkin_ws/src/beginner_tutorials/scripts/listener.py", line 33, in callback
    move_motor(y_axis, '-10000')
  File "/home/ubuntu/catkin_ws/src/beginner_tutorials/scripts/listener.py", line 26, in move_motor
    ticcmd('--enter-safe-start', '-d', x_axis, '--halt-and-hold')
  File "/home/ubuntu/catkin_ws/src/beginner_tutorials/scripts/listener.py", line 23, in ticcmd
    return subprocess.check_output(['ticcmd'] + list(args))
  File "/usr/lib/python2.7/subprocess.py", line 223, in check_output
    raise CalledProcessError(retcode, cmd, output=output)
CalledProcessError: Command '['ticcmd', '--enter-safe-start', '-d', '00339688', '--halt-and-hold']' returned non-zero exit status 2

1648755856.546838998 ERROR /listener [topics.py:753(_SubscriberImpl._invoke_callback)] [topics: /rosout, /video/click] bad callback: <function callback at 0xffff85118b50>
Traceback (most recent call last):
  File "/opt/ros/melodic/lib/python2.7/dist-packages/rospy/topics.py", line 750, in _invoke_callback
    cb(msg)
  File "/home/ubuntu/catkin_ws/src/beginner_tutorials/scripts/listener.py", line 33, in callback
    move_motor(y_axis, '-10000')
  File "/home/ubuntu/catkin_ws/src/beginner_tutorials/scripts/listener.py", line 26, in move_motor
    ticcmd('--enter-safe-start', '-d', x_axis, '--halt-and-hold')
  File "/home/ubuntu/catkin_ws/src/beginner_tutorials/scripts/listener.py", line 23, in ticcmd
    return subprocess.check_output(['ticcmd'] + list(args))
  File "/usr/lib/python2.7/subprocess.py", line 223, in check_output
    raise CalledProcessError(retcode, cmd, output=output)
CalledProcessError: Command '['ticcmd', '--enter-safe-start', '-d', '00339688', '--halt-and-hold']' returned non-zero exit status 2

1648755858.470825910 ERROR /listener [topics.py:753(_SubscriberImpl._invoke_callback)] [topics: /rosout, /video/click] bad callback: <function callback at 0xffff85118b50>
Traceback (most recent call last):
  File "/opt/ros/melodic/lib/python2.7/dist-packages/rospy/topics.py", line 750, in _invoke_callback
    cb(msg)
  File "/home/ubuntu/catkin_ws/src/beginner_tutorials/scripts/listener.py", line 35, in callback
    move_motor(y_axis, '10000')
  File "/home/ubuntu/catkin_ws/src/beginner_tutorials/scripts/listener.py", line 26, in move_motor
    ticcmd('--enter-safe-start', '-d', x_axis, '--halt-and-hold')
  File "/home/ubuntu/catkin_ws/src/beginner_tutorials/scripts/listener.py", line 23, in ticcmd
    return subprocess.check_output(['ticcmd'] + list(args))
  File "/usr/lib/python2.7/subprocess.py", line 223, in check_output
    raise CalledProcessError(retcode, cmd, output=output)
CalledProcessError: Command '['ticcmd', '--enter-safe-start', '-d', '00339688', '--halt-and-hold']' returned non-zero exit status 2

1648755860.033159971 ERROR /listener [topics.py:753(_SubscriberImpl._invoke_callback)] [topics: /rosout, /video/click] bad callback: <function callback at 0xffff85118b50>
Traceback (most recent call last):
  File "/opt/ros/melodic/lib/python2.7/dist-packages/rospy/topics.py", line 750, in _invoke_callback
    cb(msg)
  File "/home/ubuntu/catkin_ws/src/beginner_tutorials/scripts/listener.py", line 35, in callback
    move_motor(y_axis, '10000')
  File "/home/ubuntu/catkin_ws/src/beginner_tutorials/scripts/listener.py", line 26, in move_motor
    ticcmd('--enter-safe-start', '-d', x_axis, '--halt-and-hold')
  File "/home/ubuntu/catkin_ws/src/beginner_tutorials/scripts/listener.py", line 23, in ticcmd
    return subprocess.check_output(['ticcmd'] + list(args))
  File "/usr/lib/python2.7/subprocess.py", line 223, in check_output
    raise CalledProcessError(retcode, cmd, output=output)
CalledProcessError: Command '['ticcmd', '--enter-safe-start', '-d', '00339688', '--halt-and-hold']' returned non-zero exit status 2

1648755869.209466934 WARN /link_ros [tcpros_base.py:355(TCPROSServer._tcp_server_callback)] [topics: /tf_static, /rosout_agg, /image_raw, /rosout, /cmd_vel, /tf, /video/click] Inbound TCP/IP connection failed: connection from sender terminated before handshake header received. 0 bytes were received. Please check sender for additional details.
1648755911.155797004 ERROR /listener [topics.py:753(_SubscriberImpl._invoke_callback)] [topics: /rosout, /video/click] bad callback: <function callback at 0xffff8d027b50>
Traceback (most recent call last):
  File "/opt/ros/melodic/lib/python2.7/dist-packages/rospy/topics.py", line 750, in _invoke_callback
    cb(msg)
  File "/home/ubuntu/catkin_ws/src/beginner_tutorials/scripts/listener.py", line 33, in callback
    move_motor(y_axis, '-10000')
  File "/home/ubuntu/catkin_ws/src/beginner_tutorials/scripts/listener.py", line 26, in move_motor
    ticcmd('--enter-safe-start', '-d', x_axis, '--halt-and-hold')
  File "/home/ubuntu/catkin_ws/src/beginner_tutorials/scripts/listener.py", line 23, in ticcmd
    return subprocess.check_output(['ticcmd'] + list(args))
  File "/usr/lib/python2.7/subprocess.py", line 223, in check_output
    raise CalledProcessError(retcode, cmd, output=output)
CalledProcessError: Command '['ticcmd', '--enter-safe-start', '-d', '00339688', '--halt-and-hold']' returned non-zero exit status 2

1648755913.965634107 ERROR /listener [topics.py:753(_SubscriberImpl._invoke_callback)] [topics: /rosout, /video/click] bad callback: <function callback at 0xffff8d027b50>
Traceback (most recent call last):
  File "/opt/ros/melodic/lib/python2.7/dist-packages/rospy/topics.py", line 750, in _invoke_callback
    cb(msg)
  File "/home/ubuntu/catkin_ws/src/beginner_tutorials/scripts/listener.py", line 33, in callback
    move_motor(y_axis, '-10000')
  File "/home/ubuntu/catkin_ws/src/beginner_tutorials/scripts/listener.py", line 26, in move_motor
    ticcmd('--enter-safe-start', '-d', x_axis, '--halt-and-hold')
  File "/home/ubuntu/catkin_ws/src/beginner_tutorials/scripts/listener.py", line 23, in ticcmd
    return subprocess.check_output(['ticcmd'] + list(args))
  File "/usr/lib/python2.7/subprocess.py", line 223, in check_output
    raise CalledProcessError(retcode, cmd, output=output)
CalledProcessError: Command '['ticcmd', '--enter-safe-start', '-d', '00339688', '--halt-and-hold']' returned non-zero exit status 2

1648755959.148588895 WARN /link_ros [tcpros_base.py:355(TCPROSServer._tcp_server_callback)] [topics: /tf_static, /rosout_agg, /image_raw, /rosout, /cmd_vel, /tf, /video/click] Inbound TCP/IP connection failed: connection from sender terminated before handshake header received. 0 bytes were received. Please check sender for additional details.
1648756302.609477996 ERROR /listener [topics.py:753(_SubscriberImpl._invoke_callback)] [topics: /rosout, /video/click] bad callback: <function callback at 0xffffb6baeb50>
Traceback (most recent call last):
  File "/opt/ros/melodic/lib/python2.7/dist-packages/rospy/topics.py", line 750, in _invoke_callback
    cb(msg)
  File "/home/ubuntu/catkin_ws/src/beginner_tutorials/scripts/listener.py", line 33, in callback
    move_motor(y_axis, '-10000')
  File "/home/ubuntu/catkin_ws/src/beginner_tutorials/scripts/listener.py", line 26, in move_motor
    ticcmd('--enter-safe-start', '-d', x_axis, '--halt-and-hold')
  File "/home/ubuntu/catkin_ws/src/beginner_tutorials/scripts/listener.py", line 23, in ticcmd
    return subprocess.check_output(['ticcmd'] + list(args))
  File "/usr/lib/python2.7/subprocess.py", line 223, in check_output
    raise CalledProcessError(retcode, cmd, output=output)
CalledProcessError: Command '['ticcmd', '--enter-safe-start', '-d', '00339688', '--halt-and-hold']' returned non-zero exit status 2

1648756326.283516883 ERROR /listener [topics.py:753(_SubscriberImpl._invoke_callback)] [topics: /rosout, /video/click] bad callback: <function callback at 0xffffa6b4cb50>
Traceback (most recent call last):
  File "/opt/ros/melodic/lib/python2.7/dist-packages/rospy/topics.py", line 750, in _invoke_callback
    cb(msg)
  File "/home/ubuntu/catkin_ws/src/beginner_tutorials/scripts/listener.py", line 33, in callback
    move_motor(y_axis, '-10000')
  File "/home/ubuntu/catkin_ws/src/beginner_tutorials/scripts/listener.py", line 26, in move_motor
    ticcmd('--enter-safe-start', '-d', x_axis, '--halt-and-hold')
  File "/home/ubuntu/catkin_ws/src/beginner_tutorials/scripts/listener.py", line 23, in ticcmd
    return subprocess.check_output(['ticcmd'] + list(args))
  File "/usr/lib/python2.7/subprocess.py", line 223, in check_output
    raise CalledProcessError(retcode, cmd, output=output)
CalledProcessError: Command '['ticcmd', '--enter-safe-start', '-d', '00339688', '--halt-and-hold']' returned non-zero exit status 2

1648756328.455322027 ERROR /listener [topics.py:753(_SubscriberImpl._invoke_callback)] [topics: /rosout, /video/click] bad callback: <function callback at 0xffffa6b4cb50>
Traceback (most recent call last):
  File "/opt/ros/melodic/lib/python2.7/dist-packages/rospy/topics.py", line 750, in _invoke_callback
    cb(msg)
  File "/home/ubuntu/catkin_ws/src/beginner_tutorials/scripts/listener.py", line 35, in callback
    move_motor(y_axis, '10000')
  File "/home/ubuntu/catkin_ws/src/beginner_tutorials/scripts/listener.py", line 26, in move_motor
    ticcmd('--enter-safe-start', '-d', x_axis, '--halt-and-hold')
  File "/home/ubuntu/catkin_ws/src/beginner_tutorials/scripts/listener.py", line 23, in ticcmd
    return subprocess.check_output(['ticcmd'] + list(args))
  File "/usr/lib/python2.7/subprocess.py", line 223, in check_output
    raise CalledProcessError(retcode, cmd, output=output)
CalledProcessError: Command '['ticcmd', '--enter-safe-start', '-d', '00339688', '--halt-and-hold']' returned non-zero exit status 2

