[rospy.client][INFO] 2022-03-31 16:17:39,427: init_node, name[/webcam], pid[9236]
[xmlrpc][INFO] 2022-03-31 16:17:39,428: XML-RPC server binding to 0.0.0.0:0
[xmlrpc][INFO] 2022-03-31 16:17:39,429: Started XML-RPC server [http://ubuntu:46687/]
[rospy.init][INFO] 2022-03-31 16:17:39,429: ROS Slave URI: [http://ubuntu:46687/]
[rospy.impl.masterslave][INFO] 2022-03-31 16:17:39,430: _ready: http://ubuntu:46687/
[rospy.registration][INFO] 2022-03-31 16:17:39,432: Registering with master node http://localhost:11311
[xmlrpc][INFO] 2022-03-31 16:17:39,433: xml rpc node: starting XML-RPC server
[rospy.registration][INFO] 2022-03-31 16:17:39,433: Registering publisher topic [/image_raw] type [sensor_msgs/Image] with master
[rospy.init][INFO] 2022-03-31 16:17:39,531: registered with master
[rospy.rosout][INFO] 2022-03-31 16:17:39,531: initializing /rosout core topic
[rospy.rosout][INFO] 2022-03-31 16:17:39,537: connected to core topic /rosout
[rospy.simtime][INFO] 2022-03-31 16:17:39,541: /use_sim_time is not set, will not subscribe to simulated time [/clock] topic
[rospy.internal][INFO] 2022-03-31 16:17:39,768: topic[/rosout] adding connection to [/rosout], count 0
[rospy.internal][INFO] 2022-03-31 16:17:40,514: topic[/image_raw] adding connection to [/link_ros], count 0
[rospy.core][INFO] 2022-03-31 16:17:43,628: signal_shutdown [signal-2]
[rospy.internal][INFO] 2022-03-31 16:17:43,634: topic[/rosout] removing connection to /rosout
[rospy.internal][INFO] 2022-03-31 16:17:43,634: topic[/image_raw] removing connection to /link_ros
[rospy.impl.masterslave][INFO] 2022-03-31 16:17:43,635: signal-2
[rospy.core][INFO] 2022-03-31 16:17:43,775: signal_shutdown [atexit]
[rospy.client][INFO] 2022-03-31 16:19:02,402: init_node, name[/webcam], pid[10475]
[xmlrpc][INFO] 2022-03-31 16:19:02,404: XML-RPC server binding to 0.0.0.0:0
[xmlrpc][INFO] 2022-03-31 16:19:02,405: Started XML-RPC server [http://ubuntu:43539/]
[rospy.init][INFO] 2022-03-31 16:19:02,405: ROS Slave URI: [http://ubuntu:43539/]
[rospy.impl.masterslave][INFO] 2022-03-31 16:19:02,406: _ready: http://ubuntu:43539/
[xmlrpc][INFO] 2022-03-31 16:19:02,407: xml rpc node: starting XML-RPC server
[rospy.registration][INFO] 2022-03-31 16:19:02,408: Registering with master node http://localhost:11311
[rospy.registration][INFO] 2022-03-31 16:19:02,409: Registering publisher topic [/image_raw] type [sensor_msgs/Image] with master
[rospy.internal][INFO] 2022-03-31 16:19:02,476: topic[/image_raw] adding connection to [/link_ros], count 0
[rospy.init][INFO] 2022-03-31 16:19:02,506: registered with master
[rospy.rosout][INFO] 2022-03-31 16:19:02,507: initializing /rosout core topic
[rospy.rosout][INFO] 2022-03-31 16:19:02,510: connected to core topic /rosout
[rospy.simtime][INFO] 2022-03-31 16:19:02,513: /use_sim_time is not set, will not subscribe to simulated time [/clock] topic
[rospy.internal][INFO] 2022-03-31 16:19:02,772: topic[/rosout] adding connection to [/rosout], count 0
[rospy.core][INFO] 2022-03-31 16:19:08,626: signal_shutdown [signal-2]
[rospy.internal][INFO] 2022-03-31 16:19:08,636: topic[/rosout] removing connection to /rosout
[rospy.internal][INFO] 2022-03-31 16:19:08,637: topic[/image_raw] removing connection to /link_ros
[rospy.impl.masterslave][INFO] 2022-03-31 16:19:08,637: signal-2
[rospy.core][INFO] 2022-03-31 16:19:09,259: signal_shutdown [atexit]
[rospy.client][INFO] 2022-03-31 16:21:45,057: init_node, name[/webcam], pid[12672]
[xmlrpc][INFO] 2022-03-31 16:21:45,058: XML-RPC server binding to 0.0.0.0:0
[xmlrpc][INFO] 2022-03-31 16:21:45,059: Started XML-RPC server [http://ubuntu:37761/]
[rospy.init][INFO] 2022-03-31 16:21:45,059: ROS Slave URI: [http://ubuntu:37761/]
[rospy.impl.masterslave][INFO] 2022-03-31 16:21:45,060: _ready: http://ubuntu:37761/
[rospy.registration][INFO] 2022-03-31 16:21:45,062: Registering with master node http://localhost:11311
[xmlrpc][INFO] 2022-03-31 16:21:45,062: xml rpc node: starting XML-RPC server
[rospy.registration][INFO] 2022-03-31 16:21:45,063: Registering publisher topic [/image_raw] type [sensor_msgs/Image] with master
[rospy.init][INFO] 2022-03-31 16:21:45,160: registered with master
[rospy.rosout][INFO] 2022-03-31 16:21:45,161: initializing /rosout core topic
[rospy.rosout][INFO] 2022-03-31 16:21:45,164: connected to core topic /rosout
[rospy.simtime][INFO] 2022-03-31 16:21:45,167: /use_sim_time is not set, will not subscribe to simulated time [/clock] topic
[rospy.internal][INFO] 2022-03-31 16:21:45,193: topic[/image_raw] adding connection to [/link_ros], count 0
[rospy.internal][INFO] 2022-03-31 16:21:45,464: topic[/rosout] adding connection to [/rosout], count 0
[rospy.core][INFO] 2022-03-31 16:44:58,029: signal_shutdown [atexit]
[rospy.internal][INFO] 2022-03-31 16:44:58,039: topic[/rosout] removing connection to /rosout
[rospy.internal][INFO] 2022-03-31 16:44:58,040: topic[/image_raw] removing connection to /link_ros
[rospy.impl.masterslave][INFO] 2022-03-31 16:44:58,041: atexit
[rospy.client][INFO] 2022-03-31 16:45:00,009: init_node, name[/webcam], pid[25172]
[xmlrpc][INFO] 2022-03-31 16:45:00,010: XML-RPC server binding to 0.0.0.0:0
[rospy.init][INFO] 2022-03-31 16:45:00,011: ROS Slave URI: [http://ubuntu:43529/]
[xmlrpc][INFO] 2022-03-31 16:45:00,012: Started XML-RPC server [http://ubuntu:43529/]
[rospy.impl.masterslave][INFO] 2022-03-31 16:45:00,012: _ready: http://ubuntu:43529/
[rospy.registration][INFO] 2022-03-31 16:45:00,014: Registering with master node http://localhost:11311
[xmlrpc][INFO] 2022-03-31 16:45:00,014: xml rpc node: starting XML-RPC server
[rospy.registration][INFO] 2022-03-31 16:45:00,015: Registering publisher topic [/image_raw] type [sensor_msgs/Image] with master
[rospy.init][INFO] 2022-03-31 16:45:00,113: registered with master
[rospy.rosout][INFO] 2022-03-31 16:45:00,113: initializing /rosout core topic
[rospy.rosout][INFO] 2022-03-31 16:45:00,119: connected to core topic /rosout
[rospy.simtime][INFO] 2022-03-31 16:45:00,124: /use_sim_time is not set, will not subscribe to simulated time [/clock] topic
[rospy.core][INFO] 2022-03-31 16:45:00,135: signal_shutdown [atexit]
[rospy.impl.masterslave][INFO] 2022-03-31 16:45:00,146: atexit
[rospy.client][INFO] 2022-03-31 16:45:02,543: init_node, name[/webcam], pid[25209]
[xmlrpc][INFO] 2022-03-31 16:45:02,544: XML-RPC server binding to 0.0.0.0:0
[xmlrpc][INFO] 2022-03-31 16:45:02,545: Started XML-RPC server [http://ubuntu:41619/]
[rospy.init][INFO] 2022-03-31 16:45:02,546: ROS Slave URI: [http://ubuntu:41619/]
[rospy.impl.masterslave][INFO] 2022-03-31 16:45:02,546: _ready: http://ubuntu:41619/
[rospy.registration][INFO] 2022-03-31 16:45:02,548: Registering with master node http://localhost:11311
[xmlrpc][INFO] 2022-03-31 16:45:02,548: xml rpc node: starting XML-RPC server
[rospy.registration][INFO] 2022-03-31 16:45:02,549: Registering publisher topic [/image_raw] type [sensor_msgs/Image] with master
[rospy.init][INFO] 2022-03-31 16:45:02,647: registered with master
[rospy.rosout][INFO] 2022-03-31 16:45:02,648: initializing /rosout core topic
[rospy.rosout][INFO] 2022-03-31 16:45:02,652: connected to core topic /rosout
[rospy.simtime][INFO] 2022-03-31 16:45:02,655: /use_sim_time is not set, will not subscribe to simulated time [/clock] topic
[rospy.core][INFO] 2022-03-31 16:45:02,665: signal_shutdown [atexit]
[rospy.impl.masterslave][INFO] 2022-03-31 16:45:02,673: atexit
[rospy.client][INFO] 2022-03-31 16:45:05,105: init_node, name[/webcam], pid[25238]
[xmlrpc][INFO] 2022-03-31 16:45:05,106: XML-RPC server binding to 0.0.0.0:0
[xmlrpc][INFO] 2022-03-31 16:45:05,107: Started XML-RPC server [http://ubuntu:43525/]
[rospy.init][INFO] 2022-03-31 16:45:05,108: ROS Slave URI: [http://ubuntu:43525/]
[rospy.impl.masterslave][INFO] 2022-03-31 16:45:05,108: _ready: http://ubuntu:43525/
[xmlrpc][INFO] 2022-03-31 16:45:05,110: xml rpc node: starting XML-RPC server
[rospy.registration][INFO] 2022-03-31 16:45:05,110: Registering with master node http://localhost:11311
[rospy.registration][INFO] 2022-03-31 16:45:05,111: Registering publisher topic [/image_raw] type [sensor_msgs/Image] with master
[rospy.internal][INFO] 2022-03-31 16:45:05,174: topic[/image_raw] adding connection to [/link_ros], count 0
[rospy.init][INFO] 2022-03-31 16:45:05,209: registered with master
[rospy.rosout][INFO] 2022-03-31 16:45:05,210: initializing /rosout core topic
[rospy.rosout][INFO] 2022-03-31 16:45:05,215: connected to core topic /rosout
[rospy.simtime][INFO] 2022-03-31 16:45:05,219: /use_sim_time is not set, will not subscribe to simulated time [/clock] topic
[rospy.core][INFO] 2022-03-31 16:45:05,225: signal_shutdown [atexit]
[rospy.internal][INFO] 2022-03-31 16:45:05,230: topic[/image_raw] removing connection to /link_ros
[rospy.impl.masterslave][INFO] 2022-03-31 16:45:05,231: atexit
[rospy.client][INFO] 2022-03-31 16:45:07,842: init_node, name[/webcam], pid[25274]
[xmlrpc][INFO] 2022-03-31 16:45:07,843: XML-RPC server binding to 0.0.0.0:0
[xmlrpc][INFO] 2022-03-31 16:45:07,844: Started XML-RPC server [http://ubuntu:40229/]
[rospy.init][INFO] 2022-03-31 16:45:07,844: ROS Slave URI: [http://ubuntu:40229/]
[rospy.impl.masterslave][INFO] 2022-03-31 16:45:07,845: _ready: http://ubuntu:40229/
[xmlrpc][INFO] 2022-03-31 16:45:07,847: xml rpc node: starting XML-RPC server
[rospy.registration][INFO] 2022-03-31 16:45:07,847: Registering with master node http://localhost:11311
[rospy.registration][INFO] 2022-03-31 16:45:07,848: Registering publisher topic [/image_raw] type [sensor_msgs/Image] with master
[rospy.internal][INFO] 2022-03-31 16:45:07,892: topic[/image_raw] adding connection to [/link_ros], count 0
[rospy.init][INFO] 2022-03-31 16:45:07,945: registered with master
[rospy.rosout][INFO] 2022-03-31 16:45:07,946: initializing /rosout core topic
[rospy.rosout][INFO] 2022-03-31 16:45:07,952: connected to core topic /rosout
[rospy.simtime][INFO] 2022-03-31 16:45:07,956: /use_sim_time is not set, will not subscribe to simulated time [/clock] topic
[rospy.internal][INFO] 2022-03-31 16:45:08,166: topic[/rosout] adding connection to [/rosout], count 0
[rospy.core][INFO] 2022-03-31 19:33:24,131: signal_shutdown [signal-2]
[rospy.internal][INFO] 2022-03-31 19:33:24,146: topic[/rosout] removing connection to /rosout
[rospy.internal][INFO] 2022-03-31 19:33:24,147: topic[/image_raw] removing connection to /link_ros
[rospy.impl.masterslave][INFO] 2022-03-31 19:33:24,148: signal-2
[rospy.core][INFO] 2022-03-31 19:33:24,289: signal_shutdown [atexit]
[rospy.client][INFO] 2022-03-31 19:37:17,339: init_node, name[/webcam], pid[14616]
[xmlrpc][INFO] 2022-03-31 19:37:17,340: XML-RPC server binding to 0.0.0.0:0
[xmlrpc][INFO] 2022-03-31 19:37:17,341: Started XML-RPC server [http://ubuntu:38485/]
[rospy.init][INFO] 2022-03-31 19:37:17,341: ROS Slave URI: [http://ubuntu:38485/]
[rospy.impl.masterslave][INFO] 2022-03-31 19:37:17,342: _ready: http://ubuntu:38485/
[rospy.registration][INFO] 2022-03-31 19:37:17,344: Registering with master node http://localhost:11311
[xmlrpc][INFO] 2022-03-31 19:37:17,344: xml rpc node: starting XML-RPC server
[rospy.registration][INFO] 2022-03-31 19:37:17,344: Registering publisher topic [/image_raw] type [sensor_msgs/Image] with master
[rospy.internal][INFO] 2022-03-31 19:37:17,412: topic[/image_raw] adding connection to [/link_ros], count 0
[rospy.init][INFO] 2022-03-31 19:37:17,442: registered with master
[rospy.rosout][INFO] 2022-03-31 19:37:17,443: initializing /rosout core topic
[rospy.rosout][INFO] 2022-03-31 19:37:17,449: connected to core topic /rosout
[rospy.simtime][INFO] 2022-03-31 19:37:17,452: /use_sim_time is not set, will not subscribe to simulated time [/clock] topic
[rospy.internal][INFO] 2022-03-31 19:37:17,683: topic[/rosout] adding connection to [/rosout], count 0
[rospy.core][INFO] 2022-03-31 19:40:11,490: signal_shutdown [signal-2]
[rospy.internal][INFO] 2022-03-31 19:40:11,515: topic[/rosout] removing connection to /rosout
[rospy.internal][INFO] 2022-03-31 19:40:11,520: topic[/image_raw] removing connection to /link_ros
[rospy.impl.masterslave][INFO] 2022-03-31 19:40:11,522: signal-2
[rospy.core][INFO] 2022-03-31 19:40:12,153: signal_shutdown [atexit]
[rospy.client][INFO] 2022-03-31 19:41:07,119: init_node, name[/webcam], pid[19975]
[xmlrpc][INFO] 2022-03-31 19:41:07,120: XML-RPC server binding to 0.0.0.0:0
[xmlrpc][INFO] 2022-03-31 19:41:07,121: Started XML-RPC server [http://ubuntu:42157/]
[rospy.init][INFO] 2022-03-31 19:41:07,121: ROS Slave URI: [http://ubuntu:42157/]
[rospy.impl.masterslave][INFO] 2022-03-31 19:41:07,121: _ready: http://ubuntu:42157/
[rospy.registration][INFO] 2022-03-31 19:41:07,124: Registering with master node http://localhost:11311
[xmlrpc][INFO] 2022-03-31 19:41:07,124: xml rpc node: starting XML-RPC server
[rospy.registration][INFO] 2022-03-31 19:41:07,125: Registering publisher topic [/image_raw] type [sensor_msgs/Image] with master
[rospy.init][INFO] 2022-03-31 19:41:07,222: registered with master
[rospy.rosout][INFO] 2022-03-31 19:41:07,224: initializing /rosout core topic
[rospy.rosout][INFO] 2022-03-31 19:41:07,229: connected to core topic /rosout
[rospy.simtime][INFO] 2022-03-31 19:41:07,232: /use_sim_time is not set, will not subscribe to simulated time [/clock] topic
[rospy.internal][INFO] 2022-03-31 19:41:07,234: topic[/image_raw] adding connection to [/link_ros], count 0
[rospy.internal][INFO] 2022-03-31 19:41:07,531: topic[/rosout] adding connection to [/rosout], count 0
[rospy.core][INFO] 2022-03-31 19:42:21,089: signal_shutdown [signal-2]
[rospy.internal][INFO] 2022-03-31 19:42:21,109: topic[/rosout] removing connection to /rosout
[rospy.internal][INFO] 2022-03-31 19:42:21,115: topic[/image_raw] removing connection to /link_ros
[rospy.impl.masterslave][INFO] 2022-03-31 19:42:21,115: signal-2
[rospy.core][INFO] 2022-03-31 19:42:21,743: signal_shutdown [atexit]
[rospy.client][INFO] 2022-03-31 19:42:37,173: init_node, name[/webcam], pid[22601]
[xmlrpc][INFO] 2022-03-31 19:42:37,174: XML-RPC server binding to 0.0.0.0:0
[xmlrpc][INFO] 2022-03-31 19:42:37,175: Started XML-RPC server [http://ubuntu:45493/]
[rospy.init][INFO] 2022-03-31 19:42:37,175: ROS Slave URI: [http://ubuntu:45493/]
[rospy.impl.masterslave][INFO] 2022-03-31 19:42:37,176: _ready: http://ubuntu:45493/
[rospy.registration][INFO] 2022-03-31 19:42:37,178: Registering with master node http://localhost:11311
[xmlrpc][INFO] 2022-03-31 19:42:37,178: xml rpc node: starting XML-RPC server
[rospy.registration][INFO] 2022-03-31 19:42:37,178: Registering publisher topic [/image_raw] type [sensor_msgs/Image] with master
[rospy.internal][INFO] 2022-03-31 19:42:37,220: topic[/image_raw] adding connection to [/link_ros], count 0
[rospy.init][INFO] 2022-03-31 19:42:37,276: registered with master
[rospy.rosout][INFO] 2022-03-31 19:42:37,277: initializing /rosout core topic
[rospy.rosout][INFO] 2022-03-31 19:42:37,282: connected to core topic /rosout
[rospy.simtime][INFO] 2022-03-31 19:42:37,286: /use_sim_time is not set, will not subscribe to simulated time [/clock] topic
[rospy.internal][INFO] 2022-03-31 19:42:37,508: topic[/rosout] adding connection to [/rosout], count 0
[rospy.core][INFO] 2022-03-31 19:44:28,963: signal_shutdown [signal-2]
[rospy.internal][INFO] 2022-03-31 19:44:28,986: topic[/rosout] removing connection to /rosout
[rospy.internal][INFO] 2022-03-31 19:44:28,987: topic[/image_raw] removing connection to /link_ros
[rospy.impl.masterslave][INFO] 2022-03-31 19:44:28,987: signal-2
[rospy.core][INFO] 2022-03-31 19:44:29,610: signal_shutdown [atexit]
[rospy.client][INFO] 2022-03-31 19:45:04,846: init_node, name[/webcam], pid[25730]
[xmlrpc][INFO] 2022-03-31 19:45:04,847: XML-RPC server binding to 0.0.0.0:0
[xmlrpc][INFO] 2022-03-31 19:45:04,848: Started XML-RPC server [http://ubuntu:41779/]
[rospy.init][INFO] 2022-03-31 19:45:04,849: ROS Slave URI: [http://ubuntu:41779/]
[rospy.impl.masterslave][INFO] 2022-03-31 19:45:04,849: _ready: http://ubuntu:41779/
[rospy.registration][INFO] 2022-03-31 19:45:04,851: Registering with master node http://localhost:11311
[xmlrpc][INFO] 2022-03-31 19:45:04,851: xml rpc node: starting XML-RPC server
[rospy.registration][INFO] 2022-03-31 19:45:04,852: Registering publisher topic [/image_raw] type [sensor_msgs/Image] with master
[rospy.internal][INFO] 2022-03-31 19:45:04,934: topic[/image_raw] adding connection to [/link_ros], count 0
[rospy.init][INFO] 2022-03-31 19:45:04,950: registered with master
[rospy.rosout][INFO] 2022-03-31 19:45:04,951: initializing /rosout core topic
[rospy.rosout][INFO] 2022-03-31 19:45:04,956: connected to core topic /rosout
[rospy.simtime][INFO] 2022-03-31 19:45:04,959: /use_sim_time is not set, will not subscribe to simulated time [/clock] topic
[rospy.internal][INFO] 2022-03-31 19:45:05,219: topic[/rosout] adding connection to [/rosout], count 0
[rospy.core][INFO] 2022-03-31 19:45:59,123: signal_shutdown [signal-2]
[rospy.internal][INFO] 2022-03-31 19:45:59,140: topic[/rosout] removing connection to /rosout
[rospy.internal][INFO] 2022-03-31 19:45:59,142: topic[/image_raw] removing connection to /link_ros
[rospy.impl.masterslave][INFO] 2022-03-31 19:45:59,144: signal-2
[rospy.core][INFO] 2022-03-31 19:45:59,286: signal_shutdown [atexit]
[rospy.client][INFO] 2022-03-31 19:51:35,716: init_node, name[/webcam], pid[32118]
[xmlrpc][INFO] 2022-03-31 19:51:35,717: XML-RPC server binding to 0.0.0.0:0
[xmlrpc][INFO] 2022-03-31 19:51:35,718: Started XML-RPC server [http://ubuntu:35439/]
[rospy.init][INFO] 2022-03-31 19:51:35,718: ROS Slave URI: [http://ubuntu:35439/]
[rospy.impl.masterslave][INFO] 2022-03-31 19:51:35,718: _ready: http://ubuntu:35439/
[rospy.registration][INFO] 2022-03-31 19:51:35,721: Registering with master node http://localhost:11311
[xmlrpc][INFO] 2022-03-31 19:51:35,721: xml rpc node: starting XML-RPC server
[rospy.registration][INFO] 2022-03-31 19:51:35,721: Registering publisher topic [/image_raw] type [sensor_msgs/Image] with master
[rospy.init][INFO] 2022-03-31 19:51:35,819: registered with master
[rospy.rosout][INFO] 2022-03-31 19:51:35,820: initializing /rosout core topic
[rospy.rosout][INFO] 2022-03-31 19:51:35,824: connected to core topic /rosout
[rospy.simtime][INFO] 2022-03-31 19:51:35,827: /use_sim_time is not set, will not subscribe to simulated time [/clock] topic
[rospy.internal][INFO] 2022-03-31 19:51:35,843: topic[/image_raw] adding connection to [/link_ros], count 0
[rospy.internal][INFO] 2022-03-31 19:51:36,035: topic[/rosout] adding connection to [/rosout], count 0
[rospy.core][INFO] 2022-03-31 19:51:46,909: signal_shutdown [signal-2]
[rospy.internal][INFO] 2022-03-31 19:51:46,929: topic[/rosout] removing connection to /rosout
[rospy.internal][INFO] 2022-03-31 19:51:46,931: topic[/image_raw] removing connection to /link_ros
[rospy.impl.masterslave][INFO] 2022-03-31 19:51:46,933: signal-2
[rospy.core][INFO] 2022-03-31 19:51:47,061: signal_shutdown [atexit]
[rospy.client][INFO] 2022-03-31 19:52:01,504: init_node, name[/webcam], pid[506]
[xmlrpc][INFO] 2022-03-31 19:52:01,506: XML-RPC server binding to 0.0.0.0:0
[rospy.init][INFO] 2022-03-31 19:52:01,507: ROS Slave URI: [http://ubuntu:46129/]
[xmlrpc][INFO] 2022-03-31 19:52:01,507: Started XML-RPC server [http://ubuntu:46129/]
[rospy.impl.masterslave][INFO] 2022-03-31 19:52:01,508: _ready: http://ubuntu:46129/
[rospy.registration][INFO] 2022-03-31 19:52:01,509: Registering with master node http://localhost:11311
[xmlrpc][INFO] 2022-03-31 19:52:01,510: xml rpc node: starting XML-RPC server
[rospy.registration][INFO] 2022-03-31 19:52:01,510: Registering publisher topic [/image_raw] type [sensor_msgs/Image] with master
[rospy.internal][INFO] 2022-03-31 19:52:01,579: topic[/image_raw] adding connection to [/link_ros], count 0
[rospy.init][INFO] 2022-03-31 19:52:01,608: registered with master
[rospy.rosout][INFO] 2022-03-31 19:52:01,608: initializing /rosout core topic
[rospy.rosout][INFO] 2022-03-31 19:52:01,613: connected to core topic /rosout
[rospy.simtime][INFO] 2022-03-31 19:52:01,616: /use_sim_time is not set, will not subscribe to simulated time [/clock] topic
[rospy.internal][INFO] 2022-03-31 19:52:01,831: topic[/rosout] adding connection to [/rosout], count 0
[rospy.core][INFO] 2022-03-31 19:52:36,555: signal_shutdown [signal-2]
[rospy.internal][INFO] 2022-03-31 19:52:36,569: topic[/rosout] removing connection to /rosout
[rospy.internal][INFO] 2022-03-31 19:52:36,572: topic[/image_raw] removing connection to /link_ros
[rospy.impl.masterslave][INFO] 2022-03-31 19:52:36,574: signal-2
[rospy.core][INFO] 2022-03-31 19:52:37,197: signal_shutdown [atexit]
