[rosmaster.main][INFO] 2022-01-18 17:28:41,162: initialization complete, waiting for shutdown
[rosmaster.main][INFO] 2022-01-18 17:28:41,163: Starting ROS Master Node
[xmlrpc][INFO] 2022-01-18 17:28:41,165: XML-RPC server binding to 0.0.0.0:11311
[xmlrpc][INFO] 2022-01-18 17:28:41,165: Started XML-RPC server [http://ubuntu:11311/]
[rosmaster.master][INFO] 2022-01-18 17:28:41,166: Master initialized: port[11311], uri[http://ubuntu:11311/]
[xmlrpc][INFO] 2022-01-18 17:28:41,166: xml rpc node: starting XML-RPC server
[rosmaster.master][INFO] 2022-01-18 17:28:41,204: +PARAM [/run_id] by /roslaunch
[rosmaster.master][INFO] 2022-01-18 17:28:41,208: +PARAM [/roslaunch/uris/host_ubuntu__34183] by /roslaunch
[rosmaster.master][INFO] 2022-01-18 17:28:41,301: +PARAM [/rosversion] by /roslaunch
[rosmaster.master][INFO] 2022-01-18 17:28:41,302: +PARAM [/rosdistro] by /roslaunch
[rosmaster.master][INFO] 2022-01-18 17:28:41,472: +SERVICE [/rosout/get_loggers] /rosout http://ubuntu:44951/
[rosmaster.master][INFO] 2022-01-18 17:28:41,474: +SERVICE [/rosout/set_logger_level] /rosout http://ubuntu:44951/
[rosmaster.master][INFO] 2022-01-18 17:28:41,477: +PUB [/rosout_agg] /rosout http://ubuntu:44951/
[rosmaster.master][INFO] 2022-01-18 17:28:41,484: +SUB [/rosout] /rosout http://ubuntu:44951/
[rosmaster.master][INFO] 2022-01-18 17:28:45,050: +PUB [/rosout] /link_ros http://ubuntu:34841/
[rosmaster.master][INFO] 2022-01-18 17:28:45,059: +SERVICE [/link_ros/get_loggers] /link_ros http://ubuntu:34841/
[rosmaster.master][INFO] 2022-01-18 17:28:45,061: +SERVICE [/link_ros/set_logger_level] /link_ros http://ubuntu:34841/
[rosmaster.master][INFO] 2022-01-18 17:28:45,073: publisherUpdate[/rosout] -> http://ubuntu:44951/ ['http://ubuntu:34841/']
[rosmaster.master][INFO] 2022-01-18 17:28:45,083: publisherUpdate[/rosout] -> http://ubuntu:44951/ ['http://ubuntu:34841/']: sec=0.01, result=[1, '', 0]
[rosmaster.master][INFO] 2022-01-18 17:28:47,781: +CACHEDPARAM [/rosout_disable_topics_generation] by /link_ros
[rosmaster.master][INFO] 2022-01-18 17:28:47,785: +CACHEDPARAM [/rosout/omit_topics] by /rosout
[rosmaster.master][INFO] 2022-01-18 17:28:47,795: +SUB [/rosout_agg] /link_ros http://ubuntu:34841/
[rosmaster.master][INFO] 2022-01-18 17:28:48,729: +CACHEDPARAM [/rosout_disable_topics_generation] by /link_ros
[rosmaster.master][INFO] 2022-01-18 17:28:48,739: +SERVICE [/link_ros/tf2_frames] /link_ros http://ubuntu:34841/
[rosmaster.master][INFO] 2022-01-18 17:28:48,745: +SUB [/tf] /link_ros http://ubuntu:34841/
[rosmaster.master][INFO] 2022-01-18 17:28:48,749: +SUB [/tf_static] /link_ros http://ubuntu:34841/
[rosmaster.master][INFO] 2022-01-18 17:43:56,891: -PUB [/rosout_agg] /rosout http://ubuntu:44951/
[rosmaster.master][INFO] 2022-01-18 17:43:56,893: -SUB [/rosout] /rosout http://ubuntu:44951/
[rosmaster.master][INFO] 2022-01-18 17:43:56,895: -SERVICE [/rosout/get_loggers] /rosout rosrpc://ubuntu:35877
[rosmaster.master][INFO] 2022-01-18 17:43:56,896: -SERVICE [/rosout/set_logger_level] /rosout rosrpc://ubuntu:35877
[rosmaster.master][INFO] 2022-01-18 17:43:56,898: -CACHEDPARAM [/rosout/omit_topics] by /rosout
[rosmaster.master][INFO] 2022-01-18 17:43:56,978: publisherUpdate[/rosout_agg] -> http://ubuntu:34841/ []
[rosmaster.master][INFO] 2022-01-18 17:43:56,987: publisherUpdate[/rosout_agg] -> http://ubuntu:34841/ []: sec=0.01, result=[1, '', 0]
[rosmaster.main][INFO] 2022-01-18 17:43:56,989: keyboard interrupt, will exit
[rosmaster.main][INFO] 2022-01-18 17:43:56,989: stopping master...
[rospy.core][INFO] 2022-01-18 17:43:56,990: signal_shutdown [atexit]
