[rosmaster.main][INFO] 2021-12-14 17:22:43,886: initialization complete, waiting for shutdown
[rosmaster.main][INFO] 2021-12-14 17:22:43,887: Starting ROS Master Node
[xmlrpc][INFO] 2021-12-14 17:22:43,888: XML-RPC server binding to 0.0.0.0:11311
[rosmaster.master][INFO] 2021-12-14 17:22:43,889: Master initialized: port[11311], uri[http://ubuntu:11311/]
[xmlrpc][INFO] 2021-12-14 17:22:43,889: Started XML-RPC server [http://ubuntu:11311/]
[xmlrpc][INFO] 2021-12-14 17:22:43,890: xml rpc node: starting XML-RPC server
[rosmaster.master][INFO] 2021-12-14 17:22:43,923: +PARAM [/run_id] by /roslaunch
[rosmaster.master][INFO] 2021-12-14 17:22:43,926: +PARAM [/roslaunch/uris/host_ubuntu__35065] by /roslaunch
[rosmaster.master][INFO] 2021-12-14 17:22:44,016: +PARAM [/rosversion] by /roslaunch
[rosmaster.master][INFO] 2021-12-14 17:22:44,016: +PARAM [/rosdistro] by /roslaunch
[rosmaster.master][INFO] 2021-12-14 17:22:44,047: +SERVICE [/rosout/get_loggers] /rosout http://ubuntu:33983/
[rosmaster.master][INFO] 2021-12-14 17:22:44,049: +SERVICE [/rosout/set_logger_level] /rosout http://ubuntu:33983/
[rosmaster.master][INFO] 2021-12-14 17:22:44,052: +PUB [/rosout_agg] /rosout http://ubuntu:33983/
[rosmaster.master][INFO] 2021-12-14 17:22:44,059: +SUB [/rosout] /rosout http://ubuntu:33983/
[rosmaster.master][INFO] 2021-12-14 17:22:47,272: +PUB [/rosout] /link_ros http://ubuntu:34321/
[rosmaster.master][INFO] 2021-12-14 17:22:47,281: +SERVICE [/link_ros/get_loggers] /link_ros http://ubuntu:34321/
[rosmaster.master][INFO] 2021-12-14 17:22:47,284: +SERVICE [/link_ros/set_logger_level] /link_ros http://ubuntu:34321/
[rosmaster.master][INFO] 2021-12-14 17:22:47,295: publisherUpdate[/rosout] -> http://ubuntu:33983/ ['http://ubuntu:34321/']
[rosmaster.master][INFO] 2021-12-14 17:22:47,304: publisherUpdate[/rosout] -> http://ubuntu:33983/ ['http://ubuntu:34321/']: sec=0.01, result=[1, '', 0]
[rosmaster.master][INFO] 2021-12-14 17:22:50,039: +CACHEDPARAM [/rosout_disable_topics_generation] by /link_ros
[rosmaster.master][INFO] 2021-12-14 17:22:50,042: +CACHEDPARAM [/rosout/omit_topics] by /rosout
[rosmaster.master][INFO] 2021-12-14 17:22:50,053: +SUB [/rosout_agg] /link_ros http://ubuntu:34321/
[rosmaster.master][INFO] 2021-12-14 17:22:50,999: +CACHEDPARAM [/rosout_disable_topics_generation] by /link_ros
[rosmaster.master][INFO] 2021-12-14 17:22:51,010: +SERVICE [/link_ros/tf2_frames] /link_ros http://ubuntu:34321/
[rosmaster.master][INFO] 2021-12-14 17:22:51,014: +SUB [/tf] /link_ros http://ubuntu:34321/
[rosmaster.master][INFO] 2021-12-14 17:22:51,018: +SUB [/tf_static] /link_ros http://ubuntu:34321/
[rosmaster.master][INFO] 2021-12-14 23:36:19,568: -PUB [/rosout_agg] /rosout http://ubuntu:33983/
[rosmaster.master][INFO] 2021-12-14 23:36:19,569: -SUB [/rosout] /rosout http://ubuntu:33983/
[rosmaster.master][INFO] 2021-12-14 23:36:19,571: -SERVICE [/rosout/get_loggers] /rosout rosrpc://ubuntu:36379
[rosmaster.master][INFO] 2021-12-14 23:36:19,573: -SERVICE [/rosout/set_logger_level] /rosout rosrpc://ubuntu:36379
[rosmaster.master][INFO] 2021-12-14 23:36:19,575: -CACHEDPARAM [/rosout/omit_topics] by /rosout
[rosmaster.master][INFO] 2021-12-14 23:36:19,620: publisherUpdate[/rosout_agg] -> http://ubuntu:34321/ []
[rosmaster.master][INFO] 2021-12-14 23:36:19,632: publisherUpdate[/rosout_agg] -> http://ubuntu:34321/ []: sec=0.01, result=[1, '', 0]
[rosmaster.main][INFO] 2021-12-14 23:36:19,635: keyboard interrupt, will exit
[rosmaster.main][INFO] 2021-12-14 23:36:19,636: stopping master...
[rospy.core][INFO] 2021-12-14 23:36:19,636: signal_shutdown [atexit]
