[rospy.client][INFO] 2022-01-23 18:23:00,270: init_node, name[/talker], pid[23178]
[xmlrpc][INFO] 2022-01-23 18:23:00,276: XML-RPC server binding to 0.0.0.0:0
[xmlrpc][INFO] 2022-01-23 18:23:00,278: Started XML-RPC server [http://ubuntu:35321/]
[rospy.init][INFO] 2022-01-23 18:23:00,278: ROS Slave URI: [http://ubuntu:35321/]
[rospy.impl.masterslave][INFO] 2022-01-23 18:23:00,279: _ready: http://ubuntu:35321/
[rospy.registration][INFO] 2022-01-23 18:23:00,281: Registering with master node http://localhost:11311
[xmlrpc][INFO] 2022-01-23 18:23:00,281: xml rpc node: starting XML-RPC server
[rospy.registration][INFO] 2022-01-23 18:23:00,282: Registering publisher topic [/chatter] type [std_msgs/String] with master
[rospy.init][INFO] 2022-01-23 18:23:00,379: registered with master
[rospy.rosout][INFO] 2022-01-23 18:23:00,380: initializing /rosout core topic
[rospy.rosout][INFO] 2022-01-23 18:23:00,384: connected to core topic /rosout
[rospy.simtime][INFO] 2022-01-23 18:23:00,387: /use_sim_time is not set, will not subscribe to simulated time [/clock] topic
[rosout][INFO] 2022-01-23 18:23:00,394: hello world 1642962180.39
[rospy.internal][INFO] 2022-01-23 18:23:00,692: topic[/rosout] adding connection to [/rosout], count 0
[rosout][INFO] 2022-01-23 18:23:04,396: hello world 1642962184.4
[rosout][INFO] 2022-01-23 18:23:08,396: hello world 1642962188.4
[rosout][INFO] 2022-01-23 18:23:12,396: hello world 1642962192.4
[rosout][INFO] 2022-01-23 18:23:16,398: hello world 1642962196.4
[rosout][INFO] 2022-01-23 18:23:20,396: hello world 1642962200.4
[rosout][INFO] 2022-01-23 18:23:24,398: hello world 1642962204.4
[rosout][INFO] 2022-01-23 18:23:28,398: hello world 1642962208.4
[rosout][INFO] 2022-01-23 18:23:32,397: hello world 1642962212.4
[rosout][INFO] 2022-01-23 18:23:36,398: hello world 1642962216.4
[rosout][INFO] 2022-01-23 18:23:40,396: hello world 1642962220.4
[rosout][INFO] 2022-01-23 18:23:44,399: hello world 1642962224.4
[rosout][INFO] 2022-01-23 18:23:48,399: hello world 1642962228.4
[rospy.core][INFO] 2022-01-23 18:23:50,186: signal_shutdown [signal-2]
[rospy.internal][INFO] 2022-01-23 18:23:50,192: topic[/rosout] removing connection to /rosout
[rospy.impl.masterslave][INFO] 2022-01-23 18:23:50,193: signal-2
[rospy.core][INFO] 2022-01-23 18:23:50,357: signal_shutdown [atexit]
