[rospy.client][INFO] 2022-04-07 19:23:29,190: init_node, name[/cancelJoystick], pid[1576]
[xmlrpc][INFO] 2022-04-07 19:23:29,193: XML-RPC server binding to 0.0.0.0:0
[rospy.init][INFO] 2022-04-07 19:23:29,197: ROS Slave URI: [http://ubuntu:40361/]
[xmlrpc][INFO] 2022-04-07 19:23:29,198: Started XML-RPC server [http://ubuntu:40361/]
[rospy.impl.masterslave][INFO] 2022-04-07 19:23:29,199: _ready: http://ubuntu:40361/
[xmlrpc][INFO] 2022-04-07 19:23:29,201: xml rpc node: starting XML-RPC server
[rospy.registration][INFO] 2022-04-07 19:23:29,203: Registering with master node http://localhost:11311
[rospy.init][INFO] 2022-04-07 19:23:29,298: registered with master
[rospy.rosout][INFO] 2022-04-07 19:23:29,299: initializing /rosout core topic
[rospy.rosout][INFO] 2022-04-07 19:23:29,304: connected to core topic /rosout
[rospy.simtime][INFO] 2022-04-07 19:23:29,307: /use_sim_time is not set, will not subscribe to simulated time [/clock] topic
[rospy.internal][INFO] 2022-04-07 19:23:29,561: topic[/rosout] adding connection to [/rosout], count 0
[rospy.core][INFO] 2022-04-07 19:30:51,984: signal_shutdown [signal-2]
[rospy.internal][INFO] 2022-04-07 19:30:52,004: topic[/rosout] removing connection to /rosout
[rospy.impl.masterslave][INFO] 2022-04-07 19:30:52,005: signal-2
[rospy.core][INFO] 2022-04-07 19:30:52,622: signal_shutdown [atexit]
[rospy.client][INFO] 2022-04-07 19:31:06,709: init_node, name[/cancelJoystick], pid[7843]
[xmlrpc][INFO] 2022-04-07 19:31:06,711: XML-RPC server binding to 0.0.0.0:0
[xmlrpc][INFO] 2022-04-07 19:31:06,712: Started XML-RPC server [http://ubuntu:39855/]
[rospy.init][INFO] 2022-04-07 19:31:06,712: ROS Slave URI: [http://ubuntu:39855/]
[rospy.impl.masterslave][INFO] 2022-04-07 19:31:06,713: _ready: http://ubuntu:39855/
[xmlrpc][INFO] 2022-04-07 19:31:06,715: xml rpc node: starting XML-RPC server
[rospy.registration][INFO] 2022-04-07 19:31:06,716: Registering with master node http://localhost:11311
[rospy.init][INFO] 2022-04-07 19:31:06,814: registered with master
[rospy.rosout][INFO] 2022-04-07 19:31:06,814: initializing /rosout core topic
[rospy.rosout][INFO] 2022-04-07 19:31:06,820: connected to core topic /rosout
[rospy.simtime][INFO] 2022-04-07 19:31:06,823: /use_sim_time is not set, will not subscribe to simulated time [/clock] topic
[rospy.internal][INFO] 2022-04-07 19:31:07,062: topic[/rosout] adding connection to [/rosout], count 0
