[rospy.client][INFO] 2022-04-07 19:23:28,691: init_node, name[/listener], pid[1571]
[xmlrpc][INFO] 2022-04-07 19:23:28,706: XML-RPC server binding to 0.0.0.0:0
[xmlrpc][INFO] 2022-04-07 19:23:28,716: Started XML-RPC server [http://ubuntu:41819/]
[rospy.impl.masterslave][INFO] 2022-04-07 19:23:28,717: _ready: http://ubuntu:41819/
[rospy.init][INFO] 2022-04-07 19:23:28,722: ROS Slave URI: [http://ubuntu:41819/]
[xmlrpc][INFO] 2022-04-07 19:23:28,738: xml rpc node: starting XML-RPC server
[rospy.registration][INFO] 2022-04-07 19:23:28,742: Registering with master node http://localhost:11311
[rospy.init][INFO] 2022-04-07 19:23:28,826: registered with master
[rospy.rosout][INFO] 2022-04-07 19:23:28,827: initializing /rosout core topic
[rospy.rosout][INFO] 2022-04-07 19:23:28,865: connected to core topic /rosout
[rospy.simtime][INFO] 2022-04-07 19:23:28,870: /use_sim_time is not set, will not subscribe to simulated time [/clock] topic
[rospy.internal][INFO] 2022-04-07 19:23:29,150: topic[/rosout] adding connection to [/rosout], count 0
[rospy.internal][INFO] 2022-04-07 19:23:29,251: topic[/video/click] adding connection to [http://ubuntu:42867/], count 0
[rospy.internal][INFO] 2022-04-07 19:24:02,496: topic[/video/click] adding connection to [http://ubuntu:40261/], count 1
[rosout][ERROR] 2022-04-07 19:24:03,165: bad callback: <function callback at 0xffff9e81bb50>
Traceback (most recent call last):
  File "/opt/ros/melodic/lib/python2.7/dist-packages/rospy/topics.py", line 750, in _invoke_callback
    cb(msg)
  File "/home/ubuntu/catkin_ws/src/beginner_tutorials/scripts/listener.py", line 33, in callback
    move_motor(y_axis, '-10000')
  File "/home/ubuntu/catkin_ws/src/beginner_tutorials/scripts/listener.py", line 26, in move_motor
    ticcmd('--enter-safe-start', '-d', axis, '--halt-and-hold')
  File "/home/ubuntu/catkin_ws/src/beginner_tutorials/scripts/listener.py", line 23, in ticcmd
    return subprocess.check_output(['ticcmd'] + list(args))
  File "/usr/lib/python2.7/subprocess.py", line 223, in check_output
    raise CalledProcessError(retcode, cmd, output=output)
CalledProcessError: Command '['ticcmd', '--enter-safe-start', '-d', '00339700', '--halt-and-hold']' returned non-zero exit status 2

[rosout][ERROR] 2022-04-07 19:24:03,863: bad callback: <function callback at 0xffff9e81bb50>
Traceback (most recent call last):
  File "/opt/ros/melodic/lib/python2.7/dist-packages/rospy/topics.py", line 750, in _invoke_callback
    cb(msg)
  File "/home/ubuntu/catkin_ws/src/beginner_tutorials/scripts/listener.py", line 35, in callback
    move_motor(y_axis, '10000')
  File "/home/ubuntu/catkin_ws/src/beginner_tutorials/scripts/listener.py", line 26, in move_motor
    ticcmd('--enter-safe-start', '-d', axis, '--halt-and-hold')
  File "/home/ubuntu/catkin_ws/src/beginner_tutorials/scripts/listener.py", line 23, in ticcmd
    return subprocess.check_output(['ticcmd'] + list(args))
  File "/usr/lib/python2.7/subprocess.py", line 223, in check_output
    raise CalledProcessError(retcode, cmd, output=output)
CalledProcessError: Command '['ticcmd', '--enter-safe-start', '-d', '00339700', '--halt-and-hold']' returned non-zero exit status 2

[rospy.core][INFO] 2022-04-07 19:30:51,985: signal_shutdown [signal-2]
[rospy.internal][INFO] 2022-04-07 19:30:52,003: topic[/rosout] removing connection to /rosout
[rospy.internal][INFO] 2022-04-07 19:30:52,004: topic[/video/click] removing connection to http://ubuntu:42867/
[rospy.internal][INFO] 2022-04-07 19:30:52,008: topic[/video/click] removing connection to http://ubuntu:40261/
[rospy.impl.masterslave][INFO] 2022-04-07 19:30:52,009: signal-2
[rospy.core][INFO] 2022-04-07 19:30:52,110: signal_shutdown [atexit]
[rospy.client][INFO] 2022-04-07 19:31:06,342: init_node, name[/listener], pid[7840]
[xmlrpc][INFO] 2022-04-07 19:31:06,346: XML-RPC server binding to 0.0.0.0:0
[rospy.init][INFO] 2022-04-07 19:31:06,349: ROS Slave URI: [http://ubuntu:35043/]
[xmlrpc][INFO] 2022-04-07 19:31:06,349: Started XML-RPC server [http://ubuntu:35043/]
[rospy.impl.masterslave][INFO] 2022-04-07 19:31:06,350: _ready: http://ubuntu:35043/
[xmlrpc][INFO] 2022-04-07 19:31:06,351: xml rpc node: starting XML-RPC server
[rospy.registration][INFO] 2022-04-07 19:31:06,353: Registering with master node http://localhost:11311
[rospy.init][INFO] 2022-04-07 19:31:06,450: registered with master
[rospy.rosout][INFO] 2022-04-07 19:31:06,450: initializing /rosout core topic
[rospy.rosout][INFO] 2022-04-07 19:31:06,460: connected to core topic /rosout
[rospy.simtime][INFO] 2022-04-07 19:31:06,464: /use_sim_time is not set, will not subscribe to simulated time [/clock] topic
[rospy.internal][INFO] 2022-04-07 19:31:06,546: topic[/video/click] adding connection to [http://ubuntu:40261/], count 0
[rospy.internal][INFO] 2022-04-07 19:31:06,575: topic[/video/click] adding connection to [http://ubuntu:35017/], count 1
[rospy.internal][INFO] 2022-04-07 19:31:06,732: topic[/rosout] adding connection to [/rosout], count 0
[rosout][INFO] 2022-04-07 19:31:25,380: --------------------
[rosout][INFO] 2022-04-07 19:31:27,804: --------------------
[rosout][INFO] 2022-04-07 22:09:20,327: --------------------
[rosout][INFO] 2022-04-07 22:09:22,727: --------------------
[rosout][INFO] 2022-04-07 22:12:43,726: --------------------
[rosout][INFO] 2022-04-07 22:15:38,386: --------------------
[rosout][INFO] 2022-04-07 22:15:40,466: --------------------
