[rospy.client][INFO] 2022-04-07 19:23:29,108: init_node, name[/talker], pid[1574]
[xmlrpc][INFO] 2022-04-07 19:23:29,119: XML-RPC server binding to 0.0.0.0:0
[xmlrpc][INFO] 2022-04-07 19:23:29,135: Started XML-RPC server [http://ubuntu:42867/]
[rospy.init][INFO] 2022-04-07 19:23:29,137: ROS Slave URI: [http://ubuntu:42867/]
[rospy.impl.masterslave][INFO] 2022-04-07 19:23:29,137: _ready: http://ubuntu:42867/
[xmlrpc][INFO] 2022-04-07 19:23:29,156: xml rpc node: starting XML-RPC server
[rospy.registration][INFO] 2022-04-07 19:23:29,157: Registering with master node http://localhost:11311
[rospy.registration][INFO] 2022-04-07 19:23:29,158: Registering publisher topic [/video/click] type [geometry_msgs/PointStamped] with master
[rospy.init][INFO] 2022-04-07 19:23:29,238: registered with master
[rospy.rosout][INFO] 2022-04-07 19:23:29,239: initializing /rosout core topic
[rospy.rosout][INFO] 2022-04-07 19:23:29,243: connected to core topic /rosout
[rospy.simtime][INFO] 2022-04-07 19:23:29,246: /use_sim_time is not set, will not subscribe to simulated time [/clock] topic
[rospy.internal][INFO] 2022-04-07 19:23:29,264: topic[/video/click] adding connection to [/listener], count 0
[rospy.internal][INFO] 2022-04-07 19:23:29,558: topic[/rosout] adding connection to [/rosout], count 0
[rospy.internal][INFO] 2022-04-07 19:23:32,869: topic[/video/click] adding connection to [/link_ros], count 1
[rospy.core][INFO] 2022-04-07 19:30:51,989: signal_shutdown [signal-2]
[rospy.internal][INFO] 2022-04-07 19:30:52,005: topic[/rosout] removing connection to /rosout
[rospy.internal][INFO] 2022-04-07 19:30:52,006: topic[/video/click] removing connection to /listener
[rospy.internal][INFO] 2022-04-07 19:30:52,009: topic[/video/click] removing connection to /link_ros
[rospy.impl.masterslave][INFO] 2022-04-07 19:30:52,010: signal-2
[rospy.core][INFO] 2022-04-07 19:30:52,144: signal_shutdown [atexit]
[rospy.client][INFO] 2022-04-07 19:31:06,447: init_node, name[/talker], pid[7841]
[xmlrpc][INFO] 2022-04-07 19:31:06,449: XML-RPC server binding to 0.0.0.0:0
[rospy.init][INFO] 2022-04-07 19:31:06,453: ROS Slave URI: [http://ubuntu:35017/]
[xmlrpc][INFO] 2022-04-07 19:31:06,454: Started XML-RPC server [http://ubuntu:35017/]
[rospy.impl.masterslave][INFO] 2022-04-07 19:31:06,455: _ready: http://ubuntu:35017/
[xmlrpc][INFO] 2022-04-07 19:31:06,460: xml rpc node: starting XML-RPC server
[rospy.registration][INFO] 2022-04-07 19:31:06,464: Registering with master node http://localhost:11311
[rospy.registration][INFO] 2022-04-07 19:31:06,464: Registering publisher topic [/video/click] type [geometry_msgs/PointStamped] with master
[rospy.init][INFO] 2022-04-07 19:31:06,554: registered with master
[rospy.rosout][INFO] 2022-04-07 19:31:06,556: initializing /rosout core topic
[rospy.rosout][INFO] 2022-04-07 19:31:06,564: connected to core topic /rosout
[rospy.simtime][INFO] 2022-04-07 19:31:06,568: /use_sim_time is not set, will not subscribe to simulated time [/clock] topic
[rospy.internal][INFO] 2022-04-07 19:31:06,591: topic[/video/click] adding connection to [/link_ros], count 0
[rospy.internal][INFO] 2022-04-07 19:31:06,593: topic[/video/click] adding connection to [/listener], count 1
[rospy.internal][INFO] 2022-04-07 19:31:06,840: topic[/rosout] adding connection to [/rosout], count 0
