[rosmaster.main][INFO] 2022-03-01 19:20:21,018: initialization complete, waiting for shutdown
[rosmaster.main][INFO] 2022-03-01 19:20:21,019: Starting ROS Master Node
[xmlrpc][INFO] 2022-03-01 19:20:21,020: XML-RPC server binding to 0.0.0.0:11311
[rosmaster.master][INFO] 2022-03-01 19:20:21,022: Master initialized: port[11311], uri[http://ubuntu:11311/]
[xmlrpc][INFO] 2022-03-01 19:20:21,021: Started XML-RPC server [http://ubuntu:11311/]
[xmlrpc][INFO] 2022-03-01 19:20:21,022: xml rpc node: starting XML-RPC server
[rosmaster.master][INFO] 2022-03-01 19:20:21,139: +PARAM [/run_id] by /roslaunch
[rosmaster.master][INFO] 2022-03-01 19:20:21,142: +PARAM [/roslaunch/uris/host_ubuntu__43839] by /roslaunch
[rosmaster.master][INFO] 2022-03-01 19:20:21,229: +PARAM [/rosversion] by /roslaunch
[rosmaster.master][INFO] 2022-03-01 19:20:21,229: +PARAM [/rosdistro] by /roslaunch
[rosmaster.master][INFO] 2022-03-01 19:20:21,266: +SERVICE [/rosout/get_loggers] /rosout http://ubuntu:33533/
[rosmaster.master][INFO] 2022-03-01 19:20:21,268: +SERVICE [/rosout/set_logger_level] /rosout http://ubuntu:33533/
[rosmaster.master][INFO] 2022-03-01 19:20:21,271: +PUB [/rosout_agg] /rosout http://ubuntu:33533/
[rosmaster.master][INFO] 2022-03-01 19:20:21,280: +SUB [/rosout] /rosout http://ubuntu:33533/
[rosmaster.master][INFO] 2022-03-01 19:20:24,969: +PUB [/rosout] /link_ros http://ubuntu:46035/
[rosmaster.master][INFO] 2022-03-01 19:20:24,976: +SERVICE [/link_ros/get_loggers] /link_ros http://ubuntu:46035/
[rosmaster.master][INFO] 2022-03-01 19:20:24,978: +SERVICE [/link_ros/set_logger_level] /link_ros http://ubuntu:46035/
[rosmaster.master][INFO] 2022-03-01 19:20:25,029: publisherUpdate[/rosout] -> http://ubuntu:33533/ ['http://ubuntu:46035/']
[rosmaster.master][INFO] 2022-03-01 19:20:25,045: publisherUpdate[/rosout] -> http://ubuntu:33533/ ['http://ubuntu:46035/']: sec=0.01, result=[1, '', 0]
[rosmaster.master][INFO] 2022-03-01 19:20:27,632: +CACHEDPARAM [/rosout_disable_topics_generation] by /link_ros
[rosmaster.master][INFO] 2022-03-01 19:20:27,635: +CACHEDPARAM [/rosout/omit_topics] by /rosout
[rosmaster.master][INFO] 2022-03-01 19:20:27,646: +SUB [/rosout_agg] /link_ros http://ubuntu:46035/
[rosmaster.master][INFO] 2022-03-01 19:20:28,653: +CACHEDPARAM [/rosout_disable_topics_generation] by /link_ros
[rosmaster.master][INFO] 2022-03-01 19:20:28,663: +SERVICE [/link_ros/tf2_frames] /link_ros http://ubuntu:46035/
[rosmaster.master][INFO] 2022-03-01 19:20:28,667: +SUB [/tf] /link_ros http://ubuntu:46035/
[rosmaster.master][INFO] 2022-03-01 19:20:28,671: +SUB [/tf_static] /link_ros http://ubuntu:46035/
[rosmaster.master][INFO] 2022-03-01 21:31:53,239: -PUB [/rosout_agg] /rosout http://ubuntu:33533/
[rosmaster.master][INFO] 2022-03-01 21:31:53,240: -SUB [/rosout] /rosout http://ubuntu:33533/
[rosmaster.master][INFO] 2022-03-01 21:31:53,242: -SERVICE [/rosout/get_loggers] /rosout rosrpc://ubuntu:45287
[rosmaster.master][INFO] 2022-03-01 21:31:53,243: -SERVICE [/rosout/set_logger_level] /rosout rosrpc://ubuntu:45287
[rosmaster.master][INFO] 2022-03-01 21:31:53,245: -CACHEDPARAM [/rosout/omit_topics] by /rosout
[rosmaster.master][INFO] 2022-03-01 21:31:53,254: publisherUpdate[/rosout_agg] -> http://ubuntu:46035/ []
[rosmaster.master][INFO] 2022-03-01 21:31:53,264: publisherUpdate[/rosout_agg] -> http://ubuntu:46035/ []: sec=0.01, result=[1, '', 0]
[rosmaster.main][INFO] 2022-03-01 21:31:53,312: keyboard interrupt, will exit
[rosmaster.main][INFO] 2022-03-01 21:31:53,313: stopping master...
[rospy.core][INFO] 2022-03-01 21:31:53,314: signal_shutdown [atexit]
