running develop
/home/ubuntu/.local/lib/python3.6/site-packages/setuptools/command/easy_install.py:159: EasyInstallDeprecationWarning: easy_install command is deprecated. Use build and pip and other standards-based tools.
  EasyInstallDeprecationWarning,
/home/ubuntu/.local/lib/python3.6/site-packages/setuptools/command/install.py:37: SetuptoolsDeprecationWarning: setup.py install is deprecated. Use build and pip and other standards-based tools.
  setuptools.SetuptoolsDeprecationWarning,
/home/ubuntu/.local/lib/python3.6/site-packages/pkg_resources/__init__.py:119: PkgResourcesDeprecationWarning: 0.18ubuntu0.18.04.1 is an invalid version and will not be supported in a future release
  PkgResourcesDeprecationWarning,
running egg_info
creating ament_cppcheck.egg-info
writing ament_cppcheck.egg-info/PKG-INFO
writing dependency_links to ament_cppcheck.egg-info/dependency_links.txt
writing entry points to ament_cppcheck.egg-info/entry_points.txt
writing requirements to ament_cppcheck.egg-info/requires.txt
writing top-level names to ament_cppcheck.egg-info/top_level.txt
writing manifest file 'ament_cppcheck.egg-info/SOURCES.txt'
reading manifest file 'ament_cppcheck.egg-info/SOURCES.txt'
writing manifest file 'ament_cppcheck.egg-info/SOURCES.txt'
running build_ext
Creating /home/ubuntu/ros2_foxy/install/ament_cppcheck/lib/python3.6/site-packages/ament-cppcheck.egg-link (link to .)
Installing ament_cppcheck script to /home/ubuntu/ros2_foxy/install/ament_cppcheck/bin

Installed /home/ubuntu/ros2_foxy/build/ament_cppcheck
running install_data
copying package.xml -> /home/ubuntu/ros2_foxy/install/ament_cppcheck/share/ament_cppcheck
creating /home/ubuntu/ros2_foxy/install/ament_cppcheck/share/ament_index
creating /home/ubuntu/ros2_foxy/install/ament_cppcheck/share/ament_index/resource_index
creating /home/ubuntu/ros2_foxy/install/ament_cppcheck/share/ament_index/resource_index/packages
copying resource/ament_cppcheck -> /home/ubuntu/ros2_foxy/install/ament_cppcheck/share/ament_index/resource_index/packages
