[rospy.client][INFO] 2022-02-09 18:57:27,910: init_node, name[/talker], pid[25472]
[xmlrpc][INFO] 2022-02-09 18:57:27,911: XML-RPC server binding to 0.0.0.0:0
[xmlrpc][INFO] 2022-02-09 18:57:27,912: Started XML-RPC server [http://ubuntu:42241/]
[rospy.init][INFO] 2022-02-09 18:57:27,913: ROS Slave URI: [http://ubuntu:42241/]
[rospy.impl.masterslave][INFO] 2022-02-09 18:57:27,914: _ready: http://ubuntu:42241/
[rospy.registration][INFO] 2022-02-09 18:57:27,916: Registering with master node http://localhost:11311
[xmlrpc][INFO] 2022-02-09 18:57:27,917: xml rpc node: starting XML-RPC server
[rospy.registration][INFO] 2022-02-09 18:57:27,917: Registering publisher topic [/video/click] type [geometry_msgs/PointStamped] with master
[rospy.internal][INFO] 2022-02-09 18:57:28,006: topic[/video/click] adding connection to [/listener], count 0
[rospy.init][INFO] 2022-02-09 18:57:28,015: registered with master
[rospy.rosout][INFO] 2022-02-09 18:57:28,015: initializing /rosout core topic
[rospy.rosout][INFO] 2022-02-09 18:57:28,019: connected to core topic /rosout
[rospy.simtime][INFO] 2022-02-09 18:57:28,021: /use_sim_time is not set, will not subscribe to simulated time [/clock] topic
[rospy.internal][INFO] 2022-02-09 18:57:28,236: topic[/rosout] adding connection to [/rosout], count 0
[rospy.internal][INFO] 2022-02-09 18:57:29,670: topic[/video/click] adding connection to [/link_ros], count 1
[rospy.core][INFO] 2022-02-09 23:09:18,094: signal_shutdown [signal-2]
[rospy.internal][INFO] 2022-02-09 23:09:18,102: topic[/rosout] removing connection to /rosout
[rospy.internal][INFO] 2022-02-09 23:09:18,106: topic[/video/click] removing connection to /listener
[rospy.internal][INFO] 2022-02-09 23:09:18,107: topic[/video/click] removing connection to /link_ros
[rospy.impl.masterslave][INFO] 2022-02-09 23:09:18,108: signal-2
[rospy.core][INFO] 2022-02-09 23:09:18,725: signal_shutdown [atexit]
