-- Found ament_cmake_core: 0.9.9 (/home/ubuntu/ros2_foxy/install/ament_cmake_core/share/ament_cmake_core/cmake)
-- Found PythonInterp: /usr/bin/python3 (found suitable version "3.6.9", minimum required is "3") 
-- Using PYTHON_EXECUTABLE: /usr/bin/python3
-- Override CMake install command with custom implementation using symlinks instead of copying resources
-- Configuring done
-- Generating done
-- Build files have been written to: /home/ubuntu/ros2_foxy/build/ament_cmake_target_dependencies
[36mInstall the project...[0m
-- Install configuration: ""
-- Execute custom install script
-- Symlinking: /home/ubuntu/ros2_foxy/install/ament_cmake_target_dependencies/share/ament_index/resource_index/package_run_dependencies/ament_cmake_target_dependencies
-- Symlinking: /home/ubuntu/ros2_foxy/install/ament_cmake_target_dependencies/share/ament_index/resource_index/parent_prefix_path/ament_cmake_target_dependencies
-- Symlinking: /home/ubuntu/ros2_foxy/install/ament_cmake_target_dependencies/share/ament_cmake_target_dependencies/environment/ament_prefix_path.sh
-- Symlinking: /home/ubuntu/ros2_foxy/install/ament_cmake_target_dependencies/share/ament_cmake_target_dependencies/environment/ament_prefix_path.dsv
-- Symlinking: /home/ubuntu/ros2_foxy/install/ament_cmake_target_dependencies/share/ament_cmake_target_dependencies/environment/path.sh
-- Symlinking: /home/ubuntu/ros2_foxy/install/ament_cmake_target_dependencies/share/ament_cmake_target_dependencies/environment/path.dsv
-- Symlinking: /home/ubuntu/ros2_foxy/install/ament_cmake_target_dependencies/share/ament_cmake_target_dependencies/local_setup.bash
-- Symlinking: /home/ubuntu/ros2_foxy/install/ament_cmake_target_dependencies/share/ament_cmake_target_dependencies/local_setup.sh
-- Symlinking: /home/ubuntu/ros2_foxy/install/ament_cmake_target_dependencies/share/ament_cmake_target_dependencies/local_setup.zsh
-- Symlinking: /home/ubuntu/ros2_foxy/install/ament_cmake_target_dependencies/share/ament_cmake_target_dependencies/local_setup.dsv
-- Symlinking: /home/ubuntu/ros2_foxy/install/ament_cmake_target_dependencies/share/ament_cmake_target_dependencies/package.dsv
-- Symlinking: /home/ubuntu/ros2_foxy/install/ament_cmake_target_dependencies/share/ament_index/resource_index/packages/ament_cmake_target_dependencies
-- Symlinking: /home/ubuntu/ros2_foxy/install/ament_cmake_target_dependencies/share/ament_cmake_target_dependencies/cmake/ament_cmake_target_dependencies-extras.cmake
-- Symlinking: /home/ubuntu/ros2_foxy/install/ament_cmake_target_dependencies/share/ament_cmake_target_dependencies/cmake/ament_cmake_target_dependenciesConfig.cmake
-- Symlinking: /home/ubuntu/ros2_foxy/install/ament_cmake_target_dependencies/share/ament_cmake_target_dependencies/cmake/ament_cmake_target_dependenciesConfig-version.cmake
-- Symlinking: /home/ubuntu/ros2_foxy/install/ament_cmake_target_dependencies/share/ament_cmake_target_dependencies/package.xml
-- Symlinking: /home/ubuntu/ros2_foxy/install/ament_cmake_target_dependencies/share/ament_cmake_target_dependencies/cmake/ament_get_recursive_properties.cmake
-- Symlinking: /home/ubuntu/ros2_foxy/install/ament_cmake_target_dependencies/share/ament_cmake_target_dependencies/cmake/ament_target_dependencies.cmake
