[0.287s] Invoking command in '/home/ubuntu/ros2_foxy/build/ament_cmake_target_dependencies': AMENT_PREFIX_PATH=/home/ubuntu/ros2_foxy/install/ament_cmake_libraries:/home/ubuntu/ros2_foxy/install/ament_cmake_include_directories:/home/ubuntu/ros2_foxy/install/ament_cmake_core:/home/ubuntu/ros2_foxy/install/ament_package CMAKE_PREFIX_PATH=/home/ubuntu/ros2_foxy/install/ament_cmake_libraries:/home/ubuntu/ros2_foxy/install/ament_cmake_include_directories:/home/ubuntu/ros2_foxy/install/ament_cmake_core PYTHONPATH=/home/ubuntu/ros2_foxy/build/ament_package:/home/ubuntu/ros2_foxy/install/ament_package/lib/python3.6/site-packages /usr/bin/cmake /home/ubuntu/ros2_foxy/src/ament/ament_cmake/ament_cmake_target_dependencies -DAMENT_CMAKE_SYMLINK_INSTALL=1 -DCMAKE_INSTALL_PREFIX=/home/ubuntu/ros2_foxy/install/ament_cmake_target_dependencies
[0.475s] -- Found ament_cmake_core: 0.9.9 (/home/ubuntu/ros2_foxy/install/ament_cmake_core/share/ament_cmake_core/cmake)
[0.716s] -- Found PythonInterp: /usr/bin/python3 (found suitable version "3.6.9", minimum required is "3") 
[0.724s] -- Using PYTHON_EXECUTABLE: /usr/bin/python3
[3.583s] -- Override CMake install command with custom implementation using symlinks instead of copying resources
[4.317s] -- Configuring done
[4.339s] -- Generating done
[4.345s] -- Build files have been written to: /home/ubuntu/ros2_foxy/build/ament_cmake_target_dependencies
[6.322s] Invoked command in '/home/ubuntu/ros2_foxy/build/ament_cmake_target_dependencies' returned '0': AMENT_PREFIX_PATH=/home/ubuntu/ros2_foxy/install/ament_cmake_libraries:/home/ubuntu/ros2_foxy/install/ament_cmake_include_directories:/home/ubuntu/ros2_foxy/install/ament_cmake_core:/home/ubuntu/ros2_foxy/install/ament_package CMAKE_PREFIX_PATH=/home/ubuntu/ros2_foxy/install/ament_cmake_libraries:/home/ubuntu/ros2_foxy/install/ament_cmake_include_directories:/home/ubuntu/ros2_foxy/install/ament_cmake_core PYTHONPATH=/home/ubuntu/ros2_foxy/build/ament_package:/home/ubuntu/ros2_foxy/install/ament_package/lib/python3.6/site-packages /usr/bin/cmake /home/ubuntu/ros2_foxy/src/ament/ament_cmake/ament_cmake_target_dependencies -DAMENT_CMAKE_SYMLINK_INSTALL=1 -DCMAKE_INSTALL_PREFIX=/home/ubuntu/ros2_foxy/install/ament_cmake_target_dependencies
[6.327s] Invoking command in '/home/ubuntu/ros2_foxy/build/ament_cmake_target_dependencies': AMENT_PREFIX_PATH=/home/ubuntu/ros2_foxy/install/ament_cmake_libraries:/home/ubuntu/ros2_foxy/install/ament_cmake_include_directories:/home/ubuntu/ros2_foxy/install/ament_cmake_core:/home/ubuntu/ros2_foxy/install/ament_package CMAKE_PREFIX_PATH=/home/ubuntu/ros2_foxy/install/ament_cmake_libraries:/home/ubuntu/ros2_foxy/install/ament_cmake_include_directories:/home/ubuntu/ros2_foxy/install/ament_cmake_core PYTHONPATH=/home/ubuntu/ros2_foxy/build/ament_package:/home/ubuntu/ros2_foxy/install/ament_package/lib/python3.6/site-packages /usr/bin/cmake --build /home/ubuntu/ros2_foxy/build/ament_cmake_target_dependencies -- -j4 -l4
[6.574s] Invoked command in '/home/ubuntu/ros2_foxy/build/ament_cmake_target_dependencies' returned '0': AMENT_PREFIX_PATH=/home/ubuntu/ros2_foxy/install/ament_cmake_libraries:/home/ubuntu/ros2_foxy/install/ament_cmake_include_directories:/home/ubuntu/ros2_foxy/install/ament_cmake_core:/home/ubuntu/ros2_foxy/install/ament_package CMAKE_PREFIX_PATH=/home/ubuntu/ros2_foxy/install/ament_cmake_libraries:/home/ubuntu/ros2_foxy/install/ament_cmake_include_directories:/home/ubuntu/ros2_foxy/install/ament_cmake_core PYTHONPATH=/home/ubuntu/ros2_foxy/build/ament_package:/home/ubuntu/ros2_foxy/install/ament_package/lib/python3.6/site-packages /usr/bin/cmake --build /home/ubuntu/ros2_foxy/build/ament_cmake_target_dependencies -- -j4 -l4
[6.702s] Invoking command in '/home/ubuntu/ros2_foxy/build/ament_cmake_target_dependencies': AMENT_PREFIX_PATH=/home/ubuntu/ros2_foxy/install/ament_cmake_libraries:/home/ubuntu/ros2_foxy/install/ament_cmake_include_directories:/home/ubuntu/ros2_foxy/install/ament_cmake_core:/home/ubuntu/ros2_foxy/install/ament_package CMAKE_PREFIX_PATH=/home/ubuntu/ros2_foxy/install/ament_cmake_libraries:/home/ubuntu/ros2_foxy/install/ament_cmake_include_directories:/home/ubuntu/ros2_foxy/install/ament_cmake_core PYTHONPATH=/home/ubuntu/ros2_foxy/build/ament_package:/home/ubuntu/ros2_foxy/install/ament_package/lib/python3.6/site-packages /usr/bin/cmake --build /home/ubuntu/ros2_foxy/build/ament_cmake_target_dependencies --target install -- -j4 -l4
[6.953s] [36mInstall the project...[0m
[7.011s] -- Install configuration: ""
[7.015s] -- Execute custom install script
[7.018s] -- Symlinking: /home/ubuntu/ros2_foxy/install/ament_cmake_target_dependencies/share/ament_index/resource_index/package_run_dependencies/ament_cmake_target_dependencies
[7.070s] -- Symlinking: /home/ubuntu/ros2_foxy/install/ament_cmake_target_dependencies/share/ament_index/resource_index/parent_prefix_path/ament_cmake_target_dependencies
[7.111s] -- Symlinking: /home/ubuntu/ros2_foxy/install/ament_cmake_target_dependencies/share/ament_cmake_target_dependencies/environment/ament_prefix_path.sh
[7.155s] -- Symlinking: /home/ubuntu/ros2_foxy/install/ament_cmake_target_dependencies/share/ament_cmake_target_dependencies/environment/ament_prefix_path.dsv
[7.200s] -- Symlinking: /home/ubuntu/ros2_foxy/install/ament_cmake_target_dependencies/share/ament_cmake_target_dependencies/environment/path.sh
[7.246s] -- Symlinking: /home/ubuntu/ros2_foxy/install/ament_cmake_target_dependencies/share/ament_cmake_target_dependencies/environment/path.dsv
[7.300s] -- Symlinking: /home/ubuntu/ros2_foxy/install/ament_cmake_target_dependencies/share/ament_cmake_target_dependencies/local_setup.bash
[7.339s] -- Symlinking: /home/ubuntu/ros2_foxy/install/ament_cmake_target_dependencies/share/ament_cmake_target_dependencies/local_setup.sh
[7.377s] -- Symlinking: /home/ubuntu/ros2_foxy/install/ament_cmake_target_dependencies/share/ament_cmake_target_dependencies/local_setup.zsh
[7.416s] -- Symlinking: /home/ubuntu/ros2_foxy/install/ament_cmake_target_dependencies/share/ament_cmake_target_dependencies/local_setup.dsv
[7.462s] -- Symlinking: /home/ubuntu/ros2_foxy/install/ament_cmake_target_dependencies/share/ament_cmake_target_dependencies/package.dsv
[7.505s] -- Symlinking: /home/ubuntu/ros2_foxy/install/ament_cmake_target_dependencies/share/ament_index/resource_index/packages/ament_cmake_target_dependencies
[7.585s] -- Symlinking: /home/ubuntu/ros2_foxy/install/ament_cmake_target_dependencies/share/ament_cmake_target_dependencies/cmake/ament_cmake_target_dependencies-extras.cmake
[7.632s] -- Symlinking: /home/ubuntu/ros2_foxy/install/ament_cmake_target_dependencies/share/ament_cmake_target_dependencies/cmake/ament_cmake_target_dependenciesConfig.cmake
[7.672s] -- Symlinking: /home/ubuntu/ros2_foxy/install/ament_cmake_target_dependencies/share/ament_cmake_target_dependencies/cmake/ament_cmake_target_dependenciesConfig-version.cmake
[7.719s] -- Symlinking: /home/ubuntu/ros2_foxy/install/ament_cmake_target_dependencies/share/ament_cmake_target_dependencies/package.xml
[7.765s] -- Symlinking: /home/ubuntu/ros2_foxy/install/ament_cmake_target_dependencies/share/ament_cmake_target_dependencies/cmake/ament_get_recursive_properties.cmake
[7.817s] -- Symlinking: /home/ubuntu/ros2_foxy/install/ament_cmake_target_dependencies/share/ament_cmake_target_dependencies/cmake/ament_target_dependencies.cmake
[7.880s] Invoked command in '/home/ubuntu/ros2_foxy/build/ament_cmake_target_dependencies' returned '0': AMENT_PREFIX_PATH=/home/ubuntu/ros2_foxy/install/ament_cmake_libraries:/home/ubuntu/ros2_foxy/install/ament_cmake_include_directories:/home/ubuntu/ros2_foxy/install/ament_cmake_core:/home/ubuntu/ros2_foxy/install/ament_package CMAKE_PREFIX_PATH=/home/ubuntu/ros2_foxy/install/ament_cmake_libraries:/home/ubuntu/ros2_foxy/install/ament_cmake_include_directories:/home/ubuntu/ros2_foxy/install/ament_cmake_core PYTHONPATH=/home/ubuntu/ros2_foxy/build/ament_package:/home/ubuntu/ros2_foxy/install/ament_package/lib/python3.6/site-packages /usr/bin/cmake --build /home/ubuntu/ros2_foxy/build/ament_cmake_target_dependencies --target install -- -j4 -l4
