[rospy.client][INFO] 2022-04-07 16:03:43,589: init_node, name[/joystick], pid[3851]
[xmlrpc][INFO] 2022-04-07 16:03:43,592: XML-RPC server binding to 0.0.0.0:0
[xmlrpc][INFO] 2022-04-07 16:03:43,593: Started XML-RPC server [http://ubuntu:45835/]
[rospy.init][INFO] 2022-04-07 16:03:43,594: ROS Slave URI: [http://ubuntu:45835/]
[rospy.impl.masterslave][INFO] 2022-04-07 16:03:43,594: _ready: http://ubuntu:45835/
[rospy.registration][INFO] 2022-04-07 16:03:43,599: Registering with master node http://localhost:11311
[xmlrpc][INFO] 2022-04-07 16:03:43,599: xml rpc node: starting XML-RPC server
[rospy.init][INFO] 2022-04-07 16:03:43,695: registered with master
[rospy.rosout][INFO] 2022-04-07 16:03:43,696: initializing /rosout core topic
[rospy.rosout][INFO] 2022-04-07 16:03:43,702: connected to core topic /rosout
[rospy.simtime][INFO] 2022-04-07 16:03:43,705: /use_sim_time is not set, will not subscribe to simulated time [/clock] topic
[rospy.internal][INFO] 2022-04-07 16:03:43,874: topic[/rosout] adding connection to [/rosout], count 0
[rospy.internal][INFO] 2022-04-07 16:09:26,301: topic[/cmd_vel] adding connection to [http://ubuntu:36359/], count 0
[rosout][ERROR] 2022-04-07 16:09:26,487: bad callback: <function joystick_callback at 0xffffb8297bd0>
Traceback (most recent call last):
  File "/opt/ros/melodic/lib/python2.7/dist-packages/rospy/topics.py", line 750, in _invoke_callback
    cb(msg)
  File "/home/ubuntu/catkin_ws/src/beginner_tutorials/scripts/joystick.py", line 32, in joystick_callback
    move_motor(y_axis, '5000')
  File "/home/ubuntu/catkin_ws/src/beginner_tutorials/scripts/joystick.py", line 28, in move_motor
    revolutions)
  File "/home/ubuntu/catkin_ws/src/beginner_tutorials/scripts/joystick.py", line 24, in ticcmd
    return subprocess.check_output(['ticcmd'] + list(args))
  File "/usr/lib/python2.7/subprocess.py", line 223, in check_output
    raise CalledProcessError(retcode, cmd, output=output)
CalledProcessError: Command '['ticcmd', '--exit-safe-start', '--step-mode', '1', '-d', '00339700', '--current', '300', '--position', '5000']' returned non-zero exit status 2

[rosout][ERROR] 2022-04-07 16:09:26,604: bad callback: <function joystick_callback at 0xffffb8297bd0>
Traceback (most recent call last):
  File "/opt/ros/melodic/lib/python2.7/dist-packages/rospy/topics.py", line 750, in _invoke_callback
    cb(msg)
  File "/home/ubuntu/catkin_ws/src/beginner_tutorials/scripts/joystick.py", line 32, in joystick_callback
    move_motor(y_axis, '5000')
  File "/home/ubuntu/catkin_ws/src/beginner_tutorials/scripts/joystick.py", line 28, in move_motor
    revolutions)
  File "/home/ubuntu/catkin_ws/src/beginner_tutorials/scripts/joystick.py", line 24, in ticcmd
    return subprocess.check_output(['ticcmd'] + list(args))
  File "/usr/lib/python2.7/subprocess.py", line 223, in check_output
    raise CalledProcessError(retcode, cmd, output=output)
CalledProcessError: Command '['ticcmd', '--exit-safe-start', '--step-mode', '1', '-d', '00339700', '--current', '300', '--position', '5000']' returned non-zero exit status 2

[rosout][ERROR] 2022-04-07 16:09:26,709: bad callback: <function joystick_callback at 0xffffb8297bd0>
Traceback (most recent call last):
  File "/opt/ros/melodic/lib/python2.7/dist-packages/rospy/topics.py", line 750, in _invoke_callback
    cb(msg)
  File "/home/ubuntu/catkin_ws/src/beginner_tutorials/scripts/joystick.py", line 32, in joystick_callback
    move_motor(y_axis, '5000')
  File "/home/ubuntu/catkin_ws/src/beginner_tutorials/scripts/joystick.py", line 28, in move_motor
    revolutions)
  File "/home/ubuntu/catkin_ws/src/beginner_tutorials/scripts/joystick.py", line 24, in ticcmd
    return subprocess.check_output(['ticcmd'] + list(args))
  File "/usr/lib/python2.7/subprocess.py", line 223, in check_output
    raise CalledProcessError(retcode, cmd, output=output)
CalledProcessError: Command '['ticcmd', '--exit-safe-start', '--step-mode', '1', '-d', '00339700', '--current', '300', '--position', '5000']' returned non-zero exit status 2

[rosout][ERROR] 2022-04-07 16:09:26,872: bad callback: <function joystick_callback at 0xffffb8297bd0>
Traceback (most recent call last):
  File "/opt/ros/melodic/lib/python2.7/dist-packages/rospy/topics.py", line 750, in _invoke_callback
    cb(msg)
  File "/home/ubuntu/catkin_ws/src/beginner_tutorials/scripts/joystick.py", line 34, in joystick_callback
    move_motor(y_axis, '-1000')
  File "/home/ubuntu/catkin_ws/src/beginner_tutorials/scripts/joystick.py", line 28, in move_motor
    revolutions)
  File "/home/ubuntu/catkin_ws/src/beginner_tutorials/scripts/joystick.py", line 24, in ticcmd
    return subprocess.check_output(['ticcmd'] + list(args))
  File "/usr/lib/python2.7/subprocess.py", line 223, in check_output
    raise CalledProcessError(retcode, cmd, output=output)
CalledProcessError: Command '['ticcmd', '--exit-safe-start', '--step-mode', '1', '-d', '00339700', '--current', '300', '--position', '-1000']' returned non-zero exit status 2

[rosout][ERROR] 2022-04-07 16:09:29,516: bad callback: <function joystick_callback at 0xffffb8297bd0>
Traceback (most recent call last):
  File "/opt/ros/melodic/lib/python2.7/dist-packages/rospy/topics.py", line 750, in _invoke_callback
    cb(msg)
  File "/home/ubuntu/catkin_ws/src/beginner_tutorials/scripts/joystick.py", line 34, in joystick_callback
    move_motor(y_axis, '-1000')
  File "/home/ubuntu/catkin_ws/src/beginner_tutorials/scripts/joystick.py", line 28, in move_motor
    revolutions)
  File "/home/ubuntu/catkin_ws/src/beginner_tutorials/scripts/joystick.py", line 24, in ticcmd
    return subprocess.check_output(['ticcmd'] + list(args))
  File "/usr/lib/python2.7/subprocess.py", line 223, in check_output
    raise CalledProcessError(retcode, cmd, output=output)
CalledProcessError: Command '['ticcmd', '--exit-safe-start', '--step-mode', '1', '-d', '00339700', '--current', '300', '--position', '-1000']' returned non-zero exit status 2

[rosout][ERROR] 2022-04-07 16:09:30,779: bad callback: <function joystick_callback at 0xffffb8297bd0>
Traceback (most recent call last):
  File "/opt/ros/melodic/lib/python2.7/dist-packages/rospy/topics.py", line 750, in _invoke_callback
    cb(msg)
  File "/home/ubuntu/catkin_ws/src/beginner_tutorials/scripts/joystick.py", line 34, in joystick_callback
    move_motor(y_axis, '-1000')
  File "/home/ubuntu/catkin_ws/src/beginner_tutorials/scripts/joystick.py", line 28, in move_motor
    revolutions)
  File "/home/ubuntu/catkin_ws/src/beginner_tutorials/scripts/joystick.py", line 24, in ticcmd
    return subprocess.check_output(['ticcmd'] + list(args))
  File "/usr/lib/python2.7/subprocess.py", line 223, in check_output
    raise CalledProcessError(retcode, cmd, output=output)
CalledProcessError: Command '['ticcmd', '--exit-safe-start', '--step-mode', '1', '-d', '00339700', '--current', '300', '--position', '-1000']' returned non-zero exit status 2

[rosout][ERROR] 2022-04-07 16:09:30,886: bad callback: <function joystick_callback at 0xffffb8297bd0>
Traceback (most recent call last):
  File "/opt/ros/melodic/lib/python2.7/dist-packages/rospy/topics.py", line 750, in _invoke_callback
    cb(msg)
  File "/home/ubuntu/catkin_ws/src/beginner_tutorials/scripts/joystick.py", line 34, in joystick_callback
    move_motor(y_axis, '-1000')
  File "/home/ubuntu/catkin_ws/src/beginner_tutorials/scripts/joystick.py", line 28, in move_motor
    revolutions)
  File "/home/ubuntu/catkin_ws/src/beginner_tutorials/scripts/joystick.py", line 24, in ticcmd
    return subprocess.check_output(['ticcmd'] + list(args))
  File "/usr/lib/python2.7/subprocess.py", line 223, in check_output
    raise CalledProcessError(retcode, cmd, output=output)
CalledProcessError: Command '['ticcmd', '--exit-safe-start', '--step-mode', '1', '-d', '00339700', '--current', '300', '--position', '-1000']' returned non-zero exit status 2

[rosout][ERROR] 2022-04-07 16:09:31,016: bad callback: <function joystick_callback at 0xffffb8297bd0>
Traceback (most recent call last):
  File "/opt/ros/melodic/lib/python2.7/dist-packages/rospy/topics.py", line 750, in _invoke_callback
    cb(msg)
  File "/home/ubuntu/catkin_ws/src/beginner_tutorials/scripts/joystick.py", line 34, in joystick_callback
    move_motor(y_axis, '-1000')
  File "/home/ubuntu/catkin_ws/src/beginner_tutorials/scripts/joystick.py", line 28, in move_motor
    revolutions)
  File "/home/ubuntu/catkin_ws/src/beginner_tutorials/scripts/joystick.py", line 24, in ticcmd
    return subprocess.check_output(['ticcmd'] + list(args))
  File "/usr/lib/python2.7/subprocess.py", line 223, in check_output
    raise CalledProcessError(retcode, cmd, output=output)
CalledProcessError: Command '['ticcmd', '--exit-safe-start', '--step-mode', '1', '-d', '00339700', '--current', '300', '--position', '-1000']' returned non-zero exit status 2

[rosout][ERROR] 2022-04-07 16:09:31,158: bad callback: <function joystick_callback at 0xffffb8297bd0>
Traceback (most recent call last):
  File "/opt/ros/melodic/lib/python2.7/dist-packages/rospy/topics.py", line 750, in _invoke_callback
    cb(msg)
  File "/home/ubuntu/catkin_ws/src/beginner_tutorials/scripts/joystick.py", line 34, in joystick_callback
    move_motor(y_axis, '-1000')
  File "/home/ubuntu/catkin_ws/src/beginner_tutorials/scripts/joystick.py", line 28, in move_motor
    revolutions)
  File "/home/ubuntu/catkin_ws/src/beginner_tutorials/scripts/joystick.py", line 24, in ticcmd
    return subprocess.check_output(['ticcmd'] + list(args))
  File "/usr/lib/python2.7/subprocess.py", line 223, in check_output
    raise CalledProcessError(retcode, cmd, output=output)
CalledProcessError: Command '['ticcmd', '--exit-safe-start', '--step-mode', '1', '-d', '00339700', '--current', '300', '--position', '-1000']' returned non-zero exit status 2

[rosout][ERROR] 2022-04-07 16:09:31,421: bad callback: <function joystick_callback at 0xffffb8297bd0>
Traceback (most recent call last):
  File "/opt/ros/melodic/lib/python2.7/dist-packages/rospy/topics.py", line 750, in _invoke_callback
    cb(msg)
  File "/home/ubuntu/catkin_ws/src/beginner_tutorials/scripts/joystick.py", line 34, in joystick_callback
    move_motor(y_axis, '-1000')
  File "/home/ubuntu/catkin_ws/src/beginner_tutorials/scripts/joystick.py", line 28, in move_motor
    revolutions)
  File "/home/ubuntu/catkin_ws/src/beginner_tutorials/scripts/joystick.py", line 24, in ticcmd
    return subprocess.check_output(['ticcmd'] + list(args))
  File "/usr/lib/python2.7/subprocess.py", line 223, in check_output
    raise CalledProcessError(retcode, cmd, output=output)
CalledProcessError: Command '['ticcmd', '--exit-safe-start', '--step-mode', '1', '-d', '00339700', '--current', '300', '--position', '-1000']' returned non-zero exit status 2

[rosout][ERROR] 2022-04-07 16:09:31,530: bad callback: <function joystick_callback at 0xffffb8297bd0>
Traceback (most recent call last):
  File "/opt/ros/melodic/lib/python2.7/dist-packages/rospy/topics.py", line 750, in _invoke_callback
    cb(msg)
  File "/home/ubuntu/catkin_ws/src/beginner_tutorials/scripts/joystick.py", line 34, in joystick_callback
    move_motor(y_axis, '-1000')
  File "/home/ubuntu/catkin_ws/src/beginner_tutorials/scripts/joystick.py", line 28, in move_motor
    revolutions)
  File "/home/ubuntu/catkin_ws/src/beginner_tutorials/scripts/joystick.py", line 24, in ticcmd
    return subprocess.check_output(['ticcmd'] + list(args))
  File "/usr/lib/python2.7/subprocess.py", line 223, in check_output
    raise CalledProcessError(retcode, cmd, output=output)
CalledProcessError: Command '['ticcmd', '--exit-safe-start', '--step-mode', '1', '-d', '00339700', '--current', '300', '--position', '-1000']' returned non-zero exit status 2

[rosout][ERROR] 2022-04-07 16:09:32,451: bad callback: <function joystick_callback at 0xffffb8297bd0>
Traceback (most recent call last):
  File "/opt/ros/melodic/lib/python2.7/dist-packages/rospy/topics.py", line 750, in _invoke_callback
    cb(msg)
  File "/home/ubuntu/catkin_ws/src/beginner_tutorials/scripts/joystick.py", line 34, in joystick_callback
    move_motor(y_axis, '-1000')
  File "/home/ubuntu/catkin_ws/src/beginner_tutorials/scripts/joystick.py", line 28, in move_motor
    revolutions)
  File "/home/ubuntu/catkin_ws/src/beginner_tutorials/scripts/joystick.py", line 24, in ticcmd
    return subprocess.check_output(['ticcmd'] + list(args))
  File "/usr/lib/python2.7/subprocess.py", line 223, in check_output
    raise CalledProcessError(retcode, cmd, output=output)
CalledProcessError: Command '['ticcmd', '--exit-safe-start', '--step-mode', '1', '-d', '00339700', '--current', '300', '--position', '-1000']' returned non-zero exit status 2

[rosout][ERROR] 2022-04-07 16:09:32,578: bad callback: <function joystick_callback at 0xffffb8297bd0>
Traceback (most recent call last):
  File "/opt/ros/melodic/lib/python2.7/dist-packages/rospy/topics.py", line 750, in _invoke_callback
    cb(msg)
  File "/home/ubuntu/catkin_ws/src/beginner_tutorials/scripts/joystick.py", line 32, in joystick_callback
    move_motor(y_axis, '5000')
  File "/home/ubuntu/catkin_ws/src/beginner_tutorials/scripts/joystick.py", line 28, in move_motor
    revolutions)
  File "/home/ubuntu/catkin_ws/src/beginner_tutorials/scripts/joystick.py", line 24, in ticcmd
    return subprocess.check_output(['ticcmd'] + list(args))
  File "/usr/lib/python2.7/subprocess.py", line 223, in check_output
    raise CalledProcessError(retcode, cmd, output=output)
CalledProcessError: Command '['ticcmd', '--exit-safe-start', '--step-mode', '1', '-d', '00339700', '--current', '300', '--position', '5000']' returned non-zero exit status 2

[rosout][ERROR] 2022-04-07 16:09:32,698: bad callback: <function joystick_callback at 0xffffb8297bd0>
Traceback (most recent call last):
  File "/opt/ros/melodic/lib/python2.7/dist-packages/rospy/topics.py", line 750, in _invoke_callback
    cb(msg)
  File "/home/ubuntu/catkin_ws/src/beginner_tutorials/scripts/joystick.py", line 32, in joystick_callback
    move_motor(y_axis, '5000')
  File "/home/ubuntu/catkin_ws/src/beginner_tutorials/scripts/joystick.py", line 28, in move_motor
    revolutions)
  File "/home/ubuntu/catkin_ws/src/beginner_tutorials/scripts/joystick.py", line 24, in ticcmd
    return subprocess.check_output(['ticcmd'] + list(args))
  File "/usr/lib/python2.7/subprocess.py", line 223, in check_output
    raise CalledProcessError(retcode, cmd, output=output)
CalledProcessError: Command '['ticcmd', '--exit-safe-start', '--step-mode', '1', '-d', '00339700', '--current', '300', '--position', '5000']' returned non-zero exit status 2

[rosout][ERROR] 2022-04-07 16:09:32,811: bad callback: <function joystick_callback at 0xffffb8297bd0>
Traceback (most recent call last):
  File "/opt/ros/melodic/lib/python2.7/dist-packages/rospy/topics.py", line 750, in _invoke_callback
    cb(msg)
  File "/home/ubuntu/catkin_ws/src/beginner_tutorials/scripts/joystick.py", line 32, in joystick_callback
    move_motor(y_axis, '5000')
  File "/home/ubuntu/catkin_ws/src/beginner_tutorials/scripts/joystick.py", line 28, in move_motor
    revolutions)
  File "/home/ubuntu/catkin_ws/src/beginner_tutorials/scripts/joystick.py", line 24, in ticcmd
    return subprocess.check_output(['ticcmd'] + list(args))
  File "/usr/lib/python2.7/subprocess.py", line 223, in check_output
    raise CalledProcessError(retcode, cmd, output=output)
CalledProcessError: Command '['ticcmd', '--exit-safe-start', '--step-mode', '1', '-d', '00339700', '--current', '300', '--position', '5000']' returned non-zero exit status 2

[rosout][ERROR] 2022-04-07 16:09:32,929: bad callback: <function joystick_callback at 0xffffb8297bd0>
Traceback (most recent call last):
  File "/opt/ros/melodic/lib/python2.7/dist-packages/rospy/topics.py", line 750, in _invoke_callback
    cb(msg)
  File "/home/ubuntu/catkin_ws/src/beginner_tutorials/scripts/joystick.py", line 32, in joystick_callback
    move_motor(y_axis, '5000')
  File "/home/ubuntu/catkin_ws/src/beginner_tutorials/scripts/joystick.py", line 28, in move_motor
    revolutions)
  File "/home/ubuntu/catkin_ws/src/beginner_tutorials/scripts/joystick.py", line 24, in ticcmd
    return subprocess.check_output(['ticcmd'] + list(args))
  File "/usr/lib/python2.7/subprocess.py", line 223, in check_output
    raise CalledProcessError(retcode, cmd, output=output)
CalledProcessError: Command '['ticcmd', '--exit-safe-start', '--step-mode', '1', '-d', '00339700', '--current', '300', '--position', '5000']' returned non-zero exit status 2

[rosout][ERROR] 2022-04-07 16:09:33,505: bad callback: <function joystick_callback at 0xffffb8297bd0>
Traceback (most recent call last):
  File "/opt/ros/melodic/lib/python2.7/dist-packages/rospy/topics.py", line 750, in _invoke_callback
    cb(msg)
  File "/home/ubuntu/catkin_ws/src/beginner_tutorials/scripts/joystick.py", line 34, in joystick_callback
    move_motor(y_axis, '-1000')
  File "/home/ubuntu/catkin_ws/src/beginner_tutorials/scripts/joystick.py", line 28, in move_motor
    revolutions)
  File "/home/ubuntu/catkin_ws/src/beginner_tutorials/scripts/joystick.py", line 24, in ticcmd
    return subprocess.check_output(['ticcmd'] + list(args))
  File "/usr/lib/python2.7/subprocess.py", line 223, in check_output
    raise CalledProcessError(retcode, cmd, output=output)
CalledProcessError: Command '['ticcmd', '--exit-safe-start', '--step-mode', '1', '-d', '00339700', '--current', '300', '--position', '-1000']' returned non-zero exit status 2

[rosout][ERROR] 2022-04-07 16:09:33,606: bad callback: <function joystick_callback at 0xffffb8297bd0>
Traceback (most recent call last):
  File "/opt/ros/melodic/lib/python2.7/dist-packages/rospy/topics.py", line 750, in _invoke_callback
    cb(msg)
  File "/home/ubuntu/catkin_ws/src/beginner_tutorials/scripts/joystick.py", line 34, in joystick_callback
    move_motor(y_axis, '-1000')
  File "/home/ubuntu/catkin_ws/src/beginner_tutorials/scripts/joystick.py", line 28, in move_motor
    revolutions)
  File "/home/ubuntu/catkin_ws/src/beginner_tutorials/scripts/joystick.py", line 24, in ticcmd
    return subprocess.check_output(['ticcmd'] + list(args))
  File "/usr/lib/python2.7/subprocess.py", line 223, in check_output
    raise CalledProcessError(retcode, cmd, output=output)
CalledProcessError: Command '['ticcmd', '--exit-safe-start', '--step-mode', '1', '-d', '00339700', '--current', '300', '--position', '-1000']' returned non-zero exit status 2

[rosout][ERROR] 2022-04-07 16:09:33,708: bad callback: <function joystick_callback at 0xffffb8297bd0>
Traceback (most recent call last):
  File "/opt/ros/melodic/lib/python2.7/dist-packages/rospy/topics.py", line 750, in _invoke_callback
    cb(msg)
  File "/home/ubuntu/catkin_ws/src/beginner_tutorials/scripts/joystick.py", line 34, in joystick_callback
    move_motor(y_axis, '-1000')
  File "/home/ubuntu/catkin_ws/src/beginner_tutorials/scripts/joystick.py", line 28, in move_motor
    revolutions)
  File "/home/ubuntu/catkin_ws/src/beginner_tutorials/scripts/joystick.py", line 24, in ticcmd
    return subprocess.check_output(['ticcmd'] + list(args))
  File "/usr/lib/python2.7/subprocess.py", line 223, in check_output
    raise CalledProcessError(retcode, cmd, output=output)
CalledProcessError: Command '['ticcmd', '--exit-safe-start', '--step-mode', '1', '-d', '00339700', '--current', '300', '--position', '-1000']' returned non-zero exit status 2

[rosout][ERROR] 2022-04-07 16:09:33,808: bad callback: <function joystick_callback at 0xffffb8297bd0>
Traceback (most recent call last):
  File "/opt/ros/melodic/lib/python2.7/dist-packages/rospy/topics.py", line 750, in _invoke_callback
    cb(msg)
  File "/home/ubuntu/catkin_ws/src/beginner_tutorials/scripts/joystick.py", line 34, in joystick_callback
    move_motor(y_axis, '-1000')
  File "/home/ubuntu/catkin_ws/src/beginner_tutorials/scripts/joystick.py", line 28, in move_motor
    revolutions)
  File "/home/ubuntu/catkin_ws/src/beginner_tutorials/scripts/joystick.py", line 24, in ticcmd
    return subprocess.check_output(['ticcmd'] + list(args))
  File "/usr/lib/python2.7/subprocess.py", line 223, in check_output
    raise CalledProcessError(retcode, cmd, output=output)
CalledProcessError: Command '['ticcmd', '--exit-safe-start', '--step-mode', '1', '-d', '00339700', '--current', '300', '--position', '-1000']' returned non-zero exit status 2

[rosout][ERROR] 2022-04-07 16:09:33,920: bad callback: <function joystick_callback at 0xffffb8297bd0>
Traceback (most recent call last):
  File "/opt/ros/melodic/lib/python2.7/dist-packages/rospy/topics.py", line 750, in _invoke_callback
    cb(msg)
  File "/home/ubuntu/catkin_ws/src/beginner_tutorials/scripts/joystick.py", line 34, in joystick_callback
    move_motor(y_axis, '-1000')
  File "/home/ubuntu/catkin_ws/src/beginner_tutorials/scripts/joystick.py", line 28, in move_motor
    revolutions)
  File "/home/ubuntu/catkin_ws/src/beginner_tutorials/scripts/joystick.py", line 24, in ticcmd
    return subprocess.check_output(['ticcmd'] + list(args))
  File "/usr/lib/python2.7/subprocess.py", line 223, in check_output
    raise CalledProcessError(retcode, cmd, output=output)
CalledProcessError: Command '['ticcmd', '--exit-safe-start', '--step-mode', '1', '-d', '00339700', '--current', '300', '--position', '-1000']' returned non-zero exit status 2

[rosout][ERROR] 2022-04-07 16:09:34,024: bad callback: <function joystick_callback at 0xffffb8297bd0>
Traceback (most recent call last):
  File "/opt/ros/melodic/lib/python2.7/dist-packages/rospy/topics.py", line 750, in _invoke_callback
    cb(msg)
  File "/home/ubuntu/catkin_ws/src/beginner_tutorials/scripts/joystick.py", line 34, in joystick_callback
    move_motor(y_axis, '-1000')
  File "/home/ubuntu/catkin_ws/src/beginner_tutorials/scripts/joystick.py", line 28, in move_motor
    revolutions)
  File "/home/ubuntu/catkin_ws/src/beginner_tutorials/scripts/joystick.py", line 24, in ticcmd
    return subprocess.check_output(['ticcmd'] + list(args))
  File "/usr/lib/python2.7/subprocess.py", line 223, in check_output
    raise CalledProcessError(retcode, cmd, output=output)
CalledProcessError: Command '['ticcmd', '--exit-safe-start', '--step-mode', '1', '-d', '00339700', '--current', '300', '--position', '-1000']' returned non-zero exit status 2

[rosout][ERROR] 2022-04-07 16:09:34,562: bad callback: <function joystick_callback at 0xffffb8297bd0>
Traceback (most recent call last):
  File "/opt/ros/melodic/lib/python2.7/dist-packages/rospy/topics.py", line 750, in _invoke_callback
    cb(msg)
  File "/home/ubuntu/catkin_ws/src/beginner_tutorials/scripts/joystick.py", line 34, in joystick_callback
    move_motor(y_axis, '-1000')
  File "/home/ubuntu/catkin_ws/src/beginner_tutorials/scripts/joystick.py", line 28, in move_motor
    revolutions)
  File "/home/ubuntu/catkin_ws/src/beginner_tutorials/scripts/joystick.py", line 24, in ticcmd
    return subprocess.check_output(['ticcmd'] + list(args))
  File "/usr/lib/python2.7/subprocess.py", line 223, in check_output
    raise CalledProcessError(retcode, cmd, output=output)
CalledProcessError: Command '['ticcmd', '--exit-safe-start', '--step-mode', '1', '-d', '00339700', '--current', '300', '--position', '-1000']' returned non-zero exit status 2

[rosout][ERROR] 2022-04-07 16:09:34,686: bad callback: <function joystick_callback at 0xffffb8297bd0>
Traceback (most recent call last):
  File "/opt/ros/melodic/lib/python2.7/dist-packages/rospy/topics.py", line 750, in _invoke_callback
    cb(msg)
  File "/home/ubuntu/catkin_ws/src/beginner_tutorials/scripts/joystick.py", line 34, in joystick_callback
    move_motor(y_axis, '-1000')
  File "/home/ubuntu/catkin_ws/src/beginner_tutorials/scripts/joystick.py", line 28, in move_motor
    revolutions)
  File "/home/ubuntu/catkin_ws/src/beginner_tutorials/scripts/joystick.py", line 24, in ticcmd
    return subprocess.check_output(['ticcmd'] + list(args))
  File "/usr/lib/python2.7/subprocess.py", line 223, in check_output
    raise CalledProcessError(retcode, cmd, output=output)
CalledProcessError: Command '['ticcmd', '--exit-safe-start', '--step-mode', '1', '-d', '00339700', '--current', '300', '--position', '-1000']' returned non-zero exit status 2

[rosout][ERROR] 2022-04-07 16:09:34,818: bad callback: <function joystick_callback at 0xffffb8297bd0>
Traceback (most recent call last):
  File "/opt/ros/melodic/lib/python2.7/dist-packages/rospy/topics.py", line 750, in _invoke_callback
    cb(msg)
  File "/home/ubuntu/catkin_ws/src/beginner_tutorials/scripts/joystick.py", line 34, in joystick_callback
    move_motor(y_axis, '-1000')
  File "/home/ubuntu/catkin_ws/src/beginner_tutorials/scripts/joystick.py", line 28, in move_motor
    revolutions)
  File "/home/ubuntu/catkin_ws/src/beginner_tutorials/scripts/joystick.py", line 24, in ticcmd
    return subprocess.check_output(['ticcmd'] + list(args))
  File "/usr/lib/python2.7/subprocess.py", line 223, in check_output
    raise CalledProcessError(retcode, cmd, output=output)
CalledProcessError: Command '['ticcmd', '--exit-safe-start', '--step-mode', '1', '-d', '00339700', '--current', '300', '--position', '-1000']' returned non-zero exit status 2

[rosout][ERROR] 2022-04-07 16:09:34,929: bad callback: <function joystick_callback at 0xffffb8297bd0>
Traceback (most recent call last):
  File "/opt/ros/melodic/lib/python2.7/dist-packages/rospy/topics.py", line 750, in _invoke_callback
    cb(msg)
  File "/home/ubuntu/catkin_ws/src/beginner_tutorials/scripts/joystick.py", line 34, in joystick_callback
    move_motor(y_axis, '-1000')
  File "/home/ubuntu/catkin_ws/src/beginner_tutorials/scripts/joystick.py", line 28, in move_motor
    revolutions)
  File "/home/ubuntu/catkin_ws/src/beginner_tutorials/scripts/joystick.py", line 24, in ticcmd
    return subprocess.check_output(['ticcmd'] + list(args))
  File "/usr/lib/python2.7/subprocess.py", line 223, in check_output
    raise CalledProcessError(retcode, cmd, output=output)
CalledProcessError: Command '['ticcmd', '--exit-safe-start', '--step-mode', '1', '-d', '00339700', '--current', '300', '--position', '-1000']' returned non-zero exit status 2

[rosout][ERROR] 2022-04-07 16:09:35,029: bad callback: <function joystick_callback at 0xffffb8297bd0>
Traceback (most recent call last):
  File "/opt/ros/melodic/lib/python2.7/dist-packages/rospy/topics.py", line 750, in _invoke_callback
    cb(msg)
  File "/home/ubuntu/catkin_ws/src/beginner_tutorials/scripts/joystick.py", line 34, in joystick_callback
    move_motor(y_axis, '-1000')
  File "/home/ubuntu/catkin_ws/src/beginner_tutorials/scripts/joystick.py", line 28, in move_motor
    revolutions)
  File "/home/ubuntu/catkin_ws/src/beginner_tutorials/scripts/joystick.py", line 24, in ticcmd
    return subprocess.check_output(['ticcmd'] + list(args))
  File "/usr/lib/python2.7/subprocess.py", line 223, in check_output
    raise CalledProcessError(retcode, cmd, output=output)
CalledProcessError: Command '['ticcmd', '--exit-safe-start', '--step-mode', '1', '-d', '00339700', '--current', '300', '--position', '-1000']' returned non-zero exit status 2

[rosout][ERROR] 2022-04-07 16:09:35,890: bad callback: <function joystick_callback at 0xffffb8297bd0>
Traceback (most recent call last):
  File "/opt/ros/melodic/lib/python2.7/dist-packages/rospy/topics.py", line 750, in _invoke_callback
    cb(msg)
  File "/home/ubuntu/catkin_ws/src/beginner_tutorials/scripts/joystick.py", line 32, in joystick_callback
    move_motor(y_axis, '5000')
  File "/home/ubuntu/catkin_ws/src/beginner_tutorials/scripts/joystick.py", line 28, in move_motor
    revolutions)
  File "/home/ubuntu/catkin_ws/src/beginner_tutorials/scripts/joystick.py", line 24, in ticcmd
    return subprocess.check_output(['ticcmd'] + list(args))
  File "/usr/lib/python2.7/subprocess.py", line 223, in check_output
    raise CalledProcessError(retcode, cmd, output=output)
CalledProcessError: Command '['ticcmd', '--exit-safe-start', '--step-mode', '1', '-d', '00339700', '--current', '300', '--position', '5000']' returned non-zero exit status 2

[rosout][ERROR] 2022-04-07 16:09:36,005: bad callback: <function joystick_callback at 0xffffb8297bd0>
Traceback (most recent call last):
  File "/opt/ros/melodic/lib/python2.7/dist-packages/rospy/topics.py", line 750, in _invoke_callback
    cb(msg)
  File "/home/ubuntu/catkin_ws/src/beginner_tutorials/scripts/joystick.py", line 32, in joystick_callback
    move_motor(y_axis, '5000')
  File "/home/ubuntu/catkin_ws/src/beginner_tutorials/scripts/joystick.py", line 28, in move_motor
    revolutions)
  File "/home/ubuntu/catkin_ws/src/beginner_tutorials/scripts/joystick.py", line 24, in ticcmd
    return subprocess.check_output(['ticcmd'] + list(args))
  File "/usr/lib/python2.7/subprocess.py", line 223, in check_output
    raise CalledProcessError(retcode, cmd, output=output)
CalledProcessError: Command '['ticcmd', '--exit-safe-start', '--step-mode', '1', '-d', '00339700', '--current', '300', '--position', '5000']' returned non-zero exit status 2

[rosout][ERROR] 2022-04-07 16:09:36,110: bad callback: <function joystick_callback at 0xffffb8297bd0>
Traceback (most recent call last):
  File "/opt/ros/melodic/lib/python2.7/dist-packages/rospy/topics.py", line 750, in _invoke_callback
    cb(msg)
  File "/home/ubuntu/catkin_ws/src/beginner_tutorials/scripts/joystick.py", line 32, in joystick_callback
    move_motor(y_axis, '5000')
  File "/home/ubuntu/catkin_ws/src/beginner_tutorials/scripts/joystick.py", line 28, in move_motor
    revolutions)
  File "/home/ubuntu/catkin_ws/src/beginner_tutorials/scripts/joystick.py", line 24, in ticcmd
    return subprocess.check_output(['ticcmd'] + list(args))
  File "/usr/lib/python2.7/subprocess.py", line 223, in check_output
    raise CalledProcessError(retcode, cmd, output=output)
CalledProcessError: Command '['ticcmd', '--exit-safe-start', '--step-mode', '1', '-d', '00339700', '--current', '300', '--position', '5000']' returned non-zero exit status 2

[rosout][ERROR] 2022-04-07 16:09:36,210: bad callback: <function joystick_callback at 0xffffb8297bd0>
Traceback (most recent call last):
  File "/opt/ros/melodic/lib/python2.7/dist-packages/rospy/topics.py", line 750, in _invoke_callback
    cb(msg)
  File "/home/ubuntu/catkin_ws/src/beginner_tutorials/scripts/joystick.py", line 32, in joystick_callback
    move_motor(y_axis, '5000')
  File "/home/ubuntu/catkin_ws/src/beginner_tutorials/scripts/joystick.py", line 28, in move_motor
    revolutions)
  File "/home/ubuntu/catkin_ws/src/beginner_tutorials/scripts/joystick.py", line 24, in ticcmd
    return subprocess.check_output(['ticcmd'] + list(args))
  File "/usr/lib/python2.7/subprocess.py", line 223, in check_output
    raise CalledProcessError(retcode, cmd, output=output)
CalledProcessError: Command '['ticcmd', '--exit-safe-start', '--step-mode', '1', '-d', '00339700', '--current', '300', '--position', '5000']' returned non-zero exit status 2

[rosout][ERROR] 2022-04-07 16:09:36,313: bad callback: <function joystick_callback at 0xffffb8297bd0>
Traceback (most recent call last):
  File "/opt/ros/melodic/lib/python2.7/dist-packages/rospy/topics.py", line 750, in _invoke_callback
    cb(msg)
  File "/home/ubuntu/catkin_ws/src/beginner_tutorials/scripts/joystick.py", line 32, in joystick_callback
    move_motor(y_axis, '5000')
  File "/home/ubuntu/catkin_ws/src/beginner_tutorials/scripts/joystick.py", line 28, in move_motor
    revolutions)
  File "/home/ubuntu/catkin_ws/src/beginner_tutorials/scripts/joystick.py", line 24, in ticcmd
    return subprocess.check_output(['ticcmd'] + list(args))
  File "/usr/lib/python2.7/subprocess.py", line 223, in check_output
    raise CalledProcessError(retcode, cmd, output=output)
CalledProcessError: Command '['ticcmd', '--exit-safe-start', '--step-mode', '1', '-d', '00339700', '--current', '300', '--position', '5000']' returned non-zero exit status 2

[rosout][ERROR] 2022-04-07 16:09:36,414: bad callback: <function joystick_callback at 0xffffb8297bd0>
Traceback (most recent call last):
  File "/opt/ros/melodic/lib/python2.7/dist-packages/rospy/topics.py", line 750, in _invoke_callback
    cb(msg)
  File "/home/ubuntu/catkin_ws/src/beginner_tutorials/scripts/joystick.py", line 32, in joystick_callback
    move_motor(y_axis, '5000')
  File "/home/ubuntu/catkin_ws/src/beginner_tutorials/scripts/joystick.py", line 28, in move_motor
    revolutions)
  File "/home/ubuntu/catkin_ws/src/beginner_tutorials/scripts/joystick.py", line 24, in ticcmd
    return subprocess.check_output(['ticcmd'] + list(args))
  File "/usr/lib/python2.7/subprocess.py", line 223, in check_output
    raise CalledProcessError(retcode, cmd, output=output)
CalledProcessError: Command '['ticcmd', '--exit-safe-start', '--step-mode', '1', '-d', '00339700', '--current', '300', '--position', '5000']' returned non-zero exit status 2

[rosout][ERROR] 2022-04-07 16:09:36,522: bad callback: <function joystick_callback at 0xffffb8297bd0>
Traceback (most recent call last):
  File "/opt/ros/melodic/lib/python2.7/dist-packages/rospy/topics.py", line 750, in _invoke_callback
    cb(msg)
  File "/home/ubuntu/catkin_ws/src/beginner_tutorials/scripts/joystick.py", line 34, in joystick_callback
    move_motor(y_axis, '-1000')
  File "/home/ubuntu/catkin_ws/src/beginner_tutorials/scripts/joystick.py", line 28, in move_motor
    revolutions)
  File "/home/ubuntu/catkin_ws/src/beginner_tutorials/scripts/joystick.py", line 24, in ticcmd
    return subprocess.check_output(['ticcmd'] + list(args))
  File "/usr/lib/python2.7/subprocess.py", line 223, in check_output
    raise CalledProcessError(retcode, cmd, output=output)
CalledProcessError: Command '['ticcmd', '--exit-safe-start', '--step-mode', '1', '-d', '00339700', '--current', '300', '--position', '-1000']' returned non-zero exit status 2

[rosout][ERROR] 2022-04-07 16:09:36,624: bad callback: <function joystick_callback at 0xffffb8297bd0>
Traceback (most recent call last):
  File "/opt/ros/melodic/lib/python2.7/dist-packages/rospy/topics.py", line 750, in _invoke_callback
    cb(msg)
  File "/home/ubuntu/catkin_ws/src/beginner_tutorials/scripts/joystick.py", line 32, in joystick_callback
    move_motor(y_axis, '5000')
  File "/home/ubuntu/catkin_ws/src/beginner_tutorials/scripts/joystick.py", line 28, in move_motor
    revolutions)
  File "/home/ubuntu/catkin_ws/src/beginner_tutorials/scripts/joystick.py", line 24, in ticcmd
    return subprocess.check_output(['ticcmd'] + list(args))
  File "/usr/lib/python2.7/subprocess.py", line 223, in check_output
    raise CalledProcessError(retcode, cmd, output=output)
CalledProcessError: Command '['ticcmd', '--exit-safe-start', '--step-mode', '1', '-d', '00339700', '--current', '300', '--position', '5000']' returned non-zero exit status 2

[rosout][ERROR] 2022-04-07 16:09:36,725: bad callback: <function joystick_callback at 0xffffb8297bd0>
Traceback (most recent call last):
  File "/opt/ros/melodic/lib/python2.7/dist-packages/rospy/topics.py", line 750, in _invoke_callback
    cb(msg)
  File "/home/ubuntu/catkin_ws/src/beginner_tutorials/scripts/joystick.py", line 32, in joystick_callback
    move_motor(y_axis, '5000')
  File "/home/ubuntu/catkin_ws/src/beginner_tutorials/scripts/joystick.py", line 28, in move_motor
    revolutions)
  File "/home/ubuntu/catkin_ws/src/beginner_tutorials/scripts/joystick.py", line 24, in ticcmd
    return subprocess.check_output(['ticcmd'] + list(args))
  File "/usr/lib/python2.7/subprocess.py", line 223, in check_output
    raise CalledProcessError(retcode, cmd, output=output)
CalledProcessError: Command '['ticcmd', '--exit-safe-start', '--step-mode', '1', '-d', '00339700', '--current', '300', '--position', '5000']' returned non-zero exit status 2

[rosout][ERROR] 2022-04-07 16:09:36,827: bad callback: <function joystick_callback at 0xffffb8297bd0>
Traceback (most recent call last):
  File "/opt/ros/melodic/lib/python2.7/dist-packages/rospy/topics.py", line 750, in _invoke_callback
    cb(msg)
  File "/home/ubuntu/catkin_ws/src/beginner_tutorials/scripts/joystick.py", line 34, in joystick_callback
    move_motor(y_axis, '-1000')
  File "/home/ubuntu/catkin_ws/src/beginner_tutorials/scripts/joystick.py", line 28, in move_motor
    revolutions)
  File "/home/ubuntu/catkin_ws/src/beginner_tutorials/scripts/joystick.py", line 24, in ticcmd
    return subprocess.check_output(['ticcmd'] + list(args))
  File "/usr/lib/python2.7/subprocess.py", line 223, in check_output
    raise CalledProcessError(retcode, cmd, output=output)
CalledProcessError: Command '['ticcmd', '--exit-safe-start', '--step-mode', '1', '-d', '00339700', '--current', '300', '--position', '-1000']' returned non-zero exit status 2

[rosout][ERROR] 2022-04-07 16:09:36,937: bad callback: <function joystick_callback at 0xffffb8297bd0>
Traceback (most recent call last):
  File "/opt/ros/melodic/lib/python2.7/dist-packages/rospy/topics.py", line 750, in _invoke_callback
    cb(msg)
  File "/home/ubuntu/catkin_ws/src/beginner_tutorials/scripts/joystick.py", line 32, in joystick_callback
    move_motor(y_axis, '5000')
  File "/home/ubuntu/catkin_ws/src/beginner_tutorials/scripts/joystick.py", line 28, in move_motor
    revolutions)
  File "/home/ubuntu/catkin_ws/src/beginner_tutorials/scripts/joystick.py", line 24, in ticcmd
    return subprocess.check_output(['ticcmd'] + list(args))
  File "/usr/lib/python2.7/subprocess.py", line 223, in check_output
    raise CalledProcessError(retcode, cmd, output=output)
CalledProcessError: Command '['ticcmd', '--exit-safe-start', '--step-mode', '1', '-d', '00339700', '--current', '300', '--position', '5000']' returned non-zero exit status 2

[rosout][ERROR] 2022-04-07 16:09:37,040: bad callback: <function joystick_callback at 0xffffb8297bd0>
Traceback (most recent call last):
  File "/opt/ros/melodic/lib/python2.7/dist-packages/rospy/topics.py", line 750, in _invoke_callback
    cb(msg)
  File "/home/ubuntu/catkin_ws/src/beginner_tutorials/scripts/joystick.py", line 32, in joystick_callback
    move_motor(y_axis, '5000')
  File "/home/ubuntu/catkin_ws/src/beginner_tutorials/scripts/joystick.py", line 28, in move_motor
    revolutions)
  File "/home/ubuntu/catkin_ws/src/beginner_tutorials/scripts/joystick.py", line 24, in ticcmd
    return subprocess.check_output(['ticcmd'] + list(args))
  File "/usr/lib/python2.7/subprocess.py", line 223, in check_output
    raise CalledProcessError(retcode, cmd, output=output)
CalledProcessError: Command '['ticcmd', '--exit-safe-start', '--step-mode', '1', '-d', '00339700', '--current', '300', '--position', '5000']' returned non-zero exit status 2

[rosout][ERROR] 2022-04-07 16:09:37,140: bad callback: <function joystick_callback at 0xffffb8297bd0>
Traceback (most recent call last):
  File "/opt/ros/melodic/lib/python2.7/dist-packages/rospy/topics.py", line 750, in _invoke_callback
    cb(msg)
  File "/home/ubuntu/catkin_ws/src/beginner_tutorials/scripts/joystick.py", line 34, in joystick_callback
    move_motor(y_axis, '-1000')
  File "/home/ubuntu/catkin_ws/src/beginner_tutorials/scripts/joystick.py", line 28, in move_motor
    revolutions)
  File "/home/ubuntu/catkin_ws/src/beginner_tutorials/scripts/joystick.py", line 24, in ticcmd
    return subprocess.check_output(['ticcmd'] + list(args))
  File "/usr/lib/python2.7/subprocess.py", line 223, in check_output
    raise CalledProcessError(retcode, cmd, output=output)
CalledProcessError: Command '['ticcmd', '--exit-safe-start', '--step-mode', '1', '-d', '00339700', '--current', '300', '--position', '-1000']' returned non-zero exit status 2

[rosout][ERROR] 2022-04-07 16:09:37,241: bad callback: <function joystick_callback at 0xffffb8297bd0>
Traceback (most recent call last):
  File "/opt/ros/melodic/lib/python2.7/dist-packages/rospy/topics.py", line 750, in _invoke_callback
    cb(msg)
  File "/home/ubuntu/catkin_ws/src/beginner_tutorials/scripts/joystick.py", line 34, in joystick_callback
    move_motor(y_axis, '-1000')
  File "/home/ubuntu/catkin_ws/src/beginner_tutorials/scripts/joystick.py", line 28, in move_motor
    revolutions)
  File "/home/ubuntu/catkin_ws/src/beginner_tutorials/scripts/joystick.py", line 24, in ticcmd
    return subprocess.check_output(['ticcmd'] + list(args))
  File "/usr/lib/python2.7/subprocess.py", line 223, in check_output
    raise CalledProcessError(retcode, cmd, output=output)
CalledProcessError: Command '['ticcmd', '--exit-safe-start', '--step-mode', '1', '-d', '00339700', '--current', '300', '--position', '-1000']' returned non-zero exit status 2

[rosout][ERROR] 2022-04-07 16:09:39,551: bad callback: <function joystick_callback at 0xffffb8297bd0>
Traceback (most recent call last):
  File "/opt/ros/melodic/lib/python2.7/dist-packages/rospy/topics.py", line 750, in _invoke_callback
    cb(msg)
  File "/home/ubuntu/catkin_ws/src/beginner_tutorials/scripts/joystick.py", line 34, in joystick_callback
    move_motor(y_axis, '-1000')
  File "/home/ubuntu/catkin_ws/src/beginner_tutorials/scripts/joystick.py", line 28, in move_motor
    revolutions)
  File "/home/ubuntu/catkin_ws/src/beginner_tutorials/scripts/joystick.py", line 24, in ticcmd
    return subprocess.check_output(['ticcmd'] + list(args))
  File "/usr/lib/python2.7/subprocess.py", line 223, in check_output
    raise CalledProcessError(retcode, cmd, output=output)
CalledProcessError: Command '['ticcmd', '--exit-safe-start', '--step-mode', '1', '-d', '00339700', '--current', '300', '--position', '-1000']' returned non-zero exit status 2

[rospy.core][INFO] 2022-04-07 16:13:33,479: signal_shutdown [signal-15]
