[rosmaster.main][INFO] 2022-04-07 16:03:27,905: initialization complete, waiting for shutdown
[rosmaster.main][INFO] 2022-04-07 16:03:27,906: Starting ROS Master Node
[xmlrpc][INFO] 2022-04-07 16:03:27,913: XML-RPC server binding to 0.0.0.0:11311
[xmlrpc][INFO] 2022-04-07 16:03:27,915: Started XML-RPC server [http://ubuntu:11311/]
[rosmaster.master][INFO] 2022-04-07 16:03:27,915: Master initialized: port[11311], uri[http://ubuntu:11311/]
[xmlrpc][INFO] 2022-04-07 16:03:27,916: xml rpc node: starting XML-RPC server
[rosmaster.master][INFO] 2022-04-07 16:03:27,990: +PARAM [/run_id] by /roslaunch
[rosmaster.master][INFO] 2022-04-07 16:03:27,993: +PARAM [/roslaunch/uris/host_ubuntu__46863] by /roslaunch
[rosmaster.master][INFO] 2022-04-07 16:03:28,094: +PARAM [/rosversion] by /roslaunch
[rosmaster.master][INFO] 2022-04-07 16:03:28,094: +PARAM [/rosdistro] by /roslaunch
[rosmaster.master][INFO] 2022-04-07 16:03:28,348: +SERVICE [/rosout/get_loggers] /rosout http://ubuntu:45011/
[rosmaster.master][INFO] 2022-04-07 16:03:28,350: +SERVICE [/rosout/set_logger_level] /rosout http://ubuntu:45011/
[rosmaster.master][INFO] 2022-04-07 16:03:28,353: +PUB [/rosout_agg] /rosout http://ubuntu:45011/
[rosmaster.master][INFO] 2022-04-07 16:03:28,359: +SUB [/rosout] /rosout http://ubuntu:45011/
[rosmaster.master][INFO] 2022-04-07 16:03:31,492: +PUB [/rosout] /link_ros http://ubuntu:36359/
[rosmaster.master][INFO] 2022-04-07 16:03:31,499: +SERVICE [/link_ros/get_loggers] /link_ros http://ubuntu:36359/
[rosmaster.master][INFO] 2022-04-07 16:03:31,502: +SERVICE [/link_ros/set_logger_level] /link_ros http://ubuntu:36359/
[rosmaster.master][INFO] 2022-04-07 16:03:31,515: publisherUpdate[/rosout] -> http://ubuntu:45011/ ['http://ubuntu:36359/']
[rosmaster.master][INFO] 2022-04-07 16:03:31,524: publisherUpdate[/rosout] -> http://ubuntu:45011/ ['http://ubuntu:36359/']: sec=0.01, result=[1, '', 0]
[rosmaster.master][INFO] 2022-04-07 16:03:34,165: +CACHEDPARAM [/rosout_disable_topics_generation] by /link_ros
[rosmaster.master][INFO] 2022-04-07 16:03:34,169: +CACHEDPARAM [/rosout/omit_topics] by /rosout
[rosmaster.master][INFO] 2022-04-07 16:03:34,182: +SUB [/rosout_agg] /link_ros http://ubuntu:36359/
[rosmaster.master][INFO] 2022-04-07 16:03:35,187: +CACHEDPARAM [/rosout_disable_topics_generation] by /link_ros
[rosmaster.master][INFO] 2022-04-07 16:03:35,196: +SERVICE [/link_ros/tf2_frames] /link_ros http://ubuntu:36359/
[rosmaster.master][INFO] 2022-04-07 16:03:35,201: +SUB [/tf] /link_ros http://ubuntu:36359/
[rosmaster.master][INFO] 2022-04-07 16:03:35,206: +SUB [/tf_static] /link_ros http://ubuntu:36359/
[rosmaster.master][INFO] 2022-04-07 16:03:41,184: +PARAM [/roslaunch/uris/host_ubuntu__36423] by /roslaunch
[rosmaster.master][INFO] 2022-04-07 16:03:41,190: +PARAM [/rosversion] by /roslaunch
[rosmaster.master][INFO] 2022-04-07 16:03:41,191: +PARAM [/rosdistro] by /roslaunch
[rosmaster.master][INFO] 2022-04-07 16:03:43,536: +PUB [/rosout] /listener http://ubuntu:41739/
[rosmaster.master][INFO] 2022-04-07 16:03:43,547: +SERVICE [/listener/get_loggers] /listener http://ubuntu:41739/
[rosmaster.master][INFO] 2022-04-07 16:03:43,549: publisherUpdate[/rosout] -> http://ubuntu:45011/ ['http://ubuntu:36359/', 'http://ubuntu:41739/']
[rosmaster.master][INFO] 2022-04-07 16:03:43,551: +SERVICE [/listener/set_logger_level] /listener http://ubuntu:41739/
[rosmaster.master][INFO] 2022-04-07 16:03:43,557: publisherUpdate[/rosout] -> http://ubuntu:45011/ ['http://ubuntu:36359/', 'http://ubuntu:41739/']: sec=0.01, result=[1, '', 0]
[rosmaster.master][INFO] 2022-04-07 16:03:43,561: +SUB [/video/click] /listener http://ubuntu:41739/
[rosmaster.master][INFO] 2022-04-07 16:03:43,565: +PUB [/video/click] /talker http://ubuntu:36983/
[rosmaster.master][INFO] 2022-04-07 16:03:43,647: +PUB [/rosout] /talker http://ubuntu:36983/
[rosmaster.master][INFO] 2022-04-07 16:03:43,652: publisherUpdate[/video/click] -> http://ubuntu:41739/ ['http://ubuntu:36983/']
[rosmaster.master][INFO] 2022-04-07 16:03:43,654: publisherUpdate[/rosout] -> http://ubuntu:45011/ ['http://ubuntu:36359/', 'http://ubuntu:41739/', 'http://ubuntu:36983/']
[rosmaster.master][INFO] 2022-04-07 16:03:43,659: +SERVICE [/talker/get_loggers] /talker http://ubuntu:36983/
[rosmaster.master][INFO] 2022-04-07 16:03:43,663: publisherUpdate[/video/click] -> http://ubuntu:41739/ ['http://ubuntu:36983/']: sec=0.01, result=[1, '', 0]
[rosmaster.master][INFO] 2022-04-07 16:03:43,667: publisherUpdate[/rosout] -> http://ubuntu:45011/ ['http://ubuntu:36359/', 'http://ubuntu:41739/', 'http://ubuntu:36983/']: sec=0.01, result=[1, '', 0]
[rosmaster.master][INFO] 2022-04-07 16:03:43,671: +SERVICE [/talker/set_logger_level] /talker http://ubuntu:36983/
[rosmaster.master][INFO] 2022-04-07 16:03:43,700: +PUB [/rosout] /joystick http://ubuntu:45835/
[rosmaster.master][INFO] 2022-04-07 16:03:43,708: +SERVICE [/joystick/get_loggers] /joystick http://ubuntu:45835/
[rosmaster.master][INFO] 2022-04-07 16:03:43,711: +SERVICE [/joystick/set_logger_level] /joystick http://ubuntu:45835/
[rosmaster.master][INFO] 2022-04-07 16:03:43,716: +SUB [/cmd_vel] /joystick http://ubuntu:45835/
[rosmaster.master][INFO] 2022-04-07 16:03:43,760: publisherUpdate[/rosout] -> http://ubuntu:45011/ ['http://ubuntu:36359/', 'http://ubuntu:41739/', 'http://ubuntu:36983/', 'http://ubuntu:45835/']
[rosmaster.master][INFO] 2022-04-07 16:03:43,764: publisherUpdate[/rosout] -> http://ubuntu:45011/ ['http://ubuntu:36359/', 'http://ubuntu:41739/', 'http://ubuntu:36983/', 'http://ubuntu:45835/']: sec=0.00, result=[1, '', 0]
[rosmaster.master][INFO] 2022-04-07 16:03:43,846: +PUB [/rosout] /cancelJoystick http://ubuntu:42803/
[rosmaster.master][INFO] 2022-04-07 16:03:43,854: +SERVICE [/cancelJoystick/get_loggers] /cancelJoystick http://ubuntu:42803/
[rosmaster.master][INFO] 2022-04-07 16:03:43,857: +SERVICE [/cancelJoystick/set_logger_level] /cancelJoystick http://ubuntu:42803/
[rosmaster.master][INFO] 2022-04-07 16:03:43,862: +SUB [/move_base/cancel] /cancelJoystick http://ubuntu:42803/
[rosmaster.master][INFO] 2022-04-07 16:03:43,865: publisherUpdate[/rosout] -> http://ubuntu:45011/ ['http://ubuntu:36359/', 'http://ubuntu:41739/', 'http://ubuntu:36983/', 'http://ubuntu:45835/', 'http://ubuntu:42803/']
[rosmaster.master][INFO] 2022-04-07 16:03:43,870: publisherUpdate[/rosout] -> http://ubuntu:45011/ ['http://ubuntu:36359/', 'http://ubuntu:41739/', 'http://ubuntu:36983/', 'http://ubuntu:45835/', 'http://ubuntu:42803/']: sec=0.00, result=[1, '', 0]
[rosmaster.master][INFO] 2022-04-07 16:03:44,350: +PUB [/image_raw_2] /webcam http://ubuntu:36087/
[rosmaster.master][INFO] 2022-04-07 16:03:44,354: +PUB [/image_raw] /webcam http://ubuntu:36087/
[rosmaster.master][INFO] 2022-04-07 16:03:44,447: +PUB [/rosout] /webcam http://ubuntu:36087/
[rosmaster.master][INFO] 2022-04-07 16:03:44,455: +SERVICE [/webcam/get_loggers] /webcam http://ubuntu:36087/
[rosmaster.master][INFO] 2022-04-07 16:03:44,458: +SERVICE [/webcam/set_logger_level] /webcam http://ubuntu:36087/
[rosmaster.master][INFO] 2022-04-07 16:03:44,466: publisherUpdate[/rosout] -> http://ubuntu:45011/ ['http://ubuntu:36359/', 'http://ubuntu:41739/', 'http://ubuntu:36983/', 'http://ubuntu:45835/', 'http://ubuntu:42803/', 'http://ubuntu:36087/']
[rosmaster.master][INFO] 2022-04-07 16:03:44,470: publisherUpdate[/rosout] -> http://ubuntu:45011/ ['http://ubuntu:36359/', 'http://ubuntu:41739/', 'http://ubuntu:36983/', 'http://ubuntu:45835/', 'http://ubuntu:42803/', 'http://ubuntu:36087/']: sec=0.00, result=[1, '', 0]
[rosmaster.master][INFO] 2022-04-07 16:03:44,540: +CACHEDPARAM [/rosout_disable_topics_generation] by /link_ros
[rosmaster.master][INFO] 2022-04-07 16:03:44,553: +SUB [/image_raw_2] /link_ros http://ubuntu:36359/
[rosmaster.master][INFO] 2022-04-07 16:03:44,556: +CACHEDPARAM [/rosout_disable_topics_generation] by /link_ros
[rosmaster.master][INFO] 2022-04-07 16:03:44,562: +SUB [/video/click] /link_ros http://ubuntu:36359/
[rosmaster.master][INFO] 2022-04-07 16:03:44,565: +CACHEDPARAM [/rosout_disable_topics_generation] by /link_ros
[rosmaster.master][INFO] 2022-04-07 16:03:44,571: +SUB [/image_raw] /link_ros http://ubuntu:36359/
[rosmaster.master][INFO] 2022-04-07 16:09:12,541: +PUB [/video/click] /link_ros http://ubuntu:36359/
[rosmaster.master][INFO] 2022-04-07 16:09:12,625: publisherUpdate[/video/click] -> http://ubuntu:41739/ ['http://ubuntu:36983/', 'http://ubuntu:36359/']
[rosmaster.master][INFO] 2022-04-07 16:09:12,625: publisherUpdate[/video/click] -> http://ubuntu:36359/ ['http://ubuntu:36983/', 'http://ubuntu:36359/']
[rosmaster.master][INFO] 2022-04-07 16:09:12,628: publisherUpdate[/video/click] -> http://ubuntu:41739/ ['http://ubuntu:36983/', 'http://ubuntu:36359/']: sec=0.00, result=[1, '', 0]
[rosmaster.master][INFO] 2022-04-07 16:09:12,632: publisherUpdate[/video/click] -> http://ubuntu:36359/ ['http://ubuntu:36983/', 'http://ubuntu:36359/']: sec=0.01, result=[1, '', 0]
[rosmaster.master][INFO] 2022-04-07 16:09:13,303: +CACHEDPARAM [/rosout_disable_topics_generation] by /listener
[rosmaster.master][INFO] 2022-04-07 16:09:20,536: +CACHEDPARAM [/rosout_disable_topics_generation] by /listener
[rosmaster.master][INFO] 2022-04-07 16:09:26,180: +PUB [/cmd_vel] /link_ros http://ubuntu:36359/
[rosmaster.master][INFO] 2022-04-07 16:09:26,187: +CACHEDPARAM [/rosout_disable_topics_generation] by /link_ros
[rosmaster.master][INFO] 2022-04-07 16:09:26,206: +SUB [/cmd_vel] /link_ros http://ubuntu:36359/
[rosmaster.master][INFO] 2022-04-07 16:09:26,252: publisherUpdate[/cmd_vel] -> http://ubuntu:45835/ ['http://ubuntu:36359/']
[rosmaster.master][INFO] 2022-04-07 16:09:26,259: publisherUpdate[/cmd_vel] -> http://ubuntu:45835/ ['http://ubuntu:36359/']: sec=0.01, result=[1, '', 0]
[rosmaster.master][INFO] 2022-04-07 16:09:26,490: +CACHEDPARAM [/rosout_disable_topics_generation] by /joystick
[rosmaster.master][INFO] 2022-04-07 16:09:26,606: +CACHEDPARAM [/rosout_disable_topics_generation] by /joystick
[rosmaster.master][INFO] 2022-04-07 16:09:26,712: +CACHEDPARAM [/rosout_disable_topics_generation] by /joystick
[rosmaster.master][INFO] 2022-04-07 16:09:26,881: +CACHEDPARAM [/rosout_disable_topics_generation] by /joystick
[rosmaster.master][INFO] 2022-04-07 16:09:29,517: +CACHEDPARAM [/rosout_disable_topics_generation] by /joystick
[rosmaster.master][INFO] 2022-04-07 16:09:30,782: +CACHEDPARAM [/rosout_disable_topics_generation] by /joystick
[rosmaster.master][INFO] 2022-04-07 16:09:30,889: +CACHEDPARAM [/rosout_disable_topics_generation] by /joystick
[rosmaster.master][INFO] 2022-04-07 16:09:31,019: +CACHEDPARAM [/rosout_disable_topics_generation] by /joystick
[rosmaster.master][INFO] 2022-04-07 16:09:31,162: +CACHEDPARAM [/rosout_disable_topics_generation] by /joystick
[rosmaster.master][INFO] 2022-04-07 16:09:31,424: +CACHEDPARAM [/rosout_disable_topics_generation] by /joystick
[rosmaster.master][INFO] 2022-04-07 16:09:31,532: +CACHEDPARAM [/rosout_disable_topics_generation] by /joystick
[rosmaster.master][INFO] 2022-04-07 16:09:32,453: +CACHEDPARAM [/rosout_disable_topics_generation] by /joystick
[rosmaster.master][INFO] 2022-04-07 16:09:32,582: +CACHEDPARAM [/rosout_disable_topics_generation] by /joystick
[rosmaster.master][INFO] 2022-04-07 16:09:32,701: +CACHEDPARAM [/rosout_disable_topics_generation] by /joystick
[rosmaster.master][INFO] 2022-04-07 16:09:32,813: +CACHEDPARAM [/rosout_disable_topics_generation] by /joystick
[rosmaster.master][INFO] 2022-04-07 16:09:32,937: +CACHEDPARAM [/rosout_disable_topics_generation] by /joystick
[rosmaster.master][INFO] 2022-04-07 16:09:33,507: +CACHEDPARAM [/rosout_disable_topics_generation] by /joystick
[rosmaster.master][INFO] 2022-04-07 16:09:33,609: +CACHEDPARAM [/rosout_disable_topics_generation] by /joystick
[rosmaster.master][INFO] 2022-04-07 16:09:33,710: +CACHEDPARAM [/rosout_disable_topics_generation] by /joystick
[rosmaster.master][INFO] 2022-04-07 16:09:33,811: +CACHEDPARAM [/rosout_disable_topics_generation] by /joystick
[rosmaster.master][INFO] 2022-04-07 16:09:33,922: +CACHEDPARAM [/rosout_disable_topics_generation] by /joystick
[rosmaster.master][INFO] 2022-04-07 16:09:34,026: +CACHEDPARAM [/rosout_disable_topics_generation] by /joystick
[rosmaster.master][INFO] 2022-04-07 16:09:34,564: +CACHEDPARAM [/rosout_disable_topics_generation] by /joystick
[rosmaster.master][INFO] 2022-04-07 16:09:34,689: +CACHEDPARAM [/rosout_disable_topics_generation] by /joystick
[rosmaster.master][INFO] 2022-04-07 16:09:34,820: +CACHEDPARAM [/rosout_disable_topics_generation] by /joystick
[rosmaster.master][INFO] 2022-04-07 16:09:34,931: +CACHEDPARAM [/rosout_disable_topics_generation] by /joystick
[rosmaster.master][INFO] 2022-04-07 16:09:35,031: +CACHEDPARAM [/rosout_disable_topics_generation] by /joystick
[rosmaster.master][INFO] 2022-04-07 16:09:35,894: +CACHEDPARAM [/rosout_disable_topics_generation] by /joystick
[rosmaster.master][INFO] 2022-04-07 16:09:36,007: +CACHEDPARAM [/rosout_disable_topics_generation] by /joystick
[rosmaster.master][INFO] 2022-04-07 16:09:36,112: +CACHEDPARAM [/rosout_disable_topics_generation] by /joystick
[rosmaster.master][INFO] 2022-04-07 16:09:36,213: +CACHEDPARAM [/rosout_disable_topics_generation] by /joystick
[rosmaster.master][INFO] 2022-04-07 16:09:36,315: +CACHEDPARAM [/rosout_disable_topics_generation] by /joystick
[rosmaster.master][INFO] 2022-04-07 16:09:36,416: +CACHEDPARAM [/rosout_disable_topics_generation] by /joystick
[rosmaster.master][INFO] 2022-04-07 16:09:36,524: +CACHEDPARAM [/rosout_disable_topics_generation] by /joystick
[rosmaster.master][INFO] 2022-04-07 16:09:36,626: +CACHEDPARAM [/rosout_disable_topics_generation] by /joystick
[rosmaster.master][INFO] 2022-04-07 16:09:36,727: +CACHEDPARAM [/rosout_disable_topics_generation] by /joystick
[rosmaster.master][INFO] 2022-04-07 16:09:36,829: +CACHEDPARAM [/rosout_disable_topics_generation] by /joystick
[rosmaster.master][INFO] 2022-04-07 16:09:36,939: +CACHEDPARAM [/rosout_disable_topics_generation] by /joystick
[rosmaster.master][INFO] 2022-04-07 16:09:37,042: +CACHEDPARAM [/rosout_disable_topics_generation] by /joystick
[rosmaster.master][INFO] 2022-04-07 16:09:37,142: +CACHEDPARAM [/rosout_disable_topics_generation] by /joystick
[rosmaster.master][INFO] 2022-04-07 16:09:37,243: +CACHEDPARAM [/rosout_disable_topics_generation] by /joystick
[rosmaster.master][INFO] 2022-04-07 16:09:39,553: +CACHEDPARAM [/rosout_disable_topics_generation] by /joystick
