[0.054s] Invoking command in '/home/ubuntu/ros2_foxy/build/ament_cmake_export_dependencies': AMENT_PREFIX_PATH=/home/ubuntu/ros2_foxy/install/ament_cmake_libraries:/home/ubuntu/ros2_foxy/install/ament_cmake_core:/home/ubuntu/ros2_foxy/install/ament_package CMAKE_PREFIX_PATH=/home/ubuntu/ros2_foxy/install/ament_cmake_libraries:/home/ubuntu/ros2_foxy/install/ament_cmake_core PYTHONPATH=/home/ubuntu/ros2_foxy/build/ament_package:/home/ubuntu/ros2_foxy/install/ament_package/lib/python3.6/site-packages /usr/bin/cmake /home/ubuntu/ros2_foxy/src/ament/ament_cmake/ament_cmake_export_dependencies -DAMENT_CMAKE_SYMLINK_INSTALL=1 -DCMAKE_INSTALL_PREFIX=/home/ubuntu/ros2_foxy/install/ament_cmake_export_dependencies
[0.138s] -- Found ament_cmake_core: 0.9.9 (/home/ubuntu/ros2_foxy/install/ament_cmake_core/share/ament_cmake_core/cmake)
[0.288s] -- Found PythonInterp: /usr/bin/python3 (found suitable version "3.6.9", minimum required is "3") 
[0.289s] -- Using PYTHON_EXECUTABLE: /usr/bin/python3
[1.815s] -- Override CMake install command with custom implementation using symlinks instead of copying resources
[2.403s] -- Configuring done
[2.431s] -- Generating done
[2.436s] -- Build files have been written to: /home/ubuntu/ros2_foxy/build/ament_cmake_export_dependencies
[2.455s] Invoked command in '/home/ubuntu/ros2_foxy/build/ament_cmake_export_dependencies' returned '0': AMENT_PREFIX_PATH=/home/ubuntu/ros2_foxy/install/ament_cmake_libraries:/home/ubuntu/ros2_foxy/install/ament_cmake_core:/home/ubuntu/ros2_foxy/install/ament_package CMAKE_PREFIX_PATH=/home/ubuntu/ros2_foxy/install/ament_cmake_libraries:/home/ubuntu/ros2_foxy/install/ament_cmake_core PYTHONPATH=/home/ubuntu/ros2_foxy/build/ament_package:/home/ubuntu/ros2_foxy/install/ament_package/lib/python3.6/site-packages /usr/bin/cmake /home/ubuntu/ros2_foxy/src/ament/ament_cmake/ament_cmake_export_dependencies -DAMENT_CMAKE_SYMLINK_INSTALL=1 -DCMAKE_INSTALL_PREFIX=/home/ubuntu/ros2_foxy/install/ament_cmake_export_dependencies
[2.463s] Invoking command in '/home/ubuntu/ros2_foxy/build/ament_cmake_export_dependencies': AMENT_PREFIX_PATH=/home/ubuntu/ros2_foxy/install/ament_cmake_libraries:/home/ubuntu/ros2_foxy/install/ament_cmake_core:/home/ubuntu/ros2_foxy/install/ament_package CMAKE_PREFIX_PATH=/home/ubuntu/ros2_foxy/install/ament_cmake_libraries:/home/ubuntu/ros2_foxy/install/ament_cmake_core PYTHONPATH=/home/ubuntu/ros2_foxy/build/ament_package:/home/ubuntu/ros2_foxy/install/ament_package/lib/python3.6/site-packages /usr/bin/cmake --build /home/ubuntu/ros2_foxy/build/ament_cmake_export_dependencies -- -j4 -l4
[3.004s] Invoked command in '/home/ubuntu/ros2_foxy/build/ament_cmake_export_dependencies' returned '0': AMENT_PREFIX_PATH=/home/ubuntu/ros2_foxy/install/ament_cmake_libraries:/home/ubuntu/ros2_foxy/install/ament_cmake_core:/home/ubuntu/ros2_foxy/install/ament_package CMAKE_PREFIX_PATH=/home/ubuntu/ros2_foxy/install/ament_cmake_libraries:/home/ubuntu/ros2_foxy/install/ament_cmake_core PYTHONPATH=/home/ubuntu/ros2_foxy/build/ament_package:/home/ubuntu/ros2_foxy/install/ament_package/lib/python3.6/site-packages /usr/bin/cmake --build /home/ubuntu/ros2_foxy/build/ament_cmake_export_dependencies -- -j4 -l4
[3.479s] Invoking command in '/home/ubuntu/ros2_foxy/build/ament_cmake_export_dependencies': AMENT_PREFIX_PATH=/home/ubuntu/ros2_foxy/install/ament_cmake_libraries:/home/ubuntu/ros2_foxy/install/ament_cmake_core:/home/ubuntu/ros2_foxy/install/ament_package CMAKE_PREFIX_PATH=/home/ubuntu/ros2_foxy/install/ament_cmake_libraries:/home/ubuntu/ros2_foxy/install/ament_cmake_core PYTHONPATH=/home/ubuntu/ros2_foxy/build/ament_package:/home/ubuntu/ros2_foxy/install/ament_package/lib/python3.6/site-packages /usr/bin/cmake --build /home/ubuntu/ros2_foxy/build/ament_cmake_export_dependencies --target install -- -j4 -l4
[4.126s] [36mInstall the project...[0m
[4.258s] -- Install configuration: ""
[4.278s] -- Execute custom install script
[4.284s] -- Symlinking: /home/ubuntu/ros2_foxy/install/ament_cmake_export_dependencies/share/ament_index/resource_index/package_run_dependencies/ament_cmake_export_dependencies
[4.481s] -- Symlinking: /home/ubuntu/ros2_foxy/install/ament_cmake_export_dependencies/share/ament_index/resource_index/parent_prefix_path/ament_cmake_export_dependencies
[4.551s] -- Symlinking: /home/ubuntu/ros2_foxy/install/ament_cmake_export_dependencies/share/ament_cmake_export_dependencies/environment/ament_prefix_path.sh
[4.625s] -- Symlinking: /home/ubuntu/ros2_foxy/install/ament_cmake_export_dependencies/share/ament_cmake_export_dependencies/environment/ament_prefix_path.dsv
[4.702s] -- Symlinking: /home/ubuntu/ros2_foxy/install/ament_cmake_export_dependencies/share/ament_cmake_export_dependencies/environment/path.sh
[4.871s] -- Symlinking: /home/ubuntu/ros2_foxy/install/ament_cmake_export_dependencies/share/ament_cmake_export_dependencies/environment/path.dsv
[5.013s] -- Symlinking: /home/ubuntu/ros2_foxy/install/ament_cmake_export_dependencies/share/ament_cmake_export_dependencies/local_setup.bash
[5.107s] -- Symlinking: /home/ubuntu/ros2_foxy/install/ament_cmake_export_dependencies/share/ament_cmake_export_dependencies/local_setup.sh
[5.151s] -- Symlinking: /home/ubuntu/ros2_foxy/install/ament_cmake_export_dependencies/share/ament_cmake_export_dependencies/local_setup.zsh
[5.217s] -- Symlinking: /home/ubuntu/ros2_foxy/install/ament_cmake_export_dependencies/share/ament_cmake_export_dependencies/local_setup.dsv
[5.361s] -- Symlinking: /home/ubuntu/ros2_foxy/install/ament_cmake_export_dependencies/share/ament_cmake_export_dependencies/package.dsv
[5.492s] -- Symlinking: /home/ubuntu/ros2_foxy/install/ament_cmake_export_dependencies/share/ament_index/resource_index/packages/ament_cmake_export_dependencies
[5.582s] -- Symlinking: /home/ubuntu/ros2_foxy/install/ament_cmake_export_dependencies/share/ament_cmake_export_dependencies/cmake/ament_cmake_export_dependencies-extras.cmake
[5.673s] -- Symlinking: /home/ubuntu/ros2_foxy/install/ament_cmake_export_dependencies/share/ament_cmake_export_dependencies/cmake/ament_cmake_export_dependenciesConfig.cmake
[5.794s] -- Symlinking: /home/ubuntu/ros2_foxy/install/ament_cmake_export_dependencies/share/ament_cmake_export_dependencies/cmake/ament_cmake_export_dependenciesConfig-version.cmake
[5.875s] -- Symlinking: /home/ubuntu/ros2_foxy/install/ament_cmake_export_dependencies/share/ament_cmake_export_dependencies/package.xml
[5.981s] -- Symlinking: /home/ubuntu/ros2_foxy/install/ament_cmake_export_dependencies/share/ament_cmake_export_dependencies/cmake/ament_cmake_export_dependencies-extras.cmake.in
[6.091s] -- Symlinking: /home/ubuntu/ros2_foxy/install/ament_cmake_export_dependencies/share/ament_cmake_export_dependencies/cmake/ament_cmake_export_dependencies_package_hook.cmake
[6.130s] -- Symlinking: /home/ubuntu/ros2_foxy/install/ament_cmake_export_dependencies/share/ament_cmake_export_dependencies/cmake/ament_export_dependencies.cmake
[6.290s] Invoked command in '/home/ubuntu/ros2_foxy/build/ament_cmake_export_dependencies' returned '0': AMENT_PREFIX_PATH=/home/ubuntu/ros2_foxy/install/ament_cmake_libraries:/home/ubuntu/ros2_foxy/install/ament_cmake_core:/home/ubuntu/ros2_foxy/install/ament_package CMAKE_PREFIX_PATH=/home/ubuntu/ros2_foxy/install/ament_cmake_libraries:/home/ubuntu/ros2_foxy/install/ament_cmake_core PYTHONPATH=/home/ubuntu/ros2_foxy/build/ament_package:/home/ubuntu/ros2_foxy/install/ament_package/lib/python3.6/site-packages /usr/bin/cmake --build /home/ubuntu/ros2_foxy/build/ament_cmake_export_dependencies --target install -- -j4 -l4
