running develop
running egg_info
creating launch.egg-info
writing launch.egg-info/PKG-INFO
writing dependency_links to launch.egg-info/dependency_links.txt
writing requirements to launch.egg-info/requires.txt
writing top-level names to launch.egg-info/top_level.txt
writing manifest file 'launch.egg-info/SOURCES.txt'
reading manifest file 'launch.egg-info/SOURCES.txt'
writing manifest file 'launch.egg-info/SOURCES.txt'
running build_ext
Creating /home/ubuntu/ros2_foxy/install/launch/lib/python3.6/site-packages/launch.egg-link (link to .)

Installed /home/ubuntu/ros2_foxy/build/launch
running install_data
copying package.xml -> /home/ubuntu/ros2_foxy/install/launch/share/launch
creating /home/ubuntu/ros2_foxy/install/launch/share/ament_index
creating /home/ubuntu/ros2_foxy/install/launch/share/ament_index/resource_index
creating /home/ubuntu/ros2_foxy/install/launch/share/ament_index/resource_index/packages
copying resource/launch -> /home/ubuntu/ros2_foxy/install/launch/share/ament_index/resource_index/packages
creating /home/ubuntu/ros2_foxy/install/launch/share/launch/frontend
copying share/launch/frontend/grammar.lark -> /home/ubuntu/ros2_foxy/install/launch/share/launch/frontend
