[rospy.client][INFO] 2022-02-16 18:51:49,918: init_node, name[/talker], pid[11125]
[xmlrpc][INFO] 2022-02-16 18:51:49,920: XML-RPC server binding to 0.0.0.0:0
[rospy.init][INFO] 2022-02-16 18:51:49,923: ROS Slave URI: [http://ubuntu:37305/]
[xmlrpc][INFO] 2022-02-16 18:51:49,923: Started XML-RPC server [http://ubuntu:37305/]
[rospy.impl.masterslave][INFO] 2022-02-16 18:51:49,924: _ready: http://ubuntu:37305/
[xmlrpc][INFO] 2022-02-16 18:51:49,925: xml rpc node: starting XML-RPC server
[rospy.registration][INFO] 2022-02-16 18:51:49,927: Registering with master node http://localhost:11311
[rospy.registration][INFO] 2022-02-16 18:51:49,927: Registering publisher topic [/video/click] type [geometry_msgs/PointStamped] with master
[rospy.internal][INFO] 2022-02-16 18:51:49,988: topic[/video/click] adding connection to [/listener], count 0
[rospy.init][INFO] 2022-02-16 18:51:50,024: registered with master
[rospy.rosout][INFO] 2022-02-16 18:51:50,025: initializing /rosout core topic
[rospy.rosout][INFO] 2022-02-16 18:51:50,031: connected to core topic /rosout
[rospy.simtime][INFO] 2022-02-16 18:51:50,034: /use_sim_time is not set, will not subscribe to simulated time [/clock] topic
[rospy.internal][INFO] 2022-02-16 18:51:50,245: topic[/rosout] adding connection to [/rosout], count 0
[rospy.internal][INFO] 2022-02-16 18:51:51,111: topic[/video/click] adding connection to [/link_ros], count 1
[rospy.core][INFO] 2022-02-16 21:04:13,268: signal_shutdown [signal-2]
[rospy.internal][INFO] 2022-02-16 21:04:13,274: topic[/rosout] removing connection to /rosout
[rospy.internal][INFO] 2022-02-16 21:04:13,275: topic[/video/click] removing connection to /listener
[rospy.internal][INFO] 2022-02-16 21:04:13,278: topic[/video/click] removing connection to /link_ros
[rospy.impl.masterslave][INFO] 2022-02-16 21:04:13,279: signal-2
[rospy.core][INFO] 2022-02-16 21:04:13,396: signal_shutdown [atexit]
