[rospy.client][INFO] 2022-01-25 20:15:55,564: init_node, name[/talker], pid[23126]
[xmlrpc][INFO] 2022-01-25 20:15:55,573: XML-RPC server binding to 0.0.0.0:0
[rospy.init][INFO] 2022-01-25 20:15:55,575: ROS Slave URI: [http://ubuntu:33527/]
[xmlrpc][INFO] 2022-01-25 20:15:55,576: Started XML-RPC server [http://ubuntu:33527/]
[rospy.impl.masterslave][INFO] 2022-01-25 20:15:55,577: _ready: http://ubuntu:33527/
[xmlrpc][INFO] 2022-01-25 20:15:55,578: xml rpc node: starting XML-RPC server
[rospy.registration][INFO] 2022-01-25 20:15:55,580: Registering with master node http://localhost:11311
[rospy.registration][INFO] 2022-01-25 20:15:55,581: Registering publisher topic [/chatter] type [std_msgs/String] with master
[rospy.internal][INFO] 2022-01-25 20:15:55,655: topic[/chatter] adding connection to [/link_ros], count 0
[rospy.init][INFO] 2022-01-25 20:15:55,676: registered with master
[rospy.rosout][INFO] 2022-01-25 20:15:55,678: initializing /rosout core topic
[rospy.rosout][INFO] 2022-01-25 20:15:55,683: connected to core topic /rosout
[rospy.simtime][INFO] 2022-01-25 20:15:55,688: /use_sim_time is not set, will not subscribe to simulated time [/clock] topic
[rosout][INFO] 2022-01-25 20:15:55,698: hello world 1643141755.7
[rospy.internal][INFO] 2022-01-25 20:15:55,928: topic[/rosout] adding connection to [/rosout], count 0
[rosout][INFO] 2022-01-25 20:15:59,702: hello world 1643141759.7
[rosout][INFO] 2022-01-25 20:16:03,701: hello world 1643141763.7
[rosout][INFO] 2022-01-25 20:16:07,701: hello world 1643141767.7
[rosout][INFO] 2022-01-25 20:16:11,703: hello world 1643141771.7
[rosout][INFO] 2022-01-25 20:16:15,702: hello world 1643141775.7
[rosout][INFO] 2022-01-25 20:16:19,703: hello world 1643141779.7
[rosout][INFO] 2022-01-25 20:16:23,704: hello world 1643141783.7
[rosout][INFO] 2022-01-25 20:16:27,703: hello world 1643141787.7
[rosout][INFO] 2022-01-25 20:16:31,699: hello world 1643141791.7
[rosout][INFO] 2022-01-25 20:16:35,701: hello world 1643141795.7
[rosout][INFO] 2022-01-25 20:16:39,702: hello world 1643141799.7
[rosout][INFO] 2022-01-25 20:16:43,703: hello world 1643141803.7
[rosout][INFO] 2022-01-25 20:16:47,703: hello world 1643141807.7
[rosout][INFO] 2022-01-25 20:16:51,703: hello world 1643141811.7
[rosout][INFO] 2022-01-25 20:16:55,702: hello world 1643141815.7
[rosout][INFO] 2022-01-25 20:16:59,702: hello world 1643141819.7
[rosout][INFO] 2022-01-25 20:17:03,703: hello world 1643141823.7
[rosout][INFO] 2022-01-25 20:17:07,702: hello world 1643141827.7
[rosout][INFO] 2022-01-25 20:17:11,701: hello world 1643141831.7
[rosout][INFO] 2022-01-25 20:17:15,701: hello world 1643141835.7
[rosout][INFO] 2022-01-25 20:17:19,701: hello world 1643141839.7
[rosout][INFO] 2022-01-25 20:17:23,703: hello world 1643141843.7
[rosout][INFO] 2022-01-25 20:17:27,701: hello world 1643141847.7
[rosout][INFO] 2022-01-25 20:17:31,701: hello world 1643141851.7
[rosout][INFO] 2022-01-25 20:17:35,701: hello world 1643141855.7
[rosout][INFO] 2022-01-25 20:17:39,701: hello world 1643141859.7
[rosout][INFO] 2022-01-25 20:17:43,703: hello world 1643141863.7
[rosout][INFO] 2022-01-25 20:17:47,701: hello world 1643141867.7
[rosout][INFO] 2022-01-25 20:17:51,701: hello world 1643141871.7
[rosout][INFO] 2022-01-25 20:17:55,701: hello world 1643141875.7
[rosout][INFO] 2022-01-25 20:17:59,701: hello world 1643141879.7
[rosout][INFO] 2022-01-25 20:18:03,701: hello world 1643141883.7
[rosout][INFO] 2022-01-25 20:18:07,702: hello world 1643141887.7
[rosout][INFO] 2022-01-25 20:18:11,703: hello world 1643141891.7
[rosout][INFO] 2022-01-25 20:18:15,701: hello world 1643141895.7
[rosout][INFO] 2022-01-25 20:18:19,703: hello world 1643141899.7
[rosout][INFO] 2022-01-25 20:18:23,703: hello world 1643141903.7
[rosout][INFO] 2022-01-25 20:18:27,703: hello world 1643141907.7
[rosout][INFO] 2022-01-25 20:18:31,703: hello world 1643141911.7
[rosout][INFO] 2022-01-25 20:18:35,701: hello world 1643141915.7
[rosout][INFO] 2022-01-25 20:18:39,702: hello world 1643141919.7
[rosout][INFO] 2022-01-25 20:18:43,703: hello world 1643141923.7
[rosout][INFO] 2022-01-25 20:18:47,703: hello world 1643141927.7
[rosout][INFO] 2022-01-25 20:18:51,701: hello world 1643141931.7
[rosout][INFO] 2022-01-25 20:18:55,701: hello world 1643141935.7
[rosout][INFO] 2022-01-25 20:18:59,703: hello world 1643141939.7
[rosout][INFO] 2022-01-25 20:19:03,701: hello world 1643141943.7
[rosout][INFO] 2022-01-25 20:19:07,703: hello world 1643141947.7
[rosout][INFO] 2022-01-25 20:19:11,701: hello world 1643141951.7
[rosout][INFO] 2022-01-25 20:19:15,703: hello world 1643141955.7
[rosout][INFO] 2022-01-25 20:19:19,702: hello world 1643141959.7
[rosout][INFO] 2022-01-25 20:19:23,703: hello world 1643141963.7
[rosout][INFO] 2022-01-25 20:19:27,701: hello world 1643141967.7
[rosout][INFO] 2022-01-25 20:19:31,703: hello world 1643141971.7
[rosout][INFO] 2022-01-25 20:19:35,701: hello world 1643141975.7
[rosout][INFO] 2022-01-25 20:19:39,703: hello world 1643141979.7
[rosout][INFO] 2022-01-25 20:19:43,701: hello world 1643141983.7
[rosout][INFO] 2022-01-25 20:19:47,703: hello world 1643141987.7
[rosout][INFO] 2022-01-25 20:19:51,701: hello world 1643141991.7
[rosout][INFO] 2022-01-25 20:19:55,702: hello world 1643141995.7
[rosout][INFO] 2022-01-25 20:19:59,703: hello world 1643141999.7
[rosout][INFO] 2022-01-25 20:20:03,703: hello world 1643142003.7
[rosout][INFO] 2022-01-25 20:20:07,703: hello world 1643142007.7
[rosout][INFO] 2022-01-25 20:20:11,701: hello world 1643142011.7
[rosout][INFO] 2022-01-25 20:20:15,701: hello world 1643142015.7
[rosout][INFO] 2022-01-25 20:20:19,703: hello world 1643142019.7
[rosout][INFO] 2022-01-25 20:20:23,702: hello world 1643142023.7
[rosout][INFO] 2022-01-25 20:20:27,701: hello world 1643142027.7
[rosout][INFO] 2022-01-25 20:20:31,701: hello world 1643142031.7
[rosout][INFO] 2022-01-25 20:20:35,702: hello world 1643142035.7
[rosout][INFO] 2022-01-25 20:20:39,703: hello world 1643142039.7
[rosout][INFO] 2022-01-25 20:20:43,702: hello world 1643142043.7
[rosout][INFO] 2022-01-25 20:20:47,701: hello world 1643142047.7
[rosout][INFO] 2022-01-25 20:20:51,702: hello world 1643142051.7
[rosout][INFO] 2022-01-25 20:20:55,701: hello world 1643142055.7
[rosout][INFO] 2022-01-25 20:20:59,703: hello world 1643142059.7
[rosout][INFO] 2022-01-25 20:21:03,702: hello world 1643142063.7
[rosout][INFO] 2022-01-25 20:21:07,703: hello world 1643142067.7
[rosout][INFO] 2022-01-25 20:21:11,703: hello world 1643142071.7
[rosout][INFO] 2022-01-25 20:21:15,702: hello world 1643142075.7
[rosout][INFO] 2022-01-25 20:21:19,701: hello world 1643142079.7
[rosout][INFO] 2022-01-25 20:21:23,701: hello world 1643142083.7
[rosout][INFO] 2022-01-25 20:21:27,702: hello world 1643142087.7
[rosout][INFO] 2022-01-25 20:21:31,701: hello world 1643142091.7
[rosout][INFO] 2022-01-25 20:21:35,701: hello world 1643142095.7
[rosout][INFO] 2022-01-25 20:21:39,703: hello world 1643142099.7
[rosout][INFO] 2022-01-25 20:21:43,703: hello world 1643142103.7
[rosout][INFO] 2022-01-25 20:21:47,703: hello world 1643142107.7
[rosout][INFO] 2022-01-25 20:21:51,702: hello world 1643142111.7
[rosout][INFO] 2022-01-25 20:21:55,702: hello world 1643142115.7
[rosout][INFO] 2022-01-25 20:21:59,702: hello world 1643142119.7
[rosout][INFO] 2022-01-25 20:22:03,702: hello world 1643142123.7
[rosout][INFO] 2022-01-25 20:22:07,701: hello world 1643142127.7
[rosout][INFO] 2022-01-25 20:22:11,701: hello world 1643142131.7
[rosout][INFO] 2022-01-25 20:22:15,702: hello world 1643142135.7
[rosout][INFO] 2022-01-25 20:22:19,702: hello world 1643142139.7
[rosout][INFO] 2022-01-25 20:22:23,701: hello world 1643142143.7
[rosout][INFO] 2022-01-25 20:22:27,702: hello world 1643142147.7
[rosout][INFO] 2022-01-25 20:22:31,703: hello world 1643142151.7
[rosout][INFO] 2022-01-25 20:22:35,701: hello world 1643142155.7
[rosout][INFO] 2022-01-25 20:22:39,703: hello world 1643142159.7
[rosout][INFO] 2022-01-25 20:22:43,701: hello world 1643142163.7
[rosout][INFO] 2022-01-25 20:22:47,701: hello world 1643142167.7
[rosout][INFO] 2022-01-25 20:22:51,702: hello world 1643142171.7
[rosout][INFO] 2022-01-25 20:22:55,703: hello world 1643142175.7
[rosout][INFO] 2022-01-25 20:22:59,703: hello world 1643142179.7
[rosout][INFO] 2022-01-25 20:23:03,702: hello world 1643142183.7
[rosout][INFO] 2022-01-25 20:23:07,699: hello world 1643142187.7
[rosout][INFO] 2022-01-25 20:23:11,703: hello world 1643142191.7
[rosout][INFO] 2022-01-25 20:23:15,701: hello world 1643142195.7
[rosout][INFO] 2022-01-25 20:23:19,703: hello world 1643142199.7
[rosout][INFO] 2022-01-25 20:23:23,701: hello world 1643142203.7
[rosout][INFO] 2022-01-25 20:23:27,701: hello world 1643142207.7
[rosout][INFO] 2022-01-25 20:23:31,703: hello world 1643142211.7
[rosout][INFO] 2022-01-25 20:23:35,701: hello world 1643142215.7
[rosout][INFO] 2022-01-25 20:23:39,700: hello world 1643142219.7
[rosout][INFO] 2022-01-25 20:23:43,701: hello world 1643142223.7
[rosout][INFO] 2022-01-25 20:23:47,703: hello world 1643142227.7
[rosout][INFO] 2022-01-25 20:23:51,703: hello world 1643142231.7
[rosout][INFO] 2022-01-25 20:23:55,701: hello world 1643142235.7
[rosout][INFO] 2022-01-25 20:23:59,702: hello world 1643142239.7
[rosout][INFO] 2022-01-25 20:24:03,701: hello world 1643142243.7
[rosout][INFO] 2022-01-25 20:24:07,701: hello world 1643142247.7
[rosout][INFO] 2022-01-25 20:24:11,701: hello world 1643142251.7
[rosout][INFO] 2022-01-25 20:24:15,701: hello world 1643142255.7
[rosout][INFO] 2022-01-25 20:24:19,702: hello world 1643142259.7
[rosout][INFO] 2022-01-25 20:24:23,701: hello world 1643142263.7
[rosout][INFO] 2022-01-25 20:24:27,701: hello world 1643142267.7
[rosout][INFO] 2022-01-25 20:24:31,701: hello world 1643142271.7
[rosout][INFO] 2022-01-25 20:24:35,703: hello world 1643142275.7
[rosout][INFO] 2022-01-25 20:24:39,702: hello world 1643142279.7
[rosout][INFO] 2022-01-25 20:24:43,703: hello world 1643142283.7
[rosout][INFO] 2022-01-25 20:24:47,701: hello world 1643142287.7
[rosout][INFO] 2022-01-25 20:24:51,702: hello world 1643142291.7
[rosout][INFO] 2022-01-25 20:24:55,701: hello world 1643142295.7
[rosout][INFO] 2022-01-25 20:24:59,702: hello world 1643142299.7
[rosout][INFO] 2022-01-25 20:25:03,701: hello world 1643142303.7
[rosout][INFO] 2022-01-25 20:25:07,703: hello world 1643142307.7
[rosout][INFO] 2022-01-25 20:25:11,701: hello world 1643142311.7
[rosout][INFO] 2022-01-25 20:25:15,703: hello world 1643142315.7
[rosout][INFO] 2022-01-25 20:25:19,701: hello world 1643142319.7
[rosout][INFO] 2022-01-25 20:25:23,703: hello world 1643142323.7
[rosout][INFO] 2022-01-25 20:25:27,701: hello world 1643142327.7
[rosout][INFO] 2022-01-25 20:25:31,699: hello world 1643142331.7
[rosout][INFO] 2022-01-25 20:25:35,703: hello world 1643142335.7
[rosout][INFO] 2022-01-25 20:25:39,703: hello world 1643142339.7
[rosout][INFO] 2022-01-25 20:25:43,701: hello world 1643142343.7
[rosout][INFO] 2022-01-25 20:25:47,701: hello world 1643142347.7
[rosout][INFO] 2022-01-25 20:25:51,701: hello world 1643142351.7
[rosout][INFO] 2022-01-25 20:25:55,701: hello world 1643142355.7
[rosout][INFO] 2022-01-25 20:25:59,702: hello world 1643142359.7
[rosout][INFO] 2022-01-25 20:26:03,701: hello world 1643142363.7
[rosout][INFO] 2022-01-25 20:26:07,703: hello world 1643142367.7
[rosout][INFO] 2022-01-25 20:26:11,701: hello world 1643142371.7
[rosout][INFO] 2022-01-25 20:26:15,702: hello world 1643142375.7
[rosout][INFO] 2022-01-25 20:26:19,701: hello world 1643142379.7
[rosout][INFO] 2022-01-25 20:26:23,701: hello world 1643142383.7
[rosout][INFO] 2022-01-25 20:26:27,703: hello world 1643142387.7
[rosout][INFO] 2022-01-25 20:26:31,703: hello world 1643142391.7
[rosout][INFO] 2022-01-25 20:26:35,702: hello world 1643142395.7
[rosout][INFO] 2022-01-25 20:26:39,701: hello world 1643142399.7
[rosout][INFO] 2022-01-25 20:26:43,701: hello world 1643142403.7
[rosout][INFO] 2022-01-25 20:26:47,703: hello world 1643142407.7
[rosout][INFO] 2022-01-25 20:26:51,702: hello world 1643142411.7
[rosout][INFO] 2022-01-25 20:26:55,699: hello world 1643142415.7
[rosout][INFO] 2022-01-25 20:26:59,703: hello world 1643142419.7
[rosout][INFO] 2022-01-25 20:27:03,701: hello world 1643142423.7
[rosout][INFO] 2022-01-25 20:27:07,701: hello world 1643142427.7
[rosout][INFO] 2022-01-25 20:27:11,702: hello world 1643142431.7
[rosout][INFO] 2022-01-25 20:27:15,701: hello world 1643142435.7
[rosout][INFO] 2022-01-25 20:27:19,701: hello world 1643142439.7
[rosout][INFO] 2022-01-25 20:27:23,701: hello world 1643142443.7
[rosout][INFO] 2022-01-25 20:27:27,701: hello world 1643142447.7
[rosout][INFO] 2022-01-25 20:27:31,702: hello world 1643142451.7
[rosout][INFO] 2022-01-25 20:27:35,701: hello world 1643142455.7
[rosout][INFO] 2022-01-25 20:27:39,701: hello world 1643142459.7
[rosout][INFO] 2022-01-25 20:27:43,700: hello world 1643142463.7
[rosout][INFO] 2022-01-25 20:27:47,702: hello world 1643142467.7
[rosout][INFO] 2022-01-25 20:27:51,702: hello world 1643142471.7
[rosout][INFO] 2022-01-25 20:27:55,701: hello world 1643142475.7
[rosout][INFO] 2022-01-25 20:27:59,702: hello world 1643142479.7
[rosout][INFO] 2022-01-25 20:28:03,701: hello world 1643142483.7
[rosout][INFO] 2022-01-25 20:28:07,702: hello world 1643142487.7
[rosout][INFO] 2022-01-25 20:28:11,701: hello world 1643142491.7
[rosout][INFO] 2022-01-25 20:28:15,701: hello world 1643142495.7
[rosout][INFO] 2022-01-25 20:28:19,701: hello world 1643142499.7
[rosout][INFO] 2022-01-25 20:28:23,701: hello world 1643142503.7
[rosout][INFO] 2022-01-25 20:28:27,701: hello world 1643142507.7
[rosout][INFO] 2022-01-25 20:28:31,701: hello world 1643142511.7
[rosout][INFO] 2022-01-25 20:28:35,703: hello world 1643142515.7
[rosout][INFO] 2022-01-25 20:28:39,701: hello world 1643142519.7
[rosout][INFO] 2022-01-25 20:28:43,703: hello world 1643142523.7
[rosout][INFO] 2022-01-25 20:28:47,701: hello world 1643142527.7
[rosout][INFO] 2022-01-25 20:28:51,702: hello world 1643142531.7
[rosout][INFO] 2022-01-25 20:28:55,702: hello world 1643142535.7
[rosout][INFO] 2022-01-25 20:28:59,701: hello world 1643142539.7
[rosout][INFO] 2022-01-25 20:29:03,702: hello world 1643142543.7
[rosout][INFO] 2022-01-25 20:29:07,703: hello world 1643142547.7
[rosout][INFO] 2022-01-25 20:29:11,703: hello world 1643142551.7
[rosout][INFO] 2022-01-25 20:29:15,701: hello world 1643142555.7
[rosout][INFO] 2022-01-25 20:29:19,703: hello world 1643142559.7
[rosout][INFO] 2022-01-25 20:29:23,702: hello world 1643142563.7
[rosout][INFO] 2022-01-25 20:29:27,700: hello world 1643142567.7
[rosout][INFO] 2022-01-25 20:29:31,703: hello world 1643142571.7
[rosout][INFO] 2022-01-25 20:29:35,701: hello world 1643142575.7
[rosout][INFO] 2022-01-25 20:29:39,702: hello world 1643142579.7
[rosout][INFO] 2022-01-25 20:29:43,701: hello world 1643142583.7
[rosout][INFO] 2022-01-25 20:29:47,702: hello world 1643142587.7
[rosout][INFO] 2022-01-25 20:29:51,702: hello world 1643142591.7
[rosout][INFO] 2022-01-25 20:29:55,702: hello world 1643142595.7
[rosout][INFO] 2022-01-25 20:29:59,701: hello world 1643142599.7
[rosout][INFO] 2022-01-25 20:30:03,703: hello world 1643142603.7
[rosout][INFO] 2022-01-25 20:30:07,703: hello world 1643142607.7
[rosout][INFO] 2022-01-25 20:30:11,703: hello world 1643142611.7
[rosout][INFO] 2022-01-25 20:30:15,702: hello world 1643142615.7
[rosout][INFO] 2022-01-25 20:30:19,702: hello world 1643142619.7
[rosout][INFO] 2022-01-25 20:30:23,701: hello world 1643142623.7
[rosout][INFO] 2022-01-25 20:30:27,703: hello world 1643142627.7
[rosout][INFO] 2022-01-25 20:30:31,701: hello world 1643142631.7
[rosout][INFO] 2022-01-25 20:30:35,702: hello world 1643142635.7
[rosout][INFO] 2022-01-25 20:30:39,701: hello world 1643142639.7
[rosout][INFO] 2022-01-25 20:30:43,701: hello world 1643142643.7
[rosout][INFO] 2022-01-25 20:30:47,703: hello world 1643142647.7
[rosout][INFO] 2022-01-25 20:30:51,701: hello world 1643142651.7
[rosout][INFO] 2022-01-25 20:30:55,703: hello world 1643142655.7
[rosout][INFO] 2022-01-25 20:30:59,701: hello world 1643142659.7
[rosout][INFO] 2022-01-25 20:31:03,703: hello world 1643142663.7
[rosout][INFO] 2022-01-25 20:31:07,703: hello world 1643142667.7
[rosout][INFO] 2022-01-25 20:31:11,703: hello world 1643142671.7
[rosout][INFO] 2022-01-25 20:31:15,702: hello world 1643142675.7
[rosout][INFO] 2022-01-25 20:31:19,701: hello world 1643142679.7
[rosout][INFO] 2022-01-25 20:31:23,702: hello world 1643142683.7
[rosout][INFO] 2022-01-25 20:31:27,703: hello world 1643142687.7
[rosout][INFO] 2022-01-25 20:31:31,701: hello world 1643142691.7
[rosout][INFO] 2022-01-25 20:31:35,702: hello world 1643142695.7
[rosout][INFO] 2022-01-25 20:31:39,703: hello world 1643142699.7
[rosout][INFO] 2022-01-25 20:31:43,701: hello world 1643142703.7
[rosout][INFO] 2022-01-25 20:31:47,701: hello world 1643142707.7
[rosout][INFO] 2022-01-25 20:31:51,703: hello world 1643142711.7
[rosout][INFO] 2022-01-25 20:31:55,701: hello world 1643142715.7
[rosout][INFO] 2022-01-25 20:31:59,701: hello world 1643142719.7
[rosout][INFO] 2022-01-25 20:32:03,702: hello world 1643142723.7
[rosout][INFO] 2022-01-25 20:32:07,701: hello world 1643142727.7
[rosout][INFO] 2022-01-25 20:32:11,703: hello world 1643142731.7
[rosout][INFO] 2022-01-25 20:32:15,702: hello world 1643142735.7
[rosout][INFO] 2022-01-25 20:32:19,701: hello world 1643142739.7
[rosout][INFO] 2022-01-25 20:32:23,702: hello world 1643142743.7
[rosout][INFO] 2022-01-25 20:32:27,701: hello world 1643142747.7
[rosout][INFO] 2022-01-25 20:32:31,701: hello world 1643142751.7
[rosout][INFO] 2022-01-25 20:32:35,701: hello world 1643142755.7
[rosout][INFO] 2022-01-25 20:32:39,701: hello world 1643142759.7
[rosout][INFO] 2022-01-25 20:32:43,701: hello world 1643142763.7
[rosout][INFO] 2022-01-25 20:32:47,703: hello world 1643142767.7
[rosout][INFO] 2022-01-25 20:32:51,703: hello world 1643142771.7
[rosout][INFO] 2022-01-25 20:32:55,701: hello world 1643142775.7
[rosout][INFO] 2022-01-25 20:32:59,702: hello world 1643142779.7
[rosout][INFO] 2022-01-25 20:33:03,701: hello world 1643142783.7
[rosout][INFO] 2022-01-25 20:33:07,703: hello world 1643142787.7
[rosout][INFO] 2022-01-25 20:33:11,702: hello world 1643142791.7
[rosout][INFO] 2022-01-25 20:33:15,703: hello world 1643142795.7
[rosout][INFO] 2022-01-25 20:33:19,701: hello world 1643142799.7
[rosout][INFO] 2022-01-25 20:33:23,701: hello world 1643142803.7
[rosout][INFO] 2022-01-25 20:33:27,701: hello world 1643142807.7
[rosout][INFO] 2022-01-25 20:33:31,703: hello world 1643142811.7
[rosout][INFO] 2022-01-25 20:33:35,704: hello world 1643142815.7
[rosout][INFO] 2022-01-25 20:33:39,701: hello world 1643142819.7
[rosout][INFO] 2022-01-25 20:33:43,703: hello world 1643142823.7
[rosout][INFO] 2022-01-25 20:33:47,700: hello world 1643142827.7
[rosout][INFO] 2022-01-25 20:33:51,703: hello world 1643142831.7
[rosout][INFO] 2022-01-25 20:33:55,701: hello world 1643142835.7
[rosout][INFO] 2022-01-25 20:33:59,702: hello world 1643142839.7
[rosout][INFO] 2022-01-25 20:34:03,701: hello world 1643142843.7
[rosout][INFO] 2022-01-25 20:34:07,701: hello world 1643142847.7
[rosout][INFO] 2022-01-25 20:34:11,703: hello world 1643142851.7
[rosout][INFO] 2022-01-25 20:34:15,701: hello world 1643142855.7
[rosout][INFO] 2022-01-25 20:34:19,703: hello world 1643142859.7
[rosout][INFO] 2022-01-25 20:34:23,703: hello world 1643142863.7
[rosout][INFO] 2022-01-25 20:34:27,701: hello world 1643142867.7
[rosout][INFO] 2022-01-25 20:34:31,703: hello world 1643142871.7
[rosout][INFO] 2022-01-25 20:34:35,703: hello world 1643142875.7
[rosout][INFO] 2022-01-25 20:34:39,701: hello world 1643142879.7
[rosout][INFO] 2022-01-25 20:34:43,703: hello world 1643142883.7
[rosout][INFO] 2022-01-25 20:34:47,701: hello world 1643142887.7
[rosout][INFO] 2022-01-25 20:34:51,702: hello world 1643142891.7
[rosout][INFO] 2022-01-25 20:34:55,700: hello world 1643142895.7
[rosout][INFO] 2022-01-25 20:34:59,700: hello world 1643142899.7
[rosout][INFO] 2022-01-25 20:35:03,703: hello world 1643142903.7
[rosout][INFO] 2022-01-25 20:35:07,703: hello world 1643142907.7
[rosout][INFO] 2022-01-25 20:35:11,703: hello world 1643142911.7
[rosout][INFO] 2022-01-25 20:35:15,703: hello world 1643142915.7
[rosout][INFO] 2022-01-25 20:35:19,701: hello world 1643142919.7
[rosout][INFO] 2022-01-25 20:35:23,701: hello world 1643142923.7
[rosout][INFO] 2022-01-25 20:35:27,701: hello world 1643142927.7
[rosout][INFO] 2022-01-25 20:35:31,702: hello world 1643142931.7
[rosout][INFO] 2022-01-25 20:35:35,703: hello world 1643142935.7
[rosout][INFO] 2022-01-25 20:35:39,703: hello world 1643142939.7
[rosout][INFO] 2022-01-25 20:35:43,702: hello world 1643142943.7
[rosout][INFO] 2022-01-25 20:35:47,703: hello world 1643142947.7
[rosout][INFO] 2022-01-25 20:35:51,701: hello world 1643142951.7
[rosout][INFO] 2022-01-25 20:35:55,701: hello world 1643142955.7
[rosout][INFO] 2022-01-25 20:35:59,703: hello world 1643142959.7
[rosout][INFO] 2022-01-25 20:36:03,703: hello world 1643142963.7
[rosout][INFO] 2022-01-25 20:36:07,701: hello world 1643142967.7
[rosout][INFO] 2022-01-25 20:36:11,702: hello world 1643142971.7
[rosout][INFO] 2022-01-25 20:36:15,703: hello world 1643142975.7
[rosout][INFO] 2022-01-25 20:36:19,703: hello world 1643142979.7
[rosout][INFO] 2022-01-25 20:36:23,703: hello world 1643142983.7
[rosout][INFO] 2022-01-25 20:36:27,703: hello world 1643142987.7
[rosout][INFO] 2022-01-25 20:36:31,703: hello world 1643142991.7
[rosout][INFO] 2022-01-25 20:36:35,701: hello world 1643142995.7
[rosout][INFO] 2022-01-25 20:36:39,703: hello world 1643142999.7
[rosout][INFO] 2022-01-25 20:36:43,700: hello world 1643143003.7
[rosout][INFO] 2022-01-25 20:36:47,703: hello world 1643143007.7
[rosout][INFO] 2022-01-25 20:36:51,702: hello world 1643143011.7
[rosout][INFO] 2022-01-25 20:36:55,703: hello world 1643143015.7
[rosout][INFO] 2022-01-25 20:36:59,703: hello world 1643143019.7
[rosout][INFO] 2022-01-25 20:37:03,700: hello world 1643143023.7
[rosout][INFO] 2022-01-25 20:37:07,701: hello world 1643143027.7
[rosout][INFO] 2022-01-25 20:37:11,701: hello world 1643143031.7
[rosout][INFO] 2022-01-25 20:37:15,701: hello world 1643143035.7
[rosout][INFO] 2022-01-25 20:37:19,703: hello world 1643143039.7
[rosout][INFO] 2022-01-25 20:37:23,703: hello world 1643143043.7
[rosout][INFO] 2022-01-25 20:37:27,702: hello world 1643143047.7
[rosout][INFO] 2022-01-25 20:37:31,702: hello world 1643143051.7
[rosout][INFO] 2022-01-25 20:37:35,703: hello world 1643143055.7
[rosout][INFO] 2022-01-25 20:37:39,703: hello world 1643143059.7
[rosout][INFO] 2022-01-25 20:37:43,701: hello world 1643143063.7
[rosout][INFO] 2022-01-25 20:37:47,701: hello world 1643143067.7
[rosout][INFO] 2022-01-25 20:37:51,703: hello world 1643143071.7
[rosout][INFO] 2022-01-25 20:37:55,703: hello world 1643143075.7
[rosout][INFO] 2022-01-25 20:37:59,703: hello world 1643143079.7
[rosout][INFO] 2022-01-25 20:38:03,702: hello world 1643143083.7
[rosout][INFO] 2022-01-25 20:38:07,702: hello world 1643143087.7
[rosout][INFO] 2022-01-25 20:38:11,703: hello world 1643143091.7
[rosout][INFO] 2022-01-25 20:38:15,701: hello world 1643143095.7
[rosout][INFO] 2022-01-25 20:38:19,703: hello world 1643143099.7
[rosout][INFO] 2022-01-25 20:38:23,703: hello world 1643143103.7
[rosout][INFO] 2022-01-25 20:38:27,701: hello world 1643143107.7
[rosout][INFO] 2022-01-25 20:38:31,702: hello world 1643143111.7
[rosout][INFO] 2022-01-25 20:38:35,703: hello world 1643143115.7
[rosout][INFO] 2022-01-25 20:38:39,703: hello world 1643143119.7
[rosout][INFO] 2022-01-25 20:38:43,701: hello world 1643143123.7
[rosout][INFO] 2022-01-25 20:38:47,703: hello world 1643143127.7
[rosout][INFO] 2022-01-25 20:38:51,702: hello world 1643143131.7
[rosout][INFO] 2022-01-25 20:38:55,703: hello world 1643143135.7
[rosout][INFO] 2022-01-25 20:38:59,700: hello world 1643143139.7
[rosout][INFO] 2022-01-25 20:39:03,703: hello world 1643143143.7
[rosout][INFO] 2022-01-25 20:39:07,701: hello world 1643143147.7
[rosout][INFO] 2022-01-25 20:39:11,703: hello world 1643143151.7
[rosout][INFO] 2022-01-25 20:39:15,703: hello world 1643143155.7
[rosout][INFO] 2022-01-25 20:39:19,701: hello world 1643143159.7
[rosout][INFO] 2022-01-25 20:39:23,703: hello world 1643143163.7
[rosout][INFO] 2022-01-25 20:39:27,703: hello world 1643143167.7
[rosout][INFO] 2022-01-25 20:39:31,703: hello world 1643143171.7
[rosout][INFO] 2022-01-25 20:39:35,702: hello world 1643143175.7
[rosout][INFO] 2022-01-25 20:39:39,701: hello world 1643143179.7
[rosout][INFO] 2022-01-25 20:39:43,703: hello world 1643143183.7
[rosout][INFO] 2022-01-25 20:39:47,702: hello world 1643143187.7
[rosout][INFO] 2022-01-25 20:39:51,702: hello world 1643143191.7
[rosout][INFO] 2022-01-25 20:39:55,703: hello world 1643143195.7
[rosout][INFO] 2022-01-25 20:39:59,703: hello world 1643143199.7
[rosout][INFO] 2022-01-25 20:40:03,701: hello world 1643143203.7
[rosout][INFO] 2022-01-25 20:40:07,703: hello world 1643143207.7
[rosout][INFO] 2022-01-25 20:40:11,703: hello world 1643143211.7
[rosout][INFO] 2022-01-25 20:40:15,701: hello world 1643143215.7
[rosout][INFO] 2022-01-25 20:40:19,701: hello world 1643143219.7
[rosout][INFO] 2022-01-25 20:40:23,702: hello world 1643143223.7
[rosout][INFO] 2022-01-25 20:40:27,702: hello world 1643143227.7
[rosout][INFO] 2022-01-25 20:40:31,703: hello world 1643143231.7
[rosout][INFO] 2022-01-25 20:40:35,701: hello world 1643143235.7
[rosout][INFO] 2022-01-25 20:40:39,703: hello world 1643143239.7
[rosout][INFO] 2022-01-25 20:40:43,703: hello world 1643143243.7
[rosout][INFO] 2022-01-25 20:40:47,702: hello world 1643143247.7
[rosout][INFO] 2022-01-25 20:40:51,701: hello world 1643143251.7
[rosout][INFO] 2022-01-25 20:40:55,703: hello world 1643143255.7
[rosout][INFO] 2022-01-25 20:40:59,703: hello world 1643143259.7
[rosout][INFO] 2022-01-25 20:41:03,703: hello world 1643143263.7
[rosout][INFO] 2022-01-25 20:41:07,701: hello world 1643143267.7
[rosout][INFO] 2022-01-25 20:41:11,703: hello world 1643143271.7
[rosout][INFO] 2022-01-25 20:41:15,701: hello world 1643143275.7
[rosout][INFO] 2022-01-25 20:41:19,703: hello world 1643143279.7
[rosout][INFO] 2022-01-25 20:41:23,703: hello world 1643143283.7
[rosout][INFO] 2022-01-25 20:41:27,703: hello world 1643143287.7
[rosout][INFO] 2022-01-25 20:41:31,699: hello world 1643143291.7
[rosout][INFO] 2022-01-25 20:41:35,701: hello world 1643143295.7
[rosout][INFO] 2022-01-25 20:41:39,700: hello world 1643143299.7
[rosout][INFO] 2022-01-25 20:41:43,701: hello world 1643143303.7
[rosout][INFO] 2022-01-25 20:41:47,703: hello world 1643143307.7
[rosout][INFO] 2022-01-25 20:41:51,703: hello world 1643143311.7
[rosout][INFO] 2022-01-25 20:41:55,702: hello world 1643143315.7
[rosout][INFO] 2022-01-25 20:41:59,701: hello world 1643143319.7
[rosout][INFO] 2022-01-25 20:42:03,702: hello world 1643143323.7
[rosout][INFO] 2022-01-25 20:42:07,701: hello world 1643143327.7
[rosout][INFO] 2022-01-25 20:42:11,701: hello world 1643143331.7
[rosout][INFO] 2022-01-25 20:42:15,703: hello world 1643143335.7
[rosout][INFO] 2022-01-25 20:42:19,703: hello world 1643143339.7
[rosout][INFO] 2022-01-25 20:42:23,703: hello world 1643143343.7
[rosout][INFO] 2022-01-25 20:42:27,703: hello world 1643143347.7
[rosout][INFO] 2022-01-25 20:42:31,701: hello world 1643143351.7
[rosout][INFO] 2022-01-25 20:42:35,703: hello world 1643143355.7
[rosout][INFO] 2022-01-25 20:42:39,701: hello world 1643143359.7
[rosout][INFO] 2022-01-25 20:42:43,701: hello world 1643143363.7
[rosout][INFO] 2022-01-25 20:42:47,703: hello world 1643143367.7
[rosout][INFO] 2022-01-25 20:42:51,701: hello world 1643143371.7
[rosout][INFO] 2022-01-25 20:42:55,702: hello world 1643143375.7
[rosout][INFO] 2022-01-25 20:42:59,703: hello world 1643143379.7
[rosout][INFO] 2022-01-25 20:43:03,702: hello world 1643143383.7
[rosout][INFO] 2022-01-25 20:43:07,703: hello world 1643143387.7
[rosout][INFO] 2022-01-25 20:43:11,701: hello world 1643143391.7
[rosout][INFO] 2022-01-25 20:43:15,703: hello world 1643143395.7
[rosout][INFO] 2022-01-25 20:43:19,701: hello world 1643143399.7
[rosout][INFO] 2022-01-25 20:43:23,703: hello world 1643143403.7
[rosout][INFO] 2022-01-25 20:43:27,703: hello world 1643143407.7
[rosout][INFO] 2022-01-25 20:43:31,703: hello world 1643143411.7
[rosout][INFO] 2022-01-25 20:43:35,703: hello world 1643143415.7
[rosout][INFO] 2022-01-25 20:43:39,703: hello world 1643143419.7
[rosout][INFO] 2022-01-25 20:43:43,699: hello world 1643143423.7
[rosout][INFO] 2022-01-25 20:43:47,703: hello world 1643143427.7
[rosout][INFO] 2022-01-25 20:43:51,703: hello world 1643143431.7
[rosout][INFO] 2022-01-25 20:43:55,703: hello world 1643143435.7
[rosout][INFO] 2022-01-25 20:43:59,701: hello world 1643143439.7
[rosout][INFO] 2022-01-25 20:44:03,703: hello world 1643143443.7
[rosout][INFO] 2022-01-25 20:44:07,701: hello world 1643143447.7
[rosout][INFO] 2022-01-25 20:44:11,701: hello world 1643143451.7
[rosout][INFO] 2022-01-25 20:44:15,701: hello world 1643143455.7
[rosout][INFO] 2022-01-25 20:44:19,703: hello world 1643143459.7
[rosout][INFO] 2022-01-25 20:44:23,703: hello world 1643143463.7
[rosout][INFO] 2022-01-25 20:44:27,702: hello world 1643143467.7
[rosout][INFO] 2022-01-25 20:44:31,703: hello world 1643143471.7
[rosout][INFO] 2022-01-25 20:44:35,703: hello world 1643143475.7
[rosout][INFO] 2022-01-25 20:44:39,703: hello world 1643143479.7
[rosout][INFO] 2022-01-25 20:44:43,703: hello world 1643143483.7
[rosout][INFO] 2022-01-25 20:44:47,702: hello world 1643143487.7
[rosout][INFO] 2022-01-25 20:44:51,703: hello world 1643143491.7
[rosout][INFO] 2022-01-25 20:44:55,703: hello world 1643143495.7
[rosout][INFO] 2022-01-25 20:44:59,703: hello world 1643143499.7
[rosout][INFO] 2022-01-25 20:45:03,703: hello world 1643143503.7
[rosout][INFO] 2022-01-25 20:45:07,703: hello world 1643143507.7
[rosout][INFO] 2022-01-25 20:45:11,703: hello world 1643143511.7
[rosout][INFO] 2022-01-25 20:45:15,703: hello world 1643143515.7
[rosout][INFO] 2022-01-25 20:45:19,699: hello world 1643143519.7
[rosout][INFO] 2022-01-25 20:45:23,702: hello world 1643143523.7
[rosout][INFO] 2022-01-25 20:45:27,701: hello world 1643143527.7
[rosout][INFO] 2022-01-25 20:45:31,702: hello world 1643143531.7
[rosout][INFO] 2022-01-25 20:45:35,703: hello world 1643143535.7
[rosout][INFO] 2022-01-25 20:45:39,702: hello world 1643143539.7
[rosout][INFO] 2022-01-25 20:45:43,701: hello world 1643143543.7
[rosout][INFO] 2022-01-25 20:45:47,703: hello world 1643143547.7
[rosout][INFO] 2022-01-25 20:45:51,702: hello world 1643143551.7
[rosout][INFO] 2022-01-25 20:45:55,703: hello world 1643143555.7
[rosout][INFO] 2022-01-25 20:45:59,703: hello world 1643143559.7
[rosout][INFO] 2022-01-25 20:46:03,703: hello world 1643143563.7
[rosout][INFO] 2022-01-25 20:46:07,702: hello world 1643143567.7
[rosout][INFO] 2022-01-25 20:46:11,703: hello world 1643143571.7
[rosout][INFO] 2022-01-25 20:46:15,701: hello world 1643143575.7
[rosout][INFO] 2022-01-25 20:46:19,701: hello world 1643143579.7
[rosout][INFO] 2022-01-25 20:46:23,701: hello world 1643143583.7
[rosout][INFO] 2022-01-25 20:46:27,703: hello world 1643143587.7
[rosout][INFO] 2022-01-25 20:46:31,703: hello world 1643143591.7
[rosout][INFO] 2022-01-25 20:46:35,703: hello world 1643143595.7
[rosout][INFO] 2022-01-25 20:46:39,703: hello world 1643143599.7
[rosout][INFO] 2022-01-25 20:46:43,703: hello world 1643143603.7
[rosout][INFO] 2022-01-25 20:46:47,702: hello world 1643143607.7
[rosout][INFO] 2022-01-25 20:46:51,703: hello world 1643143611.7
[rosout][INFO] 2022-01-25 20:46:55,701: hello world 1643143615.7
[rosout][INFO] 2022-01-25 20:46:59,702: hello world 1643143619.7
[rosout][INFO] 2022-01-25 20:47:03,703: hello world 1643143623.7
[rosout][INFO] 2022-01-25 20:47:07,701: hello world 1643143627.7
[rosout][INFO] 2022-01-25 20:47:11,702: hello world 1643143631.7
[rosout][INFO] 2022-01-25 20:47:15,702: hello world 1643143635.7
[rosout][INFO] 2022-01-25 20:47:19,702: hello world 1643143639.7
[rosout][INFO] 2022-01-25 20:47:23,702: hello world 1643143643.7
[rosout][INFO] 2022-01-25 20:47:27,702: hello world 1643143647.7
[rosout][INFO] 2022-01-25 20:47:31,703: hello world 1643143651.7
[rosout][INFO] 2022-01-25 20:47:35,701: hello world 1643143655.7
[rosout][INFO] 2022-01-25 20:47:39,703: hello world 1643143659.7
[rosout][INFO] 2022-01-25 20:47:43,701: hello world 1643143663.7
[rosout][INFO] 2022-01-25 20:47:47,702: hello world 1643143667.7
[rosout][INFO] 2022-01-25 20:47:51,703: hello world 1643143671.7
[rosout][INFO] 2022-01-25 20:47:55,703: hello world 1643143675.7
[rosout][INFO] 2022-01-25 20:47:59,703: hello world 1643143679.7
[rosout][INFO] 2022-01-25 20:48:03,700: hello world 1643143683.7
[rosout][INFO] 2022-01-25 20:48:07,700: hello world 1643143687.7
[rosout][INFO] 2022-01-25 20:48:11,703: hello world 1643143691.7
[rosout][INFO] 2022-01-25 20:48:15,701: hello world 1643143695.7
[rosout][INFO] 2022-01-25 20:48:19,702: hello world 1643143699.7
[rosout][INFO] 2022-01-25 20:48:23,703: hello world 1643143703.7
[rosout][INFO] 2022-01-25 20:48:27,703: hello world 1643143707.7
[rosout][INFO] 2022-01-25 20:48:31,703: hello world 1643143711.7
[rosout][INFO] 2022-01-25 20:48:35,702: hello world 1643143715.7
[rosout][INFO] 2022-01-25 20:48:39,703: hello world 1643143719.7
[rosout][INFO] 2022-01-25 20:48:43,702: hello world 1643143723.7
[rosout][INFO] 2022-01-25 20:48:47,703: hello world 1643143727.7
[rosout][INFO] 2022-01-25 20:48:51,703: hello world 1643143731.7
[rosout][INFO] 2022-01-25 20:48:55,701: hello world 1643143735.7
[rosout][INFO] 2022-01-25 20:48:59,703: hello world 1643143739.7
[rosout][INFO] 2022-01-25 20:49:03,703: hello world 1643143743.7
[rosout][INFO] 2022-01-25 20:49:07,701: hello world 1643143747.7
[rosout][INFO] 2022-01-25 20:49:11,700: hello world 1643143751.7
[rosout][INFO] 2022-01-25 20:49:15,703: hello world 1643143755.7
[rosout][INFO] 2022-01-25 20:49:19,701: hello world 1643143759.7
[rosout][INFO] 2022-01-25 20:49:23,703: hello world 1643143763.7
[rosout][INFO] 2022-01-25 20:49:27,703: hello world 1643143767.7
[rosout][INFO] 2022-01-25 20:49:31,703: hello world 1643143771.7
[rosout][INFO] 2022-01-25 20:49:35,701: hello world 1643143775.7
[rosout][INFO] 2022-01-25 20:49:39,703: hello world 1643143779.7
[rosout][INFO] 2022-01-25 20:49:43,701: hello world 1643143783.7
[rosout][INFO] 2022-01-25 20:49:47,702: hello world 1643143787.7
[rosout][INFO] 2022-01-25 20:49:51,703: hello world 1643143791.7
[rosout][INFO] 2022-01-25 20:49:55,703: hello world 1643143795.7
[rosout][INFO] 2022-01-25 20:49:59,703: hello world 1643143799.7
[rosout][INFO] 2022-01-25 20:50:03,700: hello world 1643143803.7
[rosout][INFO] 2022-01-25 20:50:07,701: hello world 1643143807.7
[rosout][INFO] 2022-01-25 20:50:11,702: hello world 1643143811.7
[rosout][INFO] 2022-01-25 20:50:15,702: hello world 1643143815.7
[rosout][INFO] 2022-01-25 20:50:19,703: hello world 1643143819.7
[rosout][INFO] 2022-01-25 20:50:23,701: hello world 1643143823.7
[rosout][INFO] 2022-01-25 20:50:27,701: hello world 1643143827.7
[rosout][INFO] 2022-01-25 20:50:31,702: hello world 1643143831.7
[rosout][INFO] 2022-01-25 20:50:35,702: hello world 1643143835.7
[rosout][INFO] 2022-01-25 20:50:39,703: hello world 1643143839.7
[rosout][INFO] 2022-01-25 20:50:43,703: hello world 1643143843.7
[rosout][INFO] 2022-01-25 20:50:47,701: hello world 1643143847.7
[rosout][INFO] 2022-01-25 20:50:51,702: hello world 1643143851.7
[rosout][INFO] 2022-01-25 20:50:55,701: hello world 1643143855.7
[rosout][INFO] 2022-01-25 20:50:59,702: hello world 1643143859.7
[rosout][INFO] 2022-01-25 20:51:03,701: hello world 1643143863.7
[rosout][INFO] 2022-01-25 20:51:07,701: hello world 1643143867.7
[rosout][INFO] 2022-01-25 20:51:11,703: hello world 1643143871.7
[rosout][INFO] 2022-01-25 20:51:15,702: hello world 1643143875.7
[rosout][INFO] 2022-01-25 20:51:19,702: hello world 1643143879.7
[rosout][INFO] 2022-01-25 20:51:23,703: hello world 1643143883.7
[rosout][INFO] 2022-01-25 20:51:27,701: hello world 1643143887.7
[rosout][INFO] 2022-01-25 20:51:31,703: hello world 1643143891.7
[rosout][INFO] 2022-01-25 20:51:35,702: hello world 1643143895.7
[rosout][INFO] 2022-01-25 20:51:39,701: hello world 1643143899.7
[rosout][INFO] 2022-01-25 20:51:43,702: hello world 1643143903.7
[rosout][INFO] 2022-01-25 20:51:47,703: hello world 1643143907.7
[rosout][INFO] 2022-01-25 20:51:51,700: hello world 1643143911.7
[rosout][INFO] 2022-01-25 20:51:55,701: hello world 1643143915.7
[rosout][INFO] 2022-01-25 20:51:59,701: hello world 1643143919.7
[rosout][INFO] 2022-01-25 20:52:03,703: hello world 1643143923.7
[rosout][INFO] 2022-01-25 20:52:07,701: hello world 1643143927.7
[rosout][INFO] 2022-01-25 20:52:11,701: hello world 1643143931.7
[rosout][INFO] 2022-01-25 20:52:15,703: hello world 1643143935.7
[rosout][INFO] 2022-01-25 20:52:19,703: hello world 1643143939.7
[rosout][INFO] 2022-01-25 20:52:23,701: hello world 1643143943.7
[rosout][INFO] 2022-01-25 20:52:27,703: hello world 1643143947.7
[rosout][INFO] 2022-01-25 20:52:31,701: hello world 1643143951.7
[rosout][INFO] 2022-01-25 20:52:35,702: hello world 1643143955.7
[rosout][INFO] 2022-01-25 20:52:39,703: hello world 1643143959.7
[rosout][INFO] 2022-01-25 20:52:43,703: hello world 1643143963.7
[rosout][INFO] 2022-01-25 20:52:47,701: hello world 1643143967.7
[rosout][INFO] 2022-01-25 20:52:51,702: hello world 1643143971.7
[rosout][INFO] 2022-01-25 20:52:55,700: hello world 1643143975.7
[rosout][INFO] 2022-01-25 20:52:59,703: hello world 1643143979.7
[rosout][INFO] 2022-01-25 20:53:03,701: hello world 1643143983.7
[rosout][INFO] 2022-01-25 20:53:07,701: hello world 1643143987.7
[rosout][INFO] 2022-01-25 20:53:11,704: hello world 1643143991.7
[rosout][INFO] 2022-01-25 20:53:15,701: hello world 1643143995.7
[rosout][INFO] 2022-01-25 20:53:19,703: hello world 1643143999.7
[rosout][INFO] 2022-01-25 20:53:23,701: hello world 1643144003.7
[rosout][INFO] 2022-01-25 20:53:27,701: hello world 1643144007.7
[rosout][INFO] 2022-01-25 20:53:31,703: hello world 1643144011.7
[rosout][INFO] 2022-01-25 20:53:35,703: hello world 1643144015.7
[rosout][INFO] 2022-01-25 20:53:39,701: hello world 1643144019.7
[rosout][INFO] 2022-01-25 20:53:43,702: hello world 1643144023.7
[rosout][INFO] 2022-01-25 20:53:47,703: hello world 1643144027.7
[rosout][INFO] 2022-01-25 20:53:51,703: hello world 1643144031.7
[rosout][INFO] 2022-01-25 20:53:55,701: hello world 1643144035.7
[rosout][INFO] 2022-01-25 20:53:59,703: hello world 1643144039.7
[rosout][INFO] 2022-01-25 20:54:03,703: hello world 1643144043.7
[rosout][INFO] 2022-01-25 20:54:07,703: hello world 1643144047.7
[rosout][INFO] 2022-01-25 20:54:11,703: hello world 1643144051.7
[rosout][INFO] 2022-01-25 20:54:15,701: hello world 1643144055.7
[rosout][INFO] 2022-01-25 20:54:19,703: hello world 1643144059.7
[rosout][INFO] 2022-01-25 20:54:23,703: hello world 1643144063.7
[rosout][INFO] 2022-01-25 20:54:27,701: hello world 1643144067.7
[rosout][INFO] 2022-01-25 20:54:31,703: hello world 1643144071.7
[rosout][INFO] 2022-01-25 20:54:35,703: hello world 1643144075.7
[rosout][INFO] 2022-01-25 20:54:39,701: hello world 1643144079.7
[rosout][INFO] 2022-01-25 20:54:43,699: hello world 1643144083.7
[rosout][INFO] 2022-01-25 20:54:47,703: hello world 1643144087.7
[rosout][INFO] 2022-01-25 20:54:51,701: hello world 1643144091.7
[rosout][INFO] 2022-01-25 20:54:55,703: hello world 1643144095.7
[rosout][INFO] 2022-01-25 20:54:59,703: hello world 1643144099.7
[rosout][INFO] 2022-01-25 20:55:03,702: hello world 1643144103.7
[rosout][INFO] 2022-01-25 20:55:07,701: hello world 1643144107.7
[rosout][INFO] 2022-01-25 20:55:11,703: hello world 1643144111.7
[rosout][INFO] 2022-01-25 20:55:15,701: hello world 1643144115.7
[rosout][INFO] 2022-01-25 20:55:19,702: hello world 1643144119.7
[rosout][INFO] 2022-01-25 20:55:23,703: hello world 1643144123.7
[rosout][INFO] 2022-01-25 20:55:27,703: hello world 1643144127.7
[rosout][INFO] 2022-01-25 20:55:31,701: hello world 1643144131.7
[rosout][INFO] 2022-01-25 20:55:35,701: hello world 1643144135.7
[rosout][INFO] 2022-01-25 20:55:39,703: hello world 1643144139.7
[rosout][INFO] 2022-01-25 20:55:43,703: hello world 1643144143.7
[rosout][INFO] 2022-01-25 20:55:47,702: hello world 1643144147.7
[rosout][INFO] 2022-01-25 20:55:51,703: hello world 1643144151.7
[rosout][INFO] 2022-01-25 20:55:55,701: hello world 1643144155.7
[rosout][INFO] 2022-01-25 20:55:59,703: hello world 1643144159.7
[rosout][INFO] 2022-01-25 20:56:03,703: hello world 1643144163.7
[rosout][INFO] 2022-01-25 20:56:07,703: hello world 1643144167.7
[rosout][INFO] 2022-01-25 20:56:11,701: hello world 1643144171.7
[rosout][INFO] 2022-01-25 20:56:15,702: hello world 1643144175.7
[rosout][INFO] 2022-01-25 20:56:19,703: hello world 1643144179.7
[rosout][INFO] 2022-01-25 20:56:23,701: hello world 1643144183.7
[rosout][INFO] 2022-01-25 20:56:27,701: hello world 1643144187.7
[rosout][INFO] 2022-01-25 20:56:31,703: hello world 1643144191.7
[rosout][INFO] 2022-01-25 20:56:35,701: hello world 1643144195.7
[rosout][INFO] 2022-01-25 20:56:39,703: hello world 1643144199.7
[rosout][INFO] 2022-01-25 20:56:43,703: hello world 1643144203.7
[rosout][INFO] 2022-01-25 20:56:47,702: hello world 1643144207.7
[rosout][INFO] 2022-01-25 20:56:51,703: hello world 1643144211.7
[rosout][INFO] 2022-01-25 20:56:55,701: hello world 1643144215.7
[rosout][INFO] 2022-01-25 20:56:59,703: hello world 1643144219.7
[rosout][INFO] 2022-01-25 20:57:03,702: hello world 1643144223.7
[rosout][INFO] 2022-01-25 20:57:07,703: hello world 1643144227.7
[rosout][INFO] 2022-01-25 20:57:11,701: hello world 1643144231.7
[rosout][INFO] 2022-01-25 20:57:15,701: hello world 1643144235.7
[rosout][INFO] 2022-01-25 20:57:19,703: hello world 1643144239.7
[rosout][INFO] 2022-01-25 20:57:23,701: hello world 1643144243.7
[rosout][INFO] 2022-01-25 20:57:27,702: hello world 1643144247.7
[rosout][INFO] 2022-01-25 20:57:31,701: hello world 1643144251.7
[rosout][INFO] 2022-01-25 20:57:35,701: hello world 1643144255.7
[rosout][INFO] 2022-01-25 20:57:39,701: hello world 1643144259.7
[rosout][INFO] 2022-01-25 20:57:43,702: hello world 1643144263.7
[rosout][INFO] 2022-01-25 20:57:47,700: hello world 1643144267.7
[rosout][INFO] 2022-01-25 20:57:51,701: hello world 1643144271.7
[rosout][INFO] 2022-01-25 20:57:55,702: hello world 1643144275.7
[rosout][INFO] 2022-01-25 20:57:59,703: hello world 1643144279.7
[rosout][INFO] 2022-01-25 20:58:03,703: hello world 1643144283.7
[rosout][INFO] 2022-01-25 20:58:07,702: hello world 1643144287.7
[rosout][INFO] 2022-01-25 20:58:11,701: hello world 1643144291.7
[rosout][INFO] 2022-01-25 20:58:15,703: hello world 1643144295.7
[rosout][INFO] 2022-01-25 20:58:19,703: hello world 1643144299.7
[rosout][INFO] 2022-01-25 20:58:23,703: hello world 1643144303.7
[rosout][INFO] 2022-01-25 20:58:27,702: hello world 1643144307.7
[rosout][INFO] 2022-01-25 20:58:31,703: hello world 1643144311.7
[rosout][INFO] 2022-01-25 20:58:35,699: hello world 1643144315.7
[rosout][INFO] 2022-01-25 20:58:39,701: hello world 1643144319.7
[rosout][INFO] 2022-01-25 20:58:43,700: hello world 1643144323.7
[rosout][INFO] 2022-01-25 20:58:47,702: hello world 1643144327.7
[rosout][INFO] 2022-01-25 20:58:51,703: hello world 1643144331.7
[rosout][INFO] 2022-01-25 20:58:55,701: hello world 1643144335.7
[rosout][INFO] 2022-01-25 20:58:59,703: hello world 1643144339.7
[rosout][INFO] 2022-01-25 20:59:03,702: hello world 1643144343.7
[rosout][INFO] 2022-01-25 20:59:07,701: hello world 1643144347.7
[rosout][INFO] 2022-01-25 20:59:11,702: hello world 1643144351.7
[rosout][INFO] 2022-01-25 20:59:15,703: hello world 1643144355.7
[rosout][INFO] 2022-01-25 20:59:19,701: hello world 1643144359.7
[rosout][INFO] 2022-01-25 20:59:23,702: hello world 1643144363.7
[rosout][INFO] 2022-01-25 20:59:27,703: hello world 1643144367.7
[rosout][INFO] 2022-01-25 20:59:31,701: hello world 1643144371.7
[rosout][INFO] 2022-01-25 20:59:35,703: hello world 1643144375.7
[rosout][INFO] 2022-01-25 20:59:39,702: hello world 1643144379.7
[rosout][INFO] 2022-01-25 20:59:43,703: hello world 1643144383.7
[rosout][INFO] 2022-01-25 20:59:47,703: hello world 1643144387.7
[rosout][INFO] 2022-01-25 20:59:51,703: hello world 1643144391.7
[rosout][INFO] 2022-01-25 20:59:55,703: hello world 1643144395.7
[rosout][INFO] 2022-01-25 20:59:59,703: hello world 1643144399.7
[rosout][INFO] 2022-01-25 21:00:03,703: hello world 1643144403.7
[rosout][INFO] 2022-01-25 21:00:07,703: hello world 1643144407.7
[rosout][INFO] 2022-01-25 21:00:11,701: hello world 1643144411.7
[rosout][INFO] 2022-01-25 21:00:15,703: hello world 1643144415.7
[rosout][INFO] 2022-01-25 21:00:19,703: hello world 1643144419.7
[rosout][INFO] 2022-01-25 21:00:23,703: hello world 1643144423.7
[rosout][INFO] 2022-01-25 21:00:27,702: hello world 1643144427.7
[rosout][INFO] 2022-01-25 21:00:31,702: hello world 1643144431.7
[rosout][INFO] 2022-01-25 21:00:35,703: hello world 1643144435.7
[rosout][INFO] 2022-01-25 21:00:39,703: hello world 1643144439.7
[rosout][INFO] 2022-01-25 21:00:43,703: hello world 1643144443.7
[rosout][INFO] 2022-01-25 21:00:47,701: hello world 1643144447.7
[rosout][INFO] 2022-01-25 21:00:51,703: hello world 1643144451.7
[rosout][INFO] 2022-01-25 21:00:55,701: hello world 1643144455.7
[rosout][INFO] 2022-01-25 21:00:59,701: hello world 1643144459.7
[rosout][INFO] 2022-01-25 21:01:03,703: hello world 1643144463.7
[rosout][INFO] 2022-01-25 21:01:07,701: hello world 1643144467.7
[rosout][INFO] 2022-01-25 21:01:11,702: hello world 1643144471.7
[rosout][INFO] 2022-01-25 21:01:15,701: hello world 1643144475.7
[rosout][INFO] 2022-01-25 21:01:19,701: hello world 1643144479.7
[rosout][INFO] 2022-01-25 21:01:23,703: hello world 1643144483.7
[rosout][INFO] 2022-01-25 21:01:27,701: hello world 1643144487.7
[rosout][INFO] 2022-01-25 21:01:31,703: hello world 1643144491.7
[rosout][INFO] 2022-01-25 21:01:35,701: hello world 1643144495.7
[rosout][INFO] 2022-01-25 21:01:39,702: hello world 1643144499.7
[rosout][INFO] 2022-01-25 21:01:43,701: hello world 1643144503.7
[rosout][INFO] 2022-01-25 21:01:47,702: hello world 1643144507.7
[rosout][INFO] 2022-01-25 21:01:51,703: hello world 1643144511.7
[rosout][INFO] 2022-01-25 21:01:55,700: hello world 1643144515.7
[rosout][INFO] 2022-01-25 21:01:59,702: hello world 1643144519.7
[rosout][INFO] 2022-01-25 21:02:03,703: hello world 1643144523.7
[rosout][INFO] 2022-01-25 21:02:07,701: hello world 1643144527.7
[rosout][INFO] 2022-01-25 21:02:11,703: hello world 1643144531.7
[rosout][INFO] 2022-01-25 21:02:15,703: hello world 1643144535.7
[rosout][INFO] 2022-01-25 21:02:19,701: hello world 1643144539.7
[rosout][INFO] 2022-01-25 21:02:23,703: hello world 1643144543.7
[rosout][INFO] 2022-01-25 21:02:27,703: hello world 1643144547.7
[rosout][INFO] 2022-01-25 21:02:31,702: hello world 1643144551.7
[rosout][INFO] 2022-01-25 21:02:35,701: hello world 1643144555.7
[rosout][INFO] 2022-01-25 21:02:39,703: hello world 1643144559.7
[rosout][INFO] 2022-01-25 21:02:43,703: hello world 1643144563.7
[rosout][INFO] 2022-01-25 21:02:47,699: hello world 1643144567.7
[rosout][INFO] 2022-01-25 21:02:51,701: hello world 1643144571.7
[rosout][INFO] 2022-01-25 21:02:55,701: hello world 1643144575.7
[rosout][INFO] 2022-01-25 21:02:59,703: hello world 1643144579.7
[rosout][INFO] 2022-01-25 21:03:03,700: hello world 1643144583.7
[rosout][INFO] 2022-01-25 21:03:07,701: hello world 1643144587.7
[rosout][INFO] 2022-01-25 21:03:11,702: hello world 1643144591.7
[rosout][INFO] 2022-01-25 21:03:15,703: hello world 1643144595.7
[rosout][INFO] 2022-01-25 21:03:19,703: hello world 1643144599.7
[rosout][INFO] 2022-01-25 21:03:23,703: hello world 1643144603.7
[rosout][INFO] 2022-01-25 21:03:27,702: hello world 1643144607.7
[rosout][INFO] 2022-01-25 21:03:31,702: hello world 1643144611.7
[rosout][INFO] 2022-01-25 21:03:35,701: hello world 1643144615.7
[rosout][INFO] 2022-01-25 21:03:39,702: hello world 1643144619.7
[rosout][INFO] 2022-01-25 21:03:43,703: hello world 1643144623.7
[rosout][INFO] 2022-01-25 21:03:47,701: hello world 1643144627.7
[rosout][INFO] 2022-01-25 21:03:51,701: hello world 1643144631.7
[rosout][INFO] 2022-01-25 21:03:55,703: hello world 1643144635.7
[rosout][INFO] 2022-01-25 21:03:59,703: hello world 1643144639.7
[rosout][INFO] 2022-01-25 21:04:03,703: hello world 1643144643.7
[rosout][INFO] 2022-01-25 21:04:07,703: hello world 1643144647.7
[rosout][INFO] 2022-01-25 21:04:11,703: hello world 1643144651.7
[rosout][INFO] 2022-01-25 21:04:15,703: hello world 1643144655.7
[rosout][INFO] 2022-01-25 21:04:19,701: hello world 1643144659.7
[rosout][INFO] 2022-01-25 21:04:23,703: hello world 1643144663.7
[rosout][INFO] 2022-01-25 21:04:27,702: hello world 1643144667.7
[rosout][INFO] 2022-01-25 21:04:31,702: hello world 1643144671.7
[rosout][INFO] 2022-01-25 21:04:35,701: hello world 1643144675.7
[rosout][INFO] 2022-01-25 21:04:39,701: hello world 1643144679.7
[rosout][INFO] 2022-01-25 21:04:43,703: hello world 1643144683.7
[rosout][INFO] 2022-01-25 21:04:47,703: hello world 1643144687.7
[rosout][INFO] 2022-01-25 21:04:51,703: hello world 1643144691.7
[rosout][INFO] 2022-01-25 21:04:55,700: hello world 1643144695.7
[rosout][INFO] 2022-01-25 21:04:59,702: hello world 1643144699.7
[rosout][INFO] 2022-01-25 21:05:03,702: hello world 1643144703.7
[rosout][INFO] 2022-01-25 21:05:07,702: hello world 1643144707.7
[rosout][INFO] 2022-01-25 21:05:11,701: hello world 1643144711.7
[rosout][INFO] 2022-01-25 21:05:15,703: hello world 1643144715.7
[rosout][INFO] 2022-01-25 21:05:19,701: hello world 1643144719.7
[rosout][INFO] 2022-01-25 21:05:23,702: hello world 1643144723.7
[rosout][INFO] 2022-01-25 21:05:27,700: hello world 1643144727.7
[rosout][INFO] 2022-01-25 21:05:31,702: hello world 1643144731.7
[rosout][INFO] 2022-01-25 21:05:35,703: hello world 1643144735.7
[rosout][INFO] 2022-01-25 21:05:39,703: hello world 1643144739.7
[rosout][INFO] 2022-01-25 21:05:43,702: hello world 1643144743.7
[rosout][INFO] 2022-01-25 21:05:47,703: hello world 1643144747.7
[rosout][INFO] 2022-01-25 21:05:51,704: hello world 1643144751.7
[rosout][INFO] 2022-01-25 21:05:55,701: hello world 1643144755.7
[rosout][INFO] 2022-01-25 21:05:59,703: hello world 1643144759.7
[rosout][INFO] 2022-01-25 21:06:03,702: hello world 1643144763.7
[rosout][INFO] 2022-01-25 21:06:07,701: hello world 1643144767.7
[rosout][INFO] 2022-01-25 21:06:11,699: hello world 1643144771.7
[rosout][INFO] 2022-01-25 21:06:15,702: hello world 1643144775.7
[rosout][INFO] 2022-01-25 21:06:19,703: hello world 1643144779.7
[rosout][INFO] 2022-01-25 21:06:23,702: hello world 1643144783.7
[rosout][INFO] 2022-01-25 21:06:27,700: hello world 1643144787.7
[rosout][INFO] 2022-01-25 21:06:31,703: hello world 1643144791.7
[rosout][INFO] 2022-01-25 21:06:35,701: hello world 1643144795.7
[rosout][INFO] 2022-01-25 21:06:39,702: hello world 1643144799.7
[rosout][INFO] 2022-01-25 21:06:43,702: hello world 1643144803.7
[rosout][INFO] 2022-01-25 21:06:47,700: hello world 1643144807.7
[rosout][INFO] 2022-01-25 21:06:51,703: hello world 1643144811.7
[rosout][INFO] 2022-01-25 21:06:55,703: hello world 1643144815.7
[rosout][INFO] 2022-01-25 21:06:59,701: hello world 1643144819.7
[rosout][INFO] 2022-01-25 21:07:03,701: hello world 1643144823.7
[rosout][INFO] 2022-01-25 21:07:07,703: hello world 1643144827.7
[rosout][INFO] 2022-01-25 21:07:11,701: hello world 1643144831.7
[rosout][INFO] 2022-01-25 21:07:15,702: hello world 1643144835.7
[rosout][INFO] 2022-01-25 21:07:19,701: hello world 1643144839.7
[rosout][INFO] 2022-01-25 21:07:23,702: hello world 1643144843.7
[rosout][INFO] 2022-01-25 21:07:27,702: hello world 1643144847.7
[rosout][INFO] 2022-01-25 21:07:31,702: hello world 1643144851.7
[rosout][INFO] 2022-01-25 21:07:35,703: hello world 1643144855.7
[rosout][INFO] 2022-01-25 21:07:39,703: hello world 1643144859.7
[rosout][INFO] 2022-01-25 21:07:43,701: hello world 1643144863.7
[rosout][INFO] 2022-01-25 21:07:47,703: hello world 1643144867.7
[rosout][INFO] 2022-01-25 21:07:51,703: hello world 1643144871.7
[rosout][INFO] 2022-01-25 21:07:55,701: hello world 1643144875.7
[rosout][INFO] 2022-01-25 21:07:59,703: hello world 1643144879.7
[rosout][INFO] 2022-01-25 21:08:03,701: hello world 1643144883.7
[rosout][INFO] 2022-01-25 21:08:07,703: hello world 1643144887.7
[rosout][INFO] 2022-01-25 21:08:11,703: hello world 1643144891.7
[rosout][INFO] 2022-01-25 21:08:15,701: hello world 1643144895.7
[rosout][INFO] 2022-01-25 21:08:19,701: hello world 1643144899.7
[rosout][INFO] 2022-01-25 21:08:23,701: hello world 1643144903.7
[rosout][INFO] 2022-01-25 21:08:27,703: hello world 1643144907.7
[rosout][INFO] 2022-01-25 21:08:31,702: hello world 1643144911.7
[rosout][INFO] 2022-01-25 21:08:35,704: hello world 1643144915.7
[rosout][INFO] 2022-01-25 21:08:39,701: hello world 1643144919.7
[rosout][INFO] 2022-01-25 21:08:43,702: hello world 1643144923.7
[rosout][INFO] 2022-01-25 21:08:47,701: hello world 1643144927.7
[rosout][INFO] 2022-01-25 21:08:51,701: hello world 1643144931.7
[rosout][INFO] 2022-01-25 21:08:55,703: hello world 1643144935.7
[rosout][INFO] 2022-01-25 21:08:59,701: hello world 1643144939.7
[rosout][INFO] 2022-01-25 21:09:03,703: hello world 1643144943.7
[rosout][INFO] 2022-01-25 21:09:07,703: hello world 1643144947.7
[rosout][INFO] 2022-01-25 21:09:11,701: hello world 1643144951.7
[rosout][INFO] 2022-01-25 21:09:15,703: hello world 1643144955.7
[rosout][INFO] 2022-01-25 21:09:19,703: hello world 1643144959.7
[rosout][INFO] 2022-01-25 21:09:23,701: hello world 1643144963.7
[rosout][INFO] 2022-01-25 21:09:27,700: hello world 1643144967.7
[rosout][INFO] 2022-01-25 21:09:31,703: hello world 1643144971.7
[rosout][INFO] 2022-01-25 21:09:35,703: hello world 1643144975.7
[rosout][INFO] 2022-01-25 21:09:39,700: hello world 1643144979.7
[rosout][INFO] 2022-01-25 21:09:43,703: hello world 1643144983.7
[rosout][INFO] 2022-01-25 21:09:47,703: hello world 1643144987.7
[rosout][INFO] 2022-01-25 21:09:51,701: hello world 1643144991.7
[rosout][INFO] 2022-01-25 21:09:55,701: hello world 1643144995.7
[rosout][INFO] 2022-01-25 21:09:59,699: hello world 1643144999.7
[rosout][INFO] 2022-01-25 21:10:03,703: hello world 1643145003.7
[rosout][INFO] 2022-01-25 21:10:07,702: hello world 1643145007.7
[rosout][INFO] 2022-01-25 21:10:11,703: hello world 1643145011.7
[rosout][INFO] 2022-01-25 21:10:15,701: hello world 1643145015.7
[rosout][INFO] 2022-01-25 21:10:19,703: hello world 1643145019.7
[rosout][INFO] 2022-01-25 21:10:23,702: hello world 1643145023.7
[rosout][INFO] 2022-01-25 21:10:27,701: hello world 1643145027.7
[rosout][INFO] 2022-01-25 21:10:31,700: hello world 1643145031.7
[rosout][INFO] 2022-01-25 21:10:35,701: hello world 1643145035.7
[rosout][INFO] 2022-01-25 21:10:39,701: hello world 1643145039.7
[rosout][INFO] 2022-01-25 21:10:43,701: hello world 1643145043.7
[rosout][INFO] 2022-01-25 21:10:47,703: hello world 1643145047.7
[rosout][INFO] 2022-01-25 21:10:51,703: hello world 1643145051.7
[rosout][INFO] 2022-01-25 21:10:55,703: hello world 1643145055.7
[rosout][INFO] 2022-01-25 21:10:59,703: hello world 1643145059.7
[rosout][INFO] 2022-01-25 21:11:03,703: hello world 1643145063.7
[rosout][INFO] 2022-01-25 21:11:07,701: hello world 1643145067.7
[rosout][INFO] 2022-01-25 21:11:11,702: hello world 1643145071.7
[rosout][INFO] 2022-01-25 21:11:15,703: hello world 1643145075.7
[rosout][INFO] 2022-01-25 21:11:19,703: hello world 1643145079.7
[rosout][INFO] 2022-01-25 21:11:23,702: hello world 1643145083.7
[rosout][INFO] 2022-01-25 21:11:27,703: hello world 1643145087.7
[rosout][INFO] 2022-01-25 21:11:31,703: hello world 1643145091.7
[rosout][INFO] 2022-01-25 21:11:35,702: hello world 1643145095.7
[rosout][INFO] 2022-01-25 21:11:39,700: hello world 1643145099.7
[rosout][INFO] 2022-01-25 21:11:43,701: hello world 1643145103.7
[rosout][INFO] 2022-01-25 21:11:47,703: hello world 1643145107.7
[rosout][INFO] 2022-01-25 21:11:51,701: hello world 1643145111.7
[rosout][INFO] 2022-01-25 21:11:55,703: hello world 1643145115.7
[rosout][INFO] 2022-01-25 21:11:59,703: hello world 1643145119.7
[rosout][INFO] 2022-01-25 21:12:03,703: hello world 1643145123.7
[rosout][INFO] 2022-01-25 21:12:07,700: hello world 1643145127.7
[rosout][INFO] 2022-01-25 21:12:11,702: hello world 1643145131.7
[rosout][INFO] 2022-01-25 21:12:15,701: hello world 1643145135.7
[rosout][INFO] 2022-01-25 21:12:19,703: hello world 1643145139.7
[rosout][INFO] 2022-01-25 21:12:23,703: hello world 1643145143.7
[rosout][INFO] 2022-01-25 21:12:27,701: hello world 1643145147.7
[rosout][INFO] 2022-01-25 21:12:31,703: hello world 1643145151.7
[rosout][INFO] 2022-01-25 21:12:35,701: hello world 1643145155.7
[rosout][INFO] 2022-01-25 21:12:39,701: hello world 1643145159.7
[rosout][INFO] 2022-01-25 21:12:43,703: hello world 1643145163.7
[rosout][INFO] 2022-01-25 21:12:47,699: hello world 1643145167.7
[rosout][INFO] 2022-01-25 21:12:51,703: hello world 1643145171.7
[rosout][INFO] 2022-01-25 21:12:55,703: hello world 1643145175.7
[rosout][INFO] 2022-01-25 21:12:59,703: hello world 1643145179.7
[rosout][INFO] 2022-01-25 21:13:03,701: hello world 1643145183.7
[rosout][INFO] 2022-01-25 21:13:07,702: hello world 1643145187.7
[rosout][INFO] 2022-01-25 21:13:11,703: hello world 1643145191.7
[rosout][INFO] 2022-01-25 21:13:15,703: hello world 1643145195.7
[rosout][INFO] 2022-01-25 21:13:19,701: hello world 1643145199.7
[rosout][INFO] 2022-01-25 21:13:23,703: hello world 1643145203.7
[rosout][INFO] 2022-01-25 21:13:27,701: hello world 1643145207.7
[rosout][INFO] 2022-01-25 21:13:31,703: hello world 1643145211.7
[rosout][INFO] 2022-01-25 21:13:35,701: hello world 1643145215.7
[rosout][INFO] 2022-01-25 21:13:39,703: hello world 1643145219.7
[rosout][INFO] 2022-01-25 21:13:43,701: hello world 1643145223.7
[rosout][INFO] 2022-01-25 21:13:47,700: hello world 1643145227.7
[rosout][INFO] 2022-01-25 21:13:51,703: hello world 1643145231.7
[rosout][INFO] 2022-01-25 21:13:55,703: hello world 1643145235.7
[rosout][INFO] 2022-01-25 21:13:59,703: hello world 1643145239.7
[rosout][INFO] 2022-01-25 21:14:03,702: hello world 1643145243.7
[rosout][INFO] 2022-01-25 21:14:07,703: hello world 1643145247.7
[rosout][INFO] 2022-01-25 21:14:11,703: hello world 1643145251.7
[rosout][INFO] 2022-01-25 21:14:15,703: hello world 1643145255.7
[rosout][INFO] 2022-01-25 21:14:19,703: hello world 1643145259.7
[rosout][INFO] 2022-01-25 21:14:23,699: hello world 1643145263.7
[rosout][INFO] 2022-01-25 21:14:27,702: hello world 1643145267.7
[rosout][INFO] 2022-01-25 21:14:31,701: hello world 1643145271.7
[rosout][INFO] 2022-01-25 21:14:35,703: hello world 1643145275.7
[rosout][INFO] 2022-01-25 21:14:39,699: hello world 1643145279.7
[rosout][INFO] 2022-01-25 21:14:43,703: hello world 1643145283.7
[rosout][INFO] 2022-01-25 21:14:47,702: hello world 1643145287.7
[rosout][INFO] 2022-01-25 21:14:51,703: hello world 1643145291.7
[rosout][INFO] 2022-01-25 21:14:55,702: hello world 1643145295.7
[rosout][INFO] 2022-01-25 21:14:59,703: hello world 1643145299.7
[rosout][INFO] 2022-01-25 21:15:03,702: hello world 1643145303.7
[rosout][INFO] 2022-01-25 21:15:07,701: hello world 1643145307.7
[rosout][INFO] 2022-01-25 21:15:11,704: hello world 1643145311.7
[rosout][INFO] 2022-01-25 21:15:15,702: hello world 1643145315.7
[rosout][INFO] 2022-01-25 21:15:19,703: hello world 1643145319.7
[rosout][INFO] 2022-01-25 21:15:23,703: hello world 1643145323.7
[rosout][INFO] 2022-01-25 21:15:27,702: hello world 1643145327.7
[rosout][INFO] 2022-01-25 21:15:31,702: hello world 1643145331.7
[rosout][INFO] 2022-01-25 21:15:35,703: hello world 1643145335.7
[rosout][INFO] 2022-01-25 21:15:39,703: hello world 1643145339.7
[rosout][INFO] 2022-01-25 21:15:43,701: hello world 1643145343.7
[rosout][INFO] 2022-01-25 21:15:47,701: hello world 1643145347.7
[rosout][INFO] 2022-01-25 21:15:51,701: hello world 1643145351.7
[rosout][INFO] 2022-01-25 21:15:55,703: hello world 1643145355.7
[rosout][INFO] 2022-01-25 21:15:59,702: hello world 1643145359.7
[rosout][INFO] 2022-01-25 21:16:03,703: hello world 1643145363.7
[rosout][INFO] 2022-01-25 21:16:07,703: hello world 1643145367.7
[rosout][INFO] 2022-01-25 21:16:11,701: hello world 1643145371.7
[rosout][INFO] 2022-01-25 21:16:15,703: hello world 1643145375.7
[rosout][INFO] 2022-01-25 21:16:19,701: hello world 1643145379.7
[rosout][INFO] 2022-01-25 21:16:23,702: hello world 1643145383.7
[rosout][INFO] 2022-01-25 21:16:27,701: hello world 1643145387.7
[rosout][INFO] 2022-01-25 21:16:31,703: hello world 1643145391.7
[rosout][INFO] 2022-01-25 21:16:35,701: hello world 1643145395.7
[rosout][INFO] 2022-01-25 21:16:39,703: hello world 1643145399.7
[rosout][INFO] 2022-01-25 21:16:43,702: hello world 1643145403.7
[rosout][INFO] 2022-01-25 21:16:47,702: hello world 1643145407.7
[rosout][INFO] 2022-01-25 21:16:51,700: hello world 1643145411.7
[rosout][INFO] 2022-01-25 21:16:55,703: hello world 1643145415.7
[rosout][INFO] 2022-01-25 21:16:59,703: hello world 1643145419.7
[rosout][INFO] 2022-01-25 21:17:03,701: hello world 1643145423.7
[rosout][INFO] 2022-01-25 21:17:07,701: hello world 1643145427.7
[rosout][INFO] 2022-01-25 21:17:11,703: hello world 1643145431.7
[rosout][INFO] 2022-01-25 21:17:15,701: hello world 1643145435.7
[rosout][INFO] 2022-01-25 21:17:19,703: hello world 1643145439.7
[rosout][INFO] 2022-01-25 21:17:23,701: hello world 1643145443.7
[rosout][INFO] 2022-01-25 21:17:27,701: hello world 1643145447.7
[rosout][INFO] 2022-01-25 21:17:31,699: hello world 1643145451.7
[rosout][INFO] 2022-01-25 21:17:35,703: hello world 1643145455.7
[rosout][INFO] 2022-01-25 21:17:39,703: hello world 1643145459.7
[rosout][INFO] 2022-01-25 21:17:43,703: hello world 1643145463.7
[rosout][INFO] 2022-01-25 21:17:47,703: hello world 1643145467.7
[rosout][INFO] 2022-01-25 21:17:51,701: hello world 1643145471.7
[rosout][INFO] 2022-01-25 21:17:55,702: hello world 1643145475.7
[rosout][INFO] 2022-01-25 21:17:59,702: hello world 1643145479.7
[rosout][INFO] 2022-01-25 21:18:03,702: hello world 1643145483.7
[rosout][INFO] 2022-01-25 21:18:07,703: hello world 1643145487.7
[rosout][INFO] 2022-01-25 21:18:11,703: hello world 1643145491.7
[rosout][INFO] 2022-01-25 21:18:15,702: hello world 1643145495.7
[rosout][INFO] 2022-01-25 21:18:19,702: hello world 1643145499.7
[rosout][INFO] 2022-01-25 21:18:23,702: hello world 1643145503.7
[rosout][INFO] 2022-01-25 21:18:27,704: hello world 1643145507.7
[rosout][INFO] 2022-01-25 21:18:31,701: hello world 1643145511.7
[rosout][INFO] 2022-01-25 21:18:35,701: hello world 1643145515.7
[rosout][INFO] 2022-01-25 21:18:39,699: hello world 1643145519.7
[rosout][INFO] 2022-01-25 21:18:43,703: hello world 1643145523.7
[rosout][INFO] 2022-01-25 21:18:47,703: hello world 1643145527.7
[rosout][INFO] 2022-01-25 21:18:51,703: hello world 1643145531.7
[rosout][INFO] 2022-01-25 21:18:55,702: hello world 1643145535.7
[rosout][INFO] 2022-01-25 21:18:59,703: hello world 1643145539.7
[rosout][INFO] 2022-01-25 21:19:03,702: hello world 1643145543.7
[rosout][INFO] 2022-01-25 21:19:07,702: hello world 1643145547.7
[rosout][INFO] 2022-01-25 21:19:11,703: hello world 1643145551.7
[rosout][INFO] 2022-01-25 21:19:15,703: hello world 1643145555.7
[rosout][INFO] 2022-01-25 21:19:19,703: hello world 1643145559.7
[rosout][INFO] 2022-01-25 21:19:23,702: hello world 1643145563.7
[rosout][INFO] 2022-01-25 21:19:27,703: hello world 1643145567.7
[rosout][INFO] 2022-01-25 21:19:31,703: hello world 1643145571.7
[rosout][INFO] 2022-01-25 21:19:35,703: hello world 1643145575.7
[rosout][INFO] 2022-01-25 21:19:39,703: hello world 1643145579.7
[rosout][INFO] 2022-01-25 21:19:43,703: hello world 1643145583.7
[rosout][INFO] 2022-01-25 21:19:47,703: hello world 1643145587.7
[rosout][INFO] 2022-01-25 21:19:51,701: hello world 1643145591.7
[rosout][INFO] 2022-01-25 21:19:55,703: hello world 1643145595.7
[rosout][INFO] 2022-01-25 21:19:59,703: hello world 1643145599.7
[rosout][INFO] 2022-01-25 21:20:03,703: hello world 1643145603.7
[rosout][INFO] 2022-01-25 21:20:07,703: hello world 1643145607.7
[rosout][INFO] 2022-01-25 21:20:11,703: hello world 1643145611.7
[rosout][INFO] 2022-01-25 21:20:15,703: hello world 1643145615.7
[rosout][INFO] 2022-01-25 21:20:19,701: hello world 1643145619.7
[rosout][INFO] 2022-01-25 21:20:23,703: hello world 1643145623.7
[rosout][INFO] 2022-01-25 21:20:27,699: hello world 1643145627.7
[rosout][INFO] 2022-01-25 21:20:31,703: hello world 1643145631.7
[rosout][INFO] 2022-01-25 21:20:35,703: hello world 1643145635.7
[rosout][INFO] 2022-01-25 21:20:39,702: hello world 1643145639.7
[rosout][INFO] 2022-01-25 21:20:43,702: hello world 1643145643.7
[rosout][INFO] 2022-01-25 21:20:47,703: hello world 1643145647.7
[rosout][INFO] 2022-01-25 21:20:51,701: hello world 1643145651.7
[rosout][INFO] 2022-01-25 21:20:55,701: hello world 1643145655.7
[rosout][INFO] 2022-01-25 21:20:59,703: hello world 1643145659.7
[rosout][INFO] 2022-01-25 21:21:03,703: hello world 1643145663.7
[rosout][INFO] 2022-01-25 21:21:07,701: hello world 1643145667.7
[rosout][INFO] 2022-01-25 21:21:11,703: hello world 1643145671.7
[rosout][INFO] 2022-01-25 21:21:15,702: hello world 1643145675.7
[rosout][INFO] 2022-01-25 21:21:19,701: hello world 1643145679.7
[rosout][INFO] 2022-01-25 21:21:23,702: hello world 1643145683.7
[rosout][INFO] 2022-01-25 21:21:27,702: hello world 1643145687.7
[rosout][INFO] 2022-01-25 21:21:31,703: hello world 1643145691.7
[rosout][INFO] 2022-01-25 21:21:35,703: hello world 1643145695.7
[rosout][INFO] 2022-01-25 21:21:39,701: hello world 1643145699.7
[rosout][INFO] 2022-01-25 21:21:43,703: hello world 1643145703.7
[rosout][INFO] 2022-01-25 21:21:47,702: hello world 1643145707.7
[rosout][INFO] 2022-01-25 21:21:51,701: hello world 1643145711.7
[rosout][INFO] 2022-01-25 21:21:55,703: hello world 1643145715.7
[rosout][INFO] 2022-01-25 21:21:59,703: hello world 1643145719.7
[rosout][INFO] 2022-01-25 21:22:03,703: hello world 1643145723.7
[rosout][INFO] 2022-01-25 21:22:07,702: hello world 1643145727.7
[rosout][INFO] 2022-01-25 21:22:11,703: hello world 1643145731.7
[rosout][INFO] 2022-01-25 21:22:15,702: hello world 1643145735.7
[rosout][INFO] 2022-01-25 21:22:19,703: hello world 1643145739.7
[rosout][INFO] 2022-01-25 21:22:23,703: hello world 1643145743.7
[rosout][INFO] 2022-01-25 21:22:27,703: hello world 1643145747.7
[rosout][INFO] 2022-01-25 21:22:31,703: hello world 1643145751.7
[rosout][INFO] 2022-01-25 21:22:35,699: hello world 1643145755.7
[rosout][INFO] 2022-01-25 21:22:39,703: hello world 1643145759.7
[rosout][INFO] 2022-01-25 21:22:43,702: hello world 1643145763.7
[rosout][INFO] 2022-01-25 21:22:47,701: hello world 1643145767.7
[rosout][INFO] 2022-01-25 21:22:51,702: hello world 1643145771.7
[rosout][INFO] 2022-01-25 21:22:55,703: hello world 1643145775.7
[rosout][INFO] 2022-01-25 21:22:59,703: hello world 1643145779.7
[rosout][INFO] 2022-01-25 21:23:03,701: hello world 1643145783.7
[rosout][INFO] 2022-01-25 21:23:07,701: hello world 1643145787.7
[rosout][INFO] 2022-01-25 21:23:11,701: hello world 1643145791.7
[rosout][INFO] 2022-01-25 21:23:15,702: hello world 1643145795.7
[rosout][INFO] 2022-01-25 21:23:19,701: hello world 1643145799.7
[rosout][INFO] 2022-01-25 21:23:23,702: hello world 1643145803.7
[rosout][INFO] 2022-01-25 21:23:27,699: hello world 1643145807.7
[rosout][INFO] 2022-01-25 21:23:31,701: hello world 1643145811.7
[rosout][INFO] 2022-01-25 21:23:35,703: hello world 1643145815.7
[rosout][INFO] 2022-01-25 21:23:39,703: hello world 1643145819.7
[rosout][INFO] 2022-01-25 21:23:43,702: hello world 1643145823.7
[rosout][INFO] 2022-01-25 21:23:47,701: hello world 1643145827.7
[rosout][INFO] 2022-01-25 21:23:51,703: hello world 1643145831.7
[rosout][INFO] 2022-01-25 21:23:55,703: hello world 1643145835.7
[rosout][INFO] 2022-01-25 21:23:59,702: hello world 1643145839.7
[rosout][INFO] 2022-01-25 21:24:03,703: hello world 1643145843.7
[rosout][INFO] 2022-01-25 21:24:07,703: hello world 1643145847.7
[rosout][INFO] 2022-01-25 21:24:11,701: hello world 1643145851.7
[rosout][INFO] 2022-01-25 21:24:15,703: hello world 1643145855.7
[rosout][INFO] 2022-01-25 21:24:19,701: hello world 1643145859.7
[rosout][INFO] 2022-01-25 21:24:23,701: hello world 1643145863.7
[rosout][INFO] 2022-01-25 21:24:27,703: hello world 1643145867.7
[rosout][INFO] 2022-01-25 21:24:31,703: hello world 1643145871.7
[rosout][INFO] 2022-01-25 21:24:35,701: hello world 1643145875.7
[rosout][INFO] 2022-01-25 21:24:39,701: hello world 1643145879.7
[rosout][INFO] 2022-01-25 21:24:43,703: hello world 1643145883.7
[rosout][INFO] 2022-01-25 21:24:47,702: hello world 1643145887.7
[rosout][INFO] 2022-01-25 21:24:51,703: hello world 1643145891.7
[rosout][INFO] 2022-01-25 21:24:55,702: hello world 1643145895.7
[rosout][INFO] 2022-01-25 21:24:59,701: hello world 1643145899.7
[rosout][INFO] 2022-01-25 21:25:03,703: hello world 1643145903.7
[rosout][INFO] 2022-01-25 21:25:07,700: hello world 1643145907.7
[rosout][INFO] 2022-01-25 21:25:11,703: hello world 1643145911.7
[rosout][INFO] 2022-01-25 21:25:15,703: hello world 1643145915.7
[rosout][INFO] 2022-01-25 21:25:19,703: hello world 1643145919.7
[rosout][INFO] 2022-01-25 21:25:23,703: hello world 1643145923.7
[rosout][INFO] 2022-01-25 21:25:27,701: hello world 1643145927.7
[rosout][INFO] 2022-01-25 21:25:31,703: hello world 1643145931.7
[rosout][INFO] 2022-01-25 21:25:35,703: hello world 1643145935.7
[rosout][INFO] 2022-01-25 21:25:39,701: hello world 1643145939.7
[rosout][INFO] 2022-01-25 21:25:43,702: hello world 1643145943.7
[rosout][INFO] 2022-01-25 21:25:47,703: hello world 1643145947.7
[rosout][INFO] 2022-01-25 21:25:51,703: hello world 1643145951.7
[rosout][INFO] 2022-01-25 21:25:55,703: hello world 1643145955.7
[rosout][INFO] 2022-01-25 21:25:59,703: hello world 1643145959.7
[rosout][INFO] 2022-01-25 21:26:03,703: hello world 1643145963.7
[rosout][INFO] 2022-01-25 21:26:07,703: hello world 1643145967.7
[rosout][INFO] 2022-01-25 21:26:11,703: hello world 1643145971.7
[rosout][INFO] 2022-01-25 21:26:15,701: hello world 1643145975.7
[rosout][INFO] 2022-01-25 21:26:19,701: hello world 1643145979.7
[rosout][INFO] 2022-01-25 21:26:23,703: hello world 1643145983.7
[rosout][INFO] 2022-01-25 21:26:27,703: hello world 1643145987.7
[rosout][INFO] 2022-01-25 21:26:31,701: hello world 1643145991.7
[rosout][INFO] 2022-01-25 21:26:35,702: hello world 1643145995.7
[rosout][INFO] 2022-01-25 21:26:39,701: hello world 1643145999.7
[rosout][INFO] 2022-01-25 21:26:43,701: hello world 1643146003.7
[rosout][INFO] 2022-01-25 21:26:47,701: hello world 1643146007.7
[rosout][INFO] 2022-01-25 21:26:51,702: hello world 1643146011.7
[rosout][INFO] 2022-01-25 21:26:55,703: hello world 1643146015.7
[rosout][INFO] 2022-01-25 21:26:59,700: hello world 1643146019.7
[rosout][INFO] 2022-01-25 21:27:03,700: hello world 1643146023.7
[rosout][INFO] 2022-01-25 21:27:07,703: hello world 1643146027.7
[rosout][INFO] 2022-01-25 21:27:11,701: hello world 1643146031.7
[rosout][INFO] 2022-01-25 21:27:15,701: hello world 1643146035.7
[rosout][INFO] 2022-01-25 21:27:19,701: hello world 1643146039.7
[rosout][INFO] 2022-01-25 21:27:23,701: hello world 1643146043.7
[rosout][INFO] 2022-01-25 21:27:27,703: hello world 1643146047.7
[rosout][INFO] 2022-01-25 21:27:31,703: hello world 1643146051.7
[rosout][INFO] 2022-01-25 21:27:35,703: hello world 1643146055.7
[rosout][INFO] 2022-01-25 21:27:39,701: hello world 1643146059.7
[rosout][INFO] 2022-01-25 21:27:43,700: hello world 1643146063.7
[rosout][INFO] 2022-01-25 21:27:47,703: hello world 1643146067.7
[rosout][INFO] 2022-01-25 21:27:51,703: hello world 1643146071.7
[rosout][INFO] 2022-01-25 21:27:55,703: hello world 1643146075.7
[rosout][INFO] 2022-01-25 21:27:59,701: hello world 1643146079.7
[rosout][INFO] 2022-01-25 21:28:03,703: hello world 1643146083.7
[rosout][INFO] 2022-01-25 21:28:07,703: hello world 1643146087.7
[rosout][INFO] 2022-01-25 21:28:11,702: hello world 1643146091.7
[rosout][INFO] 2022-01-25 21:28:15,701: hello world 1643146095.7
[rosout][INFO] 2022-01-25 21:28:19,703: hello world 1643146099.7
[rosout][INFO] 2022-01-25 21:28:23,703: hello world 1643146103.7
[rosout][INFO] 2022-01-25 21:28:27,703: hello world 1643146107.7
[rosout][INFO] 2022-01-25 21:28:31,702: hello world 1643146111.7
[rosout][INFO] 2022-01-25 21:28:35,702: hello world 1643146115.7
[rosout][INFO] 2022-01-25 21:28:39,703: hello world 1643146119.7
[rosout][INFO] 2022-01-25 21:28:43,702: hello world 1643146123.7
[rosout][INFO] 2022-01-25 21:28:47,703: hello world 1643146127.7
[rosout][INFO] 2022-01-25 21:28:51,699: hello world 1643146131.7
[rosout][INFO] 2022-01-25 21:28:55,703: hello world 1643146135.7
[rosout][INFO] 2022-01-25 21:28:59,702: hello world 1643146139.7
[rosout][INFO] 2022-01-25 21:29:03,702: hello world 1643146143.7
[rosout][INFO] 2022-01-25 21:29:07,702: hello world 1643146147.7
[rosout][INFO] 2022-01-25 21:29:11,703: hello world 1643146151.7
[rosout][INFO] 2022-01-25 21:29:15,703: hello world 1643146155.7
[rosout][INFO] 2022-01-25 21:29:19,703: hello world 1643146159.7
[rosout][INFO] 2022-01-25 21:29:23,701: hello world 1643146163.7
[rosout][INFO] 2022-01-25 21:29:27,703: hello world 1643146167.7
[rosout][INFO] 2022-01-25 21:29:31,701: hello world 1643146171.7
[rosout][INFO] 2022-01-25 21:29:35,703: hello world 1643146175.7
[rosout][INFO] 2022-01-25 21:29:39,703: hello world 1643146179.7
[rosout][INFO] 2022-01-25 21:29:43,701: hello world 1643146183.7
[rosout][INFO] 2022-01-25 21:29:47,701: hello world 1643146187.7
[rosout][INFO] 2022-01-25 21:29:51,703: hello world 1643146191.7
[rosout][INFO] 2022-01-25 21:29:55,701: hello world 1643146195.7
[rosout][INFO] 2022-01-25 21:29:59,700: hello world 1643146199.7
[rosout][INFO] 2022-01-25 21:30:03,703: hello world 1643146203.7
[rosout][INFO] 2022-01-25 21:30:07,701: hello world 1643146207.7
[rosout][INFO] 2022-01-25 21:30:11,703: hello world 1643146211.7
[rosout][INFO] 2022-01-25 21:30:15,699: hello world 1643146215.7
[rosout][INFO] 2022-01-25 21:30:19,702: hello world 1643146219.7
[rosout][INFO] 2022-01-25 21:30:23,701: hello world 1643146223.7
[rosout][INFO] 2022-01-25 21:30:27,703: hello world 1643146227.7
[rosout][INFO] 2022-01-25 21:30:31,701: hello world 1643146231.7
[rosout][INFO] 2022-01-25 21:30:35,703: hello world 1643146235.7
[rosout][INFO] 2022-01-25 21:30:39,703: hello world 1643146239.7
[rosout][INFO] 2022-01-25 21:30:43,703: hello world 1643146243.7
[rosout][INFO] 2022-01-25 21:30:47,703: hello world 1643146247.7
[rosout][INFO] 2022-01-25 21:30:51,703: hello world 1643146251.7
[rosout][INFO] 2022-01-25 21:30:55,703: hello world 1643146255.7
[rosout][INFO] 2022-01-25 21:30:59,703: hello world 1643146259.7
[rosout][INFO] 2022-01-25 21:31:03,703: hello world 1643146263.7
[rosout][INFO] 2022-01-25 21:31:07,703: hello world 1643146267.7
[rosout][INFO] 2022-01-25 21:31:11,703: hello world 1643146271.7
[rosout][INFO] 2022-01-25 21:31:15,703: hello world 1643146275.7
[rosout][INFO] 2022-01-25 21:31:19,703: hello world 1643146279.7
[rosout][INFO] 2022-01-25 21:31:23,702: hello world 1643146283.7
[rosout][INFO] 2022-01-25 21:31:27,701: hello world 1643146287.7
[rosout][INFO] 2022-01-25 21:31:31,701: hello world 1643146291.7
[rosout][INFO] 2022-01-25 21:31:35,703: hello world 1643146295.7
[rosout][INFO] 2022-01-25 21:31:39,701: hello world 1643146299.7
[rosout][INFO] 2022-01-25 21:31:43,703: hello world 1643146303.7
[rosout][INFO] 2022-01-25 21:31:47,702: hello world 1643146307.7
[rosout][INFO] 2022-01-25 21:31:51,703: hello world 1643146311.7
[rosout][INFO] 2022-01-25 21:31:55,703: hello world 1643146315.7
[rosout][INFO] 2022-01-25 21:31:59,702: hello world 1643146319.7
[rosout][INFO] 2022-01-25 21:32:03,703: hello world 1643146323.7
[rosout][INFO] 2022-01-25 21:32:07,702: hello world 1643146327.7
[rosout][INFO] 2022-01-25 21:32:11,704: hello world 1643146331.7
[rosout][INFO] 2022-01-25 21:32:15,703: hello world 1643146335.7
[rosout][INFO] 2022-01-25 21:32:19,701: hello world 1643146339.7
[rosout][INFO] 2022-01-25 21:32:23,703: hello world 1643146343.7
[rosout][INFO] 2022-01-25 21:32:27,703: hello world 1643146347.7
[rosout][INFO] 2022-01-25 21:32:31,701: hello world 1643146351.7
[rosout][INFO] 2022-01-25 21:32:35,701: hello world 1643146355.7
[rosout][INFO] 2022-01-25 21:32:39,703: hello world 1643146359.7
[rosout][INFO] 2022-01-25 21:32:43,703: hello world 1643146363.7
[rosout][INFO] 2022-01-25 21:32:47,703: hello world 1643146367.7
[rosout][INFO] 2022-01-25 21:32:51,703: hello world 1643146371.7
[rosout][INFO] 2022-01-25 21:32:55,701: hello world 1643146375.7
[rosout][INFO] 2022-01-25 21:32:59,699: hello world 1643146379.7
[rosout][INFO] 2022-01-25 21:33:03,703: hello world 1643146383.7
[rosout][INFO] 2022-01-25 21:33:07,701: hello world 1643146387.7
[rosout][INFO] 2022-01-25 21:33:11,701: hello world 1643146391.7
[rosout][INFO] 2022-01-25 21:33:15,703: hello world 1643146395.7
[rosout][INFO] 2022-01-25 21:33:19,702: hello world 1643146399.7
[rosout][INFO] 2022-01-25 21:33:23,703: hello world 1643146403.7
[rosout][INFO] 2022-01-25 21:33:27,700: hello world 1643146407.7
[rosout][INFO] 2022-01-25 21:33:31,703: hello world 1643146411.7
[rosout][INFO] 2022-01-25 21:33:35,702: hello world 1643146415.7
[rosout][INFO] 2022-01-25 21:33:39,701: hello world 1643146419.7
[rosout][INFO] 2022-01-25 21:33:43,700: hello world 1643146423.7
[rosout][INFO] 2022-01-25 21:33:47,703: hello world 1643146427.7
[rosout][INFO] 2022-01-25 21:33:51,703: hello world 1643146431.7
[rosout][INFO] 2022-01-25 21:33:55,701: hello world 1643146435.7
[rosout][INFO] 2022-01-25 21:33:59,702: hello world 1643146439.7
[rosout][INFO] 2022-01-25 21:34:03,703: hello world 1643146443.7
[rosout][INFO] 2022-01-25 21:34:07,701: hello world 1643146447.7
[rosout][INFO] 2022-01-25 21:34:11,703: hello world 1643146451.7
[rosout][INFO] 2022-01-25 21:34:15,703: hello world 1643146455.7
[rosout][INFO] 2022-01-25 21:34:19,702: hello world 1643146459.7
[rosout][INFO] 2022-01-25 21:34:23,703: hello world 1643146463.7
[rosout][INFO] 2022-01-25 21:34:27,703: hello world 1643146467.7
[rosout][INFO] 2022-01-25 21:34:31,703: hello world 1643146471.7
[rosout][INFO] 2022-01-25 21:34:35,703: hello world 1643146475.7
[rosout][INFO] 2022-01-25 21:34:39,703: hello world 1643146479.7
[rosout][INFO] 2022-01-25 21:34:43,701: hello world 1643146483.7
[rosout][INFO] 2022-01-25 21:34:47,703: hello world 1643146487.7
[rosout][INFO] 2022-01-25 21:34:51,703: hello world 1643146491.7
[rosout][INFO] 2022-01-25 21:34:55,703: hello world 1643146495.7
[rosout][INFO] 2022-01-25 21:34:59,701: hello world 1643146499.7
[rosout][INFO] 2022-01-25 21:35:03,702: hello world 1643146503.7
[rosout][INFO] 2022-01-25 21:35:07,701: hello world 1643146507.7
[rosout][INFO] 2022-01-25 21:35:11,701: hello world 1643146511.7
[rosout][INFO] 2022-01-25 21:35:15,701: hello world 1643146515.7
[rosout][INFO] 2022-01-25 21:35:19,703: hello world 1643146519.7
[rosout][INFO] 2022-01-25 21:35:23,703: hello world 1643146523.7
[rosout][INFO] 2022-01-25 21:35:27,700: hello world 1643146527.7
[rosout][INFO] 2022-01-25 21:35:31,702: hello world 1643146531.7
[rosout][INFO] 2022-01-25 21:35:35,701: hello world 1643146535.7
[rosout][INFO] 2022-01-25 21:35:39,703: hello world 1643146539.7
[rosout][INFO] 2022-01-25 21:35:43,702: hello world 1643146543.7
[rosout][INFO] 2022-01-25 21:35:47,701: hello world 1643146547.7
[rosout][INFO] 2022-01-25 21:35:51,702: hello world 1643146551.7
[rosout][INFO] 2022-01-25 21:35:55,703: hello world 1643146555.7
[rosout][INFO] 2022-01-25 21:35:59,702: hello world 1643146559.7
[rosout][INFO] 2022-01-25 21:36:03,703: hello world 1643146563.7
[rosout][INFO] 2022-01-25 21:36:07,703: hello world 1643146567.7
[rosout][INFO] 2022-01-25 21:36:11,703: hello world 1643146571.7
[rosout][INFO] 2022-01-25 21:36:15,703: hello world 1643146575.7
[rosout][INFO] 2022-01-25 21:36:19,699: hello world 1643146579.7
[rosout][INFO] 2022-01-25 21:36:23,703: hello world 1643146583.7
[rosout][INFO] 2022-01-25 21:36:27,701: hello world 1643146587.7
[rosout][INFO] 2022-01-25 21:36:31,699: hello world 1643146591.7
[rosout][INFO] 2022-01-25 21:36:35,702: hello world 1643146595.7
[rosout][INFO] 2022-01-25 21:36:39,701: hello world 1643146599.7
[rosout][INFO] 2022-01-25 21:36:43,703: hello world 1643146603.7
[rosout][INFO] 2022-01-25 21:36:47,703: hello world 1643146607.7
[rosout][INFO] 2022-01-25 21:36:51,702: hello world 1643146611.7
[rosout][INFO] 2022-01-25 21:36:55,703: hello world 1643146615.7
[rosout][INFO] 2022-01-25 21:36:59,703: hello world 1643146619.7
[rosout][INFO] 2022-01-25 21:37:03,703: hello world 1643146623.7
[rosout][INFO] 2022-01-25 21:37:07,701: hello world 1643146627.7
[rosout][INFO] 2022-01-25 21:37:11,703: hello world 1643146631.7
[rosout][INFO] 2022-01-25 21:37:15,703: hello world 1643146635.7
[rosout][INFO] 2022-01-25 21:37:19,703: hello world 1643146639.7
[rosout][INFO] 2022-01-25 21:37:23,702: hello world 1643146643.7
[rosout][INFO] 2022-01-25 21:37:27,703: hello world 1643146647.7
[rosout][INFO] 2022-01-25 21:37:31,701: hello world 1643146651.7
[rosout][INFO] 2022-01-25 21:37:35,703: hello world 1643146655.7
[rosout][INFO] 2022-01-25 21:37:39,701: hello world 1643146659.7
[rosout][INFO] 2022-01-25 21:37:43,703: hello world 1643146663.7
[rosout][INFO] 2022-01-25 21:37:47,701: hello world 1643146667.7
[rosout][INFO] 2022-01-25 21:37:51,703: hello world 1643146671.7
[rosout][INFO] 2022-01-25 21:37:55,701: hello world 1643146675.7
[rosout][INFO] 2022-01-25 21:37:59,701: hello world 1643146679.7
[rosout][INFO] 2022-01-25 21:38:03,701: hello world 1643146683.7
[rosout][INFO] 2022-01-25 21:38:07,703: hello world 1643146687.7
[rosout][INFO] 2022-01-25 21:38:11,701: hello world 1643146691.7
[rosout][INFO] 2022-01-25 21:38:15,703: hello world 1643146695.7
[rosout][INFO] 2022-01-25 21:38:19,703: hello world 1643146699.7
[rosout][INFO] 2022-01-25 21:38:23,703: hello world 1643146703.7
[rosout][INFO] 2022-01-25 21:38:27,702: hello world 1643146707.7
[rosout][INFO] 2022-01-25 21:38:31,703: hello world 1643146711.7
[rosout][INFO] 2022-01-25 21:38:35,703: hello world 1643146715.7
[rosout][INFO] 2022-01-25 21:38:39,702: hello world 1643146719.7
[rosout][INFO] 2022-01-25 21:38:43,703: hello world 1643146723.7
[rosout][INFO] 2022-01-25 21:38:47,703: hello world 1643146727.7
[rosout][INFO] 2022-01-25 21:38:51,701: hello world 1643146731.7
[rosout][INFO] 2022-01-25 21:38:55,703: hello world 1643146735.7
[rosout][INFO] 2022-01-25 21:38:59,702: hello world 1643146739.7
[rosout][INFO] 2022-01-25 21:39:03,703: hello world 1643146743.7
[rosout][INFO] 2022-01-25 21:39:07,703: hello world 1643146747.7
[rosout][INFO] 2022-01-25 21:39:11,703: hello world 1643146751.7
[rosout][INFO] 2022-01-25 21:39:15,703: hello world 1643146755.7
[rosout][INFO] 2022-01-25 21:39:19,703: hello world 1643146759.7
[rosout][INFO] 2022-01-25 21:39:23,701: hello world 1643146763.7
[rosout][INFO] 2022-01-25 21:39:27,703: hello world 1643146767.7
[rosout][INFO] 2022-01-25 21:39:31,703: hello world 1643146771.7
[rosout][INFO] 2022-01-25 21:39:35,703: hello world 1643146775.7
[rosout][INFO] 2022-01-25 21:39:39,703: hello world 1643146779.7
[rosout][INFO] 2022-01-25 21:39:43,703: hello world 1643146783.7
[rosout][INFO] 2022-01-25 21:39:47,700: hello world 1643146787.7
[rosout][INFO] 2022-01-25 21:39:51,701: hello world 1643146791.7
[rosout][INFO] 2022-01-25 21:39:55,700: hello world 1643146795.7
[rosout][INFO] 2022-01-25 21:39:59,702: hello world 1643146799.7
[rosout][INFO] 2022-01-25 21:40:03,702: hello world 1643146803.7
[rosout][INFO] 2022-01-25 21:40:07,703: hello world 1643146807.7
[rosout][INFO] 2022-01-25 21:40:11,703: hello world 1643146811.7
[rosout][INFO] 2022-01-25 21:40:15,701: hello world 1643146815.7
[rosout][INFO] 2022-01-25 21:40:19,701: hello world 1643146819.7
[rosout][INFO] 2022-01-25 21:40:23,703: hello world 1643146823.7
[rosout][INFO] 2022-01-25 21:40:27,703: hello world 1643146827.7
[rosout][INFO] 2022-01-25 21:40:31,703: hello world 1643146831.7
[rosout][INFO] 2022-01-25 21:40:35,701: hello world 1643146835.7
[rosout][INFO] 2022-01-25 21:40:39,701: hello world 1643146839.7
[rosout][INFO] 2022-01-25 21:40:43,703: hello world 1643146843.7
[rosout][INFO] 2022-01-25 21:40:47,703: hello world 1643146847.7
[rosout][INFO] 2022-01-25 21:40:51,701: hello world 1643146851.7
[rosout][INFO] 2022-01-25 21:40:55,701: hello world 1643146855.7
[rosout][INFO] 2022-01-25 21:40:59,703: hello world 1643146859.7
[rosout][INFO] 2022-01-25 21:41:03,702: hello world 1643146863.7
[rosout][INFO] 2022-01-25 21:41:07,701: hello world 1643146867.7
[rosout][INFO] 2022-01-25 21:41:11,703: hello world 1643146871.7
[rosout][INFO] 2022-01-25 21:41:15,702: hello world 1643146875.7
[rosout][INFO] 2022-01-25 21:41:19,703: hello world 1643146879.7
[rosout][INFO] 2022-01-25 21:41:23,703: hello world 1643146883.7
[rosout][INFO] 2022-01-25 21:41:27,703: hello world 1643146887.7
[rosout][INFO] 2022-01-25 21:41:31,703: hello world 1643146891.7
[rosout][INFO] 2022-01-25 21:41:35,703: hello world 1643146895.7
[rosout][INFO] 2022-01-25 21:41:39,703: hello world 1643146899.7
[rosout][INFO] 2022-01-25 21:41:43,702: hello world 1643146903.7
[rosout][INFO] 2022-01-25 21:41:47,703: hello world 1643146907.7
[rosout][INFO] 2022-01-25 21:41:51,703: hello world 1643146911.7
[rosout][INFO] 2022-01-25 21:41:55,702: hello world 1643146915.7
[rosout][INFO] 2022-01-25 21:41:59,703: hello world 1643146919.7
[rosout][INFO] 2022-01-25 21:42:03,703: hello world 1643146923.7
[rosout][INFO] 2022-01-25 21:42:07,703: hello world 1643146927.7
[rosout][INFO] 2022-01-25 21:42:11,702: hello world 1643146931.7
[rosout][INFO] 2022-01-25 21:42:15,700: hello world 1643146935.7
[rosout][INFO] 2022-01-25 21:42:19,703: hello world 1643146939.7
[rosout][INFO] 2022-01-25 21:42:23,703: hello world 1643146943.7
[rosout][INFO] 2022-01-25 21:42:27,701: hello world 1643146947.7
[rosout][INFO] 2022-01-25 21:42:31,702: hello world 1643146951.7
[rosout][INFO] 2022-01-25 21:42:35,702: hello world 1643146955.7
[rosout][INFO] 2022-01-25 21:42:39,702: hello world 1643146959.7
[rosout][INFO] 2022-01-25 21:42:43,703: hello world 1643146963.7
[rosout][INFO] 2022-01-25 21:42:47,701: hello world 1643146967.7
[rosout][INFO] 2022-01-25 21:42:51,701: hello world 1643146971.7
[rosout][INFO] 2022-01-25 21:42:55,703: hello world 1643146975.7
[rosout][INFO] 2022-01-25 21:42:59,701: hello world 1643146979.7
[rosout][INFO] 2022-01-25 21:43:03,703: hello world 1643146983.7
[rosout][INFO] 2022-01-25 21:43:07,703: hello world 1643146987.7
[rosout][INFO] 2022-01-25 21:43:11,701: hello world 1643146991.7
[rosout][INFO] 2022-01-25 21:43:15,702: hello world 1643146995.7
[rosout][INFO] 2022-01-25 21:43:19,703: hello world 1643146999.7
[rosout][INFO] 2022-01-25 21:43:23,703: hello world 1643147003.7
[rosout][INFO] 2022-01-25 21:43:27,703: hello world 1643147007.7
[rosout][INFO] 2022-01-25 21:43:31,702: hello world 1643147011.7
[rosout][INFO] 2022-01-25 21:43:35,701: hello world 1643147015.7
[rosout][INFO] 2022-01-25 21:43:39,703: hello world 1643147019.7
[rosout][INFO] 2022-01-25 21:43:43,700: hello world 1643147023.7
[rosout][INFO] 2022-01-25 21:43:47,703: hello world 1643147027.7
[rosout][INFO] 2022-01-25 21:43:51,699: hello world 1643147031.7
[rosout][INFO] 2022-01-25 21:43:55,703: hello world 1643147035.7
[rosout][INFO] 2022-01-25 21:43:59,701: hello world 1643147039.7
[rosout][INFO] 2022-01-25 21:44:03,702: hello world 1643147043.7
[rosout][INFO] 2022-01-25 21:44:07,703: hello world 1643147047.7
[rosout][INFO] 2022-01-25 21:44:11,703: hello world 1643147051.7
[rosout][INFO] 2022-01-25 21:44:15,701: hello world 1643147055.7
[rosout][INFO] 2022-01-25 21:44:19,703: hello world 1643147059.7
[rosout][INFO] 2022-01-25 21:44:23,703: hello world 1643147063.7
[rosout][INFO] 2022-01-25 21:44:27,703: hello world 1643147067.7
[rosout][INFO] 2022-01-25 21:44:31,702: hello world 1643147071.7
[rosout][INFO] 2022-01-25 21:44:35,701: hello world 1643147075.7
[rosout][INFO] 2022-01-25 21:44:39,703: hello world 1643147079.7
[rosout][INFO] 2022-01-25 21:44:43,702: hello world 1643147083.7
[rosout][INFO] 2022-01-25 21:44:47,701: hello world 1643147087.7
[rosout][INFO] 2022-01-25 21:44:51,700: hello world 1643147091.7
[rosout][INFO] 2022-01-25 21:44:55,700: hello world 1643147095.7
[rosout][INFO] 2022-01-25 21:44:59,703: hello world 1643147099.7
[rosout][INFO] 2022-01-25 21:45:03,701: hello world 1643147103.7
[rosout][INFO] 2022-01-25 21:45:07,700: hello world 1643147107.7
[rosout][INFO] 2022-01-25 21:45:11,703: hello world 1643147111.7
[rosout][INFO] 2022-01-25 21:45:15,703: hello world 1643147115.7
[rosout][INFO] 2022-01-25 21:45:19,702: hello world 1643147119.7
[rosout][INFO] 2022-01-25 21:45:23,703: hello world 1643147123.7
[rosout][INFO] 2022-01-25 21:45:27,703: hello world 1643147127.7
[rosout][INFO] 2022-01-25 21:45:31,703: hello world 1643147131.7
[rosout][INFO] 2022-01-25 21:45:35,702: hello world 1643147135.7
[rosout][INFO] 2022-01-25 21:45:39,703: hello world 1643147139.7
[rosout][INFO] 2022-01-25 21:45:43,702: hello world 1643147143.7
[rosout][INFO] 2022-01-25 21:45:47,703: hello world 1643147147.7
[rosout][INFO] 2022-01-25 21:45:51,700: hello world 1643147151.7
[rosout][INFO] 2022-01-25 21:45:55,703: hello world 1643147155.7
[rosout][INFO] 2022-01-25 21:45:59,703: hello world 1643147159.7
[rosout][INFO] 2022-01-25 21:46:03,703: hello world 1643147163.7
[rosout][INFO] 2022-01-25 21:46:07,703: hello world 1643147167.7
[rosout][INFO] 2022-01-25 21:46:11,703: hello world 1643147171.7
[rosout][INFO] 2022-01-25 21:46:15,702: hello world 1643147175.7
[rospy.core][INFO] 2022-01-25 21:46:17,346: signal_shutdown [signal-2]
[rospy.internal][INFO] 2022-01-25 21:46:17,352: topic[/chatter] removing connection to /link_ros
[rospy.internal][INFO] 2022-01-25 21:46:17,353: topic[/rosout] removing connection to /rosout
[rospy.impl.masterslave][INFO] 2022-01-25 21:46:17,353: signal-2
[rospy.core][INFO] 2022-01-25 21:46:17,458: signal_shutdown [atexit]
