[0.070s] Invoking command in '/home/ubuntu/ros2_foxy/build/ament_cmake_gmock': AMENT_PREFIX_PATH=/home/ubuntu/ros2_foxy/install/ament_cmake_gtest:/home/ubuntu/ros2_foxy/install/ament_cmake_test:/home/ubuntu/ros2_foxy/install/ament_cmake_core:/home/ubuntu/ros2_foxy/install/ament_package CMAKE_PREFIX_PATH=/home/ubuntu/ros2_foxy/install/ament_cmake_gtest:/home/ubuntu/ros2_foxy/install/ament_cmake_test:/home/ubuntu/ros2_foxy/install/gmock_vendor:/home/ubuntu/ros2_foxy/install/ament_cmake_core:/home/ubuntu/ros2_foxy/install/gtest_vendor PKG_CONFIG_PATH=/home/ubuntu/ros2_foxy/install/gmock_vendor/lib/aarch64-linux-gnu/pkgconfig:/home/ubuntu/ros2_foxy/install/gmock_vendor/lib/pkgconfig:/home/ubuntu/ros2_foxy/install/gtest_vendor/lib/aarch64-linux-gnu/pkgconfig:/home/ubuntu/ros2_foxy/install/gtest_vendor/lib/pkgconfig PYTHONPATH=/home/ubuntu/ros2_foxy/install/ament_cmake_test/lib/python3.6/site-packages:/home/ubuntu/ros2_foxy/build/ament_package:/home/ubuntu/ros2_foxy/install/ament_package/lib/python3.6/site-packages /usr/bin/cmake /home/ubuntu/ros2_foxy/src/ament/ament_cmake/ament_cmake_gmock -DAMENT_CMAKE_SYMLINK_INSTALL=1 -DCMAKE_INSTALL_PREFIX=/home/ubuntu/ros2_foxy/install/ament_cmake_gmock
[0.143s] -- Found ament_cmake_core: 0.9.9 (/home/ubuntu/ros2_foxy/install/ament_cmake_core/share/ament_cmake_core/cmake)
[0.303s] -- Found PythonInterp: /usr/bin/python3 (found suitable version "3.6.9", minimum required is "3") 
[0.304s] -- Using PYTHON_EXECUTABLE: /usr/bin/python3
[1.643s] -- Override CMake install command with custom implementation using symlinks instead of copying resources
[3.119s] -- Configuring done
[3.131s] -- Generating done
[3.140s] -- Build files have been written to: /home/ubuntu/ros2_foxy/build/ament_cmake_gmock
[3.301s] Invoked command in '/home/ubuntu/ros2_foxy/build/ament_cmake_gmock' returned '0': AMENT_PREFIX_PATH=/home/ubuntu/ros2_foxy/install/ament_cmake_gtest:/home/ubuntu/ros2_foxy/install/ament_cmake_test:/home/ubuntu/ros2_foxy/install/ament_cmake_core:/home/ubuntu/ros2_foxy/install/ament_package CMAKE_PREFIX_PATH=/home/ubuntu/ros2_foxy/install/ament_cmake_gtest:/home/ubuntu/ros2_foxy/install/ament_cmake_test:/home/ubuntu/ros2_foxy/install/gmock_vendor:/home/ubuntu/ros2_foxy/install/ament_cmake_core:/home/ubuntu/ros2_foxy/install/gtest_vendor PKG_CONFIG_PATH=/home/ubuntu/ros2_foxy/install/gmock_vendor/lib/aarch64-linux-gnu/pkgconfig:/home/ubuntu/ros2_foxy/install/gmock_vendor/lib/pkgconfig:/home/ubuntu/ros2_foxy/install/gtest_vendor/lib/aarch64-linux-gnu/pkgconfig:/home/ubuntu/ros2_foxy/install/gtest_vendor/lib/pkgconfig PYTHONPATH=/home/ubuntu/ros2_foxy/install/ament_cmake_test/lib/python3.6/site-packages:/home/ubuntu/ros2_foxy/build/ament_package:/home/ubuntu/ros2_foxy/install/ament_package/lib/python3.6/site-packages /usr/bin/cmake /home/ubuntu/ros2_foxy/src/ament/ament_cmake/ament_cmake_gmock -DAMENT_CMAKE_SYMLINK_INSTALL=1 -DCMAKE_INSTALL_PREFIX=/home/ubuntu/ros2_foxy/install/ament_cmake_gmock
[3.305s] Invoking command in '/home/ubuntu/ros2_foxy/build/ament_cmake_gmock': AMENT_PREFIX_PATH=/home/ubuntu/ros2_foxy/install/ament_cmake_gtest:/home/ubuntu/ros2_foxy/install/ament_cmake_test:/home/ubuntu/ros2_foxy/install/ament_cmake_core:/home/ubuntu/ros2_foxy/install/ament_package CMAKE_PREFIX_PATH=/home/ubuntu/ros2_foxy/install/ament_cmake_gtest:/home/ubuntu/ros2_foxy/install/ament_cmake_test:/home/ubuntu/ros2_foxy/install/gmock_vendor:/home/ubuntu/ros2_foxy/install/ament_cmake_core:/home/ubuntu/ros2_foxy/install/gtest_vendor PKG_CONFIG_PATH=/home/ubuntu/ros2_foxy/install/gmock_vendor/lib/aarch64-linux-gnu/pkgconfig:/home/ubuntu/ros2_foxy/install/gmock_vendor/lib/pkgconfig:/home/ubuntu/ros2_foxy/install/gtest_vendor/lib/aarch64-linux-gnu/pkgconfig:/home/ubuntu/ros2_foxy/install/gtest_vendor/lib/pkgconfig PYTHONPATH=/home/ubuntu/ros2_foxy/install/ament_cmake_test/lib/python3.6/site-packages:/home/ubuntu/ros2_foxy/build/ament_package:/home/ubuntu/ros2_foxy/install/ament_package/lib/python3.6/site-packages /usr/bin/cmake --build /home/ubuntu/ros2_foxy/build/ament_cmake_gmock -- -j4 -l4
[5.100s] Invoked command in '/home/ubuntu/ros2_foxy/build/ament_cmake_gmock' returned '0': AMENT_PREFIX_PATH=/home/ubuntu/ros2_foxy/install/ament_cmake_gtest:/home/ubuntu/ros2_foxy/install/ament_cmake_test:/home/ubuntu/ros2_foxy/install/ament_cmake_core:/home/ubuntu/ros2_foxy/install/ament_package CMAKE_PREFIX_PATH=/home/ubuntu/ros2_foxy/install/ament_cmake_gtest:/home/ubuntu/ros2_foxy/install/ament_cmake_test:/home/ubuntu/ros2_foxy/install/gmock_vendor:/home/ubuntu/ros2_foxy/install/ament_cmake_core:/home/ubuntu/ros2_foxy/install/gtest_vendor PKG_CONFIG_PATH=/home/ubuntu/ros2_foxy/install/gmock_vendor/lib/aarch64-linux-gnu/pkgconfig:/home/ubuntu/ros2_foxy/install/gmock_vendor/lib/pkgconfig:/home/ubuntu/ros2_foxy/install/gtest_vendor/lib/aarch64-linux-gnu/pkgconfig:/home/ubuntu/ros2_foxy/install/gtest_vendor/lib/pkgconfig PYTHONPATH=/home/ubuntu/ros2_foxy/install/ament_cmake_test/lib/python3.6/site-packages:/home/ubuntu/ros2_foxy/build/ament_package:/home/ubuntu/ros2_foxy/install/ament_package/lib/python3.6/site-packages /usr/bin/cmake --build /home/ubuntu/ros2_foxy/build/ament_cmake_gmock -- -j4 -l4
[5.212s] Invoking command in '/home/ubuntu/ros2_foxy/build/ament_cmake_gmock': AMENT_PREFIX_PATH=/home/ubuntu/ros2_foxy/install/ament_cmake_gtest:/home/ubuntu/ros2_foxy/install/ament_cmake_test:/home/ubuntu/ros2_foxy/install/ament_cmake_core:/home/ubuntu/ros2_foxy/install/ament_package CMAKE_PREFIX_PATH=/home/ubuntu/ros2_foxy/install/ament_cmake_gtest:/home/ubuntu/ros2_foxy/install/ament_cmake_test:/home/ubuntu/ros2_foxy/install/gmock_vendor:/home/ubuntu/ros2_foxy/install/ament_cmake_core:/home/ubuntu/ros2_foxy/install/gtest_vendor PKG_CONFIG_PATH=/home/ubuntu/ros2_foxy/install/gmock_vendor/lib/aarch64-linux-gnu/pkgconfig:/home/ubuntu/ros2_foxy/install/gmock_vendor/lib/pkgconfig:/home/ubuntu/ros2_foxy/install/gtest_vendor/lib/aarch64-linux-gnu/pkgconfig:/home/ubuntu/ros2_foxy/install/gtest_vendor/lib/pkgconfig PYTHONPATH=/home/ubuntu/ros2_foxy/install/ament_cmake_test/lib/python3.6/site-packages:/home/ubuntu/ros2_foxy/build/ament_package:/home/ubuntu/ros2_foxy/install/ament_package/lib/python3.6/site-packages /usr/bin/cmake --build /home/ubuntu/ros2_foxy/build/ament_cmake_gmock --target install -- -j4 -l4
[5.641s] [36mInstall the project...[0m
[5.643s] -- Install configuration: ""
[5.645s] -- Execute custom install script
[5.646s] -- Symlinking: /home/ubuntu/ros2_foxy/install/ament_cmake_gmock/share/ament_index/resource_index/package_run_dependencies/ament_cmake_gmock
[5.692s] -- Symlinking: /home/ubuntu/ros2_foxy/install/ament_cmake_gmock/share/ament_index/resource_index/parent_prefix_path/ament_cmake_gmock
[5.736s] -- Symlinking: /home/ubuntu/ros2_foxy/install/ament_cmake_gmock/share/ament_cmake_gmock/environment/ament_prefix_path.sh
[5.778s] -- Symlinking: /home/ubuntu/ros2_foxy/install/ament_cmake_gmock/share/ament_cmake_gmock/environment/ament_prefix_path.dsv
[5.839s] -- Symlinking: /home/ubuntu/ros2_foxy/install/ament_cmake_gmock/share/ament_cmake_gmock/environment/path.sh
[5.911s] -- Symlinking: /home/ubuntu/ros2_foxy/install/ament_cmake_gmock/share/ament_cmake_gmock/environment/path.dsv
[5.977s] -- Symlinking: /home/ubuntu/ros2_foxy/install/ament_cmake_gmock/share/ament_cmake_gmock/local_setup.bash
[6.022s] -- Symlinking: /home/ubuntu/ros2_foxy/install/ament_cmake_gmock/share/ament_cmake_gmock/local_setup.sh
[6.072s] -- Symlinking: /home/ubuntu/ros2_foxy/install/ament_cmake_gmock/share/ament_cmake_gmock/local_setup.zsh
[6.116s] -- Symlinking: /home/ubuntu/ros2_foxy/install/ament_cmake_gmock/share/ament_cmake_gmock/local_setup.dsv
[6.163s] -- Symlinking: /home/ubuntu/ros2_foxy/install/ament_cmake_gmock/share/ament_cmake_gmock/package.dsv
[6.207s] -- Symlinking: /home/ubuntu/ros2_foxy/install/ament_cmake_gmock/share/ament_index/resource_index/packages/ament_cmake_gmock
[6.254s] -- Symlinking: /home/ubuntu/ros2_foxy/install/ament_cmake_gmock/share/ament_cmake_gmock/cmake/ament_cmake_gmock-extras.cmake
[6.300s] -- Symlinking: /home/ubuntu/ros2_foxy/install/ament_cmake_gmock/share/ament_cmake_gmock/cmake/ament_cmake_gmockConfig.cmake
[6.343s] -- Symlinking: /home/ubuntu/ros2_foxy/install/ament_cmake_gmock/share/ament_cmake_gmock/cmake/ament_cmake_gmockConfig-version.cmake
[6.385s] -- Symlinking: /home/ubuntu/ros2_foxy/install/ament_cmake_gmock/share/ament_cmake_gmock/package.xml
[6.430s] -- Symlinking: /home/ubuntu/ros2_foxy/install/ament_cmake_gmock/share/ament_cmake_gmock/cmake/ament_add_gmock.cmake
[6.481s] -- Symlinking: /home/ubuntu/ros2_foxy/install/ament_cmake_gmock/share/ament_cmake_gmock/cmake/ament_find_gmock.cmake
[6.553s] Invoked command in '/home/ubuntu/ros2_foxy/build/ament_cmake_gmock' returned '0': AMENT_PREFIX_PATH=/home/ubuntu/ros2_foxy/install/ament_cmake_gtest:/home/ubuntu/ros2_foxy/install/ament_cmake_test:/home/ubuntu/ros2_foxy/install/ament_cmake_core:/home/ubuntu/ros2_foxy/install/ament_package CMAKE_PREFIX_PATH=/home/ubuntu/ros2_foxy/install/ament_cmake_gtest:/home/ubuntu/ros2_foxy/install/ament_cmake_test:/home/ubuntu/ros2_foxy/install/gmock_vendor:/home/ubuntu/ros2_foxy/install/ament_cmake_core:/home/ubuntu/ros2_foxy/install/gtest_vendor PKG_CONFIG_PATH=/home/ubuntu/ros2_foxy/install/gmock_vendor/lib/aarch64-linux-gnu/pkgconfig:/home/ubuntu/ros2_foxy/install/gmock_vendor/lib/pkgconfig:/home/ubuntu/ros2_foxy/install/gtest_vendor/lib/aarch64-linux-gnu/pkgconfig:/home/ubuntu/ros2_foxy/install/gtest_vendor/lib/pkgconfig PYTHONPATH=/home/ubuntu/ros2_foxy/install/ament_cmake_test/lib/python3.6/site-packages:/home/ubuntu/ros2_foxy/build/ament_package:/home/ubuntu/ros2_foxy/install/ament_package/lib/python3.6/site-packages /usr/bin/cmake --build /home/ubuntu/ros2_foxy/build/ament_cmake_gmock --target install -- -j4 -l4
