[rosmaster.main][INFO] 2022-01-19 18:44:36,044: initialization complete, waiting for shutdown
[rosmaster.main][INFO] 2022-01-19 18:44:36,044: Starting ROS Master Node
[xmlrpc][INFO] 2022-01-19 18:44:36,046: XML-RPC server binding to 0.0.0.0:11311
[xmlrpc][INFO] 2022-01-19 18:44:36,047: Started XML-RPC server [http://ubuntu:11311/]
[rosmaster.master][INFO] 2022-01-19 18:44:36,047: Master initialized: port[11311], uri[http://ubuntu:11311/]
[xmlrpc][INFO] 2022-01-19 18:44:36,047: xml rpc node: starting XML-RPC server
[rosmaster.master][INFO] 2022-01-19 18:44:36,167: +PARAM [/run_id] by /roslaunch
[rosmaster.master][INFO] 2022-01-19 18:44:36,169: +PARAM [/roslaunch/uris/host_ubuntu__38167] by /roslaunch
[rosmaster.master][INFO] 2022-01-19 18:44:36,274: +PARAM [/rosversion] by /roslaunch
[rosmaster.master][INFO] 2022-01-19 18:44:36,275: +PARAM [/rosdistro] by /roslaunch
[rosmaster.master][INFO] 2022-01-19 18:44:36,305: +SERVICE [/rosout/get_loggers] /rosout http://ubuntu:35847/
[rosmaster.master][INFO] 2022-01-19 18:44:36,306: +SERVICE [/rosout/set_logger_level] /rosout http://ubuntu:35847/
[rosmaster.master][INFO] 2022-01-19 18:44:36,309: +PUB [/rosout_agg] /rosout http://ubuntu:35847/
[rosmaster.master][INFO] 2022-01-19 18:44:36,314: +SUB [/rosout] /rosout http://ubuntu:35847/
[rosmaster.master][INFO] 2022-01-19 18:44:39,659: +PUB [/rosout] /link_ros http://ubuntu:46133/
[rosmaster.master][INFO] 2022-01-19 18:44:39,668: +SERVICE [/link_ros/get_loggers] /link_ros http://ubuntu:46133/
[rosmaster.master][INFO] 2022-01-19 18:44:39,670: +SERVICE [/link_ros/set_logger_level] /link_ros http://ubuntu:46133/
[rosmaster.master][INFO] 2022-01-19 18:44:39,753: publisherUpdate[/rosout] -> http://ubuntu:35847/ ['http://ubuntu:46133/']
[rosmaster.master][INFO] 2022-01-19 18:44:39,767: publisherUpdate[/rosout] -> http://ubuntu:35847/ ['http://ubuntu:46133/']: sec=0.01, result=[1, '', 0]
[rosmaster.master][INFO] 2022-01-19 18:44:42,379: +CACHEDPARAM [/rosout_disable_topics_generation] by /link_ros
[rosmaster.master][INFO] 2022-01-19 18:44:42,384: +CACHEDPARAM [/rosout/omit_topics] by /rosout
[rosmaster.master][INFO] 2022-01-19 18:44:42,397: +SUB [/rosout_agg] /link_ros http://ubuntu:46133/
[rosmaster.master][INFO] 2022-01-19 18:44:43,332: +CACHEDPARAM [/rosout_disable_topics_generation] by /link_ros
[rosmaster.master][INFO] 2022-01-19 18:44:43,341: +SERVICE [/link_ros/tf2_frames] /link_ros http://ubuntu:46133/
[rosmaster.master][INFO] 2022-01-19 18:44:43,346: +SUB [/tf] /link_ros http://ubuntu:46133/
[rosmaster.master][INFO] 2022-01-19 18:44:43,351: +SUB [/tf_static] /link_ros http://ubuntu:46133/
[rosmaster.master][INFO] 2022-01-19 18:46:34,828: +PARAM [/roslaunch/uris/host_ubuntu__46729] by /roslaunch
[rosmaster.master][INFO] 2022-01-19 18:46:34,835: +PARAM [/rosversion] by /roslaunch
[rosmaster.master][INFO] 2022-01-19 18:46:34,836: +PARAM [/rosdistro] by /roslaunch
[rosmaster.master][INFO] 2022-01-19 18:46:36,665: +PUB [/image_raw] /webcam http://ubuntu:44287/
[rosmaster.master][INFO] 2022-01-19 18:46:36,763: +PUB [/rosout] /webcam http://ubuntu:44287/
[rosmaster.master][INFO] 2022-01-19 18:46:36,772: +SERVICE [/webcam/get_loggers] /webcam http://ubuntu:44287/
[rosmaster.master][INFO] 2022-01-19 18:46:36,776: +SERVICE [/webcam/set_logger_level] /webcam http://ubuntu:44287/
[rosmaster.master][INFO] 2022-01-19 18:46:36,782: publisherUpdate[/rosout] -> http://ubuntu:35847/ ['http://ubuntu:46133/', 'http://ubuntu:44287/']
[rosmaster.master][INFO] 2022-01-19 18:46:36,788: publisherUpdate[/rosout] -> http://ubuntu:35847/ ['http://ubuntu:46133/', 'http://ubuntu:44287/']: sec=0.01, result=[1, '', 0]
[rosmaster.master][INFO] 2022-01-19 18:46:38,355: +CACHEDPARAM [/rosout_disable_topics_generation] by /link_ros
[rosmaster.master][INFO] 2022-01-19 18:46:38,366: +SUB [/image_raw] /link_ros http://ubuntu:46133/
[rosmaster.master][INFO] 2022-01-19 18:53:18,066: -PUB [/rosout_agg] /rosout http://ubuntu:35847/
[rosmaster.master][INFO] 2022-01-19 18:53:18,068: -SUB [/rosout] /rosout http://ubuntu:35847/
[rosmaster.master][INFO] 2022-01-19 18:53:18,070: -SERVICE [/rosout/get_loggers] /rosout rosrpc://ubuntu:56579
[rosmaster.master][INFO] 2022-01-19 18:53:18,072: -SERVICE [/rosout/set_logger_level] /rosout rosrpc://ubuntu:56579
[rosmaster.master][INFO] 2022-01-19 18:53:18,079: -CACHEDPARAM [/rosout/omit_topics] by /rosout
[rosmaster.master][INFO] 2022-01-19 18:53:18,163: publisherUpdate[/rosout_agg] -> http://ubuntu:46133/ []
[rosmaster.master][INFO] 2022-01-19 18:53:18,197: publisherUpdate[/rosout_agg] -> http://ubuntu:46133/ []: sec=0.03, result=[1, '', 0]
[rosmaster.main][INFO] 2022-01-19 18:53:18,230: keyboard interrupt, will exit
[rosmaster.main][INFO] 2022-01-19 18:53:18,231: stopping master...
[rospy.core][INFO] 2022-01-19 18:53:18,231: signal_shutdown [atexit]
