[5.610s] Invoking command in '/home/ubuntu/ros2_foxy/build/ament_copyright': AMENT_PREFIX_PATH=/home/ubuntu/ros2_foxy/install/ament_pep257:/home/ubuntu/ros2_foxy/install/ament_flake8:/home/ubuntu/ros2_foxy/install/ament_lint PATH=/home/ubuntu/ros2_foxy/install/ament_pep257/bin:/home/ubuntu/ros2_foxy/install/ament_flake8/bin:${PATH} PYTHONPATH=/home/ubuntu/ros2_foxy/install/ament_copyright/lib/python3.6/site-packages:/home/ubuntu/ros2_foxy/build/ament_pep257:/home/ubuntu/ros2_foxy/install/ament_pep257/lib/python3.6/site-packages:/home/ubuntu/ros2_foxy/build/ament_flake8:/home/ubuntu/ros2_foxy/install/ament_flake8/lib/python3.6/site-packages:/home/ubuntu/ros2_foxy/build/ament_lint:/home/ubuntu/ros2_foxy/install/ament_lint/lib/python3.6/site-packages /usr/bin/python3 setup.py develop --prefix /home/ubuntu/ros2_foxy/install/ament_copyright --editable --build-directory /home/ubuntu/ros2_foxy/build/ament_copyright/build --no-deps install_data --install-dir /home/ubuntu/ros2_foxy/install/ament_copyright
[8.019s] running develop
[8.022s] /home/ubuntu/.local/lib/python3.6/site-packages/setuptools/command/easy_install.py:159: EasyInstallDeprecationWarning: easy_install command is deprecated. Use build and pip and other standards-based tools.
[8.023s]   EasyInstallDeprecationWarning,
[8.036s] /home/ubuntu/.local/lib/python3.6/site-packages/setuptools/command/install.py:37: SetuptoolsDeprecationWarning: setup.py install is deprecated. Use build and pip and other standards-based tools.
[8.037s]   setuptools.SetuptoolsDeprecationWarning,
[9.190s] /home/ubuntu/.local/lib/python3.6/site-packages/pkg_resources/__init__.py:119: PkgResourcesDeprecationWarning: 0.18ubuntu0.18.04.1 is an invalid version and will not be supported in a future release
[9.191s]   PkgResourcesDeprecationWarning,
[9.896s] running egg_info
[9.897s] creating ament_copyright.egg-info
[9.898s] writing ament_copyright.egg-info/PKG-INFO
[9.899s] writing dependency_links to ament_copyright.egg-info/dependency_links.txt
[9.900s] writing entry points to ament_copyright.egg-info/entry_points.txt
[9.901s] writing requirements to ament_copyright.egg-info/requires.txt
[9.901s] writing top-level names to ament_copyright.egg-info/top_level.txt
[9.908s] writing manifest file 'ament_copyright.egg-info/SOURCES.txt'
[9.920s] reading manifest file 'ament_copyright.egg-info/SOURCES.txt'
[9.927s] writing manifest file 'ament_copyright.egg-info/SOURCES.txt'
[10.803s] running build_ext
[10.807s] Creating /home/ubuntu/ros2_foxy/install/ament_copyright/lib/python3.6/site-packages/ament-copyright.egg-link (link to .)
[12.027s] Installing ament_copyright script to /home/ubuntu/ros2_foxy/install/ament_copyright/bin
[12.030s] 
[12.030s] Installed /home/ubuntu/ros2_foxy/build/ament_copyright
[12.031s] running install_data
[12.032s] copying package.xml -> /home/ubuntu/ros2_foxy/install/ament_copyright/share/ament_copyright
[12.033s] creating /home/ubuntu/ros2_foxy/install/ament_copyright/share/ament_index
[12.034s] creating /home/ubuntu/ros2_foxy/install/ament_copyright/share/ament_index/resource_index
[12.034s] creating /home/ubuntu/ros2_foxy/install/ament_copyright/share/ament_index/resource_index/packages
[12.035s] copying resource/ament_copyright -> /home/ubuntu/ros2_foxy/install/ament_copyright/share/ament_index/resource_index/packages
[12.206s] Invoked command in '/home/ubuntu/ros2_foxy/build/ament_copyright' returned '0': AMENT_PREFIX_PATH=/home/ubuntu/ros2_foxy/install/ament_pep257:/home/ubuntu/ros2_foxy/install/ament_flake8:/home/ubuntu/ros2_foxy/install/ament_lint PATH=/home/ubuntu/ros2_foxy/install/ament_pep257/bin:/home/ubuntu/ros2_foxy/install/ament_flake8/bin:${PATH} PYTHONPATH=/home/ubuntu/ros2_foxy/install/ament_copyright/lib/python3.6/site-packages:/home/ubuntu/ros2_foxy/build/ament_pep257:/home/ubuntu/ros2_foxy/install/ament_pep257/lib/python3.6/site-packages:/home/ubuntu/ros2_foxy/build/ament_flake8:/home/ubuntu/ros2_foxy/install/ament_flake8/lib/python3.6/site-packages:/home/ubuntu/ros2_foxy/build/ament_lint:/home/ubuntu/ros2_foxy/install/ament_lint/lib/python3.6/site-packages /usr/bin/python3 setup.py develop --prefix /home/ubuntu/ros2_foxy/install/ament_copyright --editable --build-directory /home/ubuntu/ros2_foxy/build/ament_copyright/build --no-deps install_data --install-dir /home/ubuntu/ros2_foxy/install/ament_copyright
