[rosmaster.main][INFO] 2022-01-20 15:26:10,045: initialization complete, waiting for shutdown
[rosmaster.main][INFO] 2022-01-20 15:26:10,045: Starting ROS Master Node
[xmlrpc][INFO] 2022-01-20 15:26:10,047: XML-RPC server binding to 0.0.0.0:11311
[xmlrpc][INFO] 2022-01-20 15:26:10,048: Started XML-RPC server [http://ubuntu:11311/]
[rosmaster.master][INFO] 2022-01-20 15:26:10,048: Master initialized: port[11311], uri[http://ubuntu:11311/]
[xmlrpc][INFO] 2022-01-20 15:26:10,048: xml rpc node: starting XML-RPC server
[rosmaster.master][INFO] 2022-01-20 15:26:10,086: +PARAM [/run_id] by /roslaunch
[rosmaster.master][INFO] 2022-01-20 15:26:10,090: +PARAM [/roslaunch/uris/host_ubuntu__44089] by /roslaunch
[rosmaster.master][INFO] 2022-01-20 15:26:10,176: +PARAM [/rosversion] by /roslaunch
[rosmaster.master][INFO] 2022-01-20 15:26:10,176: +PARAM [/rosdistro] by /roslaunch
[rosmaster.master][INFO] 2022-01-20 15:26:10,208: +SERVICE [/rosout/get_loggers] /rosout http://ubuntu:33555/
[rosmaster.master][INFO] 2022-01-20 15:26:10,209: +SERVICE [/rosout/set_logger_level] /rosout http://ubuntu:33555/
[rosmaster.master][INFO] 2022-01-20 15:26:10,212: +PUB [/rosout_agg] /rosout http://ubuntu:33555/
[rosmaster.master][INFO] 2022-01-20 15:26:10,217: +SUB [/rosout] /rosout http://ubuntu:33555/
[rosmaster.master][INFO] 2022-01-20 15:26:13,308: +PARAM [/roslaunch/uris/host_ubuntu__39243] by /roslaunch
[rosmaster.master][INFO] 2022-01-20 15:26:13,314: +PARAM [/rosversion] by /roslaunch
[rosmaster.master][INFO] 2022-01-20 15:26:13,315: +PARAM [/rosdistro] by /roslaunch
[rosmaster.master][INFO] 2022-01-20 15:26:15,337: +PUB [/image_raw] /webcam http://ubuntu:41891/
[rosmaster.master][INFO] 2022-01-20 15:26:15,387: +PUB [/chatter] /talker_19993_1642692375323 http://ubuntu:41375/
[rosmaster.master][INFO] 2022-01-20 15:26:15,435: +PUB [/rosout] /webcam http://ubuntu:41891/
[rosmaster.master][INFO] 2022-01-20 15:26:15,445: +SERVICE [/webcam/get_loggers] /webcam http://ubuntu:41891/
[rosmaster.master][INFO] 2022-01-20 15:26:15,447: +SERVICE [/webcam/set_logger_level] /webcam http://ubuntu:41891/
[rosmaster.master][INFO] 2022-01-20 15:26:15,459: publisherUpdate[/rosout] -> http://ubuntu:33555/ ['http://ubuntu:41891/']
[rosmaster.master][INFO] 2022-01-20 15:26:15,468: publisherUpdate[/rosout] -> http://ubuntu:33555/ ['http://ubuntu:41891/']: sec=0.01, result=[1, '', 0]
[rosmaster.master][INFO] 2022-01-20 15:26:15,484: +PUB [/rosout] /talker_19993_1642692375323 http://ubuntu:41375/
[rosmaster.master][INFO] 2022-01-20 15:26:15,492: +SERVICE [/talker_19993_1642692375323/get_loggers] /talker_19993_1642692375323 http://ubuntu:41375/
[rosmaster.master][INFO] 2022-01-20 15:26:15,495: +SERVICE [/talker_19993_1642692375323/set_logger_level] /talker_19993_1642692375323 http://ubuntu:41375/
[rosmaster.master][INFO] 2022-01-20 15:26:15,499: +CACHEDPARAM [/rosout_disable_topics_generation] by /talker_19993_1642692375323
[rosmaster.master][INFO] 2022-01-20 15:26:15,559: publisherUpdate[/rosout] -> http://ubuntu:33555/ ['http://ubuntu:41891/', 'http://ubuntu:41375/']
[rosmaster.master][INFO] 2022-01-20 15:26:15,578: publisherUpdate[/rosout] -> http://ubuntu:33555/ ['http://ubuntu:41891/', 'http://ubuntu:41375/']: sec=0.02, result=[1, '', 0]
[rosmaster.master][INFO] 2022-01-20 15:26:15,795: +CACHEDPARAM [/rosout/omit_topics] by /rosout
[rosmaster.master][INFO] 2022-01-20 15:26:19,502: +CACHEDPARAM [/rosout_disable_topics_generation] by /talker_19993_1642692375323
[rosmaster.master][INFO] 2022-01-20 15:26:23,503: +CACHEDPARAM [/rosout_disable_topics_generation] by /talker_19993_1642692375323
[rosmaster.master][INFO] 2022-01-20 15:26:27,503: +CACHEDPARAM [/rosout_disable_topics_generation] by /talker_19993_1642692375323
[rosmaster.master][INFO] 2022-01-20 15:26:31,500: +CACHEDPARAM [/rosout_disable_topics_generation] by /talker_19993_1642692375323
[rosmaster.master][INFO] 2022-01-20 15:26:35,504: +CACHEDPARAM [/rosout_disable_topics_generation] by /talker_19993_1642692375323
[rosmaster.master][INFO] 2022-01-20 15:26:39,503: +CACHEDPARAM [/rosout_disable_topics_generation] by /talker_19993_1642692375323
[rosmaster.master][INFO] 2022-01-20 15:26:43,503: +CACHEDPARAM [/rosout_disable_topics_generation] by /talker_19993_1642692375323
[rosmaster.master][INFO] 2022-01-20 15:26:47,503: +CACHEDPARAM [/rosout_disable_topics_generation] by /talker_19993_1642692375323
[rosmaster.master][INFO] 2022-01-20 15:26:51,503: +CACHEDPARAM [/rosout_disable_topics_generation] by /talker_19993_1642692375323
[rosmaster.master][INFO] 2022-01-20 15:26:55,502: +CACHEDPARAM [/rosout_disable_topics_generation] by /talker_19993_1642692375323
[rosmaster.master][INFO] 2022-01-20 15:26:59,504: +CACHEDPARAM [/rosout_disable_topics_generation] by /talker_19993_1642692375323
[rosmaster.master][INFO] 2022-01-20 15:27:03,504: +CACHEDPARAM [/rosout_disable_topics_generation] by /talker_19993_1642692375323
[rosmaster.master][INFO] 2022-01-20 15:27:07,504: +CACHEDPARAM [/rosout_disable_topics_generation] by /talker_19993_1642692375323
[rosmaster.master][INFO] 2022-01-20 15:27:11,504: +CACHEDPARAM [/rosout_disable_topics_generation] by /talker_19993_1642692375323
[rosmaster.master][INFO] 2022-01-20 15:27:15,504: +CACHEDPARAM [/rosout_disable_topics_generation] by /talker_19993_1642692375323
[rosmaster.master][INFO] 2022-01-20 15:27:19,504: +CACHEDPARAM [/rosout_disable_topics_generation] by /talker_19993_1642692375323
[rosmaster.master][INFO] 2022-01-20 15:27:23,502: +CACHEDPARAM [/rosout_disable_topics_generation] by /talker_19993_1642692375323
[rosmaster.master][INFO] 2022-01-20 15:27:27,503: +CACHEDPARAM [/rosout_disable_topics_generation] by /talker_19993_1642692375323
[rosmaster.master][INFO] 2022-01-20 15:27:31,502: +CACHEDPARAM [/rosout_disable_topics_generation] by /talker_19993_1642692375323
[rosmaster.master][INFO] 2022-01-20 15:27:35,504: +CACHEDPARAM [/rosout_disable_topics_generation] by /talker_19993_1642692375323
[rosmaster.master][INFO] 2022-01-20 15:27:39,504: +CACHEDPARAM [/rosout_disable_topics_generation] by /talker_19993_1642692375323
[rosmaster.master][INFO] 2022-01-20 15:27:43,503: +CACHEDPARAM [/rosout_disable_topics_generation] by /talker_19993_1642692375323
[rosmaster.master][INFO] 2022-01-20 15:27:47,504: +CACHEDPARAM [/rosout_disable_topics_generation] by /talker_19993_1642692375323
[rosmaster.master][INFO] 2022-01-20 15:27:51,504: +CACHEDPARAM [/rosout_disable_topics_generation] by /talker_19993_1642692375323
[rosmaster.master][INFO] 2022-01-20 15:27:55,504: +CACHEDPARAM [/rosout_disable_topics_generation] by /talker_19993_1642692375323
[rosmaster.master][INFO] 2022-01-20 15:27:59,503: +CACHEDPARAM [/rosout_disable_topics_generation] by /talker_19993_1642692375323
[rosmaster.master][INFO] 2022-01-20 15:28:03,504: +CACHEDPARAM [/rosout_disable_topics_generation] by /talker_19993_1642692375323
[rosmaster.master][INFO] 2022-01-20 15:28:07,501: +CACHEDPARAM [/rosout_disable_topics_generation] by /talker_19993_1642692375323
[rosmaster.master][INFO] 2022-01-20 15:28:11,504: +CACHEDPARAM [/rosout_disable_topics_generation] by /talker_19993_1642692375323
[rosmaster.master][INFO] 2022-01-20 15:28:15,504: +CACHEDPARAM [/rosout_disable_topics_generation] by /talker_19993_1642692375323
[rosmaster.master][INFO] 2022-01-20 15:28:19,502: +CACHEDPARAM [/rosout_disable_topics_generation] by /talker_19993_1642692375323
[rosmaster.master][INFO] 2022-01-20 15:28:23,504: +CACHEDPARAM [/rosout_disable_topics_generation] by /talker_19993_1642692375323
[rosmaster.master][INFO] 2022-01-20 15:28:27,504: +CACHEDPARAM [/rosout_disable_topics_generation] by /talker_19993_1642692375323
[rosmaster.master][INFO] 2022-01-20 15:28:31,503: +CACHEDPARAM [/rosout_disable_topics_generation] by /talker_19993_1642692375323
[rosmaster.master][INFO] 2022-01-20 15:28:35,501: +CACHEDPARAM [/rosout_disable_topics_generation] by /talker_19993_1642692375323
[rosmaster.master][INFO] 2022-01-20 15:28:39,500: +CACHEDPARAM [/rosout_disable_topics_generation] by /talker_19993_1642692375323
[rosmaster.master][INFO] 2022-01-20 15:28:43,504: +CACHEDPARAM [/rosout_disable_topics_generation] by /talker_19993_1642692375323
[rosmaster.master][INFO] 2022-01-20 15:28:47,503: +CACHEDPARAM [/rosout_disable_topics_generation] by /talker_19993_1642692375323
[rosmaster.master][INFO] 2022-01-20 15:28:51,504: +CACHEDPARAM [/rosout_disable_topics_generation] by /talker_19993_1642692375323
[rosmaster.master][INFO] 2022-01-20 15:28:55,505: +CACHEDPARAM [/rosout_disable_topics_generation] by /talker_19993_1642692375323
[rosmaster.master][INFO] 2022-01-20 15:28:59,504: +CACHEDPARAM [/rosout_disable_topics_generation] by /talker_19993_1642692375323
[rosmaster.master][INFO] 2022-01-20 15:29:03,504: +CACHEDPARAM [/rosout_disable_topics_generation] by /talker_19993_1642692375323
[rosmaster.master][INFO] 2022-01-20 15:29:07,504: +CACHEDPARAM [/rosout_disable_topics_generation] by /talker_19993_1642692375323
[rosmaster.master][INFO] 2022-01-20 15:29:11,504: +CACHEDPARAM [/rosout_disable_topics_generation] by /talker_19993_1642692375323
[rosmaster.master][INFO] 2022-01-20 15:29:15,504: +CACHEDPARAM [/rosout_disable_topics_generation] by /talker_19993_1642692375323
[rosmaster.master][INFO] 2022-01-20 15:29:19,504: +CACHEDPARAM [/rosout_disable_topics_generation] by /talker_19993_1642692375323
[rosmaster.master][INFO] 2022-01-20 15:29:23,504: +CACHEDPARAM [/rosout_disable_topics_generation] by /talker_19993_1642692375323
[rosmaster.master][INFO] 2022-01-20 15:29:27,504: +CACHEDPARAM [/rosout_disable_topics_generation] by /talker_19993_1642692375323
[rosmaster.master][INFO] 2022-01-20 15:29:31,504: +CACHEDPARAM [/rosout_disable_topics_generation] by /talker_19993_1642692375323
[rosmaster.master][INFO] 2022-01-20 15:29:35,504: +CACHEDPARAM [/rosout_disable_topics_generation] by /talker_19993_1642692375323
[rosmaster.master][INFO] 2022-01-20 15:29:39,504: +CACHEDPARAM [/rosout_disable_topics_generation] by /talker_19993_1642692375323
[rosmaster.master][INFO] 2022-01-20 15:29:43,504: +CACHEDPARAM [/rosout_disable_topics_generation] by /talker_19993_1642692375323
[rosmaster.master][INFO] 2022-01-20 15:29:47,504: +CACHEDPARAM [/rosout_disable_topics_generation] by /talker_19993_1642692375323
[rosmaster.master][INFO] 2022-01-20 15:29:51,501: +CACHEDPARAM [/rosout_disable_topics_generation] by /talker_19993_1642692375323
[rosmaster.master][INFO] 2022-01-20 15:29:55,504: +CACHEDPARAM [/rosout_disable_topics_generation] by /talker_19993_1642692375323
[rosmaster.master][INFO] 2022-01-20 15:29:59,501: +CACHEDPARAM [/rosout_disable_topics_generation] by /talker_19993_1642692375323
[rosmaster.master][INFO] 2022-01-20 15:30:03,502: +CACHEDPARAM [/rosout_disable_topics_generation] by /talker_19993_1642692375323
[rosmaster.master][INFO] 2022-01-20 15:30:07,504: +CACHEDPARAM [/rosout_disable_topics_generation] by /talker_19993_1642692375323
[rosmaster.master][INFO] 2022-01-20 15:30:11,500: +CACHEDPARAM [/rosout_disable_topics_generation] by /talker_19993_1642692375323
[rosmaster.master][INFO] 2022-01-20 15:30:15,502: +CACHEDPARAM [/rosout_disable_topics_generation] by /talker_19993_1642692375323
[rosmaster.master][INFO] 2022-01-20 15:30:19,503: +CACHEDPARAM [/rosout_disable_topics_generation] by /talker_19993_1642692375323
[rosmaster.master][INFO] 2022-01-20 15:30:23,503: +CACHEDPARAM [/rosout_disable_topics_generation] by /talker_19993_1642692375323
[rosmaster.master][INFO] 2022-01-20 15:30:27,503: +CACHEDPARAM [/rosout_disable_topics_generation] by /talker_19993_1642692375323
[rosmaster.master][INFO] 2022-01-20 15:30:31,503: +CACHEDPARAM [/rosout_disable_topics_generation] by /talker_19993_1642692375323
[rosmaster.master][INFO] 2022-01-20 15:30:35,502: +CACHEDPARAM [/rosout_disable_topics_generation] by /talker_19993_1642692375323
[rosmaster.master][INFO] 2022-01-20 15:30:39,503: +CACHEDPARAM [/rosout_disable_topics_generation] by /talker_19993_1642692375323
[rosmaster.master][INFO] 2022-01-20 15:30:43,503: +CACHEDPARAM [/rosout_disable_topics_generation] by /talker_19993_1642692375323
[rosmaster.master][INFO] 2022-01-20 15:30:47,503: +CACHEDPARAM [/rosout_disable_topics_generation] by /talker_19993_1642692375323
[rosmaster.master][INFO] 2022-01-20 15:30:51,501: +CACHEDPARAM [/rosout_disable_topics_generation] by /talker_19993_1642692375323
[rosmaster.master][INFO] 2022-01-20 15:30:55,504: +CACHEDPARAM [/rosout_disable_topics_generation] by /talker_19993_1642692375323
[rosmaster.master][INFO] 2022-01-20 15:30:59,503: +CACHEDPARAM [/rosout_disable_topics_generation] by /talker_19993_1642692375323
[rosmaster.master][INFO] 2022-01-20 15:31:03,503: +CACHEDPARAM [/rosout_disable_topics_generation] by /talker_19993_1642692375323
[rosmaster.master][INFO] 2022-01-20 15:31:07,504: +CACHEDPARAM [/rosout_disable_topics_generation] by /talker_19993_1642692375323
[rosmaster.master][INFO] 2022-01-20 15:31:11,501: +CACHEDPARAM [/rosout_disable_topics_generation] by /talker_19993_1642692375323
[rosmaster.master][INFO] 2022-01-20 15:31:15,504: +CACHEDPARAM [/rosout_disable_topics_generation] by /talker_19993_1642692375323
[rosmaster.master][INFO] 2022-01-20 15:31:19,504: +CACHEDPARAM [/rosout_disable_topics_generation] by /talker_19993_1642692375323
[rosmaster.master][INFO] 2022-01-20 15:31:23,503: +CACHEDPARAM [/rosout_disable_topics_generation] by /talker_19993_1642692375323
[rosmaster.master][INFO] 2022-01-20 15:31:27,503: +CACHEDPARAM [/rosout_disable_topics_generation] by /talker_19993_1642692375323
[rosmaster.master][INFO] 2022-01-20 15:31:31,503: +CACHEDPARAM [/rosout_disable_topics_generation] by /talker_19993_1642692375323
[rosmaster.master][INFO] 2022-01-20 15:31:35,504: +CACHEDPARAM [/rosout_disable_topics_generation] by /talker_19993_1642692375323
[rosmaster.master][INFO] 2022-01-20 15:31:39,504: +CACHEDPARAM [/rosout_disable_topics_generation] by /talker_19993_1642692375323
[rosmaster.master][INFO] 2022-01-20 15:31:43,504: +CACHEDPARAM [/rosout_disable_topics_generation] by /talker_19993_1642692375323
[rosmaster.master][INFO] 2022-01-20 15:31:47,503: +CACHEDPARAM [/rosout_disable_topics_generation] by /talker_19993_1642692375323
[rosmaster.master][INFO] 2022-01-20 15:31:51,503: +CACHEDPARAM [/rosout_disable_topics_generation] by /talker_19993_1642692375323
[rosmaster.master][INFO] 2022-01-20 15:31:55,504: +CACHEDPARAM [/rosout_disable_topics_generation] by /talker_19993_1642692375323
[rosmaster.master][INFO] 2022-01-20 15:31:59,504: +CACHEDPARAM [/rosout_disable_topics_generation] by /talker_19993_1642692375323
[rosmaster.master][INFO] 2022-01-20 15:32:03,504: +CACHEDPARAM [/rosout_disable_topics_generation] by /talker_19993_1642692375323
[rosmaster.master][INFO] 2022-01-20 15:32:07,502: +CACHEDPARAM [/rosout_disable_topics_generation] by /talker_19993_1642692375323
[rosmaster.master][INFO] 2022-01-20 15:32:11,503: +CACHEDPARAM [/rosout_disable_topics_generation] by /talker_19993_1642692375323
[rosmaster.master][INFO] 2022-01-20 15:32:15,503: +CACHEDPARAM [/rosout_disable_topics_generation] by /talker_19993_1642692375323
[rosmaster.master][INFO] 2022-01-20 15:32:19,504: +CACHEDPARAM [/rosout_disable_topics_generation] by /talker_19993_1642692375323
[rosmaster.master][INFO] 2022-01-20 15:32:23,504: +CACHEDPARAM [/rosout_disable_topics_generation] by /talker_19993_1642692375323
[rosmaster.master][INFO] 2022-01-20 15:32:27,504: +CACHEDPARAM [/rosout_disable_topics_generation] by /talker_19993_1642692375323
[rosmaster.master][INFO] 2022-01-20 15:32:31,504: +CACHEDPARAM [/rosout_disable_topics_generation] by /talker_19993_1642692375323
[rosmaster.master][INFO] 2022-01-20 15:32:35,503: +CACHEDPARAM [/rosout_disable_topics_generation] by /talker_19993_1642692375323
[rosmaster.master][INFO] 2022-01-20 15:32:39,504: +CACHEDPARAM [/rosout_disable_topics_generation] by /talker_19993_1642692375323
[rosmaster.master][INFO] 2022-01-20 15:32:43,504: +CACHEDPARAM [/rosout_disable_topics_generation] by /talker_19993_1642692375323
[rosmaster.master][INFO] 2022-01-20 15:32:47,504: +CACHEDPARAM [/rosout_disable_topics_generation] by /talker_19993_1642692375323
[rosmaster.master][INFO] 2022-01-20 15:32:51,504: +CACHEDPARAM [/rosout_disable_topics_generation] by /talker_19993_1642692375323
[rosmaster.master][INFO] 2022-01-20 15:32:55,501: +CACHEDPARAM [/rosout_disable_topics_generation] by /talker_19993_1642692375323
[rosmaster.master][INFO] 2022-01-20 15:32:59,504: +CACHEDPARAM [/rosout_disable_topics_generation] by /talker_19993_1642692375323
[rosmaster.master][INFO] 2022-01-20 15:33:03,504: +CACHEDPARAM [/rosout_disable_topics_generation] by /talker_19993_1642692375323
[rosmaster.master][INFO] 2022-01-20 15:33:07,504: +CACHEDPARAM [/rosout_disable_topics_generation] by /talker_19993_1642692375323
[rosmaster.master][INFO] 2022-01-20 15:33:11,504: +CACHEDPARAM [/rosout_disable_topics_generation] by /talker_19993_1642692375323
[rosmaster.master][INFO] 2022-01-20 15:33:15,504: +CACHEDPARAM [/rosout_disable_topics_generation] by /talker_19993_1642692375323
[rosmaster.master][INFO] 2022-01-20 15:33:19,504: +CACHEDPARAM [/rosout_disable_topics_generation] by /talker_19993_1642692375323
[rosmaster.master][INFO] 2022-01-20 15:33:23,503: +CACHEDPARAM [/rosout_disable_topics_generation] by /talker_19993_1642692375323
[rosmaster.master][INFO] 2022-01-20 15:33:27,504: +CACHEDPARAM [/rosout_disable_topics_generation] by /talker_19993_1642692375323
[rosmaster.master][INFO] 2022-01-20 15:33:31,504: +CACHEDPARAM [/rosout_disable_topics_generation] by /talker_19993_1642692375323
[rosmaster.master][INFO] 2022-01-20 15:33:35,504: +CACHEDPARAM [/rosout_disable_topics_generation] by /talker_19993_1642692375323
[rosmaster.master][INFO] 2022-01-20 15:33:39,503: +CACHEDPARAM [/rosout_disable_topics_generation] by /talker_19993_1642692375323
[rosmaster.master][INFO] 2022-01-20 15:33:43,504: +CACHEDPARAM [/rosout_disable_topics_generation] by /talker_19993_1642692375323
[rosmaster.master][INFO] 2022-01-20 15:33:47,504: +CACHEDPARAM [/rosout_disable_topics_generation] by /talker_19993_1642692375323
[rosmaster.master][INFO] 2022-01-20 15:33:51,502: +CACHEDPARAM [/rosout_disable_topics_generation] by /talker_19993_1642692375323
[rosmaster.master][INFO] 2022-01-20 15:33:55,503: +CACHEDPARAM [/rosout_disable_topics_generation] by /talker_19993_1642692375323
[rosmaster.master][INFO] 2022-01-20 15:33:59,501: +CACHEDPARAM [/rosout_disable_topics_generation] by /talker_19993_1642692375323
[rosmaster.master][INFO] 2022-01-20 15:34:03,501: +CACHEDPARAM [/rosout_disable_topics_generation] by /talker_19993_1642692375323
[rosmaster.master][INFO] 2022-01-20 15:34:07,502: +CACHEDPARAM [/rosout_disable_topics_generation] by /talker_19993_1642692375323
[rosmaster.master][INFO] 2022-01-20 15:34:11,504: +CACHEDPARAM [/rosout_disable_topics_generation] by /talker_19993_1642692375323
[rosmaster.master][INFO] 2022-01-20 15:34:15,504: +CACHEDPARAM [/rosout_disable_topics_generation] by /talker_19993_1642692375323
[rosmaster.master][INFO] 2022-01-20 15:34:19,502: +CACHEDPARAM [/rosout_disable_topics_generation] by /talker_19993_1642692375323
[rosmaster.master][INFO] 2022-01-20 15:34:23,501: +CACHEDPARAM [/rosout_disable_topics_generation] by /talker_19993_1642692375323
[rosmaster.master][INFO] 2022-01-20 15:34:27,499: +CACHEDPARAM [/rosout_disable_topics_generation] by /talker_19993_1642692375323
[rosmaster.master][INFO] 2022-01-20 15:34:31,500: +CACHEDPARAM [/rosout_disable_topics_generation] by /talker_19993_1642692375323
[rosmaster.master][INFO] 2022-01-20 15:34:35,503: +CACHEDPARAM [/rosout_disable_topics_generation] by /talker_19993_1642692375323
[rosmaster.master][INFO] 2022-01-20 15:34:39,503: +CACHEDPARAM [/rosout_disable_topics_generation] by /talker_19993_1642692375323
[rosmaster.master][INFO] 2022-01-20 15:34:43,503: +CACHEDPARAM [/rosout_disable_topics_generation] by /talker_19993_1642692375323
[rosmaster.master][INFO] 2022-01-20 15:34:47,503: +CACHEDPARAM [/rosout_disable_topics_generation] by /talker_19993_1642692375323
[rosmaster.master][INFO] 2022-01-20 15:34:51,501: +CACHEDPARAM [/rosout_disable_topics_generation] by /talker_19993_1642692375323
[rosmaster.master][INFO] 2022-01-20 15:34:55,503: +CACHEDPARAM [/rosout_disable_topics_generation] by /talker_19993_1642692375323
[rosmaster.master][INFO] 2022-01-20 15:34:59,503: +CACHEDPARAM [/rosout_disable_topics_generation] by /talker_19993_1642692375323
[rosmaster.master][INFO] 2022-01-20 15:35:03,502: +CACHEDPARAM [/rosout_disable_topics_generation] by /talker_19993_1642692375323
[rosmaster.master][INFO] 2022-01-20 15:35:07,503: +CACHEDPARAM [/rosout_disable_topics_generation] by /talker_19993_1642692375323
[rosmaster.master][INFO] 2022-01-20 15:35:11,503: +CACHEDPARAM [/rosout_disable_topics_generation] by /talker_19993_1642692375323
[rosmaster.master][INFO] 2022-01-20 15:35:15,504: +CACHEDPARAM [/rosout_disable_topics_generation] by /talker_19993_1642692375323
[rosmaster.master][INFO] 2022-01-20 15:35:15,875: -PUB [/rosout_agg] /rosout http://ubuntu:33555/
[rosmaster.master][INFO] 2022-01-20 15:35:15,876: -SUB [/rosout] /rosout http://ubuntu:33555/
[rosmaster.master][INFO] 2022-01-20 15:35:15,878: -SERVICE [/rosout/get_loggers] /rosout rosrpc://ubuntu:49525
[rosmaster.master][INFO] 2022-01-20 15:35:15,879: -SERVICE [/rosout/set_logger_level] /rosout rosrpc://ubuntu:49525
[rosmaster.master][INFO] 2022-01-20 15:35:15,880: -CACHEDPARAM [/rosout/omit_topics] by /rosout
[rosmaster.main][INFO] 2022-01-20 15:35:15,973: keyboard interrupt, will exit
[rosmaster.main][INFO] 2022-01-20 15:35:15,973: stopping master...
[rospy.core][INFO] 2022-01-20 15:35:15,974: signal_shutdown [atexit]
