[0.225s] Invoking command in '/home/ubuntu/ros2_foxy/build/ament_cmake_export_include_directories': AMENT_PREFIX_PATH=/home/ubuntu/ros2_foxy/install/ament_cmake_core:/home/ubuntu/ros2_foxy/install/ament_package CMAKE_PREFIX_PATH=/home/ubuntu/ros2_foxy/install/ament_cmake_core PYTHONPATH=/home/ubuntu/ros2_foxy/build/ament_package:/home/ubuntu/ros2_foxy/install/ament_package/lib/python3.6/site-packages /usr/bin/cmake /home/ubuntu/ros2_foxy/src/ament/ament_cmake/ament_cmake_export_include_directories -DAMENT_CMAKE_SYMLINK_INSTALL=1 -DCMAKE_INSTALL_PREFIX=/home/ubuntu/ros2_foxy/install/ament_cmake_export_include_directories
[0.493s] -- Found ament_cmake_core: 0.9.9 (/home/ubuntu/ros2_foxy/install/ament_cmake_core/share/ament_cmake_core/cmake)
[0.841s] -- Found PythonInterp: /usr/bin/python3 (found suitable version "3.6.9", minimum required is "3") 
[0.842s] -- Using PYTHON_EXECUTABLE: /usr/bin/python3
[3.446s] -- Override CMake install command with custom implementation using symlinks instead of copying resources
[4.180s] -- Configuring done
[4.224s] -- Generating done
[4.230s] -- Build files have been written to: /home/ubuntu/ros2_foxy/build/ament_cmake_export_include_directories
[4.249s] Invoked command in '/home/ubuntu/ros2_foxy/build/ament_cmake_export_include_directories' returned '0': AMENT_PREFIX_PATH=/home/ubuntu/ros2_foxy/install/ament_cmake_core:/home/ubuntu/ros2_foxy/install/ament_package CMAKE_PREFIX_PATH=/home/ubuntu/ros2_foxy/install/ament_cmake_core PYTHONPATH=/home/ubuntu/ros2_foxy/build/ament_package:/home/ubuntu/ros2_foxy/install/ament_package/lib/python3.6/site-packages /usr/bin/cmake /home/ubuntu/ros2_foxy/src/ament/ament_cmake/ament_cmake_export_include_directories -DAMENT_CMAKE_SYMLINK_INSTALL=1 -DCMAKE_INSTALL_PREFIX=/home/ubuntu/ros2_foxy/install/ament_cmake_export_include_directories
[4.268s] Invoking command in '/home/ubuntu/ros2_foxy/build/ament_cmake_export_include_directories': AMENT_PREFIX_PATH=/home/ubuntu/ros2_foxy/install/ament_cmake_core:/home/ubuntu/ros2_foxy/install/ament_package CMAKE_PREFIX_PATH=/home/ubuntu/ros2_foxy/install/ament_cmake_core PYTHONPATH=/home/ubuntu/ros2_foxy/build/ament_package:/home/ubuntu/ros2_foxy/install/ament_package/lib/python3.6/site-packages /usr/bin/cmake --build /home/ubuntu/ros2_foxy/build/ament_cmake_export_include_directories -- -j4 -l4
[4.761s] Invoked command in '/home/ubuntu/ros2_foxy/build/ament_cmake_export_include_directories' returned '0': AMENT_PREFIX_PATH=/home/ubuntu/ros2_foxy/install/ament_cmake_core:/home/ubuntu/ros2_foxy/install/ament_package CMAKE_PREFIX_PATH=/home/ubuntu/ros2_foxy/install/ament_cmake_core PYTHONPATH=/home/ubuntu/ros2_foxy/build/ament_package:/home/ubuntu/ros2_foxy/install/ament_package/lib/python3.6/site-packages /usr/bin/cmake --build /home/ubuntu/ros2_foxy/build/ament_cmake_export_include_directories -- -j4 -l4
[5.202s] Invoking command in '/home/ubuntu/ros2_foxy/build/ament_cmake_export_include_directories': AMENT_PREFIX_PATH=/home/ubuntu/ros2_foxy/install/ament_cmake_core:/home/ubuntu/ros2_foxy/install/ament_package CMAKE_PREFIX_PATH=/home/ubuntu/ros2_foxy/install/ament_cmake_core PYTHONPATH=/home/ubuntu/ros2_foxy/build/ament_package:/home/ubuntu/ros2_foxy/install/ament_package/lib/python3.6/site-packages /usr/bin/cmake --build /home/ubuntu/ros2_foxy/build/ament_cmake_export_include_directories --target install -- -j4 -l4
[5.913s] [36mInstall the project...[0m
[6.021s] -- Install configuration: ""
[6.027s] -- Execute custom install script
[6.029s] -- Symlinking: /home/ubuntu/ros2_foxy/install/ament_cmake_export_include_directories/share/ament_index/resource_index/package_run_dependencies/ament_cmake_export_include_directories
[6.192s] -- Symlinking: /home/ubuntu/ros2_foxy/install/ament_cmake_export_include_directories/share/ament_index/resource_index/parent_prefix_path/ament_cmake_export_include_directories
[6.320s] -- Symlinking: /home/ubuntu/ros2_foxy/install/ament_cmake_export_include_directories/share/ament_cmake_export_include_directories/environment/ament_prefix_path.sh
[6.431s] -- Symlinking: /home/ubuntu/ros2_foxy/install/ament_cmake_export_include_directories/share/ament_cmake_export_include_directories/environment/ament_prefix_path.dsv
[6.551s] -- Symlinking: /home/ubuntu/ros2_foxy/install/ament_cmake_export_include_directories/share/ament_cmake_export_include_directories/environment/path.sh
[6.702s] -- Symlinking: /home/ubuntu/ros2_foxy/install/ament_cmake_export_include_directories/share/ament_cmake_export_include_directories/environment/path.dsv
[6.785s] -- Symlinking: /home/ubuntu/ros2_foxy/install/ament_cmake_export_include_directories/share/ament_cmake_export_include_directories/local_setup.bash
[6.911s] -- Symlinking: /home/ubuntu/ros2_foxy/install/ament_cmake_export_include_directories/share/ament_cmake_export_include_directories/local_setup.sh
[7.036s] -- Symlinking: /home/ubuntu/ros2_foxy/install/ament_cmake_export_include_directories/share/ament_cmake_export_include_directories/local_setup.zsh
[7.155s] -- Symlinking: /home/ubuntu/ros2_foxy/install/ament_cmake_export_include_directories/share/ament_cmake_export_include_directories/local_setup.dsv
[7.262s] -- Symlinking: /home/ubuntu/ros2_foxy/install/ament_cmake_export_include_directories/share/ament_cmake_export_include_directories/package.dsv
[7.364s] -- Symlinking: /home/ubuntu/ros2_foxy/install/ament_cmake_export_include_directories/share/ament_index/resource_index/packages/ament_cmake_export_include_directories
[7.476s] -- Symlinking: /home/ubuntu/ros2_foxy/install/ament_cmake_export_include_directories/share/ament_cmake_export_include_directories/cmake/ament_cmake_export_include_directories-extras.cmake
[7.603s] -- Symlinking: /home/ubuntu/ros2_foxy/install/ament_cmake_export_include_directories/share/ament_cmake_export_include_directories/cmake/ament_cmake_export_include_directoriesConfig.cmake
[7.697s] -- Symlinking: /home/ubuntu/ros2_foxy/install/ament_cmake_export_include_directories/share/ament_cmake_export_include_directories/cmake/ament_cmake_export_include_directoriesConfig-version.cmake
[7.768s] -- Symlinking: /home/ubuntu/ros2_foxy/install/ament_cmake_export_include_directories/share/ament_cmake_export_include_directories/package.xml
[7.897s] -- Symlinking: /home/ubuntu/ros2_foxy/install/ament_cmake_export_include_directories/share/ament_cmake_export_include_directories/cmake/ament_cmake_export_include_directories-extras.cmake.in
[7.974s] -- Symlinking: /home/ubuntu/ros2_foxy/install/ament_cmake_export_include_directories/share/ament_cmake_export_include_directories/cmake/ament_cmake_export_include_directories_package_hook.cmake
[8.072s] -- Symlinking: /home/ubuntu/ros2_foxy/install/ament_cmake_export_include_directories/share/ament_cmake_export_include_directories/cmake/ament_export_include_directories.cmake
[8.280s] Invoked command in '/home/ubuntu/ros2_foxy/build/ament_cmake_export_include_directories' returned '0': AMENT_PREFIX_PATH=/home/ubuntu/ros2_foxy/install/ament_cmake_core:/home/ubuntu/ros2_foxy/install/ament_package CMAKE_PREFIX_PATH=/home/ubuntu/ros2_foxy/install/ament_cmake_core PYTHONPATH=/home/ubuntu/ros2_foxy/build/ament_package:/home/ubuntu/ros2_foxy/install/ament_package/lib/python3.6/site-packages /usr/bin/cmake --build /home/ubuntu/ros2_foxy/build/ament_cmake_export_include_directories --target install -- -j4 -l4
