[rospy.client][INFO] 2022-04-07 16:32:22,197: init_node, name[/joystick], pid[2474]
[xmlrpc][INFO] 2022-04-07 16:32:22,199: XML-RPC server binding to 0.0.0.0:0
[xmlrpc][INFO] 2022-04-07 16:32:22,202: Started XML-RPC server [http://ubuntu:33337/]
[rospy.init][INFO] 2022-04-07 16:32:22,203: ROS Slave URI: [http://ubuntu:33337/]
[rospy.impl.masterslave][INFO] 2022-04-07 16:32:22,203: _ready: http://ubuntu:33337/
[rospy.registration][INFO] 2022-04-07 16:32:22,207: Registering with master node http://localhost:11311
[xmlrpc][INFO] 2022-04-07 16:32:22,207: xml rpc node: starting XML-RPC server
[rospy.init][INFO] 2022-04-07 16:32:22,304: registered with master
[rospy.rosout][INFO] 2022-04-07 16:32:22,305: initializing /rosout core topic
[rospy.rosout][INFO] 2022-04-07 16:32:22,312: connected to core topic /rosout
[rospy.simtime][INFO] 2022-04-07 16:32:22,315: /use_sim_time is not set, will not subscribe to simulated time [/clock] topic
[rospy.internal][INFO] 2022-04-07 16:32:22,562: topic[/rosout] adding connection to [/rosout], count 0
[rospy.internal][INFO] 2022-04-07 19:18:59,848: topic[/cmd_vel] adding connection to [http://ubuntu:43855/], count 0
[rosout][ERROR] 2022-04-07 19:19:00,056: bad callback: <function joystick_callback at 0xffffa0dcabd0>
Traceback (most recent call last):
  File "/opt/ros/melodic/lib/python2.7/dist-packages/rospy/topics.py", line 750, in _invoke_callback
    cb(msg)
  File "/home/ubuntu/catkin_ws/src/beginner_tutorials/scripts/joystick.py", line 34, in joystick_callback
    move_motor(y_axis, '-1000')
  File "/home/ubuntu/catkin_ws/src/beginner_tutorials/scripts/joystick.py", line 28, in move_motor
    revolutions)
  File "/home/ubuntu/catkin_ws/src/beginner_tutorials/scripts/joystick.py", line 24, in ticcmd
    return subprocess.check_output(['ticcmd'] + list(args))
  File "/usr/lib/python2.7/subprocess.py", line 223, in check_output
    raise CalledProcessError(retcode, cmd, output=output)
CalledProcessError: Command '['ticcmd', '--exit-safe-start', '--step-mode', '1', '-d', '00339700', '--current', '300', '--position', '-1000']' returned non-zero exit status 2

[rosout][ERROR] 2022-04-07 19:19:00,463: bad callback: <function joystick_callback at 0xffffa0dcabd0>
Traceback (most recent call last):
  File "/opt/ros/melodic/lib/python2.7/dist-packages/rospy/topics.py", line 750, in _invoke_callback
    cb(msg)
  File "/home/ubuntu/catkin_ws/src/beginner_tutorials/scripts/joystick.py", line 34, in joystick_callback
    move_motor(y_axis, '-1000')
  File "/home/ubuntu/catkin_ws/src/beginner_tutorials/scripts/joystick.py", line 28, in move_motor
    revolutions)
  File "/home/ubuntu/catkin_ws/src/beginner_tutorials/scripts/joystick.py", line 24, in ticcmd
    return subprocess.check_output(['ticcmd'] + list(args))
  File "/usr/lib/python2.7/subprocess.py", line 223, in check_output
    raise CalledProcessError(retcode, cmd, output=output)
CalledProcessError: Command '['ticcmd', '--exit-safe-start', '--step-mode', '1', '-d', '00339700', '--current', '300', '--position', '-1000']' returned non-zero exit status 2

[rosout][ERROR] 2022-04-07 19:19:00,649: bad callback: <function joystick_callback at 0xffffa0dcabd0>
Traceback (most recent call last):
  File "/opt/ros/melodic/lib/python2.7/dist-packages/rospy/topics.py", line 750, in _invoke_callback
    cb(msg)
  File "/home/ubuntu/catkin_ws/src/beginner_tutorials/scripts/joystick.py", line 34, in joystick_callback
    move_motor(y_axis, '-1000')
  File "/home/ubuntu/catkin_ws/src/beginner_tutorials/scripts/joystick.py", line 28, in move_motor
    revolutions)
  File "/home/ubuntu/catkin_ws/src/beginner_tutorials/scripts/joystick.py", line 24, in ticcmd
    return subprocess.check_output(['ticcmd'] + list(args))
  File "/usr/lib/python2.7/subprocess.py", line 223, in check_output
    raise CalledProcessError(retcode, cmd, output=output)
CalledProcessError: Command '['ticcmd', '--exit-safe-start', '--step-mode', '1', '-d', '00339700', '--current', '300', '--position', '-1000']' returned non-zero exit status 2

[rosout][ERROR] 2022-04-07 19:19:01,053: bad callback: <function joystick_callback at 0xffffa0dcabd0>
Traceback (most recent call last):
  File "/opt/ros/melodic/lib/python2.7/dist-packages/rospy/topics.py", line 750, in _invoke_callback
    cb(msg)
  File "/home/ubuntu/catkin_ws/src/beginner_tutorials/scripts/joystick.py", line 32, in joystick_callback
    move_motor(y_axis, '5000')
  File "/home/ubuntu/catkin_ws/src/beginner_tutorials/scripts/joystick.py", line 28, in move_motor
    revolutions)
  File "/home/ubuntu/catkin_ws/src/beginner_tutorials/scripts/joystick.py", line 24, in ticcmd
    return subprocess.check_output(['ticcmd'] + list(args))
  File "/usr/lib/python2.7/subprocess.py", line 223, in check_output
    raise CalledProcessError(retcode, cmd, output=output)
CalledProcessError: Command '['ticcmd', '--exit-safe-start', '--step-mode', '1', '-d', '00339700', '--current', '300', '--position', '5000']' returned non-zero exit status 2

[rosout][ERROR] 2022-04-07 19:19:01,202: bad callback: <function joystick_callback at 0xffffa0dcabd0>
Traceback (most recent call last):
  File "/opt/ros/melodic/lib/python2.7/dist-packages/rospy/topics.py", line 750, in _invoke_callback
    cb(msg)
  File "/home/ubuntu/catkin_ws/src/beginner_tutorials/scripts/joystick.py", line 32, in joystick_callback
    move_motor(y_axis, '5000')
  File "/home/ubuntu/catkin_ws/src/beginner_tutorials/scripts/joystick.py", line 28, in move_motor
    revolutions)
  File "/home/ubuntu/catkin_ws/src/beginner_tutorials/scripts/joystick.py", line 24, in ticcmd
    return subprocess.check_output(['ticcmd'] + list(args))
  File "/usr/lib/python2.7/subprocess.py", line 223, in check_output
    raise CalledProcessError(retcode, cmd, output=output)
CalledProcessError: Command '['ticcmd', '--exit-safe-start', '--step-mode', '1', '-d', '00339700', '--current', '300', '--position', '5000']' returned non-zero exit status 2

[rosout][ERROR] 2022-04-07 19:19:01,363: bad callback: <function joystick_callback at 0xffffa0dcabd0>
Traceback (most recent call last):
  File "/opt/ros/melodic/lib/python2.7/dist-packages/rospy/topics.py", line 750, in _invoke_callback
    cb(msg)
  File "/home/ubuntu/catkin_ws/src/beginner_tutorials/scripts/joystick.py", line 32, in joystick_callback
    move_motor(y_axis, '5000')
  File "/home/ubuntu/catkin_ws/src/beginner_tutorials/scripts/joystick.py", line 28, in move_motor
    revolutions)
  File "/home/ubuntu/catkin_ws/src/beginner_tutorials/scripts/joystick.py", line 24, in ticcmd
    return subprocess.check_output(['ticcmd'] + list(args))
  File "/usr/lib/python2.7/subprocess.py", line 223, in check_output
    raise CalledProcessError(retcode, cmd, output=output)
CalledProcessError: Command '['ticcmd', '--exit-safe-start', '--step-mode', '1', '-d', '00339700', '--current', '300', '--position', '5000']' returned non-zero exit status 2

[rosout][ERROR] 2022-04-07 19:19:01,513: bad callback: <function joystick_callback at 0xffffa0dcabd0>
Traceback (most recent call last):
  File "/opt/ros/melodic/lib/python2.7/dist-packages/rospy/topics.py", line 750, in _invoke_callback
    cb(msg)
  File "/home/ubuntu/catkin_ws/src/beginner_tutorials/scripts/joystick.py", line 32, in joystick_callback
    move_motor(y_axis, '5000')
  File "/home/ubuntu/catkin_ws/src/beginner_tutorials/scripts/joystick.py", line 28, in move_motor
    revolutions)
  File "/home/ubuntu/catkin_ws/src/beginner_tutorials/scripts/joystick.py", line 24, in ticcmd
    return subprocess.check_output(['ticcmd'] + list(args))
  File "/usr/lib/python2.7/subprocess.py", line 223, in check_output
    raise CalledProcessError(retcode, cmd, output=output)
CalledProcessError: Command '['ticcmd', '--exit-safe-start', '--step-mode', '1', '-d', '00339700', '--current', '300', '--position', '5000']' returned non-zero exit status 2

[rosout][ERROR] 2022-04-07 19:19:01,694: bad callback: <function joystick_callback at 0xffffa0dcabd0>
Traceback (most recent call last):
  File "/opt/ros/melodic/lib/python2.7/dist-packages/rospy/topics.py", line 750, in _invoke_callback
    cb(msg)
  File "/home/ubuntu/catkin_ws/src/beginner_tutorials/scripts/joystick.py", line 32, in joystick_callback
    move_motor(y_axis, '5000')
  File "/home/ubuntu/catkin_ws/src/beginner_tutorials/scripts/joystick.py", line 28, in move_motor
    revolutions)
  File "/home/ubuntu/catkin_ws/src/beginner_tutorials/scripts/joystick.py", line 24, in ticcmd
    return subprocess.check_output(['ticcmd'] + list(args))
  File "/usr/lib/python2.7/subprocess.py", line 223, in check_output
    raise CalledProcessError(retcode, cmd, output=output)
CalledProcessError: Command '['ticcmd', '--exit-safe-start', '--step-mode', '1', '-d', '00339700', '--current', '300', '--position', '5000']' returned non-zero exit status 2

[rosout][ERROR] 2022-04-07 19:19:01,856: bad callback: <function joystick_callback at 0xffffa0dcabd0>
Traceback (most recent call last):
  File "/opt/ros/melodic/lib/python2.7/dist-packages/rospy/topics.py", line 750, in _invoke_callback
    cb(msg)
  File "/home/ubuntu/catkin_ws/src/beginner_tutorials/scripts/joystick.py", line 32, in joystick_callback
    move_motor(y_axis, '5000')
  File "/home/ubuntu/catkin_ws/src/beginner_tutorials/scripts/joystick.py", line 28, in move_motor
    revolutions)
  File "/home/ubuntu/catkin_ws/src/beginner_tutorials/scripts/joystick.py", line 24, in ticcmd
    return subprocess.check_output(['ticcmd'] + list(args))
  File "/usr/lib/python2.7/subprocess.py", line 223, in check_output
    raise CalledProcessError(retcode, cmd, output=output)
CalledProcessError: Command '['ticcmd', '--exit-safe-start', '--step-mode', '1', '-d', '00339700', '--current', '300', '--position', '5000']' returned non-zero exit status 2

[rosout][ERROR] 2022-04-07 19:19:02,011: bad callback: <function joystick_callback at 0xffffa0dcabd0>
Traceback (most recent call last):
  File "/opt/ros/melodic/lib/python2.7/dist-packages/rospy/topics.py", line 750, in _invoke_callback
    cb(msg)
  File "/home/ubuntu/catkin_ws/src/beginner_tutorials/scripts/joystick.py", line 32, in joystick_callback
    move_motor(y_axis, '5000')
  File "/home/ubuntu/catkin_ws/src/beginner_tutorials/scripts/joystick.py", line 28, in move_motor
    revolutions)
  File "/home/ubuntu/catkin_ws/src/beginner_tutorials/scripts/joystick.py", line 24, in ticcmd
    return subprocess.check_output(['ticcmd'] + list(args))
  File "/usr/lib/python2.7/subprocess.py", line 223, in check_output
    raise CalledProcessError(retcode, cmd, output=output)
CalledProcessError: Command '['ticcmd', '--exit-safe-start', '--step-mode', '1', '-d', '00339700', '--current', '300', '--position', '5000']' returned non-zero exit status 2

[rosout][ERROR] 2022-04-07 19:19:02,145: bad callback: <function joystick_callback at 0xffffa0dcabd0>
Traceback (most recent call last):
  File "/opt/ros/melodic/lib/python2.7/dist-packages/rospy/topics.py", line 750, in _invoke_callback
    cb(msg)
  File "/home/ubuntu/catkin_ws/src/beginner_tutorials/scripts/joystick.py", line 32, in joystick_callback
    move_motor(y_axis, '5000')
  File "/home/ubuntu/catkin_ws/src/beginner_tutorials/scripts/joystick.py", line 28, in move_motor
    revolutions)
  File "/home/ubuntu/catkin_ws/src/beginner_tutorials/scripts/joystick.py", line 24, in ticcmd
    return subprocess.check_output(['ticcmd'] + list(args))
  File "/usr/lib/python2.7/subprocess.py", line 223, in check_output
    raise CalledProcessError(retcode, cmd, output=output)
CalledProcessError: Command '['ticcmd', '--exit-safe-start', '--step-mode', '1', '-d', '00339700', '--current', '300', '--position', '5000']' returned non-zero exit status 2

[rosout][ERROR] 2022-04-07 19:19:03,738: bad callback: <function joystick_callback at 0xffffa0dcabd0>
Traceback (most recent call last):
  File "/opt/ros/melodic/lib/python2.7/dist-packages/rospy/topics.py", line 750, in _invoke_callback
    cb(msg)
  File "/home/ubuntu/catkin_ws/src/beginner_tutorials/scripts/joystick.py", line 34, in joystick_callback
    move_motor(y_axis, '-1000')
  File "/home/ubuntu/catkin_ws/src/beginner_tutorials/scripts/joystick.py", line 28, in move_motor
    revolutions)
  File "/home/ubuntu/catkin_ws/src/beginner_tutorials/scripts/joystick.py", line 24, in ticcmd
    return subprocess.check_output(['ticcmd'] + list(args))
  File "/usr/lib/python2.7/subprocess.py", line 223, in check_output
    raise CalledProcessError(retcode, cmd, output=output)
CalledProcessError: Command '['ticcmd', '--exit-safe-start', '--step-mode', '1', '-d', '00339700', '--current', '300', '--position', '-1000']' returned non-zero exit status 2

[rosout][ERROR] 2022-04-07 19:19:24,660: bad callback: <function joystick_callback at 0xffffa0dcabd0>
Traceback (most recent call last):
  File "/opt/ros/melodic/lib/python2.7/dist-packages/rospy/topics.py", line 750, in _invoke_callback
    cb(msg)
  File "/home/ubuntu/catkin_ws/src/beginner_tutorials/scripts/joystick.py", line 32, in joystick_callback
    move_motor(y_axis, '5000')
  File "/home/ubuntu/catkin_ws/src/beginner_tutorials/scripts/joystick.py", line 28, in move_motor
    revolutions)
  File "/home/ubuntu/catkin_ws/src/beginner_tutorials/scripts/joystick.py", line 24, in ticcmd
    return subprocess.check_output(['ticcmd'] + list(args))
  File "/usr/lib/python2.7/subprocess.py", line 223, in check_output
    raise CalledProcessError(retcode, cmd, output=output)
CalledProcessError: Command '['ticcmd', '--exit-safe-start', '--step-mode', '1', '-d', '00339700', '--current', '300', '--position', '5000']' returned non-zero exit status 2

[rosout][ERROR] 2022-04-07 19:19:24,823: bad callback: <function joystick_callback at 0xffffa0dcabd0>
Traceback (most recent call last):
  File "/opt/ros/melodic/lib/python2.7/dist-packages/rospy/topics.py", line 750, in _invoke_callback
    cb(msg)
  File "/home/ubuntu/catkin_ws/src/beginner_tutorials/scripts/joystick.py", line 32, in joystick_callback
    move_motor(y_axis, '5000')
  File "/home/ubuntu/catkin_ws/src/beginner_tutorials/scripts/joystick.py", line 28, in move_motor
    revolutions)
  File "/home/ubuntu/catkin_ws/src/beginner_tutorials/scripts/joystick.py", line 24, in ticcmd
    return subprocess.check_output(['ticcmd'] + list(args))
  File "/usr/lib/python2.7/subprocess.py", line 223, in check_output
    raise CalledProcessError(retcode, cmd, output=output)
CalledProcessError: Command '['ticcmd', '--exit-safe-start', '--step-mode', '1', '-d', '00339700', '--current', '300', '--position', '5000']' returned non-zero exit status 2

[rosout][ERROR] 2022-04-07 19:19:24,974: bad callback: <function joystick_callback at 0xffffa0dcabd0>
Traceback (most recent call last):
  File "/opt/ros/melodic/lib/python2.7/dist-packages/rospy/topics.py", line 750, in _invoke_callback
    cb(msg)
  File "/home/ubuntu/catkin_ws/src/beginner_tutorials/scripts/joystick.py", line 32, in joystick_callback
    move_motor(y_axis, '5000')
  File "/home/ubuntu/catkin_ws/src/beginner_tutorials/scripts/joystick.py", line 28, in move_motor
    revolutions)
  File "/home/ubuntu/catkin_ws/src/beginner_tutorials/scripts/joystick.py", line 24, in ticcmd
    return subprocess.check_output(['ticcmd'] + list(args))
  File "/usr/lib/python2.7/subprocess.py", line 223, in check_output
    raise CalledProcessError(retcode, cmd, output=output)
CalledProcessError: Command '['ticcmd', '--exit-safe-start', '--step-mode', '1', '-d', '00339700', '--current', '300', '--position', '5000']' returned non-zero exit status 2

[rosout][ERROR] 2022-04-07 19:19:25,108: bad callback: <function joystick_callback at 0xffffa0dcabd0>
Traceback (most recent call last):
  File "/opt/ros/melodic/lib/python2.7/dist-packages/rospy/topics.py", line 750, in _invoke_callback
    cb(msg)
  File "/home/ubuntu/catkin_ws/src/beginner_tutorials/scripts/joystick.py", line 32, in joystick_callback
    move_motor(y_axis, '5000')
  File "/home/ubuntu/catkin_ws/src/beginner_tutorials/scripts/joystick.py", line 28, in move_motor
    revolutions)
  File "/home/ubuntu/catkin_ws/src/beginner_tutorials/scripts/joystick.py", line 24, in ticcmd
    return subprocess.check_output(['ticcmd'] + list(args))
  File "/usr/lib/python2.7/subprocess.py", line 223, in check_output
    raise CalledProcessError(retcode, cmd, output=output)
CalledProcessError: Command '['ticcmd', '--exit-safe-start', '--step-mode', '1', '-d', '00339700', '--current', '300', '--position', '5000']' returned non-zero exit status 2

[rosout][ERROR] 2022-04-07 19:19:25,523: bad callback: <function joystick_callback at 0xffffa0dcabd0>
Traceback (most recent call last):
  File "/opt/ros/melodic/lib/python2.7/dist-packages/rospy/topics.py", line 750, in _invoke_callback
    cb(msg)
  File "/home/ubuntu/catkin_ws/src/beginner_tutorials/scripts/joystick.py", line 34, in joystick_callback
    move_motor(y_axis, '-1000')
  File "/home/ubuntu/catkin_ws/src/beginner_tutorials/scripts/joystick.py", line 28, in move_motor
    revolutions)
  File "/home/ubuntu/catkin_ws/src/beginner_tutorials/scripts/joystick.py", line 24, in ticcmd
    return subprocess.check_output(['ticcmd'] + list(args))
  File "/usr/lib/python2.7/subprocess.py", line 223, in check_output
    raise CalledProcessError(retcode, cmd, output=output)
CalledProcessError: Command '['ticcmd', '--exit-safe-start', '--step-mode', '1', '-d', '00339700', '--current', '300', '--position', '-1000']' returned non-zero exit status 2

[rosout][ERROR] 2022-04-07 19:19:25,672: bad callback: <function joystick_callback at 0xffffa0dcabd0>
Traceback (most recent call last):
  File "/opt/ros/melodic/lib/python2.7/dist-packages/rospy/topics.py", line 750, in _invoke_callback
    cb(msg)
  File "/home/ubuntu/catkin_ws/src/beginner_tutorials/scripts/joystick.py", line 34, in joystick_callback
    move_motor(y_axis, '-1000')
  File "/home/ubuntu/catkin_ws/src/beginner_tutorials/scripts/joystick.py", line 28, in move_motor
    revolutions)
  File "/home/ubuntu/catkin_ws/src/beginner_tutorials/scripts/joystick.py", line 24, in ticcmd
    return subprocess.check_output(['ticcmd'] + list(args))
  File "/usr/lib/python2.7/subprocess.py", line 223, in check_output
    raise CalledProcessError(retcode, cmd, output=output)
CalledProcessError: Command '['ticcmd', '--exit-safe-start', '--step-mode', '1', '-d', '00339700', '--current', '300', '--position', '-1000']' returned non-zero exit status 2

[rosout][ERROR] 2022-04-07 19:19:25,831: bad callback: <function joystick_callback at 0xffffa0dcabd0>
Traceback (most recent call last):
  File "/opt/ros/melodic/lib/python2.7/dist-packages/rospy/topics.py", line 750, in _invoke_callback
    cb(msg)
  File "/home/ubuntu/catkin_ws/src/beginner_tutorials/scripts/joystick.py", line 34, in joystick_callback
    move_motor(y_axis, '-1000')
  File "/home/ubuntu/catkin_ws/src/beginner_tutorials/scripts/joystick.py", line 28, in move_motor
    revolutions)
  File "/home/ubuntu/catkin_ws/src/beginner_tutorials/scripts/joystick.py", line 24, in ticcmd
    return subprocess.check_output(['ticcmd'] + list(args))
  File "/usr/lib/python2.7/subprocess.py", line 223, in check_output
    raise CalledProcessError(retcode, cmd, output=output)
CalledProcessError: Command '['ticcmd', '--exit-safe-start', '--step-mode', '1', '-d', '00339700', '--current', '300', '--position', '-1000']' returned non-zero exit status 2

[rosout][ERROR] 2022-04-07 19:19:26,017: bad callback: <function joystick_callback at 0xffffa0dcabd0>
Traceback (most recent call last):
  File "/opt/ros/melodic/lib/python2.7/dist-packages/rospy/topics.py", line 750, in _invoke_callback
    cb(msg)
  File "/home/ubuntu/catkin_ws/src/beginner_tutorials/scripts/joystick.py", line 34, in joystick_callback
    move_motor(y_axis, '-1000')
  File "/home/ubuntu/catkin_ws/src/beginner_tutorials/scripts/joystick.py", line 28, in move_motor
    revolutions)
  File "/home/ubuntu/catkin_ws/src/beginner_tutorials/scripts/joystick.py", line 24, in ticcmd
    return subprocess.check_output(['ticcmd'] + list(args))
  File "/usr/lib/python2.7/subprocess.py", line 223, in check_output
    raise CalledProcessError(retcode, cmd, output=output)
CalledProcessError: Command '['ticcmd', '--exit-safe-start', '--step-mode', '1', '-d', '00339700', '--current', '300', '--position', '-1000']' returned non-zero exit status 2

[rosout][ERROR] 2022-04-07 19:19:26,194: bad callback: <function joystick_callback at 0xffffa0dcabd0>
Traceback (most recent call last):
  File "/opt/ros/melodic/lib/python2.7/dist-packages/rospy/topics.py", line 750, in _invoke_callback
    cb(msg)
  File "/home/ubuntu/catkin_ws/src/beginner_tutorials/scripts/joystick.py", line 34, in joystick_callback
    move_motor(y_axis, '-1000')
  File "/home/ubuntu/catkin_ws/src/beginner_tutorials/scripts/joystick.py", line 28, in move_motor
    revolutions)
  File "/home/ubuntu/catkin_ws/src/beginner_tutorials/scripts/joystick.py", line 24, in ticcmd
    return subprocess.check_output(['ticcmd'] + list(args))
  File "/usr/lib/python2.7/subprocess.py", line 223, in check_output
    raise CalledProcessError(retcode, cmd, output=output)
CalledProcessError: Command '['ticcmd', '--exit-safe-start', '--step-mode', '1', '-d', '00339700', '--current', '300', '--position', '-1000']' returned non-zero exit status 2

[rosout][ERROR] 2022-04-07 19:19:27,020: bad callback: <function joystick_callback at 0xffffa0dcabd0>
Traceback (most recent call last):
  File "/opt/ros/melodic/lib/python2.7/dist-packages/rospy/topics.py", line 750, in _invoke_callback
    cb(msg)
  File "/home/ubuntu/catkin_ws/src/beginner_tutorials/scripts/joystick.py", line 32, in joystick_callback
    move_motor(y_axis, '5000')
  File "/home/ubuntu/catkin_ws/src/beginner_tutorials/scripts/joystick.py", line 28, in move_motor
    revolutions)
  File "/home/ubuntu/catkin_ws/src/beginner_tutorials/scripts/joystick.py", line 24, in ticcmd
    return subprocess.check_output(['ticcmd'] + list(args))
  File "/usr/lib/python2.7/subprocess.py", line 223, in check_output
    raise CalledProcessError(retcode, cmd, output=output)
CalledProcessError: Command '['ticcmd', '--exit-safe-start', '--step-mode', '1', '-d', '00339700', '--current', '300', '--position', '5000']' returned non-zero exit status 2

[rosout][ERROR] 2022-04-07 19:19:27,222: bad callback: <function joystick_callback at 0xffffa0dcabd0>
Traceback (most recent call last):
  File "/opt/ros/melodic/lib/python2.7/dist-packages/rospy/topics.py", line 750, in _invoke_callback
    cb(msg)
  File "/home/ubuntu/catkin_ws/src/beginner_tutorials/scripts/joystick.py", line 32, in joystick_callback
    move_motor(y_axis, '5000')
  File "/home/ubuntu/catkin_ws/src/beginner_tutorials/scripts/joystick.py", line 28, in move_motor
    revolutions)
  File "/home/ubuntu/catkin_ws/src/beginner_tutorials/scripts/joystick.py", line 24, in ticcmd
    return subprocess.check_output(['ticcmd'] + list(args))
  File "/usr/lib/python2.7/subprocess.py", line 223, in check_output
    raise CalledProcessError(retcode, cmd, output=output)
CalledProcessError: Command '['ticcmd', '--exit-safe-start', '--step-mode', '1', '-d', '00339700', '--current', '300', '--position', '5000']' returned non-zero exit status 2

[rosout][ERROR] 2022-04-07 19:19:27,437: bad callback: <function joystick_callback at 0xffffa0dcabd0>
Traceback (most recent call last):
  File "/opt/ros/melodic/lib/python2.7/dist-packages/rospy/topics.py", line 750, in _invoke_callback
    cb(msg)
  File "/home/ubuntu/catkin_ws/src/beginner_tutorials/scripts/joystick.py", line 32, in joystick_callback
    move_motor(y_axis, '5000')
  File "/home/ubuntu/catkin_ws/src/beginner_tutorials/scripts/joystick.py", line 28, in move_motor
    revolutions)
  File "/home/ubuntu/catkin_ws/src/beginner_tutorials/scripts/joystick.py", line 24, in ticcmd
    return subprocess.check_output(['ticcmd'] + list(args))
  File "/usr/lib/python2.7/subprocess.py", line 223, in check_output
    raise CalledProcessError(retcode, cmd, output=output)
CalledProcessError: Command '['ticcmd', '--exit-safe-start', '--step-mode', '1', '-d', '00339700', '--current', '300', '--position', '5000']' returned non-zero exit status 2

[rosout][ERROR] 2022-04-07 19:19:27,646: bad callback: <function joystick_callback at 0xffffa0dcabd0>
Traceback (most recent call last):
  File "/opt/ros/melodic/lib/python2.7/dist-packages/rospy/topics.py", line 750, in _invoke_callback
    cb(msg)
  File "/home/ubuntu/catkin_ws/src/beginner_tutorials/scripts/joystick.py", line 32, in joystick_callback
    move_motor(y_axis, '5000')
  File "/home/ubuntu/catkin_ws/src/beginner_tutorials/scripts/joystick.py", line 28, in move_motor
    revolutions)
  File "/home/ubuntu/catkin_ws/src/beginner_tutorials/scripts/joystick.py", line 24, in ticcmd
    return subprocess.check_output(['ticcmd'] + list(args))
  File "/usr/lib/python2.7/subprocess.py", line 223, in check_output
    raise CalledProcessError(retcode, cmd, output=output)
CalledProcessError: Command '['ticcmd', '--exit-safe-start', '--step-mode', '1', '-d', '00339700', '--current', '300', '--position', '5000']' returned non-zero exit status 2

[rosout][ERROR] 2022-04-07 19:19:28,199: bad callback: <function joystick_callback at 0xffffa0dcabd0>
Traceback (most recent call last):
  File "/opt/ros/melodic/lib/python2.7/dist-packages/rospy/topics.py", line 750, in _invoke_callback
    cb(msg)
  File "/home/ubuntu/catkin_ws/src/beginner_tutorials/scripts/joystick.py", line 34, in joystick_callback
    move_motor(y_axis, '-1000')
  File "/home/ubuntu/catkin_ws/src/beginner_tutorials/scripts/joystick.py", line 28, in move_motor
    revolutions)
  File "/home/ubuntu/catkin_ws/src/beginner_tutorials/scripts/joystick.py", line 24, in ticcmd
    return subprocess.check_output(['ticcmd'] + list(args))
  File "/usr/lib/python2.7/subprocess.py", line 223, in check_output
    raise CalledProcessError(retcode, cmd, output=output)
CalledProcessError: Command '['ticcmd', '--exit-safe-start', '--step-mode', '1', '-d', '00339700', '--current', '300', '--position', '-1000']' returned non-zero exit status 2

[rosout][ERROR] 2022-04-07 19:19:28,377: bad callback: <function joystick_callback at 0xffffa0dcabd0>
Traceback (most recent call last):
  File "/opt/ros/melodic/lib/python2.7/dist-packages/rospy/topics.py", line 750, in _invoke_callback
    cb(msg)
  File "/home/ubuntu/catkin_ws/src/beginner_tutorials/scripts/joystick.py", line 34, in joystick_callback
    move_motor(y_axis, '-1000')
  File "/home/ubuntu/catkin_ws/src/beginner_tutorials/scripts/joystick.py", line 28, in move_motor
    revolutions)
  File "/home/ubuntu/catkin_ws/src/beginner_tutorials/scripts/joystick.py", line 24, in ticcmd
    return subprocess.check_output(['ticcmd'] + list(args))
  File "/usr/lib/python2.7/subprocess.py", line 223, in check_output
    raise CalledProcessError(retcode, cmd, output=output)
CalledProcessError: Command '['ticcmd', '--exit-safe-start', '--step-mode', '1', '-d', '00339700', '--current', '300', '--position', '-1000']' returned non-zero exit status 2

[rosout][ERROR] 2022-04-07 19:19:28,572: bad callback: <function joystick_callback at 0xffffa0dcabd0>
Traceback (most recent call last):
  File "/opt/ros/melodic/lib/python2.7/dist-packages/rospy/topics.py", line 750, in _invoke_callback
    cb(msg)
  File "/home/ubuntu/catkin_ws/src/beginner_tutorials/scripts/joystick.py", line 34, in joystick_callback
    move_motor(y_axis, '-1000')
  File "/home/ubuntu/catkin_ws/src/beginner_tutorials/scripts/joystick.py", line 28, in move_motor
    revolutions)
  File "/home/ubuntu/catkin_ws/src/beginner_tutorials/scripts/joystick.py", line 24, in ticcmd
    return subprocess.check_output(['ticcmd'] + list(args))
  File "/usr/lib/python2.7/subprocess.py", line 223, in check_output
    raise CalledProcessError(retcode, cmd, output=output)
CalledProcessError: Command '['ticcmd', '--exit-safe-start', '--step-mode', '1', '-d', '00339700', '--current', '300', '--position', '-1000']' returned non-zero exit status 2

[rosout][ERROR] 2022-04-07 19:19:28,780: bad callback: <function joystick_callback at 0xffffa0dcabd0>
Traceback (most recent call last):
  File "/opt/ros/melodic/lib/python2.7/dist-packages/rospy/topics.py", line 750, in _invoke_callback
    cb(msg)
  File "/home/ubuntu/catkin_ws/src/beginner_tutorials/scripts/joystick.py", line 34, in joystick_callback
    move_motor(y_axis, '-1000')
  File "/home/ubuntu/catkin_ws/src/beginner_tutorials/scripts/joystick.py", line 28, in move_motor
    revolutions)
  File "/home/ubuntu/catkin_ws/src/beginner_tutorials/scripts/joystick.py", line 24, in ticcmd
    return subprocess.check_output(['ticcmd'] + list(args))
  File "/usr/lib/python2.7/subprocess.py", line 223, in check_output
    raise CalledProcessError(retcode, cmd, output=output)
CalledProcessError: Command '['ticcmd', '--exit-safe-start', '--step-mode', '1', '-d', '00339700', '--current', '300', '--position', '-1000']' returned non-zero exit status 2

[rosout][ERROR] 2022-04-07 19:19:28,956: bad callback: <function joystick_callback at 0xffffa0dcabd0>
Traceback (most recent call last):
  File "/opt/ros/melodic/lib/python2.7/dist-packages/rospy/topics.py", line 750, in _invoke_callback
    cb(msg)
  File "/home/ubuntu/catkin_ws/src/beginner_tutorials/scripts/joystick.py", line 34, in joystick_callback
    move_motor(y_axis, '-1000')
  File "/home/ubuntu/catkin_ws/src/beginner_tutorials/scripts/joystick.py", line 28, in move_motor
    revolutions)
  File "/home/ubuntu/catkin_ws/src/beginner_tutorials/scripts/joystick.py", line 24, in ticcmd
    return subprocess.check_output(['ticcmd'] + list(args))
  File "/usr/lib/python2.7/subprocess.py", line 223, in check_output
    raise CalledProcessError(retcode, cmd, output=output)
CalledProcessError: Command '['ticcmd', '--exit-safe-start', '--step-mode', '1', '-d', '00339700', '--current', '300', '--position', '-1000']' returned non-zero exit status 2

[rosout][ERROR] 2022-04-07 19:19:29,117: bad callback: <function joystick_callback at 0xffffa0dcabd0>
Traceback (most recent call last):
  File "/opt/ros/melodic/lib/python2.7/dist-packages/rospy/topics.py", line 750, in _invoke_callback
    cb(msg)
  File "/home/ubuntu/catkin_ws/src/beginner_tutorials/scripts/joystick.py", line 32, in joystick_callback
    move_motor(y_axis, '5000')
  File "/home/ubuntu/catkin_ws/src/beginner_tutorials/scripts/joystick.py", line 28, in move_motor
    revolutions)
  File "/home/ubuntu/catkin_ws/src/beginner_tutorials/scripts/joystick.py", line 24, in ticcmd
    return subprocess.check_output(['ticcmd'] + list(args))
  File "/usr/lib/python2.7/subprocess.py", line 223, in check_output
    raise CalledProcessError(retcode, cmd, output=output)
CalledProcessError: Command '['ticcmd', '--exit-safe-start', '--step-mode', '1', '-d', '00339700', '--current', '300', '--position', '5000']' returned non-zero exit status 2

[rosout][ERROR] 2022-04-07 19:19:29,293: bad callback: <function joystick_callback at 0xffffa0dcabd0>
Traceback (most recent call last):
  File "/opt/ros/melodic/lib/python2.7/dist-packages/rospy/topics.py", line 750, in _invoke_callback
    cb(msg)
  File "/home/ubuntu/catkin_ws/src/beginner_tutorials/scripts/joystick.py", line 32, in joystick_callback
    move_motor(y_axis, '5000')
  File "/home/ubuntu/catkin_ws/src/beginner_tutorials/scripts/joystick.py", line 28, in move_motor
    revolutions)
  File "/home/ubuntu/catkin_ws/src/beginner_tutorials/scripts/joystick.py", line 24, in ticcmd
    return subprocess.check_output(['ticcmd'] + list(args))
  File "/usr/lib/python2.7/subprocess.py", line 223, in check_output
    raise CalledProcessError(retcode, cmd, output=output)
CalledProcessError: Command '['ticcmd', '--exit-safe-start', '--step-mode', '1', '-d', '00339700', '--current', '300', '--position', '5000']' returned non-zero exit status 2

[rosout][ERROR] 2022-04-07 19:19:29,497: bad callback: <function joystick_callback at 0xffffa0dcabd0>
Traceback (most recent call last):
  File "/opt/ros/melodic/lib/python2.7/dist-packages/rospy/topics.py", line 750, in _invoke_callback
    cb(msg)
  File "/home/ubuntu/catkin_ws/src/beginner_tutorials/scripts/joystick.py", line 32, in joystick_callback
    move_motor(y_axis, '5000')
  File "/home/ubuntu/catkin_ws/src/beginner_tutorials/scripts/joystick.py", line 28, in move_motor
    revolutions)
  File "/home/ubuntu/catkin_ws/src/beginner_tutorials/scripts/joystick.py", line 24, in ticcmd
    return subprocess.check_output(['ticcmd'] + list(args))
  File "/usr/lib/python2.7/subprocess.py", line 223, in check_output
    raise CalledProcessError(retcode, cmd, output=output)
CalledProcessError: Command '['ticcmd', '--exit-safe-start', '--step-mode', '1', '-d', '00339700', '--current', '300', '--position', '5000']' returned non-zero exit status 2

[rosout][ERROR] 2022-04-07 19:19:30,910: bad callback: <function joystick_callback at 0xffffa0dcabd0>
Traceback (most recent call last):
  File "/opt/ros/melodic/lib/python2.7/dist-packages/rospy/topics.py", line 750, in _invoke_callback
    cb(msg)
  File "/home/ubuntu/catkin_ws/src/beginner_tutorials/scripts/joystick.py", line 34, in joystick_callback
    move_motor(y_axis, '-1000')
  File "/home/ubuntu/catkin_ws/src/beginner_tutorials/scripts/joystick.py", line 28, in move_motor
    revolutions)
  File "/home/ubuntu/catkin_ws/src/beginner_tutorials/scripts/joystick.py", line 24, in ticcmd
    return subprocess.check_output(['ticcmd'] + list(args))
  File "/usr/lib/python2.7/subprocess.py", line 223, in check_output
    raise CalledProcessError(retcode, cmd, output=output)
CalledProcessError: Command '['ticcmd', '--exit-safe-start', '--step-mode', '1', '-d', '00339700', '--current', '300', '--position', '-1000']' returned non-zero exit status 2

[rospy.core][INFO] 2022-04-07 19:19:42,190: signal_shutdown [signal-2]
[rospy.internal][INFO] 2022-04-07 19:19:42,218: topic[/rosout] removing connection to /rosout
[rospy.internal][INFO] 2022-04-07 19:19:42,220: topic[/cmd_vel] removing connection to http://ubuntu:43855/
[rospy.impl.masterslave][INFO] 2022-04-07 19:19:42,222: signal-2
[rospy.core][INFO] 2022-04-07 19:19:42,795: signal_shutdown [atexit]
[rospy.client][INFO] 2022-04-07 19:19:48,809: init_node, name[/joystick], pid[19804]
[xmlrpc][INFO] 2022-04-07 19:19:48,810: XML-RPC server binding to 0.0.0.0:0
[xmlrpc][INFO] 2022-04-07 19:19:48,812: Started XML-RPC server [http://ubuntu:39975/]
[rospy.impl.masterslave][INFO] 2022-04-07 19:19:48,820: _ready: http://ubuntu:39975/
[rospy.init][INFO] 2022-04-07 19:19:48,813: ROS Slave URI: [http://ubuntu:39975/]
[rospy.registration][INFO] 2022-04-07 19:19:48,829: Registering with master node http://localhost:11311
[xmlrpc][INFO] 2022-04-07 19:19:48,830: xml rpc node: starting XML-RPC server
[rospy.init][INFO] 2022-04-07 19:19:48,922: registered with master
[rospy.rosout][INFO] 2022-04-07 19:19:48,923: initializing /rosout core topic
[rospy.rosout][INFO] 2022-04-07 19:19:48,931: connected to core topic /rosout
[rospy.simtime][INFO] 2022-04-07 19:19:48,937: /use_sim_time is not set, will not subscribe to simulated time [/clock] topic
[rospy.internal][INFO] 2022-04-07 19:19:49,003: topic[/cmd_vel] adding connection to [http://ubuntu:43855/], count 0
[rospy.internal][INFO] 2022-04-07 19:19:49,242: topic[/rosout] adding connection to [/rosout], count 0
[rosout][ERROR] 2022-04-07 19:19:51,913: bad callback: <function joystick_callback at 0xffffad5f4bd0>
Traceback (most recent call last):
  File "/opt/ros/melodic/lib/python2.7/dist-packages/rospy/topics.py", line 750, in _invoke_callback
    cb(msg)
  File "/home/ubuntu/catkin_ws/src/beginner_tutorials/scripts/joystick.py", line 32, in joystick_callback
    move_motor(y_axis, '5000')
  File "/home/ubuntu/catkin_ws/src/beginner_tutorials/scripts/joystick.py", line 28, in move_motor
    revolutions)
  File "/home/ubuntu/catkin_ws/src/beginner_tutorials/scripts/joystick.py", line 24, in ticcmd
    return subprocess.check_output(['ticcmd'] + list(args))
  File "/usr/lib/python2.7/subprocess.py", line 223, in check_output
    raise CalledProcessError(retcode, cmd, output=output)
CalledProcessError: Command '['ticcmd', '--exit-safe-start', '--step-mode', '1', '-d', '00339700', '--current', '300', '--position', '5000']' returned non-zero exit status 2

[rosout][ERROR] 2022-04-07 19:19:52,077: bad callback: <function joystick_callback at 0xffffad5f4bd0>
Traceback (most recent call last):
  File "/opt/ros/melodic/lib/python2.7/dist-packages/rospy/topics.py", line 750, in _invoke_callback
    cb(msg)
  File "/home/ubuntu/catkin_ws/src/beginner_tutorials/scripts/joystick.py", line 32, in joystick_callback
    move_motor(y_axis, '5000')
  File "/home/ubuntu/catkin_ws/src/beginner_tutorials/scripts/joystick.py", line 28, in move_motor
    revolutions)
  File "/home/ubuntu/catkin_ws/src/beginner_tutorials/scripts/joystick.py", line 24, in ticcmd
    return subprocess.check_output(['ticcmd'] + list(args))
  File "/usr/lib/python2.7/subprocess.py", line 223, in check_output
    raise CalledProcessError(retcode, cmd, output=output)
CalledProcessError: Command '['ticcmd', '--exit-safe-start', '--step-mode', '1', '-d', '00339700', '--current', '300', '--position', '5000']' returned non-zero exit status 2

[rosout][ERROR] 2022-04-07 19:19:52,235: bad callback: <function joystick_callback at 0xffffad5f4bd0>
Traceback (most recent call last):
  File "/opt/ros/melodic/lib/python2.7/dist-packages/rospy/topics.py", line 750, in _invoke_callback
    cb(msg)
  File "/home/ubuntu/catkin_ws/src/beginner_tutorials/scripts/joystick.py", line 32, in joystick_callback
    move_motor(y_axis, '5000')
  File "/home/ubuntu/catkin_ws/src/beginner_tutorials/scripts/joystick.py", line 28, in move_motor
    revolutions)
  File "/home/ubuntu/catkin_ws/src/beginner_tutorials/scripts/joystick.py", line 24, in ticcmd
    return subprocess.check_output(['ticcmd'] + list(args))
  File "/usr/lib/python2.7/subprocess.py", line 223, in check_output
    raise CalledProcessError(retcode, cmd, output=output)
CalledProcessError: Command '['ticcmd', '--exit-safe-start', '--step-mode', '1', '-d', '00339700', '--current', '300', '--position', '5000']' returned non-zero exit status 2

[rosout][ERROR] 2022-04-07 19:19:52,376: bad callback: <function joystick_callback at 0xffffad5f4bd0>
Traceback (most recent call last):
  File "/opt/ros/melodic/lib/python2.7/dist-packages/rospy/topics.py", line 750, in _invoke_callback
    cb(msg)
  File "/home/ubuntu/catkin_ws/src/beginner_tutorials/scripts/joystick.py", line 32, in joystick_callback
    move_motor(y_axis, '5000')
  File "/home/ubuntu/catkin_ws/src/beginner_tutorials/scripts/joystick.py", line 28, in move_motor
    revolutions)
  File "/home/ubuntu/catkin_ws/src/beginner_tutorials/scripts/joystick.py", line 24, in ticcmd
    return subprocess.check_output(['ticcmd'] + list(args))
  File "/usr/lib/python2.7/subprocess.py", line 223, in check_output
    raise CalledProcessError(retcode, cmd, output=output)
CalledProcessError: Command '['ticcmd', '--exit-safe-start', '--step-mode', '1', '-d', '00339700', '--current', '300', '--position', '5000']' returned non-zero exit status 2

[rosout][ERROR] 2022-04-07 19:19:52,530: bad callback: <function joystick_callback at 0xffffad5f4bd0>
Traceback (most recent call last):
  File "/opt/ros/melodic/lib/python2.7/dist-packages/rospy/topics.py", line 750, in _invoke_callback
    cb(msg)
  File "/home/ubuntu/catkin_ws/src/beginner_tutorials/scripts/joystick.py", line 32, in joystick_callback
    move_motor(y_axis, '5000')
  File "/home/ubuntu/catkin_ws/src/beginner_tutorials/scripts/joystick.py", line 28, in move_motor
    revolutions)
  File "/home/ubuntu/catkin_ws/src/beginner_tutorials/scripts/joystick.py", line 24, in ticcmd
    return subprocess.check_output(['ticcmd'] + list(args))
  File "/usr/lib/python2.7/subprocess.py", line 223, in check_output
    raise CalledProcessError(retcode, cmd, output=output)
CalledProcessError: Command '['ticcmd', '--exit-safe-start', '--step-mode', '1', '-d', '00339700', '--current', '300', '--position', '5000']' returned non-zero exit status 2

[rosout][ERROR] 2022-04-07 19:19:55,071: bad callback: <function joystick_callback at 0xffffad5f4bd0>
Traceback (most recent call last):
  File "/opt/ros/melodic/lib/python2.7/dist-packages/rospy/topics.py", line 750, in _invoke_callback
    cb(msg)
  File "/home/ubuntu/catkin_ws/src/beginner_tutorials/scripts/joystick.py", line 34, in joystick_callback
    move_motor(y_axis, '-1000')
  File "/home/ubuntu/catkin_ws/src/beginner_tutorials/scripts/joystick.py", line 28, in move_motor
    revolutions)
  File "/home/ubuntu/catkin_ws/src/beginner_tutorials/scripts/joystick.py", line 24, in ticcmd
    return subprocess.check_output(['ticcmd'] + list(args))
  File "/usr/lib/python2.7/subprocess.py", line 223, in check_output
    raise CalledProcessError(retcode, cmd, output=output)
CalledProcessError: Command '['ticcmd', '--exit-safe-start', '--step-mode', '1', '-d', '00339700', '--current', '300', '--position', '-1000']' returned non-zero exit status 2

