[rospy.client][INFO] 2022-04-07 16:32:21,978: init_node, name[/talker], pid[2473]
[xmlrpc][INFO] 2022-04-07 16:32:21,981: XML-RPC server binding to 0.0.0.0:0
[rospy.init][INFO] 2022-04-07 16:32:21,984: ROS Slave URI: [http://ubuntu:45943/]
[xmlrpc][INFO] 2022-04-07 16:32:21,986: Started XML-RPC server [http://ubuntu:45943/]
[rospy.impl.masterslave][INFO] 2022-04-07 16:32:21,987: _ready: http://ubuntu:45943/
[xmlrpc][INFO] 2022-04-07 16:32:21,988: xml rpc node: starting XML-RPC server
[rospy.registration][INFO] 2022-04-07 16:32:21,991: Registering with master node http://localhost:11311
[rospy.registration][INFO] 2022-04-07 16:32:21,992: Registering publisher topic [/video/click] type [geometry_msgs/PointStamped] with master
[rospy.init][INFO] 2022-04-07 16:32:22,086: registered with master
[rospy.rosout][INFO] 2022-04-07 16:32:22,087: initializing /rosout core topic
[rospy.rosout][INFO] 2022-04-07 16:32:22,093: connected to core topic /rosout
[rospy.simtime][INFO] 2022-04-07 16:32:22,098: /use_sim_time is not set, will not subscribe to simulated time [/clock] topic
[rospy.internal][INFO] 2022-04-07 16:32:22,116: topic[/video/click] adding connection to [/listener], count 0
[rospy.internal][INFO] 2022-04-07 16:32:22,275: topic[/rosout] adding connection to [/rosout], count 0
[rospy.internal][INFO] 2022-04-07 16:32:22,827: topic[/video/click] adding connection to [/link_ros], count 1
[rospy.core][INFO] 2022-04-07 19:19:42,176: signal_shutdown [signal-2]
[rospy.internal][INFO] 2022-04-07 19:19:42,189: topic[/rosout] removing connection to /rosout
[rospy.internal][INFO] 2022-04-07 19:19:42,192: topic[/video/click] removing connection to /listener
[rospy.internal][INFO] 2022-04-07 19:19:42,196: topic[/video/click] removing connection to /link_ros
[rospy.impl.masterslave][INFO] 2022-04-07 19:19:42,200: signal-2
[rospy.core][INFO] 2022-04-07 19:19:42,833: signal_shutdown [atexit]
[rospy.client][INFO] 2022-04-07 19:19:48,782: init_node, name[/talker], pid[19803]
[xmlrpc][INFO] 2022-04-07 19:19:48,785: XML-RPC server binding to 0.0.0.0:0
[rospy.init][INFO] 2022-04-07 19:19:48,788: ROS Slave URI: [http://ubuntu:45669/]
[xmlrpc][INFO] 2022-04-07 19:19:48,789: Started XML-RPC server [http://ubuntu:45669/]
[rospy.impl.masterslave][INFO] 2022-04-07 19:19:48,790: _ready: http://ubuntu:45669/
[rospy.registration][INFO] 2022-04-07 19:19:48,795: Registering with master node http://localhost:11311
[rospy.registration][INFO] 2022-04-07 19:19:48,796: Registering publisher topic [/video/click] type [geometry_msgs/PointStamped] with master
[xmlrpc][INFO] 2022-04-07 19:19:48,801: xml rpc node: starting XML-RPC server
[rospy.internal][INFO] 2022-04-07 19:19:48,887: topic[/video/click] adding connection to [/link_ros], count 0
[rospy.init][INFO] 2022-04-07 19:19:48,889: registered with master
[rospy.rosout][INFO] 2022-04-07 19:19:48,890: initializing /rosout core topic
[rospy.rosout][INFO] 2022-04-07 19:19:48,894: connected to core topic /rosout
[rospy.simtime][INFO] 2022-04-07 19:19:48,897: /use_sim_time is not set, will not subscribe to simulated time [/clock] topic
[rospy.internal][INFO] 2022-04-07 19:19:48,903: topic[/video/click] adding connection to [/listener], count 1
[rospy.internal][INFO] 2022-04-07 19:19:49,245: topic[/rosout] adding connection to [/rosout], count 0
