[rospy.client][INFO] 2022-04-07 16:32:22,941: init_node, name[/webcam], pid[2466]
[xmlrpc][INFO] 2022-04-07 16:32:22,942: XML-RPC server binding to 0.0.0.0:0
[xmlrpc][INFO] 2022-04-07 16:32:22,943: Started XML-RPC server [http://ubuntu:44593/]
[rospy.init][INFO] 2022-04-07 16:32:22,944: ROS Slave URI: [http://ubuntu:44593/]
[rospy.impl.masterslave][INFO] 2022-04-07 16:32:22,944: _ready: http://ubuntu:44593/
[xmlrpc][INFO] 2022-04-07 16:32:22,946: xml rpc node: starting XML-RPC server
[rospy.registration][INFO] 2022-04-07 16:32:22,946: Registering with master node http://localhost:11311
[rospy.registration][INFO] 2022-04-07 16:32:22,947: Registering publisher topic [/image_raw_2] type [sensor_msgs/Image] with master
[rospy.registration][INFO] 2022-04-07 16:32:22,953: Registering publisher topic [/image_raw] type [sensor_msgs/Image] with master
[rospy.init][INFO] 2022-04-07 16:32:23,045: registered with master
[rospy.rosout][INFO] 2022-04-07 16:32:23,046: initializing /rosout core topic
[rospy.rosout][INFO] 2022-04-07 16:32:23,050: connected to core topic /rosout
[rospy.simtime][INFO] 2022-04-07 16:32:23,053: /use_sim_time is not set, will not subscribe to simulated time [/clock] topic
[rospy.internal][INFO] 2022-04-07 16:32:23,273: topic[/rosout] adding connection to [/rosout], count 0
[rospy.internal][INFO] 2022-04-07 16:32:24,869: topic[/image_raw] adding connection to [/link_ros], count 0
[rospy.internal][INFO] 2022-04-07 16:32:24,871: topic[/image_raw_2] adding connection to [/link_ros], count 0
[rospy.core][INFO] 2022-04-07 19:19:42,250: signal_shutdown [signal-2]
[rospy.internal][INFO] 2022-04-07 19:19:42,274: topic[/rosout] removing connection to /rosout
[rospy.internal][INFO] 2022-04-07 19:19:42,276: topic[/image_raw_2] removing connection to /link_ros
[rospy.internal][INFO] 2022-04-07 19:19:42,281: topic[/image_raw] removing connection to /link_ros
[rospy.impl.masterslave][INFO] 2022-04-07 19:19:42,282: signal-2
[rospy.core][INFO] 2022-04-07 19:19:42,421: signal_shutdown [atexit]
[rospy.client][INFO] 2022-04-07 19:19:49,551: init_node, name[/webcam], pid[19801]
[xmlrpc][INFO] 2022-04-07 19:19:49,552: XML-RPC server binding to 0.0.0.0:0
[xmlrpc][INFO] 2022-04-07 19:19:49,553: Started XML-RPC server [http://ubuntu:35715/]
[rospy.init][INFO] 2022-04-07 19:19:49,554: ROS Slave URI: [http://ubuntu:35715/]
[rospy.impl.masterslave][INFO] 2022-04-07 19:19:49,554: _ready: http://ubuntu:35715/
[rospy.registration][INFO] 2022-04-07 19:19:49,556: Registering with master node http://localhost:11311
[xmlrpc][INFO] 2022-04-07 19:19:49,556: xml rpc node: starting XML-RPC server
[rospy.registration][INFO] 2022-04-07 19:19:49,557: Registering publisher topic [/image_raw_2] type [sensor_msgs/Image] with master
[rospy.registration][INFO] 2022-04-07 19:19:49,563: Registering publisher topic [/image_raw] type [sensor_msgs/Image] with master
[rospy.init][INFO] 2022-04-07 19:19:49,654: registered with master
[rospy.rosout][INFO] 2022-04-07 19:19:49,655: initializing /rosout core topic
[rospy.rosout][INFO] 2022-04-07 19:19:49,658: connected to core topic /rosout
[rospy.simtime][INFO] 2022-04-07 19:19:49,661: /use_sim_time is not set, will not subscribe to simulated time [/clock] topic
[rospy.internal][INFO] 2022-04-07 19:19:49,698: topic[/image_raw] adding connection to [/link_ros], count 0
[rospy.internal][INFO] 2022-04-07 19:19:49,699: topic[/image_raw_2] adding connection to [/link_ros], count 0
[rospy.internal][INFO] 2022-04-07 19:19:49,950: topic[/rosout] adding connection to [/rosout], count 0
