[rospy.client][INFO] 2022-03-29 17:16:36,840: init_node, name[/talker], pid[7834]
[xmlrpc][INFO] 2022-03-29 17:16:36,843: XML-RPC server binding to 0.0.0.0:0
[rospy.init][INFO] 2022-03-29 17:16:36,846: ROS Slave URI: [http://ubuntu:43445/]
[xmlrpc][INFO] 2022-03-29 17:16:36,847: Started XML-RPC server [http://ubuntu:43445/]
[rospy.impl.masterslave][INFO] 2022-03-29 17:16:36,848: _ready: http://ubuntu:43445/
[rospy.registration][INFO] 2022-03-29 17:16:36,850: Registering with master node http://localhost:11311
[xmlrpc][INFO] 2022-03-29 17:16:36,851: xml rpc node: starting XML-RPC server
[rospy.registration][INFO] 2022-03-29 17:16:36,852: Registering publisher topic [/video/click] type [geometry_msgs/PointStamped] with master
[rospy.internal][INFO] 2022-03-29 17:16:36,944: topic[/video/click] adding connection to [/listener], count 0
[rospy.init][INFO] 2022-03-29 17:16:36,947: registered with master
[rospy.rosout][INFO] 2022-03-29 17:16:36,948: initializing /rosout core topic
[rospy.rosout][INFO] 2022-03-29 17:16:36,951: connected to core topic /rosout
[rospy.simtime][INFO] 2022-03-29 17:16:36,954: /use_sim_time is not set, will not subscribe to simulated time [/clock] topic
[rospy.internal][INFO] 2022-03-29 17:16:37,128: topic[/rosout] adding connection to [/rosout], count 0
[rospy.internal][INFO] 2022-03-29 17:16:37,743: topic[/video/click] adding connection to [/link_ros], count 1
[rospy.core][INFO] 2022-03-29 21:06:50,981: signal_shutdown [signal-2]
[rospy.internal][INFO] 2022-03-29 21:06:50,998: topic[/rosout] removing connection to /rosout
[rospy.internal][INFO] 2022-03-29 21:06:50,999: topic[/video/click] removing connection to /listener
[rospy.internal][INFO] 2022-03-29 21:06:51,000: topic[/video/click] removing connection to /link_ros
[rospy.impl.masterslave][INFO] 2022-03-29 21:06:51,000: signal-2
[rospy.core][INFO] 2022-03-29 21:06:51,105: signal_shutdown [atexit]
