[rospy.client][INFO] 2022-01-20 16:15:29,485: init_node, name[/rostopic_25161_1642695329437], pid[25161]
[xmlrpc][INFO] 2022-01-20 16:15:29,486: XML-RPC server binding to 0.0.0.0:0
[xmlrpc][INFO] 2022-01-20 16:15:29,487: Started XML-RPC server [http://ubuntu:35829/]
[rospy.init][INFO] 2022-01-20 16:15:29,487: ROS Slave URI: [http://ubuntu:35829/]
[rospy.impl.masterslave][INFO] 2022-01-20 16:15:29,488: _ready: http://ubuntu:35829/
[xmlrpc][INFO] 2022-01-20 16:15:29,489: xml rpc node: starting XML-RPC server
[rospy.registration][INFO] 2022-01-20 16:15:29,489: Registering with master node http://localhost:11311
[rospy.init][INFO] 2022-01-20 16:15:29,588: registered with master
[rospy.rosout][INFO] 2022-01-20 16:15:29,589: initializing /rosout core topic
[rospy.rosout][INFO] 2022-01-20 16:15:29,597: connected to core topic /rosout
[rospy.internal][INFO] 2022-01-20 16:15:29,666: topic[/rosout] adding connection to [http://ubuntu:35829/], count 0
[rospy.internal][INFO] 2022-01-20 16:15:29,673: topic[/rosout] adding connection to [/rostopic_25161_1642695329437], count 0
[rospy.internal][INFO] 2022-01-20 16:15:29,821: topic[/rosout] adding connection to [/rosout], count 1
[rospy.core][INFO] 2022-01-20 16:15:53,320: signal_shutdown [signal-2]
[rospy.internal][INFO] 2022-01-20 16:15:53,332: topic[/rosout] removing connection to /rostopic_25161_1642695329437
[rospy.internal][INFO] 2022-01-20 16:15:53,333: topic[/rosout] removing connection to /rosout
[rospy.internal][INFO] 2022-01-20 16:15:53,334: topic[/rosout] removing connection to http://ubuntu:35829/
[rospy.impl.masterslave][INFO] 2022-01-20 16:15:53,334: signal-2
[rospy.internal][WARNING] 2022-01-20 16:15:53,336: Unknown error initiating TCP/IP socket to ubuntu:44981 (http://ubuntu:35829/): Traceback (most recent call last):
  File "/opt/ros/melodic/lib/python2.7/dist-packages/rospy/impl/tcpros_base.py", line 563, in connect
    self.local_endpoint = self.socket.getsockname()
AttributeError: 'NoneType' object has no attribute 'getsockname'

[rospy.core][INFO] 2022-01-20 16:15:53,437: signal_shutdown [atexit]
