[rospy.client][INFO] 2022-02-02 13:30:57,601: init_node, name[/rostopic_13268_1643808657552], pid[13268]
[xmlrpc][INFO] 2022-02-02 13:30:57,602: XML-RPC server binding to 0.0.0.0:0
[rospy.init][INFO] 2022-02-02 13:30:57,603: ROS Slave URI: [http://ubuntu:32911/]
[xmlrpc][INFO] 2022-02-02 13:30:57,603: Started XML-RPC server [http://ubuntu:32911/]
[rospy.impl.masterslave][INFO] 2022-02-02 13:30:57,604: _ready: http://ubuntu:32911/
[xmlrpc][INFO] 2022-02-02 13:30:57,604: xml rpc node: starting XML-RPC server
[rospy.registration][INFO] 2022-02-02 13:30:57,605: Registering with master node http://localhost:11311
[rospy.init][INFO] 2022-02-02 13:30:57,704: registered with master
[rospy.rosout][INFO] 2022-02-02 13:30:57,705: initializing /rosout core topic
[rospy.rosout][INFO] 2022-02-02 13:30:57,709: connected to core topic /rosout
[rospy.simtime][INFO] 2022-02-02 13:30:57,712: /use_sim_time is not set, will not subscribe to simulated time [/clock] topic
[rospy.internal][INFO] 2022-02-02 13:30:57,781: topic[/sweeper_cmd_bt] adding connection to [http://ubuntu:33825/], count 0
[rospy.internal][INFO] 2022-02-02 13:30:58,015: topic[/rosout] adding connection to [/rosout], count 0
[rospy.core][INFO] 2022-02-02 13:31:40,546: signal_shutdown [signal-2]
[rospy.internal][INFO] 2022-02-02 13:31:40,557: topic[/rosout] removing connection to /rosout
[rospy.internal][INFO] 2022-02-02 13:31:40,560: topic[/sweeper_cmd_bt] removing connection to http://ubuntu:33825/
[rospy.impl.masterslave][INFO] 2022-02-02 13:31:40,560: signal-2
[rospy.internal][WARNING] 2022-02-02 13:31:40,564: Unknown error initiating TCP/IP socket to ubuntu:34671 (http://ubuntu:33825/): Traceback (most recent call last):
  File "/opt/ros/melodic/lib/python2.7/dist-packages/rospy/impl/tcpros_base.py", line 563, in connect
    self.local_endpoint = self.socket.getsockname()
AttributeError: 'NoneType' object has no attribute 'getsockname'

[rospy.core][INFO] 2022-02-02 13:31:40,669: signal_shutdown [atexit]
