[rospy.client][INFO] 2022-01-28 16:31:46,236: init_node, name[/rostopic_19577_1643387506188], pid[19577]
[xmlrpc][INFO] 2022-01-28 16:31:46,238: XML-RPC server binding to 0.0.0.0:0
[xmlrpc][INFO] 2022-01-28 16:31:46,239: Started XML-RPC server [http://ubuntu:46717/]
[rospy.init][INFO] 2022-01-28 16:31:46,239: ROS Slave URI: [http://ubuntu:46717/]
[rospy.impl.masterslave][INFO] 2022-01-28 16:31:46,240: _ready: http://ubuntu:46717/
[rospy.registration][INFO] 2022-01-28 16:31:46,243: Registering with master node http://localhost:11311
[xmlrpc][INFO] 2022-01-28 16:31:46,244: xml rpc node: starting XML-RPC server
[rospy.init][INFO] 2022-01-28 16:31:46,341: registered with master
[rospy.rosout][INFO] 2022-01-28 16:31:46,341: initializing /rosout core topic
[rospy.rosout][INFO] 2022-01-28 16:31:46,346: connected to core topic /rosout
[rospy.simtime][INFO] 2022-01-28 16:31:46,348: /use_sim_time is not set, will not subscribe to simulated time [/clock] topic
[rospy.internal][INFO] 2022-01-28 16:31:46,422: topic[/chatter] adding connection to [http://ubuntu:34037/], count 0
[rospy.internal][INFO] 2022-01-28 16:31:46,597: topic[/rosout] adding connection to [/rosout], count 0
[rospy.internal][INFO] 2022-01-28 16:31:58,052: topic[/chatter] adding connection to [http://ubuntu:41453/], count 1
[rospy.core][INFO] 2022-01-28 16:34:55,892: signal_shutdown [signal-2]
[rospy.internal][INFO] 2022-01-28 16:34:55,904: topic[/rosout] removing connection to /rosout
[rospy.internal][INFO] 2022-01-28 16:34:55,905: topic[/chatter] removing connection to http://ubuntu:34037/
[rospy.internal][INFO] 2022-01-28 16:34:55,906: topic[/chatter] removing connection to http://ubuntu:41453/
[rospy.impl.masterslave][INFO] 2022-01-28 16:34:55,907: signal-2
[rospy.core][INFO] 2022-01-28 16:34:56,041: signal_shutdown [atexit]
