[rospy.client][INFO] 2022-01-28 20:03:00,285: init_node, name[/rostopic_30086_1643400180187], pid[30086]
[xmlrpc][INFO] 2022-01-28 20:03:00,287: XML-RPC server binding to 0.0.0.0:0
[xmlrpc][INFO] 2022-01-28 20:03:00,290: Started XML-RPC server [http://ubuntu:34777/]
[rospy.init][INFO] 2022-01-28 20:03:00,291: ROS Slave URI: [http://ubuntu:34777/]
[rospy.impl.masterslave][INFO] 2022-01-28 20:03:00,292: _ready: http://ubuntu:34777/
[xmlrpc][INFO] 2022-01-28 20:03:00,294: xml rpc node: starting XML-RPC server
[rospy.registration][INFO] 2022-01-28 20:03:00,295: Registering with master node http://localhost:11311
[rospy.init][INFO] 2022-01-28 20:03:00,394: registered with master
[rospy.rosout][INFO] 2022-01-28 20:03:00,395: initializing /rosout core topic
[rospy.rosout][INFO] 2022-01-28 20:03:00,403: connected to core topic /rosout
[rospy.simtime][INFO] 2022-01-28 20:03:00,407: /use_sim_time is not set, will not subscribe to simulated time [/clock] topic
[rospy.internal][INFO] 2022-01-28 20:03:00,647: topic[/video/click] adding connection to [http://ubuntu:35815/], count 0
[rospy.internal][INFO] 2022-01-28 20:03:00,649: topic[/video/click] adding connection to [http://ubuntu:45229/], count 1
[rospy.internal][INFO] 2022-01-28 20:03:00,692: topic[/rosout] adding connection to [/rosout], count 0
[rospy.core][INFO] 2022-01-28 20:14:02,004: signal_shutdown [signal-2]
[rospy.internal][INFO] 2022-01-28 20:14:02,016: topic[/rosout] removing connection to /rosout
[rospy.internal][INFO] 2022-01-28 20:14:02,019: topic[/video/click] removing connection to http://ubuntu:35815/
[rospy.internal][INFO] 2022-01-28 20:14:02,021: topic[/video/click] removing connection to http://ubuntu:45229/
[rospy.impl.masterslave][INFO] 2022-01-28 20:14:02,023: signal-2
[rospy.core][INFO] 2022-01-28 20:14:02,644: signal_shutdown [atexit]
