[rospy.client][INFO] 2022-01-28 15:06:22,793: init_node, name[/rostopic_21335_1643382382741], pid[21335]
[xmlrpc][INFO] 2022-01-28 15:06:22,794: XML-RPC server binding to 0.0.0.0:0
[xmlrpc][INFO] 2022-01-28 15:06:22,795: Started XML-RPC server [http://ubuntu:32875/]
[rospy.init][INFO] 2022-01-28 15:06:22,796: ROS Slave URI: [http://ubuntu:32875/]
[rospy.impl.masterslave][INFO] 2022-01-28 15:06:22,796: _ready: http://ubuntu:32875/
[xmlrpc][INFO] 2022-01-28 15:06:22,800: xml rpc node: starting XML-RPC server
[rospy.registration][INFO] 2022-01-28 15:06:22,801: Registering with master node http://localhost:11311
[rospy.init][INFO] 2022-01-28 15:06:22,898: registered with master
[rospy.rosout][INFO] 2022-01-28 15:06:22,899: initializing /rosout core topic
[rospy.rosout][INFO] 2022-01-28 15:06:22,906: connected to core topic /rosout
[rospy.simtime][INFO] 2022-01-28 15:06:22,910: /use_sim_time is not set, will not subscribe to simulated time [/clock] topic
[rospy.internal][INFO] 2022-01-28 15:06:22,983: topic[/chatter] adding connection to [http://ubuntu:45909/], count 0
[rospy.internal][INFO] 2022-01-28 15:06:23,168: topic[/rosout] adding connection to [/rosout], count 0
[rospy.internal][INFO] 2022-01-28 15:07:12,727: topic[/chatter] adding connection to [http://ubuntu:35517/], count 1
[rospy.core][INFO] 2022-01-28 15:09:56,568: signal_shutdown [signal-2]
[rospy.internal][INFO] 2022-01-28 15:09:56,578: topic[/rosout] removing connection to /rosout
[rospy.internal][INFO] 2022-01-28 15:09:56,580: topic[/chatter] removing connection to http://ubuntu:45909/
[rospy.internal][INFO] 2022-01-28 15:09:56,582: topic[/chatter] removing connection to http://ubuntu:35517/
[rospy.impl.masterslave][INFO] 2022-01-28 15:09:56,584: signal-2
[rospy.core][INFO] 2022-01-28 15:09:56,718: signal_shutdown [atexit]
