[rospy.client][INFO] 2022-01-20 16:16:50,607: init_node, name[/rostopic_25474_1642695410561], pid[25474]
[xmlrpc][INFO] 2022-01-20 16:16:50,608: XML-RPC server binding to 0.0.0.0:0
[xmlrpc][INFO] 2022-01-20 16:16:50,609: Started XML-RPC server [http://ubuntu:44023/]
[rospy.init][INFO] 2022-01-20 16:16:50,610: ROS Slave URI: [http://ubuntu:44023/]
[rospy.impl.masterslave][INFO] 2022-01-20 16:16:50,610: _ready: http://ubuntu:44023/
[xmlrpc][INFO] 2022-01-20 16:16:50,611: xml rpc node: starting XML-RPC server
[rospy.registration][INFO] 2022-01-20 16:16:50,611: Registering with master node http://localhost:11311
[rospy.init][INFO] 2022-01-20 16:16:50,711: registered with master
[rospy.rosout][INFO] 2022-01-20 16:16:50,712: initializing /rosout core topic
[rospy.rosout][INFO] 2022-01-20 16:16:50,719: connected to core topic /rosout
[rospy.simtime][INFO] 2022-01-20 16:16:50,723: /use_sim_time is not set, will not subscribe to simulated time [/clock] topic
[rospy.internal][INFO] 2022-01-20 16:16:50,787: topic[/rosout] adding connection to [http://ubuntu:35953/], count 0
[rospy.internal][INFO] 2022-01-20 16:16:50,791: topic[/rosout] adding connection to [http://ubuntu:44023/], count 0
[rospy.internal][INFO] 2022-01-20 16:16:50,797: topic[/rosout] adding connection to [/rostopic_25474_1642695410561], count 0
[rospy.internal][INFO] 2022-01-20 16:16:50,891: topic[/rosout] adding connection to [/rosout], count 1
[rospy.core][INFO] 2022-01-20 16:20:42,171: signal_shutdown [signal-2]
[rospy.internal][INFO] 2022-01-20 16:20:42,179: topic[/rosout] removing connection to /rostopic_25474_1642695410561
[rospy.internal][INFO] 2022-01-20 16:20:42,181: topic[/rosout] removing connection to /rosout
[rospy.internal][INFO] 2022-01-20 16:20:42,182: topic[/rosout] removing connection to http://ubuntu:35953/
[rospy.internal][INFO] 2022-01-20 16:20:42,183: topic[/rosout] removing connection to http://ubuntu:44023/
[rospy.impl.masterslave][INFO] 2022-01-20 16:20:42,184: signal-2
[rospy.internal][WARNING] 2022-01-20 16:20:42,185: Unknown error initiating TCP/IP socket to ubuntu:38817 (http://ubuntu:44023/): Traceback (most recent call last):
  File "/opt/ros/melodic/lib/python2.7/dist-packages/rospy/impl/tcpros_base.py", line 562, in connect
    self.read_header()
  File "/opt/ros/melodic/lib/python2.7/dist-packages/rospy/impl/tcpros_base.py", line 657, in read_header
    self._validate_header(read_ros_handshake_header(sock, self.read_buff, self.protocol.buff_size))
  File "/opt/ros/melodic/lib/python2.7/dist-packages/rosgraph/network.py", line 359, in read_ros_handshake_header
    raise ROSHandshakeException("connection from sender terminated before handshake header received. %s bytes were received. Please check sender for additional details."%b.tell())
ROSHandshakeException: connection from sender terminated before handshake header received. 0 bytes were received. Please check sender for additional details.

[rospy.core][INFO] 2022-01-20 16:20:42,316: signal_shutdown [atexit]
