[rospy.client][INFO] 2022-01-20 16:15:59,835: init_node, name[/talker_25244_1642695359788], pid[25244]
[xmlrpc][INFO] 2022-01-20 16:15:59,840: XML-RPC server binding to 0.0.0.0:0
[xmlrpc][INFO] 2022-01-20 16:15:59,841: Started XML-RPC server [http://ubuntu:35953/]
[rospy.init][INFO] 2022-01-20 16:15:59,842: ROS Slave URI: [http://ubuntu:35953/]
[rospy.impl.masterslave][INFO] 2022-01-20 16:15:59,842: _ready: http://ubuntu:35953/
[rospy.registration][INFO] 2022-01-20 16:15:59,844: Registering with master node http://localhost:11311
[xmlrpc][INFO] 2022-01-20 16:15:59,844: xml rpc node: starting XML-RPC server
[rospy.registration][INFO] 2022-01-20 16:15:59,845: Registering publisher topic [/chatter] type [std_msgs/String] with master
[rospy.init][INFO] 2022-01-20 16:15:59,943: registered with master
[rospy.rosout][INFO] 2022-01-20 16:15:59,944: initializing /rosout core topic
[rospy.rosout][INFO] 2022-01-20 16:15:59,949: connected to core topic /rosout
[rospy.simtime][INFO] 2022-01-20 16:15:59,953: /use_sim_time is not set, will not subscribe to simulated time [/clock] topic
[rosout][INFO] 2022-01-20 16:15:59,959: hello world 1642695359.96
[rospy.internal][INFO] 2022-01-20 16:16:00,186: topic[/rosout] adding connection to [/rosout], count 0
[rosout][INFO] 2022-01-20 16:16:03,964: hello world 1642695363.96
[rosout][INFO] 2022-01-20 16:16:07,964: hello world 1642695367.96
[rosout][INFO] 2022-01-20 16:16:11,964: hello world 1642695371.96
[rosout][INFO] 2022-01-20 16:16:15,960: hello world 1642695375.96
[rosout][INFO] 2022-01-20 16:16:19,964: hello world 1642695379.96
[rosout][INFO] 2022-01-20 16:16:23,964: hello world 1642695383.96
[rosout][INFO] 2022-01-20 16:16:27,960: hello world 1642695387.96
[rosout][INFO] 2022-01-20 16:16:31,964: hello world 1642695391.96
[rosout][INFO] 2022-01-20 16:16:35,964: hello world 1642695395.96
[rosout][INFO] 2022-01-20 16:16:39,964: hello world 1642695399.96
[rosout][INFO] 2022-01-20 16:16:43,964: hello world 1642695403.96
[rosout][INFO] 2022-01-20 16:16:47,963: hello world 1642695407.96
[rospy.internal][INFO] 2022-01-20 16:16:50,797: topic[/rosout] adding connection to [/rostopic_25474_1642695410561], count 1
[rosout][INFO] 2022-01-20 16:16:51,964: hello world 1642695411.96
[rosout][INFO] 2022-01-20 16:16:55,964: hello world 1642695415.96
[rosout][INFO] 2022-01-20 16:16:59,964: hello world 1642695419.96
[rosout][INFO] 2022-01-20 16:17:03,964: hello world 1642695423.96
[rosout][INFO] 2022-01-20 16:17:07,964: hello world 1642695427.96
[rosout][INFO] 2022-01-20 16:17:11,960: hello world 1642695431.96
[rosout][INFO] 2022-01-20 16:17:15,964: hello world 1642695435.96
[rosout][INFO] 2022-01-20 16:17:19,964: hello world 1642695439.96
[rosout][INFO] 2022-01-20 16:17:23,964: hello world 1642695443.96
[rosout][INFO] 2022-01-20 16:17:27,964: hello world 1642695447.96
[rosout][INFO] 2022-01-20 16:17:31,964: hello world 1642695451.96
[rosout][INFO] 2022-01-20 16:17:35,964: hello world 1642695455.96
[rosout][INFO] 2022-01-20 16:17:39,964: hello world 1642695459.96
[rosout][INFO] 2022-01-20 16:17:43,964: hello world 1642695463.96
[rosout][INFO] 2022-01-20 16:17:47,960: hello world 1642695467.96
[rosout][INFO] 2022-01-20 16:17:51,961: hello world 1642695471.96
[rosout][INFO] 2022-01-20 16:17:55,964: hello world 1642695475.96
[rosout][INFO] 2022-01-20 16:17:59,964: hello world 1642695479.96
[rosout][INFO] 2022-01-20 16:18:03,964: hello world 1642695483.96
[rosout][INFO] 2022-01-20 16:18:07,964: hello world 1642695487.96
[rosout][INFO] 2022-01-20 16:18:11,964: hello world 1642695491.96
[rosout][INFO] 2022-01-20 16:18:15,964: hello world 1642695495.96
[rosout][INFO] 2022-01-20 16:18:19,964: hello world 1642695499.96
[rosout][INFO] 2022-01-20 16:18:23,962: hello world 1642695503.96
[rosout][INFO] 2022-01-20 16:18:27,962: hello world 1642695507.96
[rosout][INFO] 2022-01-20 16:18:31,964: hello world 1642695511.96
[rosout][INFO] 2022-01-20 16:18:35,964: hello world 1642695515.96
[rosout][INFO] 2022-01-20 16:18:39,964: hello world 1642695519.96
[rosout][INFO] 2022-01-20 16:18:43,964: hello world 1642695523.96
[rosout][INFO] 2022-01-20 16:18:47,964: hello world 1642695527.96
[rosout][INFO] 2022-01-20 16:18:51,964: hello world 1642695531.96
[rosout][INFO] 2022-01-20 16:18:55,964: hello world 1642695535.96
[rosout][INFO] 2022-01-20 16:18:59,964: hello world 1642695539.96
[rosout][INFO] 2022-01-20 16:19:03,964: hello world 1642695543.96
[rosout][INFO] 2022-01-20 16:19:07,964: hello world 1642695547.96
[rosout][INFO] 2022-01-20 16:19:11,960: hello world 1642695551.96
[rosout][INFO] 2022-01-20 16:19:15,964: hello world 1642695555.96
[rosout][INFO] 2022-01-20 16:19:19,964: hello world 1642695559.96
[rosout][INFO] 2022-01-20 16:19:23,964: hello world 1642695563.96
[rosout][INFO] 2022-01-20 16:19:27,964: hello world 1642695567.96
[rosout][INFO] 2022-01-20 16:19:31,964: hello world 1642695571.96
[rosout][INFO] 2022-01-20 16:19:35,964: hello world 1642695575.96
[rosout][INFO] 2022-01-20 16:19:39,961: hello world 1642695579.96
[rosout][INFO] 2022-01-20 16:19:43,964: hello world 1642695583.96
[rosout][INFO] 2022-01-20 16:19:47,964: hello world 1642695587.96
[rosout][INFO] 2022-01-20 16:19:51,964: hello world 1642695591.96
[rosout][INFO] 2022-01-20 16:19:55,964: hello world 1642695595.96
[rosout][INFO] 2022-01-20 16:19:59,964: hello world 1642695599.96
[rosout][INFO] 2022-01-20 16:20:03,964: hello world 1642695603.96
[rosout][INFO] 2022-01-20 16:20:07,964: hello world 1642695607.96
[rosout][INFO] 2022-01-20 16:20:11,960: hello world 1642695611.96
[rosout][INFO] 2022-01-20 16:20:15,963: hello world 1642695615.96
[rosout][INFO] 2022-01-20 16:20:19,964: hello world 1642695619.96
[rosout][INFO] 2022-01-20 16:20:23,964: hello world 1642695623.96
[rosout][INFO] 2022-01-20 16:20:27,964: hello world 1642695627.96
[rosout][INFO] 2022-01-20 16:20:31,964: hello world 1642695631.96
[rosout][INFO] 2022-01-20 16:20:35,964: hello world 1642695635.96
[rosout][INFO] 2022-01-20 16:20:39,964: hello world 1642695639.96
[rospy.internal][INFO] 2022-01-20 16:20:42,554: topic[/rosout] removing connection to /rostopic_25474_1642695410561
[rosout][INFO] 2022-01-20 16:20:43,964: hello world 1642695643.96
[rosout][INFO] 2022-01-20 16:20:47,961: hello world 1642695647.96
[rosout][INFO] 2022-01-20 16:20:51,964: hello world 1642695651.96
[rosout][INFO] 2022-01-20 16:20:55,964: hello world 1642695655.96
[rosout][INFO] 2022-01-20 16:20:59,964: hello world 1642695659.96
[rosout][INFO] 2022-01-20 16:21:03,963: hello world 1642695663.96
[rosout][INFO] 2022-01-20 16:21:07,964: hello world 1642695667.96
[rosout][INFO] 2022-01-20 16:21:11,964: hello world 1642695671.96
[rosout][INFO] 2022-01-20 16:21:15,964: hello world 1642695675.96
[rosout][INFO] 2022-01-20 16:21:19,962: hello world 1642695679.96
[rosout][INFO] 2022-01-20 16:21:23,964: hello world 1642695683.96
[rosout][INFO] 2022-01-20 16:21:27,964: hello world 1642695687.96
[rosout][INFO] 2022-01-20 16:21:31,964: hello world 1642695691.96
[rosout][INFO] 2022-01-20 16:21:35,964: hello world 1642695695.96
[rosout][INFO] 2022-01-20 16:21:39,961: hello world 1642695699.96
[rosout][INFO] 2022-01-20 16:21:43,964: hello world 1642695703.96
[rosout][INFO] 2022-01-20 16:21:47,964: hello world 1642695707.96
[rosout][INFO] 2022-01-20 16:21:51,964: hello world 1642695711.96
[rosout][INFO] 2022-01-20 16:21:55,964: hello world 1642695715.96
[rosout][INFO] 2022-01-20 16:21:59,964: hello world 1642695719.96
[rosout][INFO] 2022-01-20 16:22:03,964: hello world 1642695723.96
[rosout][INFO] 2022-01-20 16:22:07,964: hello world 1642695727.96
[rosout][INFO] 2022-01-20 16:22:11,964: hello world 1642695731.96
[rosout][INFO] 2022-01-20 16:22:15,964: hello world 1642695735.96
[rosout][INFO] 2022-01-20 16:22:19,964: hello world 1642695739.96
[rosout][INFO] 2022-01-20 16:22:23,964: hello world 1642695743.96
[rosout][INFO] 2022-01-20 16:22:27,964: hello world 1642695747.96
[rosout][INFO] 2022-01-20 16:22:31,962: hello world 1642695751.96
[rosout][INFO] 2022-01-20 16:22:35,964: hello world 1642695755.96
[rosout][INFO] 2022-01-20 16:22:39,964: hello world 1642695759.96
[rosout][INFO] 2022-01-20 16:22:43,964: hello world 1642695763.96
[rosout][INFO] 2022-01-20 16:22:47,964: hello world 1642695767.96
[rosout][INFO] 2022-01-20 16:22:51,963: hello world 1642695771.96
[rosout][INFO] 2022-01-20 16:22:55,960: hello world 1642695775.96
[rosout][INFO] 2022-01-20 16:22:59,964: hello world 1642695779.96
[rosout][INFO] 2022-01-20 16:23:03,964: hello world 1642695783.96
[rosout][INFO] 2022-01-20 16:23:07,961: hello world 1642695787.96
[rosout][INFO] 2022-01-20 16:23:11,964: hello world 1642695791.96
[rosout][INFO] 2022-01-20 16:23:15,964: hello world 1642695795.96
[rosout][INFO] 2022-01-20 16:23:19,964: hello world 1642695799.96
[rosout][INFO] 2022-01-20 16:23:23,961: hello world 1642695803.96
[rosout][INFO] 2022-01-20 16:23:27,964: hello world 1642695807.96
[rosout][INFO] 2022-01-20 16:23:31,962: hello world 1642695811.96
[rosout][INFO] 2022-01-20 16:23:35,964: hello world 1642695815.96
[rosout][INFO] 2022-01-20 16:23:39,964: hello world 1642695819.96
[rosout][INFO] 2022-01-20 16:23:43,964: hello world 1642695823.96
[rosout][INFO] 2022-01-20 16:23:47,960: hello world 1642695827.96
[rosout][INFO] 2022-01-20 16:23:51,960: hello world 1642695831.96
[rosout][INFO] 2022-01-20 16:23:55,964: hello world 1642695835.96
[rosout][INFO] 2022-01-20 16:23:59,964: hello world 1642695839.96
[rosout][INFO] 2022-01-20 16:24:03,964: hello world 1642695843.96
[rosout][INFO] 2022-01-20 16:24:07,964: hello world 1642695847.96
[rosout][INFO] 2022-01-20 16:24:11,964: hello world 1642695851.96
[rosout][INFO] 2022-01-20 16:24:15,964: hello world 1642695855.96
[rosout][INFO] 2022-01-20 16:24:19,964: hello world 1642695859.96
[rosout][INFO] 2022-01-20 16:24:23,964: hello world 1642695863.96
[rosout][INFO] 2022-01-20 16:24:27,964: hello world 1642695867.96
[rosout][INFO] 2022-01-20 16:24:31,964: hello world 1642695871.96
[rosout][INFO] 2022-01-20 16:24:35,964: hello world 1642695875.96
[rosout][INFO] 2022-01-20 16:24:39,964: hello world 1642695879.96
[rosout][INFO] 2022-01-20 16:24:43,962: hello world 1642695883.96
[rosout][INFO] 2022-01-20 16:24:47,964: hello world 1642695887.96
[rosout][INFO] 2022-01-20 16:24:51,964: hello world 1642695891.96
[rosout][INFO] 2022-01-20 16:24:55,961: hello world 1642695895.96
[rosout][INFO] 2022-01-20 16:24:59,964: hello world 1642695899.96
[rosout][INFO] 2022-01-20 16:25:03,964: hello world 1642695903.96
[rosout][INFO] 2022-01-20 16:25:07,960: hello world 1642695907.96
[rosout][INFO] 2022-01-20 16:25:11,964: hello world 1642695911.96
[rosout][INFO] 2022-01-20 16:25:15,964: hello world 1642695915.96
[rosout][INFO] 2022-01-20 16:25:19,964: hello world 1642695919.96
[rosout][INFO] 2022-01-20 16:25:23,964: hello world 1642695923.96
[rosout][INFO] 2022-01-20 16:25:27,964: hello world 1642695927.96
[rosout][INFO] 2022-01-20 16:25:31,964: hello world 1642695931.96
[rosout][INFO] 2022-01-20 16:25:35,964: hello world 1642695935.96
[rosout][INFO] 2022-01-20 16:25:39,961: hello world 1642695939.96
[rosout][INFO] 2022-01-20 16:25:43,960: hello world 1642695943.96
[rosout][INFO] 2022-01-20 16:25:47,964: hello world 1642695947.96
[rosout][INFO] 2022-01-20 16:25:51,964: hello world 1642695951.96
[rosout][INFO] 2022-01-20 16:25:55,964: hello world 1642695955.96
[rosout][INFO] 2022-01-20 16:25:59,964: hello world 1642695959.96
[rosout][INFO] 2022-01-20 16:26:03,964: hello world 1642695963.96
[rosout][INFO] 2022-01-20 16:26:07,964: hello world 1642695967.96
[rosout][INFO] 2022-01-20 16:26:11,964: hello world 1642695971.96
[rosout][INFO] 2022-01-20 16:26:15,961: hello world 1642695975.96
[rosout][INFO] 2022-01-20 16:26:19,964: hello world 1642695979.96
[rosout][INFO] 2022-01-20 16:26:23,962: hello world 1642695983.96
[rosout][INFO] 2022-01-20 16:26:27,964: hello world 1642695987.96
[rosout][INFO] 2022-01-20 16:26:31,964: hello world 1642695991.96
[rosout][INFO] 2022-01-20 16:26:35,962: hello world 1642695995.96
[rosout][INFO] 2022-01-20 16:26:39,964: hello world 1642695999.96
[rosout][INFO] 2022-01-20 16:26:43,964: hello world 1642696003.96
[rosout][INFO] 2022-01-20 16:26:47,964: hello world 1642696007.96
[rosout][INFO] 2022-01-20 16:26:51,964: hello world 1642696011.96
[rosout][INFO] 2022-01-20 16:26:55,962: hello world 1642696015.96
[rosout][INFO] 2022-01-20 16:26:59,964: hello world 1642696019.96
[rosout][INFO] 2022-01-20 16:27:03,964: hello world 1642696023.96
[rosout][INFO] 2022-01-20 16:27:07,964: hello world 1642696027.96
[rosout][INFO] 2022-01-20 16:27:11,963: hello world 1642696031.96
[rosout][INFO] 2022-01-20 16:27:15,964: hello world 1642696035.96
[rosout][INFO] 2022-01-20 16:27:19,964: hello world 1642696039.96
[rosout][INFO] 2022-01-20 16:27:23,964: hello world 1642696043.96
[rosout][INFO] 2022-01-20 16:27:27,964: hello world 1642696047.96
[rosout][INFO] 2022-01-20 16:27:31,963: hello world 1642696051.96
[rosout][INFO] 2022-01-20 16:27:35,964: hello world 1642696055.96
[rosout][INFO] 2022-01-20 16:27:39,964: hello world 1642696059.96
[rosout][INFO] 2022-01-20 16:27:43,964: hello world 1642696063.96
[rosout][INFO] 2022-01-20 16:27:47,964: hello world 1642696067.96
[rosout][INFO] 2022-01-20 16:27:51,964: hello world 1642696071.96
[rosout][INFO] 2022-01-20 16:27:55,964: hello world 1642696075.96
[rosout][INFO] 2022-01-20 16:27:59,964: hello world 1642696079.96
[rosout][INFO] 2022-01-20 16:28:03,964: hello world 1642696083.96
[rosout][INFO] 2022-01-20 16:28:07,964: hello world 1642696087.96
[rosout][INFO] 2022-01-20 16:28:11,964: hello world 1642696091.96
[rosout][INFO] 2022-01-20 16:28:15,964: hello world 1642696095.96
[rosout][INFO] 2022-01-20 16:28:19,961: hello world 1642696099.96
[rosout][INFO] 2022-01-20 16:28:23,964: hello world 1642696103.96
[rosout][INFO] 2022-01-20 16:28:27,962: hello world 1642696107.96
[rosout][INFO] 2022-01-20 16:28:31,964: hello world 1642696111.96
[rosout][INFO] 2022-01-20 16:28:35,964: hello world 1642696115.96
[rosout][INFO] 2022-01-20 16:28:39,964: hello world 1642696119.96
[rosout][INFO] 2022-01-20 16:28:43,964: hello world 1642696123.96
[rosout][INFO] 2022-01-20 16:28:47,964: hello world 1642696127.96
[rosout][INFO] 2022-01-20 16:28:51,964: hello world 1642696131.96
[rosout][INFO] 2022-01-20 16:28:55,964: hello world 1642696135.96
[rosout][INFO] 2022-01-20 16:28:59,964: hello world 1642696139.96
[rosout][INFO] 2022-01-20 16:29:03,964: hello world 1642696143.96
[rosout][INFO] 2022-01-20 16:29:07,964: hello world 1642696147.96
[rosout][INFO] 2022-01-20 16:29:11,964: hello world 1642696151.96
[rosout][INFO] 2022-01-20 16:29:15,964: hello world 1642696155.96
[rosout][INFO] 2022-01-20 16:29:19,964: hello world 1642696159.96
[rosout][INFO] 2022-01-20 16:29:23,963: hello world 1642696163.96
[rosout][INFO] 2022-01-20 16:29:27,964: hello world 1642696167.96
[rosout][INFO] 2022-01-20 16:29:31,964: hello world 1642696171.96
[rosout][INFO] 2022-01-20 16:29:35,964: hello world 1642696175.96
[rosout][INFO] 2022-01-20 16:29:39,964: hello world 1642696179.96
[rosout][INFO] 2022-01-20 16:29:43,962: hello world 1642696183.96
[rosout][INFO] 2022-01-20 16:29:47,964: hello world 1642696187.96
[rosout][INFO] 2022-01-20 16:29:51,964: hello world 1642696191.96
[rosout][INFO] 2022-01-20 16:29:55,964: hello world 1642696195.96
[rosout][INFO] 2022-01-20 16:29:59,962: hello world 1642696199.96
[rosout][INFO] 2022-01-20 16:30:03,964: hello world 1642696203.96
[rosout][INFO] 2022-01-20 16:30:07,964: hello world 1642696207.96
[rosout][INFO] 2022-01-20 16:30:11,964: hello world 1642696211.96
[rosout][INFO] 2022-01-20 16:30:15,964: hello world 1642696215.96
[rosout][INFO] 2022-01-20 16:30:19,962: hello world 1642696219.96
[rosout][INFO] 2022-01-20 16:30:23,964: hello world 1642696223.96
[rosout][INFO] 2022-01-20 16:30:27,964: hello world 1642696227.96
[rosout][INFO] 2022-01-20 16:30:31,964: hello world 1642696231.96
[rosout][INFO] 2022-01-20 16:30:35,964: hello world 1642696235.96
[rosout][INFO] 2022-01-20 16:30:39,964: hello world 1642696239.96
[rosout][INFO] 2022-01-20 16:30:43,964: hello world 1642696243.96
[rosout][INFO] 2022-01-20 16:30:47,962: hello world 1642696247.96
[rosout][INFO] 2022-01-20 16:30:51,964: hello world 1642696251.96
[rosout][INFO] 2022-01-20 16:30:55,964: hello world 1642696255.96
[rosout][INFO] 2022-01-20 16:30:59,964: hello world 1642696259.96
[rosout][INFO] 2022-01-20 16:31:03,964: hello world 1642696263.96
[rosout][INFO] 2022-01-20 16:31:07,964: hello world 1642696267.96
[rosout][INFO] 2022-01-20 16:31:11,964: hello world 1642696271.96
[rosout][INFO] 2022-01-20 16:31:15,962: hello world 1642696275.96
[rosout][INFO] 2022-01-20 16:31:19,964: hello world 1642696279.96
[rosout][INFO] 2022-01-20 16:31:23,964: hello world 1642696283.96
[rosout][INFO] 2022-01-20 16:31:27,964: hello world 1642696287.96
[rosout][INFO] 2022-01-20 16:31:31,964: hello world 1642696291.96
[rosout][INFO] 2022-01-20 16:31:35,964: hello world 1642696295.96
[rosout][INFO] 2022-01-20 16:31:39,963: hello world 1642696299.96
[rosout][INFO] 2022-01-20 16:31:43,964: hello world 1642696303.96
[rosout][INFO] 2022-01-20 16:31:47,964: hello world 1642696307.96
[rosout][INFO] 2022-01-20 16:31:51,961: hello world 1642696311.96
[rosout][INFO] 2022-01-20 16:31:55,964: hello world 1642696315.96
[rosout][INFO] 2022-01-20 16:31:59,964: hello world 1642696319.96
[rosout][INFO] 2022-01-20 16:32:03,964: hello world 1642696323.96
[rosout][INFO] 2022-01-20 16:32:07,964: hello world 1642696327.96
[rosout][INFO] 2022-01-20 16:32:11,961: hello world 1642696331.96
[rosout][INFO] 2022-01-20 16:32:15,960: hello world 1642696335.96
[rosout][INFO] 2022-01-20 16:32:19,964: hello world 1642696339.96
[rosout][INFO] 2022-01-20 16:32:23,964: hello world 1642696343.96
[rosout][INFO] 2022-01-20 16:32:27,964: hello world 1642696347.96
[rosout][INFO] 2022-01-20 16:32:31,964: hello world 1642696351.96
[rosout][INFO] 2022-01-20 16:32:35,964: hello world 1642696355.96
[rosout][INFO] 2022-01-20 16:32:39,964: hello world 1642696359.96
[rosout][INFO] 2022-01-20 16:32:43,964: hello world 1642696363.96
[rosout][INFO] 2022-01-20 16:32:47,961: hello world 1642696367.96
[rosout][INFO] 2022-01-20 16:32:51,964: hello world 1642696371.96
[rosout][INFO] 2022-01-20 16:32:55,960: hello world 1642696375.96
[rosout][INFO] 2022-01-20 16:32:59,964: hello world 1642696379.96
[rosout][INFO] 2022-01-20 16:33:03,964: hello world 1642696383.96
[rosout][INFO] 2022-01-20 16:33:07,963: hello world 1642696387.96
[rosout][INFO] 2022-01-20 16:33:11,964: hello world 1642696391.96
[rosout][INFO] 2022-01-20 16:33:15,964: hello world 1642696395.96
[rosout][INFO] 2022-01-20 16:33:19,964: hello world 1642696399.96
[rosout][INFO] 2022-01-20 16:33:23,964: hello world 1642696403.96
[rosout][INFO] 2022-01-20 16:33:27,964: hello world 1642696407.96
[rosout][INFO] 2022-01-20 16:33:31,964: hello world 1642696411.96
[rosout][INFO] 2022-01-20 16:33:35,964: hello world 1642696415.96
[rosout][INFO] 2022-01-20 16:33:39,964: hello world 1642696419.96
[rosout][INFO] 2022-01-20 16:33:43,964: hello world 1642696423.96
[rosout][INFO] 2022-01-20 16:33:47,964: hello world 1642696427.96
[rosout][INFO] 2022-01-20 16:33:51,964: hello world 1642696431.96
[rosout][INFO] 2022-01-20 16:33:55,961: hello world 1642696435.96
[rosout][INFO] 2022-01-20 16:33:59,964: hello world 1642696439.96
[rosout][INFO] 2022-01-20 16:34:03,964: hello world 1642696443.96
[rosout][INFO] 2022-01-20 16:34:07,964: hello world 1642696447.96
[rosout][INFO] 2022-01-20 16:34:11,964: hello world 1642696451.96
[rosout][INFO] 2022-01-20 16:34:15,964: hello world 1642696455.96
[rosout][INFO] 2022-01-20 16:34:19,964: hello world 1642696459.96
[rosout][INFO] 2022-01-20 16:34:23,964: hello world 1642696463.96
[rosout][INFO] 2022-01-20 16:34:27,964: hello world 1642696467.96
[rosout][INFO] 2022-01-20 16:34:31,964: hello world 1642696471.96
[rosout][INFO] 2022-01-20 16:34:35,964: hello world 1642696475.96
[rosout][INFO] 2022-01-20 16:34:39,964: hello world 1642696479.96
[rospy.core][INFO] 2022-01-20 16:34:41,712: signal_shutdown [signal-2]
[rospy.internal][INFO] 2022-01-20 16:34:41,723: topic[/rosout] removing connection to /rosout
[rospy.impl.masterslave][INFO] 2022-01-20 16:34:41,724: signal-2
[rospy.core][INFO] 2022-01-20 16:34:41,841: signal_shutdown [atexit]
