[rospy.client][INFO] 2021-12-09 17:55:12,729: init_node, name[/talker_14343_1639072512687], pid[14343]
[xmlrpc][INFO] 2021-12-09 17:55:12,735: XML-RPC server binding to 0.0.0.0:0
[xmlrpc][INFO] 2021-12-09 17:55:12,736: Started XML-RPC server [http://ubuntu:35923/]
[rospy.init][INFO] 2021-12-09 17:55:12,737: ROS Slave URI: [http://ubuntu:35923/]
[rospy.impl.masterslave][INFO] 2021-12-09 17:55:12,737: _ready: http://ubuntu:35923/
[rospy.registration][INFO] 2021-12-09 17:55:12,739: Registering with master node http://localhost:11311
[xmlrpc][INFO] 2021-12-09 17:55:12,739: xml rpc node: starting XML-RPC server
[rospy.registration][INFO] 2021-12-09 17:55:12,740: Registering publisher topic [/chatter] type [std_msgs/String] with master
[rospy.init][INFO] 2021-12-09 17:55:12,838: registered with master
[rospy.rosout][INFO] 2021-12-09 17:55:12,839: initializing /rosout core topic
[rospy.rosout][INFO] 2021-12-09 17:55:12,843: connected to core topic /rosout
[rospy.simtime][INFO] 2021-12-09 17:55:12,846: /use_sim_time is not set, will not subscribe to simulated time [/clock] topic
[rosout][INFO] 2021-12-09 17:55:12,853: hello world 1639072512.85
[rosout][INFO] 2021-12-09 17:55:12,953: hello world 1639072512.95
[rosout][INFO] 2021-12-09 17:55:13,053: hello world 1639072513.05
[rospy.internal][INFO] 2021-12-09 17:55:13,139: topic[/rosout] adding connection to [/rosout], count 0
[rosout][INFO] 2021-12-09 17:55:13,153: hello world 1639072513.15
[rosout][INFO] 2021-12-09 17:55:13,253: hello world 1639072513.25
[rosout][INFO] 2021-12-09 17:55:13,353: hello world 1639072513.35
[rosout][INFO] 2021-12-09 17:55:13,453: hello world 1639072513.45
[rosout][INFO] 2021-12-09 17:55:13,553: hello world 1639072513.55
[rosout][INFO] 2021-12-09 17:55:13,653: hello world 1639072513.65
[rospy.internal][INFO] 2021-12-09 17:55:13,722: topic[/chatter] adding connection to [/link_ros], count 0
[rosout][INFO] 2021-12-09 17:55:13,753: hello world 1639072513.75
[rosout][INFO] 2021-12-09 17:55:13,853: hello world 1639072513.85
[rosout][INFO] 2021-12-09 17:55:13,953: hello world 1639072513.95
[rosout][INFO] 2021-12-09 17:55:14,053: hello world 1639072514.05
[rosout][INFO] 2021-12-09 17:55:14,153: hello world 1639072514.15
[rosout][INFO] 2021-12-09 17:55:14,253: hello world 1639072514.25
[rosout][INFO] 2021-12-09 17:55:14,353: hello world 1639072514.35
[rosout][INFO] 2021-12-09 17:55:14,453: hello world 1639072514.45
[rosout][INFO] 2021-12-09 17:55:14,553: hello world 1639072514.55
[rosout][INFO] 2021-12-09 17:55:14,653: hello world 1639072514.65
[rosout][INFO] 2021-12-09 17:55:14,753: hello world 1639072514.75
[rosout][INFO] 2021-12-09 17:55:14,853: hello world 1639072514.85
[rosout][INFO] 2021-12-09 17:55:14,953: hello world 1639072514.95
[rosout][INFO] 2021-12-09 17:55:15,053: hello world 1639072515.05
[rosout][INFO] 2021-12-09 17:55:15,153: hello world 1639072515.15
[rosout][INFO] 2021-12-09 17:55:15,253: hello world 1639072515.25
[rosout][INFO] 2021-12-09 17:55:15,353: hello world 1639072515.35
[rosout][INFO] 2021-12-09 17:55:15,453: hello world 1639072515.45
[rosout][INFO] 2021-12-09 17:55:15,553: hello world 1639072515.55
[rosout][INFO] 2021-12-09 17:55:15,653: hello world 1639072515.65
[rosout][INFO] 2021-12-09 17:55:15,753: hello world 1639072515.75
[rosout][INFO] 2021-12-09 17:55:15,853: hello world 1639072515.85
[rosout][INFO] 2021-12-09 17:55:15,953: hello world 1639072515.95
[rosout][INFO] 2021-12-09 17:55:16,053: hello world 1639072516.05
[rosout][INFO] 2021-12-09 17:55:16,153: hello world 1639072516.15
[rosout][INFO] 2021-12-09 17:55:16,253: hello world 1639072516.25
[rosout][INFO] 2021-12-09 17:55:16,353: hello world 1639072516.35
[rosout][INFO] 2021-12-09 17:55:16,453: hello world 1639072516.45
[rosout][INFO] 2021-12-09 17:55:16,553: hello world 1639072516.55
[rosout][INFO] 2021-12-09 17:55:16,653: hello world 1639072516.65
[rosout][INFO] 2021-12-09 17:55:16,753: hello world 1639072516.75
[rosout][INFO] 2021-12-09 17:55:16,853: hello world 1639072516.85
[rosout][INFO] 2021-12-09 17:55:16,953: hello world 1639072516.95
[rosout][INFO] 2021-12-09 17:55:17,053: hello world 1639072517.05
[rosout][INFO] 2021-12-09 17:55:17,153: hello world 1639072517.15
[rosout][INFO] 2021-12-09 17:55:17,253: hello world 1639072517.25
[rosout][INFO] 2021-12-09 17:55:17,353: hello world 1639072517.35
[rosout][INFO] 2021-12-09 17:55:17,453: hello world 1639072517.45
[rosout][INFO] 2021-12-09 17:55:17,553: hello world 1639072517.55
[rosout][INFO] 2021-12-09 17:55:17,654: hello world 1639072517.65
[rosout][INFO] 2021-12-09 17:55:17,754: hello world 1639072517.75
[rosout][INFO] 2021-12-09 17:55:17,853: hello world 1639072517.85
[rosout][INFO] 2021-12-09 17:55:17,953: hello world 1639072517.95
[rosout][INFO] 2021-12-09 17:55:18,053: hello world 1639072518.05
[rosout][INFO] 2021-12-09 17:55:18,153: hello world 1639072518.15
[rosout][INFO] 2021-12-09 17:55:18,253: hello world 1639072518.25
[rosout][INFO] 2021-12-09 17:55:18,353: hello world 1639072518.35
[rosout][INFO] 2021-12-09 17:55:18,453: hello world 1639072518.45
[rosout][INFO] 2021-12-09 17:55:18,553: hello world 1639072518.55
[rosout][INFO] 2021-12-09 17:55:18,653: hello world 1639072518.65
[rosout][INFO] 2021-12-09 17:55:18,753: hello world 1639072518.75
[rosout][INFO] 2021-12-09 17:55:18,853: hello world 1639072518.85
[rosout][INFO] 2021-12-09 17:55:18,953: hello world 1639072518.95
[rosout][INFO] 2021-12-09 17:55:19,053: hello world 1639072519.05
[rosout][INFO] 2021-12-09 17:55:19,153: hello world 1639072519.15
[rosout][INFO] 2021-12-09 17:55:19,253: hello world 1639072519.25
[rosout][INFO] 2021-12-09 17:55:19,353: hello world 1639072519.35
[rosout][INFO] 2021-12-09 17:55:19,453: hello world 1639072519.45
[rosout][INFO] 2021-12-09 17:55:19,553: hello world 1639072519.55
[rosout][INFO] 2021-12-09 17:55:19,653: hello world 1639072519.65
[rosout][INFO] 2021-12-09 17:55:19,753: hello world 1639072519.75
[rosout][INFO] 2021-12-09 17:55:19,853: hello world 1639072519.85
[rosout][INFO] 2021-12-09 17:55:19,953: hello world 1639072519.95
[rosout][INFO] 2021-12-09 17:55:20,053: hello world 1639072520.05
[rosout][INFO] 2021-12-09 17:55:20,153: hello world 1639072520.15
[rosout][INFO] 2021-12-09 17:55:20,253: hello world 1639072520.25
[rosout][INFO] 2021-12-09 17:55:20,353: hello world 1639072520.35
[rosout][INFO] 2021-12-09 17:55:20,456: hello world 1639072520.46
[rosout][INFO] 2021-12-09 17:55:20,553: hello world 1639072520.55
[rosout][INFO] 2021-12-09 17:55:20,653: hello world 1639072520.65
[rosout][INFO] 2021-12-09 17:55:20,753: hello world 1639072520.75
[rosout][INFO] 2021-12-09 17:55:20,853: hello world 1639072520.85
[rosout][INFO] 2021-12-09 17:55:20,953: hello world 1639072520.95
[rosout][INFO] 2021-12-09 17:55:21,053: hello world 1639072521.05
[rosout][INFO] 2021-12-09 17:55:21,153: hello world 1639072521.15
[rosout][INFO] 2021-12-09 17:55:21,253: hello world 1639072521.25
[rosout][INFO] 2021-12-09 17:55:21,353: hello world 1639072521.35
[rosout][INFO] 2021-12-09 17:55:21,453: hello world 1639072521.45
[rosout][INFO] 2021-12-09 17:55:21,553: hello world 1639072521.55
[rosout][INFO] 2021-12-09 17:55:21,653: hello world 1639072521.65
[rosout][INFO] 2021-12-09 17:55:21,753: hello world 1639072521.75
[rosout][INFO] 2021-12-09 17:55:21,853: hello world 1639072521.85
[rosout][INFO] 2021-12-09 17:55:21,953: hello world 1639072521.95
[rosout][INFO] 2021-12-09 17:55:22,053: hello world 1639072522.05
[rosout][INFO] 2021-12-09 17:55:22,153: hello world 1639072522.15
[rosout][INFO] 2021-12-09 17:55:22,253: hello world 1639072522.25
[rosout][INFO] 2021-12-09 17:55:22,353: hello world 1639072522.35
[rosout][INFO] 2021-12-09 17:55:22,453: hello world 1639072522.45
[rosout][INFO] 2021-12-09 17:55:22,553: hello world 1639072522.55
[rosout][INFO] 2021-12-09 17:55:22,653: hello world 1639072522.65
[rosout][INFO] 2021-12-09 17:55:22,753: hello world 1639072522.75
[rosout][INFO] 2021-12-09 17:55:22,853: hello world 1639072522.85
[rosout][INFO] 2021-12-09 17:55:22,953: hello world 1639072522.95
[rosout][INFO] 2021-12-09 17:55:23,053: hello world 1639072523.05
[rosout][INFO] 2021-12-09 17:55:23,153: hello world 1639072523.15
[rosout][INFO] 2021-12-09 17:55:23,253: hello world 1639072523.25
[rosout][INFO] 2021-12-09 17:55:23,353: hello world 1639072523.35
[rosout][INFO] 2021-12-09 17:55:23,453: hello world 1639072523.45
[rosout][INFO] 2021-12-09 17:55:23,553: hello world 1639072523.55
[rosout][INFO] 2021-12-09 17:55:23,653: hello world 1639072523.65
[rosout][INFO] 2021-12-09 17:55:23,753: hello world 1639072523.75
[rosout][INFO] 2021-12-09 17:55:23,853: hello world 1639072523.85
[rosout][INFO] 2021-12-09 17:55:23,953: hello world 1639072523.95
[rosout][INFO] 2021-12-09 17:55:24,053: hello world 1639072524.05
[rosout][INFO] 2021-12-09 17:55:24,153: hello world 1639072524.15
[rosout][INFO] 2021-12-09 17:55:24,253: hello world 1639072524.25
[rosout][INFO] 2021-12-09 17:55:24,353: hello world 1639072524.35
[rosout][INFO] 2021-12-09 17:55:24,453: hello world 1639072524.45
[rosout][INFO] 2021-12-09 17:55:24,553: hello world 1639072524.55
[rosout][INFO] 2021-12-09 17:55:24,653: hello world 1639072524.65
[rosout][INFO] 2021-12-09 17:55:24,753: hello world 1639072524.75
[rosout][INFO] 2021-12-09 17:55:24,853: hello world 1639072524.85
[rosout][INFO] 2021-12-09 17:55:24,953: hello world 1639072524.95
[rosout][INFO] 2021-12-09 17:55:25,053: hello world 1639072525.05
[rosout][INFO] 2021-12-09 17:55:25,153: hello world 1639072525.15
[rosout][INFO] 2021-12-09 17:55:25,253: hello world 1639072525.25
[rosout][INFO] 2021-12-09 17:55:25,353: hello world 1639072525.35
[rosout][INFO] 2021-12-09 17:55:25,453: hello world 1639072525.45
[rosout][INFO] 2021-12-09 17:55:25,553: hello world 1639072525.55
[rosout][INFO] 2021-12-09 17:55:25,653: hello world 1639072525.65
[rosout][INFO] 2021-12-09 17:55:25,753: hello world 1639072525.75
[rosout][INFO] 2021-12-09 17:55:25,853: hello world 1639072525.85
[rosout][INFO] 2021-12-09 17:55:25,953: hello world 1639072525.95
[rosout][INFO] 2021-12-09 17:55:26,053: hello world 1639072526.05
[rosout][INFO] 2021-12-09 17:55:26,153: hello world 1639072526.15
[rosout][INFO] 2021-12-09 17:55:26,253: hello world 1639072526.25
[rosout][INFO] 2021-12-09 17:55:26,353: hello world 1639072526.35
[rosout][INFO] 2021-12-09 17:55:26,453: hello world 1639072526.45
[rosout][INFO] 2021-12-09 17:55:26,553: hello world 1639072526.55
[rosout][INFO] 2021-12-09 17:55:26,653: hello world 1639072526.65
[rosout][INFO] 2021-12-09 17:55:26,753: hello world 1639072526.75
[rosout][INFO] 2021-12-09 17:55:26,853: hello world 1639072526.85
[rosout][INFO] 2021-12-09 17:55:26,953: hello world 1639072526.95
[rosout][INFO] 2021-12-09 17:55:27,053: hello world 1639072527.05
[rosout][INFO] 2021-12-09 17:55:27,153: hello world 1639072527.15
[rosout][INFO] 2021-12-09 17:55:27,253: hello world 1639072527.25
[rosout][INFO] 2021-12-09 17:55:27,353: hello world 1639072527.35
[rosout][INFO] 2021-12-09 17:55:27,453: hello world 1639072527.45
[rosout][INFO] 2021-12-09 17:55:27,553: hello world 1639072527.55
[rosout][INFO] 2021-12-09 17:55:27,653: hello world 1639072527.65
[rosout][INFO] 2021-12-09 17:55:27,753: hello world 1639072527.75
[rosout][INFO] 2021-12-09 17:55:27,853: hello world 1639072527.85
[rosout][INFO] 2021-12-09 17:55:27,953: hello world 1639072527.95
[rosout][INFO] 2021-12-09 17:55:28,053: hello world 1639072528.05
[rosout][INFO] 2021-12-09 17:55:28,153: hello world 1639072528.15
[rosout][INFO] 2021-12-09 17:55:28,253: hello world 1639072528.25
[rosout][INFO] 2021-12-09 17:55:28,353: hello world 1639072528.35
[rosout][INFO] 2021-12-09 17:55:28,453: hello world 1639072528.45
[rosout][INFO] 2021-12-09 17:55:28,553: hello world 1639072528.55
[rosout][INFO] 2021-12-09 17:55:28,653: hello world 1639072528.65
[rosout][INFO] 2021-12-09 17:55:28,753: hello world 1639072528.75
[rosout][INFO] 2021-12-09 17:55:28,853: hello world 1639072528.85
[rosout][INFO] 2021-12-09 17:55:28,953: hello world 1639072528.95
[rosout][INFO] 2021-12-09 17:55:29,053: hello world 1639072529.05
[rosout][INFO] 2021-12-09 17:55:29,153: hello world 1639072529.15
[rosout][INFO] 2021-12-09 17:55:29,253: hello world 1639072529.25
[rosout][INFO] 2021-12-09 17:55:29,353: hello world 1639072529.35
[rosout][INFO] 2021-12-09 17:55:29,453: hello world 1639072529.45
[rosout][INFO] 2021-12-09 17:55:29,553: hello world 1639072529.55
[rosout][INFO] 2021-12-09 17:55:29,653: hello world 1639072529.65
[rosout][INFO] 2021-12-09 17:55:29,753: hello world 1639072529.75
[rosout][INFO] 2021-12-09 17:55:29,853: hello world 1639072529.85
[rosout][INFO] 2021-12-09 17:55:29,953: hello world 1639072529.95
[rosout][INFO] 2021-12-09 17:55:30,053: hello world 1639072530.05
[rosout][INFO] 2021-12-09 17:55:30,153: hello world 1639072530.15
[rosout][INFO] 2021-12-09 17:55:30,253: hello world 1639072530.25
[rosout][INFO] 2021-12-09 17:55:30,353: hello world 1639072530.35
[rosout][INFO] 2021-12-09 17:55:30,453: hello world 1639072530.45
[rosout][INFO] 2021-12-09 17:55:30,553: hello world 1639072530.55
[rosout][INFO] 2021-12-09 17:55:30,653: hello world 1639072530.65
[rosout][INFO] 2021-12-09 17:55:30,753: hello world 1639072530.75
[rosout][INFO] 2021-12-09 17:55:30,853: hello world 1639072530.85
[rosout][INFO] 2021-12-09 17:55:30,954: hello world 1639072530.95
[rosout][INFO] 2021-12-09 17:55:31,054: hello world 1639072531.05
[rosout][INFO] 2021-12-09 17:55:31,153: hello world 1639072531.15
[rosout][INFO] 2021-12-09 17:55:31,253: hello world 1639072531.25
[rosout][INFO] 2021-12-09 17:55:31,353: hello world 1639072531.35
[rosout][INFO] 2021-12-09 17:55:31,453: hello world 1639072531.45
[rosout][INFO] 2021-12-09 17:55:31,553: hello world 1639072531.55
[rosout][INFO] 2021-12-09 17:55:31,653: hello world 1639072531.65
[rosout][INFO] 2021-12-09 17:55:31,753: hello world 1639072531.75
[rosout][INFO] 2021-12-09 17:55:31,853: hello world 1639072531.85
[rosout][INFO] 2021-12-09 17:55:31,953: hello world 1639072531.95
[rosout][INFO] 2021-12-09 17:55:32,053: hello world 1639072532.05
[rosout][INFO] 2021-12-09 17:55:32,153: hello world 1639072532.15
[rosout][INFO] 2021-12-09 17:55:32,253: hello world 1639072532.25
[rosout][INFO] 2021-12-09 17:55:32,353: hello world 1639072532.35
[rosout][INFO] 2021-12-09 17:55:32,453: hello world 1639072532.45
[rosout][INFO] 2021-12-09 17:55:32,553: hello world 1639072532.55
[rosout][INFO] 2021-12-09 17:55:32,653: hello world 1639072532.65
[rosout][INFO] 2021-12-09 17:55:32,753: hello world 1639072532.75
[rosout][INFO] 2021-12-09 17:55:32,853: hello world 1639072532.85
[rosout][INFO] 2021-12-09 17:55:32,953: hello world 1639072532.95
[rosout][INFO] 2021-12-09 17:55:33,053: hello world 1639072533.05
[rosout][INFO] 2021-12-09 17:55:33,153: hello world 1639072533.15
[rosout][INFO] 2021-12-09 17:55:33,253: hello world 1639072533.25
[rosout][INFO] 2021-12-09 17:55:33,353: hello world 1639072533.35
[rosout][INFO] 2021-12-09 17:55:33,453: hello world 1639072533.45
[rosout][INFO] 2021-12-09 17:55:33,553: hello world 1639072533.55
[rosout][INFO] 2021-12-09 17:55:33,653: hello world 1639072533.65
[rosout][INFO] 2021-12-09 17:55:33,753: hello world 1639072533.75
[rosout][INFO] 2021-12-09 17:55:33,853: hello world 1639072533.85
[rosout][INFO] 2021-12-09 17:55:33,953: hello world 1639072533.95
[rosout][INFO] 2021-12-09 17:55:34,053: hello world 1639072534.05
[rosout][INFO] 2021-12-09 17:55:34,153: hello world 1639072534.15
[rosout][INFO] 2021-12-09 17:55:34,253: hello world 1639072534.25
[rosout][INFO] 2021-12-09 17:55:34,353: hello world 1639072534.35
[rosout][INFO] 2021-12-09 17:55:34,453: hello world 1639072534.45
[rosout][INFO] 2021-12-09 17:55:34,553: hello world 1639072534.55
[rosout][INFO] 2021-12-09 17:55:34,653: hello world 1639072534.65
[rosout][INFO] 2021-12-09 17:55:34,753: hello world 1639072534.75
[rosout][INFO] 2021-12-09 17:55:34,853: hello world 1639072534.85
[rosout][INFO] 2021-12-09 17:55:34,953: hello world 1639072534.95
[rosout][INFO] 2021-12-09 17:55:35,053: hello world 1639072535.05
[rosout][INFO] 2021-12-09 17:55:35,153: hello world 1639072535.15
[rosout][INFO] 2021-12-09 17:55:35,253: hello world 1639072535.25
[rosout][INFO] 2021-12-09 17:55:35,353: hello world 1639072535.35
[rosout][INFO] 2021-12-09 17:55:35,453: hello world 1639072535.45
[rosout][INFO] 2021-12-09 17:55:35,553: hello world 1639072535.55
[rosout][INFO] 2021-12-09 17:55:35,653: hello world 1639072535.65
[rosout][INFO] 2021-12-09 17:55:35,753: hello world 1639072535.75
[rosout][INFO] 2021-12-09 17:55:35,853: hello world 1639072535.85
[rosout][INFO] 2021-12-09 17:55:35,953: hello world 1639072535.95
[rosout][INFO] 2021-12-09 17:55:36,053: hello world 1639072536.05
[rosout][INFO] 2021-12-09 17:55:36,153: hello world 1639072536.15
[rosout][INFO] 2021-12-09 17:55:36,253: hello world 1639072536.25
[rosout][INFO] 2021-12-09 17:55:36,353: hello world 1639072536.35
[rosout][INFO] 2021-12-09 17:55:36,453: hello world 1639072536.45
[rosout][INFO] 2021-12-09 17:55:36,553: hello world 1639072536.55
[rosout][INFO] 2021-12-09 17:55:36,653: hello world 1639072536.65
[rosout][INFO] 2021-12-09 17:55:36,753: hello world 1639072536.75
[rosout][INFO] 2021-12-09 17:55:36,853: hello world 1639072536.85
[rosout][INFO] 2021-12-09 17:55:36,953: hello world 1639072536.95
[rosout][INFO] 2021-12-09 17:55:37,053: hello world 1639072537.05
[rosout][INFO] 2021-12-09 17:55:37,153: hello world 1639072537.15
[rosout][INFO] 2021-12-09 17:55:37,253: hello world 1639072537.25
[rosout][INFO] 2021-12-09 17:55:37,353: hello world 1639072537.35
[rosout][INFO] 2021-12-09 17:55:37,453: hello world 1639072537.45
[rosout][INFO] 2021-12-09 17:55:37,553: hello world 1639072537.55
[rosout][INFO] 2021-12-09 17:55:37,653: hello world 1639072537.65
[rosout][INFO] 2021-12-09 17:55:37,753: hello world 1639072537.75
[rosout][INFO] 2021-12-09 17:55:37,853: hello world 1639072537.85
[rosout][INFO] 2021-12-09 17:55:37,953: hello world 1639072537.95
[rosout][INFO] 2021-12-09 17:55:38,053: hello world 1639072538.05
[rosout][INFO] 2021-12-09 17:55:38,153: hello world 1639072538.15
[rosout][INFO] 2021-12-09 17:55:38,253: hello world 1639072538.25
[rosout][INFO] 2021-12-09 17:55:38,353: hello world 1639072538.35
[rosout][INFO] 2021-12-09 17:55:38,453: hello world 1639072538.45
[rosout][INFO] 2021-12-09 17:55:38,553: hello world 1639072538.55
[rosout][INFO] 2021-12-09 17:55:38,653: hello world 1639072538.65
[rosout][INFO] 2021-12-09 17:55:38,753: hello world 1639072538.75
[rosout][INFO] 2021-12-09 17:55:38,853: hello world 1639072538.85
[rosout][INFO] 2021-12-09 17:55:38,953: hello world 1639072538.95
[rosout][INFO] 2021-12-09 17:55:39,053: hello world 1639072539.05
[rosout][INFO] 2021-12-09 17:55:39,153: hello world 1639072539.15
[rosout][INFO] 2021-12-09 17:55:39,253: hello world 1639072539.25
[rosout][INFO] 2021-12-09 17:55:39,353: hello world 1639072539.35
[rosout][INFO] 2021-12-09 17:55:39,453: hello world 1639072539.45
[rosout][INFO] 2021-12-09 17:55:39,553: hello world 1639072539.55
[rosout][INFO] 2021-12-09 17:55:39,653: hello world 1639072539.65
[rosout][INFO] 2021-12-09 17:55:39,753: hello world 1639072539.75
[rosout][INFO] 2021-12-09 17:55:39,853: hello world 1639072539.85
[rosout][INFO] 2021-12-09 17:55:39,953: hello world 1639072539.95
[rosout][INFO] 2021-12-09 17:55:40,053: hello world 1639072540.05
[rosout][INFO] 2021-12-09 17:55:40,153: hello world 1639072540.15
[rosout][INFO] 2021-12-09 17:55:40,253: hello world 1639072540.25
[rosout][INFO] 2021-12-09 17:55:40,353: hello world 1639072540.35
[rosout][INFO] 2021-12-09 17:55:40,453: hello world 1639072540.45
[rosout][INFO] 2021-12-09 17:55:40,553: hello world 1639072540.55
[rosout][INFO] 2021-12-09 17:55:40,653: hello world 1639072540.65
[rosout][INFO] 2021-12-09 17:55:40,753: hello world 1639072540.75
[rosout][INFO] 2021-12-09 17:55:40,853: hello world 1639072540.85
[rosout][INFO] 2021-12-09 17:55:40,953: hello world 1639072540.95
[rosout][INFO] 2021-12-09 17:55:41,053: hello world 1639072541.05
[rosout][INFO] 2021-12-09 17:55:41,153: hello world 1639072541.15
[rosout][INFO] 2021-12-09 17:55:41,253: hello world 1639072541.25
[rosout][INFO] 2021-12-09 17:55:41,353: hello world 1639072541.35
[rosout][INFO] 2021-12-09 17:55:41,453: hello world 1639072541.45
[rosout][INFO] 2021-12-09 17:55:41,553: hello world 1639072541.55
[rosout][INFO] 2021-12-09 17:55:41,653: hello world 1639072541.65
[rosout][INFO] 2021-12-09 17:55:41,753: hello world 1639072541.75
[rosout][INFO] 2021-12-09 17:55:41,853: hello world 1639072541.85
[rosout][INFO] 2021-12-09 17:55:41,953: hello world 1639072541.95
[rosout][INFO] 2021-12-09 17:55:42,053: hello world 1639072542.05
[rosout][INFO] 2021-12-09 17:55:42,153: hello world 1639072542.15
[rosout][INFO] 2021-12-09 17:55:42,253: hello world 1639072542.25
[rosout][INFO] 2021-12-09 17:55:42,353: hello world 1639072542.35
[rosout][INFO] 2021-12-09 17:55:42,453: hello world 1639072542.45
[rosout][INFO] 2021-12-09 17:55:42,553: hello world 1639072542.55
[rosout][INFO] 2021-12-09 17:55:42,653: hello world 1639072542.65
[rosout][INFO] 2021-12-09 17:55:42,753: hello world 1639072542.75
[rosout][INFO] 2021-12-09 17:55:42,853: hello world 1639072542.85
[rosout][INFO] 2021-12-09 17:55:42,953: hello world 1639072542.95
[rosout][INFO] 2021-12-09 17:55:43,054: hello world 1639072543.05
[rosout][INFO] 2021-12-09 17:55:43,153: hello world 1639072543.15
[rosout][INFO] 2021-12-09 17:55:43,253: hello world 1639072543.25
[rosout][INFO] 2021-12-09 17:55:43,353: hello world 1639072543.35
[rosout][INFO] 2021-12-09 17:55:43,453: hello world 1639072543.45
[rosout][INFO] 2021-12-09 17:55:43,553: hello world 1639072543.55
[rosout][INFO] 2021-12-09 17:55:43,653: hello world 1639072543.65
[rosout][INFO] 2021-12-09 17:55:43,753: hello world 1639072543.75
[rosout][INFO] 2021-12-09 17:55:43,853: hello world 1639072543.85
[rosout][INFO] 2021-12-09 17:55:43,953: hello world 1639072543.95
[rosout][INFO] 2021-12-09 17:55:44,053: hello world 1639072544.05
[rosout][INFO] 2021-12-09 17:55:44,153: hello world 1639072544.15
[rosout][INFO] 2021-12-09 17:55:44,253: hello world 1639072544.25
[rosout][INFO] 2021-12-09 17:55:44,353: hello world 1639072544.35
[rosout][INFO] 2021-12-09 17:55:44,453: hello world 1639072544.45
[rosout][INFO] 2021-12-09 17:55:44,553: hello world 1639072544.55
[rosout][INFO] 2021-12-09 17:55:44,653: hello world 1639072544.65
[rosout][INFO] 2021-12-09 17:55:44,753: hello world 1639072544.75
[rosout][INFO] 2021-12-09 17:55:44,853: hello world 1639072544.85
[rosout][INFO] 2021-12-09 17:55:44,953: hello world 1639072544.95
[rosout][INFO] 2021-12-09 17:55:45,053: hello world 1639072545.05
[rosout][INFO] 2021-12-09 17:55:45,153: hello world 1639072545.15
[rosout][INFO] 2021-12-09 17:55:45,253: hello world 1639072545.25
[rosout][INFO] 2021-12-09 17:55:45,353: hello world 1639072545.35
[rosout][INFO] 2021-12-09 17:55:45,453: hello world 1639072545.45
[rosout][INFO] 2021-12-09 17:55:45,553: hello world 1639072545.55
[rosout][INFO] 2021-12-09 17:55:45,653: hello world 1639072545.65
[rosout][INFO] 2021-12-09 17:55:45,753: hello world 1639072545.75
[rosout][INFO] 2021-12-09 17:55:45,853: hello world 1639072545.85
[rosout][INFO] 2021-12-09 17:55:45,953: hello world 1639072545.95
[rosout][INFO] 2021-12-09 17:55:46,053: hello world 1639072546.05
[rosout][INFO] 2021-12-09 17:55:46,153: hello world 1639072546.15
[rosout][INFO] 2021-12-09 17:55:46,253: hello world 1639072546.25
[rosout][INFO] 2021-12-09 17:55:46,353: hello world 1639072546.35
[rosout][INFO] 2021-12-09 17:55:46,453: hello world 1639072546.45
[rosout][INFO] 2021-12-09 17:55:46,553: hello world 1639072546.55
[rosout][INFO] 2021-12-09 17:55:46,653: hello world 1639072546.65
[rosout][INFO] 2021-12-09 17:55:46,753: hello world 1639072546.75
[rosout][INFO] 2021-12-09 17:55:46,853: hello world 1639072546.85
[rosout][INFO] 2021-12-09 17:55:46,953: hello world 1639072546.95
[rosout][INFO] 2021-12-09 17:55:47,053: hello world 1639072547.05
[rosout][INFO] 2021-12-09 17:55:47,153: hello world 1639072547.15
[rosout][INFO] 2021-12-09 17:55:47,253: hello world 1639072547.25
[rosout][INFO] 2021-12-09 17:55:47,353: hello world 1639072547.35
[rosout][INFO] 2021-12-09 17:55:47,453: hello world 1639072547.45
[rosout][INFO] 2021-12-09 17:55:47,553: hello world 1639072547.55
[rosout][INFO] 2021-12-09 17:55:47,653: hello world 1639072547.65
[rosout][INFO] 2021-12-09 17:55:47,753: hello world 1639072547.75
[rosout][INFO] 2021-12-09 17:55:47,853: hello world 1639072547.85
[rosout][INFO] 2021-12-09 17:55:47,953: hello world 1639072547.95
[rosout][INFO] 2021-12-09 17:55:48,053: hello world 1639072548.05
[rosout][INFO] 2021-12-09 17:55:48,153: hello world 1639072548.15
[rosout][INFO] 2021-12-09 17:55:48,253: hello world 1639072548.25
[rosout][INFO] 2021-12-09 17:55:48,353: hello world 1639072548.35
[rosout][INFO] 2021-12-09 17:55:48,453: hello world 1639072548.45
[rosout][INFO] 2021-12-09 17:55:48,553: hello world 1639072548.55
[rosout][INFO] 2021-12-09 17:55:48,653: hello world 1639072548.65
[rosout][INFO] 2021-12-09 17:55:48,753: hello world 1639072548.75
[rosout][INFO] 2021-12-09 17:55:48,854: hello world 1639072548.85
[rosout][INFO] 2021-12-09 17:55:48,953: hello world 1639072548.95
[rosout][INFO] 2021-12-09 17:55:49,053: hello world 1639072549.05
[rosout][INFO] 2021-12-09 17:55:49,153: hello world 1639072549.15
[rosout][INFO] 2021-12-09 17:55:49,253: hello world 1639072549.25
[rosout][INFO] 2021-12-09 17:55:49,353: hello world 1639072549.35
[rosout][INFO] 2021-12-09 17:55:49,453: hello world 1639072549.45
[rosout][INFO] 2021-12-09 17:55:49,553: hello world 1639072549.55
[rosout][INFO] 2021-12-09 17:55:49,653: hello world 1639072549.65
[rosout][INFO] 2021-12-09 17:55:49,753: hello world 1639072549.75
[rosout][INFO] 2021-12-09 17:55:49,853: hello world 1639072549.85
[rosout][INFO] 2021-12-09 17:55:49,953: hello world 1639072549.95
[rosout][INFO] 2021-12-09 17:55:50,053: hello world 1639072550.05
[rosout][INFO] 2021-12-09 17:55:50,153: hello world 1639072550.15
[rosout][INFO] 2021-12-09 17:55:50,253: hello world 1639072550.25
[rosout][INFO] 2021-12-09 17:55:50,353: hello world 1639072550.35
[rosout][INFO] 2021-12-09 17:55:50,453: hello world 1639072550.45
[rosout][INFO] 2021-12-09 17:55:50,553: hello world 1639072550.55
[rosout][INFO] 2021-12-09 17:55:50,653: hello world 1639072550.65
[rosout][INFO] 2021-12-09 17:55:50,753: hello world 1639072550.75
[rosout][INFO] 2021-12-09 17:55:50,853: hello world 1639072550.85
[rosout][INFO] 2021-12-09 17:55:50,953: hello world 1639072550.95
[rosout][INFO] 2021-12-09 17:55:51,053: hello world 1639072551.05
[rosout][INFO] 2021-12-09 17:55:51,153: hello world 1639072551.15
[rosout][INFO] 2021-12-09 17:55:51,253: hello world 1639072551.25
[rosout][INFO] 2021-12-09 17:55:51,353: hello world 1639072551.35
[rosout][INFO] 2021-12-09 17:55:51,453: hello world 1639072551.45
[rosout][INFO] 2021-12-09 17:55:51,553: hello world 1639072551.55
[rosout][INFO] 2021-12-09 17:55:51,653: hello world 1639072551.65
[rosout][INFO] 2021-12-09 17:55:51,753: hello world 1639072551.75
[rosout][INFO] 2021-12-09 17:55:51,853: hello world 1639072551.85
[rosout][INFO] 2021-12-09 17:55:51,953: hello world 1639072551.95
[rosout][INFO] 2021-12-09 17:55:52,053: hello world 1639072552.05
[rosout][INFO] 2021-12-09 17:55:52,153: hello world 1639072552.15
[rosout][INFO] 2021-12-09 17:55:52,253: hello world 1639072552.25
[rosout][INFO] 2021-12-09 17:55:52,353: hello world 1639072552.35
[rosout][INFO] 2021-12-09 17:55:52,453: hello world 1639072552.45
[rosout][INFO] 2021-12-09 17:55:52,553: hello world 1639072552.55
[rosout][INFO] 2021-12-09 17:55:52,653: hello world 1639072552.65
[rosout][INFO] 2021-12-09 17:55:52,753: hello world 1639072552.75
[rosout][INFO] 2021-12-09 17:55:52,853: hello world 1639072552.85
[rosout][INFO] 2021-12-09 17:55:52,953: hello world 1639072552.95
[rosout][INFO] 2021-12-09 17:55:53,053: hello world 1639072553.05
[rosout][INFO] 2021-12-09 17:55:53,153: hello world 1639072553.15
[rosout][INFO] 2021-12-09 17:55:53,253: hello world 1639072553.25
[rosout][INFO] 2021-12-09 17:55:53,353: hello world 1639072553.35
[rosout][INFO] 2021-12-09 17:55:53,453: hello world 1639072553.45
[rosout][INFO] 2021-12-09 17:55:53,553: hello world 1639072553.55
[rosout][INFO] 2021-12-09 17:55:53,653: hello world 1639072553.65
[rosout][INFO] 2021-12-09 17:55:53,753: hello world 1639072553.75
[rosout][INFO] 2021-12-09 17:55:53,853: hello world 1639072553.85
[rosout][INFO] 2021-12-09 17:55:53,953: hello world 1639072553.95
[rosout][INFO] 2021-12-09 17:55:54,053: hello world 1639072554.05
[rosout][INFO] 2021-12-09 17:55:54,153: hello world 1639072554.15
[rosout][INFO] 2021-12-09 17:55:54,253: hello world 1639072554.25
[rosout][INFO] 2021-12-09 17:55:54,353: hello world 1639072554.35
[rosout][INFO] 2021-12-09 17:55:54,453: hello world 1639072554.45
[rosout][INFO] 2021-12-09 17:55:54,553: hello world 1639072554.55
[rosout][INFO] 2021-12-09 17:55:54,653: hello world 1639072554.65
[rosout][INFO] 2021-12-09 17:55:54,754: hello world 1639072554.75
[rosout][INFO] 2021-12-09 17:55:54,853: hello world 1639072554.85
[rosout][INFO] 2021-12-09 17:55:54,953: hello world 1639072554.95
[rosout][INFO] 2021-12-09 17:55:55,053: hello world 1639072555.05
[rosout][INFO] 2021-12-09 17:55:55,153: hello world 1639072555.15
[rosout][INFO] 2021-12-09 17:55:55,253: hello world 1639072555.25
[rosout][INFO] 2021-12-09 17:55:55,353: hello world 1639072555.35
[rosout][INFO] 2021-12-09 17:55:55,453: hello world 1639072555.45
[rosout][INFO] 2021-12-09 17:55:55,553: hello world 1639072555.55
[rosout][INFO] 2021-12-09 17:55:55,653: hello world 1639072555.65
[rosout][INFO] 2021-12-09 17:55:55,753: hello world 1639072555.75
[rosout][INFO] 2021-12-09 17:55:55,853: hello world 1639072555.85
[rosout][INFO] 2021-12-09 17:55:55,953: hello world 1639072555.95
[rosout][INFO] 2021-12-09 17:55:56,053: hello world 1639072556.05
[rosout][INFO] 2021-12-09 17:55:56,153: hello world 1639072556.15
[rosout][INFO] 2021-12-09 17:55:56,253: hello world 1639072556.25
[rosout][INFO] 2021-12-09 17:55:56,353: hello world 1639072556.35
[rosout][INFO] 2021-12-09 17:55:56,453: hello world 1639072556.45
[rosout][INFO] 2021-12-09 17:55:56,553: hello world 1639072556.55
[rosout][INFO] 2021-12-09 17:55:56,653: hello world 1639072556.65
[rosout][INFO] 2021-12-09 17:55:56,753: hello world 1639072556.75
[rosout][INFO] 2021-12-09 17:55:56,853: hello world 1639072556.85
[rosout][INFO] 2021-12-09 17:55:56,953: hello world 1639072556.95
[rosout][INFO] 2021-12-09 17:55:57,053: hello world 1639072557.05
[rosout][INFO] 2021-12-09 17:55:57,153: hello world 1639072557.15
[rosout][INFO] 2021-12-09 17:55:57,253: hello world 1639072557.25
[rosout][INFO] 2021-12-09 17:55:57,353: hello world 1639072557.35
[rosout][INFO] 2021-12-09 17:55:57,453: hello world 1639072557.45
[rosout][INFO] 2021-12-09 17:55:57,553: hello world 1639072557.55
[rosout][INFO] 2021-12-09 17:55:57,653: hello world 1639072557.65
[rosout][INFO] 2021-12-09 17:55:57,753: hello world 1639072557.75
[rosout][INFO] 2021-12-09 17:55:57,853: hello world 1639072557.85
[rosout][INFO] 2021-12-09 17:55:57,953: hello world 1639072557.95
[rosout][INFO] 2021-12-09 17:55:58,053: hello world 1639072558.05
[rosout][INFO] 2021-12-09 17:55:58,153: hello world 1639072558.15
[rosout][INFO] 2021-12-09 17:55:58,253: hello world 1639072558.25
[rosout][INFO] 2021-12-09 17:55:58,353: hello world 1639072558.35
[rosout][INFO] 2021-12-09 17:55:58,453: hello world 1639072558.45
[rosout][INFO] 2021-12-09 17:55:58,553: hello world 1639072558.55
[rosout][INFO] 2021-12-09 17:55:58,653: hello world 1639072558.65
[rosout][INFO] 2021-12-09 17:55:58,753: hello world 1639072558.75
[rosout][INFO] 2021-12-09 17:55:58,853: hello world 1639072558.85
[rosout][INFO] 2021-12-09 17:55:58,953: hello world 1639072558.95
[rosout][INFO] 2021-12-09 17:55:59,053: hello world 1639072559.05
[rosout][INFO] 2021-12-09 17:55:59,153: hello world 1639072559.15
[rosout][INFO] 2021-12-09 17:55:59,253: hello world 1639072559.25
[rosout][INFO] 2021-12-09 17:55:59,353: hello world 1639072559.35
[rosout][INFO] 2021-12-09 17:55:59,453: hello world 1639072559.45
[rosout][INFO] 2021-12-09 17:55:59,553: hello world 1639072559.55
[rosout][INFO] 2021-12-09 17:55:59,653: hello world 1639072559.65
[rosout][INFO] 2021-12-09 17:55:59,753: hello world 1639072559.75
[rosout][INFO] 2021-12-09 17:55:59,853: hello world 1639072559.85
[rosout][INFO] 2021-12-09 17:55:59,953: hello world 1639072559.95
[rosout][INFO] 2021-12-09 17:56:00,053: hello world 1639072560.05
[rosout][INFO] 2021-12-09 17:56:00,153: hello world 1639072560.15
[rosout][INFO] 2021-12-09 17:56:00,253: hello world 1639072560.25
[rosout][INFO] 2021-12-09 17:56:00,353: hello world 1639072560.35
[rosout][INFO] 2021-12-09 17:56:00,453: hello world 1639072560.45
[rosout][INFO] 2021-12-09 17:56:00,554: hello world 1639072560.55
[rosout][INFO] 2021-12-09 17:56:00,653: hello world 1639072560.65
[rosout][INFO] 2021-12-09 17:56:00,753: hello world 1639072560.75
[rosout][INFO] 2021-12-09 17:56:00,853: hello world 1639072560.85
[rosout][INFO] 2021-12-09 17:56:00,953: hello world 1639072560.95
[rosout][INFO] 2021-12-09 17:56:01,053: hello world 1639072561.05
[rosout][INFO] 2021-12-09 17:56:01,153: hello world 1639072561.15
[rosout][INFO] 2021-12-09 17:56:01,253: hello world 1639072561.25
[rosout][INFO] 2021-12-09 17:56:01,353: hello world 1639072561.35
[rosout][INFO] 2021-12-09 17:56:01,453: hello world 1639072561.45
[rosout][INFO] 2021-12-09 17:56:01,553: hello world 1639072561.55
[rosout][INFO] 2021-12-09 17:56:01,653: hello world 1639072561.65
[rosout][INFO] 2021-12-09 17:56:01,753: hello world 1639072561.75
[rosout][INFO] 2021-12-09 17:56:01,853: hello world 1639072561.85
[rosout][INFO] 2021-12-09 17:56:01,953: hello world 1639072561.95
[rosout][INFO] 2021-12-09 17:56:02,053: hello world 1639072562.05
[rosout][INFO] 2021-12-09 17:56:02,153: hello world 1639072562.15
[rosout][INFO] 2021-12-09 17:56:02,253: hello world 1639072562.25
[rosout][INFO] 2021-12-09 17:56:02,353: hello world 1639072562.35
[rosout][INFO] 2021-12-09 17:56:02,453: hello world 1639072562.45
[rosout][INFO] 2021-12-09 17:56:02,553: hello world 1639072562.55
[rosout][INFO] 2021-12-09 17:56:02,653: hello world 1639072562.65
[rosout][INFO] 2021-12-09 17:56:02,753: hello world 1639072562.75
[rosout][INFO] 2021-12-09 17:56:02,853: hello world 1639072562.85
[rosout][INFO] 2021-12-09 17:56:02,953: hello world 1639072562.95
[rosout][INFO] 2021-12-09 17:56:03,053: hello world 1639072563.05
[rosout][INFO] 2021-12-09 17:56:03,153: hello world 1639072563.15
[rosout][INFO] 2021-12-09 17:56:03,253: hello world 1639072563.25
[rosout][INFO] 2021-12-09 17:56:03,353: hello world 1639072563.35
[rosout][INFO] 2021-12-09 17:56:03,453: hello world 1639072563.45
[rosout][INFO] 2021-12-09 17:56:03,553: hello world 1639072563.55
[rosout][INFO] 2021-12-09 17:56:03,653: hello world 1639072563.65
[rosout][INFO] 2021-12-09 17:56:03,753: hello world 1639072563.75
[rosout][INFO] 2021-12-09 17:56:03,853: hello world 1639072563.85
[rosout][INFO] 2021-12-09 17:56:03,953: hello world 1639072563.95
[rosout][INFO] 2021-12-09 17:56:04,053: hello world 1639072564.05
[rosout][INFO] 2021-12-09 17:56:04,153: hello world 1639072564.15
[rosout][INFO] 2021-12-09 17:56:04,253: hello world 1639072564.25
[rosout][INFO] 2021-12-09 17:56:04,353: hello world 1639072564.35
[rosout][INFO] 2021-12-09 17:56:04,453: hello world 1639072564.45
[rosout][INFO] 2021-12-09 17:56:04,553: hello world 1639072564.55
[rosout][INFO] 2021-12-09 17:56:04,653: hello world 1639072564.65
[rosout][INFO] 2021-12-09 17:56:04,753: hello world 1639072564.75
[rosout][INFO] 2021-12-09 17:56:04,853: hello world 1639072564.85
[rosout][INFO] 2021-12-09 17:56:04,953: hello world 1639072564.95
[rosout][INFO] 2021-12-09 17:56:05,053: hello world 1639072565.05
[rosout][INFO] 2021-12-09 17:56:05,153: hello world 1639072565.15
[rosout][INFO] 2021-12-09 17:56:05,253: hello world 1639072565.25
[rosout][INFO] 2021-12-09 17:56:05,354: hello world 1639072565.35
[rosout][INFO] 2021-12-09 17:56:05,453: hello world 1639072565.45
[rosout][INFO] 2021-12-09 17:56:05,553: hello world 1639072565.55
[rosout][INFO] 2021-12-09 17:56:05,653: hello world 1639072565.65
[rosout][INFO] 2021-12-09 17:56:05,753: hello world 1639072565.75
[rosout][INFO] 2021-12-09 17:56:05,853: hello world 1639072565.85
[rosout][INFO] 2021-12-09 17:56:05,953: hello world 1639072565.95
[rosout][INFO] 2021-12-09 17:56:06,053: hello world 1639072566.05
[rosout][INFO] 2021-12-09 17:56:06,153: hello world 1639072566.15
[rosout][INFO] 2021-12-09 17:56:06,253: hello world 1639072566.25
[rosout][INFO] 2021-12-09 17:56:06,353: hello world 1639072566.35
[rosout][INFO] 2021-12-09 17:56:06,453: hello world 1639072566.45
[rosout][INFO] 2021-12-09 17:56:06,553: hello world 1639072566.55
[rosout][INFO] 2021-12-09 17:56:06,653: hello world 1639072566.65
[rosout][INFO] 2021-12-09 17:56:06,753: hello world 1639072566.75
[rosout][INFO] 2021-12-09 17:56:06,853: hello world 1639072566.85
[rosout][INFO] 2021-12-09 17:56:06,953: hello world 1639072566.95
[rosout][INFO] 2021-12-09 17:56:07,053: hello world 1639072567.05
[rosout][INFO] 2021-12-09 17:56:07,153: hello world 1639072567.15
[rosout][INFO] 2021-12-09 17:56:07,253: hello world 1639072567.25
[rosout][INFO] 2021-12-09 17:56:07,353: hello world 1639072567.35
[rosout][INFO] 2021-12-09 17:56:07,453: hello world 1639072567.45
[rosout][INFO] 2021-12-09 17:56:07,553: hello world 1639072567.55
[rosout][INFO] 2021-12-09 17:56:07,653: hello world 1639072567.65
[rosout][INFO] 2021-12-09 17:56:07,753: hello world 1639072567.75
[rosout][INFO] 2021-12-09 17:56:07,854: hello world 1639072567.85
[rosout][INFO] 2021-12-09 17:56:07,953: hello world 1639072567.95
[rosout][INFO] 2021-12-09 17:56:08,053: hello world 1639072568.05
[rosout][INFO] 2021-12-09 17:56:08,153: hello world 1639072568.15
[rosout][INFO] 2021-12-09 17:56:08,253: hello world 1639072568.25
[rosout][INFO] 2021-12-09 17:56:08,353: hello world 1639072568.35
[rosout][INFO] 2021-12-09 17:56:08,453: hello world 1639072568.45
[rosout][INFO] 2021-12-09 17:56:08,553: hello world 1639072568.55
[rosout][INFO] 2021-12-09 17:56:08,653: hello world 1639072568.65
[rosout][INFO] 2021-12-09 17:56:08,753: hello world 1639072568.75
[rosout][INFO] 2021-12-09 17:56:08,853: hello world 1639072568.85
[rosout][INFO] 2021-12-09 17:56:08,953: hello world 1639072568.95
[rosout][INFO] 2021-12-09 17:56:09,053: hello world 1639072569.05
[rosout][INFO] 2021-12-09 17:56:09,153: hello world 1639072569.15
[rosout][INFO] 2021-12-09 17:56:09,253: hello world 1639072569.25
[rosout][INFO] 2021-12-09 17:56:09,353: hello world 1639072569.35
[rosout][INFO] 2021-12-09 17:56:09,453: hello world 1639072569.45
[rosout][INFO] 2021-12-09 17:56:09,553: hello world 1639072569.55
[rosout][INFO] 2021-12-09 17:56:09,653: hello world 1639072569.65
[rosout][INFO] 2021-12-09 17:56:09,753: hello world 1639072569.75
[rosout][INFO] 2021-12-09 17:56:09,853: hello world 1639072569.85
[rosout][INFO] 2021-12-09 17:56:09,953: hello world 1639072569.95
[rosout][INFO] 2021-12-09 17:56:10,053: hello world 1639072570.05
[rosout][INFO] 2021-12-09 17:56:10,153: hello world 1639072570.15
[rosout][INFO] 2021-12-09 17:56:10,253: hello world 1639072570.25
[rosout][INFO] 2021-12-09 17:56:10,353: hello world 1639072570.35
[rosout][INFO] 2021-12-09 17:56:10,453: hello world 1639072570.45
[rosout][INFO] 2021-12-09 17:56:10,555: hello world 1639072570.56
[rosout][INFO] 2021-12-09 17:56:10,653: hello world 1639072570.65
[rosout][INFO] 2021-12-09 17:56:10,753: hello world 1639072570.75
[rosout][INFO] 2021-12-09 17:56:10,853: hello world 1639072570.85
[rosout][INFO] 2021-12-09 17:56:10,953: hello world 1639072570.95
[rosout][INFO] 2021-12-09 17:56:11,053: hello world 1639072571.05
[rosout][INFO] 2021-12-09 17:56:11,153: hello world 1639072571.15
[rosout][INFO] 2021-12-09 17:56:11,253: hello world 1639072571.25
[rosout][INFO] 2021-12-09 17:56:11,353: hello world 1639072571.35
[rosout][INFO] 2021-12-09 17:56:11,453: hello world 1639072571.45
[rosout][INFO] 2021-12-09 17:56:11,553: hello world 1639072571.55
[rosout][INFO] 2021-12-09 17:56:11,653: hello world 1639072571.65
[rosout][INFO] 2021-12-09 17:56:11,753: hello world 1639072571.75
[rosout][INFO] 2021-12-09 17:56:11,853: hello world 1639072571.85
[rosout][INFO] 2021-12-09 17:56:11,953: hello world 1639072571.95
[rosout][INFO] 2021-12-09 17:56:12,053: hello world 1639072572.05
[rosout][INFO] 2021-12-09 17:56:12,153: hello world 1639072572.15
[rosout][INFO] 2021-12-09 17:56:12,253: hello world 1639072572.25
[rosout][INFO] 2021-12-09 17:56:12,353: hello world 1639072572.35
[rosout][INFO] 2021-12-09 17:56:12,453: hello world 1639072572.45
[rosout][INFO] 2021-12-09 17:56:12,553: hello world 1639072572.55
[rosout][INFO] 2021-12-09 17:56:12,653: hello world 1639072572.65
[rosout][INFO] 2021-12-09 17:56:12,753: hello world 1639072572.75
[rosout][INFO] 2021-12-09 17:56:12,853: hello world 1639072572.85
[rosout][INFO] 2021-12-09 17:56:12,953: hello world 1639072572.95
[rosout][INFO] 2021-12-09 17:56:13,053: hello world 1639072573.05
[rosout][INFO] 2021-12-09 17:56:13,153: hello world 1639072573.15
[rosout][INFO] 2021-12-09 17:56:13,253: hello world 1639072573.25
[rosout][INFO] 2021-12-09 17:56:13,353: hello world 1639072573.35
[rosout][INFO] 2021-12-09 17:56:13,453: hello world 1639072573.45
[rosout][INFO] 2021-12-09 17:56:13,553: hello world 1639072573.55
[rosout][INFO] 2021-12-09 17:56:13,653: hello world 1639072573.65
[rosout][INFO] 2021-12-09 17:56:13,753: hello world 1639072573.75
[rosout][INFO] 2021-12-09 17:56:13,853: hello world 1639072573.85
[rosout][INFO] 2021-12-09 17:56:13,953: hello world 1639072573.95
[rosout][INFO] 2021-12-09 17:56:14,053: hello world 1639072574.05
[rosout][INFO] 2021-12-09 17:56:14,153: hello world 1639072574.15
[rosout][INFO] 2021-12-09 17:56:14,253: hello world 1639072574.25
[rosout][INFO] 2021-12-09 17:56:14,353: hello world 1639072574.35
[rosout][INFO] 2021-12-09 17:56:14,453: hello world 1639072574.45
[rosout][INFO] 2021-12-09 17:56:14,553: hello world 1639072574.55
[rosout][INFO] 2021-12-09 17:56:14,653: hello world 1639072574.65
[rosout][INFO] 2021-12-09 17:56:14,753: hello world 1639072574.75
[rosout][INFO] 2021-12-09 17:56:14,853: hello world 1639072574.85
[rosout][INFO] 2021-12-09 17:56:14,953: hello world 1639072574.95
[rosout][INFO] 2021-12-09 17:56:15,053: hello world 1639072575.05
[rosout][INFO] 2021-12-09 17:56:15,153: hello world 1639072575.15
[rosout][INFO] 2021-12-09 17:56:15,253: hello world 1639072575.25
[rosout][INFO] 2021-12-09 17:56:15,353: hello world 1639072575.35
[rosout][INFO] 2021-12-09 17:56:15,453: hello world 1639072575.45
[rosout][INFO] 2021-12-09 17:56:15,553: hello world 1639072575.55
[rosout][INFO] 2021-12-09 17:56:15,653: hello world 1639072575.65
[rosout][INFO] 2021-12-09 17:56:15,753: hello world 1639072575.75
[rosout][INFO] 2021-12-09 17:56:15,853: hello world 1639072575.85
[rosout][INFO] 2021-12-09 17:56:15,953: hello world 1639072575.95
[rosout][INFO] 2021-12-09 17:56:16,053: hello world 1639072576.05
[rosout][INFO] 2021-12-09 17:56:16,153: hello world 1639072576.15
[rosout][INFO] 2021-12-09 17:56:16,253: hello world 1639072576.25
[rosout][INFO] 2021-12-09 17:56:16,353: hello world 1639072576.35
[rosout][INFO] 2021-12-09 17:56:16,453: hello world 1639072576.45
[rosout][INFO] 2021-12-09 17:56:16,553: hello world 1639072576.55
[rosout][INFO] 2021-12-09 17:56:16,653: hello world 1639072576.65
[rosout][INFO] 2021-12-09 17:56:16,753: hello world 1639072576.75
[rosout][INFO] 2021-12-09 17:56:16,853: hello world 1639072576.85
[rosout][INFO] 2021-12-09 17:56:16,953: hello world 1639072576.95
[rosout][INFO] 2021-12-09 17:56:17,053: hello world 1639072577.05
[rosout][INFO] 2021-12-09 17:56:17,153: hello world 1639072577.15
[rosout][INFO] 2021-12-09 17:56:17,253: hello world 1639072577.25
[rosout][INFO] 2021-12-09 17:56:17,353: hello world 1639072577.35
[rosout][INFO] 2021-12-09 17:56:17,453: hello world 1639072577.45
[rosout][INFO] 2021-12-09 17:56:17,553: hello world 1639072577.55
[rosout][INFO] 2021-12-09 17:56:17,653: hello world 1639072577.65
[rosout][INFO] 2021-12-09 17:56:17,753: hello world 1639072577.75
[rosout][INFO] 2021-12-09 17:56:17,853: hello world 1639072577.85
[rosout][INFO] 2021-12-09 17:56:17,953: hello world 1639072577.95
[rosout][INFO] 2021-12-09 17:56:18,053: hello world 1639072578.05
[rosout][INFO] 2021-12-09 17:56:18,153: hello world 1639072578.15
[rosout][INFO] 2021-12-09 17:56:18,253: hello world 1639072578.25
[rosout][INFO] 2021-12-09 17:56:18,353: hello world 1639072578.35
[rosout][INFO] 2021-12-09 17:56:18,453: hello world 1639072578.45
[rosout][INFO] 2021-12-09 17:56:18,553: hello world 1639072578.55
[rosout][INFO] 2021-12-09 17:56:18,653: hello world 1639072578.65
[rosout][INFO] 2021-12-09 17:56:18,753: hello world 1639072578.75
[rosout][INFO] 2021-12-09 17:56:18,853: hello world 1639072578.85
[rosout][INFO] 2021-12-09 17:56:18,953: hello world 1639072578.95
[rosout][INFO] 2021-12-09 17:56:19,053: hello world 1639072579.05
[rosout][INFO] 2021-12-09 17:56:19,153: hello world 1639072579.15
[rosout][INFO] 2021-12-09 17:56:19,253: hello world 1639072579.25
[rosout][INFO] 2021-12-09 17:56:19,353: hello world 1639072579.35
[rosout][INFO] 2021-12-09 17:56:19,453: hello world 1639072579.45
[rosout][INFO] 2021-12-09 17:56:19,553: hello world 1639072579.55
[rosout][INFO] 2021-12-09 17:56:19,653: hello world 1639072579.65
[rosout][INFO] 2021-12-09 17:56:19,753: hello world 1639072579.75
[rosout][INFO] 2021-12-09 17:56:19,853: hello world 1639072579.85
[rosout][INFO] 2021-12-09 17:56:19,953: hello world 1639072579.95
[rosout][INFO] 2021-12-09 17:56:20,054: hello world 1639072580.05
[rosout][INFO] 2021-12-09 17:56:20,153: hello world 1639072580.15
[rosout][INFO] 2021-12-09 17:56:20,253: hello world 1639072580.25
[rosout][INFO] 2021-12-09 17:56:20,353: hello world 1639072580.35
[rosout][INFO] 2021-12-09 17:56:20,453: hello world 1639072580.45
[rosout][INFO] 2021-12-09 17:56:20,553: hello world 1639072580.55
[rosout][INFO] 2021-12-09 17:56:20,653: hello world 1639072580.65
[rosout][INFO] 2021-12-09 17:56:20,753: hello world 1639072580.75
[rosout][INFO] 2021-12-09 17:56:20,853: hello world 1639072580.85
[rosout][INFO] 2021-12-09 17:56:20,953: hello world 1639072580.95
[rosout][INFO] 2021-12-09 17:56:21,053: hello world 1639072581.05
[rosout][INFO] 2021-12-09 17:56:21,153: hello world 1639072581.15
[rosout][INFO] 2021-12-09 17:56:21,253: hello world 1639072581.25
[rosout][INFO] 2021-12-09 17:56:21,353: hello world 1639072581.35
[rosout][INFO] 2021-12-09 17:56:21,453: hello world 1639072581.45
[rosout][INFO] 2021-12-09 17:56:21,553: hello world 1639072581.55
[rosout][INFO] 2021-12-09 17:56:21,653: hello world 1639072581.65
[rosout][INFO] 2021-12-09 17:56:21,753: hello world 1639072581.75
[rosout][INFO] 2021-12-09 17:56:21,853: hello world 1639072581.85
[rosout][INFO] 2021-12-09 17:56:21,953: hello world 1639072581.95
[rosout][INFO] 2021-12-09 17:56:22,053: hello world 1639072582.05
[rosout][INFO] 2021-12-09 17:56:22,153: hello world 1639072582.15
[rosout][INFO] 2021-12-09 17:56:22,253: hello world 1639072582.25
[rosout][INFO] 2021-12-09 17:56:22,353: hello world 1639072582.35
[rosout][INFO] 2021-12-09 17:56:22,453: hello world 1639072582.45
[rosout][INFO] 2021-12-09 17:56:22,553: hello world 1639072582.55
[rosout][INFO] 2021-12-09 17:56:22,653: hello world 1639072582.65
[rosout][INFO] 2021-12-09 17:56:22,753: hello world 1639072582.75
[rosout][INFO] 2021-12-09 17:56:22,853: hello world 1639072582.85
[rosout][INFO] 2021-12-09 17:56:22,953: hello world 1639072582.95
[rosout][INFO] 2021-12-09 17:56:23,053: hello world 1639072583.05
[rosout][INFO] 2021-12-09 17:56:23,153: hello world 1639072583.15
[rosout][INFO] 2021-12-09 17:56:23,253: hello world 1639072583.25
[rosout][INFO] 2021-12-09 17:56:23,353: hello world 1639072583.35
[rosout][INFO] 2021-12-09 17:56:23,453: hello world 1639072583.45
[rosout][INFO] 2021-12-09 17:56:23,553: hello world 1639072583.55
[rosout][INFO] 2021-12-09 17:56:23,653: hello world 1639072583.65
[rosout][INFO] 2021-12-09 17:56:23,753: hello world 1639072583.75
[rosout][INFO] 2021-12-09 17:56:23,853: hello world 1639072583.85
[rosout][INFO] 2021-12-09 17:56:23,953: hello world 1639072583.95
[rosout][INFO] 2021-12-09 17:56:24,053: hello world 1639072584.05
[rosout][INFO] 2021-12-09 17:56:24,153: hello world 1639072584.15
[rosout][INFO] 2021-12-09 17:56:24,253: hello world 1639072584.25
[rosout][INFO] 2021-12-09 17:56:24,353: hello world 1639072584.35
[rosout][INFO] 2021-12-09 17:56:24,453: hello world 1639072584.45
[rosout][INFO] 2021-12-09 17:56:24,553: hello world 1639072584.55
[rosout][INFO] 2021-12-09 17:56:24,653: hello world 1639072584.65
[rosout][INFO] 2021-12-09 17:56:24,753: hello world 1639072584.75
[rosout][INFO] 2021-12-09 17:56:24,853: hello world 1639072584.85
[rosout][INFO] 2021-12-09 17:56:24,953: hello world 1639072584.95
[rosout][INFO] 2021-12-09 17:56:25,053: hello world 1639072585.05
[rosout][INFO] 2021-12-09 17:56:25,153: hello world 1639072585.15
[rosout][INFO] 2021-12-09 17:56:25,253: hello world 1639072585.25
[rosout][INFO] 2021-12-09 17:56:25,353: hello world 1639072585.35
[rosout][INFO] 2021-12-09 17:56:25,453: hello world 1639072585.45
[rosout][INFO] 2021-12-09 17:56:25,553: hello world 1639072585.55
[rosout][INFO] 2021-12-09 17:56:25,653: hello world 1639072585.65
[rosout][INFO] 2021-12-09 17:56:25,753: hello world 1639072585.75
[rosout][INFO] 2021-12-09 17:56:25,853: hello world 1639072585.85
[rosout][INFO] 2021-12-09 17:56:25,953: hello world 1639072585.95
[rosout][INFO] 2021-12-09 17:56:26,054: hello world 1639072586.05
[rosout][INFO] 2021-12-09 17:56:26,153: hello world 1639072586.15
[rosout][INFO] 2021-12-09 17:56:26,253: hello world 1639072586.25
[rosout][INFO] 2021-12-09 17:56:26,353: hello world 1639072586.35
[rosout][INFO] 2021-12-09 17:56:26,453: hello world 1639072586.45
[rosout][INFO] 2021-12-09 17:56:26,553: hello world 1639072586.55
[rosout][INFO] 2021-12-09 17:56:26,653: hello world 1639072586.65
[rosout][INFO] 2021-12-09 17:56:26,753: hello world 1639072586.75
[rosout][INFO] 2021-12-09 17:56:26,853: hello world 1639072586.85
[rosout][INFO] 2021-12-09 17:56:26,953: hello world 1639072586.95
[rosout][INFO] 2021-12-09 17:56:27,053: hello world 1639072587.05
[rosout][INFO] 2021-12-09 17:56:27,153: hello world 1639072587.15
[rosout][INFO] 2021-12-09 17:56:27,253: hello world 1639072587.25
[rosout][INFO] 2021-12-09 17:56:27,353: hello world 1639072587.35
[rosout][INFO] 2021-12-09 17:56:27,453: hello world 1639072587.45
[rosout][INFO] 2021-12-09 17:56:27,553: hello world 1639072587.55
[rosout][INFO] 2021-12-09 17:56:27,653: hello world 1639072587.65
[rosout][INFO] 2021-12-09 17:56:27,753: hello world 1639072587.75
[rosout][INFO] 2021-12-09 17:56:27,853: hello world 1639072587.85
[rosout][INFO] 2021-12-09 17:56:27,953: hello world 1639072587.95
[rosout][INFO] 2021-12-09 17:56:28,053: hello world 1639072588.05
[rosout][INFO] 2021-12-09 17:56:28,153: hello world 1639072588.15
[rosout][INFO] 2021-12-09 17:56:28,253: hello world 1639072588.25
[rosout][INFO] 2021-12-09 17:56:28,353: hello world 1639072588.35
[rosout][INFO] 2021-12-09 17:56:28,453: hello world 1639072588.45
[rosout][INFO] 2021-12-09 17:56:28,553: hello world 1639072588.55
[rosout][INFO] 2021-12-09 17:56:28,653: hello world 1639072588.65
[rosout][INFO] 2021-12-09 17:56:28,753: hello world 1639072588.75
[rosout][INFO] 2021-12-09 17:56:28,853: hello world 1639072588.85
[rosout][INFO] 2021-12-09 17:56:28,953: hello world 1639072588.95
[rosout][INFO] 2021-12-09 17:56:29,053: hello world 1639072589.05
[rosout][INFO] 2021-12-09 17:56:29,153: hello world 1639072589.15
[rosout][INFO] 2021-12-09 17:56:29,253: hello world 1639072589.25
[rosout][INFO] 2021-12-09 17:56:29,353: hello world 1639072589.35
[rosout][INFO] 2021-12-09 17:56:29,453: hello world 1639072589.45
[rosout][INFO] 2021-12-09 17:56:29,553: hello world 1639072589.55
[rosout][INFO] 2021-12-09 17:56:29,653: hello world 1639072589.65
[rosout][INFO] 2021-12-09 17:56:29,753: hello world 1639072589.75
[rosout][INFO] 2021-12-09 17:56:29,853: hello world 1639072589.85
[rosout][INFO] 2021-12-09 17:56:29,953: hello world 1639072589.95
[rosout][INFO] 2021-12-09 17:56:30,053: hello world 1639072590.05
[rosout][INFO] 2021-12-09 17:56:30,153: hello world 1639072590.15
[rosout][INFO] 2021-12-09 17:56:30,253: hello world 1639072590.25
[rosout][INFO] 2021-12-09 17:56:30,353: hello world 1639072590.35
[rosout][INFO] 2021-12-09 17:56:30,453: hello world 1639072590.45
[rosout][INFO] 2021-12-09 17:56:30,553: hello world 1639072590.55
[rosout][INFO] 2021-12-09 17:56:30,653: hello world 1639072590.65
[rosout][INFO] 2021-12-09 17:56:30,753: hello world 1639072590.75
[rosout][INFO] 2021-12-09 17:56:30,853: hello world 1639072590.85
[rosout][INFO] 2021-12-09 17:56:30,953: hello world 1639072590.95
[rosout][INFO] 2021-12-09 17:56:31,053: hello world 1639072591.05
[rosout][INFO] 2021-12-09 17:56:31,153: hello world 1639072591.15
[rosout][INFO] 2021-12-09 17:56:31,253: hello world 1639072591.25
[rosout][INFO] 2021-12-09 17:56:31,353: hello world 1639072591.35
[rosout][INFO] 2021-12-09 17:56:31,453: hello world 1639072591.45
[rosout][INFO] 2021-12-09 17:56:31,553: hello world 1639072591.55
[rosout][INFO] 2021-12-09 17:56:31,653: hello world 1639072591.65
[rosout][INFO] 2021-12-09 17:56:31,753: hello world 1639072591.75
[rosout][INFO] 2021-12-09 17:56:31,854: hello world 1639072591.85
[rosout][INFO] 2021-12-09 17:56:31,953: hello world 1639072591.95
[rosout][INFO] 2021-12-09 17:56:32,053: hello world 1639072592.05
[rosout][INFO] 2021-12-09 17:56:32,153: hello world 1639072592.15
[rosout][INFO] 2021-12-09 17:56:32,254: hello world 1639072592.25
[rosout][INFO] 2021-12-09 17:56:32,353: hello world 1639072592.35
[rosout][INFO] 2021-12-09 17:56:32,453: hello world 1639072592.45
[rosout][INFO] 2021-12-09 17:56:32,553: hello world 1639072592.55
[rosout][INFO] 2021-12-09 17:56:32,653: hello world 1639072592.65
[rosout][INFO] 2021-12-09 17:56:32,753: hello world 1639072592.75
[rosout][INFO] 2021-12-09 17:56:32,853: hello world 1639072592.85
[rosout][INFO] 2021-12-09 17:56:32,953: hello world 1639072592.95
[rosout][INFO] 2021-12-09 17:56:33,053: hello world 1639072593.05
[rosout][INFO] 2021-12-09 17:56:33,153: hello world 1639072593.15
[rosout][INFO] 2021-12-09 17:56:33,253: hello world 1639072593.25
[rosout][INFO] 2021-12-09 17:56:33,353: hello world 1639072593.35
[rosout][INFO] 2021-12-09 17:56:33,453: hello world 1639072593.45
[rosout][INFO] 2021-12-09 17:56:33,553: hello world 1639072593.55
[rosout][INFO] 2021-12-09 17:56:33,653: hello world 1639072593.65
[rosout][INFO] 2021-12-09 17:56:33,753: hello world 1639072593.75
[rosout][INFO] 2021-12-09 17:56:33,853: hello world 1639072593.85
[rosout][INFO] 2021-12-09 17:56:33,953: hello world 1639072593.95
[rosout][INFO] 2021-12-09 17:56:34,053: hello world 1639072594.05
[rosout][INFO] 2021-12-09 17:56:34,153: hello world 1639072594.15
[rosout][INFO] 2021-12-09 17:56:34,253: hello world 1639072594.25
[rosout][INFO] 2021-12-09 17:56:34,353: hello world 1639072594.35
[rosout][INFO] 2021-12-09 17:56:34,453: hello world 1639072594.45
[rosout][INFO] 2021-12-09 17:56:34,553: hello world 1639072594.55
[rosout][INFO] 2021-12-09 17:56:34,653: hello world 1639072594.65
[rosout][INFO] 2021-12-09 17:56:34,753: hello world 1639072594.75
[rosout][INFO] 2021-12-09 17:56:34,853: hello world 1639072594.85
[rosout][INFO] 2021-12-09 17:56:34,953: hello world 1639072594.95
[rosout][INFO] 2021-12-09 17:56:35,053: hello world 1639072595.05
[rosout][INFO] 2021-12-09 17:56:35,153: hello world 1639072595.15
[rosout][INFO] 2021-12-09 17:56:35,253: hello world 1639072595.25
[rosout][INFO] 2021-12-09 17:56:35,353: hello world 1639072595.35
[rosout][INFO] 2021-12-09 17:56:35,453: hello world 1639072595.45
[rosout][INFO] 2021-12-09 17:56:35,553: hello world 1639072595.55
[rosout][INFO] 2021-12-09 17:56:35,653: hello world 1639072595.65
[rosout][INFO] 2021-12-09 17:56:35,753: hello world 1639072595.75
[rosout][INFO] 2021-12-09 17:56:35,853: hello world 1639072595.85
[rosout][INFO] 2021-12-09 17:56:35,953: hello world 1639072595.95
[rosout][INFO] 2021-12-09 17:56:36,053: hello world 1639072596.05
[rosout][INFO] 2021-12-09 17:56:36,153: hello world 1639072596.15
[rosout][INFO] 2021-12-09 17:56:36,253: hello world 1639072596.25
[rosout][INFO] 2021-12-09 17:56:36,353: hello world 1639072596.35
[rosout][INFO] 2021-12-09 17:56:36,453: hello world 1639072596.45
[rosout][INFO] 2021-12-09 17:56:36,553: hello world 1639072596.55
[rosout][INFO] 2021-12-09 17:56:36,653: hello world 1639072596.65
[rosout][INFO] 2021-12-09 17:56:36,753: hello world 1639072596.75
[rosout][INFO] 2021-12-09 17:56:36,853: hello world 1639072596.85
[rosout][INFO] 2021-12-09 17:56:36,953: hello world 1639072596.95
[rosout][INFO] 2021-12-09 17:56:37,053: hello world 1639072597.05
[rosout][INFO] 2021-12-09 17:56:37,153: hello world 1639072597.15
[rosout][INFO] 2021-12-09 17:56:37,253: hello world 1639072597.25
[rosout][INFO] 2021-12-09 17:56:37,353: hello world 1639072597.35
[rosout][INFO] 2021-12-09 17:56:37,453: hello world 1639072597.45
[rosout][INFO] 2021-12-09 17:56:37,553: hello world 1639072597.55
[rosout][INFO] 2021-12-09 17:56:37,653: hello world 1639072597.65
[rosout][INFO] 2021-12-09 17:56:37,753: hello world 1639072597.75
[rosout][INFO] 2021-12-09 17:56:37,853: hello world 1639072597.85
[rosout][INFO] 2021-12-09 17:56:37,953: hello world 1639072597.95
[rosout][INFO] 2021-12-09 17:56:38,053: hello world 1639072598.05
[rosout][INFO] 2021-12-09 17:56:38,153: hello world 1639072598.15
[rosout][INFO] 2021-12-09 17:56:38,253: hello world 1639072598.25
[rosout][INFO] 2021-12-09 17:56:38,353: hello world 1639072598.35
[rosout][INFO] 2021-12-09 17:56:38,453: hello world 1639072598.45
[rosout][INFO] 2021-12-09 17:56:38,553: hello world 1639072598.55
[rosout][INFO] 2021-12-09 17:56:38,653: hello world 1639072598.65
[rosout][INFO] 2021-12-09 17:56:38,753: hello world 1639072598.75
[rosout][INFO] 2021-12-09 17:56:38,853: hello world 1639072598.85
[rosout][INFO] 2021-12-09 17:56:38,953: hello world 1639072598.95
[rosout][INFO] 2021-12-09 17:56:39,053: hello world 1639072599.05
[rosout][INFO] 2021-12-09 17:56:39,153: hello world 1639072599.15
[rosout][INFO] 2021-12-09 17:56:39,253: hello world 1639072599.25
[rosout][INFO] 2021-12-09 17:56:39,353: hello world 1639072599.35
[rosout][INFO] 2021-12-09 17:56:39,453: hello world 1639072599.45
[rosout][INFO] 2021-12-09 17:56:39,553: hello world 1639072599.55
[rosout][INFO] 2021-12-09 17:56:39,653: hello world 1639072599.65
[rosout][INFO] 2021-12-09 17:56:39,753: hello world 1639072599.75
[rosout][INFO] 2021-12-09 17:56:39,853: hello world 1639072599.85
[rosout][INFO] 2021-12-09 17:56:39,953: hello world 1639072599.95
[rosout][INFO] 2021-12-09 17:56:40,053: hello world 1639072600.05
[rosout][INFO] 2021-12-09 17:56:40,153: hello world 1639072600.15
[rosout][INFO] 2021-12-09 17:56:40,253: hello world 1639072600.25
[rosout][INFO] 2021-12-09 17:56:40,353: hello world 1639072600.35
[rosout][INFO] 2021-12-09 17:56:40,453: hello world 1639072600.45
[rosout][INFO] 2021-12-09 17:56:40,553: hello world 1639072600.55
[rosout][INFO] 2021-12-09 17:56:40,653: hello world 1639072600.65
[rosout][INFO] 2021-12-09 17:56:40,753: hello world 1639072600.75
[rosout][INFO] 2021-12-09 17:56:40,853: hello world 1639072600.85
[rosout][INFO] 2021-12-09 17:56:40,953: hello world 1639072600.95
[rosout][INFO] 2021-12-09 17:56:41,053: hello world 1639072601.05
[rosout][INFO] 2021-12-09 17:56:41,153: hello world 1639072601.15
[rosout][INFO] 2021-12-09 17:56:41,253: hello world 1639072601.25
[rosout][INFO] 2021-12-09 17:56:41,353: hello world 1639072601.35
[rosout][INFO] 2021-12-09 17:56:41,453: hello world 1639072601.45
[rosout][INFO] 2021-12-09 17:56:41,553: hello world 1639072601.55
[rosout][INFO] 2021-12-09 17:56:41,653: hello world 1639072601.65
[rosout][INFO] 2021-12-09 17:56:41,753: hello world 1639072601.75
[rosout][INFO] 2021-12-09 17:56:41,853: hello world 1639072601.85
[rosout][INFO] 2021-12-09 17:56:41,953: hello world 1639072601.95
[rosout][INFO] 2021-12-09 17:56:42,053: hello world 1639072602.05
[rosout][INFO] 2021-12-09 17:56:42,153: hello world 1639072602.15
[rosout][INFO] 2021-12-09 17:56:42,253: hello world 1639072602.25
[rosout][INFO] 2021-12-09 17:56:42,353: hello world 1639072602.35
[rosout][INFO] 2021-12-09 17:56:42,453: hello world 1639072602.45
[rosout][INFO] 2021-12-09 17:56:42,553: hello world 1639072602.55
[rosout][INFO] 2021-12-09 17:56:42,653: hello world 1639072602.65
[rosout][INFO] 2021-12-09 17:56:42,753: hello world 1639072602.75
[rosout][INFO] 2021-12-09 17:56:42,853: hello world 1639072602.85
[rosout][INFO] 2021-12-09 17:56:42,953: hello world 1639072602.95
[rosout][INFO] 2021-12-09 17:56:43,053: hello world 1639072603.05
[rosout][INFO] 2021-12-09 17:56:43,153: hello world 1639072603.15
[rosout][INFO] 2021-12-09 17:56:43,253: hello world 1639072603.25
[rosout][INFO] 2021-12-09 17:56:43,353: hello world 1639072603.35
[rosout][INFO] 2021-12-09 17:56:43,453: hello world 1639072603.45
[rosout][INFO] 2021-12-09 17:56:43,553: hello world 1639072603.55
[rosout][INFO] 2021-12-09 17:56:43,653: hello world 1639072603.65
[rosout][INFO] 2021-12-09 17:56:43,753: hello world 1639072603.75
[rosout][INFO] 2021-12-09 17:56:43,853: hello world 1639072603.85
[rosout][INFO] 2021-12-09 17:56:43,953: hello world 1639072603.95
[rosout][INFO] 2021-12-09 17:56:44,053: hello world 1639072604.05
[rosout][INFO] 2021-12-09 17:56:44,153: hello world 1639072604.15
[rosout][INFO] 2021-12-09 17:56:44,253: hello world 1639072604.25
[rosout][INFO] 2021-12-09 17:56:44,353: hello world 1639072604.35
[rosout][INFO] 2021-12-09 17:56:44,453: hello world 1639072604.45
[rosout][INFO] 2021-12-09 17:56:44,553: hello world 1639072604.55
[rosout][INFO] 2021-12-09 17:56:44,653: hello world 1639072604.65
[rosout][INFO] 2021-12-09 17:56:44,754: hello world 1639072604.75
[rosout][INFO] 2021-12-09 17:56:44,853: hello world 1639072604.85
[rosout][INFO] 2021-12-09 17:56:44,953: hello world 1639072604.95
[rosout][INFO] 2021-12-09 17:56:45,053: hello world 1639072605.05
[rosout][INFO] 2021-12-09 17:56:45,153: hello world 1639072605.15
[rosout][INFO] 2021-12-09 17:56:45,253: hello world 1639072605.25
[rosout][INFO] 2021-12-09 17:56:45,353: hello world 1639072605.35
[rosout][INFO] 2021-12-09 17:56:45,453: hello world 1639072605.45
[rosout][INFO] 2021-12-09 17:56:45,553: hello world 1639072605.55
[rosout][INFO] 2021-12-09 17:56:45,653: hello world 1639072605.65
[rosout][INFO] 2021-12-09 17:56:45,753: hello world 1639072605.75
[rosout][INFO] 2021-12-09 17:56:45,853: hello world 1639072605.85
[rosout][INFO] 2021-12-09 17:56:45,953: hello world 1639072605.95
[rosout][INFO] 2021-12-09 17:56:46,053: hello world 1639072606.05
[rosout][INFO] 2021-12-09 17:56:46,153: hello world 1639072606.15
[rosout][INFO] 2021-12-09 17:56:46,253: hello world 1639072606.25
[rosout][INFO] 2021-12-09 17:56:46,353: hello world 1639072606.35
[rosout][INFO] 2021-12-09 17:56:46,453: hello world 1639072606.45
[rosout][INFO] 2021-12-09 17:56:46,553: hello world 1639072606.55
[rosout][INFO] 2021-12-09 17:56:46,653: hello world 1639072606.65
[rosout][INFO] 2021-12-09 17:56:46,753: hello world 1639072606.75
[rosout][INFO] 2021-12-09 17:56:46,853: hello world 1639072606.85
[rosout][INFO] 2021-12-09 17:56:46,953: hello world 1639072606.95
[rosout][INFO] 2021-12-09 17:56:47,053: hello world 1639072607.05
[rosout][INFO] 2021-12-09 17:56:47,153: hello world 1639072607.15
[rosout][INFO] 2021-12-09 17:56:47,253: hello world 1639072607.25
[rosout][INFO] 2021-12-09 17:56:47,353: hello world 1639072607.35
[rosout][INFO] 2021-12-09 17:56:47,453: hello world 1639072607.45
[rosout][INFO] 2021-12-09 17:56:47,553: hello world 1639072607.55
[rosout][INFO] 2021-12-09 17:56:47,653: hello world 1639072607.65
[rosout][INFO] 2021-12-09 17:56:47,753: hello world 1639072607.75
[rosout][INFO] 2021-12-09 17:56:47,853: hello world 1639072607.85
[rosout][INFO] 2021-12-09 17:56:47,953: hello world 1639072607.95
[rosout][INFO] 2021-12-09 17:56:48,053: hello world 1639072608.05
[rosout][INFO] 2021-12-09 17:56:48,153: hello world 1639072608.15
[rosout][INFO] 2021-12-09 17:56:48,253: hello world 1639072608.25
[rosout][INFO] 2021-12-09 17:56:48,353: hello world 1639072608.35
[rosout][INFO] 2021-12-09 17:56:48,453: hello world 1639072608.45
[rosout][INFO] 2021-12-09 17:56:48,553: hello world 1639072608.55
[rosout][INFO] 2021-12-09 17:56:48,653: hello world 1639072608.65
[rosout][INFO] 2021-12-09 17:56:48,753: hello world 1639072608.75
[rosout][INFO] 2021-12-09 17:56:48,853: hello world 1639072608.85
[rosout][INFO] 2021-12-09 17:56:48,953: hello world 1639072608.95
[rosout][INFO] 2021-12-09 17:56:49,053: hello world 1639072609.05
[rosout][INFO] 2021-12-09 17:56:49,153: hello world 1639072609.15
[rosout][INFO] 2021-12-09 17:56:49,253: hello world 1639072609.25
[rosout][INFO] 2021-12-09 17:56:49,353: hello world 1639072609.35
[rosout][INFO] 2021-12-09 17:56:49,453: hello world 1639072609.45
[rosout][INFO] 2021-12-09 17:56:49,553: hello world 1639072609.55
[rosout][INFO] 2021-12-09 17:56:49,653: hello world 1639072609.65
[rosout][INFO] 2021-12-09 17:56:49,753: hello world 1639072609.75
[rosout][INFO] 2021-12-09 17:56:49,853: hello world 1639072609.85
[rosout][INFO] 2021-12-09 17:56:49,953: hello world 1639072609.95
[rosout][INFO] 2021-12-09 17:56:50,053: hello world 1639072610.05
[rosout][INFO] 2021-12-09 17:56:50,153: hello world 1639072610.15
[rosout][INFO] 2021-12-09 17:56:50,253: hello world 1639072610.25
[rosout][INFO] 2021-12-09 17:56:50,353: hello world 1639072610.35
[rosout][INFO] 2021-12-09 17:56:50,453: hello world 1639072610.45
[rosout][INFO] 2021-12-09 17:56:50,553: hello world 1639072610.55
[rosout][INFO] 2021-12-09 17:56:50,653: hello world 1639072610.65
[rosout][INFO] 2021-12-09 17:56:50,753: hello world 1639072610.75
[rosout][INFO] 2021-12-09 17:56:50,853: hello world 1639072610.85
[rosout][INFO] 2021-12-09 17:56:50,953: hello world 1639072610.95
[rosout][INFO] 2021-12-09 17:56:51,053: hello world 1639072611.05
[rosout][INFO] 2021-12-09 17:56:51,153: hello world 1639072611.15
[rosout][INFO] 2021-12-09 17:56:51,253: hello world 1639072611.25
[rosout][INFO] 2021-12-09 17:56:51,353: hello world 1639072611.35
[rosout][INFO] 2021-12-09 17:56:51,453: hello world 1639072611.45
[rosout][INFO] 2021-12-09 17:56:51,553: hello world 1639072611.55
[rosout][INFO] 2021-12-09 17:56:51,653: hello world 1639072611.65
[rosout][INFO] 2021-12-09 17:56:51,753: hello world 1639072611.75
[rosout][INFO] 2021-12-09 17:56:51,853: hello world 1639072611.85
[rosout][INFO] 2021-12-09 17:56:51,953: hello world 1639072611.95
[rosout][INFO] 2021-12-09 17:56:52,053: hello world 1639072612.05
[rosout][INFO] 2021-12-09 17:56:52,153: hello world 1639072612.15
[rosout][INFO] 2021-12-09 17:56:52,253: hello world 1639072612.25
[rosout][INFO] 2021-12-09 17:56:52,353: hello world 1639072612.35
[rosout][INFO] 2021-12-09 17:56:52,453: hello world 1639072612.45
[rosout][INFO] 2021-12-09 17:56:52,553: hello world 1639072612.55
[rosout][INFO] 2021-12-09 17:56:52,653: hello world 1639072612.65
[rosout][INFO] 2021-12-09 17:56:52,753: hello world 1639072612.75
[rosout][INFO] 2021-12-09 17:56:52,853: hello world 1639072612.85
[rosout][INFO] 2021-12-09 17:56:52,953: hello world 1639072612.95
[rosout][INFO] 2021-12-09 17:56:53,054: hello world 1639072613.05
[rosout][INFO] 2021-12-09 17:56:53,153: hello world 1639072613.15
[rosout][INFO] 2021-12-09 17:56:53,253: hello world 1639072613.25
[rosout][INFO] 2021-12-09 17:56:53,353: hello world 1639072613.35
[rosout][INFO] 2021-12-09 17:56:53,453: hello world 1639072613.45
[rosout][INFO] 2021-12-09 17:56:53,553: hello world 1639072613.55
[rosout][INFO] 2021-12-09 17:56:53,653: hello world 1639072613.65
[rosout][INFO] 2021-12-09 17:56:53,753: hello world 1639072613.75
[rosout][INFO] 2021-12-09 17:56:53,853: hello world 1639072613.85
[rosout][INFO] 2021-12-09 17:56:53,953: hello world 1639072613.95
[rosout][INFO] 2021-12-09 17:56:54,053: hello world 1639072614.05
[rosout][INFO] 2021-12-09 17:56:54,153: hello world 1639072614.15
[rosout][INFO] 2021-12-09 17:56:54,253: hello world 1639072614.25
[rosout][INFO] 2021-12-09 17:56:54,353: hello world 1639072614.35
[rosout][INFO] 2021-12-09 17:56:54,453: hello world 1639072614.45
[rosout][INFO] 2021-12-09 17:56:54,553: hello world 1639072614.55
[rosout][INFO] 2021-12-09 17:56:54,653: hello world 1639072614.65
[rosout][INFO] 2021-12-09 17:56:54,753: hello world 1639072614.75
[rosout][INFO] 2021-12-09 17:56:54,853: hello world 1639072614.85
[rosout][INFO] 2021-12-09 17:56:54,953: hello world 1639072614.95
[rosout][INFO] 2021-12-09 17:56:55,053: hello world 1639072615.05
[rosout][INFO] 2021-12-09 17:56:55,153: hello world 1639072615.15
[rosout][INFO] 2021-12-09 17:56:55,253: hello world 1639072615.25
[rosout][INFO] 2021-12-09 17:56:55,353: hello world 1639072615.35
[rosout][INFO] 2021-12-09 17:56:55,453: hello world 1639072615.45
[rosout][INFO] 2021-12-09 17:56:55,553: hello world 1639072615.55
[rosout][INFO] 2021-12-09 17:56:55,653: hello world 1639072615.65
[rosout][INFO] 2021-12-09 17:56:55,753: hello world 1639072615.75
[rosout][INFO] 2021-12-09 17:56:55,853: hello world 1639072615.85
[rosout][INFO] 2021-12-09 17:56:55,953: hello world 1639072615.95
[rosout][INFO] 2021-12-09 17:56:56,053: hello world 1639072616.05
[rosout][INFO] 2021-12-09 17:56:56,153: hello world 1639072616.15
[rosout][INFO] 2021-12-09 17:56:56,253: hello world 1639072616.25
[rosout][INFO] 2021-12-09 17:56:56,353: hello world 1639072616.35
[rosout][INFO] 2021-12-09 17:56:56,453: hello world 1639072616.45
[rosout][INFO] 2021-12-09 17:56:56,553: hello world 1639072616.55
[rosout][INFO] 2021-12-09 17:56:56,654: hello world 1639072616.65
[rosout][INFO] 2021-12-09 17:56:56,754: hello world 1639072616.75
[rosout][INFO] 2021-12-09 17:56:56,853: hello world 1639072616.85
[rosout][INFO] 2021-12-09 17:56:56,953: hello world 1639072616.95
[rosout][INFO] 2021-12-09 17:56:57,053: hello world 1639072617.05
[rosout][INFO] 2021-12-09 17:56:57,153: hello world 1639072617.15
[rosout][INFO] 2021-12-09 17:56:57,253: hello world 1639072617.25
[rosout][INFO] 2021-12-09 17:56:57,353: hello world 1639072617.35
[rosout][INFO] 2021-12-09 17:56:57,453: hello world 1639072617.45
[rosout][INFO] 2021-12-09 17:56:57,553: hello world 1639072617.55
[rosout][INFO] 2021-12-09 17:56:57,653: hello world 1639072617.65
[rosout][INFO] 2021-12-09 17:56:57,753: hello world 1639072617.75
[rosout][INFO] 2021-12-09 17:56:57,853: hello world 1639072617.85
[rosout][INFO] 2021-12-09 17:56:57,953: hello world 1639072617.95
[rosout][INFO] 2021-12-09 17:56:58,053: hello world 1639072618.05
[rosout][INFO] 2021-12-09 17:56:58,153: hello world 1639072618.15
[rosout][INFO] 2021-12-09 17:56:58,253: hello world 1639072618.25
[rosout][INFO] 2021-12-09 17:56:58,353: hello world 1639072618.35
[rosout][INFO] 2021-12-09 17:56:58,453: hello world 1639072618.45
[rosout][INFO] 2021-12-09 17:56:58,553: hello world 1639072618.55
[rosout][INFO] 2021-12-09 17:56:58,653: hello world 1639072618.65
[rosout][INFO] 2021-12-09 17:56:58,753: hello world 1639072618.75
[rosout][INFO] 2021-12-09 17:56:58,853: hello world 1639072618.85
[rosout][INFO] 2021-12-09 17:56:58,953: hello world 1639072618.95
[rosout][INFO] 2021-12-09 17:56:59,053: hello world 1639072619.05
[rosout][INFO] 2021-12-09 17:56:59,153: hello world 1639072619.15
[rosout][INFO] 2021-12-09 17:56:59,253: hello world 1639072619.25
[rosout][INFO] 2021-12-09 17:56:59,353: hello world 1639072619.35
[rosout][INFO] 2021-12-09 17:56:59,453: hello world 1639072619.45
[rosout][INFO] 2021-12-09 17:56:59,553: hello world 1639072619.55
[rosout][INFO] 2021-12-09 17:56:59,653: hello world 1639072619.65
[rosout][INFO] 2021-12-09 17:56:59,753: hello world 1639072619.75
[rosout][INFO] 2021-12-09 17:56:59,853: hello world 1639072619.85
[rosout][INFO] 2021-12-09 17:56:59,953: hello world 1639072619.95
[rosout][INFO] 2021-12-09 17:57:00,053: hello world 1639072620.05
[rosout][INFO] 2021-12-09 17:57:00,153: hello world 1639072620.15
[rosout][INFO] 2021-12-09 17:57:00,253: hello world 1639072620.25
[rosout][INFO] 2021-12-09 17:57:00,353: hello world 1639072620.35
[rosout][INFO] 2021-12-09 17:57:00,453: hello world 1639072620.45
[rosout][INFO] 2021-12-09 17:57:00,553: hello world 1639072620.55
[rosout][INFO] 2021-12-09 17:57:00,653: hello world 1639072620.65
[rosout][INFO] 2021-12-09 17:57:00,753: hello world 1639072620.75
[rosout][INFO] 2021-12-09 17:57:00,853: hello world 1639072620.85
[rosout][INFO] 2021-12-09 17:57:00,953: hello world 1639072620.95
[rosout][INFO] 2021-12-09 17:57:01,053: hello world 1639072621.05
[rosout][INFO] 2021-12-09 17:57:01,153: hello world 1639072621.15
[rosout][INFO] 2021-12-09 17:57:01,253: hello world 1639072621.25
[rosout][INFO] 2021-12-09 17:57:01,353: hello world 1639072621.35
[rosout][INFO] 2021-12-09 17:57:01,453: hello world 1639072621.45
[rosout][INFO] 2021-12-09 17:57:01,553: hello world 1639072621.55
[rosout][INFO] 2021-12-09 17:57:01,653: hello world 1639072621.65
[rosout][INFO] 2021-12-09 17:57:01,753: hello world 1639072621.75
[rosout][INFO] 2021-12-09 17:57:01,853: hello world 1639072621.85
[rosout][INFO] 2021-12-09 17:57:01,953: hello world 1639072621.95
[rosout][INFO] 2021-12-09 17:57:02,053: hello world 1639072622.05
[rosout][INFO] 2021-12-09 17:57:02,153: hello world 1639072622.15
[rosout][INFO] 2021-12-09 17:57:02,253: hello world 1639072622.25
[rosout][INFO] 2021-12-09 17:57:02,353: hello world 1639072622.35
[rosout][INFO] 2021-12-09 17:57:02,453: hello world 1639072622.45
[rosout][INFO] 2021-12-09 17:57:02,553: hello world 1639072622.55
[rosout][INFO] 2021-12-09 17:57:02,653: hello world 1639072622.65
[rosout][INFO] 2021-12-09 17:57:02,753: hello world 1639072622.75
[rosout][INFO] 2021-12-09 17:57:02,853: hello world 1639072622.85
[rosout][INFO] 2021-12-09 17:57:02,953: hello world 1639072622.95
[rosout][INFO] 2021-12-09 17:57:03,053: hello world 1639072623.05
[rosout][INFO] 2021-12-09 17:57:03,153: hello world 1639072623.15
[rosout][INFO] 2021-12-09 17:57:03,253: hello world 1639072623.25
[rosout][INFO] 2021-12-09 17:57:03,353: hello world 1639072623.35
[rosout][INFO] 2021-12-09 17:57:03,453: hello world 1639072623.45
[rosout][INFO] 2021-12-09 17:57:03,553: hello world 1639072623.55
[rosout][INFO] 2021-12-09 17:57:03,653: hello world 1639072623.65
[rosout][INFO] 2021-12-09 17:57:03,753: hello world 1639072623.75
[rosout][INFO] 2021-12-09 17:57:03,853: hello world 1639072623.85
[rosout][INFO] 2021-12-09 17:57:03,953: hello world 1639072623.95
[rosout][INFO] 2021-12-09 17:57:04,053: hello world 1639072624.05
[rosout][INFO] 2021-12-09 17:57:04,153: hello world 1639072624.15
[rosout][INFO] 2021-12-09 17:57:04,253: hello world 1639072624.25
[rosout][INFO] 2021-12-09 17:57:04,353: hello world 1639072624.35
[rosout][INFO] 2021-12-09 17:57:04,453: hello world 1639072624.45
[rosout][INFO] 2021-12-09 17:57:04,553: hello world 1639072624.55
[rosout][INFO] 2021-12-09 17:57:04,653: hello world 1639072624.65
[rosout][INFO] 2021-12-09 17:57:04,753: hello world 1639072624.75
[rosout][INFO] 2021-12-09 17:57:04,853: hello world 1639072624.85
[rosout][INFO] 2021-12-09 17:57:04,953: hello world 1639072624.95
[rosout][INFO] 2021-12-09 17:57:05,053: hello world 1639072625.05
[rosout][INFO] 2021-12-09 17:57:05,153: hello world 1639072625.15
[rosout][INFO] 2021-12-09 17:57:05,253: hello world 1639072625.25
[rospy.core][INFO] 2021-12-09 17:57:05,319: signal_shutdown [signal-2]
[rospy.internal][INFO] 2021-12-09 17:57:05,331: topic[/chatter] removing connection to /link_ros
[rospy.internal][INFO] 2021-12-09 17:57:05,332: topic[/rosout] removing connection to /rosout
[rospy.impl.masterslave][INFO] 2021-12-09 17:57:05,333: signal-2
[rospy.core][INFO] 2021-12-09 17:57:05,949: signal_shutdown [atexit]
