[rospy.client][INFO] 2022-01-19 18:55:54,040: init_node, name[/talker_17116_1642618553985], pid[17116]
[xmlrpc][INFO] 2022-01-19 18:55:54,047: XML-RPC server binding to 0.0.0.0:0
[xmlrpc][INFO] 2022-01-19 18:55:54,048: Started XML-RPC server [http://ubuntu:34385/]
[rospy.init][INFO] 2022-01-19 18:55:54,048: ROS Slave URI: [http://ubuntu:34385/]
[rospy.impl.masterslave][INFO] 2022-01-19 18:55:54,049: _ready: http://ubuntu:34385/
[xmlrpc][INFO] 2022-01-19 18:55:54,051: xml rpc node: starting XML-RPC server
[rospy.registration][INFO] 2022-01-19 18:55:54,051: Registering with master node http://localhost:11311
[rospy.registration][INFO] 2022-01-19 18:55:54,052: Registering publisher topic [/chatter] type [std_msgs/String] with master
[rospy.init][INFO] 2022-01-19 18:55:54,150: registered with master
[rospy.rosout][INFO] 2022-01-19 18:55:54,151: initializing /rosout core topic
[rospy.rosout][INFO] 2022-01-19 18:55:54,156: connected to core topic /rosout
[rospy.simtime][INFO] 2022-01-19 18:55:54,159: /use_sim_time is not set, will not subscribe to simulated time [/clock] topic
[rosout][INFO] 2022-01-19 18:55:54,168: hello world 1642618554.17
[rospy.internal][INFO] 2022-01-19 18:55:54,413: topic[/rosout] adding connection to [/rosout], count 0
[rospy.internal][INFO] 2022-01-19 18:55:54,665: topic[/chatter] adding connection to [/link_ros], count 0
[rosout][INFO] 2022-01-19 18:55:58,171: hello world 1642618558.17
[rosout][INFO] 2022-01-19 18:56:02,170: hello world 1642618562.17
[rosout][INFO] 2022-01-19 18:56:06,172: hello world 1642618566.17
[rosout][INFO] 2022-01-19 18:56:10,172: hello world 1642618570.17
[rosout][INFO] 2022-01-19 18:56:14,172: hello world 1642618574.17
[rosout][INFO] 2022-01-19 18:56:18,172: hello world 1642618578.17
[rosout][INFO] 2022-01-19 18:56:22,172: hello world 1642618582.17
[rosout][INFO] 2022-01-19 18:56:26,172: hello world 1642618586.17
[rosout][INFO] 2022-01-19 18:56:30,172: hello world 1642618590.17
[rosout][INFO] 2022-01-19 18:56:34,172: hello world 1642618594.17
[rosout][INFO] 2022-01-19 18:56:38,172: hello world 1642618598.17
[rosout][INFO] 2022-01-19 18:56:42,172: hello world 1642618602.17
[rosout][INFO] 2022-01-19 18:56:46,172: hello world 1642618606.17
[rosout][INFO] 2022-01-19 18:56:50,172: hello world 1642618610.17
[rosout][INFO] 2022-01-19 18:56:54,172: hello world 1642618614.17
[rosout][INFO] 2022-01-19 18:56:58,171: hello world 1642618618.17
[rosout][INFO] 2022-01-19 18:57:02,172: hello world 1642618622.17
[rosout][INFO] 2022-01-19 18:57:06,172: hello world 1642618626.17
[rosout][INFO] 2022-01-19 18:57:10,172: hello world 1642618630.17
[rosout][INFO] 2022-01-19 18:57:14,172: hello world 1642618634.17
[rosout][INFO] 2022-01-19 18:57:18,172: hello world 1642618638.17
[rosout][INFO] 2022-01-19 18:57:22,172: hello world 1642618642.17
[rosout][INFO] 2022-01-19 18:57:26,172: hello world 1642618646.17
[rosout][INFO] 2022-01-19 18:57:30,172: hello world 1642618650.17
[rosout][INFO] 2022-01-19 18:57:34,171: hello world 1642618654.17
[rosout][INFO] 2022-01-19 18:57:38,172: hello world 1642618658.17
[rosout][INFO] 2022-01-19 18:57:42,172: hello world 1642618662.17
[rosout][INFO] 2022-01-19 18:57:46,172: hello world 1642618666.17
[rosout][INFO] 2022-01-19 18:57:50,172: hello world 1642618670.17
[rosout][INFO] 2022-01-19 18:57:54,172: hello world 1642618674.17
[rosout][INFO] 2022-01-19 18:57:58,172: hello world 1642618678.17
[rosout][INFO] 2022-01-19 18:58:02,172: hello world 1642618682.17
[rosout][INFO] 2022-01-19 18:58:06,170: hello world 1642618686.17
[rosout][INFO] 2022-01-19 18:58:10,172: hello world 1642618690.17
[rosout][INFO] 2022-01-19 18:58:14,172: hello world 1642618694.17
[rosout][INFO] 2022-01-19 18:58:18,172: hello world 1642618698.17
[rosout][INFO] 2022-01-19 18:58:22,172: hello world 1642618702.17
[rosout][INFO] 2022-01-19 18:58:26,172: hello world 1642618706.17
[rosout][INFO] 2022-01-19 18:58:30,172: hello world 1642618710.17
[rosout][INFO] 2022-01-19 18:58:34,172: hello world 1642618714.17
[rosout][INFO] 2022-01-19 18:58:38,172: hello world 1642618718.17
[rosout][INFO] 2022-01-19 18:58:42,172: hello world 1642618722.17
[rosout][INFO] 2022-01-19 18:58:46,172: hello world 1642618726.17
[rosout][INFO] 2022-01-19 18:58:50,172: hello world 1642618730.17
[rosout][INFO] 2022-01-19 18:58:54,172: hello world 1642618734.17
[rosout][INFO] 2022-01-19 18:58:58,172: hello world 1642618738.17
[rosout][INFO] 2022-01-19 18:59:02,172: hello world 1642618742.17
[rosout][INFO] 2022-01-19 18:59:06,172: hello world 1642618746.17
[rosout][INFO] 2022-01-19 18:59:10,172: hello world 1642618750.17
[rosout][INFO] 2022-01-19 18:59:14,172: hello world 1642618754.17
[rosout][INFO] 2022-01-19 18:59:18,172: hello world 1642618758.17
[rosout][INFO] 2022-01-19 18:59:22,172: hello world 1642618762.17
[rosout][INFO] 2022-01-19 18:59:26,172: hello world 1642618766.17
[rosout][INFO] 2022-01-19 18:59:30,172: hello world 1642618770.17
[rosout][INFO] 2022-01-19 18:59:34,172: hello world 1642618774.17
[rosout][INFO] 2022-01-19 18:59:38,169: hello world 1642618778.17
[rosout][INFO] 2022-01-19 18:59:42,172: hello world 1642618782.17
[rosout][INFO] 2022-01-19 18:59:46,172: hello world 1642618786.17
[rosout][INFO] 2022-01-19 18:59:50,172: hello world 1642618790.17
[rosout][INFO] 2022-01-19 18:59:54,172: hello world 1642618794.17
[rosout][INFO] 2022-01-19 18:59:58,172: hello world 1642618798.17
[rosout][INFO] 2022-01-19 19:00:02,172: hello world 1642618802.17
[rosout][INFO] 2022-01-19 19:00:06,172: hello world 1642618806.17
[rosout][INFO] 2022-01-19 19:00:10,172: hello world 1642618810.17
[rosout][INFO] 2022-01-19 19:00:14,172: hello world 1642618814.17
[rosout][INFO] 2022-01-19 19:00:18,172: hello world 1642618818.17
[rosout][INFO] 2022-01-19 19:00:22,172: hello world 1642618822.17
[rosout][INFO] 2022-01-19 19:00:26,172: hello world 1642618826.17
[rosout][INFO] 2022-01-19 19:00:30,173: hello world 1642618830.17
[rosout][INFO] 2022-01-19 19:00:34,172: hello world 1642618834.17
[rosout][INFO] 2022-01-19 19:00:38,172: hello world 1642618838.17
[rosout][INFO] 2022-01-19 19:00:42,172: hello world 1642618842.17
[rosout][INFO] 2022-01-19 19:00:46,172: hello world 1642618846.17
[rosout][INFO] 2022-01-19 19:00:50,172: hello world 1642618850.17
[rosout][INFO] 2022-01-19 19:00:54,172: hello world 1642618854.17
[rosout][INFO] 2022-01-19 19:00:58,172: hello world 1642618858.17
[rosout][INFO] 2022-01-19 19:01:02,168: hello world 1642618862.17
[rosout][INFO] 2022-01-19 19:01:06,170: hello world 1642618866.17
[rosout][INFO] 2022-01-19 19:01:10,172: hello world 1642618870.17
[rosout][INFO] 2022-01-19 19:01:14,169: hello world 1642618874.17
[rosout][INFO] 2022-01-19 19:01:18,172: hello world 1642618878.17
[rosout][INFO] 2022-01-19 19:01:22,172: hello world 1642618882.17
[rosout][INFO] 2022-01-19 19:01:26,172: hello world 1642618886.17
[rosout][INFO] 2022-01-19 19:01:30,172: hello world 1642618890.17
[rosout][INFO] 2022-01-19 19:01:34,172: hello world 1642618894.17
[rosout][INFO] 2022-01-19 19:01:38,172: hello world 1642618898.17
[rosout][INFO] 2022-01-19 19:01:42,172: hello world 1642618902.17
[rosout][INFO] 2022-01-19 19:01:46,172: hello world 1642618906.17
[rosout][INFO] 2022-01-19 19:01:50,173: hello world 1642618910.17
[rosout][INFO] 2022-01-19 19:01:54,172: hello world 1642618914.17
[rosout][INFO] 2022-01-19 19:01:58,172: hello world 1642618918.17
[rosout][INFO] 2022-01-19 19:02:02,172: hello world 1642618922.17
[rosout][INFO] 2022-01-19 19:02:06,172: hello world 1642618926.17
[rosout][INFO] 2022-01-19 19:02:10,172: hello world 1642618930.17
[rosout][INFO] 2022-01-19 19:02:14,168: hello world 1642618934.17
[rosout][INFO] 2022-01-19 19:02:18,172: hello world 1642618938.17
[rosout][INFO] 2022-01-19 19:02:22,172: hello world 1642618942.17
[rosout][INFO] 2022-01-19 19:02:26,172: hello world 1642618946.17
[rosout][INFO] 2022-01-19 19:02:30,172: hello world 1642618950.17
[rosout][INFO] 2022-01-19 19:02:34,172: hello world 1642618954.17
[rosout][INFO] 2022-01-19 19:02:38,172: hello world 1642618958.17
[rosout][INFO] 2022-01-19 19:02:42,172: hello world 1642618962.17
[rosout][INFO] 2022-01-19 19:02:46,172: hello world 1642618966.17
[rosout][INFO] 2022-01-19 19:02:50,172: hello world 1642618970.17
[rosout][INFO] 2022-01-19 19:02:54,172: hello world 1642618974.17
[rosout][INFO] 2022-01-19 19:02:58,172: hello world 1642618978.17
[rosout][INFO] 2022-01-19 19:03:02,172: hello world 1642618982.17
[rosout][INFO] 2022-01-19 19:03:06,172: hello world 1642618986.17
[rosout][INFO] 2022-01-19 19:03:10,172: hello world 1642618990.17
[rosout][INFO] 2022-01-19 19:03:14,172: hello world 1642618994.17
[rosout][INFO] 2022-01-19 19:03:18,172: hello world 1642618998.17
[rosout][INFO] 2022-01-19 19:03:22,172: hello world 1642619002.17
[rosout][INFO] 2022-01-19 19:03:26,172: hello world 1642619006.17
[rosout][INFO] 2022-01-19 19:03:30,172: hello world 1642619010.17
[rosout][INFO] 2022-01-19 19:03:34,172: hello world 1642619014.17
[rosout][INFO] 2022-01-19 19:03:38,172: hello world 1642619018.17
[rosout][INFO] 2022-01-19 19:03:42,172: hello world 1642619022.17
[rosout][INFO] 2022-01-19 19:03:46,172: hello world 1642619026.17
[rosout][INFO] 2022-01-19 19:03:50,172: hello world 1642619030.17
[rosout][INFO] 2022-01-19 19:03:54,172: hello world 1642619034.17
[rosout][INFO] 2022-01-19 19:03:58,171: hello world 1642619038.17
[rosout][INFO] 2022-01-19 19:04:02,172: hello world 1642619042.17
[rosout][INFO] 2022-01-19 19:04:06,172: hello world 1642619046.17
[rosout][INFO] 2022-01-19 19:04:10,172: hello world 1642619050.17
[rosout][INFO] 2022-01-19 19:04:14,172: hello world 1642619054.17
[rosout][INFO] 2022-01-19 19:04:18,172: hello world 1642619058.17
[rosout][INFO] 2022-01-19 19:04:22,172: hello world 1642619062.17
[rosout][INFO] 2022-01-19 19:04:26,172: hello world 1642619066.17
[rosout][INFO] 2022-01-19 19:04:30,172: hello world 1642619070.17
[rosout][INFO] 2022-01-19 19:04:34,172: hello world 1642619074.17
[rosout][INFO] 2022-01-19 19:04:38,172: hello world 1642619078.17
[rosout][INFO] 2022-01-19 19:04:42,172: hello world 1642619082.17
[rosout][INFO] 2022-01-19 19:04:46,170: hello world 1642619086.17
[rosout][INFO] 2022-01-19 19:04:50,172: hello world 1642619090.17
[rosout][INFO] 2022-01-19 19:04:54,172: hello world 1642619094.17
[rosout][INFO] 2022-01-19 19:04:58,172: hello world 1642619098.17
[rosout][INFO] 2022-01-19 19:05:02,172: hello world 1642619102.17
[rosout][INFO] 2022-01-19 19:05:06,172: hello world 1642619106.17
[rosout][INFO] 2022-01-19 19:05:10,172: hello world 1642619110.17
[rosout][INFO] 2022-01-19 19:05:14,172: hello world 1642619114.17
[rosout][INFO] 2022-01-19 19:05:18,172: hello world 1642619118.17
[rosout][INFO] 2022-01-19 19:05:22,172: hello world 1642619122.17
[rosout][INFO] 2022-01-19 19:05:26,172: hello world 1642619126.17
[rosout][INFO] 2022-01-19 19:05:30,168: hello world 1642619130.17
[rosout][INFO] 2022-01-19 19:05:34,172: hello world 1642619134.17
[rosout][INFO] 2022-01-19 19:05:38,172: hello world 1642619138.17
[rosout][INFO] 2022-01-19 19:05:42,172: hello world 1642619142.17
[rosout][INFO] 2022-01-19 19:05:46,172: hello world 1642619146.17
[rosout][INFO] 2022-01-19 19:05:50,172: hello world 1642619150.17
[rosout][INFO] 2022-01-19 19:05:54,172: hello world 1642619154.17
[rosout][INFO] 2022-01-19 19:05:58,172: hello world 1642619158.17
[rosout][INFO] 2022-01-19 19:06:02,172: hello world 1642619162.17
[rosout][INFO] 2022-01-19 19:06:06,172: hello world 1642619166.17
[rosout][INFO] 2022-01-19 19:06:10,172: hello world 1642619170.17
[rosout][INFO] 2022-01-19 19:06:14,172: hello world 1642619174.17
[rosout][INFO] 2022-01-19 19:06:18,172: hello world 1642619178.17
[rosout][INFO] 2022-01-19 19:06:22,172: hello world 1642619182.17
[rosout][INFO] 2022-01-19 19:06:26,172: hello world 1642619186.17
[rosout][INFO] 2022-01-19 19:06:30,172: hello world 1642619190.17
[rosout][INFO] 2022-01-19 19:06:34,172: hello world 1642619194.17
[rosout][INFO] 2022-01-19 19:06:38,172: hello world 1642619198.17
[rosout][INFO] 2022-01-19 19:06:42,172: hello world 1642619202.17
[rosout][INFO] 2022-01-19 19:06:46,172: hello world 1642619206.17
[rosout][INFO] 2022-01-19 19:06:50,169: hello world 1642619210.17
[rosout][INFO] 2022-01-19 19:06:54,172: hello world 1642619214.17
[rosout][INFO] 2022-01-19 19:06:58,172: hello world 1642619218.17
[rosout][INFO] 2022-01-19 19:07:02,172: hello world 1642619222.17
[rosout][INFO] 2022-01-19 19:07:06,172: hello world 1642619226.17
[rosout][INFO] 2022-01-19 19:07:10,172: hello world 1642619230.17
[rosout][INFO] 2022-01-19 19:07:14,172: hello world 1642619234.17
[rosout][INFO] 2022-01-19 19:07:18,172: hello world 1642619238.17
[rosout][INFO] 2022-01-19 19:07:22,172: hello world 1642619242.17
[rosout][INFO] 2022-01-19 19:07:26,172: hello world 1642619246.17
[rosout][INFO] 2022-01-19 19:07:30,172: hello world 1642619250.17
[rosout][INFO] 2022-01-19 19:07:34,172: hello world 1642619254.17
[rosout][INFO] 2022-01-19 19:07:38,172: hello world 1642619258.17
[rosout][INFO] 2022-01-19 19:07:42,172: hello world 1642619262.17
[rosout][INFO] 2022-01-19 19:07:46,171: hello world 1642619266.17
[rosout][INFO] 2022-01-19 19:07:50,172: hello world 1642619270.17
[rosout][INFO] 2022-01-19 19:07:54,172: hello world 1642619274.17
[rosout][INFO] 2022-01-19 19:07:58,172: hello world 1642619278.17
[rosout][INFO] 2022-01-19 19:08:02,172: hello world 1642619282.17
[rosout][INFO] 2022-01-19 19:08:06,172: hello world 1642619286.17
[rosout][INFO] 2022-01-19 19:08:10,172: hello world 1642619290.17
[rosout][INFO] 2022-01-19 19:08:14,172: hello world 1642619294.17
[rosout][INFO] 2022-01-19 19:08:18,172: hello world 1642619298.17
[rosout][INFO] 2022-01-19 19:08:22,172: hello world 1642619302.17
[rosout][INFO] 2022-01-19 19:08:26,172: hello world 1642619306.17
[rosout][INFO] 2022-01-19 19:08:30,172: hello world 1642619310.17
[rosout][INFO] 2022-01-19 19:08:34,172: hello world 1642619314.17
[rosout][INFO] 2022-01-19 19:08:38,172: hello world 1642619318.17
[rosout][INFO] 2022-01-19 19:08:42,172: hello world 1642619322.17
[rosout][INFO] 2022-01-19 19:08:46,172: hello world 1642619326.17
[rosout][INFO] 2022-01-19 19:08:50,172: hello world 1642619330.17
[rosout][INFO] 2022-01-19 19:08:54,172: hello world 1642619334.17
[rosout][INFO] 2022-01-19 19:08:58,172: hello world 1642619338.17
[rosout][INFO] 2022-01-19 19:09:02,172: hello world 1642619342.17
[rosout][INFO] 2022-01-19 19:09:06,170: hello world 1642619346.17
[rosout][INFO] 2022-01-19 19:09:10,172: hello world 1642619350.17
[rosout][INFO] 2022-01-19 19:09:14,172: hello world 1642619354.17
[rosout][INFO] 2022-01-19 19:09:18,172: hello world 1642619358.17
[rosout][INFO] 2022-01-19 19:09:22,172: hello world 1642619362.17
[rosout][INFO] 2022-01-19 19:09:26,172: hello world 1642619366.17
[rosout][INFO] 2022-01-19 19:09:30,172: hello world 1642619370.17
[rosout][INFO] 2022-01-19 19:09:34,169: hello world 1642619374.17
[rosout][INFO] 2022-01-19 19:09:38,172: hello world 1642619378.17
[rosout][INFO] 2022-01-19 19:09:42,172: hello world 1642619382.17
[rosout][INFO] 2022-01-19 19:09:46,171: hello world 1642619386.17
[rosout][INFO] 2022-01-19 19:09:50,172: hello world 1642619390.17
[rosout][INFO] 2022-01-19 19:09:54,169: hello world 1642619394.17
[rosout][INFO] 2022-01-19 19:09:58,172: hello world 1642619398.17
[rosout][INFO] 2022-01-19 19:10:02,172: hello world 1642619402.17
[rosout][INFO] 2022-01-19 19:10:06,172: hello world 1642619406.17
[rosout][INFO] 2022-01-19 19:10:10,172: hello world 1642619410.17
[rosout][INFO] 2022-01-19 19:10:14,172: hello world 1642619414.17
[rosout][INFO] 2022-01-19 19:10:18,172: hello world 1642619418.17
[rosout][INFO] 2022-01-19 19:10:22,172: hello world 1642619422.17
[rosout][INFO] 2022-01-19 19:10:26,172: hello world 1642619426.17
[rosout][INFO] 2022-01-19 19:10:30,172: hello world 1642619430.17
[rosout][INFO] 2022-01-19 19:10:34,172: hello world 1642619434.17
[rosout][INFO] 2022-01-19 19:10:38,169: hello world 1642619438.17
[rosout][INFO] 2022-01-19 19:10:42,172: hello world 1642619442.17
[rosout][INFO] 2022-01-19 19:10:46,172: hello world 1642619446.17
[rosout][INFO] 2022-01-19 19:10:50,172: hello world 1642619450.17
[rosout][INFO] 2022-01-19 19:10:54,172: hello world 1642619454.17
[rosout][INFO] 2022-01-19 19:10:58,172: hello world 1642619458.17
[rosout][INFO] 2022-01-19 19:11:02,172: hello world 1642619462.17
[rosout][INFO] 2022-01-19 19:11:06,172: hello world 1642619466.17
[rosout][INFO] 2022-01-19 19:11:10,172: hello world 1642619470.17
[rosout][INFO] 2022-01-19 19:11:14,172: hello world 1642619474.17
[rosout][INFO] 2022-01-19 19:11:18,172: hello world 1642619478.17
[rosout][INFO] 2022-01-19 19:11:22,172: hello world 1642619482.17
[rosout][INFO] 2022-01-19 19:11:26,169: hello world 1642619486.17
[rosout][INFO] 2022-01-19 19:11:30,172: hello world 1642619490.17
[rosout][INFO] 2022-01-19 19:11:34,171: hello world 1642619494.17
[rosout][INFO] 2022-01-19 19:11:38,172: hello world 1642619498.17
[rosout][INFO] 2022-01-19 19:11:42,169: hello world 1642619502.17
[rosout][INFO] 2022-01-19 19:11:46,172: hello world 1642619506.17
[rosout][INFO] 2022-01-19 19:11:50,172: hello world 1642619510.17
[rosout][INFO] 2022-01-19 19:11:54,172: hello world 1642619514.17
[rosout][INFO] 2022-01-19 19:11:58,172: hello world 1642619518.17
[rosout][INFO] 2022-01-19 19:12:02,172: hello world 1642619522.17
[rosout][INFO] 2022-01-19 19:12:06,169: hello world 1642619526.17
[rosout][INFO] 2022-01-19 19:12:10,169: hello world 1642619530.17
[rosout][INFO] 2022-01-19 19:12:14,172: hello world 1642619534.17
[rosout][INFO] 2022-01-19 19:12:18,170: hello world 1642619538.17
[rosout][INFO] 2022-01-19 19:12:22,168: hello world 1642619542.17
[rosout][INFO] 2022-01-19 19:12:26,172: hello world 1642619546.17
[rosout][INFO] 2022-01-19 19:12:30,172: hello world 1642619550.17
[rosout][INFO] 2022-01-19 19:12:34,172: hello world 1642619554.17
[rosout][INFO] 2022-01-19 19:12:38,172: hello world 1642619558.17
[rosout][INFO] 2022-01-19 19:12:42,172: hello world 1642619562.17
[rosout][INFO] 2022-01-19 19:12:46,172: hello world 1642619566.17
[rosout][INFO] 2022-01-19 19:12:50,172: hello world 1642619570.17
[rosout][INFO] 2022-01-19 19:12:54,172: hello world 1642619574.17
[rosout][INFO] 2022-01-19 19:12:58,172: hello world 1642619578.17
[rosout][INFO] 2022-01-19 19:13:02,172: hello world 1642619582.17
[rosout][INFO] 2022-01-19 19:13:06,172: hello world 1642619586.17
[rosout][INFO] 2022-01-19 19:13:10,172: hello world 1642619590.17
[rosout][INFO] 2022-01-19 19:13:14,172: hello world 1642619594.17
[rosout][INFO] 2022-01-19 19:13:18,172: hello world 1642619598.17
[rosout][INFO] 2022-01-19 19:13:22,171: hello world 1642619602.17
[rosout][INFO] 2022-01-19 19:13:26,172: hello world 1642619606.17
[rosout][INFO] 2022-01-19 19:13:30,172: hello world 1642619610.17
[rosout][INFO] 2022-01-19 19:13:34,172: hello world 1642619614.17
[rosout][INFO] 2022-01-19 19:13:38,172: hello world 1642619618.17
[rosout][INFO] 2022-01-19 19:13:42,172: hello world 1642619622.17
[rosout][INFO] 2022-01-19 19:13:46,172: hello world 1642619626.17
[rosout][INFO] 2022-01-19 19:13:50,172: hello world 1642619630.17
[rosout][INFO] 2022-01-19 19:13:54,172: hello world 1642619634.17
[rosout][INFO] 2022-01-19 19:13:58,172: hello world 1642619638.17
[rosout][INFO] 2022-01-19 19:14:02,172: hello world 1642619642.17
[rosout][INFO] 2022-01-19 19:14:06,172: hello world 1642619646.17
[rosout][INFO] 2022-01-19 19:14:10,172: hello world 1642619650.17
[rosout][INFO] 2022-01-19 19:14:14,172: hello world 1642619654.17
[rosout][INFO] 2022-01-19 19:14:18,172: hello world 1642619658.17
[rosout][INFO] 2022-01-19 19:14:22,172: hello world 1642619662.17
[rosout][INFO] 2022-01-19 19:14:26,172: hello world 1642619666.17
[rosout][INFO] 2022-01-19 19:14:30,172: hello world 1642619670.17
[rosout][INFO] 2022-01-19 19:14:34,172: hello world 1642619674.17
[rosout][INFO] 2022-01-19 19:14:38,172: hello world 1642619678.17
[rosout][INFO] 2022-01-19 19:14:42,172: hello world 1642619682.17
[rosout][INFO] 2022-01-19 19:14:46,172: hello world 1642619686.17
[rosout][INFO] 2022-01-19 19:14:50,172: hello world 1642619690.17
[rosout][INFO] 2022-01-19 19:14:54,168: hello world 1642619694.17
[rosout][INFO] 2022-01-19 19:14:58,172: hello world 1642619698.17
[rosout][INFO] 2022-01-19 19:15:02,172: hello world 1642619702.17
[rosout][INFO] 2022-01-19 19:15:06,172: hello world 1642619706.17
[rosout][INFO] 2022-01-19 19:15:10,168: hello world 1642619710.17
[rosout][INFO] 2022-01-19 19:15:14,173: hello world 1642619714.17
[rosout][INFO] 2022-01-19 19:15:18,172: hello world 1642619718.17
[rosout][INFO] 2022-01-19 19:15:22,172: hello world 1642619722.17
[rosout][INFO] 2022-01-19 19:15:26,170: hello world 1642619726.17
[rosout][INFO] 2022-01-19 19:15:30,172: hello world 1642619730.17
[rosout][INFO] 2022-01-19 19:15:34,172: hello world 1642619734.17
[rosout][INFO] 2022-01-19 19:15:38,169: hello world 1642619738.17
[rosout][INFO] 2022-01-19 19:15:42,170: hello world 1642619742.17
[rosout][INFO] 2022-01-19 19:15:46,172: hello world 1642619746.17
[rosout][INFO] 2022-01-19 19:15:50,172: hello world 1642619750.17
[rosout][INFO] 2022-01-19 19:15:54,174: hello world 1642619754.17
[rosout][INFO] 2022-01-19 19:15:58,172: hello world 1642619758.17
[rosout][INFO] 2022-01-19 19:16:02,172: hello world 1642619762.17
[rosout][INFO] 2022-01-19 19:16:06,172: hello world 1642619766.17
[rosout][INFO] 2022-01-19 19:16:10,173: hello world 1642619770.17
[rosout][INFO] 2022-01-19 19:16:14,172: hello world 1642619774.17
[rosout][INFO] 2022-01-19 19:16:18,171: hello world 1642619778.17
[rosout][INFO] 2022-01-19 19:16:22,172: hello world 1642619782.17
[rosout][INFO] 2022-01-19 19:16:26,172: hello world 1642619786.17
[rosout][INFO] 2022-01-19 19:16:30,173: hello world 1642619790.17
[rosout][INFO] 2022-01-19 19:16:34,171: hello world 1642619794.17
[rosout][INFO] 2022-01-19 19:16:38,172: hello world 1642619798.17
[rosout][INFO] 2022-01-19 19:16:42,172: hello world 1642619802.17
[rosout][INFO] 2022-01-19 19:16:46,172: hello world 1642619806.17
[rosout][INFO] 2022-01-19 19:16:50,172: hello world 1642619810.17
[rosout][INFO] 2022-01-19 19:16:54,169: hello world 1642619814.17
[rosout][INFO] 2022-01-19 19:16:58,172: hello world 1642619818.17
[rosout][INFO] 2022-01-19 19:17:02,172: hello world 1642619822.17
[rosout][INFO] 2022-01-19 19:17:06,172: hello world 1642619826.17
[rosout][INFO] 2022-01-19 19:17:10,172: hello world 1642619830.17
[rosout][INFO] 2022-01-19 19:17:14,172: hello world 1642619834.17
[rosout][INFO] 2022-01-19 19:17:18,172: hello world 1642619838.17
[rosout][INFO] 2022-01-19 19:17:22,170: hello world 1642619842.17
[rosout][INFO] 2022-01-19 19:17:26,172: hello world 1642619846.17
[rosout][INFO] 2022-01-19 19:17:30,172: hello world 1642619850.17
[rosout][INFO] 2022-01-19 19:17:34,169: hello world 1642619854.17
[rosout][INFO] 2022-01-19 19:17:38,172: hello world 1642619858.17
[rosout][INFO] 2022-01-19 19:17:42,172: hello world 1642619862.17
[rosout][INFO] 2022-01-19 19:17:46,172: hello world 1642619866.17
[rosout][INFO] 2022-01-19 19:17:50,172: hello world 1642619870.17
[rosout][INFO] 2022-01-19 19:17:54,172: hello world 1642619874.17
[rosout][INFO] 2022-01-19 19:17:58,172: hello world 1642619878.17
[rosout][INFO] 2022-01-19 19:18:02,172: hello world 1642619882.17
[rosout][INFO] 2022-01-19 19:18:06,169: hello world 1642619886.17
[rosout][INFO] 2022-01-19 19:18:10,172: hello world 1642619890.17
[rosout][INFO] 2022-01-19 19:18:14,171: hello world 1642619894.17
[rosout][INFO] 2022-01-19 19:18:18,172: hello world 1642619898.17
[rosout][INFO] 2022-01-19 19:18:22,172: hello world 1642619902.17
[rosout][INFO] 2022-01-19 19:18:26,172: hello world 1642619906.17
[rosout][INFO] 2022-01-19 19:18:30,172: hello world 1642619910.17
[rosout][INFO] 2022-01-19 19:18:34,172: hello world 1642619914.17
[rosout][INFO] 2022-01-19 19:18:38,172: hello world 1642619918.17
[rosout][INFO] 2022-01-19 19:18:42,172: hello world 1642619922.17
[rosout][INFO] 2022-01-19 19:18:46,172: hello world 1642619926.17
[rosout][INFO] 2022-01-19 19:18:50,172: hello world 1642619930.17
[rosout][INFO] 2022-01-19 19:18:54,172: hello world 1642619934.17
[rosout][INFO] 2022-01-19 19:18:58,172: hello world 1642619938.17
[rosout][INFO] 2022-01-19 19:19:02,170: hello world 1642619942.17
[rosout][INFO] 2022-01-19 19:19:06,171: hello world 1642619946.17
[rosout][INFO] 2022-01-19 19:19:10,172: hello world 1642619950.17
[rosout][INFO] 2022-01-19 19:19:14,169: hello world 1642619954.17
[rosout][INFO] 2022-01-19 19:19:18,172: hello world 1642619958.17
[rosout][INFO] 2022-01-19 19:19:22,172: hello world 1642619962.17
[rosout][INFO] 2022-01-19 19:19:26,172: hello world 1642619966.17
[rosout][INFO] 2022-01-19 19:19:30,172: hello world 1642619970.17
[rosout][INFO] 2022-01-19 19:19:34,172: hello world 1642619974.17
[rosout][INFO] 2022-01-19 19:19:38,172: hello world 1642619978.17
[rosout][INFO] 2022-01-19 19:19:42,171: hello world 1642619982.17
[rosout][INFO] 2022-01-19 19:19:46,172: hello world 1642619986.17
[rosout][INFO] 2022-01-19 19:19:50,172: hello world 1642619990.17
[rosout][INFO] 2022-01-19 19:19:54,172: hello world 1642619994.17
[rosout][INFO] 2022-01-19 19:19:58,172: hello world 1642619998.17
[rosout][INFO] 2022-01-19 19:20:02,172: hello world 1642620002.17
[rosout][INFO] 2022-01-19 19:20:06,172: hello world 1642620006.17
[rosout][INFO] 2022-01-19 19:20:10,172: hello world 1642620010.17
[rosout][INFO] 2022-01-19 19:20:14,170: hello world 1642620014.17
[rosout][INFO] 2022-01-19 19:20:18,169: hello world 1642620018.17
[rosout][INFO] 2022-01-19 19:20:22,172: hello world 1642620022.17
[rosout][INFO] 2022-01-19 19:20:26,172: hello world 1642620026.17
[rosout][INFO] 2022-01-19 19:20:30,172: hello world 1642620030.17
[rosout][INFO] 2022-01-19 19:20:34,172: hello world 1642620034.17
[rosout][INFO] 2022-01-19 19:20:38,172: hello world 1642620038.17
[rosout][INFO] 2022-01-19 19:20:42,172: hello world 1642620042.17
[rosout][INFO] 2022-01-19 19:20:46,172: hello world 1642620046.17
[rosout][INFO] 2022-01-19 19:20:50,172: hello world 1642620050.17
[rosout][INFO] 2022-01-19 19:20:54,172: hello world 1642620054.17
[rosout][INFO] 2022-01-19 19:20:58,172: hello world 1642620058.17
[rosout][INFO] 2022-01-19 19:21:02,172: hello world 1642620062.17
[rosout][INFO] 2022-01-19 19:21:06,172: hello world 1642620066.17
[rosout][INFO] 2022-01-19 19:21:10,170: hello world 1642620070.17
[rosout][INFO] 2022-01-19 19:21:14,172: hello world 1642620074.17
[rosout][INFO] 2022-01-19 19:21:18,172: hello world 1642620078.17
[rosout][INFO] 2022-01-19 19:21:22,172: hello world 1642620082.17
[rosout][INFO] 2022-01-19 19:21:26,172: hello world 1642620086.17
[rosout][INFO] 2022-01-19 19:21:30,172: hello world 1642620090.17
[rosout][INFO] 2022-01-19 19:21:34,168: hello world 1642620094.17
[rosout][INFO] 2022-01-19 19:21:38,172: hello world 1642620098.17
[rosout][INFO] 2022-01-19 19:21:42,172: hello world 1642620102.17
[rosout][INFO] 2022-01-19 19:21:46,172: hello world 1642620106.17
[rosout][INFO] 2022-01-19 19:21:50,172: hello world 1642620110.17
[rosout][INFO] 2022-01-19 19:21:54,172: hello world 1642620114.17
[rosout][INFO] 2022-01-19 19:21:58,172: hello world 1642620118.17
[rosout][INFO] 2022-01-19 19:22:02,169: hello world 1642620122.17
[rosout][INFO] 2022-01-19 19:22:06,170: hello world 1642620126.17
[rosout][INFO] 2022-01-19 19:22:10,172: hello world 1642620130.17
[rosout][INFO] 2022-01-19 19:22:14,172: hello world 1642620134.17
[rosout][INFO] 2022-01-19 19:22:18,172: hello world 1642620138.17
[rosout][INFO] 2022-01-19 19:22:22,172: hello world 1642620142.17
[rosout][INFO] 2022-01-19 19:22:26,172: hello world 1642620146.17
[rosout][INFO] 2022-01-19 19:22:30,172: hello world 1642620150.17
[rosout][INFO] 2022-01-19 19:22:34,172: hello world 1642620154.17
[rosout][INFO] 2022-01-19 19:22:38,172: hello world 1642620158.17
[rosout][INFO] 2022-01-19 19:22:42,172: hello world 1642620162.17
[rosout][INFO] 2022-01-19 19:22:46,172: hello world 1642620166.17
[rosout][INFO] 2022-01-19 19:22:50,172: hello world 1642620170.17
[rosout][INFO] 2022-01-19 19:22:54,172: hello world 1642620174.17
[rosout][INFO] 2022-01-19 19:22:58,173: hello world 1642620178.17
[rosout][INFO] 2022-01-19 19:23:02,172: hello world 1642620182.17
[rosout][INFO] 2022-01-19 19:23:06,172: hello world 1642620186.17
[rosout][INFO] 2022-01-19 19:23:10,170: hello world 1642620190.17
[rosout][INFO] 2022-01-19 19:23:14,172: hello world 1642620194.17
[rosout][INFO] 2022-01-19 19:23:18,172: hello world 1642620198.17
[rosout][INFO] 2022-01-19 19:23:22,172: hello world 1642620202.17
[rosout][INFO] 2022-01-19 19:23:26,172: hello world 1642620206.17
[rosout][INFO] 2022-01-19 19:23:30,172: hello world 1642620210.17
[rosout][INFO] 2022-01-19 19:23:34,170: hello world 1642620214.17
[rosout][INFO] 2022-01-19 19:23:38,172: hello world 1642620218.17
[rosout][INFO] 2022-01-19 19:23:42,172: hello world 1642620222.17
[rosout][INFO] 2022-01-19 19:23:46,172: hello world 1642620226.17
[rosout][INFO] 2022-01-19 19:23:50,172: hello world 1642620230.17
[rosout][INFO] 2022-01-19 19:23:54,172: hello world 1642620234.17
[rosout][INFO] 2022-01-19 19:23:58,172: hello world 1642620238.17
[rosout][INFO] 2022-01-19 19:24:02,172: hello world 1642620242.17
[rosout][INFO] 2022-01-19 19:24:06,172: hello world 1642620246.17
[rosout][INFO] 2022-01-19 19:24:10,172: hello world 1642620250.17
[rosout][INFO] 2022-01-19 19:24:14,172: hello world 1642620254.17
[rosout][INFO] 2022-01-19 19:24:18,172: hello world 1642620258.17
[rosout][INFO] 2022-01-19 19:24:22,172: hello world 1642620262.17
[rosout][INFO] 2022-01-19 19:24:26,172: hello world 1642620266.17
[rosout][INFO] 2022-01-19 19:24:30,172: hello world 1642620270.17
[rosout][INFO] 2022-01-19 19:24:34,172: hello world 1642620274.17
[rosout][INFO] 2022-01-19 19:24:38,172: hello world 1642620278.17
[rosout][INFO] 2022-01-19 19:24:42,172: hello world 1642620282.17
[rosout][INFO] 2022-01-19 19:24:46,172: hello world 1642620286.17
[rosout][INFO] 2022-01-19 19:24:50,172: hello world 1642620290.17
[rosout][INFO] 2022-01-19 19:24:54,172: hello world 1642620294.17
[rosout][INFO] 2022-01-19 19:24:58,172: hello world 1642620298.17
[rosout][INFO] 2022-01-19 19:25:02,172: hello world 1642620302.17
[rosout][INFO] 2022-01-19 19:25:06,172: hello world 1642620306.17
[rosout][INFO] 2022-01-19 19:25:10,172: hello world 1642620310.17
[rosout][INFO] 2022-01-19 19:25:14,172: hello world 1642620314.17
[rosout][INFO] 2022-01-19 19:25:18,172: hello world 1642620318.17
[rosout][INFO] 2022-01-19 19:25:22,168: hello world 1642620322.17
[rosout][INFO] 2022-01-19 19:25:26,172: hello world 1642620326.17
[rosout][INFO] 2022-01-19 19:25:30,172: hello world 1642620330.17
[rosout][INFO] 2022-01-19 19:25:34,172: hello world 1642620334.17
[rosout][INFO] 2022-01-19 19:25:38,172: hello world 1642620338.17
[rosout][INFO] 2022-01-19 19:25:42,172: hello world 1642620342.17
[rosout][INFO] 2022-01-19 19:25:46,169: hello world 1642620346.17
[rosout][INFO] 2022-01-19 19:25:50,172: hello world 1642620350.17
[rosout][INFO] 2022-01-19 19:25:54,172: hello world 1642620354.17
[rosout][INFO] 2022-01-19 19:25:58,172: hello world 1642620358.17
[rosout][INFO] 2022-01-19 19:26:02,172: hello world 1642620362.17
[rosout][INFO] 2022-01-19 19:26:06,173: hello world 1642620366.17
[rosout][INFO] 2022-01-19 19:26:10,172: hello world 1642620370.17
[rosout][INFO] 2022-01-19 19:26:14,172: hello world 1642620374.17
[rosout][INFO] 2022-01-19 19:26:18,172: hello world 1642620378.17
[rosout][INFO] 2022-01-19 19:26:22,172: hello world 1642620382.17
[rosout][INFO] 2022-01-19 19:26:26,172: hello world 1642620386.17
[rosout][INFO] 2022-01-19 19:26:30,172: hello world 1642620390.17
[rosout][INFO] 2022-01-19 19:26:34,172: hello world 1642620394.17
[rosout][INFO] 2022-01-19 19:26:38,172: hello world 1642620398.17
[rosout][INFO] 2022-01-19 19:26:42,172: hello world 1642620402.17
[rosout][INFO] 2022-01-19 19:26:46,172: hello world 1642620406.17
[rosout][INFO] 2022-01-19 19:26:50,172: hello world 1642620410.17
[rosout][INFO] 2022-01-19 19:26:54,172: hello world 1642620414.17
[rosout][INFO] 2022-01-19 19:26:58,172: hello world 1642620418.17
[rosout][INFO] 2022-01-19 19:27:02,172: hello world 1642620422.17
[rosout][INFO] 2022-01-19 19:27:06,172: hello world 1642620426.17
[rosout][INFO] 2022-01-19 19:27:10,172: hello world 1642620430.17
[rosout][INFO] 2022-01-19 19:27:14,170: hello world 1642620434.17
[rosout][INFO] 2022-01-19 19:27:18,172: hello world 1642620438.17
[rosout][INFO] 2022-01-19 19:27:22,172: hello world 1642620442.17
[rosout][INFO] 2022-01-19 19:27:26,170: hello world 1642620446.17
[rosout][INFO] 2022-01-19 19:27:30,172: hello world 1642620450.17
[rosout][INFO] 2022-01-19 19:27:34,172: hello world 1642620454.17
[rosout][INFO] 2022-01-19 19:27:38,173: hello world 1642620458.17
[rosout][INFO] 2022-01-19 19:27:42,172: hello world 1642620462.17
[rosout][INFO] 2022-01-19 19:27:46,172: hello world 1642620466.17
[rosout][INFO] 2022-01-19 19:27:50,172: hello world 1642620470.17
[rosout][INFO] 2022-01-19 19:27:54,172: hello world 1642620474.17
[rosout][INFO] 2022-01-19 19:27:58,172: hello world 1642620478.17
[rosout][INFO] 2022-01-19 19:28:02,171: hello world 1642620482.17
[rosout][INFO] 2022-01-19 19:28:06,172: hello world 1642620486.17
[rosout][INFO] 2022-01-19 19:28:10,172: hello world 1642620490.17
[rosout][INFO] 2022-01-19 19:28:14,172: hello world 1642620494.17
[rosout][INFO] 2022-01-19 19:28:18,172: hello world 1642620498.17
[rosout][INFO] 2022-01-19 19:28:22,169: hello world 1642620502.17
[rosout][INFO] 2022-01-19 19:28:26,172: hello world 1642620506.17
[rosout][INFO] 2022-01-19 19:28:30,172: hello world 1642620510.17
[rosout][INFO] 2022-01-19 19:28:34,172: hello world 1642620514.17
[rosout][INFO] 2022-01-19 19:28:38,172: hello world 1642620518.17
[rosout][INFO] 2022-01-19 19:28:42,172: hello world 1642620522.17
[rosout][INFO] 2022-01-19 19:28:46,172: hello world 1642620526.17
[rosout][INFO] 2022-01-19 19:28:50,172: hello world 1642620530.17
[rosout][INFO] 2022-01-19 19:28:54,172: hello world 1642620534.17
[rosout][INFO] 2022-01-19 19:28:58,172: hello world 1642620538.17
[rosout][INFO] 2022-01-19 19:29:02,172: hello world 1642620542.17
[rosout][INFO] 2022-01-19 19:29:06,172: hello world 1642620546.17
[rosout][INFO] 2022-01-19 19:29:10,172: hello world 1642620550.17
[rosout][INFO] 2022-01-19 19:29:14,172: hello world 1642620554.17
[rosout][INFO] 2022-01-19 19:29:18,173: hello world 1642620558.17
[rosout][INFO] 2022-01-19 19:29:22,172: hello world 1642620562.17
[rosout][INFO] 2022-01-19 19:29:26,172: hello world 1642620566.17
[rosout][INFO] 2022-01-19 19:29:30,172: hello world 1642620570.17
[rosout][INFO] 2022-01-19 19:29:34,172: hello world 1642620574.17
[rosout][INFO] 2022-01-19 19:29:38,172: hello world 1642620578.17
[rosout][INFO] 2022-01-19 19:29:42,172: hello world 1642620582.17
[rosout][INFO] 2022-01-19 19:29:46,172: hello world 1642620586.17
[rosout][INFO] 2022-01-19 19:29:50,170: hello world 1642620590.17
[rosout][INFO] 2022-01-19 19:29:54,172: hello world 1642620594.17
[rosout][INFO] 2022-01-19 19:29:58,172: hello world 1642620598.17
[rosout][INFO] 2022-01-19 19:30:02,172: hello world 1642620602.17
[rosout][INFO] 2022-01-19 19:30:06,172: hello world 1642620606.17
[rosout][INFO] 2022-01-19 19:30:10,172: hello world 1642620610.17
[rosout][INFO] 2022-01-19 19:30:14,172: hello world 1642620614.17
[rosout][INFO] 2022-01-19 19:30:18,170: hello world 1642620618.17
[rosout][INFO] 2022-01-19 19:30:22,168: hello world 1642620622.17
[rosout][INFO] 2022-01-19 19:30:26,172: hello world 1642620626.17
[rosout][INFO] 2022-01-19 19:30:30,172: hello world 1642620630.17
[rosout][INFO] 2022-01-19 19:30:34,172: hello world 1642620634.17
[rosout][INFO] 2022-01-19 19:30:38,168: hello world 1642620638.17
[rosout][INFO] 2022-01-19 19:30:42,171: hello world 1642620642.17
[rosout][INFO] 2022-01-19 19:30:46,172: hello world 1642620646.17
[rosout][INFO] 2022-01-19 19:30:50,172: hello world 1642620650.17
[rosout][INFO] 2022-01-19 19:30:54,172: hello world 1642620654.17
[rosout][INFO] 2022-01-19 19:30:58,172: hello world 1642620658.17
[rosout][INFO] 2022-01-19 19:31:02,172: hello world 1642620662.17
[rosout][INFO] 2022-01-19 19:31:06,172: hello world 1642620666.17
[rosout][INFO] 2022-01-19 19:31:10,172: hello world 1642620670.17
[rosout][INFO] 2022-01-19 19:31:14,172: hello world 1642620674.17
[rosout][INFO] 2022-01-19 19:31:18,172: hello world 1642620678.17
[rosout][INFO] 2022-01-19 19:31:22,172: hello world 1642620682.17
[rosout][INFO] 2022-01-19 19:31:26,172: hello world 1642620686.17
[rosout][INFO] 2022-01-19 19:31:30,172: hello world 1642620690.17
[rosout][INFO] 2022-01-19 19:31:34,172: hello world 1642620694.17
[rosout][INFO] 2022-01-19 19:31:38,172: hello world 1642620698.17
[rosout][INFO] 2022-01-19 19:31:42,172: hello world 1642620702.17
[rosout][INFO] 2022-01-19 19:31:46,172: hello world 1642620706.17
[rosout][INFO] 2022-01-19 19:31:50,172: hello world 1642620710.17
[rosout][INFO] 2022-01-19 19:31:54,173: hello world 1642620714.17
[rosout][INFO] 2022-01-19 19:31:58,172: hello world 1642620718.17
[rosout][INFO] 2022-01-19 19:32:02,172: hello world 1642620722.17
[rosout][INFO] 2022-01-19 19:32:06,172: hello world 1642620726.17
[rosout][INFO] 2022-01-19 19:32:10,172: hello world 1642620730.17
[rosout][INFO] 2022-01-19 19:32:14,172: hello world 1642620734.17
[rosout][INFO] 2022-01-19 19:32:18,170: hello world 1642620738.17
[rosout][INFO] 2022-01-19 19:32:22,172: hello world 1642620742.17
[rosout][INFO] 2022-01-19 19:32:26,172: hello world 1642620746.17
[rosout][INFO] 2022-01-19 19:32:30,172: hello world 1642620750.17
[rosout][INFO] 2022-01-19 19:32:34,172: hello world 1642620754.17
[rosout][INFO] 2022-01-19 19:32:38,171: hello world 1642620758.17
[rosout][INFO] 2022-01-19 19:32:42,172: hello world 1642620762.17
[rosout][INFO] 2022-01-19 19:32:46,172: hello world 1642620766.17
[rosout][INFO] 2022-01-19 19:32:50,172: hello world 1642620770.17
[rosout][INFO] 2022-01-19 19:32:54,172: hello world 1642620774.17
[rosout][INFO] 2022-01-19 19:32:58,173: hello world 1642620778.17
[rosout][INFO] 2022-01-19 19:33:02,172: hello world 1642620782.17
[rosout][INFO] 2022-01-19 19:33:06,172: hello world 1642620786.17
[rosout][INFO] 2022-01-19 19:33:10,172: hello world 1642620790.17
[rosout][INFO] 2022-01-19 19:33:14,172: hello world 1642620794.17
[rosout][INFO] 2022-01-19 19:33:18,172: hello world 1642620798.17
[rosout][INFO] 2022-01-19 19:33:22,173: hello world 1642620802.17
[rosout][INFO] 2022-01-19 19:33:26,172: hello world 1642620806.17
[rosout][INFO] 2022-01-19 19:33:30,170: hello world 1642620810.17
[rosout][INFO] 2022-01-19 19:33:34,173: hello world 1642620814.17
[rosout][INFO] 2022-01-19 19:33:38,172: hello world 1642620818.17
[rosout][INFO] 2022-01-19 19:33:42,172: hello world 1642620822.17
[rosout][INFO] 2022-01-19 19:33:46,171: hello world 1642620826.17
[rosout][INFO] 2022-01-19 19:33:50,172: hello world 1642620830.17
[rosout][INFO] 2022-01-19 19:33:54,172: hello world 1642620834.17
[rosout][INFO] 2022-01-19 19:33:58,172: hello world 1642620838.17
[rosout][INFO] 2022-01-19 19:34:02,168: hello world 1642620842.17
[rosout][INFO] 2022-01-19 19:34:06,172: hello world 1642620846.17
[rosout][INFO] 2022-01-19 19:34:10,172: hello world 1642620850.17
[rosout][INFO] 2022-01-19 19:34:14,171: hello world 1642620854.17
[rosout][INFO] 2022-01-19 19:34:18,172: hello world 1642620858.17
[rosout][INFO] 2022-01-19 19:34:22,172: hello world 1642620862.17
[rosout][INFO] 2022-01-19 19:34:26,172: hello world 1642620866.17
[rosout][INFO] 2022-01-19 19:34:30,172: hello world 1642620870.17
[rosout][INFO] 2022-01-19 19:34:34,172: hello world 1642620874.17
[rosout][INFO] 2022-01-19 19:34:38,172: hello world 1642620878.17
[rosout][INFO] 2022-01-19 19:34:42,172: hello world 1642620882.17
[rosout][INFO] 2022-01-19 19:34:46,169: hello world 1642620886.17
[rosout][INFO] 2022-01-19 19:34:50,172: hello world 1642620890.17
[rosout][INFO] 2022-01-19 19:34:54,172: hello world 1642620894.17
[rosout][INFO] 2022-01-19 19:34:58,172: hello world 1642620898.17
[rosout][INFO] 2022-01-19 19:35:02,172: hello world 1642620902.17
[rosout][INFO] 2022-01-19 19:35:06,172: hello world 1642620906.17
[rosout][INFO] 2022-01-19 19:35:10,168: hello world 1642620910.17
[rosout][INFO] 2022-01-19 19:35:14,172: hello world 1642620914.17
[rosout][INFO] 2022-01-19 19:35:18,172: hello world 1642620918.17
[rosout][INFO] 2022-01-19 19:35:22,172: hello world 1642620922.17
[rosout][INFO] 2022-01-19 19:35:26,168: hello world 1642620926.17
[rosout][INFO] 2022-01-19 19:35:30,172: hello world 1642620930.17
[rosout][INFO] 2022-01-19 19:35:34,172: hello world 1642620934.17
[rosout][INFO] 2022-01-19 19:35:38,172: hello world 1642620938.17
[rosout][INFO] 2022-01-19 19:35:42,172: hello world 1642620942.17
[rosout][INFO] 2022-01-19 19:35:46,172: hello world 1642620946.17
[rosout][INFO] 2022-01-19 19:35:50,172: hello world 1642620950.17
[rosout][INFO] 2022-01-19 19:35:54,172: hello world 1642620954.17
[rosout][INFO] 2022-01-19 19:35:58,172: hello world 1642620958.17
[rosout][INFO] 2022-01-19 19:36:02,172: hello world 1642620962.17
[rosout][INFO] 2022-01-19 19:36:06,172: hello world 1642620966.17
[rosout][INFO] 2022-01-19 19:36:10,172: hello world 1642620970.17
[rosout][INFO] 2022-01-19 19:36:14,172: hello world 1642620974.17
[rosout][INFO] 2022-01-19 19:36:18,172: hello world 1642620978.17
[rosout][INFO] 2022-01-19 19:36:22,172: hello world 1642620982.17
[rosout][INFO] 2022-01-19 19:36:26,172: hello world 1642620986.17
[rosout][INFO] 2022-01-19 19:36:30,172: hello world 1642620990.17
[rosout][INFO] 2022-01-19 19:36:34,172: hello world 1642620994.17
[rosout][INFO] 2022-01-19 19:36:38,169: hello world 1642620998.17
[rosout][INFO] 2022-01-19 19:36:42,168: hello world 1642621002.17
[rosout][INFO] 2022-01-19 19:36:46,172: hello world 1642621006.17
[rosout][INFO] 2022-01-19 19:36:50,172: hello world 1642621010.17
[rosout][INFO] 2022-01-19 19:36:54,172: hello world 1642621014.17
[rosout][INFO] 2022-01-19 19:36:58,171: hello world 1642621018.17
[rosout][INFO] 2022-01-19 19:37:02,172: hello world 1642621022.17
[rosout][INFO] 2022-01-19 19:37:06,172: hello world 1642621026.17
[rosout][INFO] 2022-01-19 19:37:10,172: hello world 1642621030.17
[rosout][INFO] 2022-01-19 19:37:14,172: hello world 1642621034.17
[rosout][INFO] 2022-01-19 19:37:18,172: hello world 1642621038.17
[rosout][INFO] 2022-01-19 19:37:22,172: hello world 1642621042.17
[rosout][INFO] 2022-01-19 19:37:26,172: hello world 1642621046.17
[rosout][INFO] 2022-01-19 19:37:30,172: hello world 1642621050.17
[rosout][INFO] 2022-01-19 19:37:34,170: hello world 1642621054.17
[rosout][INFO] 2022-01-19 19:37:38,172: hello world 1642621058.17
[rosout][INFO] 2022-01-19 19:37:42,172: hello world 1642621062.17
[rosout][INFO] 2022-01-19 19:37:46,172: hello world 1642621066.17
[rosout][INFO] 2022-01-19 19:37:50,169: hello world 1642621070.17
[rosout][INFO] 2022-01-19 19:37:54,172: hello world 1642621074.17
[rosout][INFO] 2022-01-19 19:37:58,172: hello world 1642621078.17
[rosout][INFO] 2022-01-19 19:38:02,168: hello world 1642621082.17
[rosout][INFO] 2022-01-19 19:38:06,172: hello world 1642621086.17
[rosout][INFO] 2022-01-19 19:38:10,172: hello world 1642621090.17
[rosout][INFO] 2022-01-19 19:38:14,172: hello world 1642621094.17
[rosout][INFO] 2022-01-19 19:38:18,172: hello world 1642621098.17
[rosout][INFO] 2022-01-19 19:38:22,172: hello world 1642621102.17
[rosout][INFO] 2022-01-19 19:38:26,172: hello world 1642621106.17
[rosout][INFO] 2022-01-19 19:38:30,173: hello world 1642621110.17
[rosout][INFO] 2022-01-19 19:38:34,172: hello world 1642621114.17
[rosout][INFO] 2022-01-19 19:38:38,172: hello world 1642621118.17
[rosout][INFO] 2022-01-19 19:38:42,172: hello world 1642621122.17
[rosout][INFO] 2022-01-19 19:38:46,172: hello world 1642621126.17
[rosout][INFO] 2022-01-19 19:38:50,172: hello world 1642621130.17
[rosout][INFO] 2022-01-19 19:38:54,172: hello world 1642621134.17
[rosout][INFO] 2022-01-19 19:38:58,172: hello world 1642621138.17
[rosout][INFO] 2022-01-19 19:39:02,172: hello world 1642621142.17
[rosout][INFO] 2022-01-19 19:39:06,172: hello world 1642621146.17
[rosout][INFO] 2022-01-19 19:39:10,172: hello world 1642621150.17
[rosout][INFO] 2022-01-19 19:39:14,172: hello world 1642621154.17
[rosout][INFO] 2022-01-19 19:39:18,172: hello world 1642621158.17
[rosout][INFO] 2022-01-19 19:39:22,172: hello world 1642621162.17
[rosout][INFO] 2022-01-19 19:39:26,172: hello world 1642621166.17
[rosout][INFO] 2022-01-19 19:39:30,171: hello world 1642621170.17
[rosout][INFO] 2022-01-19 19:39:34,172: hello world 1642621174.17
[rosout][INFO] 2022-01-19 19:39:38,172: hello world 1642621178.17
[rosout][INFO] 2022-01-19 19:39:42,172: hello world 1642621182.17
[rosout][INFO] 2022-01-19 19:39:46,172: hello world 1642621186.17
[rosout][INFO] 2022-01-19 19:39:50,172: hello world 1642621190.17
[rosout][INFO] 2022-01-19 19:39:54,172: hello world 1642621194.17
[rosout][INFO] 2022-01-19 19:39:58,172: hello world 1642621198.17
[rosout][INFO] 2022-01-19 19:40:02,172: hello world 1642621202.17
[rosout][INFO] 2022-01-19 19:40:06,172: hello world 1642621206.17
[rosout][INFO] 2022-01-19 19:40:10,172: hello world 1642621210.17
[rosout][INFO] 2022-01-19 19:40:14,172: hello world 1642621214.17
[rosout][INFO] 2022-01-19 19:40:18,169: hello world 1642621218.17
[rosout][INFO] 2022-01-19 19:40:22,170: hello world 1642621222.17
[rosout][INFO] 2022-01-19 19:40:26,172: hello world 1642621226.17
[rosout][INFO] 2022-01-19 19:40:30,172: hello world 1642621230.17
[rosout][INFO] 2022-01-19 19:40:34,172: hello world 1642621234.17
[rosout][INFO] 2022-01-19 19:40:38,172: hello world 1642621238.17
[rosout][INFO] 2022-01-19 19:40:42,172: hello world 1642621242.17
[rosout][INFO] 2022-01-19 19:40:46,172: hello world 1642621246.17
[rosout][INFO] 2022-01-19 19:40:50,172: hello world 1642621250.17
[rosout][INFO] 2022-01-19 19:40:54,172: hello world 1642621254.17
[rosout][INFO] 2022-01-19 19:40:58,170: hello world 1642621258.17
[rosout][INFO] 2022-01-19 19:41:02,173: hello world 1642621262.17
[rosout][INFO] 2022-01-19 19:41:06,172: hello world 1642621266.17
[rosout][INFO] 2022-01-19 19:41:10,169: hello world 1642621270.17
[rosout][INFO] 2022-01-19 19:41:14,172: hello world 1642621274.17
[rosout][INFO] 2022-01-19 19:41:18,172: hello world 1642621278.17
[rosout][INFO] 2022-01-19 19:41:22,170: hello world 1642621282.17
[rosout][INFO] 2022-01-19 19:41:26,172: hello world 1642621286.17
[rosout][INFO] 2022-01-19 19:41:30,172: hello world 1642621290.17
[rosout][INFO] 2022-01-19 19:41:34,171: hello world 1642621294.17
[rosout][INFO] 2022-01-19 19:41:38,172: hello world 1642621298.17
[rosout][INFO] 2022-01-19 19:41:42,171: hello world 1642621302.17
[rosout][INFO] 2022-01-19 19:41:46,172: hello world 1642621306.17
[rosout][INFO] 2022-01-19 19:41:50,172: hello world 1642621310.17
[rosout][INFO] 2022-01-19 19:41:54,172: hello world 1642621314.17
[rosout][INFO] 2022-01-19 19:41:58,172: hello world 1642621318.17
[rosout][INFO] 2022-01-19 19:42:02,172: hello world 1642621322.17
[rosout][INFO] 2022-01-19 19:42:06,172: hello world 1642621326.17
[rosout][INFO] 2022-01-19 19:42:10,172: hello world 1642621330.17
[rosout][INFO] 2022-01-19 19:42:14,172: hello world 1642621334.17
[rosout][INFO] 2022-01-19 19:42:18,172: hello world 1642621338.17
[rosout][INFO] 2022-01-19 19:42:22,172: hello world 1642621342.17
[rosout][INFO] 2022-01-19 19:42:26,172: hello world 1642621346.17
[rosout][INFO] 2022-01-19 19:42:30,172: hello world 1642621350.17
[rosout][INFO] 2022-01-19 19:42:34,172: hello world 1642621354.17
[rosout][INFO] 2022-01-19 19:42:38,172: hello world 1642621358.17
[rosout][INFO] 2022-01-19 19:42:42,172: hello world 1642621362.17
[rosout][INFO] 2022-01-19 19:42:46,172: hello world 1642621366.17
[rosout][INFO] 2022-01-19 19:42:50,172: hello world 1642621370.17
[rosout][INFO] 2022-01-19 19:42:54,172: hello world 1642621374.17
[rosout][INFO] 2022-01-19 19:42:58,172: hello world 1642621378.17
[rosout][INFO] 2022-01-19 19:43:02,172: hello world 1642621382.17
[rosout][INFO] 2022-01-19 19:43:06,172: hello world 1642621386.17
[rosout][INFO] 2022-01-19 19:43:10,172: hello world 1642621390.17
[rosout][INFO] 2022-01-19 19:43:14,172: hello world 1642621394.17
[rosout][INFO] 2022-01-19 19:43:18,172: hello world 1642621398.17
[rosout][INFO] 2022-01-19 19:43:22,172: hello world 1642621402.17
[rosout][INFO] 2022-01-19 19:43:26,172: hello world 1642621406.17
[rosout][INFO] 2022-01-19 19:43:30,169: hello world 1642621410.17
[rosout][INFO] 2022-01-19 19:43:34,169: hello world 1642621414.17
[rosout][INFO] 2022-01-19 19:43:38,172: hello world 1642621418.17
[rosout][INFO] 2022-01-19 19:43:42,172: hello world 1642621422.17
[rosout][INFO] 2022-01-19 19:43:46,172: hello world 1642621426.17
[rosout][INFO] 2022-01-19 19:43:50,172: hello world 1642621430.17
[rosout][INFO] 2022-01-19 19:43:54,172: hello world 1642621434.17
[rosout][INFO] 2022-01-19 19:43:58,172: hello world 1642621438.17
[rosout][INFO] 2022-01-19 19:44:02,169: hello world 1642621442.17
[rosout][INFO] 2022-01-19 19:44:06,172: hello world 1642621446.17
[rosout][INFO] 2022-01-19 19:44:10,174: hello world 1642621450.17
[rosout][INFO] 2022-01-19 19:44:14,172: hello world 1642621454.17
[rosout][INFO] 2022-01-19 19:44:18,170: hello world 1642621458.17
[rosout][INFO] 2022-01-19 19:44:22,172: hello world 1642621462.17
[rosout][INFO] 2022-01-19 19:44:26,172: hello world 1642621466.17
[rosout][INFO] 2022-01-19 19:44:30,172: hello world 1642621470.17
[rosout][INFO] 2022-01-19 19:44:34,172: hello world 1642621474.17
[rosout][INFO] 2022-01-19 19:44:38,172: hello world 1642621478.17
[rosout][INFO] 2022-01-19 19:44:42,172: hello world 1642621482.17
[rosout][INFO] 2022-01-19 19:44:46,172: hello world 1642621486.17
[rosout][INFO] 2022-01-19 19:44:50,172: hello world 1642621490.17
[rosout][INFO] 2022-01-19 19:44:54,172: hello world 1642621494.17
[rosout][INFO] 2022-01-19 19:44:58,172: hello world 1642621498.17
[rosout][INFO] 2022-01-19 19:45:02,172: hello world 1642621502.17
[rosout][INFO] 2022-01-19 19:45:06,169: hello world 1642621506.17
[rosout][INFO] 2022-01-19 19:45:10,172: hello world 1642621510.17
[rosout][INFO] 2022-01-19 19:45:14,172: hello world 1642621514.17
[rosout][INFO] 2022-01-19 19:45:18,172: hello world 1642621518.17
[rosout][INFO] 2022-01-19 19:45:22,173: hello world 1642621522.17
[rosout][INFO] 2022-01-19 19:45:26,172: hello world 1642621526.17
[rosout][INFO] 2022-01-19 19:45:30,173: hello world 1642621530.17
[rosout][INFO] 2022-01-19 19:45:34,168: hello world 1642621534.17
[rosout][INFO] 2022-01-19 19:45:38,172: hello world 1642621538.17
[rosout][INFO] 2022-01-19 19:45:42,171: hello world 1642621542.17
[rosout][INFO] 2022-01-19 19:45:46,172: hello world 1642621546.17
[rosout][INFO] 2022-01-19 19:45:50,172: hello world 1642621550.17
[rosout][INFO] 2022-01-19 19:45:54,172: hello world 1642621554.17
[rosout][INFO] 2022-01-19 19:45:58,172: hello world 1642621558.17
[rosout][INFO] 2022-01-19 19:46:02,172: hello world 1642621562.17
[rosout][INFO] 2022-01-19 19:46:06,172: hello world 1642621566.17
[rosout][INFO] 2022-01-19 19:46:10,172: hello world 1642621570.17
[rosout][INFO] 2022-01-19 19:46:14,170: hello world 1642621574.17
[rosout][INFO] 2022-01-19 19:46:18,170: hello world 1642621578.17
[rosout][INFO] 2022-01-19 19:46:22,172: hello world 1642621582.17
[rosout][INFO] 2022-01-19 19:46:26,172: hello world 1642621586.17
[rosout][INFO] 2022-01-19 19:46:30,172: hello world 1642621590.17
[rosout][INFO] 2022-01-19 19:46:34,172: hello world 1642621594.17
[rosout][INFO] 2022-01-19 19:46:38,172: hello world 1642621598.17
[rosout][INFO] 2022-01-19 19:46:42,172: hello world 1642621602.17
[rosout][INFO] 2022-01-19 19:46:46,172: hello world 1642621606.17
[rosout][INFO] 2022-01-19 19:46:50,172: hello world 1642621610.17
[rosout][INFO] 2022-01-19 19:46:54,172: hello world 1642621614.17
[rosout][INFO] 2022-01-19 19:46:58,172: hello world 1642621618.17
[rosout][INFO] 2022-01-19 19:47:02,172: hello world 1642621622.17
[rosout][INFO] 2022-01-19 19:47:06,172: hello world 1642621626.17
[rosout][INFO] 2022-01-19 19:47:10,172: hello world 1642621630.17
[rosout][INFO] 2022-01-19 19:47:14,172: hello world 1642621634.17
[rosout][INFO] 2022-01-19 19:47:18,172: hello world 1642621638.17
[rosout][INFO] 2022-01-19 19:47:22,172: hello world 1642621642.17
[rosout][INFO] 2022-01-19 19:47:26,172: hello world 1642621646.17
[rosout][INFO] 2022-01-19 19:47:30,172: hello world 1642621650.17
[rosout][INFO] 2022-01-19 19:47:34,172: hello world 1642621654.17
[rosout][INFO] 2022-01-19 19:47:38,172: hello world 1642621658.17
[rosout][INFO] 2022-01-19 19:47:42,172: hello world 1642621662.17
[rosout][INFO] 2022-01-19 19:47:46,172: hello world 1642621666.17
[rosout][INFO] 2022-01-19 19:47:50,172: hello world 1642621670.17
[rosout][INFO] 2022-01-19 19:47:54,172: hello world 1642621674.17
[rosout][INFO] 2022-01-19 19:47:58,172: hello world 1642621678.17
[rosout][INFO] 2022-01-19 19:48:02,171: hello world 1642621682.17
[rosout][INFO] 2022-01-19 19:48:06,172: hello world 1642621686.17
[rosout][INFO] 2022-01-19 19:48:10,172: hello world 1642621690.17
[rosout][INFO] 2022-01-19 19:48:14,172: hello world 1642621694.17
[rosout][INFO] 2022-01-19 19:48:18,172: hello world 1642621698.17
[rosout][INFO] 2022-01-19 19:48:22,172: hello world 1642621702.17
[rosout][INFO] 2022-01-19 19:48:26,172: hello world 1642621706.17
[rosout][INFO] 2022-01-19 19:48:30,172: hello world 1642621710.17
[rosout][INFO] 2022-01-19 19:48:34,172: hello world 1642621714.17
[rosout][INFO] 2022-01-19 19:48:38,172: hello world 1642621718.17
[rosout][INFO] 2022-01-19 19:48:42,172: hello world 1642621722.17
[rosout][INFO] 2022-01-19 19:48:46,172: hello world 1642621726.17
[rosout][INFO] 2022-01-19 19:48:50,172: hello world 1642621730.17
[rosout][INFO] 2022-01-19 19:48:54,168: hello world 1642621734.17
[rosout][INFO] 2022-01-19 19:48:58,172: hello world 1642621738.17
[rosout][INFO] 2022-01-19 19:49:02,172: hello world 1642621742.17
[rosout][INFO] 2022-01-19 19:49:06,172: hello world 1642621746.17
[rosout][INFO] 2022-01-19 19:49:10,172: hello world 1642621750.17
[rosout][INFO] 2022-01-19 19:49:14,172: hello world 1642621754.17
[rosout][INFO] 2022-01-19 19:49:18,172: hello world 1642621758.17
[rosout][INFO] 2022-01-19 19:49:22,172: hello world 1642621762.17
[rosout][INFO] 2022-01-19 19:49:26,169: hello world 1642621766.17
[rosout][INFO] 2022-01-19 19:49:30,173: hello world 1642621770.17
[rosout][INFO] 2022-01-19 19:49:34,172: hello world 1642621774.17
[rosout][INFO] 2022-01-19 19:49:38,172: hello world 1642621778.17
[rosout][INFO] 2022-01-19 19:49:42,172: hello world 1642621782.17
[rosout][INFO] 2022-01-19 19:49:46,172: hello world 1642621786.17
[rosout][INFO] 2022-01-19 19:49:50,172: hello world 1642621790.17
[rosout][INFO] 2022-01-19 19:49:54,172: hello world 1642621794.17
[rosout][INFO] 2022-01-19 19:49:58,170: hello world 1642621798.17
[rosout][INFO] 2022-01-19 19:50:02,172: hello world 1642621802.17
[rosout][INFO] 2022-01-19 19:50:06,172: hello world 1642621806.17
[rosout][INFO] 2022-01-19 19:50:10,172: hello world 1642621810.17
[rosout][INFO] 2022-01-19 19:50:14,172: hello world 1642621814.17
[rosout][INFO] 2022-01-19 19:50:18,172: hello world 1642621818.17
[rosout][INFO] 2022-01-19 19:50:22,172: hello world 1642621822.17
[rosout][INFO] 2022-01-19 19:50:26,172: hello world 1642621826.17
[rosout][INFO] 2022-01-19 19:50:30,172: hello world 1642621830.17
[rosout][INFO] 2022-01-19 19:50:34,172: hello world 1642621834.17
[rosout][INFO] 2022-01-19 19:50:38,172: hello world 1642621838.17
[rosout][INFO] 2022-01-19 19:50:42,172: hello world 1642621842.17
[rosout][INFO] 2022-01-19 19:50:46,172: hello world 1642621846.17
[rosout][INFO] 2022-01-19 19:50:50,170: hello world 1642621850.17
[rosout][INFO] 2022-01-19 19:50:54,172: hello world 1642621854.17
[rosout][INFO] 2022-01-19 19:50:58,172: hello world 1642621858.17
[rosout][INFO] 2022-01-19 19:51:02,171: hello world 1642621862.17
[rosout][INFO] 2022-01-19 19:51:06,172: hello world 1642621866.17
[rosout][INFO] 2022-01-19 19:51:10,172: hello world 1642621870.17
[rosout][INFO] 2022-01-19 19:51:14,172: hello world 1642621874.17
[rosout][INFO] 2022-01-19 19:51:18,172: hello world 1642621878.17
[rosout][INFO] 2022-01-19 19:51:22,172: hello world 1642621882.17
[rosout][INFO] 2022-01-19 19:51:26,169: hello world 1642621886.17
[rosout][INFO] 2022-01-19 19:51:30,172: hello world 1642621890.17
[rosout][INFO] 2022-01-19 19:51:34,172: hello world 1642621894.17
[rosout][INFO] 2022-01-19 19:51:38,172: hello world 1642621898.17
[rosout][INFO] 2022-01-19 19:51:42,173: hello world 1642621902.17
[rosout][INFO] 2022-01-19 19:51:46,172: hello world 1642621906.17
[rosout][INFO] 2022-01-19 19:51:50,172: hello world 1642621910.17
[rosout][INFO] 2022-01-19 19:51:54,172: hello world 1642621914.17
[rosout][INFO] 2022-01-19 19:51:58,172: hello world 1642621918.17
[rosout][INFO] 2022-01-19 19:52:02,172: hello world 1642621922.17
[rosout][INFO] 2022-01-19 19:52:06,172: hello world 1642621926.17
[rosout][INFO] 2022-01-19 19:52:10,171: hello world 1642621930.17
[rosout][INFO] 2022-01-19 19:52:14,172: hello world 1642621934.17
[rosout][INFO] 2022-01-19 19:52:18,172: hello world 1642621938.17
[rosout][INFO] 2022-01-19 19:52:22,172: hello world 1642621942.17
[rosout][INFO] 2022-01-19 19:52:26,172: hello world 1642621946.17
[rosout][INFO] 2022-01-19 19:52:30,172: hello world 1642621950.17
[rosout][INFO] 2022-01-19 19:52:34,172: hello world 1642621954.17
[rosout][INFO] 2022-01-19 19:52:38,172: hello world 1642621958.17
[rosout][INFO] 2022-01-19 19:52:42,172: hello world 1642621962.17
[rosout][INFO] 2022-01-19 19:52:46,168: hello world 1642621966.17
[rosout][INFO] 2022-01-19 19:52:50,173: hello world 1642621970.17
[rosout][INFO] 2022-01-19 19:52:54,172: hello world 1642621974.17
[rosout][INFO] 2022-01-19 19:52:58,176: hello world 1642621978.18
[rosout][INFO] 2022-01-19 19:53:02,171: hello world 1642621982.17
[rosout][INFO] 2022-01-19 19:53:06,169: hello world 1642621986.17
[rosout][INFO] 2022-01-19 19:53:10,172: hello world 1642621990.17
[rosout][INFO] 2022-01-19 19:53:14,172: hello world 1642621994.17
[rosout][INFO] 2022-01-19 19:53:18,172: hello world 1642621998.17
[rosout][INFO] 2022-01-19 19:53:22,172: hello world 1642622002.17
[rosout][INFO] 2022-01-19 19:53:26,172: hello world 1642622006.17
[rosout][INFO] 2022-01-19 19:53:30,172: hello world 1642622010.17
[rosout][INFO] 2022-01-19 19:53:34,169: hello world 1642622014.17
[rosout][INFO] 2022-01-19 19:53:38,172: hello world 1642622018.17
[rosout][INFO] 2022-01-19 19:53:42,172: hello world 1642622022.17
[rosout][INFO] 2022-01-19 19:53:46,172: hello world 1642622026.17
[rosout][INFO] 2022-01-19 19:53:50,172: hello world 1642622030.17
[rosout][INFO] 2022-01-19 19:53:54,172: hello world 1642622034.17
[rosout][INFO] 2022-01-19 19:53:58,172: hello world 1642622038.17
[rosout][INFO] 2022-01-19 19:54:02,172: hello world 1642622042.17
[rosout][INFO] 2022-01-19 19:54:06,170: hello world 1642622046.17
[rosout][INFO] 2022-01-19 19:54:10,172: hello world 1642622050.17
[rosout][INFO] 2022-01-19 19:54:14,172: hello world 1642622054.17
[rosout][INFO] 2022-01-19 19:54:18,172: hello world 1642622058.17
[rosout][INFO] 2022-01-19 19:54:22,172: hello world 1642622062.17
[rosout][INFO] 2022-01-19 19:54:26,172: hello world 1642622066.17
[rosout][INFO] 2022-01-19 19:54:30,172: hello world 1642622070.17
[rosout][INFO] 2022-01-19 19:54:34,172: hello world 1642622074.17
[rosout][INFO] 2022-01-19 19:54:38,172: hello world 1642622078.17
[rosout][INFO] 2022-01-19 19:54:42,172: hello world 1642622082.17
[rosout][INFO] 2022-01-19 19:54:46,172: hello world 1642622086.17
[rosout][INFO] 2022-01-19 19:54:50,169: hello world 1642622090.17
[rosout][INFO] 2022-01-19 19:54:54,172: hello world 1642622094.17
[rosout][INFO] 2022-01-19 19:54:58,172: hello world 1642622098.17
[rosout][INFO] 2022-01-19 19:55:02,172: hello world 1642622102.17
[rosout][INFO] 2022-01-19 19:55:06,172: hello world 1642622106.17
[rosout][INFO] 2022-01-19 19:55:10,172: hello world 1642622110.17
[rosout][INFO] 2022-01-19 19:55:14,172: hello world 1642622114.17
[rosout][INFO] 2022-01-19 19:55:18,172: hello world 1642622118.17
[rosout][INFO] 2022-01-19 19:55:22,172: hello world 1642622122.17
[rosout][INFO] 2022-01-19 19:55:26,172: hello world 1642622126.17
[rosout][INFO] 2022-01-19 19:55:30,172: hello world 1642622130.17
[rosout][INFO] 2022-01-19 19:55:34,172: hello world 1642622134.17
[rosout][INFO] 2022-01-19 19:55:38,172: hello world 1642622138.17
[rosout][INFO] 2022-01-19 19:55:42,172: hello world 1642622142.17
[rosout][INFO] 2022-01-19 19:55:46,172: hello world 1642622146.17
[rosout][INFO] 2022-01-19 19:55:50,172: hello world 1642622150.17
[rosout][INFO] 2022-01-19 19:55:54,172: hello world 1642622154.17
[rosout][INFO] 2022-01-19 19:55:58,169: hello world 1642622158.17
[rosout][INFO] 2022-01-19 19:56:02,172: hello world 1642622162.17
[rosout][INFO] 2022-01-19 19:56:06,172: hello world 1642622166.17
[rosout][INFO] 2022-01-19 19:56:10,173: hello world 1642622170.17
[rosout][INFO] 2022-01-19 19:56:14,172: hello world 1642622174.17
[rosout][INFO] 2022-01-19 19:56:18,172: hello world 1642622178.17
[rosout][INFO] 2022-01-19 19:56:22,171: hello world 1642622182.17
[rosout][INFO] 2022-01-19 19:56:26,172: hello world 1642622186.17
[rosout][INFO] 2022-01-19 19:56:30,172: hello world 1642622190.17
[rosout][INFO] 2022-01-19 19:56:34,173: hello world 1642622194.17
[rosout][INFO] 2022-01-19 19:56:38,172: hello world 1642622198.17
[rosout][INFO] 2022-01-19 19:56:42,172: hello world 1642622202.17
[rosout][INFO] 2022-01-19 19:56:46,172: hello world 1642622206.17
[rosout][INFO] 2022-01-19 19:56:50,172: hello world 1642622210.17
[rosout][INFO] 2022-01-19 19:56:54,172: hello world 1642622214.17
[rosout][INFO] 2022-01-19 19:56:58,172: hello world 1642622218.17
[rosout][INFO] 2022-01-19 19:57:02,172: hello world 1642622222.17
[rosout][INFO] 2022-01-19 19:57:06,172: hello world 1642622226.17
[rosout][INFO] 2022-01-19 19:57:10,172: hello world 1642622230.17
[rosout][INFO] 2022-01-19 19:57:14,172: hello world 1642622234.17
[rosout][INFO] 2022-01-19 19:57:18,172: hello world 1642622238.17
[rosout][INFO] 2022-01-19 19:57:22,172: hello world 1642622242.17
[rosout][INFO] 2022-01-19 19:57:26,172: hello world 1642622246.17
[rosout][INFO] 2022-01-19 19:57:30,172: hello world 1642622250.17
[rosout][INFO] 2022-01-19 19:57:34,172: hello world 1642622254.17
[rosout][INFO] 2022-01-19 19:57:38,172: hello world 1642622258.17
[rosout][INFO] 2022-01-19 19:57:42,172: hello world 1642622262.17
[rosout][INFO] 2022-01-19 19:57:46,172: hello world 1642622266.17
[rosout][INFO] 2022-01-19 19:57:50,172: hello world 1642622270.17
[rosout][INFO] 2022-01-19 19:57:54,172: hello world 1642622274.17
[rosout][INFO] 2022-01-19 19:57:58,172: hello world 1642622278.17
[rosout][INFO] 2022-01-19 19:58:02,172: hello world 1642622282.17
[rosout][INFO] 2022-01-19 19:58:06,172: hello world 1642622286.17
[rosout][INFO] 2022-01-19 19:58:10,172: hello world 1642622290.17
[rosout][INFO] 2022-01-19 19:58:14,172: hello world 1642622294.17
[rosout][INFO] 2022-01-19 19:58:18,172: hello world 1642622298.17
[rosout][INFO] 2022-01-19 19:58:22,172: hello world 1642622302.17
[rosout][INFO] 2022-01-19 19:58:26,172: hello world 1642622306.17
[rosout][INFO] 2022-01-19 19:58:30,172: hello world 1642622310.17
[rosout][INFO] 2022-01-19 19:58:34,172: hello world 1642622314.17
[rosout][INFO] 2022-01-19 19:58:38,172: hello world 1642622318.17
[rosout][INFO] 2022-01-19 19:58:42,172: hello world 1642622322.17
[rosout][INFO] 2022-01-19 19:58:46,172: hello world 1642622326.17
[rosout][INFO] 2022-01-19 19:58:50,172: hello world 1642622330.17
[rosout][INFO] 2022-01-19 19:58:54,172: hello world 1642622334.17
[rosout][INFO] 2022-01-19 19:58:58,172: hello world 1642622338.17
[rosout][INFO] 2022-01-19 19:59:02,172: hello world 1642622342.17
[rosout][INFO] 2022-01-19 19:59:06,172: hello world 1642622346.17
[rosout][INFO] 2022-01-19 19:59:10,171: hello world 1642622350.17
[rosout][INFO] 2022-01-19 19:59:14,172: hello world 1642622354.17
[rosout][INFO] 2022-01-19 19:59:18,172: hello world 1642622358.17
[rosout][INFO] 2022-01-19 19:59:22,172: hello world 1642622362.17
[rosout][INFO] 2022-01-19 19:59:26,172: hello world 1642622366.17
[rosout][INFO] 2022-01-19 19:59:30,172: hello world 1642622370.17
[rosout][INFO] 2022-01-19 19:59:34,172: hello world 1642622374.17
[rosout][INFO] 2022-01-19 19:59:38,172: hello world 1642622378.17
[rosout][INFO] 2022-01-19 19:59:42,172: hello world 1642622382.17
[rosout][INFO] 2022-01-19 19:59:46,172: hello world 1642622386.17
[rosout][INFO] 2022-01-19 19:59:50,172: hello world 1642622390.17
[rosout][INFO] 2022-01-19 19:59:54,172: hello world 1642622394.17
[rosout][INFO] 2022-01-19 19:59:58,172: hello world 1642622398.17
[rosout][INFO] 2022-01-19 20:00:02,172: hello world 1642622402.17
[rosout][INFO] 2022-01-19 20:00:06,172: hello world 1642622406.17
[rosout][INFO] 2022-01-19 20:00:10,172: hello world 1642622410.17
[rosout][INFO] 2022-01-19 20:00:14,171: hello world 1642622414.17
[rosout][INFO] 2022-01-19 20:00:18,172: hello world 1642622418.17
[rosout][INFO] 2022-01-19 20:00:22,172: hello world 1642622422.17
[rosout][INFO] 2022-01-19 20:00:26,172: hello world 1642622426.17
[rosout][INFO] 2022-01-19 20:00:30,172: hello world 1642622430.17
[rosout][INFO] 2022-01-19 20:00:34,172: hello world 1642622434.17
[rosout][INFO] 2022-01-19 20:00:38,172: hello world 1642622438.17
[rosout][INFO] 2022-01-19 20:00:42,173: hello world 1642622442.17
[rosout][INFO] 2022-01-19 20:00:46,172: hello world 1642622446.17
[rosout][INFO] 2022-01-19 20:00:50,172: hello world 1642622450.17
[rosout][INFO] 2022-01-19 20:00:54,172: hello world 1642622454.17
[rosout][INFO] 2022-01-19 20:00:58,172: hello world 1642622458.17
[rosout][INFO] 2022-01-19 20:01:02,172: hello world 1642622462.17
[rosout][INFO] 2022-01-19 20:01:06,172: hello world 1642622466.17
[rosout][INFO] 2022-01-19 20:01:10,172: hello world 1642622470.17
[rosout][INFO] 2022-01-19 20:01:14,172: hello world 1642622474.17
[rosout][INFO] 2022-01-19 20:01:18,170: hello world 1642622478.17
[rosout][INFO] 2022-01-19 20:01:22,172: hello world 1642622482.17
[rosout][INFO] 2022-01-19 20:01:26,172: hello world 1642622486.17
[rosout][INFO] 2022-01-19 20:01:30,170: hello world 1642622490.17
[rosout][INFO] 2022-01-19 20:01:34,170: hello world 1642622494.17
[rosout][INFO] 2022-01-19 20:01:38,169: hello world 1642622498.17
[rosout][INFO] 2022-01-19 20:01:42,172: hello world 1642622502.17
[rosout][INFO] 2022-01-19 20:01:46,172: hello world 1642622506.17
[rosout][INFO] 2022-01-19 20:01:50,172: hello world 1642622510.17
[rosout][INFO] 2022-01-19 20:01:54,172: hello world 1642622514.17
[rosout][INFO] 2022-01-19 20:01:58,173: hello world 1642622518.17
[rosout][INFO] 2022-01-19 20:02:02,170: hello world 1642622522.17
[rosout][INFO] 2022-01-19 20:02:06,169: hello world 1642622526.17
[rosout][INFO] 2022-01-19 20:02:10,172: hello world 1642622530.17
[rosout][INFO] 2022-01-19 20:02:14,172: hello world 1642622534.17
[rosout][INFO] 2022-01-19 20:02:18,172: hello world 1642622538.17
[rosout][INFO] 2022-01-19 20:02:22,172: hello world 1642622542.17
[rosout][INFO] 2022-01-19 20:02:26,172: hello world 1642622546.17
[rosout][INFO] 2022-01-19 20:02:30,172: hello world 1642622550.17
[rosout][INFO] 2022-01-19 20:02:34,172: hello world 1642622554.17
[rosout][INFO] 2022-01-19 20:02:38,170: hello world 1642622558.17
[rosout][INFO] 2022-01-19 20:02:42,172: hello world 1642622562.17
[rosout][INFO] 2022-01-19 20:02:46,172: hello world 1642622566.17
[rosout][INFO] 2022-01-19 20:02:50,172: hello world 1642622570.17
[rosout][INFO] 2022-01-19 20:02:54,172: hello world 1642622574.17
[rosout][INFO] 2022-01-19 20:02:58,171: hello world 1642622578.17
[rosout][INFO] 2022-01-19 20:03:02,172: hello world 1642622582.17
[rosout][INFO] 2022-01-19 20:03:06,169: hello world 1642622586.17
[rosout][INFO] 2022-01-19 20:03:10,172: hello world 1642622590.17
[rosout][INFO] 2022-01-19 20:03:14,172: hello world 1642622594.17
[rosout][INFO] 2022-01-19 20:03:18,172: hello world 1642622598.17
[rosout][INFO] 2022-01-19 20:03:22,172: hello world 1642622602.17
[rosout][INFO] 2022-01-19 20:03:26,172: hello world 1642622606.17
[rosout][INFO] 2022-01-19 20:03:30,172: hello world 1642622610.17
[rosout][INFO] 2022-01-19 20:03:34,172: hello world 1642622614.17
[rosout][INFO] 2022-01-19 20:03:38,173: hello world 1642622618.17
[rosout][INFO] 2022-01-19 20:03:42,172: hello world 1642622622.17
[rosout][INFO] 2022-01-19 20:03:46,172: hello world 1642622626.17
[rosout][INFO] 2022-01-19 20:03:50,172: hello world 1642622630.17
[rosout][INFO] 2022-01-19 20:03:54,172: hello world 1642622634.17
[rosout][INFO] 2022-01-19 20:03:58,172: hello world 1642622638.17
[rosout][INFO] 2022-01-19 20:04:02,172: hello world 1642622642.17
[rosout][INFO] 2022-01-19 20:04:06,169: hello world 1642622646.17
[rosout][INFO] 2022-01-19 20:04:10,172: hello world 1642622650.17
[rosout][INFO] 2022-01-19 20:04:14,172: hello world 1642622654.17
[rosout][INFO] 2022-01-19 20:04:18,172: hello world 1642622658.17
[rosout][INFO] 2022-01-19 20:04:22,172: hello world 1642622662.17
[rosout][INFO] 2022-01-19 20:04:26,172: hello world 1642622666.17
[rosout][INFO] 2022-01-19 20:04:30,172: hello world 1642622670.17
[rosout][INFO] 2022-01-19 20:04:34,173: hello world 1642622674.17
[rosout][INFO] 2022-01-19 20:04:38,172: hello world 1642622678.17
[rosout][INFO] 2022-01-19 20:04:42,172: hello world 1642622682.17
[rosout][INFO] 2022-01-19 20:04:46,173: hello world 1642622686.17
[rosout][INFO] 2022-01-19 20:04:50,172: hello world 1642622690.17
[rosout][INFO] 2022-01-19 20:04:54,172: hello world 1642622694.17
[rosout][INFO] 2022-01-19 20:04:58,172: hello world 1642622698.17
[rosout][INFO] 2022-01-19 20:05:02,171: hello world 1642622702.17
[rosout][INFO] 2022-01-19 20:05:06,172: hello world 1642622706.17
[rosout][INFO] 2022-01-19 20:05:10,172: hello world 1642622710.17
[rosout][INFO] 2022-01-19 20:05:14,172: hello world 1642622714.17
[rosout][INFO] 2022-01-19 20:05:18,172: hello world 1642622718.17
[rosout][INFO] 2022-01-19 20:05:22,172: hello world 1642622722.17
[rosout][INFO] 2022-01-19 20:05:26,172: hello world 1642622726.17
[rosout][INFO] 2022-01-19 20:05:30,172: hello world 1642622730.17
[rosout][INFO] 2022-01-19 20:05:34,172: hello world 1642622734.17
[rosout][INFO] 2022-01-19 20:05:38,172: hello world 1642622738.17
[rosout][INFO] 2022-01-19 20:05:42,172: hello world 1642622742.17
[rosout][INFO] 2022-01-19 20:05:46,172: hello world 1642622746.17
[rosout][INFO] 2022-01-19 20:05:50,172: hello world 1642622750.17
[rosout][INFO] 2022-01-19 20:05:54,172: hello world 1642622754.17
[rosout][INFO] 2022-01-19 20:05:58,172: hello world 1642622758.17
[rosout][INFO] 2022-01-19 20:06:02,172: hello world 1642622762.17
[rosout][INFO] 2022-01-19 20:06:06,171: hello world 1642622766.17
[rosout][INFO] 2022-01-19 20:06:10,172: hello world 1642622770.17
[rosout][INFO] 2022-01-19 20:06:14,172: hello world 1642622774.17
[rosout][INFO] 2022-01-19 20:06:18,172: hello world 1642622778.17
[rosout][INFO] 2022-01-19 20:06:22,172: hello world 1642622782.17
[rosout][INFO] 2022-01-19 20:06:26,172: hello world 1642622786.17
[rosout][INFO] 2022-01-19 20:06:30,172: hello world 1642622790.17
[rosout][INFO] 2022-01-19 20:06:34,172: hello world 1642622794.17
[rosout][INFO] 2022-01-19 20:06:38,171: hello world 1642622798.17
[rosout][INFO] 2022-01-19 20:06:42,172: hello world 1642622802.17
[rosout][INFO] 2022-01-19 20:06:46,172: hello world 1642622806.17
[rosout][INFO] 2022-01-19 20:06:50,172: hello world 1642622810.17
[rosout][INFO] 2022-01-19 20:06:54,172: hello world 1642622814.17
[rosout][INFO] 2022-01-19 20:06:58,172: hello world 1642622818.17
[rosout][INFO] 2022-01-19 20:07:02,169: hello world 1642622822.17
[rosout][INFO] 2022-01-19 20:07:06,169: hello world 1642622826.17
[rosout][INFO] 2022-01-19 20:07:10,172: hello world 1642622830.17
[rosout][INFO] 2022-01-19 20:07:14,169: hello world 1642622834.17
[rosout][INFO] 2022-01-19 20:07:18,172: hello world 1642622838.17
[rosout][INFO] 2022-01-19 20:07:22,172: hello world 1642622842.17
[rosout][INFO] 2022-01-19 20:07:26,172: hello world 1642622846.17
[rosout][INFO] 2022-01-19 20:07:30,172: hello world 1642622850.17
[rosout][INFO] 2022-01-19 20:07:34,172: hello world 1642622854.17
[rosout][INFO] 2022-01-19 20:07:38,169: hello world 1642622858.17
[rosout][INFO] 2022-01-19 20:07:42,173: hello world 1642622862.17
[rosout][INFO] 2022-01-19 20:07:46,172: hello world 1642622866.17
[rosout][INFO] 2022-01-19 20:07:50,171: hello world 1642622870.17
[rosout][INFO] 2022-01-19 20:07:54,172: hello world 1642622874.17
[rosout][INFO] 2022-01-19 20:07:58,172: hello world 1642622878.17
[rosout][INFO] 2022-01-19 20:08:02,172: hello world 1642622882.17
[rosout][INFO] 2022-01-19 20:08:06,172: hello world 1642622886.17
[rosout][INFO] 2022-01-19 20:08:10,172: hello world 1642622890.17
[rosout][INFO] 2022-01-19 20:08:14,172: hello world 1642622894.17
[rosout][INFO] 2022-01-19 20:08:18,172: hello world 1642622898.17
[rosout][INFO] 2022-01-19 20:08:22,172: hello world 1642622902.17
[rosout][INFO] 2022-01-19 20:08:26,172: hello world 1642622906.17
[rosout][INFO] 2022-01-19 20:08:30,172: hello world 1642622910.17
[rosout][INFO] 2022-01-19 20:08:34,172: hello world 1642622914.17
[rosout][INFO] 2022-01-19 20:08:38,172: hello world 1642622918.17
[rosout][INFO] 2022-01-19 20:08:42,172: hello world 1642622922.17
[rosout][INFO] 2022-01-19 20:08:46,168: hello world 1642622926.17
[rosout][INFO] 2022-01-19 20:08:50,172: hello world 1642622930.17
[rosout][INFO] 2022-01-19 20:08:54,172: hello world 1642622934.17
[rosout][INFO] 2022-01-19 20:08:58,172: hello world 1642622938.17
[rosout][INFO] 2022-01-19 20:09:02,170: hello world 1642622942.17
[rosout][INFO] 2022-01-19 20:09:06,172: hello world 1642622946.17
[rosout][INFO] 2022-01-19 20:09:10,172: hello world 1642622950.17
[rosout][INFO] 2022-01-19 20:09:14,172: hello world 1642622954.17
[rosout][INFO] 2022-01-19 20:09:18,169: hello world 1642622958.17
[rosout][INFO] 2022-01-19 20:09:22,172: hello world 1642622962.17
[rosout][INFO] 2022-01-19 20:09:26,172: hello world 1642622966.17
[rosout][INFO] 2022-01-19 20:09:30,169: hello world 1642622970.17
[rosout][INFO] 2022-01-19 20:09:34,172: hello world 1642622974.17
[rosout][INFO] 2022-01-19 20:09:38,172: hello world 1642622978.17
[rosout][INFO] 2022-01-19 20:09:42,171: hello world 1642622982.17
[rosout][INFO] 2022-01-19 20:09:46,172: hello world 1642622986.17
[rosout][INFO] 2022-01-19 20:09:50,172: hello world 1642622990.17
[rosout][INFO] 2022-01-19 20:09:54,172: hello world 1642622994.17
[rosout][INFO] 2022-01-19 20:09:58,172: hello world 1642622998.17
[rosout][INFO] 2022-01-19 20:10:02,172: hello world 1642623002.17
[rosout][INFO] 2022-01-19 20:10:06,172: hello world 1642623006.17
[rosout][INFO] 2022-01-19 20:10:10,172: hello world 1642623010.17
[rosout][INFO] 2022-01-19 20:10:14,172: hello world 1642623014.17
[rosout][INFO] 2022-01-19 20:10:18,172: hello world 1642623018.17
[rosout][INFO] 2022-01-19 20:10:22,172: hello world 1642623022.17
[rosout][INFO] 2022-01-19 20:10:26,172: hello world 1642623026.17
[rosout][INFO] 2022-01-19 20:10:30,172: hello world 1642623030.17
[rosout][INFO] 2022-01-19 20:10:34,172: hello world 1642623034.17
[rosout][INFO] 2022-01-19 20:10:38,171: hello world 1642623038.17
[rosout][INFO] 2022-01-19 20:10:42,172: hello world 1642623042.17
[rosout][INFO] 2022-01-19 20:10:46,172: hello world 1642623046.17
[rosout][INFO] 2022-01-19 20:10:50,171: hello world 1642623050.17
[rosout][INFO] 2022-01-19 20:10:54,172: hello world 1642623054.17
[rosout][INFO] 2022-01-19 20:10:58,172: hello world 1642623058.17
[rosout][INFO] 2022-01-19 20:11:02,172: hello world 1642623062.17
[rosout][INFO] 2022-01-19 20:11:06,172: hello world 1642623066.17
[rosout][INFO] 2022-01-19 20:11:10,172: hello world 1642623070.17
[rosout][INFO] 2022-01-19 20:11:14,172: hello world 1642623074.17
[rosout][INFO] 2022-01-19 20:11:18,172: hello world 1642623078.17
[rosout][INFO] 2022-01-19 20:11:22,172: hello world 1642623082.17
[rosout][INFO] 2022-01-19 20:11:26,172: hello world 1642623086.17
[rosout][INFO] 2022-01-19 20:11:30,172: hello world 1642623090.17
[rosout][INFO] 2022-01-19 20:11:34,172: hello world 1642623094.17
[rosout][INFO] 2022-01-19 20:11:38,172: hello world 1642623098.17
[rosout][INFO] 2022-01-19 20:11:42,168: hello world 1642623102.17
[rosout][INFO] 2022-01-19 20:11:46,170: hello world 1642623106.17
[rosout][INFO] 2022-01-19 20:11:50,172: hello world 1642623110.17
[rosout][INFO] 2022-01-19 20:11:54,172: hello world 1642623114.17
[rosout][INFO] 2022-01-19 20:11:58,172: hello world 1642623118.17
[rosout][INFO] 2022-01-19 20:12:02,172: hello world 1642623122.17
[rosout][INFO] 2022-01-19 20:12:06,172: hello world 1642623126.17
[rosout][INFO] 2022-01-19 20:12:10,172: hello world 1642623130.17
[rosout][INFO] 2022-01-19 20:12:14,172: hello world 1642623134.17
[rosout][INFO] 2022-01-19 20:12:18,172: hello world 1642623138.17
[rosout][INFO] 2022-01-19 20:12:22,172: hello world 1642623142.17
[rosout][INFO] 2022-01-19 20:12:26,171: hello world 1642623146.17
[rosout][INFO] 2022-01-19 20:12:30,171: hello world 1642623150.17
[rosout][INFO] 2022-01-19 20:12:34,172: hello world 1642623154.17
[rosout][INFO] 2022-01-19 20:12:38,172: hello world 1642623158.17
[rosout][INFO] 2022-01-19 20:12:42,172: hello world 1642623162.17
[rosout][INFO] 2022-01-19 20:12:46,172: hello world 1642623166.17
[rosout][INFO] 2022-01-19 20:12:50,172: hello world 1642623170.17
[rosout][INFO] 2022-01-19 20:12:54,172: hello world 1642623174.17
[rosout][INFO] 2022-01-19 20:12:58,172: hello world 1642623178.17
[rosout][INFO] 2022-01-19 20:13:02,173: hello world 1642623182.17
[rosout][INFO] 2022-01-19 20:13:06,172: hello world 1642623186.17
[rosout][INFO] 2022-01-19 20:13:10,172: hello world 1642623190.17
[rosout][INFO] 2022-01-19 20:13:14,172: hello world 1642623194.17
[rosout][INFO] 2022-01-19 20:13:18,172: hello world 1642623198.17
[rosout][INFO] 2022-01-19 20:13:22,172: hello world 1642623202.17
[rosout][INFO] 2022-01-19 20:13:26,172: hello world 1642623206.17
[rosout][INFO] 2022-01-19 20:13:30,172: hello world 1642623210.17
[rosout][INFO] 2022-01-19 20:13:34,172: hello world 1642623214.17
[rosout][INFO] 2022-01-19 20:13:38,172: hello world 1642623218.17
[rosout][INFO] 2022-01-19 20:13:42,172: hello world 1642623222.17
[rosout][INFO] 2022-01-19 20:13:46,172: hello world 1642623226.17
[rosout][INFO] 2022-01-19 20:13:50,172: hello world 1642623230.17
[rosout][INFO] 2022-01-19 20:13:54,172: hello world 1642623234.17
[rosout][INFO] 2022-01-19 20:13:58,172: hello world 1642623238.17
[rosout][INFO] 2022-01-19 20:14:02,172: hello world 1642623242.17
[rosout][INFO] 2022-01-19 20:14:06,172: hello world 1642623246.17
[rosout][INFO] 2022-01-19 20:14:10,172: hello world 1642623250.17
[rosout][INFO] 2022-01-19 20:14:14,172: hello world 1642623254.17
[rosout][INFO] 2022-01-19 20:14:18,172: hello world 1642623258.17
[rosout][INFO] 2022-01-19 20:14:22,171: hello world 1642623262.17
[rosout][INFO] 2022-01-19 20:14:26,172: hello world 1642623266.17
[rosout][INFO] 2022-01-19 20:14:30,172: hello world 1642623270.17
[rosout][INFO] 2022-01-19 20:14:34,172: hello world 1642623274.17
[rosout][INFO] 2022-01-19 20:14:38,172: hello world 1642623278.17
[rosout][INFO] 2022-01-19 20:14:42,172: hello world 1642623282.17
[rosout][INFO] 2022-01-19 20:14:46,172: hello world 1642623286.17
[rosout][INFO] 2022-01-19 20:14:50,172: hello world 1642623290.17
[rosout][INFO] 2022-01-19 20:14:54,172: hello world 1642623294.17
[rosout][INFO] 2022-01-19 20:14:58,172: hello world 1642623298.17
[rosout][INFO] 2022-01-19 20:15:02,172: hello world 1642623302.17
[rosout][INFO] 2022-01-19 20:15:06,170: hello world 1642623306.17
[rosout][INFO] 2022-01-19 20:15:10,172: hello world 1642623310.17
[rosout][INFO] 2022-01-19 20:15:14,172: hello world 1642623314.17
[rosout][INFO] 2022-01-19 20:15:18,172: hello world 1642623318.17
[rosout][INFO] 2022-01-19 20:15:22,172: hello world 1642623322.17
[rosout][INFO] 2022-01-19 20:15:26,172: hello world 1642623326.17
[rosout][INFO] 2022-01-19 20:15:30,172: hello world 1642623330.17
[rosout][INFO] 2022-01-19 20:15:34,172: hello world 1642623334.17
[rosout][INFO] 2022-01-19 20:15:38,172: hello world 1642623338.17
[rosout][INFO] 2022-01-19 20:15:42,172: hello world 1642623342.17
[rosout][INFO] 2022-01-19 20:15:46,169: hello world 1642623346.17
[rosout][INFO] 2022-01-19 20:15:50,172: hello world 1642623350.17
[rosout][INFO] 2022-01-19 20:15:54,172: hello world 1642623354.17
[rosout][INFO] 2022-01-19 20:15:58,172: hello world 1642623358.17
[rosout][INFO] 2022-01-19 20:16:02,172: hello world 1642623362.17
[rosout][INFO] 2022-01-19 20:16:06,172: hello world 1642623366.17
[rosout][INFO] 2022-01-19 20:16:10,172: hello world 1642623370.17
[rosout][INFO] 2022-01-19 20:16:14,172: hello world 1642623374.17
[rosout][INFO] 2022-01-19 20:16:18,172: hello world 1642623378.17
[rosout][INFO] 2022-01-19 20:16:22,172: hello world 1642623382.17
[rosout][INFO] 2022-01-19 20:16:26,172: hello world 1642623386.17
[rosout][INFO] 2022-01-19 20:16:30,173: hello world 1642623390.17
[rosout][INFO] 2022-01-19 20:16:34,170: hello world 1642623394.17
[rosout][INFO] 2022-01-19 20:16:38,172: hello world 1642623398.17
[rosout][INFO] 2022-01-19 20:16:42,172: hello world 1642623402.17
[rosout][INFO] 2022-01-19 20:16:46,170: hello world 1642623406.17
[rosout][INFO] 2022-01-19 20:16:50,172: hello world 1642623410.17
[rosout][INFO] 2022-01-19 20:16:54,172: hello world 1642623414.17
[rosout][INFO] 2022-01-19 20:16:58,169: hello world 1642623418.17
[rosout][INFO] 2022-01-19 20:17:02,172: hello world 1642623422.17
[rosout][INFO] 2022-01-19 20:17:06,172: hello world 1642623426.17
[rosout][INFO] 2022-01-19 20:17:10,172: hello world 1642623430.17
[rosout][INFO] 2022-01-19 20:17:14,172: hello world 1642623434.17
[rosout][INFO] 2022-01-19 20:17:18,172: hello world 1642623438.17
[rosout][INFO] 2022-01-19 20:17:22,172: hello world 1642623442.17
[rosout][INFO] 2022-01-19 20:17:26,172: hello world 1642623446.17
[rosout][INFO] 2022-01-19 20:17:30,172: hello world 1642623450.17
[rosout][INFO] 2022-01-19 20:17:34,172: hello world 1642623454.17
[rosout][INFO] 2022-01-19 20:17:38,173: hello world 1642623458.17
[rosout][INFO] 2022-01-19 20:17:42,172: hello world 1642623462.17
[rosout][INFO] 2022-01-19 20:17:46,172: hello world 1642623466.17
[rosout][INFO] 2022-01-19 20:17:50,169: hello world 1642623470.17
[rosout][INFO] 2022-01-19 20:17:54,172: hello world 1642623474.17
[rosout][INFO] 2022-01-19 20:17:58,172: hello world 1642623478.17
[rosout][INFO] 2022-01-19 20:18:02,172: hello world 1642623482.17
[rosout][INFO] 2022-01-19 20:18:06,172: hello world 1642623486.17
[rosout][INFO] 2022-01-19 20:18:10,170: hello world 1642623490.17
[rosout][INFO] 2022-01-19 20:18:14,172: hello world 1642623494.17
[rosout][INFO] 2022-01-19 20:18:18,172: hello world 1642623498.17
[rosout][INFO] 2022-01-19 20:18:22,172: hello world 1642623502.17
[rosout][INFO] 2022-01-19 20:18:26,173: hello world 1642623506.17
[rosout][INFO] 2022-01-19 20:18:30,172: hello world 1642623510.17
[rosout][INFO] 2022-01-19 20:18:34,172: hello world 1642623514.17
[rosout][INFO] 2022-01-19 20:18:38,172: hello world 1642623518.17
[rosout][INFO] 2022-01-19 20:18:42,172: hello world 1642623522.17
[rosout][INFO] 2022-01-19 20:18:46,171: hello world 1642623526.17
[rosout][INFO] 2022-01-19 20:18:50,172: hello world 1642623530.17
[rosout][INFO] 2022-01-19 20:18:54,172: hello world 1642623534.17
[rosout][INFO] 2022-01-19 20:18:58,172: hello world 1642623538.17
[rosout][INFO] 2022-01-19 20:19:02,172: hello world 1642623542.17
[rosout][INFO] 2022-01-19 20:19:06,172: hello world 1642623546.17
[rosout][INFO] 2022-01-19 20:19:10,172: hello world 1642623550.17
[rosout][INFO] 2022-01-19 20:19:14,172: hello world 1642623554.17
[rosout][INFO] 2022-01-19 20:19:18,172: hello world 1642623558.17
[rosout][INFO] 2022-01-19 20:19:22,172: hello world 1642623562.17
[rosout][INFO] 2022-01-19 20:19:26,172: hello world 1642623566.17
[rosout][INFO] 2022-01-19 20:19:30,172: hello world 1642623570.17
[rosout][INFO] 2022-01-19 20:19:34,172: hello world 1642623574.17
[rosout][INFO] 2022-01-19 20:19:38,172: hello world 1642623578.17
[rosout][INFO] 2022-01-19 20:19:42,172: hello world 1642623582.17
[rosout][INFO] 2022-01-19 20:19:46,172: hello world 1642623586.17
[rosout][INFO] 2022-01-19 20:19:50,172: hello world 1642623590.17
[rosout][INFO] 2022-01-19 20:19:54,168: hello world 1642623594.17
[rosout][INFO] 2022-01-19 20:19:58,170: hello world 1642623598.17
[rosout][INFO] 2022-01-19 20:20:02,172: hello world 1642623602.17
[rosout][INFO] 2022-01-19 20:20:06,171: hello world 1642623606.17
[rosout][INFO] 2022-01-19 20:20:10,172: hello world 1642623610.17
[rosout][INFO] 2022-01-19 20:20:14,172: hello world 1642623614.17
[rosout][INFO] 2022-01-19 20:20:18,172: hello world 1642623618.17
[rosout][INFO] 2022-01-19 20:20:22,172: hello world 1642623622.17
[rosout][INFO] 2022-01-19 20:20:26,172: hello world 1642623626.17
[rosout][INFO] 2022-01-19 20:20:30,172: hello world 1642623630.17
[rosout][INFO] 2022-01-19 20:20:34,172: hello world 1642623634.17
[rosout][INFO] 2022-01-19 20:20:38,172: hello world 1642623638.17
[rosout][INFO] 2022-01-19 20:20:42,172: hello world 1642623642.17
[rosout][INFO] 2022-01-19 20:20:46,169: hello world 1642623646.17
[rosout][INFO] 2022-01-19 20:20:50,172: hello world 1642623650.17
[rosout][INFO] 2022-01-19 20:20:54,172: hello world 1642623654.17
[rosout][INFO] 2022-01-19 20:20:58,171: hello world 1642623658.17
[rosout][INFO] 2022-01-19 20:21:02,172: hello world 1642623662.17
[rosout][INFO] 2022-01-19 20:21:06,172: hello world 1642623666.17
[rosout][INFO] 2022-01-19 20:21:10,169: hello world 1642623670.17
[rosout][INFO] 2022-01-19 20:21:14,172: hello world 1642623674.17
[rosout][INFO] 2022-01-19 20:21:18,169: hello world 1642623678.17
[rosout][INFO] 2022-01-19 20:21:22,172: hello world 1642623682.17
[rosout][INFO] 2022-01-19 20:21:26,172: hello world 1642623686.17
[rosout][INFO] 2022-01-19 20:21:30,172: hello world 1642623690.17
[rosout][INFO] 2022-01-19 20:21:34,171: hello world 1642623694.17
[rosout][INFO] 2022-01-19 20:21:38,173: hello world 1642623698.17
[rosout][INFO] 2022-01-19 20:21:42,172: hello world 1642623702.17
[rosout][INFO] 2022-01-19 20:21:46,171: hello world 1642623706.17
[rosout][INFO] 2022-01-19 20:21:50,172: hello world 1642623710.17
[rosout][INFO] 2022-01-19 20:21:54,172: hello world 1642623714.17
[rosout][INFO] 2022-01-19 20:21:58,172: hello world 1642623718.17
[rosout][INFO] 2022-01-19 20:22:02,172: hello world 1642623722.17
[rosout][INFO] 2022-01-19 20:22:06,172: hello world 1642623726.17
[rosout][INFO] 2022-01-19 20:22:10,172: hello world 1642623730.17
[rosout][INFO] 2022-01-19 20:22:14,172: hello world 1642623734.17
[rosout][INFO] 2022-01-19 20:22:18,172: hello world 1642623738.17
[rosout][INFO] 2022-01-19 20:22:22,172: hello world 1642623742.17
[rosout][INFO] 2022-01-19 20:22:26,172: hello world 1642623746.17
[rosout][INFO] 2022-01-19 20:22:30,170: hello world 1642623750.17
[rosout][INFO] 2022-01-19 20:22:34,172: hello world 1642623754.17
[rosout][INFO] 2022-01-19 20:22:38,172: hello world 1642623758.17
[rosout][INFO] 2022-01-19 20:22:42,172: hello world 1642623762.17
[rosout][INFO] 2022-01-19 20:22:46,170: hello world 1642623766.17
[rosout][INFO] 2022-01-19 20:22:50,172: hello world 1642623770.17
[rosout][INFO] 2022-01-19 20:22:54,172: hello world 1642623774.17
[rosout][INFO] 2022-01-19 20:22:58,172: hello world 1642623778.17
[rosout][INFO] 2022-01-19 20:23:02,172: hello world 1642623782.17
[rosout][INFO] 2022-01-19 20:23:06,172: hello world 1642623786.17
[rosout][INFO] 2022-01-19 20:23:10,169: hello world 1642623790.17
[rosout][INFO] 2022-01-19 20:23:14,172: hello world 1642623794.17
[rosout][INFO] 2022-01-19 20:23:18,172: hello world 1642623798.17
[rosout][INFO] 2022-01-19 20:23:22,172: hello world 1642623802.17
[rosout][INFO] 2022-01-19 20:23:26,172: hello world 1642623806.17
[rosout][INFO] 2022-01-19 20:23:30,172: hello world 1642623810.17
[rosout][INFO] 2022-01-19 20:23:34,172: hello world 1642623814.17
[rosout][INFO] 2022-01-19 20:23:38,172: hello world 1642623818.17
[rosout][INFO] 2022-01-19 20:23:42,170: hello world 1642623822.17
[rosout][INFO] 2022-01-19 20:23:46,172: hello world 1642623826.17
[rosout][INFO] 2022-01-19 20:23:50,172: hello world 1642623830.17
[rosout][INFO] 2022-01-19 20:23:54,172: hello world 1642623834.17
[rosout][INFO] 2022-01-19 20:23:58,172: hello world 1642623838.17
[rosout][INFO] 2022-01-19 20:24:02,172: hello world 1642623842.17
[rosout][INFO] 2022-01-19 20:24:06,172: hello world 1642623846.17
[rosout][INFO] 2022-01-19 20:24:10,172: hello world 1642623850.17
[rosout][INFO] 2022-01-19 20:24:14,172: hello world 1642623854.17
[rosout][INFO] 2022-01-19 20:24:18,172: hello world 1642623858.17
[rosout][INFO] 2022-01-19 20:24:22,172: hello world 1642623862.17
[rosout][INFO] 2022-01-19 20:24:26,172: hello world 1642623866.17
[rosout][INFO] 2022-01-19 20:24:30,172: hello world 1642623870.17
[rosout][INFO] 2022-01-19 20:24:34,172: hello world 1642623874.17
[rosout][INFO] 2022-01-19 20:24:38,171: hello world 1642623878.17
[rosout][INFO] 2022-01-19 20:24:42,172: hello world 1642623882.17
[rosout][INFO] 2022-01-19 20:24:46,172: hello world 1642623886.17
[rosout][INFO] 2022-01-19 20:24:50,172: hello world 1642623890.17
[rosout][INFO] 2022-01-19 20:24:54,172: hello world 1642623894.17
[rosout][INFO] 2022-01-19 20:24:58,172: hello world 1642623898.17
[rosout][INFO] 2022-01-19 20:25:02,172: hello world 1642623902.17
[rosout][INFO] 2022-01-19 20:25:06,172: hello world 1642623906.17
[rosout][INFO] 2022-01-19 20:25:10,172: hello world 1642623910.17
[rosout][INFO] 2022-01-19 20:25:14,168: hello world 1642623914.17
[rosout][INFO] 2022-01-19 20:25:18,172: hello world 1642623918.17
[rosout][INFO] 2022-01-19 20:25:22,172: hello world 1642623922.17
[rosout][INFO] 2022-01-19 20:25:26,172: hello world 1642623926.17
[rosout][INFO] 2022-01-19 20:25:30,171: hello world 1642623930.17
[rosout][INFO] 2022-01-19 20:25:34,172: hello world 1642623934.17
[rosout][INFO] 2022-01-19 20:25:38,172: hello world 1642623938.17
[rosout][INFO] 2022-01-19 20:25:42,172: hello world 1642623942.17
[rosout][INFO] 2022-01-19 20:25:46,172: hello world 1642623946.17
[rosout][INFO] 2022-01-19 20:25:50,172: hello world 1642623950.17
[rosout][INFO] 2022-01-19 20:25:54,172: hello world 1642623954.17
[rosout][INFO] 2022-01-19 20:25:58,172: hello world 1642623958.17
[rosout][INFO] 2022-01-19 20:26:02,172: hello world 1642623962.17
[rosout][INFO] 2022-01-19 20:26:06,172: hello world 1642623966.17
[rosout][INFO] 2022-01-19 20:26:10,172: hello world 1642623970.17
[rosout][INFO] 2022-01-19 20:26:14,172: hello world 1642623974.17
[rosout][INFO] 2022-01-19 20:26:18,169: hello world 1642623978.17
[rosout][INFO] 2022-01-19 20:26:22,172: hello world 1642623982.17
[rosout][INFO] 2022-01-19 20:26:26,172: hello world 1642623986.17
[rosout][INFO] 2022-01-19 20:26:30,172: hello world 1642623990.17
[rosout][INFO] 2022-01-19 20:26:34,168: hello world 1642623994.17
[rosout][INFO] 2022-01-19 20:26:38,172: hello world 1642623998.17
[rosout][INFO] 2022-01-19 20:26:42,172: hello world 1642624002.17
[rosout][INFO] 2022-01-19 20:26:46,170: hello world 1642624006.17
[rosout][INFO] 2022-01-19 20:26:50,172: hello world 1642624010.17
[rosout][INFO] 2022-01-19 20:26:54,171: hello world 1642624014.17
[rosout][INFO] 2022-01-19 20:26:58,171: hello world 1642624018.17
[rosout][INFO] 2022-01-19 20:27:02,172: hello world 1642624022.17
[rosout][INFO] 2022-01-19 20:27:06,173: hello world 1642624026.17
[rosout][INFO] 2022-01-19 20:27:10,172: hello world 1642624030.17
[rosout][INFO] 2022-01-19 20:27:14,172: hello world 1642624034.17
[rosout][INFO] 2022-01-19 20:27:18,172: hello world 1642624038.17
[rosout][INFO] 2022-01-19 20:27:22,172: hello world 1642624042.17
[rosout][INFO] 2022-01-19 20:27:26,172: hello world 1642624046.17
[rosout][INFO] 2022-01-19 20:27:30,173: hello world 1642624050.17
[rosout][INFO] 2022-01-19 20:27:34,171: hello world 1642624054.17
[rosout][INFO] 2022-01-19 20:27:38,172: hello world 1642624058.17
[rosout][INFO] 2022-01-19 20:27:42,172: hello world 1642624062.17
[rosout][INFO] 2022-01-19 20:27:46,172: hello world 1642624066.17
[rosout][INFO] 2022-01-19 20:27:50,172: hello world 1642624070.17
[rosout][INFO] 2022-01-19 20:27:54,172: hello world 1642624074.17
[rosout][INFO] 2022-01-19 20:27:58,171: hello world 1642624078.17
[rosout][INFO] 2022-01-19 20:28:02,171: hello world 1642624082.17
[rosout][INFO] 2022-01-19 20:28:06,172: hello world 1642624086.17
[rosout][INFO] 2022-01-19 20:28:10,170: hello world 1642624090.17
[rosout][INFO] 2022-01-19 20:28:14,170: hello world 1642624094.17
[rosout][INFO] 2022-01-19 20:28:18,172: hello world 1642624098.17
[rosout][INFO] 2022-01-19 20:28:22,172: hello world 1642624102.17
[rosout][INFO] 2022-01-19 20:28:26,172: hello world 1642624106.17
[rosout][INFO] 2022-01-19 20:28:30,172: hello world 1642624110.17
[rosout][INFO] 2022-01-19 20:28:34,169: hello world 1642624114.17
[rosout][INFO] 2022-01-19 20:28:38,172: hello world 1642624118.17
[rosout][INFO] 2022-01-19 20:28:42,172: hello world 1642624122.17
[rosout][INFO] 2022-01-19 20:28:46,169: hello world 1642624126.17
[rosout][INFO] 2022-01-19 20:28:50,172: hello world 1642624130.17
[rosout][INFO] 2022-01-19 20:28:54,171: hello world 1642624134.17
[rosout][INFO] 2022-01-19 20:28:58,172: hello world 1642624138.17
[rosout][INFO] 2022-01-19 20:29:02,171: hello world 1642624142.17
[rosout][INFO] 2022-01-19 20:29:06,172: hello world 1642624146.17
[rosout][INFO] 2022-01-19 20:29:10,172: hello world 1642624150.17
[rosout][INFO] 2022-01-19 20:29:14,172: hello world 1642624154.17
[rosout][INFO] 2022-01-19 20:29:18,172: hello world 1642624158.17
[rosout][INFO] 2022-01-19 20:29:22,172: hello world 1642624162.17
[rosout][INFO] 2022-01-19 20:29:26,172: hello world 1642624166.17
[rosout][INFO] 2022-01-19 20:29:30,172: hello world 1642624170.17
[rosout][INFO] 2022-01-19 20:29:34,172: hello world 1642624174.17
