[0.167s] Invoking command in '/home/ubuntu/ros2_foxy/build/ament_cmake_export_definitions': AMENT_PREFIX_PATH=/home/ubuntu/ros2_foxy/install/ament_cmake_core:/home/ubuntu/ros2_foxy/install/ament_package CMAKE_PREFIX_PATH=/home/ubuntu/ros2_foxy/install/ament_cmake_core PYTHONPATH=/home/ubuntu/ros2_foxy/build/ament_package:/home/ubuntu/ros2_foxy/install/ament_package/lib/python3.6/site-packages /usr/bin/cmake /home/ubuntu/ros2_foxy/src/ament/ament_cmake/ament_cmake_export_definitions -DAMENT_CMAKE_SYMLINK_INSTALL=1 -DCMAKE_INSTALL_PREFIX=/home/ubuntu/ros2_foxy/install/ament_cmake_export_definitions
[0.413s] -- Found ament_cmake_core: 0.9.9 (/home/ubuntu/ros2_foxy/install/ament_cmake_core/share/ament_cmake_core/cmake)
[0.749s] -- Found PythonInterp: /usr/bin/python3 (found suitable version "3.6.9", minimum required is "3") 
[0.750s] -- Using PYTHON_EXECUTABLE: /usr/bin/python3
[3.042s] -- Override CMake install command with custom implementation using symlinks instead of copying resources
[3.804s] -- Configuring done
[3.820s] -- Generating done
[3.830s] -- Build files have been written to: /home/ubuntu/ros2_foxy/build/ament_cmake_export_definitions
[3.854s] Invoked command in '/home/ubuntu/ros2_foxy/build/ament_cmake_export_definitions' returned '0': AMENT_PREFIX_PATH=/home/ubuntu/ros2_foxy/install/ament_cmake_core:/home/ubuntu/ros2_foxy/install/ament_package CMAKE_PREFIX_PATH=/home/ubuntu/ros2_foxy/install/ament_cmake_core PYTHONPATH=/home/ubuntu/ros2_foxy/build/ament_package:/home/ubuntu/ros2_foxy/install/ament_package/lib/python3.6/site-packages /usr/bin/cmake /home/ubuntu/ros2_foxy/src/ament/ament_cmake/ament_cmake_export_definitions -DAMENT_CMAKE_SYMLINK_INSTALL=1 -DCMAKE_INSTALL_PREFIX=/home/ubuntu/ros2_foxy/install/ament_cmake_export_definitions
[3.859s] Invoking command in '/home/ubuntu/ros2_foxy/build/ament_cmake_export_definitions': AMENT_PREFIX_PATH=/home/ubuntu/ros2_foxy/install/ament_cmake_core:/home/ubuntu/ros2_foxy/install/ament_package CMAKE_PREFIX_PATH=/home/ubuntu/ros2_foxy/install/ament_cmake_core PYTHONPATH=/home/ubuntu/ros2_foxy/build/ament_package:/home/ubuntu/ros2_foxy/install/ament_package/lib/python3.6/site-packages /usr/bin/cmake --build /home/ubuntu/ros2_foxy/build/ament_cmake_export_definitions -- -j4 -l4
[4.365s] Invoked command in '/home/ubuntu/ros2_foxy/build/ament_cmake_export_definitions' returned '0': AMENT_PREFIX_PATH=/home/ubuntu/ros2_foxy/install/ament_cmake_core:/home/ubuntu/ros2_foxy/install/ament_package CMAKE_PREFIX_PATH=/home/ubuntu/ros2_foxy/install/ament_cmake_core PYTHONPATH=/home/ubuntu/ros2_foxy/build/ament_package:/home/ubuntu/ros2_foxy/install/ament_package/lib/python3.6/site-packages /usr/bin/cmake --build /home/ubuntu/ros2_foxy/build/ament_cmake_export_definitions -- -j4 -l4
[4.849s] Invoking command in '/home/ubuntu/ros2_foxy/build/ament_cmake_export_definitions': AMENT_PREFIX_PATH=/home/ubuntu/ros2_foxy/install/ament_cmake_core:/home/ubuntu/ros2_foxy/install/ament_package CMAKE_PREFIX_PATH=/home/ubuntu/ros2_foxy/install/ament_cmake_core PYTHONPATH=/home/ubuntu/ros2_foxy/build/ament_package:/home/ubuntu/ros2_foxy/install/ament_package/lib/python3.6/site-packages /usr/bin/cmake --build /home/ubuntu/ros2_foxy/build/ament_cmake_export_definitions --target install -- -j4 -l4
[5.682s] [36mInstall the project...[0m
[5.802s] -- Install configuration: ""
[5.809s] -- Execute custom install script
[5.811s] -- Symlinking: /home/ubuntu/ros2_foxy/install/ament_cmake_export_definitions/share/ament_index/resource_index/package_run_dependencies/ament_cmake_export_definitions
[5.918s] -- Symlinking: /home/ubuntu/ros2_foxy/install/ament_cmake_export_definitions/share/ament_index/resource_index/parent_prefix_path/ament_cmake_export_definitions
[5.994s] -- Symlinking: /home/ubuntu/ros2_foxy/install/ament_cmake_export_definitions/share/ament_cmake_export_definitions/environment/ament_prefix_path.sh
[6.093s] -- Symlinking: /home/ubuntu/ros2_foxy/install/ament_cmake_export_definitions/share/ament_cmake_export_definitions/environment/ament_prefix_path.dsv
[6.232s] -- Symlinking: /home/ubuntu/ros2_foxy/install/ament_cmake_export_definitions/share/ament_cmake_export_definitions/environment/path.sh
[6.371s] -- Symlinking: /home/ubuntu/ros2_foxy/install/ament_cmake_export_definitions/share/ament_cmake_export_definitions/environment/path.dsv
[6.515s] -- Symlinking: /home/ubuntu/ros2_foxy/install/ament_cmake_export_definitions/share/ament_cmake_export_definitions/local_setup.bash
[6.578s] -- Symlinking: /home/ubuntu/ros2_foxy/install/ament_cmake_export_definitions/share/ament_cmake_export_definitions/local_setup.sh
[6.697s] -- Symlinking: /home/ubuntu/ros2_foxy/install/ament_cmake_export_definitions/share/ament_cmake_export_definitions/local_setup.zsh
[6.838s] -- Symlinking: /home/ubuntu/ros2_foxy/install/ament_cmake_export_definitions/share/ament_cmake_export_definitions/local_setup.dsv
[6.951s] -- Symlinking: /home/ubuntu/ros2_foxy/install/ament_cmake_export_definitions/share/ament_cmake_export_definitions/package.dsv
[7.104s] -- Symlinking: /home/ubuntu/ros2_foxy/install/ament_cmake_export_definitions/share/ament_index/resource_index/packages/ament_cmake_export_definitions
[7.257s] -- Symlinking: /home/ubuntu/ros2_foxy/install/ament_cmake_export_definitions/share/ament_cmake_export_definitions/cmake/ament_cmake_export_definitions-extras.cmake
[7.396s] -- Symlinking: /home/ubuntu/ros2_foxy/install/ament_cmake_export_definitions/share/ament_cmake_export_definitions/cmake/ament_cmake_export_definitionsConfig.cmake
[7.523s] -- Symlinking: /home/ubuntu/ros2_foxy/install/ament_cmake_export_definitions/share/ament_cmake_export_definitions/cmake/ament_cmake_export_definitionsConfig-version.cmake
[7.620s] -- Symlinking: /home/ubuntu/ros2_foxy/install/ament_cmake_export_definitions/share/ament_cmake_export_definitions/package.xml
[7.724s] -- Symlinking: /home/ubuntu/ros2_foxy/install/ament_cmake_export_definitions/share/ament_cmake_export_definitions/cmake/ament_cmake_export_definitions-extras.cmake.in
[7.883s] -- Symlinking: /home/ubuntu/ros2_foxy/install/ament_cmake_export_definitions/share/ament_cmake_export_definitions/cmake/ament_cmake_export_definitions_package_hook.cmake
[8.000s] -- Symlinking: /home/ubuntu/ros2_foxy/install/ament_cmake_export_definitions/share/ament_cmake_export_definitions/cmake/ament_export_definitions.cmake
[8.168s] Invoked command in '/home/ubuntu/ros2_foxy/build/ament_cmake_export_definitions' returned '0': AMENT_PREFIX_PATH=/home/ubuntu/ros2_foxy/install/ament_cmake_core:/home/ubuntu/ros2_foxy/install/ament_package CMAKE_PREFIX_PATH=/home/ubuntu/ros2_foxy/install/ament_cmake_core PYTHONPATH=/home/ubuntu/ros2_foxy/build/ament_package:/home/ubuntu/ros2_foxy/install/ament_package/lib/python3.6/site-packages /usr/bin/cmake --build /home/ubuntu/ros2_foxy/build/ament_cmake_export_definitions --target install -- -j4 -l4
