2021-02-13 16:17:24 [INFO ]  ################################################################################
2021-02-13 16:17:24 [INFO ]  
2021-02-13 16:17:24 [INFO ]  Installing FREEDOM ROBOTICS Micro Service
2021-02-13 16:17:24 [INFO ]  
2021-02-13 16:17:24 [INFO ]  Copyright Freedom Robotics Inc 2020. All rights reserved. Confidential.
2021-02-13 16:17:24 [INFO ]  
2021-02-13 16:17:24 [INFO ]  ################################################################################
2021-02-13 16:17:24 [DEBUG]  		EXECUTING SYSTEM COMMAND: /bin/bash -c "whoami"
2021-02-13 16:17:24 [DEBUG]  		SUCCESS RESPONSE CODE: 0, EXECUTION TIME: 0.02s
2021-02-13 16:17:24 [DEBUG]  		EXECUTING SYSTEM COMMAND: /bin/bash -c "sudo -nv"
2021-02-13 16:17:24 [DEBUG]  		SUCCESS RESPONSE CODE: 0, EXECUTION TIME: 0.08s
2021-02-13 16:17:24 [INFO ]  
2021-02-13 16:17:24 [INFO ]  Step 1/7: VERIFYING PREREQUISITES
2021-02-13 16:17:24 [DEBUG]  		EXECUTING SYSTEM COMMAND: /bin/bash -c "/usr/bin/python -m pip &> /dev/null"
2021-02-13 16:17:24 [DEBUG]  		SUCCESS RESPONSE CODE: 0, EXECUTION TIME: 0.46s
2021-02-13 16:17:24 [DEBUG]  		EXECUTING SYSTEM COMMAND: /bin/bash -c "/usr/bin/python3 -c 'import sys; print(\"{}.{}\".format(sys.version_info.major, sys.version_info.minor))'"
2021-02-13 16:17:25 [DEBUG]  		SUCCESS RESPONSE CODE: 0, EXECUTION TIME: 0.10s
2021-02-13 16:17:25 [DEBUG]  Using the python3 binary specified in credentials file: /usr/bin/python3. Try to remove credentials file or its `python3` item if you want the installation script to reconsider the best python3 available option.
2021-02-13 16:17:25 [DEBUG]  		EXECUTING SYSTEM COMMAND: /bin/bash -c "/usr/bin/python3 -c 'import sys; print(\"{}.{}\".format(sys.version_info.major, sys.version_info.minor))'"
2021-02-13 16:17:25 [DEBUG]  		SUCCESS RESPONSE CODE: 0, EXECUTION TIME: 0.10s
2021-02-13 16:17:25 [DEBUG]  		EXECUTING SYSTEM COMMAND: /bin/bash -c "/usr/bin/python3 -m pip &> /dev/null"
2021-02-13 16:17:25 [DEBUG]  		SUCCESS RESPONSE CODE: 0, EXECUTION TIME: 0.79s
2021-02-13 16:17:26 [DEBUG]  Urllib2 can be use for ssl communication.
2021-02-13 16:17:26 [DEBUG]  		EXECUTING SYSTEM COMMAND: /bin/bash -c "dpkg-query -W -f='\${Status} \${Version}\n' python-dev"
2021-02-13 16:17:26 [DEBUG]  		SUCCESS RESPONSE CODE: 0, EXECUTION TIME: 0.04s
2021-02-13 16:17:26 [DEBUG]  		EXECUTING SYSTEM COMMAND: /bin/bash -c "dpkg-query -W -f='\${Status} \${Version}\n' python3-dev"
2021-02-13 16:17:26 [DEBUG]  		SUCCESS RESPONSE CODE: 0, EXECUTION TIME: 0.04s
2021-02-13 16:17:26 [DEBUG]  		EXECUTING SYSTEM COMMAND: /bin/bash -c "dpkg-query -W -f='\${Status} \${Version}\n' pkg-config"
2021-02-13 16:17:26 [DEBUG]  		SUCCESS RESPONSE CODE: 0, EXECUTION TIME: 0.04s
2021-02-13 16:17:26 [DEBUG]  		EXECUTING SYSTEM COMMAND: /bin/bash -c "dpkg-query -W -f='\${Status} \${Version}\n' libopus-dev"
2021-02-13 16:17:26 [DEBUG]  		SUCCESS RESPONSE CODE: 0, EXECUTION TIME: 0.04s
2021-02-13 16:17:26 [DEBUG]  		EXECUTING SYSTEM COMMAND: /bin/bash -c "dpkg-query -W -f='\${Status} \${Version}\n' libvpx-dev"
2021-02-13 16:17:26 [DEBUG]  		SUCCESS RESPONSE CODE: 0, EXECUTION TIME: 0.04s
2021-02-13 16:17:26 [DEBUG]  		EXECUTING SYSTEM COMMAND: /bin/bash -c "dpkg-query -W -f='\${Status} \${Version}\n' libffi-dev"
2021-02-13 16:17:26 [DEBUG]  		SUCCESS RESPONSE CODE: 0, EXECUTION TIME: 0.04s
2021-02-13 16:17:26 [DEBUG]  		EXECUTING SYSTEM COMMAND: /bin/bash -c "dpkg-query -W -f='\${Status} \${Version}\n' libssl-dev"
2021-02-13 16:17:26 [DEBUG]  		SUCCESS RESPONSE CODE: 0, EXECUTION TIME: 0.04s
2021-02-13 16:17:26 [DEBUG]  		EXECUTING SYSTEM COMMAND: /bin/bash -c "dpkg-query -W -f='\${Status} \${Version}\n' libsrtp2-dev"
2021-02-13 16:17:26 [DEBUG]  		SUCCESS RESPONSE CODE: 0, EXECUTION TIME: 0.04s
2021-02-13 16:17:26 [DEBUG]  		EXECUTING SYSTEM COMMAND: /bin/bash -c "dpkg-query -W -f='\${Status} \${Version}\n' python3-dev"
2021-02-13 16:17:26 [DEBUG]  		SUCCESS RESPONSE CODE: 0, EXECUTION TIME: 0.04s
2021-02-13 16:17:26 [DEBUG]  		EXECUTING SYSTEM COMMAND: /bin/bash -c "pkg-config --modversion libavdevice"
2021-02-13 16:17:26 [DEBUG]  		SUCCESS RESPONSE CODE: 0, EXECUTION TIME: 0.01s
2021-02-13 16:17:26 [DEBUG]  Found library libavdevice installed at version 58.8.100
2021-02-13 16:17:26 [DEBUG]  		EXECUTING SYSTEM COMMAND: /bin/bash -c "pkg-config --modversion libavfilter"
2021-02-13 16:17:26 [DEBUG]  		SUCCESS RESPONSE CODE: 0, EXECUTION TIME: 0.02s
2021-02-13 16:17:26 [DEBUG]  Found library libavfilter installed at version 7.57.100
2021-02-13 16:17:26 [DEBUG]  		EXECUTING SYSTEM COMMAND: /bin/bash -c "pkg-config --modversion libsrtp2"
2021-02-13 16:17:26 [DEBUG]  		SUCCESS RESPONSE CODE: 0, EXECUTION TIME: 0.01s
2021-02-13 16:17:26 [DEBUG]  Found library libsrtp2 installed at version 2.1.0
2021-02-13 16:17:26 [INFO ]      COMPLETE
2021-02-13 16:17:26 [INFO ]  
2021-02-13 16:17:26 [INFO ]  Step 2/7: INSTALLING CREDENTIALS
2021-02-13 16:17:26 [DEBUG]  		EXECUTING SYSTEM COMMAND: /bin/bash -c "mkdir -p  /home/ubuntu/.config/freedomrobotics ; echo '{
    \"device\": \"D7530172466E9EC156991C77C54\", 
    \"account\": \"AA2E4916C77670BAA7DA84BD4\", 
    \"configuration\": {
        \"measurements\": {
            \"disabled\": [], 
            \"enabled\": [
                \"resources\", 
                \"platform\", 
                \"ros\", 
                \"processes\", 
                \"network\", 
                \"webrtc\", 
                \"gpu\"
            ], 
            \"details\": \"If a measurement is mentioned in both lists, it will be disabled, andif it is not mentioned in any of the lists, it will be enabled.\"
        }, 
        \"webrtc_local_port\": 5540
    }, 
    \"log_level\": \"INFO\", 
    \"code_branch\": \"release\", 
    \"url\": \"https://api.freedomrobotics.ai/\", 
    \"secret\": \"S2aab9bea76cdb0ae72564ff2\", 
    \"token\": \"T2F1C0BE7ED6A0B7D4FFE7DDE\", 
    \"python3\": \"/usr/bin/python3\", 
    \"install_elements\": [
        \"webrtc\"
    ]
}' > /home/ubuntu/.config/freedomrobotics/credentials"
2021-02-13 16:17:26 [DEBUG]  		SUCCESS RESPONSE CODE: 0, EXECUTION TIME: 0.02s
2021-02-13 16:17:26 [INFO ]      COMPLETE
2021-02-13 16:17:26 [INFO ]  
2021-02-13 16:17:26 [INFO ]  Step 3/7: REMOTE CONNECTION
2021-02-13 16:17:26 [DEBUG]  Installing Remote SSH
2021-02-13 16:17:26 [DEBUG]      SSH Tunnel already installed
2021-02-13 16:17:26 [DEBUG]  		EXECUTING SYSTEM COMMAND: /bin/bash -c "/home/ubuntu/.config/freedomrobotics/ssh/ngrok authtoken 5mYNtDswTRChsKRZB7KCX_4UbxchYqyjmGGbc2Qkuc3"
2021-02-13 16:17:26 [DEBUG]  		SUCCESS RESPONSE CODE: 0, EXECUTION TIME: 0.05s
2021-02-13 16:17:26 [DEBUG]      Authenticated SSH Tunnel
2021-02-13 16:17:26 [DEBUG]  		EXECUTING SYSTEM COMMAND: /bin/bash -c "service_path=\$(which service) && output=\$( \$service_path ssh status ) && echo \"\$output\""
2021-02-13 16:17:26 [DEBUG]  		SUCCESS RESPONSE CODE: 0, EXECUTION TIME: 0.06s
2021-02-13 16:17:26 [DEBUG]      SSH Server is already installed and running. Will skip install.
2021-02-13 16:17:26 [DEBUG]  		EXECUTING SYSTEM COMMAND: /bin/bash -c "service_path=\$(which service) && output=\$( \$service_path ssh status ) && echo \"\$output\""
2021-02-13 16:17:27 [DEBUG]  		SUCCESS RESPONSE CODE: 0, EXECUTION TIME: 0.06s
2021-02-13 16:17:27 [INFO ]      COMPLETE
2021-02-13 16:17:27 [DEBUG]  		EXECUTING SYSTEM COMMAND: /bin/bash -c "cat /etc/ssh/sshd_config | grep PasswordAuthentication"
2021-02-13 16:17:27 [DEBUG]  		SUCCESS RESPONSE CODE: 0, EXECUTION TIME: 0.01s
2021-02-13 16:17:27 [DEBUG]  PasswordAuthentication: ['PasswordAuthentication yes', '# PasswordAuthentication.  Depending on your PAM configuration,', '# PAM authentication, then enable this but set PasswordAuthentication']
2021-02-13 16:17:27 [DEBUG]  		EXECUTING SYSTEM COMMAND: /bin/bash -c "passwd --status ubuntu"
2021-02-13 16:17:27 [DEBUG]  		SUCCESS RESPONSE CODE: 0, EXECUTION TIME: 0.02s
2021-02-13 16:17:27 [DEBUG]  password_status: ubuntu P 02/11/2021 0 99999 7 -1
2021-02-13 16:17:27 [DEBUG]  User `ubuntu` should be able to ssh with its password.
2021-02-13 16:17:27 [INFO ]  
2021-02-13 16:17:27 [DEBUG]  ROS is not installed so not checking if old version of Freedom Robotics exists.
2021-02-13 16:17:27 [DEBUG]  		EXECUTING SYSTEM COMMAND: /bin/bash -c "/usr/bin/python -c 'import sys; print(\"{}.{}\".format(sys.version_info.major, sys.version_info.minor))'"
2021-02-13 16:17:27 [DEBUG]  		SUCCESS RESPONSE CODE: 0, EXECUTION TIME: 0.04s
2021-02-13 16:17:27 [INFO ]  Step 4/7: INSTALLING PACKAGE (python2.7)
2021-02-13 16:17:27 [DEBUG]  Using python2.7 from path: /usr/bin/python
2021-02-13 16:17:27 [DEBUG]  		EXECUTING SYSTEM COMMAND: /bin/bash -c "/usr/bin/python -c 'import sys; print(\"{}.{}\".format(sys.version_info.major, sys.version_info.minor))'"
2021-02-13 16:17:27 [DEBUG]  		SUCCESS RESPONSE CODE: 0, EXECUTION TIME: 0.04s
2021-02-13 16:17:27 [DEBUG]  		EXECUTING SYSTEM COMMAND: /bin/bash -c "/usr/bin/python -m pip show freedomrobotics | grep \"Location: \""
2021-02-13 16:17:27 [DEBUG]  		STANDARD ERROR:
2021-02-13 16:17:27 [DEBUG]  			DEPRECATION: Python 2.7 reached the end of its life on January 1st, 2020. Please upgrade your Python as Python 2.7 is no longer maintained. pip 21.0 will drop support for Python 2.7 in January 2021. More details about Python 2 support in pip can be found at https://pip.pypa.io/en/latest/development/release-process/#python-2-support pip 21.0 will remove support for this functionality.
2021-02-13 16:17:27 [DEBUG]  			WARNING: Package(s) not found: freedomrobotics
2021-02-13 16:17:27 [DEBUG]  		ERROR RESPONSE CODE: 1, EXECUTION TIME: 0.47s
2021-02-13 16:17:27 [DEBUG]  Could not find the location of the freedomrobotics package for python2.7, it might not have been previously installed: Could not find freedomrobotics python package install location:  Command '/bin/bash -c "/usr/bin/python -m pip show freedomrobotics | grep \"Location: \""' returned non-zero exit status 1
2021-02-13 16:17:27 [DEBUG]  		EXECUTING SYSTEM COMMAND: /bin/bash -c "/usr/bin/python -c 'import sys
import os
if (hasattr(sys, \"base_prefix\") and sys.base_prefix != sys.prefix) or hasattr(sys, \"real_prefix\") or os.environ.get(\"CONDA_PREFIX\"):
    print(\"Detected we are dealing with a virtual environment for /usr/bin/python\")'"
2021-02-13 16:17:27 [DEBUG]  		SUCCESS RESPONSE CODE: 0, EXECUTION TIME: 0.04s
2021-02-13 16:17:27 [DEBUG]  		EXECUTING SYSTEM COMMAND: /bin/bash -c "/usr/bin/python -m pip show numpy | grep \"Version: \""
2021-02-13 16:17:28 [DEBUG]  		STANDARD ERROR:
2021-02-13 16:17:28 [DEBUG]  			DEPRECATION: Python 2.7 reached the end of its life on January 1st, 2020. Please upgrade your Python as Python 2.7 is no longer maintained. pip 21.0 will drop support for Python 2.7 in January 2021. More details about Python 2 support in pip can be found at https://pip.pypa.io/en/latest/development/release-process/#python-2-support pip 21.0 will remove support for this functionality.
2021-02-13 16:17:28 [DEBUG]  		SUCCESS RESPONSE CODE: 0, EXECUTION TIME: 0.70s
2021-02-13 16:17:28 [DEBUG]  		EXECUTING SYSTEM COMMAND: /bin/bash -c "/usr/bin/python -m pip install --user SharedArray"
2021-02-13 16:17:30 [DEBUG]  		STANDARD ERROR:
2021-02-13 16:17:30 [DEBUG]  			DEPRECATION: Python 2.7 reached the end of its life on January 1st, 2020. Please upgrade your Python as Python 2.7 is no longer maintained. pip 21.0 will drop support for Python 2.7 in January 2021. More details about Python 2 support in pip can be found at https://pip.pypa.io/en/latest/development/release-process/#python-2-support pip 21.0 will remove support for this functionality.
2021-02-13 16:17:30 [DEBUG]  		SUCCESS RESPONSE CODE: 0, EXECUTION TIME: 1.74s
2021-02-13 16:17:30 [DEBUG]  Preparing to install agent from wheel package.
2021-02-13 16:17:30 [DEBUG]  		EXECUTING SYSTEM COMMAND: /bin/bash -c "/usr/bin/python -m pip install --user \"packaging>=20.0\""
2021-02-13 16:17:31 [DEBUG]  		STANDARD ERROR:
2021-02-13 16:17:31 [DEBUG]  			DEPRECATION: Python 2.7 reached the end of its life on January 1st, 2020. Please upgrade your Python as Python 2.7 is no longer maintained. pip 21.0 will drop support for Python 2.7 in January 2021. More details about Python 2 support in pip can be found at https://pip.pypa.io/en/latest/development/release-process/#python-2-support pip 21.0 will remove support for this functionality.
2021-02-13 16:17:31 [DEBUG]  		SUCCESS RESPONSE CODE: 0, EXECUTION TIME: 1.74s
2021-02-13 16:17:31 [DEBUG]  		EXECUTING SYSTEM COMMAND: /bin/bash -c "/usr/bin/python -c \"
import warnings
warnings.filterwarnings('ignore')
import json
import platform
import sys

try:
    import distro
except ImportError:
    # we don't have distro module
    distro = lambda: None
    distro.linux_distribution = lambda: 'Failed to get: Distro is not available.'

try:
    from pip import __version__ as pip_version
except ImportError:
    # we don't have pip module
    pip_version = '0.0.0 (Pip is not available.)'

try:
    from packaging import __version__ as packaging_version
except ImportError:
    # we don't have pip module
    packaging_version = '0.0.0 (Packaging is not available.)'

try:
    from packaging import tags
    pip_supported_tags = list(tags.cpython_tags())
except ImportError:
    try:
        if pip_version < '20.1' and pip_version >= '10.0':
            from pip._internal import pep425tags
            pip_supported_tags = pep425tags.get_supported()
        elif pip_version >= '1.4':
            from pip import pep425tags
            pip_supported_tags = pep425tags.get_supported()
        else:
            pip_supported_tags = []
    except ImportError:
        pip_supported_tags = []

if pip_supported_tags and hasattr(pip_supported_tags[0], 'platform'):
    pip_supported_tags = [(tag.interpreter, tag.abi, tag.platform) for tag in pip_supported_tags]

print(json.dumps({
    'platform_system': platform.system(),
    'platform_release': platform.release(),
    'platform_machine': platform.machine(),
    'platform_processor': platform.processor(),
    'platform_linux_distribution': 
        platform.linux_distribution() if hasattr(platform, 'linux_distribution') else distro.linux_distribution(),
    'platform_mac_ver': platform.mac_ver(),
    'platform_uname': platform.uname(),
    'platform_python_implementation': platform.python_implementation(),
    'platform_python_version': platform.python_version(),
    'platform_python_compiler': platform.python_compiler(),
    'platform_python_build': platform.python_build(),
    'pip_supported_tags': pip_supported_tags,
    'pip_version': pip_version,
    'packaging_version': packaging_version,
}))
\""
2021-02-13 16:17:32 [DEBUG]  		SUCCESS RESPONSE CODE: 0, EXECUTION TIME: 0.14s
2021-02-13 16:17:32 [DEBUG]  Collected next system details: {u'platform_linux_distribution': [u'Ubuntu', u'18.04', u'bionic'], u'platform_machine': u'aarch64', u'platform_python_implementation': u'CPython', 'code_branch': 'release', u'platform_python_version': u'2.7.17', u'pip_version': u'20.3.4', u'platform_processor': u'aarch64', u'platform_release': u'5.4.0-1015-raspi', u'platform_uname': [u'Linux', u'ubuntu', u'5.4.0-1015-raspi', u'#15~18.04.1-Ubuntu SMP Fri Jul 10 09:20:51 UTC 2020', u'aarch64', u'aarch64'], u'platform_system': u'Linux', u'packaging_version': u'20.9', u'platform_python_build': [u'default', u'Sep 30 2020 13:38:04'], u'platform_mac_ver': [u'', [u'', u'', u''], u''], u'pip_supported_tags': [[u'cp27', u'cp27mu', u'manylinux_2_27_aarch64'], [u'cp27', u'cp27mu', u'manylinux_2_26_aarch64'], [u'cp27', u'cp27mu', u'manylinux_2_25_aarch64'], [u'cp27', u'cp27mu', u'manylinux_2_24_aarch64'], [u'cp27', u'cp27mu', u'manylinux_2_23_aarch64'], [u'cp27', u'cp27mu', u'manylinux_2_22_aarch64'], [u'cp27', u'cp27mu', u'manylinux_2_21_aarch64'], [u'cp27', u'cp27mu', u'manylinux_2_20_aarch64'], [u'cp27', u'cp27mu', u'manylinux_2_19_aarch64'], [u'cp27', u'cp27mu', u'manylinux_2_18_aarch64'], [u'cp27', u'cp27mu', u'manylinux_2_17_aarch64'], [u'cp27', u'cp27mu', u'manylinux2014_aarch64'], [u'cp27', u'cp27mu', u'linux_aarch64'], [u'cp27', u'none', u'manylinux_2_27_aarch64'], [u'cp27', u'none', u'manylinux_2_26_aarch64'], [u'cp27', u'none', u'manylinux_2_25_aarch64'], [u'cp27', u'none', u'manylinux_2_24_aarch64'], [u'cp27', u'none', u'manylinux_2_23_aarch64'], [u'cp27', u'none', u'manylinux_2_22_aarch64'], [u'cp27', u'none', u'manylinux_2_21_aarch64'], [u'cp27', u'none', u'manylinux_2_20_aarch64'], [u'cp27', u'none', u'manylinux_2_19_aarch64'], [u'cp27', u'none', u'manylinux_2_18_aarch64'], [u'cp27', u'none', u'manylinux_2_17_aarch64'], [u'cp27', u'none', u'manylinux2014_aarch64'], [u'cp27', u'none', u'linux_aarch64']], u'platform_python_compiler': u'GCC 7.5.0', 'agent_version': 'latest'}
2021-02-13 16:17:32 [DEBUG]  		EXECUTING SYSTEM COMMAND: /bin/bash -c "curl -sS -X POST -H 'mc_token: T2F1C0BE7ED6A0B7D4FFE7DDE' -H 'content-type: application/json' -H 'mc_secret: S2aab9bea76cdb0ae72564ff2' -d '{\"platform_linux_distribution\": [\"Ubuntu\", \"18.04\", \"bionic\"], \"platform_machine\": \"aarch64\", \"platform_python_implementation\": \"CPython\", \"code_branch\": \"release\", \"platform_python_version\": \"2.7.17\", \"pip_version\": \"20.3.4\", \"platform_processor\": \"aarch64\", \"platform_release\": \"5.4.0-1015-raspi\", \"platform_uname\": [\"Linux\", \"ubuntu\", \"5.4.0-1015-raspi\", \"#15~18.04.1-Ubuntu SMP Fri Jul 10 09:20:51 UTC 2020\", \"aarch64\", \"aarch64\"], \"platform_system\": \"Linux\", \"packaging_version\": \"20.9\", \"platform_python_build\": [\"default\", \"Sep 30 2020 13:38:04\"], \"platform_mac_ver\": [\"\", [\"\", \"\", \"\"], \"\"], \"pip_supported_tags\": [[\"cp27\", \"cp27mu\", \"manylinux_2_27_aarch64\"], [\"cp27\", \"cp27mu\", \"manylinux_2_26_aarch64\"], [\"cp27\", \"cp27mu\", \"manylinux_2_25_aarch64\"], [\"cp27\", \"cp27mu\", \"manylinux_2_24_aarch64\"], [\"cp27\", \"cp27mu\", \"manylinux_2_23_aarch64\"], [\"cp27\", \"cp27mu\", \"manylinux_2_22_aarch64\"], [\"cp27\", \"cp27mu\", \"manylinux_2_21_aarch64\"], [\"cp27\", \"cp27mu\", \"manylinux_2_20_aarch64\"], [\"cp27\", \"cp27mu\", \"manylinux_2_19_aarch64\"], [\"cp27\", \"cp27mu\", \"manylinux_2_18_aarch64\"], [\"cp27\", \"cp27mu\", \"manylinux_2_17_aarch64\"], [\"cp27\", \"cp27mu\", \"manylinux2014_aarch64\"], [\"cp27\", \"cp27mu\", \"linux_aarch64\"], [\"cp27\", \"none\", \"manylinux_2_27_aarch64\"], [\"cp27\", \"none\", \"manylinux_2_26_aarch64\"], [\"cp27\", \"none\", \"manylinux_2_25_aarch64\"], [\"cp27\", \"none\", \"manylinux_2_24_aarch64\"], [\"cp27\", \"none\", \"manylinux_2_23_aarch64\"], [\"cp27\", \"none\", \"manylinux_2_22_aarch64\"], [\"cp27\", \"none\", \"manylinux_2_21_aarch64\"], [\"cp27\", \"none\", \"manylinux_2_20_aarch64\"], [\"cp27\", \"none\", \"manylinux_2_19_aarch64\"], [\"cp27\", \"none\", \"manylinux_2_18_aarch64\"], [\"cp27\", \"none\", \"manylinux_2_17_aarch64\"], [\"cp27\", \"none\", \"manylinux2014_aarch64\"], [\"cp27\", \"none\", \"linux_aarch64\"]], \"platform_python_compiler\": \"GCC 7.5.0\", \"agent_version\": \"latest\"}' 'https://api.freedomrobotics.ai/download_wheel_link'"
2021-02-13 16:17:35 [DEBUG]  		SUCCESS RESPONSE CODE: 0, EXECUTION TIME: 3.54s
2021-02-13 16:17:35 [DEBUG]  Got the link to download the wheel.
2021-02-13 16:17:35 [DEBUG]  		EXECUTING SYSTEM COMMAND: /bin/bash -c "curl -sS -o /tmp/freedomrobotics8wyBdH/freedomrobotics-0.1.154-cp27-cp27mu-linux_aarch64.whl 'https://mission-control-download.s3.amazonaws.com/agent/release/0.1.154/freedomrobotics-0.1.154-cp27-cp27mu-linux_aarch64.whl?X-Amz-Algorithm=AWS4-HMAC-SHA256&X-Amz-Expires=100&X-Amz-Date=20210213T161735Z&X-Amz-SignedHeaders=host&X-Amz-Security-Token=IQoJb3JpZ2luX2VjEPb%2F%2F%2F%2F%2F%2F%2F%2F%2F%2FwEaCXVzLWVhc3QtMiJHMEUCIH2TFaQIx5uvkEc7gO0wdK9kp1IiLFO0bCgRms1YI8wfAiEAmsVxyl3CiBnofVci5WHI4FN18M5k9IJt2lLPIed%2FSGcq%2BwEI7%2F%2F%2F%2F%2F%2F%2F%2F%2F%2F%2FARACGgw2NDk3NDY2MDA4NzUiDIKy6B6%2By7pHXi2j8CrPAd%2Fl1Q9G7%2BW1dFV07zvqjcHgh3rNXlnVYSQgcR%2FD%2BbpPIRk29JQmc6tbHhehBlQOgn5Zejqv144hKuSsSdAxSYY3eo05BrgvcoEetufa3oHNNRDklGx27C029Foa%2FE8meD3UwPV49YT4yp%2BwDNK0VoUbd7hlVz%2BptrSadLW8O7RzDRtGE%2B4FLKDVo1zGllRrQ%2Fthc%2FFKQHyUEorN5Tco6N8JvTobc9fdtlcUMzQc1iAHwTycF0HctJyVhs7Z9ft07H5iAQR9LRjZ9aUc7eO%2B1zCMu5%2BBBjrgAR9JbULsUyq8hX1XvKndXOTFCsOqjouYd%2BJhgsqSdPWZh%2FQa4vadT%2FEPOQmlv5%2FZ2WnuO2e19%2FL1I7xwtyBMc4xayShOKgAw75HScxB5lmrMVCEZM%2FS3OiNxuHTFcqWKyjJTXZrSjDFaVr6R89IngY2eqUH5hCuhktaPBIJGK804xVTEHM04GVxgaC2rp%2FsR7bomCcop2MHd%2F4ox%2B%2FGzZf08hEq3oKr5GlQtMwCW8duynR45WfjdrD3L9%2FOegnLH5Qin2e%2B4QoVG2ot3Zldy3Gw7QZnBMbiDbGDdt3IEhWVD&X-Amz-Credential=ASIAZOR7KKOVYNH63DHN%2F20210213%2Fus-east-2%2Fs3%2Faws4_request&X-Amz-Signature=c4b4203841d21096b2ac4587cba3e28e1c9ada60e5b8450787e2816c14d76270'"
2021-02-13 16:17:36 [DEBUG]  		SUCCESS RESPONSE CODE: 0, EXECUTION TIME: 0.91s
2021-02-13 16:17:36 [DEBUG]  Downloaded the wheel.
2021-02-13 16:17:36 [INFO ]  Installing freedomrobotics agent and its direct dependencies for python 2.7. This might take a few minutes.
2021-02-13 16:17:36 [DEBUG]  		EXECUTING SYSTEM COMMAND: /bin/bash -c "/usr/bin/python -m pip install --user /tmp/freedomrobotics8wyBdH/freedomrobotics-0.1.154-cp27-cp27mu-linux_aarch64.whl"
2021-02-13 16:17:39 [DEBUG]  		STANDARD ERROR:
2021-02-13 16:17:39 [DEBUG]  			DEPRECATION: Python 2.7 reached the end of its life on January 1st, 2020. Please upgrade your Python as Python 2.7 is no longer maintained. pip 21.0 will drop support for Python 2.7 in January 2021. More details about Python 2 support in pip can be found at https://pip.pypa.io/en/latest/development/release-process/#python-2-support pip 21.0 will remove support for this functionality.
2021-02-13 16:17:39 [DEBUG]  		SUCCESS RESPONSE CODE: 0, EXECUTION TIME: 2.58s
2021-02-13 16:17:39 [DEBUG]  Successfully installed python package 'freedomrobotics'
2021-02-13 16:17:39 [DEBUG]  		EXECUTING SYSTEM COMMAND: /bin/bash -c "which roscore"
2021-02-13 16:17:39 [DEBUG]  		ERROR RESPONSE CODE: 1, EXECUTION TIME: 0.01s
2021-02-13 16:17:39 [DEBUG]  Executable `roscore` was not found using current PATH: Command '/bin/bash -c "which roscore"' returned non-zero exit status 1
2021-02-13 16:17:39 [DEBUG]  		EXECUTING SYSTEM COMMAND: /bin/bash -c "which ros2"
2021-02-13 16:17:39 [DEBUG]  		ERROR RESPONSE CODE: 1, EXECUTION TIME: 0.01s
2021-02-13 16:17:39 [DEBUG]  Executable `ros2` was not found using current PATH: Command '/bin/bash -c "which ros2"' returned non-zero exit status 1
2021-02-13 16:17:39 [DEBUG]  No suitable ros installation found
2021-02-13 16:17:39 [INFO ]      COMPLETE
2021-02-13 16:17:39 [DEBUG]  Installing the agent one more time on python3 (/usr/bin/python3) to enable WebRTC.
2021-02-13 16:17:39 [INFO ]  
2021-02-13 16:17:39 [DEBUG]  		EXECUTING SYSTEM COMMAND: /bin/bash -c "/usr/bin/python3 -c 'import sys; print(\"{}.{}\".format(sys.version_info.major, sys.version_info.minor))'"
2021-02-13 16:17:39 [DEBUG]  		SUCCESS RESPONSE CODE: 0, EXECUTION TIME: 0.11s
2021-02-13 16:17:39 [INFO ]  Step 5/7: INSTALLING PACKAGE (python3.6)
2021-02-13 16:17:39 [DEBUG]  Using python3.6 from path: /usr/bin/python3
2021-02-13 16:17:39 [DEBUG]  		EXECUTING SYSTEM COMMAND: /bin/bash -c "/usr/bin/python3 -c 'import sys; print(\"{}.{}\".format(sys.version_info.major, sys.version_info.minor))'"
2021-02-13 16:17:39 [DEBUG]  		SUCCESS RESPONSE CODE: 0, EXECUTION TIME: 0.10s
2021-02-13 16:17:39 [DEBUG]  		EXECUTING SYSTEM COMMAND: /bin/bash -c "/usr/bin/python3 -m pip show freedomrobotics | grep \"Location: \""
2021-02-13 16:17:40 [DEBUG]  		STANDARD ERROR:
2021-02-13 16:17:40 [DEBUG]  			WARNING: Package(s) not found: freedomrobotics
2021-02-13 16:17:40 [DEBUG]  		ERROR RESPONSE CODE: 1, EXECUTION TIME: 0.81s
2021-02-13 16:17:40 [DEBUG]  Could not find the location of the freedomrobotics package for python3.6, it might not have been previously installed: Could not find freedomrobotics python package install location:  Command '/bin/bash -c "/usr/bin/python3 -m pip show freedomrobotics | grep \"Location: \""' returned non-zero exit status 1
2021-02-13 16:17:40 [DEBUG]  		EXECUTING SYSTEM COMMAND: /bin/bash -c "/usr/bin/python3 -c 'import sys
import os
if (hasattr(sys, \"base_prefix\") and sys.base_prefix != sys.prefix) or hasattr(sys, \"real_prefix\") or os.environ.get(\"CONDA_PREFIX\"):
    print(\"Detected we are dealing with a virtual environment for /usr/bin/python3\")'"
2021-02-13 16:17:40 [DEBUG]  		SUCCESS RESPONSE CODE: 0, EXECUTION TIME: 0.10s
2021-02-13 16:17:40 [DEBUG]  		EXECUTING SYSTEM COMMAND: /bin/bash -c "/usr/bin/python3 -m pip show numpy | grep \"Version: \""
2021-02-13 16:17:41 [DEBUG]  		SUCCESS RESPONSE CODE: 0, EXECUTION TIME: 1.26s
2021-02-13 16:17:41 [DEBUG]  		EXECUTING SYSTEM COMMAND: /bin/bash -c "/usr/bin/python3 -m pip install --user SharedArray"
2021-02-13 16:17:44 [DEBUG]  		SUCCESS RESPONSE CODE: 0, EXECUTION TIME: 2.67s
2021-02-13 16:17:44 [DEBUG]  Preparing to install agent from wheel package.
2021-02-13 16:17:44 [DEBUG]  		EXECUTING SYSTEM COMMAND: /bin/bash -c "/usr/bin/python3 -m pip install --user \"packaging>=20.0\""
2021-02-13 16:17:46 [DEBUG]  		SUCCESS RESPONSE CODE: 0, EXECUTION TIME: 2.61s
2021-02-13 16:17:46 [DEBUG]  		EXECUTING SYSTEM COMMAND: /bin/bash -c "/usr/bin/python3 -c \"
import warnings
warnings.filterwarnings('ignore')
import json
import platform
import sys

try:
    import distro
except ImportError:
    # we don't have distro module
    distro = lambda: None
    distro.linux_distribution = lambda: 'Failed to get: Distro is not available.'

try:
    from pip import __version__ as pip_version
except ImportError:
    # we don't have pip module
    pip_version = '0.0.0 (Pip is not available.)'

try:
    from packaging import __version__ as packaging_version
except ImportError:
    # we don't have pip module
    packaging_version = '0.0.0 (Packaging is not available.)'

try:
    from packaging import tags
    pip_supported_tags = list(tags.cpython_tags())
except ImportError:
    try:
        if pip_version < '20.1' and pip_version >= '10.0':
            from pip._internal import pep425tags
            pip_supported_tags = pep425tags.get_supported()
        elif pip_version >= '1.4':
            from pip import pep425tags
            pip_supported_tags = pep425tags.get_supported()
        else:
            pip_supported_tags = []
    except ImportError:
        pip_supported_tags = []

if pip_supported_tags and hasattr(pip_supported_tags[0], 'platform'):
    pip_supported_tags = [(tag.interpreter, tag.abi, tag.platform) for tag in pip_supported_tags]

print(json.dumps({
    'platform_system': platform.system(),
    'platform_release': platform.release(),
    'platform_machine': platform.machine(),
    'platform_processor': platform.processor(),
    'platform_linux_distribution': 
        platform.linux_distribution() if hasattr(platform, 'linux_distribution') else distro.linux_distribution(),
    'platform_mac_ver': platform.mac_ver(),
    'platform_uname': platform.uname(),
    'platform_python_implementation': platform.python_implementation(),
    'platform_python_version': platform.python_version(),
    'platform_python_compiler': platform.python_compiler(),
    'platform_python_build': platform.python_build(),
    'pip_supported_tags': pip_supported_tags,
    'pip_version': pip_version,
    'packaging_version': packaging_version,
}))
\""
2021-02-13 16:17:47 [DEBUG]  		SUCCESS RESPONSE CODE: 0, EXECUTION TIME: 0.25s
2021-02-13 16:17:47 [DEBUG]  Collected next system details: {u'platform_linux_distribution': [u'Ubuntu', u'18.04', u'bionic'], u'platform_machine': u'aarch64', u'platform_python_implementation': u'CPython', u'packaging_version': u'20.9', u'platform_system': u'Linux', u'pip_version': u'21.0.1', u'platform_processor': u'aarch64', u'platform_release': u'5.4.0-1015-raspi', u'platform_uname': [u'Linux', u'ubuntu', u'5.4.0-1015-raspi', u'#15~18.04.1-Ubuntu SMP Fri Jul 10 09:20:51 UTC 2020', u'aarch64', u'aarch64'], u'platform_python_version': u'3.6.9', u'platform_python_build': [u'default', u'Oct  8 2020 12:12:24'], u'platform_mac_ver': [u'', [u'', u'', u''], u''], 'code_branch': 'release', u'platform_python_compiler': u'GCC 8.4.0', u'pip_supported_tags': [[u'cp36', u'cp36m', u'manylinux_2_27_aarch64'], [u'cp36', u'cp36m', u'manylinux_2_26_aarch64'], [u'cp36', u'cp36m', u'manylinux_2_25_aarch64'], [u'cp36', u'cp36m', u'manylinux_2_24_aarch64'], [u'cp36', u'cp36m', u'manylinux_2_23_aarch64'], [u'cp36', u'cp36m', u'manylinux_2_22_aarch64'], [u'cp36', u'cp36m', u'manylinux_2_21_aarch64'], [u'cp36', u'cp36m', u'manylinux_2_20_aarch64'], [u'cp36', u'cp36m', u'manylinux_2_19_aarch64'], [u'cp36', u'cp36m', u'manylinux_2_18_aarch64'], [u'cp36', u'cp36m', u'manylinux_2_17_aarch64'], [u'cp36', u'cp36m', u'manylinux2014_aarch64'], [u'cp36', u'cp36m', u'linux_aarch64'], [u'cp36', u'abi3', u'manylinux_2_27_aarch64'], [u'cp36', u'abi3', u'manylinux_2_26_aarch64'], [u'cp36', u'abi3', u'manylinux_2_25_aarch64'], [u'cp36', u'abi3', u'manylinux_2_24_aarch64'], [u'cp36', u'abi3', u'manylinux_2_23_aarch64'], [u'cp36', u'abi3', u'manylinux_2_22_aarch64'], [u'cp36', u'abi3', u'manylinux_2_21_aarch64'], [u'cp36', u'abi3', u'manylinux_2_20_aarch64'], [u'cp36', u'abi3', u'manylinux_2_19_aarch64'], [u'cp36', u'abi3', u'manylinux_2_18_aarch64'], [u'cp36', u'abi3', u'manylinux_2_17_aarch64'], [u'cp36', u'abi3', u'manylinux2014_aarch64'], [u'cp36', u'abi3', u'linux_aarch64'], [u'cp36', u'none', u'manylinux_2_27_aarch64'], [u'cp36', u'none', u'manylinux_2_26_aarch64'], [u'cp36', u'none', u'manylinux_2_25_aarch64'], [u'cp36', u'none', u'manylinux_2_24_aarch64'], [u'cp36', u'none', u'manylinux_2_23_aarch64'], [u'cp36', u'none', u'manylinux_2_22_aarch64'], [u'cp36', u'none', u'manylinux_2_21_aarch64'], [u'cp36', u'none', u'manylinux_2_20_aarch64'], [u'cp36', u'none', u'manylinux_2_19_aarch64'], [u'cp36', u'none', u'manylinux_2_18_aarch64'], [u'cp36', u'none', u'manylinux_2_17_aarch64'], [u'cp36', u'none', u'manylinux2014_aarch64'], [u'cp36', u'none', u'linux_aarch64'], [u'cp35', u'abi3', u'manylinux_2_27_aarch64'], [u'cp35', u'abi3', u'manylinux_2_26_aarch64'], [u'cp35', u'abi3', u'manylinux_2_25_aarch64'], [u'cp35', u'abi3', u'manylinux_2_24_aarch64'], [u'cp35', u'abi3', u'manylinux_2_23_aarch64'], [u'cp35', u'abi3', u'manylinux_2_22_aarch64'], [u'cp35', u'abi3', u'manylinux_2_21_aarch64'], [u'cp35', u'abi3', u'manylinux_2_20_aarch64'], [u'cp35', u'abi3', u'manylinux_2_19_aarch64'], [u'cp35', u'abi3', u'manylinux_2_18_aarch64'], [u'cp35', u'abi3', u'manylinux_2_17_aarch64'], [u'cp35', u'abi3', u'manylinux2014_aarch64'], [u'cp35', u'abi3', u'linux_aarch64'], [u'cp34', u'abi3', u'manylinux_2_27_aarch64'], [u'cp34', u'abi3', u'manylinux_2_26_aarch64'], [u'cp34', u'abi3', u'manylinux_2_25_aarch64'], [u'cp34', u'abi3', u'manylinux_2_24_aarch64'], [u'cp34', u'abi3', u'manylinux_2_23_aarch64'], [u'cp34', u'abi3', u'manylinux_2_22_aarch64'], [u'cp34', u'abi3', u'manylinux_2_21_aarch64'], [u'cp34', u'abi3', u'manylinux_2_20_aarch64'], [u'cp34', u'abi3', u'manylinux_2_19_aarch64'], [u'cp34', u'abi3', u'manylinux_2_18_aarch64'], [u'cp34', u'abi3', u'manylinux_2_17_aarch64'], [u'cp34', u'abi3', u'manylinux2014_aarch64'], [u'cp34', u'abi3', u'linux_aarch64'], [u'cp33', u'abi3', u'manylinux_2_27_aarch64'], [u'cp33', u'abi3', u'manylinux_2_26_aarch64'], [u'cp33', u'abi3', u'manylinux_2_25_aarch64'], [u'cp33', u'abi3', u'manylinux_2_24_aarch64'], [u'cp33', u'abi3', u'manylinux_2_23_aarch64'], [u'cp33', u'abi3', u'manylinux_2_22_aarch64'], [u'cp33', u'abi3', u'manylinux_2_21_aarch64'], [u'cp33', u'abi3', u'manylinux_2_20_aarch64'], [u'cp33', u'abi3', u'manylinux_2_19_aarch64'], [u'cp33', u'abi3', u'manylinux_2_18_aarch64'], [u'cp33', u'abi3', u'manylinux_2_17_aarch64'], [u'cp33', u'abi3', u'manylinux2014_aarch64'], [u'cp33', u'abi3', u'linux_aarch64'], [u'cp32', u'abi3', u'manylinux_2_27_aarch64'], [u'cp32', u'abi3', u'manylinux_2_26_aarch64'], [u'cp32', u'abi3', u'manylinux_2_25_aarch64'], [u'cp32', u'abi3', u'manylinux_2_24_aarch64'], [u'cp32', u'abi3', u'manylinux_2_23_aarch64'], [u'cp32', u'abi3', u'manylinux_2_22_aarch64'], [u'cp32', u'abi3', u'manylinux_2_21_aarch64'], [u'cp32', u'abi3', u'manylinux_2_20_aarch64'], [u'cp32', u'abi3', u'manylinux_2_19_aarch64'], [u'cp32', u'abi3', u'manylinux_2_18_aarch64'], [u'cp32', u'abi3', u'manylinux_2_17_aarch64'], [u'cp32', u'abi3', u'manylinux2014_aarch64'], [u'cp32', u'abi3', u'linux_aarch64']], 'agent_version': 'latest'}
2021-02-13 16:17:47 [DEBUG]  		EXECUTING SYSTEM COMMAND: /bin/bash -c "curl -sS -X POST -H 'mc_token: T2F1C0BE7ED6A0B7D4FFE7DDE' -H 'content-type: application/json' -H 'mc_secret: S2aab9bea76cdb0ae72564ff2' -d '{\"platform_linux_distribution\": [\"Ubuntu\", \"18.04\", \"bionic\"], \"platform_machine\": \"aarch64\", \"platform_python_implementation\": \"CPython\", \"packaging_version\": \"20.9\", \"platform_system\": \"Linux\", \"pip_version\": \"21.0.1\", \"platform_processor\": \"aarch64\", \"platform_release\": \"5.4.0-1015-raspi\", \"platform_uname\": [\"Linux\", \"ubuntu\", \"5.4.0-1015-raspi\", \"#15~18.04.1-Ubuntu SMP Fri Jul 10 09:20:51 UTC 2020\", \"aarch64\", \"aarch64\"], \"platform_python_version\": \"3.6.9\", \"platform_python_build\": [\"default\", \"Oct  8 2020 12:12:24\"], \"platform_mac_ver\": [\"\", [\"\", \"\", \"\"], \"\"], \"code_branch\": \"release\", \"platform_python_compiler\": \"GCC 8.4.0\", \"pip_supported_tags\": [[\"cp36\", \"cp36m\", \"manylinux_2_27_aarch64\"], [\"cp36\", \"cp36m\", \"manylinux_2_26_aarch64\"], [\"cp36\", \"cp36m\", \"manylinux_2_25_aarch64\"], [\"cp36\", \"cp36m\", \"manylinux_2_24_aarch64\"], [\"cp36\", \"cp36m\", \"manylinux_2_23_aarch64\"], [\"cp36\", \"cp36m\", \"manylinux_2_22_aarch64\"], [\"cp36\", \"cp36m\", \"manylinux_2_21_aarch64\"], [\"cp36\", \"cp36m\", \"manylinux_2_20_aarch64\"], [\"cp36\", \"cp36m\", \"manylinux_2_19_aarch64\"], [\"cp36\", \"cp36m\", \"manylinux_2_18_aarch64\"], [\"cp36\", \"cp36m\", \"manylinux_2_17_aarch64\"], [\"cp36\", \"cp36m\", \"manylinux2014_aarch64\"], [\"cp36\", \"cp36m\", \"linux_aarch64\"], [\"cp36\", \"abi3\", \"manylinux_2_27_aarch64\"], [\"cp36\", \"abi3\", \"manylinux_2_26_aarch64\"], [\"cp36\", \"abi3\", \"manylinux_2_25_aarch64\"], [\"cp36\", \"abi3\", \"manylinux_2_24_aarch64\"], [\"cp36\", \"abi3\", \"manylinux_2_23_aarch64\"], [\"cp36\", \"abi3\", \"manylinux_2_22_aarch64\"], [\"cp36\", \"abi3\", \"manylinux_2_21_aarch64\"], [\"cp36\", \"abi3\", \"manylinux_2_20_aarch64\"], [\"cp36\", \"abi3\", \"manylinux_2_19_aarch64\"], [\"cp36\", \"abi3\", \"manylinux_2_18_aarch64\"], [\"cp36\", \"abi3\", \"manylinux_2_17_aarch64\"], [\"cp36\", \"abi3\", \"manylinux2014_aarch64\"], [\"cp36\", \"abi3\", \"linux_aarch64\"], [\"cp36\", \"none\", \"manylinux_2_27_aarch64\"], [\"cp36\", \"none\", \"manylinux_2_26_aarch64\"], [\"cp36\", \"none\", \"manylinux_2_25_aarch64\"], [\"cp36\", \"none\", \"manylinux_2_24_aarch64\"], [\"cp36\", \"none\", \"manylinux_2_23_aarch64\"], [\"cp36\", \"none\", \"manylinux_2_22_aarch64\"], [\"cp36\", \"none\", \"manylinux_2_21_aarch64\"], [\"cp36\", \"none\", \"manylinux_2_20_aarch64\"], [\"cp36\", \"none\", \"manylinux_2_19_aarch64\"], [\"cp36\", \"none\", \"manylinux_2_18_aarch64\"], [\"cp36\", \"none\", \"manylinux_2_17_aarch64\"], [\"cp36\", \"none\", \"manylinux2014_aarch64\"], [\"cp36\", \"none\", \"linux_aarch64\"], [\"cp35\", \"abi3\", \"manylinux_2_27_aarch64\"], [\"cp35\", \"abi3\", \"manylinux_2_26_aarch64\"], [\"cp35\", \"abi3\", \"manylinux_2_25_aarch64\"], [\"cp35\", \"abi3\", \"manylinux_2_24_aarch64\"], [\"cp35\", \"abi3\", \"manylinux_2_23_aarch64\"], [\"cp35\", \"abi3\", \"manylinux_2_22_aarch64\"], [\"cp35\", \"abi3\", \"manylinux_2_21_aarch64\"], [\"cp35\", \"abi3\", \"manylinux_2_20_aarch64\"], [\"cp35\", \"abi3\", \"manylinux_2_19_aarch64\"], [\"cp35\", \"abi3\", \"manylinux_2_18_aarch64\"], [\"cp35\", \"abi3\", \"manylinux_2_17_aarch64\"], [\"cp35\", \"abi3\", \"manylinux2014_aarch64\"], [\"cp35\", \"abi3\", \"linux_aarch64\"], [\"cp34\", \"abi3\", \"manylinux_2_27_aarch64\"], [\"cp34\", \"abi3\", \"manylinux_2_26_aarch64\"], [\"cp34\", \"abi3\", \"manylinux_2_25_aarch64\"], [\"cp34\", \"abi3\", \"manylinux_2_24_aarch64\"], [\"cp34\", \"abi3\", \"manylinux_2_23_aarch64\"], [\"cp34\", \"abi3\", \"manylinux_2_22_aarch64\"], [\"cp34\", \"abi3\", \"manylinux_2_21_aarch64\"], [\"cp34\", \"abi3\", \"manylinux_2_20_aarch64\"], [\"cp34\", \"abi3\", \"manylinux_2_19_aarch64\"], [\"cp34\", \"abi3\", \"manylinux_2_18_aarch64\"], [\"cp34\", \"abi3\", \"manylinux_2_17_aarch64\"], [\"cp34\", \"abi3\", \"manylinux2014_aarch64\"], [\"cp34\", \"abi3\", \"linux_aarch64\"], [\"cp33\", \"abi3\", \"manylinux_2_27_aarch64\"], [\"cp33\", \"abi3\", \"manylinux_2_26_aarch64\"], [\"cp33\", \"abi3\", \"manylinux_2_25_aarch64\"], [\"cp33\", \"abi3\", \"manylinux_2_24_aarch64\"], [\"cp33\", \"abi3\", \"manylinux_2_23_aarch64\"], [\"cp33\", \"abi3\", \"manylinux_2_22_aarch64\"], [\"cp33\", \"abi3\", \"manylinux_2_21_aarch64\"], [\"cp33\", \"abi3\", \"manylinux_2_20_aarch64\"], [\"cp33\", \"abi3\", \"manylinux_2_19_aarch64\"], [\"cp33\", \"abi3\", \"manylinux_2_18_aarch64\"], [\"cp33\", \"abi3\", \"manylinux_2_17_aarch64\"], [\"cp33\", \"abi3\", \"manylinux2014_aarch64\"], [\"cp33\", \"abi3\", \"linux_aarch64\"], [\"cp32\", \"abi3\", \"manylinux_2_27_aarch64\"], [\"cp32\", \"abi3\", \"manylinux_2_26_aarch64\"], [\"cp32\", \"abi3\", \"manylinux_2_25_aarch64\"], [\"cp32\", \"abi3\", \"manylinux_2_24_aarch64\"], [\"cp32\", \"abi3\", \"manylinux_2_23_aarch64\"], [\"cp32\", \"abi3\", \"manylinux_2_22_aarch64\"], [\"cp32\", \"abi3\", \"manylinux_2_21_aarch64\"], [\"cp32\", \"abi3\", \"manylinux_2_20_aarch64\"], [\"cp32\", \"abi3\", \"manylinux_2_19_aarch64\"], [\"cp32\", \"abi3\", \"manylinux_2_18_aarch64\"], [\"cp32\", \"abi3\", \"manylinux_2_17_aarch64\"], [\"cp32\", \"abi3\", \"manylinux2014_aarch64\"], [\"cp32\", \"abi3\", \"linux_aarch64\"]], \"agent_version\": \"latest\"}' 'https://api.freedomrobotics.ai/download_wheel_link'"
2021-02-13 16:17:50 [DEBUG]  		SUCCESS RESPONSE CODE: 0, EXECUTION TIME: 3.48s
2021-02-13 16:17:50 [DEBUG]  Got the link to download the wheel.
2021-02-13 16:17:50 [DEBUG]  		EXECUTING SYSTEM COMMAND: /bin/bash -c "curl -sS -o /tmp/freedomroboticsEcZDIQ/freedomrobotics-0.1.154-cp36-cp36m-linux_aarch64.whl 'https://mission-control-download.s3.amazonaws.com/agent/release/0.1.154/freedomrobotics-0.1.154-cp36-cp36m-linux_aarch64.whl?X-Amz-Algorithm=AWS4-HMAC-SHA256&X-Amz-Expires=100&X-Amz-Date=20210213T161750Z&X-Amz-SignedHeaders=host&X-Amz-Security-Token=IQoJb3JpZ2luX2VjEPj%2F%2F%2F%2F%2F%2F%2F%2F%2F%2FwEaCXVzLWVhc3QtMiJGMEQCIBaLRO0Mof2xM5ua8vdWAFKd3EOR7yRIeLc%2BglwOIk6HAiBvDmgMSEPpxF%2FZB4LMWUpZf6kRd0G1NX%2B4O39W9rzQgyr7AQjx%2F%2F%2F%2F%2F%2F%2F%2F%2F%2F8BEAIaDDY0OTc0NjYwMDg3NSIM6vHciOJpXqPI9HCqKs8BvoZhriQ1WlKle4y13JJOmoPID81n%2FrOF5rZS4PN57LGZ03BOcN2g9XDXwx6dI7XwE7koEiyLYt3OZMG%2BBmYpDOvnR591UBEejHxzau%2F8jkGj9PnSEcDG728UwaprPd2JbGbeXLSMssnYrdgyPZ1in9CoNuNeE4sdQJcLg2Z2vMBCEuKE9ESBriFAE4lFHhITaWFhJ%2FuXriz1jMHbG4ma1dZ7rf%2Bh0tWNoldgOfEuzRK03vY45dqbg9gbJpWS30CRfJXX%2BmWqyD9QGqwXMESDMNrkn4EGOuEBCZIlashKexe9suTnjLk8jCVcZZjbrZhuzvDXFtkTyz3WM0C2DaCFQ4it8E0ghFHHXrqEYUovK79Up%2FdmCDdonleYT9MXke652OInr7kbq9kv%2BIAXOU%2FCN7cVjeo212BfEG4bpk8IxW7hyuaFoxoQ511mzSStSFC7hdZIAlSLAIAG3zwqNOh%2FxbZZEqW2f4iwFBWGcPjkNnArRDwaI%2BsekdvFWCJC5DdOkfp4ibxbwsY7ho2XEVcIVQUxYL7zG5ZirfUyXIt%2FK3o0nffBtiyLrDX43rTSheqZtiIm7I%2BgLFar&X-Amz-Credential=ASIAZOR7KKOV5QCVCQGV%2F20210213%2Fus-east-2%2Fs3%2Faws4_request&X-Amz-Signature=59e9529c923e374457df467fb0fe3d551765f8d3179c61f9b6b98f45ce6a6c4d'"
2021-02-13 16:17:51 [DEBUG]  		SUCCESS RESPONSE CODE: 0, EXECUTION TIME: 1.01s
2021-02-13 16:17:51 [DEBUG]  Downloaded the wheel.
2021-02-13 16:17:51 [INFO ]  Installing freedomrobotics agent and its direct dependencies for python 3.6. This might take a few minutes.
2021-02-13 16:17:51 [DEBUG]  		EXECUTING SYSTEM COMMAND: /bin/bash -c "/usr/bin/python3 -m pip install --user /tmp/freedomroboticsEcZDIQ/freedomrobotics-0.1.154-cp36-cp36m-linux_aarch64.whl"
2021-02-13 16:17:56 [DEBUG]  		SUCCESS RESPONSE CODE: 0, EXECUTION TIME: 4.72s
2021-02-13 16:17:56 [DEBUG]  Successfully installed python package 'freedomrobotics'
2021-02-13 16:17:56 [INFO ]      COMPLETE
2021-02-13 16:17:56 [INFO ]  
2021-02-13 16:17:56 [INFO ]  Step 6/7: RTC DEPENDENCIES
2021-02-13 16:17:56 [DEBUG]  		EXECUTING SYSTEM COMMAND: /bin/bash -c "pkg-config --modversion libavdevice"
2021-02-13 16:17:56 [DEBUG]  		SUCCESS RESPONSE CODE: 0, EXECUTION TIME: 0.01s
2021-02-13 16:17:56 [DEBUG]  		EXECUTING SYSTEM COMMAND: /bin/bash -c "pkg-config --modversion libavfilter"
2021-02-13 16:17:56 [DEBUG]  		SUCCESS RESPONSE CODE: 0, EXECUTION TIME: 0.02s
2021-02-13 16:17:56 [DEBUG]  		EXECUTING SYSTEM COMMAND: /bin/bash -c "/usr/bin/python3 -m pip show av | grep \"Version: \""
2021-02-13 16:17:57 [DEBUG]  		SUCCESS RESPONSE CODE: 0, EXECUTION TIME: 1.20s
2021-02-13 16:17:57 [INFO ]  Installing webrtc dependencies. First installation might take a few minutes.
2021-02-13 16:17:57 [DEBUG]  		EXECUTING SYSTEM COMMAND: /bin/bash -c "/usr/bin/python3 -m pip install --user crc32c==2.0.1 aiortc SharedArray av dataclasses"
2021-02-13 16:23:26 [DEBUG]  		STANDARD ERROR:
2021-02-13 16:23:26 [DEBUG]  			WARNING: The script pyav is installed in '/home/ubuntu/.local/bin' which is not on PATH.
2021-02-13 16:23:26 [DEBUG]  			Consider adding this directory to PATH or, if you prefer to suppress this warning, use --no-warn-script-location.
2021-02-13 16:23:26 [DEBUG]  		SUCCESS RESPONSE CODE: 0, EXECUTION TIME: 329.11s
2021-02-13 16:23:26 [INFO ]      COMPLETE
2021-02-13 16:23:26 [INFO ]  
2021-02-13 16:23:26 [INFO ]  Step 7/7: INSTALLING MICRO SERVICE
2021-02-13 16:23:26 [DEBUG]  		EXECUTING SYSTEM COMMAND: /bin/bash -c "sudo -n systemctl daemon-reload"
2021-02-13 16:23:27 [DEBUG]  		SUCCESS RESPONSE CODE: 0, EXECUTION TIME: 0.69s
2021-02-13 16:23:27 [DEBUG]  Systemd / Systemctl are running so registering as systemd service
2021-02-13 16:23:27 [DEBUG]  		EXECUTING SYSTEM COMMAND: /bin/bash -c "/usr/bin/python -m pip show freedomrobotics | grep \"Location: \""
2021-02-13 16:23:27 [DEBUG]  		STANDARD ERROR:
2021-02-13 16:23:27 [DEBUG]  			DEPRECATION: Python 2.7 reached the end of its life on January 1st, 2020. Please upgrade your Python as Python 2.7 is no longer maintained. pip 21.0 will drop support for Python 2.7 in January 2021. More details about Python 2 support in pip can be found at https://pip.pypa.io/en/latest/development/release-process/#python-2-support pip 21.0 will remove support for this functionality.
2021-02-13 16:23:27 [DEBUG]  		SUCCESS RESPONSE CODE: 0, EXECUTION TIME: 0.68s
2021-02-13 16:23:27 [DEBUG]  		EXECUTING SYSTEM COMMAND: /bin/bash -c "/usr/bin/python /home/ubuntu/.local/lib/python2.7/site-packages/freedomrobotics/management/register_systemd_service.py"
2021-02-13 16:23:37 [DEBUG]  		STANDARD ERROR:
2021-02-13 16:23:37 [DEBUG]  			DEBUG:__main__:	Checking if systemd is running
2021-02-13 16:23:37 [DEBUG]  			DEBUG:__main__:	Checking sudo privileges
2021-02-13 16:23:37 [DEBUG]  			DEBUG:__main__:
2021-02-13 16:23:37 [DEBUG]  			DEBUG:__main__:################################################################################
2021-02-13 16:23:37 [DEBUG]  			DEBUG:__main__:# UNREGISTERING Freedom Robotics init.d service
2021-02-13 16:23:37 [DEBUG]  			DEBUG:__main__:#    Service not installed.
2021-02-13 16:23:37 [DEBUG]  			DEBUG:__main__:################################################################################
2021-02-13 16:23:37 [DEBUG]  			DEBUG:__main__:	Checking sudo privileges
2021-02-13 16:23:37 [DEBUG]  			DEBUG:__main__:
2021-02-13 16:23:37 [DEBUG]  			DEBUG:__main__:################################################################################
2021-02-13 16:23:37 [DEBUG]  			DEBUG:__main__:# UNREGISTERING Freedom Robotics system.d service
2021-02-13 16:23:37 [DEBUG]  			DEBUG:__main__:#    INSTALLED: False
2021-02-13 16:23:37 [DEBUG]  			DEBUG:__main__:#    RUNNING:   False
2021-02-13 16:23:37 [DEBUG]  			DEBUG:__main__:################################################################################
2021-02-13 16:23:37 [DEBUG]  			DEBUG:__main__:################################################################################
2021-02-13 16:23:37 [DEBUG]  			DEBUG:__main__:	Checking sudo privileges
2021-02-13 16:23:37 [DEBUG]  			DEBUG:__main__:	Finding out who am I
2021-02-13 16:23:37 [DEBUG]  			DEBUG:__main__:
2021-02-13 16:23:37 [DEBUG]  			DEBUG:__main__:################################################################################
2021-02-13 16:23:37 [DEBUG]  			DEBUG:__main__:# REGISTERING Freedom Robotics systemd service
2021-02-13 16:23:37 [DEBUG]  			DEBUG:__main__:# PACKAGE LOCATION: /home/ubuntu/.local/lib/python2.7/site-packages/freedomrobotics
2021-02-13 16:23:37 [DEBUG]  			DEBUG:__main__:# USER: ubuntu
2021-02-13 16:23:37 [DEBUG]  			DEBUG:__main__:################################################################################
2021-02-13 16:23:37 [DEBUG]  			DEBUG:__main__:	Found credentials file
2021-02-13 16:23:37 [DEBUG]  			DEBUG:__main__:	Credentials have correct formatting
2021-02-13 16:23:37 [DEBUG]  			DEBUG:__main__:	Validated credentials for account and device
2021-02-13 16:23:37 [DEBUG]  			DEBUG:__main__:	Moving systemd service file to correct location
2021-02-13 16:23:37 [DEBUG]  			DEBUG:__main__:	Moving systemd environment file to correct location
2021-02-13 16:23:37 [DEBUG]  			DEBUG:__main__:	Wrote service files
2021-02-13 16:23:37 [DEBUG]  			DEBUG:__main__:	Set permissions on systemd service files
2021-02-13 16:23:37 [DEBUG]  			DEBUG:__main__:	Reloaded systemd
2021-02-13 16:23:37 [DEBUG]  			DEBUG:__main__:	Enabled service
2021-02-13 16:23:37 [DEBUG]  			DEBUG:__main__:	Not already running
2021-02-13 16:23:37 [DEBUG]  			DEBUG:__main__:	Started service
2021-02-13 16:23:37 [DEBUG]  			DEBUG:__main__:	Got new service pid
2021-02-13 16:23:37 [DEBUG]  			DEBUG:__main__:	Checked Service running
2021-02-13 16:23:37 [DEBUG]  			DEBUG:__main__:	Got again service pid
2021-02-13 16:23:37 [DEBUG]  			DEBUG:__main__:################################################################################
2021-02-13 16:23:37 [DEBUG]  		SUCCESS RESPONSE CODE: 0, EXECUTION TIME: 9.77s
2021-02-13 16:23:37 [DEBUG]  Service registration log: 
2021-02-13 16:23:37 [INFO ]      COMPLETE
2021-02-13 16:23:37 [INFO ]  
2021-02-13 16:23:37 [INFO ]  ################################################################################
2021-02-13 16:23:37 [INFO ]  
2021-02-13 16:23:37 [INFO ]  INSTALL COMPLETE 
2021-02-13 16:23:37 [INFO ]  
2021-02-13 16:23:37 [DEBUG]  		EXECUTING SYSTEM COMMAND: /bin/bash -c "pgrep fr_agent"
2021-02-13 16:23:37 [DEBUG]  		SUCCESS RESPONSE CODE: 0, EXECUTION TIME: 0.03s
2021-02-13 16:23:37 [DEBUG]  		EXECUTING SYSTEM COMMAND: /bin/bash -c "service_path=\$(which service) && output=\$( \$service_path ssh status ) && echo \"\$output\""
2021-02-13 16:23:37 [DEBUG]  		SUCCESS RESPONSE CODE: 0, EXECUTION TIME: 0.07s
2021-02-13 16:23:37 [DEBUG]  		EXECUTING SYSTEM COMMAND: /bin/bash -c "/usr/bin/python -m pip show freedomrobotics"
2021-02-13 16:23:38 [DEBUG]  		STANDARD ERROR:
2021-02-13 16:23:38 [DEBUG]  			DEPRECATION: Python 2.7 reached the end of its life on January 1st, 2020. Please upgrade your Python as Python 2.7 is no longer maintained. pip 21.0 will drop support for Python 2.7 in January 2021. More details about Python 2 support in pip can be found at https://pip.pypa.io/en/latest/development/release-process/#python-2-support pip 21.0 will remove support for this functionality.
2021-02-13 16:23:38 [DEBUG]  		SUCCESS RESPONSE CODE: 0, EXECUTION TIME: 0.74s
2021-02-13 16:23:38 [DEBUG]  		EXECUTING SYSTEM COMMAND: /bin/bash -c "/usr/bin/python -c 'import sys; print(\"{}.{}\".format(sys.version_info.major, sys.version_info.minor))'"
2021-02-13 16:23:38 [DEBUG]  		SUCCESS RESPONSE CODE: 0, EXECUTION TIME: 0.04s
2021-02-13 16:23:38 [DEBUG]  		EXECUTING SYSTEM COMMAND: /bin/bash -c "/usr/bin/python3 -m pip show freedomrobotics"
2021-02-13 16:23:39 [DEBUG]  		SUCCESS RESPONSE CODE: 0, EXECUTION TIME: 1.32s
2021-02-13 16:23:39 [DEBUG]  		EXECUTING SYSTEM COMMAND: /bin/bash -c "/usr/bin/python3 -c 'import sys; print(\"{}.{}\".format(sys.version_info.major, sys.version_info.minor))'"
2021-02-13 16:23:40 [DEBUG]  		SUCCESS RESPONSE CODE: 0, EXECUTION TIME: 0.10s
2021-02-13 16:23:40 [DEBUG]  		EXECUTING SYSTEM COMMAND: /bin/bash -c "/usr/bin/python3 -m pip show aiortc"
2021-02-13 16:23:41 [DEBUG]  		SUCCESS RESPONSE CODE: 0, EXECUTION TIME: 1.37s
2021-02-13 16:23:41 [INFO ]  MICRO AGENT       : INSTALLED AND ACTIVE
2021-02-13 16:23:41 [INFO ]  ROS SHADOW        : X
2021-02-13 16:23:41 [INFO ]  REMOTE SSH        : INSTALLED
2021-02-13 16:23:41 [INFO ]  PYTHON2.7 PACKAGE : INSTALLED
2021-02-13 16:23:41 [INFO ]  PYTHON3.6 PACKAGE : INSTALLED
2021-02-13 16:23:41 [INFO ]  RTC DEPENDENCIES  : INSTALLED
2021-02-13 16:23:41 [INFO ]  
2021-02-13 16:23:41 [INFO ]  ACCOUNT           : AA2E4916C77670BAA7DA84BD4
2021-02-13 16:23:41 [INFO ]  DEVICE            : D7530172466E9EC156991C77C54
2021-02-13 16:23:41 [INFO ]  
2021-02-13 16:23:41 [INFO ]  ################################################################################
2021-02-13 16:23:41 [DEBUG]  Total install times:{
    "install_webrtc_av_dependency": 1.2, 
    "install_prerequisites": 0.41, 
    "install_credentials": 0.02, 
    "get_wheel_package": [
        6.34, 
        7.36
    ], 
    "install_freedom_robotics_service": 11.15, 
    "install_remote_ssh": 0.22, 
    "python_ssl_check": 0.17, 
    "install_freedom_main_python_package": 359.49, 
    "platform_details": [
        0.14, 
        0.25
    ], 
    "disable_old_freedomrobotics": 0.0, 
    "install_freedom_python3_package": 347.5, 
    "has_sudo_rights": 0.08, 
    "time_total_install": 377.0, 
    "verify_prerequisites": 2.21, 
    "local_folders_permissions_check": 0.34, 
    "install_webrtc_dependencies": 329.11, 
    "agent_running_check": 0.03, 
    "check_ros_version": 0.03, 
    "uninstall_current_agent": [
        0.51, 
        0.92
    ]
}
2021-02-13 16:23:41 [DEBUG]  		EXECUTING SYSTEM COMMAND: /bin/bash -c "pgrep fr_agent"
2021-02-13 16:23:41 [DEBUG]  		SUCCESS RESPONSE CODE: 0, EXECUTION TIME: 0.03s
2021-02-13 16:23:41 [DEBUG]  		EXECUTING SYSTEM COMMAND: /bin/bash -c "service_path=\$(which service) && output=\$( \$service_path ssh status ) && echo \"\$output\""
2021-02-13 16:23:41 [DEBUG]  		SUCCESS RESPONSE CODE: 0, EXECUTION TIME: 0.06s
2021-02-13 16:23:41 [DEBUG]  		EXECUTING SYSTEM COMMAND: /bin/bash -c "/usr/bin/python -m pip show freedomrobotics"
2021-02-13 16:23:42 [DEBUG]  		STANDARD ERROR:
2021-02-13 16:23:42 [DEBUG]  			DEPRECATION: Python 2.7 reached the end of its life on January 1st, 2020. Please upgrade your Python as Python 2.7 is no longer maintained. pip 21.0 will drop support for Python 2.7 in January 2021. More details about Python 2 support in pip can be found at https://pip.pypa.io/en/latest/development/release-process/#python-2-support pip 21.0 will remove support for this functionality.
2021-02-13 16:23:42 [DEBUG]  		SUCCESS RESPONSE CODE: 0, EXECUTION TIME: 0.82s
2021-02-13 16:23:42 [DEBUG]  		EXECUTING SYSTEM COMMAND: /bin/bash -c "/usr/bin/python -c 'import sys; print(\"{}.{}\".format(sys.version_info.major, sys.version_info.minor))'"
2021-02-13 16:23:42 [DEBUG]  		SUCCESS RESPONSE CODE: 0, EXECUTION TIME: 0.05s
2021-02-13 16:23:42 [DEBUG]  		EXECUTING SYSTEM COMMAND: /bin/bash -c "/usr/bin/python3 -m pip show freedomrobotics"
2021-02-13 16:23:43 [DEBUG]  		SUCCESS RESPONSE CODE: 0, EXECUTION TIME: 1.52s
2021-02-13 16:23:43 [DEBUG]  		EXECUTING SYSTEM COMMAND: /bin/bash -c "/usr/bin/python3 -c 'import sys; print(\"{}.{}\".format(sys.version_info.major, sys.version_info.minor))'"
2021-02-13 16:23:44 [DEBUG]  		SUCCESS RESPONSE CODE: 0, EXECUTION TIME: 0.12s
2021-02-13 16:23:44 [DEBUG]  		EXECUTING SYSTEM COMMAND: /bin/bash -c "/usr/bin/python3 -m pip show aiortc"
2021-02-13 16:23:45 [DEBUG]  		SUCCESS RESPONSE CODE: 0, EXECUTION TIME: 1.62s
2021-02-13 16:23:45 [DEBUG]  		EXECUTING SYSTEM COMMAND: /bin/bash -c "/usr/bin/python -c \"
import warnings
warnings.filterwarnings('ignore')
import json
import platform
import sys

try:
    import distro
except ImportError:
    # we don't have distro module
    distro = lambda: None
    distro.linux_distribution = lambda: 'Failed to get: Distro is not available.'

try:
    from pip import __version__ as pip_version
except ImportError:
    # we don't have pip module
    pip_version = '0.0.0 (Pip is not available.)'

try:
    from packaging import __version__ as packaging_version
except ImportError:
    # we don't have pip module
    packaging_version = '0.0.0 (Packaging is not available.)'

try:
    from packaging import tags
    pip_supported_tags = list(tags.cpython_tags())
except ImportError:
    try:
        if pip_version < '20.1' and pip_version >= '10.0':
            from pip._internal import pep425tags
            pip_supported_tags = pep425tags.get_supported()
        elif pip_version >= '1.4':
            from pip import pep425tags
            pip_supported_tags = pep425tags.get_supported()
        else:
            pip_supported_tags = []
    except ImportError:
        pip_supported_tags = []

if pip_supported_tags and hasattr(pip_supported_tags[0], 'platform'):
    pip_supported_tags = [(tag.interpreter, tag.abi, tag.platform) for tag in pip_supported_tags]

print(json.dumps({
    'platform_system': platform.system(),
    'platform_release': platform.release(),
    'platform_machine': platform.machine(),
    'platform_processor': platform.processor(),
    'platform_linux_distribution': 
        platform.linux_distribution() if hasattr(platform, 'linux_distribution') else distro.linux_distribution(),
    'platform_mac_ver': platform.mac_ver(),
    'platform_uname': platform.uname(),
    'platform_python_implementation': platform.python_implementation(),
    'platform_python_version': platform.python_version(),
    'platform_python_compiler': platform.python_compiler(),
    'platform_python_build': platform.python_build(),
    'pip_supported_tags': pip_supported_tags,
    'pip_version': pip_version,
    'packaging_version': packaging_version,
}))
\""
2021-02-13 16:23:45 [DEBUG]  		SUCCESS RESPONSE CODE: 0, EXECUTION TIME: 0.15s
2021-02-13 16:23:45 [DEBUG]  		EXECUTING SYSTEM COMMAND: /bin/bash -c "/usr/bin/python -m pip freeze"
2021-02-13 16:23:46 [DEBUG]  		STANDARD ERROR:
2021-02-13 16:23:46 [DEBUG]  			DEPRECATION: Python 2.7 reached the end of its life on January 1st, 2020. Please upgrade your Python as Python 2.7 is no longer maintained. pip 21.0 will drop support for Python 2.7 in January 2021. More details about Python 2 support in pip can be found at https://pip.pypa.io/en/latest/development/release-process/#python-2-support pip 21.0 will remove support for this functionality.
2021-02-13 16:23:46 [DEBUG]  		SUCCESS RESPONSE CODE: 0, EXECUTION TIME: 0.99s
2021-02-13 16:23:46 [DEBUG]  		EXECUTING SYSTEM COMMAND: /bin/bash -c "runlevel"
2021-02-13 16:23:46 [DEBUG]  		SUCCESS RESPONSE CODE: 0, EXECUTION TIME: 0.02s
2021-02-13 16:23:46 [DEBUG]  		EXECUTING SYSTEM COMMAND: /bin/bash -c "dpkg-query -W -f='\${Status} \${Version}\n' sudo"
2021-02-13 16:23:46 [DEBUG]  		SUCCESS RESPONSE CODE: 0, EXECUTION TIME: 0.04s
2021-02-13 16:23:46 [DEBUG]  		EXECUTING SYSTEM COMMAND: /bin/bash -c "pgrep -a ros"
2021-02-13 16:23:46 [DEBUG]  		ERROR RESPONSE CODE: 1, EXECUTION TIME: 0.03s
2021-02-13 16:23:46 [DEBUG]  Command '/bin/bash -c "pgrep -a ros"' returned non-zero exit status 1
2021-02-13 16:23:46 [DEBUG]  Could not detect ros processes.
2021-02-13 16:23:46 [DEBUG]  		EXECUTING SYSTEM COMMAND: /bin/bash -c "curl -sS -X PUT -H 'mc_token: T2F1C0BE7ED6A0B7D4FFE7DDE' -H 'content-type: application/json' -H 'mc_secret: S2aab9bea76cdb0ae72564ff2' -d @/tmp/tmp6IAkCt 'https://api.freedomrobotics.ai/reports'"
2021-02-13 16:23:47 [DEBUG]  		SUCCESS RESPONSE CODE: 0, EXECUTION TIME: 0.21s
2021-02-13 16:23:47 [DEBUG]  {"status":"success","action":"reported issue","report":{"account":"AA2E4916C77670BAA7DA84BD4","code":"AIS_OK","level":"info","created":"2021-02-13 16:23:47","component":"installer","times":{"uninstall_current_agent":[0.51,0.92],"install_webrtc_av_dependency":1.2,"install_prerequisites":0.41,"install_credentials":0.02,"get_wheel_package":[6.34,7.36],"install_freedom_robotics_service":11.15,"verify_prerequisites":2.21,"python_ssl_check":0.17,"install_freedom_main_python_package":359.49,"platform_details":[0.14,0.25,0.16],"disable_old_freedomrobotics":0.0,"install_freedom_python3_package":347.5,"has_sudo_rights":0.08,"time_total_install":377.0,"install_remote_ssh":0.22,"local_folders_permissions_check":0.34,"install_webrtc_dependencies":329.11,"check_ros_version":0.03,"agent_running_check":[0.03,0.03]},"device":"D7530172466E9EC156991C77C54","requesting_token":"***4FFE7DDE","report":"MTYxMzIzMzQyNy4wNTYxOTAw","attributes":{"install_status":{"ACCOUNT":"AA2E4916C77670BAA7DA84BD4","PYTHON3.6 PACKAGE":"INSTALLED","ROS SHADOW":"X","PYTHON2.7 PACKAGE":"INSTALLED","DEVICE":"D7530172466E9EC156991C77C54","REMOTE SSH":"INSTALLED","RTC DEPENDENCIES":"INSTALLED","MICRO AGENT":"INSTALLED AND ACTIVE"},"pip_freeze":"asn1crypto==0.24.0\ncertifi==2020.12.5\nchardet==4.0.0\ncryptography==2.1.4\ndistro==1.5.0\nenum34==1.1.6\nfreedomrobotics @ file:///tmp/freedomrobotics8wyBdH/freedomrobotics-0.1.154-cp27-cp27mu-linux_aarch64.whl\nidna==2.6\nipaddress==1.0.17\nkeyring==10.6.0\nkeyrings.alt==3.0\nnumpy==1.16.6\npackaging==20.9\nprotobuf==3.14.0\nprotobuf-to-dict==0.1.0\npsutil==5.8.0\npycrypto==2.6.1\npygobject==3.26.1\npyparsing==2.4.7\npython-cjson==1.2.2\npyxdg==0.25\nrequests==2.25.1\nSecretStorage==2.3.1\nsetproctitle==1.1.10\nSharedArray==3.2.1\nsix==1.11.0\nurllib3==1.26.3\nyappi==1.3.2","code_version":"latest","debug_details":{"ros_processes":["failed to get"],"is_docker":false,"sudo_available":true,"is_python_virtual_env":false,"user":"ubuntu","user_is_privileged":true,"environment_variables":{"PATH":"/usr/local/sbin:/usr/local/bin:/usr/sbin:/usr/bin:/sbin:/bin:/usr/games:/usr/local/games:/snap/bin"},"python_bin_path":"/usr/bin/python","run_level":"N 5"},"platform_details":{"platform_linux_distribution":["Ubuntu","18.04","bionic"],"platform_release":"5.4.0-1015-raspi","platform_python_implementation":"CPython","packaging_version":"20.9","platform_python_version":"2.7.17","pip_version":"20.3.4","platform_processor":"aarch64","platform_machine":"aarch64","platform_uname":["Linux","ubuntu","5.4.0-1015-raspi","#15~18.04.1-Ubuntu SMP Fri Jul 10 09:20:51 UTC 2020","aarch64","aarch64"],"platform_system":"Linux","platform_python_build":["default","Sep 30 2020 13:38:04"],"platform_mac_ver":["",["","",""],""],"pip_supported_tags":[["cp27","cp27mu","manylinux_2_27_aarch64"],["cp27","cp27mu","manylinux_2_26_aarch64"],["cp27","cp27mu","manylinux_2_25_aarch64"],["cp27","cp27mu","manylinux_2_24_aarch64"],["cp27","cp27mu","manylinux_2_23_aarch64"],["cp27","cp27mu","manylinux_2_22_aarch64"],["cp27","cp27mu","manylinux_2_21_aarch64"],["cp27","cp27mu","manylinux_2_20_aarch64"],["cp27","cp27mu","manylinux_2_19_aarch64"],["cp27","cp27mu","manylinux_2_18_aarch64"],["cp27","cp27mu","manylinux_2_17_aarch64"],["cp27","cp27mu","manylinux2014_aarch64"],["cp27","cp27mu","linux_aarch64"],["cp27","none","manylinux_2_27_aarch64"],["cp27","none","manylinux_2_26_aarch64"],["cp27","none","manylinux_2_25_aarch64"],["cp27","none","manylinux_2_24_aarch64"],["cp27","none","manylinux_2_23_aarch64"],["cp27","none","manylinux_2_22_aarch64"],["cp27","none","manylinux_2_21_aarch64"],["cp27","none","manylinux_2_20_aarch64"],["cp27","none","manylinux_2_19_aarch64"],["cp27","none","manylinux_2_18_aarch64"],["cp27","none","manylinux_2_17_aarch64"],["cp27","none","manylinux2014_aarch64"],["cp27","none","linux_aarch64"]],"platform_python_compiler":"GCC 7.5.0"},"environment":{"country":"US","source-ip":"24.170.25.246","user-agent":"curl/7.58.0"},"code_branch":"release","token":"***4FFE7DDE","install_elements":["webrtc"]},"message":"Successful Agent Installation","device_name":"Default","account_name":"Freedom Industries (h+demos@freedomrobotics.ai)","requesting_token_type":"device"}}
