2021-02-13 16:02:47 [INFO ]  ################################################################################
2021-02-13 16:02:47 [INFO ]  
2021-02-13 16:02:47 [INFO ]  Installing FREEDOM ROBOTICS Micro Service
2021-02-13 16:02:47 [INFO ]  
2021-02-13 16:02:47 [INFO ]  Copyright Freedom Robotics Inc 2020. All rights reserved. Confidential.
2021-02-13 16:02:47 [INFO ]  
2021-02-13 16:02:47 [INFO ]  ################################################################################
2021-02-13 16:02:47 [DEBUG]  		EXECUTING SYSTEM COMMAND: /bin/bash -c "whoami"
2021-02-13 16:02:47 [DEBUG]  		SUCCESS RESPONSE CODE: 0, EXECUTION TIME: 0.01s
2021-02-13 16:02:47 [DEBUG]  		EXECUTING SYSTEM COMMAND: /bin/bash -c "sudo -nv"
2021-02-13 16:02:47 [DEBUG]  		SUCCESS RESPONSE CODE: 0, EXECUTION TIME: 0.04s
2021-02-13 16:02:47 [INFO ]  
2021-02-13 16:02:47 [INFO ]  Step 1/6: VERIFYING PREREQUISITES
2021-02-13 16:02:47 [DEBUG]  		EXECUTING SYSTEM COMMAND: /bin/bash -c "/usr/bin/python3 -m pip &> /dev/null"
2021-02-13 16:02:51 [DEBUG]  		SUCCESS RESPONSE CODE: 0, EXECUTION TIME: 4.17s
2021-02-13 16:02:51 [DEBUG]  Urllib2 can be use for ssl communication.
2021-02-13 16:02:51 [DEBUG]  		EXECUTING SYSTEM COMMAND: /bin/bash -c "dpkg-query -W -f='\${Status} \${Version}\n' python3-dev"
2021-02-13 16:02:51 [DEBUG]  		SUCCESS RESPONSE CODE: 0, EXECUTION TIME: 0.04s
2021-02-13 16:02:51 [DEBUG]  		EXECUTING SYSTEM COMMAND: /bin/bash -c "dpkg-query -W -f='\${Status} \${Version}\n' pkg-config"
2021-02-13 16:02:52 [DEBUG]  		SUCCESS RESPONSE CODE: 0, EXECUTION TIME: 0.04s
2021-02-13 16:02:52 [DEBUG]  		EXECUTING SYSTEM COMMAND: /bin/bash -c "dpkg-query -W -f='\${Status} \${Version}\n' libopus-dev"
2021-02-13 16:02:52 [DEBUG]  		SUCCESS RESPONSE CODE: 0, EXECUTION TIME: 0.04s
2021-02-13 16:02:52 [DEBUG]  		EXECUTING SYSTEM COMMAND: /bin/bash -c "dpkg-query -W -f='\${Status} \${Version}\n' libvpx-dev"
2021-02-13 16:02:52 [DEBUG]  		SUCCESS RESPONSE CODE: 0, EXECUTION TIME: 0.03s
2021-02-13 16:02:52 [DEBUG]  		EXECUTING SYSTEM COMMAND: /bin/bash -c "dpkg-query -W -f='\${Status} \${Version}\n' libffi-dev"
2021-02-13 16:02:52 [DEBUG]  		SUCCESS RESPONSE CODE: 0, EXECUTION TIME: 0.04s
2021-02-13 16:02:52 [DEBUG]  		EXECUTING SYSTEM COMMAND: /bin/bash -c "dpkg-query -W -f='\${Status} \${Version}\n' libssl-dev"
2021-02-13 16:02:52 [DEBUG]  		SUCCESS RESPONSE CODE: 0, EXECUTION TIME: 0.04s
2021-02-13 16:02:52 [DEBUG]  		EXECUTING SYSTEM COMMAND: /bin/bash -c "dpkg-query -W -f='\${Status} \${Version}\n' libsrtp2-dev"
2021-02-13 16:02:52 [DEBUG]  		SUCCESS RESPONSE CODE: 0, EXECUTION TIME: 0.04s
2021-02-13 16:02:52 [DEBUG]  		EXECUTING SYSTEM COMMAND: /bin/bash -c "dpkg-query -W -f='\${Status} \${Version}\n' python3-dev"
2021-02-13 16:02:52 [DEBUG]  		SUCCESS RESPONSE CODE: 0, EXECUTION TIME: 0.04s
2021-02-13 16:02:52 [DEBUG]  		EXECUTING SYSTEM COMMAND: /bin/bash -c "pkg-config --modversion libavdevice"
2021-02-13 16:02:52 [DEBUG]  		SUCCESS RESPONSE CODE: 0, EXECUTION TIME: 0.01s
2021-02-13 16:02:52 [DEBUG]  Found library libavdevice installed at version 58.8.100
2021-02-13 16:02:52 [DEBUG]  		EXECUTING SYSTEM COMMAND: /bin/bash -c "pkg-config --modversion libavfilter"
2021-02-13 16:02:52 [DEBUG]  		SUCCESS RESPONSE CODE: 0, EXECUTION TIME: 0.02s
2021-02-13 16:02:52 [DEBUG]  Found library libavfilter installed at version 7.57.100
2021-02-13 16:02:52 [DEBUG]  		EXECUTING SYSTEM COMMAND: /bin/bash -c "pkg-config --modversion libsrtp2"
2021-02-13 16:02:52 [DEBUG]  		SUCCESS RESPONSE CODE: 0, EXECUTION TIME: 0.02s
2021-02-13 16:02:52 [DEBUG]  Found library libsrtp2 installed at version 2.1.0
2021-02-13 16:02:52 [INFO ]      COMPLETE
2021-02-13 16:02:52 [INFO ]  
2021-02-13 16:02:52 [INFO ]  Step 2/6: INSTALLING CREDENTIALS
2021-02-13 16:02:52 [DEBUG]  		EXECUTING SYSTEM COMMAND: /bin/bash -c "mkdir -p  /home/ubuntu/.config/freedomrobotics ; echo '{
    \"url\": \"https://api.freedomrobotics.ai/\",
    \"account\": \"AA2E4916C77670BAA7DA84BD4\",
    \"device\": \"D7530172466E9EC156991C77C54\",
    \"token\": \"T15CB24BCD2D38E78B237AA86\",
    \"secret\": \"S384e6ef1dae724ee112ec468\",
    \"code_branch\": \"release\",
    \"install_elements\": [
        \"webrtc\"
    ],
    \"configuration\": {
        \"measurements\": {
            \"disabled\": [],
            \"enabled\": [
                \"resources\",
                \"platform\",
                \"ros\",
                \"processes\",
                \"network\",
                \"webrtc\",
                \"gpu\"
            ],
            \"details\": \"If a measurement is mentioned in both lists, it will be disabled, andif it is not mentioned in any of the lists, it will be enabled.\"
        },
        \"webrtc_local_port\": 5540
    },
    \"log_level\": \"INFO\"
}' > /home/ubuntu/.config/freedomrobotics/credentials"
2021-02-13 16:02:52 [DEBUG]  		SUCCESS RESPONSE CODE: 0, EXECUTION TIME: 0.03s
2021-02-13 16:02:52 [INFO ]      COMPLETE
2021-02-13 16:02:52 [INFO ]  
2021-02-13 16:02:52 [INFO ]  Step 3/6: REMOTE CONNECTION
2021-02-13 16:02:52 [DEBUG]  Installing Remote SSH
2021-02-13 16:02:52 [DEBUG]      SSH Tunnel already installed
2021-02-13 16:02:52 [DEBUG]  		EXECUTING SYSTEM COMMAND: /bin/bash -c "/home/ubuntu/.config/freedomrobotics/ssh/ngrok authtoken 5mYNtDswTRChsKRZB7KCX_4UbxchYqyjmGGbc2Qkuc3"
2021-02-13 16:02:52 [DEBUG]  		SUCCESS RESPONSE CODE: 0, EXECUTION TIME: 0.05s
2021-02-13 16:02:52 [DEBUG]      Authenticated SSH Tunnel
2021-02-13 16:02:52 [DEBUG]  		EXECUTING SYSTEM COMMAND: /bin/bash -c "service_path=\$(which service) && output=\$( \$service_path ssh status ) && echo \"\$output\""
2021-02-13 16:02:52 [DEBUG]  		SUCCESS RESPONSE CODE: 0, EXECUTION TIME: 0.07s
2021-02-13 16:02:52 [DEBUG]      SSH Server is already installed and running. Will skip install.
2021-02-13 16:02:52 [DEBUG]  		EXECUTING SYSTEM COMMAND: /bin/bash -c "service_path=\$(which service) && output=\$( \$service_path ssh status ) && echo \"\$output\""
2021-02-13 16:02:52 [DEBUG]  		SUCCESS RESPONSE CODE: 0, EXECUTION TIME: 0.06s
2021-02-13 16:02:52 [INFO ]      COMPLETE
2021-02-13 16:02:52 [DEBUG]  		EXECUTING SYSTEM COMMAND: /bin/bash -c "cat /etc/ssh/sshd_config | grep PasswordAuthentication"
2021-02-13 16:02:52 [DEBUG]  		SUCCESS RESPONSE CODE: 0, EXECUTION TIME: 0.02s
2021-02-13 16:02:52 [DEBUG]  PasswordAuthentication: ['PasswordAuthentication yes', '# PasswordAuthentication.  Depending on your PAM configuration,', '# PAM authentication, then enable this but set PasswordAuthentication']
2021-02-13 16:02:52 [DEBUG]  		EXECUTING SYSTEM COMMAND: /bin/bash -c "passwd --status ubuntu"
2021-02-13 16:02:52 [DEBUG]  		SUCCESS RESPONSE CODE: 0, EXECUTION TIME: 0.02s
2021-02-13 16:02:52 [DEBUG]  password_status: ubuntu P 02/11/2021 0 99999 7 -1
2021-02-13 16:02:52 [DEBUG]  User `ubuntu` should be able to ssh with its password.
2021-02-13 16:02:52 [INFO ]  
2021-02-13 16:02:52 [DEBUG]  ROS is not installed so not checking if old version of Freedom Robotics exists.
2021-02-13 16:02:52 [DEBUG]  		EXECUTING SYSTEM COMMAND: /bin/bash -c "/usr/bin/python3 -c 'import sys; print(\"{}.{}\".format(sys.version_info.major, sys.version_info.minor))'"
2021-02-13 16:02:52 [DEBUG]  		SUCCESS RESPONSE CODE: 0, EXECUTION TIME: 0.11s
2021-02-13 16:02:52 [INFO ]  Step 4/6: INSTALLING PACKAGE (python3.6)
2021-02-13 16:02:52 [DEBUG]  Using python3.6 from path: /usr/bin/python3
2021-02-13 16:02:52 [DEBUG]  		EXECUTING SYSTEM COMMAND: /bin/bash -c "/usr/bin/python3 -c 'import sys; print(\"{}.{}\".format(sys.version_info.major, sys.version_info.minor))'"
2021-02-13 16:02:52 [DEBUG]  		SUCCESS RESPONSE CODE: 0, EXECUTION TIME: 0.10s
2021-02-13 16:02:52 [DEBUG]  		EXECUTING SYSTEM COMMAND: /bin/bash -c "/usr/bin/python3 -m pip show freedomrobotics | grep \"Location: \""
2021-02-13 16:02:56 [DEBUG]  		ERROR RESPONSE CODE: 1, EXECUTION TIME: 4.16s
2021-02-13 16:02:56 [DEBUG]  Could not find the location of the freedomrobotics package for python3.6, it might not have been previously installed: Could not find freedomrobotics python package install location:  Command '/bin/bash -c "/usr/bin/python3 -m pip show freedomrobotics | grep \"Location: \""' returned non-zero exit status 1.
2021-02-13 16:02:56 [DEBUG]  		EXECUTING SYSTEM COMMAND: /bin/bash -c "/usr/bin/python3 -c 'import sys
import os
if (hasattr(sys, \"base_prefix\") and sys.base_prefix != sys.prefix) or hasattr(sys, \"real_prefix\") or os.environ.get(\"CONDA_PREFIX\"):
    print(\"Detected we are dealing with a virtual environment for /usr/bin/python3\")'"
2021-02-13 16:02:57 [DEBUG]  		SUCCESS RESPONSE CODE: 0, EXECUTION TIME: 0.11s
2021-02-13 16:02:57 [DEBUG]  		EXECUTING SYSTEM COMMAND: /bin/bash -c "/usr/bin/python3 -m pip show numpy | grep \"Version: \""
2021-02-13 16:03:01 [DEBUG]  		SUCCESS RESPONSE CODE: 0, EXECUTION TIME: 4.25s
2021-02-13 16:03:01 [DEBUG]  		EXECUTING SYSTEM COMMAND: /bin/bash -c "/usr/bin/python3 -m pip install --user SharedArray"
2021-02-13 16:03:05 [DEBUG]  		SUCCESS RESPONSE CODE: 0, EXECUTION TIME: 4.22s
2021-02-13 16:03:05 [DEBUG]  Preparing to install agent from wheel package.
2021-02-13 16:03:05 [DEBUG]  		EXECUTING SYSTEM COMMAND: /bin/bash -c "/usr/bin/python3 -m pip install --user \"packaging>=20.0\""
2021-02-13 16:03:09 [DEBUG]  		SUCCESS RESPONSE CODE: 0, EXECUTION TIME: 4.21s
2021-02-13 16:03:09 [DEBUG]  		EXECUTING SYSTEM COMMAND: /bin/bash -c "/usr/bin/python3 -c \"
import warnings
warnings.filterwarnings('ignore')
import json
import platform
import sys

try:
    import distro
except ImportError:
    # we don't have distro module
    distro = lambda: None
    distro.linux_distribution = lambda: 'Failed to get: Distro is not available.'

try:
    from pip import __version__ as pip_version
except ImportError:
    # we don't have pip module
    pip_version = '0.0.0 (Pip is not available.)'

try:
    from packaging import __version__ as packaging_version
except ImportError:
    # we don't have pip module
    packaging_version = '0.0.0 (Packaging is not available.)'

try:
    from packaging import tags
    pip_supported_tags = list(tags.cpython_tags())
except ImportError:
    try:
        if pip_version < '20.1' and pip_version >= '10.0':
            from pip._internal import pep425tags
            pip_supported_tags = pep425tags.get_supported()
        elif pip_version >= '1.4':
            from pip import pep425tags
            pip_supported_tags = pep425tags.get_supported()
        else:
            pip_supported_tags = []
    except ImportError:
        pip_supported_tags = []

if pip_supported_tags and hasattr(pip_supported_tags[0], 'platform'):
    pip_supported_tags = [(tag.interpreter, tag.abi, tag.platform) for tag in pip_supported_tags]

print(json.dumps({
    'platform_system': platform.system(),
    'platform_release': platform.release(),
    'platform_machine': platform.machine(),
    'platform_processor': platform.processor(),
    'platform_linux_distribution': 
        platform.linux_distribution() if hasattr(platform, 'linux_distribution') else distro.linux_distribution(),
    'platform_mac_ver': platform.mac_ver(),
    'platform_uname': platform.uname(),
    'platform_python_implementation': platform.python_implementation(),
    'platform_python_version': platform.python_version(),
    'platform_python_compiler': platform.python_compiler(),
    'platform_python_build': platform.python_build(),
    'pip_supported_tags': pip_supported_tags,
    'pip_version': pip_version,
    'packaging_version': packaging_version,
}))
\""
2021-02-13 16:03:13 [DEBUG]  		SUCCESS RESPONSE CODE: 0, EXECUTION TIME: 3.90s
2021-02-13 16:03:13 [DEBUG]  Collected next system details: {'platform_system': 'Linux', 'platform_release': '5.4.0-1015-raspi', 'platform_machine': 'aarch64', 'platform_processor': 'aarch64', 'platform_linux_distribution': ['Ubuntu', '18.04', 'bionic'], 'platform_mac_ver': ['', ['', '', ''], ''], 'platform_uname': ['Linux', 'ubuntu', '5.4.0-1015-raspi', '#15~18.04.1-Ubuntu SMP Fri Jul 10 09:20:51 UTC 2020', 'aarch64', 'aarch64'], 'platform_python_implementation': 'CPython', 'platform_python_version': '3.6.9', 'platform_python_compiler': 'GCC 8.4.0', 'platform_python_build': ['default', 'Oct  8 2020 12:12:24'], 'pip_supported_tags': [['cp36', 'cp36m', 'linux_aarch64'], ['cp36', 'abi3', 'linux_aarch64'], ['cp36', 'none', 'linux_aarch64'], ['cp35', 'abi3', 'linux_aarch64'], ['cp34', 'abi3', 'linux_aarch64'], ['cp33', 'abi3', 'linux_aarch64'], ['cp32', 'abi3', 'linux_aarch64'], ['py3', 'none', 'linux_aarch64'], ['cp36', 'none', 'any'], ['cp3', 'none', 'any'], ['py36', 'none', 'any'], ['py3', 'none', 'any'], ['py35', 'none', 'any'], ['py34', 'none', 'any'], ['py33', 'none', 'any'], ['py32', 'none', 'any'], ['py31', 'none', 'any'], ['py30', 'none', 'any']], 'pip_version': '9.0.1', 'packaging_version': '17.1', 'agent_version': 'latest', 'code_branch': 'release'}
2021-02-13 16:03:13 [DEBUG]  		EXECUTING SYSTEM COMMAND: /bin/bash -c "curl -sS -X POST -H 'content-type: application/json' -H 'mc_token: T15CB24BCD2D38E78B237AA86' -H 'mc_secret: S384e6ef1dae724ee112ec468' -d '{\"platform_system\": \"Linux\", \"platform_release\": \"5.4.0-1015-raspi\", \"platform_machine\": \"aarch64\", \"platform_processor\": \"aarch64\", \"platform_linux_distribution\": [\"Ubuntu\", \"18.04\", \"bionic\"], \"platform_mac_ver\": [\"\", [\"\", \"\", \"\"], \"\"], \"platform_uname\": [\"Linux\", \"ubuntu\", \"5.4.0-1015-raspi\", \"#15~18.04.1-Ubuntu SMP Fri Jul 10 09:20:51 UTC 2020\", \"aarch64\", \"aarch64\"], \"platform_python_implementation\": \"CPython\", \"platform_python_version\": \"3.6.9\", \"platform_python_compiler\": \"GCC 8.4.0\", \"platform_python_build\": [\"default\", \"Oct  8 2020 12:12:24\"], \"pip_supported_tags\": [[\"cp36\", \"cp36m\", \"linux_aarch64\"], [\"cp36\", \"abi3\", \"linux_aarch64\"], [\"cp36\", \"none\", \"linux_aarch64\"], [\"cp35\", \"abi3\", \"linux_aarch64\"], [\"cp34\", \"abi3\", \"linux_aarch64\"], [\"cp33\", \"abi3\", \"linux_aarch64\"], [\"cp32\", \"abi3\", \"linux_aarch64\"], [\"py3\", \"none\", \"linux_aarch64\"], [\"cp36\", \"none\", \"any\"], [\"cp3\", \"none\", \"any\"], [\"py36\", \"none\", \"any\"], [\"py3\", \"none\", \"any\"], [\"py35\", \"none\", \"any\"], [\"py34\", \"none\", \"any\"], [\"py33\", \"none\", \"any\"], [\"py32\", \"none\", \"any\"], [\"py31\", \"none\", \"any\"], [\"py30\", \"none\", \"any\"]], \"pip_version\": \"9.0.1\", \"packaging_version\": \"17.1\", \"agent_version\": \"latest\", \"code_branch\": \"release\"}' 'https://api.freedomrobotics.ai/download_wheel_link'"
2021-02-13 16:03:16 [DEBUG]  		SUCCESS RESPONSE CODE: 0, EXECUTION TIME: 3.25s
2021-02-13 16:03:16 [DEBUG]  Got the link to download the wheel.
2021-02-13 16:03:16 [DEBUG]  		EXECUTING SYSTEM COMMAND: /bin/bash -c "curl -sS -o /tmp/freedomroboticsq52yexac/freedomrobotics-0.1.154-cp36-cp36m-linux_aarch64.whl 'https://mission-control-download.s3.amazonaws.com/agent/release/0.1.154/freedomrobotics-0.1.154-cp36-cp36m-linux_aarch64.whl?X-Amz-Algorithm=AWS4-HMAC-SHA256&X-Amz-Expires=100&X-Amz-Date=20210213T160316Z&X-Amz-SignedHeaders=host&X-Amz-Security-Token=IQoJb3JpZ2luX2VjEPb%2F%2F%2F%2F%2F%2F%2F%2F%2F%2FwEaCXVzLWVhc3QtMiJGMEQCICQLgH22tn6I9fhRAGVoEqFEp9AoRNYtZQNngNqKRYMOAiA6KbSh2qV%2BZO1ljS7QDUZP6ac3W4W%2FQ2YM%2BFFu7lsseSr7AQjv%2F%2F%2F%2F%2F%2F%2F%2F%2F%2F8BEAIaDDY0OTc0NjYwMDg3NSIMmmFYfqAND2FBkiDvKs8BSYVFlapkAT%2BSkV1YsjZmEadQFimo21imBRz48IFImi9xGFs5dGAs5N8eVgn6fll5MU4ZvGvkBLH9uRsIrD7Ukzg4qEMoHqIX1FEgUra%2FYLxyOxS23czq68jgU%2Bxbhf6BWCTK6jxeR5BVIARisdGMn2rJkkO%2BO2PVz7zghR%2Fdvr6usdFEumoapmqoF4WuilsvQ0RY2QPLVGCVtiiVfwSyN%2Fo2BYg2xmFzEFhXt5XXFYCnLMFlrNJOiITzpqJ3l6G%2Bv%2B470mGeCSy950fHVZkqMM7An4EGOuEBvU%2BLsODIjcz4G0kGnDjF2Cm%2BVfpUhr1FcU1DKHWl6wi7wC4rxE6lopFDdOFhE9vJx7HfLNa9p%2B4Jfccgmvew70pdA1GU5M1NUmfzmIASkrpvcAcnuEx4GiAVJNt74wIqlelXKgahXARoNSmUq4iqabjxIJWOqC1KzVDI0MM5oxa3Es0rAzL5Ynci74PhK0q%2Bo7Zzc22FycN5uZgYtcX2jXvDOoQtgU0mK15DGbRL5b21ZXRdRfrd%2B6GO1IdNJg8ULwVOcnQPZA5YVxBY%2B%2Bk3WSTAlelUzc4hy5ksfTbQqedW&X-Amz-Credential=ASIAZOR7KKOV6UYT2RVZ%2F20210213%2Fus-east-2%2Fs3%2Faws4_request&X-Amz-Signature=46710f6dac32900fd14509ba7977cc739f156a52afbc09a254c0220cfd9fd9aa'"
2021-02-13 16:03:17 [DEBUG]  		SUCCESS RESPONSE CODE: 0, EXECUTION TIME: 1.06s
2021-02-13 16:03:17 [DEBUG]  Downloaded the wheel.
2021-02-13 16:03:17 [INFO ]  Installing freedomrobotics agent and its direct dependencies for python 3.6. This might take a few minutes.
2021-02-13 16:03:17 [DEBUG]  		EXECUTING SYSTEM COMMAND: /bin/bash -c "/usr/bin/python3 -m pip install --user /tmp/freedomroboticsq52yexac/freedomrobotics-0.1.154-cp36-cp36m-linux_aarch64.whl"
2021-02-13 16:03:23 [DEBUG]  		SUCCESS RESPONSE CODE: 0, EXECUTION TIME: 5.58s
2021-02-13 16:03:23 [DEBUG]  Successfully installed python package 'freedomrobotics'
2021-02-13 16:03:23 [DEBUG]  		EXECUTING SYSTEM COMMAND: /bin/bash -c "which roscore"
2021-02-13 16:03:23 [DEBUG]  		ERROR RESPONSE CODE: 1, EXECUTION TIME: 0.02s
2021-02-13 16:03:23 [DEBUG]  Executable `roscore` was not found using current PATH: Command '/bin/bash -c "which roscore"' returned non-zero exit status 1.
2021-02-13 16:03:23 [DEBUG]  		EXECUTING SYSTEM COMMAND: /bin/bash -c "which ros2"
2021-02-13 16:03:23 [DEBUG]  		ERROR RESPONSE CODE: 1, EXECUTION TIME: 0.02s
2021-02-13 16:03:23 [DEBUG]  Executable `ros2` was not found using current PATH: Command '/bin/bash -c "which ros2"' returned non-zero exit status 1.
2021-02-13 16:03:23 [DEBUG]  No suitable ros installation found
2021-02-13 16:03:23 [INFO ]      COMPLETE
2021-02-13 16:03:23 [INFO ]  
2021-02-13 16:03:23 [INFO ]  Step 5/6: RTC DEPENDENCIES
2021-02-13 16:03:23 [DEBUG]  		EXECUTING SYSTEM COMMAND: /bin/bash -c "pkg-config --modversion libavdevice"
2021-02-13 16:03:23 [DEBUG]  		SUCCESS RESPONSE CODE: 0, EXECUTION TIME: 0.02s
2021-02-13 16:03:23 [DEBUG]  		EXECUTING SYSTEM COMMAND: /bin/bash -c "pkg-config --modversion libavfilter"
2021-02-13 16:03:23 [DEBUG]  		SUCCESS RESPONSE CODE: 0, EXECUTION TIME: 0.01s
2021-02-13 16:03:23 [DEBUG]  		EXECUTING SYSTEM COMMAND: /bin/bash -c "/usr/bin/python3 -m pip show av | grep \"Version: \""
2021-02-13 16:03:27 [DEBUG]  		SUCCESS RESPONSE CODE: 0, EXECUTION TIME: 4.21s
2021-02-13 16:03:27 [INFO ]  Installing webrtc dependencies. First installation might take a few minutes.
2021-02-13 16:03:27 [DEBUG]  		EXECUTING SYSTEM COMMAND: /bin/bash -c "/usr/bin/python3 -m pip install --user crc32c==2.0.1 aiortc SharedArray av dataclasses"
2021-02-13 16:03:54 [DEBUG]  		STANDARD ERROR:
2021-02-13 16:03:54 [DEBUG]  			Command "python setup.py egg_info" failed with error code 1 in /tmp/pip-build-xz8u0_72/cryptography/
2021-02-13 16:03:54 [DEBUG]  		ERROR RESPONSE CODE: 1, EXECUTION TIME: 27.11s
2021-02-13 16:03:54 [INFO ]  
2021-02-13 16:03:54 [INFO ]  
2021-02-13 16:03:54 [INFO ]  
2021-02-13 16:03:54 [CRITI]  [31m################################################################################[39m
2021-02-13 16:03:54 [CRITI]  [31m[39m
2021-02-13 16:03:54 [CRITI]  [31mINSTALL DID NOT COMPLETE SUCCESSFULLY[39m
2021-02-13 16:03:54 [CRITI]  [31m[39m
2021-02-13 16:03:54 [CRITI]  [31mFailed to install RTC python package dependencies: Collecting crc32c==2.0.1
Using cached https://files.pythonhosted.org/packages/9e/4f/78049a7bc27fc9e23a9f7a9896554646de0ad1309510d2dbe58336d5c5cf/crc32c-2.0.1.tar.gz
Collecting aiortc
Using cached https://files.pythonhosted.org/packages/58/bc/5267cad79282ed8020032586e804ebb2f8084d972d89d3c19200de8510c4/aiortc-1.1.2.tar.gz
Requirement already satisfied: SharedArray in ./.local/lib/python3.6/site-packages
Requirement already satisfied: av in ./.local/lib/python3.6/site-packages
Collecting dataclasses
Using cached https://files.pythonhosted.org/packages/fe/ca/75fac5856ab5cfa51bbbcefa250182e50441074fdc3f803f6e76451fab43/dataclasses-0.8-py3-none-any.whl
Collecting aioice<0.8.0,>=0.7.5 (from aiortc)
Using cached https://files.pythonhosted.org/packages/5a/32/31ec785c02ac848aa4a8503b86afe63e94c6bffd0d53a758a11f1e58224b/aioice-0.7.5-py3-none-any.whl
Collecting cffi>=1.0.0 (from aiortc)
Using cached https://files.pythonhosted.org/packages/a8/20/025f59f929bbcaa579704f443a438135918484fffaacfaddba776b374563/cffi-1.14.5.tar.gz
Collecting cryptography>=2.2 (from aiortc)
Using cached https://files.pythonhosted.org/packages/27/5a/007acee0243186123a55423d49cbb5c15cb02d76dd1b6a27659a894b13a2/cryptography-3.4.4.tar.gz
Complete output from command python setup.py egg_info:
Traceback (most recent call last):
File "<string>", line 1, in <module>
File "/tmp/pip-build-xz8u0_72/cryptography/setup.py", line 14, in <module>
from setuptools_rust import RustExtension
ModuleNotFoundError: No module named 'setuptools_rust'

=============================DEBUG ASSISTANCE==========================
If you are seeing an error here please try the following to
successfully install cryptography:

Upgrade to the latest pip and try again. This will fix errors for most
users. See: https://pip.pypa.io/en/stable/installing/#upgrading-pip
=============================DEBUG ASSISTANCE==========================


----------------------------------------[39m
2021-02-13 16:03:54 [CRITI]  [31m[39m
2021-02-13 16:03:54 [CRITI]  [31m############################################################[39m
2021-02-13 16:03:54 [CRITI]  [31m[39m
2021-02-13 16:03:54 [CRITI]  [31m( NO STACK TRACE REPORTED )[39m
2021-02-13 16:03:54 [CRITI]  [31m[39m
2021-02-13 16:03:54 [CRITI]  [31m############################################################[39m
2021-02-13 16:03:54 [CRITI]  [31m[39m
2021-02-13 16:03:54 [CRITI]  [31mSTOPPING AGENT IF NECESSARY AND UNINSTALLING[39m
2021-02-13 16:03:54 [DEBUG]  		EXECUTING SYSTEM COMMAND: /bin/bash -c "sudo -n service freedomrobotics stop"
2021-02-13 16:03:59 [DEBUG]  		STANDARD ERROR:
2021-02-13 16:03:59 [DEBUG]  			Failed to stop freedomrobotics.service: Unit freedomrobotics.service not loaded.
2021-02-13 16:03:59 [DEBUG]  		ERROR RESPONSE CODE: 5, EXECUTION TIME: 4.09s
2021-02-13 16:03:59 [CRITI]  [31m    - AGENT NOT RUNNING[39m
2021-02-13 16:03:59 [DEBUG]  		EXECUTING SYSTEM COMMAND: /bin/bash -c "sudo -n systemctl daemon-reload"
2021-02-13 16:04:00 [DEBUG]  		SUCCESS RESPONSE CODE: 0, EXECUTION TIME: 0.69s
2021-02-13 16:04:00 [DEBUG]  Systemd / Systemctl are running so registering as systemd service
2021-02-13 16:04:00 [DEBUG]  		EXECUTING SYSTEM COMMAND: /bin/bash -c "/usr/bin/python3 -m pip show freedomrobotics | grep \"Location: \""
2021-02-13 16:04:04 [DEBUG]  		SUCCESS RESPONSE CODE: 0, EXECUTION TIME: 4.21s
2021-02-13 16:04:04 [DEBUG]  		EXECUTING SYSTEM COMMAND: /bin/bash -c "/usr/bin/python3 /home/ubuntu/.local/lib/python3.6/site-packages/freedomrobotics/management/unregister_systemd_service.py"
2021-02-13 16:04:05 [DEBUG]  		STANDARD ERROR:
2021-02-13 16:04:05 [DEBUG]  			DEBUG:__main__:	Checking sudo privileges
2021-02-13 16:04:05 [DEBUG]  			DEBUG:__main__:
2021-02-13 16:04:05 [DEBUG]  			DEBUG:__main__:################################################################################
2021-02-13 16:04:05 [DEBUG]  			DEBUG:__main__:# UNREGISTERING Freedom Robotics system.d service
2021-02-13 16:04:05 [DEBUG]  			DEBUG:__main__:#    INSTALLED: False
2021-02-13 16:04:05 [DEBUG]  			DEBUG:__main__:#    RUNNING:   False
2021-02-13 16:04:05 [DEBUG]  			DEBUG:__main__:################################################################################
2021-02-13 16:04:05 [DEBUG]  			DEBUG:__main__:################################################################################
2021-02-13 16:04:05 [DEBUG]  		SUCCESS RESPONSE CODE: 0, EXECUTION TIME: 1.22s
2021-02-13 16:04:05 [DEBUG]  Service unregistration log: 
2021-02-13 16:04:05 [CRITI]  [31m    SERVICE REMOVED[39m
2021-02-13 16:04:05 [DEBUG]  		EXECUTING SYSTEM COMMAND: /bin/bash -c "which python3"
2021-02-13 16:04:05 [DEBUG]  		SUCCESS RESPONSE CODE: 0, EXECUTION TIME: 0.01s
2021-02-13 16:04:05 [DEBUG]  		EXECUTING SYSTEM COMMAND: /bin/bash -c "/usr/bin/python3 -c 'import sys; print(\"{}.{}\".format(sys.version_info.major, sys.version_info.minor))'"
2021-02-13 16:04:05 [DEBUG]  		SUCCESS RESPONSE CODE: 0, EXECUTION TIME: 0.11s
2021-02-13 16:04:05 [DEBUG]  Using the default python3 binary: /usr/bin/python3
2021-02-13 16:04:05 [DEBUG]  		EXECUTING SYSTEM COMMAND: /bin/bash -c "/usr/bin/python3 -c 'import sys; print(\"{}.{}\".format(sys.version_info.major, sys.version_info.minor))'"
2021-02-13 16:04:05 [DEBUG]  		SUCCESS RESPONSE CODE: 0, EXECUTION TIME: 0.11s
2021-02-13 16:04:05 [DEBUG]  		EXECUTING SYSTEM COMMAND: /bin/bash -c "/usr/bin/python3 -m pip show freedomrobotics"
2021-02-13 16:04:09 [DEBUG]  		SUCCESS RESPONSE CODE: 0, EXECUTION TIME: 4.24s
2021-02-13 16:04:09 [DEBUG]  		EXECUTING SYSTEM COMMAND: /bin/bash -c "/usr/bin/python3 -m pip uninstall -y freedomrobotics"
2021-02-13 16:04:14 [DEBUG]  		SUCCESS RESPONSE CODE: 0, EXECUTION TIME: 4.41s
2021-02-13 16:04:14 [CRITI]  [31m    UNINSTALLED PACKAGE (python3.6)[39m
2021-02-13 16:04:14 [CRITI]  [31m[39m
2021-02-13 16:04:14 [CRITI]  [31mUPLOADING INSTALL ERROR REPORT[39m
2021-02-13 16:04:14 [DEBUG]  		EXECUTING SYSTEM COMMAND: /bin/bash -c "pgrep fr_agent"
2021-02-13 16:04:14 [DEBUG]  		ERROR RESPONSE CODE: 1, EXECUTION TIME: 0.03s
2021-02-13 16:04:15 [DEBUG]  		EXECUTING SYSTEM COMMAND: /bin/bash -c "pgrep fr_agent"
2021-02-13 16:04:15 [DEBUG]  		ERROR RESPONSE CODE: 1, EXECUTION TIME: 0.03s
2021-02-13 16:04:16 [DEBUG]  		EXECUTING SYSTEM COMMAND: /bin/bash -c "pgrep fr_agent"
2021-02-13 16:04:16 [DEBUG]  		ERROR RESPONSE CODE: 1, EXECUTION TIME: 0.03s
2021-02-13 16:04:17 [DEBUG]  		EXECUTING SYSTEM COMMAND: /bin/bash -c "pgrep fr_agent"
2021-02-13 16:04:17 [DEBUG]  		ERROR RESPONSE CODE: 1, EXECUTION TIME: 0.03s
2021-02-13 16:04:18 [DEBUG]  		EXECUTING SYSTEM COMMAND: /bin/bash -c "pgrep fr_agent"
2021-02-13 16:04:18 [DEBUG]  		ERROR RESPONSE CODE: 1, EXECUTION TIME: 0.03s
2021-02-13 16:04:19 [DEBUG]  		EXECUTING SYSTEM COMMAND: /bin/bash -c "service_path=\$(which service) && output=\$( \$service_path ssh status ) && echo \"\$output\""
2021-02-13 16:04:19 [DEBUG]  		SUCCESS RESPONSE CODE: 0, EXECUTION TIME: 0.07s
2021-02-13 16:04:19 [DEBUG]  		EXECUTING SYSTEM COMMAND: /bin/bash -c "/usr/bin/python3 -m pip show freedomrobotics"
2021-02-13 16:04:23 [DEBUG]  		ERROR RESPONSE CODE: 1, EXECUTION TIME: 4.17s
2021-02-13 16:04:23 [DEBUG]  		EXECUTING SYSTEM COMMAND: /bin/bash -c "/usr/bin/python3 -c 'import sys; print(\"{}.{}\".format(sys.version_info.major, sys.version_info.minor))'"
2021-02-13 16:04:23 [DEBUG]  		SUCCESS RESPONSE CODE: 0, EXECUTION TIME: 0.11s
2021-02-13 16:04:23 [DEBUG]  		EXECUTING SYSTEM COMMAND: /bin/bash -c "/usr/bin/python3 -m pip show aiortc"
2021-02-13 16:04:28 [DEBUG]  		ERROR RESPONSE CODE: 1, EXECUTION TIME: 4.21s
2021-02-13 16:04:28 [DEBUG]  		EXECUTING SYSTEM COMMAND: /bin/bash -c "/usr/bin/python3 -c \"
import warnings
warnings.filterwarnings('ignore')
import json
import platform
import sys

try:
    import distro
except ImportError:
    # we don't have distro module
    distro = lambda: None
    distro.linux_distribution = lambda: 'Failed to get: Distro is not available.'

try:
    from pip import __version__ as pip_version
except ImportError:
    # we don't have pip module
    pip_version = '0.0.0 (Pip is not available.)'

try:
    from packaging import __version__ as packaging_version
except ImportError:
    # we don't have pip module
    packaging_version = '0.0.0 (Packaging is not available.)'

try:
    from packaging import tags
    pip_supported_tags = list(tags.cpython_tags())
except ImportError:
    try:
        if pip_version < '20.1' and pip_version >= '10.0':
            from pip._internal import pep425tags
            pip_supported_tags = pep425tags.get_supported()
        elif pip_version >= '1.4':
            from pip import pep425tags
            pip_supported_tags = pep425tags.get_supported()
        else:
            pip_supported_tags = []
    except ImportError:
        pip_supported_tags = []

if pip_supported_tags and hasattr(pip_supported_tags[0], 'platform'):
    pip_supported_tags = [(tag.interpreter, tag.abi, tag.platform) for tag in pip_supported_tags]

print(json.dumps({
    'platform_system': platform.system(),
    'platform_release': platform.release(),
    'platform_machine': platform.machine(),
    'platform_processor': platform.processor(),
    'platform_linux_distribution': 
        platform.linux_distribution() if hasattr(platform, 'linux_distribution') else distro.linux_distribution(),
    'platform_mac_ver': platform.mac_ver(),
    'platform_uname': platform.uname(),
    'platform_python_implementation': platform.python_implementation(),
    'platform_python_version': platform.python_version(),
    'platform_python_compiler': platform.python_compiler(),
    'platform_python_build': platform.python_build(),
    'pip_supported_tags': pip_supported_tags,
    'pip_version': pip_version,
    'packaging_version': packaging_version,
}))
\""
2021-02-13 16:04:32 [DEBUG]  		SUCCESS RESPONSE CODE: 0, EXECUTION TIME: 3.92s
2021-02-13 16:04:32 [DEBUG]  		EXECUTING SYSTEM COMMAND: /bin/bash -c "/usr/bin/python3 -m pip freeze"
2021-02-13 16:04:36 [DEBUG]  		SUCCESS RESPONSE CODE: 0, EXECUTION TIME: 4.40s
2021-02-13 16:04:36 [DEBUG]  		EXECUTING SYSTEM COMMAND: /bin/bash -c "runlevel"
2021-02-13 16:04:36 [DEBUG]  		SUCCESS RESPONSE CODE: 0, EXECUTION TIME: 0.02s
2021-02-13 16:04:36 [DEBUG]  		EXECUTING SYSTEM COMMAND: /bin/bash -c "dpkg-query -W -f='\${Status} \${Version}\n' sudo"
2021-02-13 16:04:36 [DEBUG]  		SUCCESS RESPONSE CODE: 0, EXECUTION TIME: 0.04s
2021-02-13 16:04:36 [DEBUG]  		EXECUTING SYSTEM COMMAND: /bin/bash -c "pgrep -a ros"
2021-02-13 16:04:36 [DEBUG]  		ERROR RESPONSE CODE: 1, EXECUTION TIME: 0.03s
2021-02-13 16:04:36 [DEBUG]  Command '/bin/bash -c "pgrep -a ros"' returned non-zero exit status 1.
2021-02-13 16:04:36 [DEBUG]  Could not detect ros processes.
2021-02-13 16:04:36 [DEBUG]  		EXECUTING SYSTEM COMMAND: /bin/bash -c "curl -sS -X PUT -H 'content-type: application/json' -H 'mc_token: T15CB24BCD2D38E78B237AA86' -H 'mc_secret: S384e6ef1dae724ee112ec468' -d @/tmp/tmp0gup87i6 'https://api.freedomrobotics.ai/issues'"
2021-02-13 16:04:37 [DEBUG]  		SUCCESS RESPONSE CODE: 0, EXECUTION TIME: 0.82s
2021-02-13 16:04:37 [DEBUG]  {"status":"success","action":"reported issue","report":{"account":"AA2E4916C77670BAA7DA84BD4","code":"AIS_F_RTC_INSTALL","logs":["2021-02-13 16:02:47 [INFO ]  ################################################################################","2021-02-13 16:02:47 [INFO ]  ","2021-02-13 16:02:47 [INFO ]  Installing FREEDOM ROBOTICS Micro Service","2021-02-13 16:02:47 [INFO ]  ","2021-02-13 16:02:47 [INFO ]  Copyright Freedom Robotics Inc 2020. All rights reserved. Confidential.","2021-02-13 16:02:47 [INFO ]  ","2021-02-13 16:02:47 [INFO ]  ################################################################################","2021-02-13 16:02:47 [DEBUG]  \t\tEXECUTING SYSTEM COMMAND: /bin/bash -c \"whoami\"","2021-02-13 16:02:47 [DEBUG]  \t\tSUCCESS RESPONSE CODE: 0, EXECUTION TIME: 0.01s","2021-02-13 16:02:47 [DEBUG]  \t\tEXECUTING SYSTEM COMMAND: /bin/bash -c \"sudo -nv\"","2021-02-13 16:02:47 [DEBUG]  \t\tSUCCESS RESPONSE CODE: 0, EXECUTION TIME: 0.04s","2021-02-13 16:02:47 [INFO ]  ","2021-02-13 16:02:47 [INFO ]  Step 1/6: VERIFYING PREREQUISITES","2021-02-13 16:02:47 [DEBUG]  \t\tEXECUTING SYSTEM COMMAND: /bin/bash -c \"/usr/bin/python3 -m pip &> /dev/null\"","2021-02-13 16:02:51 [DEBUG]  \t\tSUCCESS RESPONSE CODE: 0, EXECUTION TIME: 4.17s","2021-02-13 16:02:51 [DEBUG]  Urllib2 can be use for ssl communication.","2021-02-13 16:02:51 [DEBUG]  \t\tEXECUTING SYSTEM COMMAND: /bin/bash -c \"dpkg-query -W -f='\\${Status} \\${Version}\\n' python3-dev\"","2021-02-13 16:02:51 [DEBUG]  \t\tSUCCESS RESPONSE CODE: 0, EXECUTION TIME: 0.04s","2021-02-13 16:02:51 [DEBUG]  \t\tEXECUTING SYSTEM COMMAND: /bin/bash -c \"dpkg-query -W -f='\\${Status} \\${Version}\\n' pkg-config\"","2021-02-13 16:02:52 [DEBUG]  \t\tSUCCESS RESPONSE CODE: 0, EXECUTION TIME: 0.04s","2021-02-13 16:02:52 [DEBUG]  \t\tEXECUTING SYSTEM COMMAND: /bin/bash -c \"dpkg-query -W -f='\\${Status} \\${Version}\\n' libopus-dev\"","2021-02-13 16:02:52 [DEBUG]  \t\tSUCCESS RESPONSE CODE: 0, EXECUTION TIME: 0.04s","2021-02-13 16:02:52 [DEBUG]  \t\tEXECUTING SYSTEM COMMAND: /bin/bash -c \"dpkg-query -W -f='\\${Status} \\${Version}\\n' libvpx-dev\"","2021-02-13 16:02:52 [DEBUG]  \t\tSUCCESS RESPONSE CODE: 0, EXECUTION TIME: 0.03s","2021-02-13 16:02:52 [DEBUG]  \t\tEXECUTING SYSTEM COMMAND: /bin/bash -c \"dpkg-query -W -f='\\${Status} \\${Version}\\n' libffi-dev\"","2021-02-13 16:02:52 [DEBUG]  \t\tSUCCESS RESPONSE CODE: 0, EXECUTION TIME: 0.04s","2021-02-13 16:02:52 [DEBUG]  \t\tEXECUTING SYSTEM COMMAND: /bin/bash -c \"dpkg-query -W -f='\\${Status} \\${Version}\\n' libssl-dev\"","2021-02-13 16:02:52 [DEBUG]  \t\tSUCCESS RESPONSE CODE: 0, EXECUTION TIME: 0.04s","2021-02-13 16:02:52 [DEBUG]  \t\tEXECUTING SYSTEM COMMAND: /bin/bash -c \"dpkg-query -W -f='\\${Status} \\${Version}\\n' libsrtp2-dev\"","2021-02-13 16:02:52 [DEBUG]  \t\tSUCCESS RESPONSE CODE: 0, EXECUTION TIME: 0.04s","2021-02-13 16:02:52 [DEBUG]  \t\tEXECUTING SYSTEM COMMAND: /bin/bash -c \"dpkg-query -W -f='\\${Status} \\${Version}\\n' python3-dev\"","2021-02-13 16:02:52 [DEBUG]  \t\tSUCCESS RESPONSE CODE: 0, EXECUTION TIME: 0.04s","2021-02-13 16:02:52 [DEBUG]  \t\tEXECUTING SYSTEM COMMAND: /bin/bash -c \"pkg-config --modversion libavdevice\"","2021-02-13 16:02:52 [DEBUG]  \t\tSUCCESS RESPONSE CODE: 0, EXECUTION TIME: 0.01s","2021-02-13 16:02:52 [DEBUG]  Found library libavdevice installed at version 58.8.100","2021-02-13 16:02:52 [DEBUG]  \t\tEXECUTING SYSTEM COMMAND: /bin/bash -c \"pkg-config --modversion libavfilter\"","2021-02-13 16:02:52 [DEBUG]  \t\tSUCCESS RESPONSE CODE: 0, EXECUTION TIME: 0.02s","2021-02-13 16:02:52 [DEBUG]  Found library libavfilter installed at version 7.57.100","2021-02-13 16:02:52 [DEBUG]  \t\tEXECUTING SYSTEM COMMAND: /bin/bash -c \"pkg-config --modversion libsrtp2\"","2021-02-13 16:02:52 [DEBUG]  \t\tSUCCESS RESPONSE CODE: 0, EXECUTION TIME: 0.02s","2021-02-13 16:02:52 [DEBUG]  Found library libsrtp2 installed at version 2.1.0","2021-02-13 16:02:52 [INFO ]      COMPLETE","2021-02-13 16:02:52 [INFO ]  ","2021-02-13 16:02:52 [INFO ]  Step 2/6: INSTALLING CREDENTIALS","2021-02-13 16:02:52 [DEBUG]  \t\tEXECUTING SYSTEM COMMAND: /bin/bash -c \"mkdir -p  /home/ubuntu/.config/freedomrobotics ; echo '{","    \\\"url\\\": \\\"https://api.freedomrobotics.ai/\\\",","    \\\"account\\\": \\\"AA2E4916C77670BAA7DA84BD4\\\",","    \\\"device\\\": \\\"D7530172466E9EC156991C77C54\\\",","    \\\"token\\\": \\\"T15CB24BCD2D38E78B237AA86\\\",","    \\\"secret\\\": \\\"S384e6ef1dae724ee112ec468\\\",","    \\\"code_branch\\\": \\\"release\\\",","    \\\"install_elements\\\": [","        \\\"webrtc\\\"","    ],","    \\\"configuration\\\": {","        \\\"measurements\\\": {","            \\\"disabled\\\": [],","            \\\"enabled\\\": [","                \\\"resources\\\",","                \\\"platform\\\",","                \\\"ros\\\",","                \\\"processes\\\",","                \\\"network\\\",","                \\\"webrtc\\\",","                \\\"gpu\\\"","            ],","            \\\"details\\\": \\\"If a measurement is mentioned in both lists, it will be disabled, andif it is not mentioned in any of the lists, it will be enabled.\\\"","        },","        \\\"webrtc_local_port\\\": 5540","    },","    \\\"log_level\\\": \\\"INFO\\\"","}' > /home/ubuntu/.config/freedomrobotics/credentials\"","2021-02-13 16:02:52 [DEBUG]  \t\tSUCCESS RESPONSE CODE: 0, EXECUTION TIME: 0.03s","2021-02-13 16:02:52 [INFO ]      COMPLETE","2021-02-13 16:02:52 [INFO ]  ","2021-02-13 16:02:52 [INFO ]  Step 3/6: REMOTE CONNECTION","2021-02-13 16:02:52 [DEBUG]  Installing Remote SSH","2021-02-13 16:02:52 [DEBUG]      SSH Tunnel already installed","2021-02-13 16:02:52 [DEBUG]  \t\tEXECUTING SYSTEM COMMAND: /bin/bash -c \"/home/ubuntu/.config/freedomrobotics/ssh/ngrok authtoken 5mYNtDswTRChsKRZB7KCX_4UbxchYqyjmGGbc2Qkuc3\"","2021-02-13 16:02:52 [DEBUG]  \t\tSUCCESS RESPONSE CODE: 0, EXECUTION TIME: 0.05s","2021-02-13 16:02:52 [DEBUG]      Authenticated SSH Tunnel","2021-02-13 16:02:52 [DEBUG]  \t\tEXECUTING SYSTEM COMMAND: /bin/bash -c \"service_path=\\$(which service) && output=\\$( \\$service_path ssh status ) && echo \\\"\\$output\\\"\"","2021-02-13 16:02:52 [DEBUG]  \t\tSUCCESS RESPONSE CODE: 0, EXECUTION TIME: 0.07s","2021-02-13 16:02:52 [DEBUG]      SSH Server is already installed and running. Will skip install.","2021-02-13 16:02:52 [DEBUG]  \t\tEXECUTING SYSTEM COMMAND: /bin/bash -c \"service_path=\\$(which service) && output=\\$( \\$service_path ssh status ) && echo \\\"\\$output\\\"\"","2021-02-13 16:02:52 [DEBUG]  \t\tSUCCESS RESPONSE CODE: 0, EXECUTION TIME: 0.06s","2021-02-13 16:02:52 [INFO ]      COMPLETE","2021-02-13 16:02:52 [DEBUG]  \t\tEXECUTING SYSTEM COMMAND: /bin/bash -c \"cat /etc/ssh/sshd_config | grep PasswordAuthentication\"","2021-02-13 16:02:52 [DEBUG]  \t\tSUCCESS RESPONSE CODE: 0, EXECUTION TIME: 0.02s","2021-02-13 16:02:52 [DEBUG]  PasswordAuthentication: ['PasswordAuthentication yes', '# PasswordAuthentication.  Depending on your PAM configuration,', '# PAM authentication, then enable this but set PasswordAuthentication']","2021-02-13 16:02:52 [DEBUG]  \t\tEXECUTING SYSTEM COMMAND: /bin/bash -c \"passwd --status ubuntu\"","2021-02-13 16:02:52 [DEBUG]  \t\tSUCCESS RESPONSE CODE: 0, EXECUTION TIME: 0.02s","2021-02-13 16:02:52 [DEBUG]  password_status: ubuntu P 02/11/2021 0 99999 7 -1","2021-02-13 16:02:52 [DEBUG]  User `ubuntu` should be able to ssh with its password.","2021-02-13 16:02:52 [INFO ]  ","2021-02-13 16:02:52 [DEBUG]  ROS is not installed so not checking if old version of Freedom Robotics exists.","2021-02-13 16:02:52 [DEBUG]  \t\tEXECUTING SYSTEM COMMAND: /bin/bash -c \"/usr/bin/python3 -c 'import sys; print(\\\"{}.{}\\\".format(sys.version_info.major, sys.version_info.minor))'\"","2021-02-13 16:02:52 [DEBUG]  \t\tSUCCESS RESPONSE CODE: 0, EXECUTION TIME: 0.11s","2021-02-13 16:02:52 [INFO ]  Step 4/6: INSTALLING PACKAGE (python3.6)","2021-02-13 16:02:52 [DEBUG]  Using python3.6 from path: /usr/bin/python3","2021-02-13 16:02:52 [DEBUG]  \t\tEXECUTING SYSTEM COMMAND: /bin/bash -c \"/usr/bin/python3 -c 'import sys; print(\\\"{}.{}\\\".format(sys.version_info.major, sys.version_info.minor))'\"","2021-02-13 16:02:52 [DEBUG]  \t\tSUCCESS RESPONSE CODE: 0, EXECUTION TIME: 0.10s","2021-02-13 16:02:52 [DEBUG]  \t\tEXECUTING SYSTEM COMMAND: /bin/bash -c \"/usr/bin/python3 -m pip show freedomrobotics | grep \\\"Location: \\\"\"","2021-02-13 16:02:56 [DEBUG]  \t\tERROR RESPONSE CODE: 1, EXECUTION TIME: 4.16s","2021-02-13 16:02:56 [DEBUG]  Could not find the location of the freedomrobotics package for python3.6, it might not have been previously installed: Could not find freedomrobotics python package install location:  Command '/bin/bash -c \"/usr/bin/python3 -m pip show freedomrobotics | grep \\\"Location: \\\"\"' returned non-zero exit status 1.","2021-02-13 16:02:56 [DEBUG]  \t\tEXECUTING SYSTEM COMMAND: /bin/bash -c \"/usr/bin/python3 -c 'import sys","import os","if (hasattr(sys, \\\"base_prefix\\\") and sys.base_prefix != sys.prefix) or hasattr(sys, \\\"real_prefix\\\") or os.environ.get(\\\"CONDA_PREFIX\\\"):","    print(\\\"Detected we are dealing with a virtual environment for /usr/bin/python3\\\")'\"","2021-02-13 16:02:57 [DEBUG]  \t\tSUCCESS RESPONSE CODE: 0, EXECUTION TIME: 0.11s","2021-02-13 16:02:57 [DEBUG]  \t\tEXECUTING SYSTEM COMMAND: /bin/bash -c \"/usr/bin/python3 -m pip show numpy | grep \\\"Version: \\\"\"","2021-02-13 16:03:01 [DEBUG]  \t\tSUCCESS RESPONSE CODE: 0, EXECUTION TIME: 4.25s","2021-02-13 16:03:01 [DEBUG]  \t\tEXECUTING SYSTEM COMMAND: /bin/bash -c \"/usr/bin/python3 -m pip install --user SharedArray\"","2021-02-13 16:03:05 [DEBUG]  \t\tSUCCESS RESPONSE CODE: 0, EXECUTION TIME: 4.22s","2021-02-13 16:03:05 [DEBUG]  Preparing to install agent from wheel package.","2021-02-13 16:03:05 [DEBUG]  \t\tEXECUTING SYSTEM COMMAND: /bin/bash -c \"/usr/bin/python3 -m pip install --user \\\"packaging>=20.0\\\"\"","2021-02-13 16:03:09 [DEBUG]  \t\tSUCCESS RESPONSE CODE: 0, EXECUTION TIME: 4.21s","2021-02-13 16:03:09 [DEBUG]  \t\tEXECUTING SYSTEM COMMAND: /bin/bash -c \"/usr/bin/python3 -c \\\"","import warnings","warnings.filterwarnings('ignore')","import json","import platform","import sys","","try:","    import distro","except ImportError:","    # we don't have distro module","    distro = lambda: None","    distro.linux_distribution = lambda: 'Failed to get: Distro is not available.'","","try:","    from pip import __version__ as pip_version","except ImportError:","    # we don't have pip module","    pip_version = '0.0.0 (Pip is not available.)'","","try:","    from packaging import __version__ as packaging_version","except ImportError:","    # we don't have pip module","    packaging_version = '0.0.0 (Packaging is not available.)'","","try:","    from packaging import tags","    pip_supported_tags = list(tags.cpython_tags())","except ImportError:","    try:","        if pip_version < '20.1' and pip_version >= '10.0':","            from pip._internal import pep425tags","            pip_supported_tags = pep425tags.get_supported()","        elif pip_version >= '1.4':","            from pip import pep425tags","            pip_supported_tags = pep425tags.get_supported()","        else:","            pip_supported_tags = []","    except ImportError:","        pip_supported_tags = []","","if pip_supported_tags and hasattr(pip_supported_tags[0], 'platform'):","    pip_supported_tags = [(tag.interpreter, tag.abi, tag.platform) for tag in pip_supported_tags]","","print(json.dumps({","    'platform_system': platform.system(),","    'platform_release': platform.release(),","    'platform_machine': platform.machine(),","    'platform_processor': platform.processor(),","    'platform_linux_distribution': ","        platform.linux_distribution() if hasattr(platform, 'linux_distribution') else distro.linux_distribution(),","    'platform_mac_ver': platform.mac_ver(),","    'platform_uname': platform.uname(),","    'platform_python_implementation': platform.python_implementation(),","    'platform_python_version': platform.python_version(),","    'platform_python_compiler': platform.python_compiler(),","    'platform_python_build': platform.python_build(),","    'pip_supported_tags': pip_supported_tags,","    'pip_version': pip_version,","    'packaging_version': packaging_version,","}))","\\\"\"","2021-02-13 16:03:13 [DEBUG]  \t\tSUCCESS RESPONSE CODE: 0, EXECUTION TIME: 3.90s","2021-02-13 16:03:13 [DEBUG]  Collected next system details: {'platform_system': 'Linux', 'platform_release': '5.4.0-1015-raspi', 'platform_machine': 'aarch64', 'platform_processor': 'aarch64', 'platform_linux_distribution': ['Ubuntu', '18.04', 'bionic'], 'platform_mac_ver': ['', ['', '', ''], ''], 'platform_uname': ['Linux', 'ubuntu', '5.4.0-1015-raspi', '#15~18.04.1-Ubuntu SMP Fri Jul 10 09:20:51 UTC 2020', 'aarch64', 'aarch64'], 'platform_python_implementation': 'CPython', 'platform_python_version': '3.6.9', 'platform_python_compiler': 'GCC 8.4.0', 'platform_python_build': ['default', 'Oct  8 2020 12:12:24'], 'pip_supported_tags': [['cp36', 'cp36m', 'linux_aarch64'], ['cp36', 'abi3', 'linux_aarch64'], ['cp36', 'none', 'linux_aarch64'], ['cp35', 'abi3', 'linux_aarch64'], ['cp34', 'abi3', 'linux_aarch64'], ['cp33', 'abi3', 'linux_aarch64'], ['cp32', 'abi3', 'linux_aarch64'], ['py3', 'none', 'linux_aarch64'], ['cp36', 'none', 'any'], ['cp3', 'none', 'any'], ['py36', 'none', 'any'], ['py3', 'none', 'any'], ['py35', 'none', 'any'], ['py34', 'none', 'any'], ['py33', 'none', 'any'], ['py32', 'none', 'any'], ['py31', 'none', 'any'], ['py30', 'none', 'any']], 'pip_version': '9.0.1', 'packaging_version': '17.1', 'agent_version': 'latest', 'code_branch': 'release'}","2021-02-13 16:03:13 [DEBUG]  \t\tEXECUTING SYSTEM COMMAND: /bin/bash -c \"curl -sS -X POST -H 'content-type: application/json' -H 'mc_token: T15CB24BCD2D38E78B237AA86' -H 'mc_secret: S384e6ef1dae724ee112ec468' -d '{\\\"platform_system\\\": \\\"Linux\\\", \\\"platform_release\\\": \\\"5.4.0-1015-raspi\\\", \\\"platform_machine\\\": \\\"aarch64\\\", \\\"platform_processor\\\": \\\"aarch64\\\", \\\"platform_linux_distribution\\\": [\\\"Ubuntu\\\", \\\"18.04\\\", \\\"bionic\\\"], \\\"platform_mac_ver\\\": [\\\"\\\", [\\\"\\\", \\\"\\\", \\\"\\\"], \\\"\\\"], \\\"platform_uname\\\": [\\\"Linux\\\", \\\"ubuntu\\\", \\\"5.4.0-1015-raspi\\\", \\\"#15~18.04.1-Ubuntu SMP Fri Jul 10 09:20:51 UTC 2020\\\", \\\"aarch64\\\", \\\"aarch64\\\"], \\\"platform_python_implementation\\\": \\\"CPython\\\", \\\"platform_python_version\\\": \\\"3.6.9\\\", \\\"platform_python_compiler\\\": \\\"GCC 8.4.0\\\", \\\"platform_python_build\\\": [\\\"default\\\", \\\"Oct  8 2020 12:12:24\\\"], \\\"pip_supported_tags\\\": [[\\\"cp36\\\", \\\"cp36m\\\", \\\"linux_aarch64\\\"], [\\\"cp36\\\", \\\"abi3\\\", \\\"linux_aarch64\\\"], [\\\"cp36\\\", \\\"none\\\", \\\"linux_aarch64\\\"], [\\\"cp35\\\", \\\"abi3\\\", \\\"linux_aarch64\\\"], [\\\"cp34\\\", \\\"abi3\\\", \\\"linux_aarch64\\\"], [\\\"cp33\\\", \\\"abi3\\\", \\\"linux_aarch64\\\"], [\\\"cp32\\\", \\\"abi3\\\", \\\"linux_aarch64\\\"], [\\\"py3\\\", \\\"none\\\", \\\"linux_aarch64\\\"], [\\\"cp36\\\", \\\"none\\\", \\\"any\\\"], [\\\"cp3\\\", \\\"none\\\", \\\"any\\\"], [\\\"py36\\\", \\\"none\\\", \\\"any\\\"], [\\\"py3\\\", \\\"none\\\", \\\"any\\\"], [\\\"py35\\\", \\\"none\\\", \\\"any\\\"], [\\\"py34\\\", \\\"none\\\", \\\"any\\\"], [\\\"py33\\\", \\\"none\\\", \\\"any\\\"], [\\\"py32\\\", \\\"none\\\", \\\"any\\\"], [\\\"py31\\\", \\\"none\\\", \\\"any\\\"], [\\\"py30\\\", \\\"none\\\", \\\"any\\\"]], \\\"pip_version\\\": \\\"9.0.1\\\", \\\"packaging_version\\\": \\\"17.1\\\", \\\"agent_version\\\": \\\"latest\\\", \\\"code_branch\\\": \\\"release\\\"}' 'https://api.freedomrobotics.ai/download_wheel_link'\"","2021-02-13 16:03:16 [DEBUG]  \t\tSUCCESS RESPONSE CODE: 0, EXECUTION TIME: 3.25s","2021-02-13 16:03:16 [DEBUG]  Got the link to download the wheel.","2021-02-13 16:03:16 [DEBUG]  \t\tEXECUTING SYSTEM COMMAND: /bin/bash -c \"curl -sS -o /tmp/freedomroboticsq52yexac/freedomrobotics-0.1.154-cp36-cp36m-linux_aarch64.whl 'https://mission-control-download.s3.amazonaws.com/agent/release/0.1.154/freedomrobotics-0.1.154-cp36-cp36m-linux_aarch64.whl?X-Amz-Algorithm=AWS4-HMAC-SHA256&X-Amz-Expires=100&X-Amz-Date=20210213T160316Z&X-Amz-SignedHeaders=host&X-Amz-Security-Token=IQoJb3JpZ2luX2VjEPb%2F%2F%2F%2F%2F%2F%2F%2F%2F%2FwEaCXVzLWVhc3QtMiJGMEQCICQLgH22tn6I9fhRAGVoEqFEp9AoRNYtZQNngNqKRYMOAiA6KbSh2qV%2BZO1ljS7QDUZP6ac3W4W%2FQ2YM%2BFFu7lsseSr7AQjv%2F%2F%2F%2F%2F%2F%2F%2F%2F%2F8BEAIaDDY0OTc0NjYwMDg3NSIMmmFYfqAND2FBkiDvKs8BSYVFlapkAT%2BSkV1YsjZmEadQFimo21imBRz48IFImi9xGFs5dGAs5N8eVgn6fll5MU4ZvGvkBLH9uRsIrD7Ukzg4qEMoHqIX1FEgUra%2FYLxyOxS23czq68jgU%2Bxbhf6BWCTK6jxeR5BVIARisdGMn2rJkkO%2BO2PVz7zghR%2Fdvr6usdFEumoapmqoF4WuilsvQ0RY2QPLVGCVtiiVfwSyN%2Fo2BYg2xmFzEFhXt5XXFYCnLMFlrNJOiITzpqJ3l6G%2Bv%2B470mGeCSy950fHVZkqMM7An4EGOuEBvU%2BLsODIjcz4G0kGnDjF2Cm%2BVfpUhr1FcU1DKHWl6wi7wC4rxE6lopFDdOFhE9vJx7HfLNa9p%2B4Jfccgmvew70pdA1GU5M1NUmfzmIASkrpvcAcnuEx4GiAVJNt74wIqlelXKgahXARoNSmUq4iqabjxIJWOqC1KzVDI0MM5oxa3Es0rAzL5Ynci74PhK0q%2Bo7Zzc22FycN5uZgYtcX2jXvDOoQtgU0mK15DGbRL5b21ZXRdRfrd%2B6GO1IdNJg8ULwVOcnQPZA5YVxBY%2B%2Bk3WSTAlelUzc4hy5ksfTbQqedW&X-Amz-Credential=ASIAZOR7KKOV6UYT2RVZ%2F20210213%2Fus-east-2%2Fs3%2Faws4_request&X-Amz-Signature=46710f6dac32900fd14509ba7977cc739f156a52afbc09a254c0220cfd9fd9aa'\"","2021-02-13 16:03:17 [DEBUG]  \t\tSUCCESS RESPONSE CODE: 0, EXECUTION TIME: 1.06s","2021-02-13 16:03:17 [DEBUG]  Downloaded the wheel.","2021-02-13 16:03:17 [INFO ]  Installing freedomrobotics agent and its direct dependencies for python 3.6. This might take a few minutes.","2021-02-13 16:03:17 [DEBUG]  \t\tEXECUTING SYSTEM COMMAND: /bin/bash -c \"/usr/bin/python3 -m pip install --user /tmp/freedomroboticsq52yexac/freedomrobotics-0.1.154-cp36-cp36m-linux_aarch64.whl\"","2021-02-13 16:03:23 [DEBUG]  \t\tSUCCESS RESPONSE CODE: 0, EXECUTION TIME: 5.58s","2021-02-13 16:03:23 [DEBUG]  Successfully installed python package 'freedomrobotics'","2021-02-13 16:03:23 [DEBUG]  \t\tEXECUTING SYSTEM COMMAND: /bin/bash -c \"which roscore\"","2021-02-13 16:03:23 [DEBUG]  \t\tERROR RESPONSE CODE: 1, EXECUTION TIME: 0.02s","2021-02-13 16:03:23 [DEBUG]  Executable `roscore` was not found using current PATH: Command '/bin/bash -c \"which roscore\"' returned non-zero exit status 1.","2021-02-13 16:03:23 [DEBUG]  \t\tEXECUTING SYSTEM COMMAND: /bin/bash -c \"which ros2\"","2021-02-13 16:03:23 [DEBUG]  \t\tERROR RESPONSE CODE: 1, EXECUTION TIME: 0.02s","2021-02-13 16:03:23 [DEBUG]  Executable `ros2` was not found using current PATH: Command '/bin/bash -c \"which ros2\"' returned non-zero exit status 1.","2021-02-13 16:03:23 [DEBUG]  No suitable ros installation found","2021-02-13 16:03:23 [INFO ]      COMPLETE","2021-02-13 16:03:23 [INFO ]  ","2021-02-13 16:03:23 [INFO ]  Step 5/6: RTC DEPENDENCIES","2021-02-13 16:03:23 [DEBUG]  \t\tEXECUTING SYSTEM COMMAND: /bin/bash -c \"pkg-config --modversion libavdevice\"","2021-02-13 16:03:23 [DEBUG]  \t\tSUCCESS RESPONSE CODE: 0, EXECUTION TIME: 0.02s","2021-02-13 16:03:23 [DEBUG]  \t\tEXECUTING SYSTEM COMMAND: /bin/bash -c \"pkg-config --modversion libavfilter\"","2021-02-13 16:03:23 [DEBUG]  \t\tSUCCESS RESPONSE CODE: 0, EXECUTION TIME: 0.01s","2021-02-13 16:03:23 [DEBUG]  \t\tEXECUTING SYSTEM COMMAND: /bin/bash -c \"/usr/bin/python3 -m pip show av | grep \\\"Version: \\\"\"","2021-02-13 16:03:27 [DEBUG]  \t\tSUCCESS RESPONSE CODE: 0, EXECUTION TIME: 4.21s","2021-02-13 16:03:27 [INFO ]  Installing webrtc dependencies. First installation might take a few minutes.","2021-02-13 16:03:27 [DEBUG]  \t\tEXECUTING SYSTEM COMMAND: /bin/bash -c \"/usr/bin/python3 -m pip install --user crc32c==2.0.1 aiortc SharedArray av dataclasses\"","2021-02-13 16:03:54 [DEBUG]  \t\tSTANDARD ERROR:","2021-02-13 16:03:54 [DEBUG]  \t\t\tCommand \"python setup.py egg_info\" failed with error code 1 in /tmp/pip-build-xz8u0_72/cryptography/","2021-02-13 16:03:54 [DEBUG]  \t\tERROR RESPONSE CODE: 1, EXECUTION TIME: 27.11s","2021-02-13 16:03:54 [INFO ]  ","2021-02-13 16:03:54 [INFO ]  ","2021-02-13 16:03:54 [INFO ]  ","2021-02-13 16:03:54 [CRITI]  \u001b[31m################################################################################\u001b[39m","2021-02-13 16:03:54 [CRITI]  \u001b[31m\u001b[39m","2021-02-13 16:03:54 [CRITI]  \u001b[31mINSTALL DID NOT COMPLETE SUCCESSFULLY\u001b[39m","2021-02-13 16:03:54 [CRITI]  \u001b[31m\u001b[39m","2021-02-13 16:03:54 [CRITI]  \u001b[31mFailed to install RTC python package dependencies: Collecting crc32c==2.0.1","Using cached https://files.pythonhosted.org/packages/9e/4f/78049a7bc27fc9e23a9f7a9896554646de0ad1309510d2dbe58336d5c5cf/crc32c-2.0.1.tar.gz","Collecting aiortc","Using cached https://files.pythonhosted.org/packages/58/bc/5267cad79282ed8020032586e804ebb2f8084d972d89d3c19200de8510c4/aiortc-1.1.2.tar.gz","Requirement already satisfied: SharedArray in ./.local/lib/python3.6/site-packages","Requirement already satisfied: av in ./.local/lib/python3.6/site-packages","Collecting dataclasses","Using cached https://files.pythonhosted.org/packages/fe/ca/75fac5856ab5cfa51bbbcefa250182e50441074fdc3f803f6e76451fab43/dataclasses-0.8-py3-none-any.whl","Collecting aioice<0.8.0,>=0.7.5 (from aiortc)","Using cached https://files.pythonhosted.org/packages/5a/32/31ec785c02ac848aa4a8503b86afe63e94c6bffd0d53a758a11f1e58224b/aioice-0.7.5-py3-none-any.whl","Collecting cffi>=1.0.0 (from aiortc)","Using cached https://files.pythonhosted.org/packages/a8/20/025f59f929bbcaa579704f443a438135918484fffaacfaddba776b374563/cffi-1.14.5.tar.gz","Collecting cryptography>=2.2 (from aiortc)","Using cached https://files.pythonhosted.org/packages/27/5a/007acee0243186123a55423d49cbb5c15cb02d76dd1b6a27659a894b13a2/cryptography-3.4.4.tar.gz","Complete output from command python setup.py egg_info:","Traceback (most recent call last):","File \"<string>\", line 1, in <module>","File \"/tmp/pip-build-xz8u0_72/cryptography/setup.py\", line 14, in <module>","from setuptools_rust import RustExtension","ModuleNotFoundError: No module named 'setuptools_rust'","","=============================DEBUG ASSISTANCE==========================","If you are seeing an error here please try the following to","successfully install cryptography:","","Upgrade to the latest pip and try again. This will fix errors for most","users. See: https://pip.pypa.io/en/stable/installing/#upgrading-pip","=============================DEBUG ASSISTANCE==========================","","","----------------------------------------\u001b[39m","2021-02-13 16:03:54 [CRITI]  \u001b[31m\u001b[39m","2021-02-13 16:03:54 [CRITI]  \u001b[31m############################################################\u001b[39m","2021-02-13 16:03:54 [CRITI]  \u001b[31m\u001b[39m","2021-02-13 16:03:54 [CRITI]  \u001b[31m( NO STACK TRACE REPORTED )\u001b[39m","2021-02-13 16:03:54 [CRITI]  \u001b[31m\u001b[39m","2021-02-13 16:03:54 [CRITI]  \u001b[31m############################################################\u001b[39m","2021-02-13 16:03:54 [CRITI]  \u001b[31m\u001b[39m","2021-02-13 16:03:54 [CRITI]  \u001b[31mSTOPPING AGENT IF NECESSARY AND UNINSTALLING\u001b[39m","2021-02-13 16:03:54 [DEBUG]  \t\tEXECUTING SYSTEM COMMAND: /bin/bash -c \"sudo -n service freedomrobotics stop\"","2021-02-13 16:03:59 [DEBUG]  \t\tSTANDARD ERROR:","2021-02-13 16:03:59 [DEBUG]  \t\t\tFailed to stop freedomrobotics.service: Unit freedomrobotics.service not loaded.","2021-02-13 16:03:59 [DEBUG]  \t\tERROR RESPONSE CODE: 5, EXECUTION TIME: 4.09s","2021-02-13 16:03:59 [CRITI]  \u001b[31m    - AGENT NOT RUNNING\u001b[39m","2021-02-13 16:03:59 [DEBUG]  \t\tEXECUTING SYSTEM COMMAND: /bin/bash -c \"sudo -n systemctl daemon-reload\"","2021-02-13 16:04:00 [DEBUG]  \t\tSUCCESS RESPONSE CODE: 0, EXECUTION TIME: 0.69s","2021-02-13 16:04:00 [DEBUG]  Systemd / Systemctl are running so registering as systemd service","2021-02-13 16:04:00 [DEBUG]  \t\tEXECUTING SYSTEM COMMAND: /bin/bash -c \"/usr/bin/python3 -m pip show freedomrobotics | grep \\\"Location: \\\"\"","2021-02-13 16:04:04 [DEBUG]  \t\tSUCCESS RESPONSE CODE: 0, EXECUTION TIME: 4.21s","2021-02-13 16:04:04 [DEBUG]  \t\tEXECUTING SYSTEM COMMAND: /bin/bash -c \"/usr/bin/python3 /home/ubuntu/.local/lib/python3.6/site-packages/freedomrobotics/management/unregister_systemd_service.py\"","2021-02-13 16:04:05 [DEBUG]  \t\tSTANDARD ERROR:","2021-02-13 16:04:05 [DEBUG]  \t\t\tDEBUG:__main__:\tChecking sudo privileges","2021-02-13 16:04:05 [DEBUG]  \t\t\tDEBUG:__main__:","2021-02-13 16:04:05 [DEBUG]  \t\t\tDEBUG:__main__:################################################################################","2021-02-13 16:04:05 [DEBUG]  \t\t\tDEBUG:__main__:# UNREGISTERING Freedom Robotics system.d service","2021-02-13 16:04:05 [DEBUG]  \t\t\tDEBUG:__main__:#    INSTALLED: False","2021-02-13 16:04:05 [DEBUG]  \t\t\tDEBUG:__main__:#    RUNNING:   False","2021-02-13 16:04:05 [DEBUG]  \t\t\tDEBUG:__main__:################################################################################","2021-02-13 16:04:05 [DEBUG]  \t\t\tDEBUG:__main__:################################################################################","2021-02-13 16:04:05 [DEBUG]  \t\tSUCCESS RESPONSE CODE: 0, EXECUTION TIME: 1.22s","2021-02-13 16:04:05 [DEBUG]  Service unregistration log: ","2021-02-13 16:04:05 [CRITI]  \u001b[31m    SERVICE REMOVED\u001b[39m","2021-02-13 16:04:05 [DEBUG]  \t\tEXECUTING SYSTEM COMMAND: /bin/bash -c \"which python3\"","2021-02-13 16:04:05 [DEBUG]  \t\tSUCCESS RESPONSE CODE: 0, EXECUTION TIME: 0.01s","2021-02-13 16:04:05 [DEBUG]  \t\tEXECUTING SYSTEM COMMAND: /bin/bash -c \"/usr/bin/python3 -c 'import sys; print(\\\"{}.{}\\\".format(sys.version_info.major, sys.version_info.minor))'\"","2021-02-13 16:04:05 [DEBUG]  \t\tSUCCESS RESPONSE CODE: 0, EXECUTION TIME: 0.11s","2021-02-13 16:04:05 [DEBUG]  Using the default python3 binary: /usr/bin/python3","2021-02-13 16:04:05 [DEBUG]  \t\tEXECUTING SYSTEM COMMAND: /bin/bash -c \"/usr/bin/python3 -c 'import sys; print(\\\"{}.{}\\\".format(sys.version_info.major, sys.version_info.minor))'\"","2021-02-13 16:04:05 [DEBUG]  \t\tSUCCESS RESPONSE CODE: 0, EXECUTION TIME: 0.11s","2021-02-13 16:04:05 [DEBUG]  \t\tEXECUTING SYSTEM COMMAND: /bin/bash -c \"/usr/bin/python3 -m pip show freedomrobotics\"","2021-02-13 16:04:09 [DEBUG]  \t\tSUCCESS RESPONSE CODE: 0, EXECUTION TIME: 4.24s","2021-02-13 16:04:09 [DEBUG]  \t\tEXECUTING SYSTEM COMMAND: /bin/bash -c \"/usr/bin/python3 -m pip uninstall -y freedomrobotics\"","2021-02-13 16:04:14 [DEBUG]  \t\tSUCCESS RESPONSE CODE: 0, EXECUTION TIME: 4.41s","2021-02-13 16:04:14 [CRITI]  \u001b[31m    UNINSTALLED PACKAGE (python3.6)\u001b[39m","2021-02-13 16:04:14 [CRITI]  \u001b[31m\u001b[39m","2021-02-13 16:04:14 [CRITI]  \u001b[31mUPLOADING INSTALL ERROR REPORT\u001b[39m","2021-02-13 16:04:14 [DEBUG]  \t\tEXECUTING SYSTEM COMMAND: /bin/bash -c \"pgrep fr_agent\"","2021-02-13 16:04:14 [DEBUG]  \t\tERROR RESPONSE CODE: 1, EXECUTION TIME: 0.03s","2021-02-13 16:04:15 [DEBUG]  \t\tEXECUTING SYSTEM COMMAND: /bin/bash -c \"pgrep fr_agent\"","2021-02-13 16:04:15 [DEBUG]  \t\tERROR RESPONSE CODE: 1, EXECUTION TIME: 0.03s","2021-02-13 16:04:16 [DEBUG]  \t\tEXECUTING SYSTEM COMMAND: /bin/bash -c \"pgrep fr_agent\"","2021-02-13 16:04:16 [DEBUG]  \t\tERROR RESPONSE CODE: 1, EXECUTION TIME: 0.03s","2021-02-13 16:04:17 [DEBUG]  \t\tEXECUTING SYSTEM COMMAND: /bin/bash -c \"pgrep fr_agent\"","2021-02-13 16:04:17 [DEBUG]  \t\tERROR RESPONSE CODE: 1, EXECUTION TIME: 0.03s","2021-02-13 16:04:18 [DEBUG]  \t\tEXECUTING SYSTEM COMMAND: /bin/bash -c \"pgrep fr_agent\"","2021-02-13 16:04:18 [DEBUG]  \t\tERROR RESPONSE CODE: 1, EXECUTION TIME: 0.03s","2021-02-13 16:04:19 [DEBUG]  \t\tEXECUTING SYSTEM COMMAND: /bin/bash -c \"service_path=\\$(which service) && output=\\$( \\$service_path ssh status ) && echo \\\"\\$output\\\"\"","2021-02-13 16:04:19 [DEBUG]  \t\tSUCCESS RESPONSE CODE: 0, EXECUTION TIME: 0.07s","2021-02-13 16:04:19 [DEBUG]  \t\tEXECUTING SYSTEM COMMAND: /bin/bash -c \"/usr/bin/python3 -m pip show freedomrobotics\"","2021-02-13 16:04:23 [DEBUG]  \t\tERROR RESPONSE CODE: 1, EXECUTION TIME: 4.17s","2021-02-13 16:04:23 [DEBUG]  \t\tEXECUTING SYSTEM COMMAND: /bin/bash -c \"/usr/bin/python3 -c 'import sys; print(\\\"{}.{}\\\".format(sys.version_info.major, sys.version_info.minor))'\"","2021-02-13 16:04:23 [DEBUG]  \t\tSUCCESS RESPONSE CODE: 0, EXECUTION TIME: 0.11s","2021-02-13 16:04:23 [DEBUG]  \t\tEXECUTING SYSTEM COMMAND: /bin/bash -c \"/usr/bin/python3 -m pip show aiortc\"","2021-02-13 16:04:28 [DEBUG]  \t\tERROR RESPONSE CODE: 1, EXECUTION TIME: 4.21s","2021-02-13 16:04:28 [DEBUG]  \t\tEXECUTING SYSTEM COMMAND: /bin/bash -c \"/usr/bin/python3 -c \\\"","import warnings","warnings.filterwarnings('ignore')","import json","import platform","import sys","","try:","    import distro","except ImportError:","    # we don't have distro module","    distro = lambda: None","    distro.linux_distribution = lambda: 'Failed to get: Distro is not available.'","","try:","    from pip import __version__ as pip_version","except ImportError:","    # we don't have pip module","    pip_version = '0.0.0 (Pip is not available.)'","","try:","    from packaging import __version__ as packaging_version","except ImportError:","    # we don't have pip module","    packaging_version = '0.0.0 (Packaging is not available.)'","","try:","    from packaging import tags","    pip_supported_tags = list(tags.cpython_tags())","except ImportError:","    try:","        if pip_version < '20.1' and pip_version >= '10.0':","            from pip._internal import pep425tags","            pip_supported_tags = pep425tags.get_supported()","        elif pip_version >= '1.4':","            from pip import pep425tags","            pip_supported_tags = pep425tags.get_supported()","        else:","            pip_supported_tags = []","    except ImportError:","        pip_supported_tags = []","","if pip_supported_tags and hasattr(pip_supported_tags[0], 'platform'):","    pip_supported_tags = [(tag.interpreter, tag.abi, tag.platform) for tag in pip_supported_tags]","","print(json.dumps({","    'platform_system': platform.system(),","    'platform_release': platform.release(),","    'platform_machine': platform.machine(),","    'platform_processor': platform.processor(),","    'platform_linux_distribution': ","        platform.linux_distribution() if hasattr(platform, 'linux_distribution') else distro.linux_distribution(),","    'platform_mac_ver': platform.mac_ver(),","    'platform_uname': platform.uname(),","    'platform_python_implementation': platform.python_implementation(),","    'platform_python_version': platform.python_version(),","    'platform_python_compiler': platform.python_compiler(),","    'platform_python_build': platform.python_build(),","    'pip_supported_tags': pip_supported_tags,","    'pip_version': pip_version,","    'packaging_version': packaging_version,","}))","\\\"\"","2021-02-13 16:04:32 [DEBUG]  \t\tSUCCESS RESPONSE CODE: 0, EXECUTION TIME: 3.92s","2021-02-13 16:04:32 [DEBUG]  \t\tEXECUTING SYSTEM COMMAND: /bin/bash -c \"/usr/bin/python3 -m pip freeze\"","2021-02-13 16:04:36 [DEBUG]  \t\tSUCCESS RESPONSE CODE: 0, EXECUTION TIME: 4.40s","2021-02-13 16:04:36 [DEBUG]  \t\tEXECUTING SYSTEM COMMAND: /bin/bash -c \"runlevel\"","2021-02-13 16:04:36 [DEBUG]  \t\tSUCCESS RESPONSE CODE: 0, EXECUTION TIME: 0.02s","2021-02-13 16:04:36 [DEBUG]  \t\tEXECUTING SYSTEM COMMAND: /bin/bash -c \"dpkg-query -W -f='\\${Status} \\${Version}\\n' sudo\"","2021-02-13 16:04:36 [DEBUG]  \t\tSUCCESS RESPONSE CODE: 0, EXECUTION TIME: 0.04s","2021-02-13 16:04:36 [DEBUG]  \t\tEXECUTING SYSTEM COMMAND: /bin/bash -c \"pgrep -a ros\"","2021-02-13 16:04:36 [DEBUG]  \t\tERROR RESPONSE CODE: 1, EXECUTION TIME: 0.03s","2021-02-13 16:04:36 [DEBUG]  Command '/bin/bash -c \"pgrep -a ros\"' returned non-zero exit status 1.","2021-02-13 16:04:36 [DEBUG]  Could not detect ros processes.",""],"level":"fatal","created":"2021-02-13 16:04:36","component":"installer","times":{"install_webrtc_av_dependency":4.21,"install_prerequisites":0.38,"install_credentials":0.03,"get_wheel_package":12.43,"install_remote_ssh":0.22,"python_ssl_check":0.16,"platform_details":[3.91,3.92],"disable_old_freedomrobotics":0.0,"has_sudo_rights":0.05,"time_total_install":101,"verify_prerequisites":4.79,"local_folders_permissions_check":0.23,"install_webrtc_dependencies":27.11,"agent_running_check":5.18,"check_ros_version":0.04,"uninstall_current_agent":4.27},"requesting_token":"***B237AA86","device":"D7530172466E9EC156991C77C54","attributes":{"install_status":{"ACCOUNT":"AA2E4916C77670BAA7DA84BD4","PYTHON3.6 PACKAGE":"X","ROS SHADOW":"X","DEVICE":"D7530172466E9EC156991C77C54","REMOTE SSH":"INSTALLED","RTC DEPENDENCIES":"X","MICRO AGENT":"X"},"pip_freeze":"asn1crypto==0.24.0\nattrs==17.4.0\nAutomat==0.6.0\nav==7.0.1\nblinker==1.4\ncertifi==2018.1.18\nchardet==3.0.4\nclick==6.7\ncloud-init==20.2\ncolorama==0.3.7\ncommand-not-found==0.3\nconfigobj==5.0.6\nconstantly==15.1.0\ncryptography==2.1.4\ndistro==1.5.0\ndistro-info===0.18ubuntu0.18.04.1\nhttplib2==0.9.2\nhyperlink==17.3.1\nidna==2.6\nincremental==16.10.1\nJinja2==2.10\njsonpatch==1.16\njsonpointer==1.10\njsonschema==2.6.0\nkeyring==10.6.0\nkeyrings.alt==3.0\nlanguage-selector==0.1\nMarkupSafe==1.0\nnetifaces==0.10.4\nnumpy==1.17.5\noauthlib==2.0.6\npackaging==20.9\nPAM==0.4.2\nprotobuf==3.14.0\nprotobuf-to-dict==0.1.0\npsutil==5.8.0\npyasn1==0.4.2\npyasn1-modules==0.2.1\npycrypto==2.6.1\npygobject==3.26.1\nPyJWT==1.5.3\npyOpenSSL==17.5.0\npyparsing==2.4.7\npyserial==3.4\npython-apt==1.6.5+ubuntu0.3\npython-debian==0.1.32\npython-rapidjson==1.0\npyxdg==0.25\nPyYAML==3.12\nrequests==2.18.4\nrequests-unixsocket==0.1.5\nSecretStorage==2.3.1\nservice-identity==16.0.0\nsetproctitle==1.2.2\nSharedArray==3.2.1\nsix==1.11.0\nssh-import-id==5.7\nsystemd-python==234\nTwisted==17.9.0\nufw==0.36\nunattended-upgrades==0.1\nurllib3==1.22\nyappi==1.3.2\nzope.interface==4.3.2","code_version":"latest","debug_details":{"ros_processes":["failed to get"],"user_is_privileged":true,"sudo_available":true,"is_python_virtual_env":false,"user":"ubuntu","is_docker":false,"environment_variables":{"PATH":"/usr/local/sbin:/usr/local/bin:/usr/sbin:/usr/bin:/sbin:/bin:/usr/games:/usr/local/games:/snap/bin"},"python_bin_path":"/usr/bin/python3","run_level":"N 5"},"platform_details":{"platform_linux_distribution":["Ubuntu","18.04","bionic"],"platform_machine":"aarch64","platform_python_implementation":"CPython","packaging_version":"17.1","platform_system":"Linux","pip_version":"9.0.1","platform_processor":"aarch64","platform_release":"5.4.0-1015-raspi","platform_uname":["Linux","ubuntu","5.4.0-1015-raspi","#15~18.04.1-Ubuntu SMP Fri Jul 10 09:20:51 UTC 2020","aarch64","aarch64"],"platform_python_version":"3.6.9","platform_python_build":["default","Oct  8 2020 12:12:24"],"platform_mac_ver":["",["","",""],""],"platform_python_compiler":"GCC 8.4.0","pip_supported_tags":[["cp36","cp36m","linux_aarch64"],["cp36","abi3","linux_aarch64"],["cp36","none","linux_aarch64"],["cp35","abi3","linux_aarch64"],["cp34","abi3","linux_aarch64"],["cp33","abi3","linux_aarch64"],["cp32","abi3","linux_aarch64"],["py3","none","linux_aarch64"],["cp36","none","any"],["cp3","none","any"],["py36","none","any"],["py3","none","any"],["py35","none","any"],["py34","none","any"],["py33","none","any"],["py32","none","any"],["py31","none","any"],["py30","none","any"]]},"environment":{"country":"US","source-ip":"24.170.25.246","user-agent":"curl/7.58.0"},"code_branch":"release","token":"***B237AA86","install_elements":["webrtc"]},"message":"Failed to install RTC python package dependencies: Collecting crc32c==2.0.1\nUsing cached https://files.pythonhosted.org/packages/9e/4f/78049a7bc27fc9e23a9f7a9896554646de0ad1309510d2dbe58336d5c5cf/crc32c-2.0.1.tar.gz\nCollecting aiortc\nUsing cached https://files.pythonhosted.org/packages/58/bc/5267cad79282ed8020032586e804ebb2f8084d972d89d3c19200de8510c4/aiortc-1.1.2.tar.gz\nRequirement already satisfied: SharedArray in ./.local/lib/python3.6/site-packages\nRequirement already satisfied: av in ./.local/lib/python3.6/site-packages\nCollecting dataclasses\nUsing cached https://files.pythonhosted.org/packages/fe/ca/75fac5856ab5cfa51bbbcefa250182e50441074fdc3f803f6e76451fab43/dataclasses-0.8-py3-none-any.whl\nCollecting aioice<0.8.0,>=0.7.5 (from aiortc)\nUsing cached https://files.pythonhosted.org/packages/5a/32/31ec785c02ac848aa4a8503b86afe63e94c6bffd0d53a758a11f1e58224b/aioice-0.7.5-py3-none-any.whl\nCollecting cffi>=1.0.0 (from aiortc)\nUsing cached https://files.pythonhosted.org/packages/a8/20/025f59f929bbcaa579704f443a438135918484fffaacfaddba776b374563/cffi-1.14.5.tar.gz\nCollecting cryptography>=2.2 (from aiortc)\nUsing cached https://files.pythonhosted.org/packages/27/5a/007acee0243186123a55423d49cbb5c15cb02d76dd1b6a27659a894b13a2/cryptography-3.4.4.tar.gz\nComplete output from command python setup.py egg_info:\nTraceback (most recent call last):\nFile \"<string>\", line 1, in <module>\nFile \"/tmp/pip-build-xz8u0_72/cryptography/setup.py\", line 14, in <module>\nfrom setuptools_rust import RustExtension\nModuleNotFoundError: No module named 'setuptools_rust'\n\n=============================DEBUG ASSISTANCE==========================\nIf you are seeing an error here please try the following to\nsuccessfully install cryptography:\n\nUpgrade to the latest pip and try again. This will fix errors for most\nusers. See: https://pip.pypa.io/en/stable/installing/#upgrading-pip\n=============================DEBUG ASSISTANCE==========================\n\n\n----------------------------------------","device_name":"Default","issue":"MTYxMzIzMjI3Ni45NDk4MDU2","account_name":"Freedom Industries (h+demos@freedomrobotics.ai)","requesting_token_type":"device"}}
2021-02-13 16:04:37 [CRITI]  [31m    COMPLETE[39m
2021-02-13 16:04:37 [CRITI]  [31m[39m
2021-02-13 16:04:37 [CRITI]  [31m################################################################################[39m
