2022-01-23 18:06:30 [INFO ]  ################################################################################
2022-01-23 18:06:30 [INFO ]  
2022-01-23 18:06:30 [INFO ]  Installing FREEDOM ROBOTICS Micro Service
2022-01-23 18:06:30 [INFO ]  
2022-01-23 18:06:30 [INFO ]  Copyright Freedom Robotics Inc 2021. All rights reserved. Confidential.
2022-01-23 18:06:30 [INFO ]  
2022-01-23 18:06:30 [INFO ]  ################################################################################
2022-01-23 18:06:30 [DEBUG]  		EXECUTING SYSTEM COMMAND: /bin/bash -c "whoami"
2022-01-23 18:06:30 [DEBUG]  		SUCCESS RESPONSE CODE: 0, EXECUTION TIME: 0.02s
2022-01-23 18:06:30 [DEBUG]  		EXECUTING SYSTEM COMMAND: /bin/bash -c "sudo -nv"
2022-01-23 18:06:30 [DEBUG]  		STANDARD ERROR:
2022-01-23 18:06:30 [DEBUG]  			sudo: a password is required
2022-01-23 18:06:30 [DEBUG]  		ERROR RESPONSE CODE: 1, EXECUTION TIME: 0.03s
2022-01-23 18:06:30 [INFO ]  
2022-01-23 18:06:30 [INFO ]  Please enter the sudo password to enable install to set up the
Freedom SYSTEM SERVICE, Remote SSH, etc... for the Freedom Agent.
(This will time out after 60 seconds and continue without installing
the services.)
2022-01-23 18:06:30 [INFO ]  
2022-01-23 18:06:30 [DEBUG]  		EXECUTING SYSTEM COMMAND: /bin/bash -c "sudo -v"
2022-01-23 18:06:33 [DEBUG]  		SUCCESS RESPONSE CODE: 0, EXECUTION TIME: 2.96s
2022-01-23 18:06:35 [DEBUG]  		EXECUTING SYSTEM COMMAND: /bin/bash -c "sudo -nv"
2022-01-23 18:06:35 [DEBUG]  		SUCCESS RESPONSE CODE: 0, EXECUTION TIME: 0.03s
2022-01-23 18:06:35 [INFO ]  
2022-01-23 18:06:35 [INFO ]  ################################################################################
2022-01-23 18:06:35 [INFO ]  
2022-01-23 18:06:35 [INFO ]  Step 1/6: VERIFYING PREREQUISITES
2022-01-23 18:06:35 [DEBUG]  		EXECUTING SYSTEM COMMAND: /bin/bash -c "sudo -n apt-get update"
2022-01-23 18:07:00 [DEBUG]  		SUCCESS RESPONSE CODE: 0, EXECUTION TIME: 25.48s
2022-01-23 18:07:00 [DEBUG]  		EXECUTING SYSTEM COMMAND: /bin/bash -c "sudo -n apt-get install -y python3-distro"
2022-01-23 18:07:02 [DEBUG]  		SUCCESS RESPONSE CODE: 0, EXECUTION TIME: 1.68s
2022-01-23 18:07:02 [DEBUG]  		EXECUTING SYSTEM COMMAND: /bin/bash -c "/usr/bin/python3 -m pip &> /dev/null"
2022-01-23 18:07:04 [DEBUG]  		SUCCESS RESPONSE CODE: 0, EXECUTION TIME: 1.75s
2022-01-23 18:07:05 [DEBUG]  Urllib2 can be use for ssl communication.
2022-01-23 18:07:05 [DEBUG]  		EXECUTING SYSTEM COMMAND: /bin/bash -c "dpkg-query -W -f='\${Status} \${Version}\n' python3-dev"
2022-01-23 18:07:05 [DEBUG]  		SUCCESS RESPONSE CODE: 0, EXECUTION TIME: 0.07s
2022-01-23 18:07:05 [DEBUG]  		EXECUTING SYSTEM COMMAND: /bin/bash -c "dpkg-query -W -f='\${Status} \${Version}\n' pkg-config"
2022-01-23 18:07:05 [DEBUG]  		SUCCESS RESPONSE CODE: 0, EXECUTION TIME: 0.06s
2022-01-23 18:07:05 [DEBUG]  		EXECUTING SYSTEM COMMAND: /bin/bash -c "dpkg-query -W -f='\${Status} \${Version}\n' libffi-dev"
2022-01-23 18:07:05 [DEBUG]  		SUCCESS RESPONSE CODE: 0, EXECUTION TIME: 0.06s
2022-01-23 18:07:05 [DEBUG]  		EXECUTING SYSTEM COMMAND: /bin/bash -c "dpkg-query -W -f='\${Status} \${Version}\n' libssl-dev"
2022-01-23 18:07:05 [DEBUG]  		SUCCESS RESPONSE CODE: 0, EXECUTION TIME: 0.07s
2022-01-23 18:07:05 [DEBUG]  		EXECUTING SYSTEM COMMAND: /bin/bash -c "dpkg-query -W -f='\${Status} \${Version}\n' libopus-dev"
2022-01-23 18:07:05 [DEBUG]  		SUCCESS RESPONSE CODE: 0, EXECUTION TIME: 0.06s
2022-01-23 18:07:05 [DEBUG]  		EXECUTING SYSTEM COMMAND: /bin/bash -c "dpkg-query -W -f='\${Status} \${Version}\n' libvpx-dev"
2022-01-23 18:07:05 [DEBUG]  		SUCCESS RESPONSE CODE: 0, EXECUTION TIME: 0.07s
2022-01-23 18:07:05 [DEBUG]  		EXECUTING SYSTEM COMMAND: /bin/bash -c "dpkg-query -W -f='\${Status} \${Version}\n' libsrtp2-dev"
2022-01-23 18:07:05 [DEBUG]  		SUCCESS RESPONSE CODE: 0, EXECUTION TIME: 0.06s
2022-01-23 18:07:05 [DEBUG]  		EXECUTING SYSTEM COMMAND: /bin/bash -c "dpkg-query -W -f='\${Status} \${Version}\n' python3-dev"
2022-01-23 18:07:05 [DEBUG]  		SUCCESS RESPONSE CODE: 0, EXECUTION TIME: 0.07s
2022-01-23 18:07:05 [DEBUG]  		EXECUTING SYSTEM COMMAND: /bin/bash -c "pkg-config --modversion libsrtp2"
2022-01-23 18:07:05 [DEBUG]  		SUCCESS RESPONSE CODE: 0, EXECUTION TIME: 0.02s
2022-01-23 18:07:05 [DEBUG]  Found library libsrtp2 installed at version 2.1.0
2022-01-23 18:07:05 [INFO ]      COMPLETE
2022-01-23 18:07:05 [INFO ]  
2022-01-23 18:07:05 [INFO ]  Step 2/6: INSTALLING CREDENTIALS
2022-01-23 18:07:05 [DEBUG]  		EXECUTING SYSTEM COMMAND: /bin/bash -c "mkdir -p  /home/ubuntu/.config/freedomrobotics ; echo '{
    \"url\": \"https://api.freedomrobotics.ai/\",
    \"account\": \"A139C78C471C762F34F31F8DD\",
    \"device\": \"D36F4D9E51F228A3B221D203CB1\",
    \"token\": \"T75C1B5B117DC4D3B10FF66D2\",
    \"secret\": \"Sba3d5cac23922366f0404026\",
    \"code_branch\": \"release\",
    \"install_elements\": [
        \"webrtc\"
    ],
    \"configuration\": {
        \"webrtc_local_port\": 5540,
        \"measurements\": {
            \"enabled\": [
                \"gpu\",
                \"network\",
                \"platform\",
                \"processes\",
                \"resources\",
                \"ros\",
                \"webrtc\"
            ],
            \"disabled\": [],
            \"details\": \"If a measurement is mentioned in both lists, it will be disabled, andif it is not mentioned in any of the lists, it will be enabled.\"
        }
    },
    \"log_level\": \"INFO\"
}' > /home/ubuntu/.config/freedomrobotics/credentials"
2022-01-23 18:07:05 [DEBUG]  		SUCCESS RESPONSE CODE: 0, EXECUTION TIME: 0.02s
2022-01-23 18:07:05 [INFO ]      COMPLETE
2022-01-23 18:07:05 [INFO ]  
2022-01-23 18:07:05 [INFO ]  Step 3/6: REMOTE CONNECTION
2022-01-23 18:07:05 [DEBUG]  Installing Remote SSH
2022-01-23 18:07:05 [DEBUG]      SSH Tunnel already installed
2022-01-23 18:07:05 [DEBUG]  		EXECUTING SYSTEM COMMAND: /bin/bash -c "/home/ubuntu/.config/freedomrobotics/ssh/ngrok authtoken 5mYNtDswTRChsKRZB7KCX_4UbxchYqyjmGGbc2Qkuc3"
2022-01-23 18:07:05 [DEBUG]  		SUCCESS RESPONSE CODE: 0, EXECUTION TIME: 0.05s
2022-01-23 18:07:05 [DEBUG]      Authenticated SSH Tunnel
2022-01-23 18:07:05 [DEBUG]  		EXECUTING SYSTEM COMMAND: /bin/bash -c "service_path=\$(which service) && output=\$( \$service_path ssh status ) && echo \"\$output\""
2022-01-23 18:07:06 [DEBUG]  		SUCCESS RESPONSE CODE: 0, EXECUTION TIME: 0.08s
2022-01-23 18:07:06 [DEBUG]      SSH Server is already installed and running. Will skip install.
2022-01-23 18:07:06 [DEBUG]  		EXECUTING SYSTEM COMMAND: /bin/bash -c "service_path=\$(which service) && output=\$( \$service_path ssh status ) && echo \"\$output\""
2022-01-23 18:07:06 [DEBUG]  		SUCCESS RESPONSE CODE: 0, EXECUTION TIME: 0.08s
2022-01-23 18:07:06 [INFO ]      COMPLETE
2022-01-23 18:07:06 [DEBUG]  		EXECUTING SYSTEM COMMAND: /bin/bash -c "cat /etc/ssh/sshd_config | grep PasswordAuthentication"
2022-01-23 18:07:06 [DEBUG]  		SUCCESS RESPONSE CODE: 0, EXECUTION TIME: 0.02s
2022-01-23 18:07:06 [DEBUG]  PasswordAuthentication: ['PasswordAuthentication yes', '# PasswordAuthentication.  Depending on your PAM configuration,', '# PAM authentication, then enable this but set PasswordAuthentication']
2022-01-23 18:07:06 [DEBUG]  		EXECUTING SYSTEM COMMAND: /bin/bash -c "passwd --status ubuntu"
2022-01-23 18:07:06 [DEBUG]  		SUCCESS RESPONSE CODE: 0, EXECUTION TIME: 0.02s
2022-01-23 18:07:06 [DEBUG]  password_status: ubuntu P 02/11/2021 0 99999 7 -1
2022-01-23 18:07:06 [DEBUG]  User `ubuntu` should be able to ssh with its password.
2022-01-23 18:07:06 [INFO ]  
2022-01-23 18:07:06 [DEBUG]  		EXECUTING SYSTEM COMMAND: /bin/bash -c "find /opt/ros/ -name life_support.py"
2022-01-23 18:07:06 [DEBUG]  		SUCCESS RESPONSE CODE: 0, EXECUTION TIME: 0.11s
2022-01-23 18:07:06 [DEBUG]  Old version of Freedom Robotics is not installed
2022-01-23 18:07:06 [DEBUG]  		EXECUTING SYSTEM COMMAND: /bin/bash -c "/usr/bin/python3 -c 'import sys; print(\"{}.{}\".format(sys.version_info.major, sys.version_info.minor))'"
2022-01-23 18:07:06 [DEBUG]  		SUCCESS RESPONSE CODE: 0, EXECUTION TIME: 0.11s
2022-01-23 18:07:06 [INFO ]  Step 4/6: INSTALLING PACKAGE (python3.6)
2022-01-23 18:07:06 [DEBUG]  Using python3.6 from path: /usr/bin/python3
2022-01-23 18:07:06 [DEBUG]  		EXECUTING SYSTEM COMMAND: /bin/bash -c "/usr/bin/python3 -c 'import sys; print(\"{}.{}\".format(sys.version_info.major, sys.version_info.minor))'"
2022-01-23 18:07:06 [DEBUG]  		SUCCESS RESPONSE CODE: 0, EXECUTION TIME: 0.11s
2022-01-23 18:07:06 [DEBUG]  		EXECUTING SYSTEM COMMAND: /bin/bash -c "/usr/bin/python3 -m pip show freedomrobotics | grep \"Location: \""
2022-01-23 18:07:08 [DEBUG]  		SUCCESS RESPONSE CODE: 0, EXECUTION TIME: 2.35s
2022-01-23 18:07:08 [DEBUG]  Stopping freedomrobotics service
2022-01-23 18:07:08 [DEBUG]  		EXECUTING SYSTEM COMMAND: /bin/bash -c "sudo -n service freedomrobotics stop"
2022-01-23 18:07:24 [DEBUG]  		SUCCESS RESPONSE CODE: 0, EXECUTION TIME: 16.07s
2022-01-23 18:07:24 [DEBUG]  Trying to uninstall freedomrobotics python3.6 package.
2022-01-23 18:07:24 [DEBUG]  		EXECUTING SYSTEM COMMAND: /bin/bash -c "/usr/bin/python3 -m pip uninstall -y freedomrobotics"
2022-01-23 18:07:27 [DEBUG]  		STANDARD ERROR:
2022-01-23 18:07:27 [DEBUG]  			/usr/lib/python3/dist-packages/secretstorage/dhcrypto.py:15: CryptographyDeprecationWarning: int_from_bytes is deprecated, use int.from_bytes instead
2022-01-23 18:07:27 [DEBUG]  			from cryptography.utils import int_from_bytes
2022-01-23 18:07:27 [DEBUG]  			/usr/lib/python3/dist-packages/secretstorage/util.py:19: CryptographyDeprecationWarning: int_from_bytes is deprecated, use int.from_bytes instead
2022-01-23 18:07:27 [DEBUG]  			from cryptography.utils import int_from_bytes
2022-01-23 18:07:27 [DEBUG]  		SUCCESS RESPONSE CODE: 0, EXECUTION TIME: 2.86s
2022-01-23 18:07:27 [DEBUG]  Uninstalled previous freedomrobotics python3.6 package
2022-01-23 18:07:27 [DEBUG]  		EXECUTING SYSTEM COMMAND: /bin/bash -c "/usr/bin/python3 -c 'import sys
import os
if (hasattr(sys, \"base_prefix\") and sys.base_prefix != sys.prefix) or hasattr(sys, \"real_prefix\") or os.environ.get(\"CONDA_PREFIX\"):
    print(\"Detected we are dealing with a virtual environment for /usr/bin/python3\")'"
2022-01-23 18:07:27 [DEBUG]  		SUCCESS RESPONSE CODE: 0, EXECUTION TIME: 0.11s
2022-01-23 18:07:27 [DEBUG]  		EXECUTING SYSTEM COMMAND: /bin/bash -c "/usr/bin/python3 -m pip show numpy | grep \"Version: \""
2022-01-23 18:07:30 [DEBUG]  		SUCCESS RESPONSE CODE: 0, EXECUTION TIME: 2.28s
2022-01-23 18:07:30 [DEBUG]  		EXECUTING SYSTEM COMMAND: /bin/bash -c "/usr/bin/python3 -m pip install --user SharedArray"
2022-01-23 18:07:33 [DEBUG]  		STANDARD ERROR:
2022-01-23 18:07:33 [DEBUG]  			/usr/lib/python3/dist-packages/secretstorage/dhcrypto.py:15: CryptographyDeprecationWarning: int_from_bytes is deprecated, use int.from_bytes instead
2022-01-23 18:07:33 [DEBUG]  			from cryptography.utils import int_from_bytes
2022-01-23 18:07:33 [DEBUG]  			/usr/lib/python3/dist-packages/secretstorage/util.py:19: CryptographyDeprecationWarning: int_from_bytes is deprecated, use int.from_bytes instead
2022-01-23 18:07:33 [DEBUG]  			from cryptography.utils import int_from_bytes
2022-01-23 18:07:33 [DEBUG]  		SUCCESS RESPONSE CODE: 0, EXECUTION TIME: 3.69s
2022-01-23 18:07:33 [DEBUG]  Preparing to install agent from wheel package.
2022-01-23 18:07:33 [DEBUG]  		EXECUTING SYSTEM COMMAND: /bin/bash -c "/usr/bin/python3 -c 'import sys; print(\"{}.{}\".format(sys.version_info.major, sys.version_info.minor))'"
2022-01-23 18:07:33 [DEBUG]  		SUCCESS RESPONSE CODE: 0, EXECUTION TIME: 0.11s
2022-01-23 18:07:33 [DEBUG]  		EXECUTING SYSTEM COMMAND: /bin/bash -c "/usr/bin/python3 -m pip install --user \"packaging>=20.0\""
2022-01-23 18:07:38 [DEBUG]  		STANDARD ERROR:
2022-01-23 18:07:38 [DEBUG]  			/usr/lib/python3/dist-packages/secretstorage/dhcrypto.py:15: CryptographyDeprecationWarning: int_from_bytes is deprecated, use int.from_bytes instead
2022-01-23 18:07:38 [DEBUG]  			from cryptography.utils import int_from_bytes
2022-01-23 18:07:38 [DEBUG]  			/usr/lib/python3/dist-packages/secretstorage/util.py:19: CryptographyDeprecationWarning: int_from_bytes is deprecated, use int.from_bytes instead
2022-01-23 18:07:38 [DEBUG]  			from cryptography.utils import int_from_bytes
2022-01-23 18:07:38 [DEBUG]  		SUCCESS RESPONSE CODE: 0, EXECUTION TIME: 4.11s
2022-01-23 18:07:38 [DEBUG]  		EXECUTING SYSTEM COMMAND: /bin/bash -c "/usr/bin/python3 -c \"
import warnings
warnings.filterwarnings('ignore')
import json
import platform
import sys

try:
    import distro
except ImportError:
    # we don't have distro module
    distro = lambda: None
    distro.linux_distribution = lambda: 'Failed to get: Distro is not available.'

try:
    from pip import __version__ as pip_version
except ImportError:
    # we don't have pip module
    pip_version = '0.0.0 (Pip is not available.)'

try:
    from packaging import __version__ as packaging_version
except ImportError:
    # we don't have pip module
    packaging_version = '0.0.0 (Packaging is not available.)'

try:
    from packaging import tags
    pip_supported_tags = list(tags.cpython_tags())
except ImportError:
    try:
        if pip_version < '20.1' and pip_version >= '10.0':
            from pip._internal import pep425tags
            pip_supported_tags = pep425tags.get_supported()
        elif pip_version >= '1.4':
            from pip import pep425tags
            pip_supported_tags = pep425tags.get_supported()
        else:
            pip_supported_tags = []
    except ImportError:
        pip_supported_tags = []

if pip_supported_tags and hasattr(pip_supported_tags[0], 'platform'):
    pip_supported_tags = [(tag.interpreter, tag.abi, tag.platform) for tag in pip_supported_tags]

print(json.dumps({
    'platform_system': platform.system(),
    'platform_release': platform.release(),
    'platform_machine': platform.machine(),
    'platform_processor': platform.processor(),
    'platform_linux_distribution': 
        platform.linux_distribution() if hasattr(platform, 'linux_distribution') else distro.linux_distribution(),
    'platform_mac_ver': platform.mac_ver(),
    'platform_uname': platform.uname(),
    'platform_python_implementation': platform.python_implementation(),
    'platform_python_version': platform.python_version(),
    'platform_python_compiler': platform.python_compiler(),
    'platform_python_build': platform.python_build(),
    'pip_supported_tags': pip_supported_tags,
    'pip_version': pip_version,
    'packaging_version': packaging_version,
}))
\""
2022-01-23 18:07:38 [DEBUG]  		SUCCESS RESPONSE CODE: 0, EXECUTION TIME: 0.30s
2022-01-23 18:07:38 [DEBUG]  Collected next system details: {'platform_system': 'Linux', 'platform_release': '5.4.0-1047-raspi', 'platform_machine': 'aarch64', 'platform_processor': 'aarch64', 'platform_linux_distribution': ['Ubuntu', '18.04', 'bionic'], 'platform_mac_ver': ['', ['', '', ''], ''], 'platform_uname': ['Linux', 'ubuntu', '5.4.0-1047-raspi', '#52~18.04.1-Ubuntu SMP PREEMPT Wed Nov 24 12:29:36 UTC 2021', 'aarch64', 'aarch64'], 'platform_python_implementation': 'CPython', 'platform_python_version': '3.6.9', 'platform_python_compiler': 'GCC 8.4.0', 'platform_python_build': ['default', 'Dec  8 2021 21:08:43'], 'pip_supported_tags': [['cp36', 'cp36m', 'manylinux_2_27_aarch64'], ['cp36', 'cp36m', 'manylinux_2_26_aarch64'], ['cp36', 'cp36m', 'manylinux_2_25_aarch64'], ['cp36', 'cp36m', 'manylinux_2_24_aarch64'], ['cp36', 'cp36m', 'manylinux_2_23_aarch64'], ['cp36', 'cp36m', 'manylinux_2_22_aarch64'], ['cp36', 'cp36m', 'manylinux_2_21_aarch64'], ['cp36', 'cp36m', 'manylinux_2_20_aarch64'], ['cp36', 'cp36m', 'manylinux_2_19_aarch64'], ['cp36', 'cp36m', 'manylinux_2_18_aarch64'], ['cp36', 'cp36m', 'manylinux_2_17_aarch64'], ['cp36', 'cp36m', 'manylinux2014_aarch64'], ['cp36', 'cp36m', 'linux_aarch64'], ['cp36', 'abi3', 'manylinux_2_27_aarch64'], ['cp36', 'abi3', 'manylinux_2_26_aarch64'], ['cp36', 'abi3', 'manylinux_2_25_aarch64'], ['cp36', 'abi3', 'manylinux_2_24_aarch64'], ['cp36', 'abi3', 'manylinux_2_23_aarch64'], ['cp36', 'abi3', 'manylinux_2_22_aarch64'], ['cp36', 'abi3', 'manylinux_2_21_aarch64'], ['cp36', 'abi3', 'manylinux_2_20_aarch64'], ['cp36', 'abi3', 'manylinux_2_19_aarch64'], ['cp36', 'abi3', 'manylinux_2_18_aarch64'], ['cp36', 'abi3', 'manylinux_2_17_aarch64'], ['cp36', 'abi3', 'manylinux2014_aarch64'], ['cp36', 'abi3', 'linux_aarch64'], ['cp36', 'none', 'manylinux_2_27_aarch64'], ['cp36', 'none', 'manylinux_2_26_aarch64'], ['cp36', 'none', 'manylinux_2_25_aarch64'], ['cp36', 'none', 'manylinux_2_24_aarch64'], ['cp36', 'none', 'manylinux_2_23_aarch64'], ['cp36', 'none', 'manylinux_2_22_aarch64'], ['cp36', 'none', 'manylinux_2_21_aarch64'], ['cp36', 'none', 'manylinux_2_20_aarch64'], ['cp36', 'none', 'manylinux_2_19_aarch64'], ['cp36', 'none', 'manylinux_2_18_aarch64'], ['cp36', 'none', 'manylinux_2_17_aarch64'], ['cp36', 'none', 'manylinux2014_aarch64'], ['cp36', 'none', 'linux_aarch64'], ['cp35', 'abi3', 'manylinux_2_27_aarch64'], ['cp35', 'abi3', 'manylinux_2_26_aarch64'], ['cp35', 'abi3', 'manylinux_2_25_aarch64'], ['cp35', 'abi3', 'manylinux_2_24_aarch64'], ['cp35', 'abi3', 'manylinux_2_23_aarch64'], ['cp35', 'abi3', 'manylinux_2_22_aarch64'], ['cp35', 'abi3', 'manylinux_2_21_aarch64'], ['cp35', 'abi3', 'manylinux_2_20_aarch64'], ['cp35', 'abi3', 'manylinux_2_19_aarch64'], ['cp35', 'abi3', 'manylinux_2_18_aarch64'], ['cp35', 'abi3', 'manylinux_2_17_aarch64'], ['cp35', 'abi3', 'manylinux2014_aarch64'], ['cp35', 'abi3', 'linux_aarch64'], ['cp34', 'abi3', 'manylinux_2_27_aarch64'], ['cp34', 'abi3', 'manylinux_2_26_aarch64'], ['cp34', 'abi3', 'manylinux_2_25_aarch64'], ['cp34', 'abi3', 'manylinux_2_24_aarch64'], ['cp34', 'abi3', 'manylinux_2_23_aarch64'], ['cp34', 'abi3', 'manylinux_2_22_aarch64'], ['cp34', 'abi3', 'manylinux_2_21_aarch64'], ['cp34', 'abi3', 'manylinux_2_20_aarch64'], ['cp34', 'abi3', 'manylinux_2_19_aarch64'], ['cp34', 'abi3', 'manylinux_2_18_aarch64'], ['cp34', 'abi3', 'manylinux_2_17_aarch64'], ['cp34', 'abi3', 'manylinux2014_aarch64'], ['cp34', 'abi3', 'linux_aarch64'], ['cp33', 'abi3', 'manylinux_2_27_aarch64'], ['cp33', 'abi3', 'manylinux_2_26_aarch64'], ['cp33', 'abi3', 'manylinux_2_25_aarch64'], ['cp33', 'abi3', 'manylinux_2_24_aarch64'], ['cp33', 'abi3', 'manylinux_2_23_aarch64'], ['cp33', 'abi3', 'manylinux_2_22_aarch64'], ['cp33', 'abi3', 'manylinux_2_21_aarch64'], ['cp33', 'abi3', 'manylinux_2_20_aarch64'], ['cp33', 'abi3', 'manylinux_2_19_aarch64'], ['cp33', 'abi3', 'manylinux_2_18_aarch64'], ['cp33', 'abi3', 'manylinux_2_17_aarch64'], ['cp33', 'abi3', 'manylinux2014_aarch64'], ['cp33', 'abi3', 'linux_aarch64'], ['cp32', 'abi3', 'manylinux_2_27_aarch64'], ['cp32', 'abi3', 'manylinux_2_26_aarch64'], ['cp32', 'abi3', 'manylinux_2_25_aarch64'], ['cp32', 'abi3', 'manylinux_2_24_aarch64'], ['cp32', 'abi3', 'manylinux_2_23_aarch64'], ['cp32', 'abi3', 'manylinux_2_22_aarch64'], ['cp32', 'abi3', 'manylinux_2_21_aarch64'], ['cp32', 'abi3', 'manylinux_2_20_aarch64'], ['cp32', 'abi3', 'manylinux_2_19_aarch64'], ['cp32', 'abi3', 'manylinux_2_18_aarch64'], ['cp32', 'abi3', 'manylinux_2_17_aarch64'], ['cp32', 'abi3', 'manylinux2014_aarch64'], ['cp32', 'abi3', 'linux_aarch64']], 'pip_version': '21.3.1', 'packaging_version': '20.9', 'agent_version': 'latest', 'code_branch': 'release'}
2022-01-23 18:07:38 [DEBUG]  		EXECUTING SYSTEM COMMAND: /bin/bash -c "curl -sS -X POST -H 'content-type: application/json' -H 'mc_token: T75C1B5B117DC4D3B10FF66D2' -H 'mc_secret: Sba3d5cac23922366f0404026' -d '{\"platform_system\": \"Linux\", \"platform_release\": \"5.4.0-1047-raspi\", \"platform_machine\": \"aarch64\", \"platform_processor\": \"aarch64\", \"platform_linux_distribution\": [\"Ubuntu\", \"18.04\", \"bionic\"], \"platform_mac_ver\": [\"\", [\"\", \"\", \"\"], \"\"], \"platform_uname\": [\"Linux\", \"ubuntu\", \"5.4.0-1047-raspi\", \"#52~18.04.1-Ubuntu SMP PREEMPT Wed Nov 24 12:29:36 UTC 2021\", \"aarch64\", \"aarch64\"], \"platform_python_implementation\": \"CPython\", \"platform_python_version\": \"3.6.9\", \"platform_python_compiler\": \"GCC 8.4.0\", \"platform_python_build\": [\"default\", \"Dec  8 2021 21:08:43\"], \"pip_supported_tags\": [[\"cp36\", \"cp36m\", \"manylinux_2_27_aarch64\"], [\"cp36\", \"cp36m\", \"manylinux_2_26_aarch64\"], [\"cp36\", \"cp36m\", \"manylinux_2_25_aarch64\"], [\"cp36\", \"cp36m\", \"manylinux_2_24_aarch64\"], [\"cp36\", \"cp36m\", \"manylinux_2_23_aarch64\"], [\"cp36\", \"cp36m\", \"manylinux_2_22_aarch64\"], [\"cp36\", \"cp36m\", \"manylinux_2_21_aarch64\"], [\"cp36\", \"cp36m\", \"manylinux_2_20_aarch64\"], [\"cp36\", \"cp36m\", \"manylinux_2_19_aarch64\"], [\"cp36\", \"cp36m\", \"manylinux_2_18_aarch64\"], [\"cp36\", \"cp36m\", \"manylinux_2_17_aarch64\"], [\"cp36\", \"cp36m\", \"manylinux2014_aarch64\"], [\"cp36\", \"cp36m\", \"linux_aarch64\"], [\"cp36\", \"abi3\", \"manylinux_2_27_aarch64\"], [\"cp36\", \"abi3\", \"manylinux_2_26_aarch64\"], [\"cp36\", \"abi3\", \"manylinux_2_25_aarch64\"], [\"cp36\", \"abi3\", \"manylinux_2_24_aarch64\"], [\"cp36\", \"abi3\", \"manylinux_2_23_aarch64\"], [\"cp36\", \"abi3\", \"manylinux_2_22_aarch64\"], [\"cp36\", \"abi3\", \"manylinux_2_21_aarch64\"], [\"cp36\", \"abi3\", \"manylinux_2_20_aarch64\"], [\"cp36\", \"abi3\", \"manylinux_2_19_aarch64\"], [\"cp36\", \"abi3\", \"manylinux_2_18_aarch64\"], [\"cp36\", \"abi3\", \"manylinux_2_17_aarch64\"], [\"cp36\", \"abi3\", \"manylinux2014_aarch64\"], [\"cp36\", \"abi3\", \"linux_aarch64\"], [\"cp36\", \"none\", \"manylinux_2_27_aarch64\"], [\"cp36\", \"none\", \"manylinux_2_26_aarch64\"], [\"cp36\", \"none\", \"manylinux_2_25_aarch64\"], [\"cp36\", \"none\", \"manylinux_2_24_aarch64\"], [\"cp36\", \"none\", \"manylinux_2_23_aarch64\"], [\"cp36\", \"none\", \"manylinux_2_22_aarch64\"], [\"cp36\", \"none\", \"manylinux_2_21_aarch64\"], [\"cp36\", \"none\", \"manylinux_2_20_aarch64\"], [\"cp36\", \"none\", \"manylinux_2_19_aarch64\"], [\"cp36\", \"none\", \"manylinux_2_18_aarch64\"], [\"cp36\", \"none\", \"manylinux_2_17_aarch64\"], [\"cp36\", \"none\", \"manylinux2014_aarch64\"], [\"cp36\", \"none\", \"linux_aarch64\"], [\"cp35\", \"abi3\", \"manylinux_2_27_aarch64\"], [\"cp35\", \"abi3\", \"manylinux_2_26_aarch64\"], [\"cp35\", \"abi3\", \"manylinux_2_25_aarch64\"], [\"cp35\", \"abi3\", \"manylinux_2_24_aarch64\"], [\"cp35\", \"abi3\", \"manylinux_2_23_aarch64\"], [\"cp35\", \"abi3\", \"manylinux_2_22_aarch64\"], [\"cp35\", \"abi3\", \"manylinux_2_21_aarch64\"], [\"cp35\", \"abi3\", \"manylinux_2_20_aarch64\"], [\"cp35\", \"abi3\", \"manylinux_2_19_aarch64\"], [\"cp35\", \"abi3\", \"manylinux_2_18_aarch64\"], [\"cp35\", \"abi3\", \"manylinux_2_17_aarch64\"], [\"cp35\", \"abi3\", \"manylinux2014_aarch64\"], [\"cp35\", \"abi3\", \"linux_aarch64\"], [\"cp34\", \"abi3\", \"manylinux_2_27_aarch64\"], [\"cp34\", \"abi3\", \"manylinux_2_26_aarch64\"], [\"cp34\", \"abi3\", \"manylinux_2_25_aarch64\"], [\"cp34\", \"abi3\", \"manylinux_2_24_aarch64\"], [\"cp34\", \"abi3\", \"manylinux_2_23_aarch64\"], [\"cp34\", \"abi3\", \"manylinux_2_22_aarch64\"], [\"cp34\", \"abi3\", \"manylinux_2_21_aarch64\"], [\"cp34\", \"abi3\", \"manylinux_2_20_aarch64\"], [\"cp34\", \"abi3\", \"manylinux_2_19_aarch64\"], [\"cp34\", \"abi3\", \"manylinux_2_18_aarch64\"], [\"cp34\", \"abi3\", \"manylinux_2_17_aarch64\"], [\"cp34\", \"abi3\", \"manylinux2014_aarch64\"], [\"cp34\", \"abi3\", \"linux_aarch64\"], [\"cp33\", \"abi3\", \"manylinux_2_27_aarch64\"], [\"cp33\", \"abi3\", \"manylinux_2_26_aarch64\"], [\"cp33\", \"abi3\", \"manylinux_2_25_aarch64\"], [\"cp33\", \"abi3\", \"manylinux_2_24_aarch64\"], [\"cp33\", \"abi3\", \"manylinux_2_23_aarch64\"], [\"cp33\", \"abi3\", \"manylinux_2_22_aarch64\"], [\"cp33\", \"abi3\", \"manylinux_2_21_aarch64\"], [\"cp33\", \"abi3\", \"manylinux_2_20_aarch64\"], [\"cp33\", \"abi3\", \"manylinux_2_19_aarch64\"], [\"cp33\", \"abi3\", \"manylinux_2_18_aarch64\"], [\"cp33\", \"abi3\", \"manylinux_2_17_aarch64\"], [\"cp33\", \"abi3\", \"manylinux2014_aarch64\"], [\"cp33\", \"abi3\", \"linux_aarch64\"], [\"cp32\", \"abi3\", \"manylinux_2_27_aarch64\"], [\"cp32\", \"abi3\", \"manylinux_2_26_aarch64\"], [\"cp32\", \"abi3\", \"manylinux_2_25_aarch64\"], [\"cp32\", \"abi3\", \"manylinux_2_24_aarch64\"], [\"cp32\", \"abi3\", \"manylinux_2_23_aarch64\"], [\"cp32\", \"abi3\", \"manylinux_2_22_aarch64\"], [\"cp32\", \"abi3\", \"manylinux_2_21_aarch64\"], [\"cp32\", \"abi3\", \"manylinux_2_20_aarch64\"], [\"cp32\", \"abi3\", \"manylinux_2_19_aarch64\"], [\"cp32\", \"abi3\", \"manylinux_2_18_aarch64\"], [\"cp32\", \"abi3\", \"manylinux_2_17_aarch64\"], [\"cp32\", \"abi3\", \"manylinux2014_aarch64\"], [\"cp32\", \"abi3\", \"linux_aarch64\"]], \"pip_version\": \"21.3.1\", \"packaging_version\": \"20.9\", \"agent_version\": \"latest\", \"code_branch\": \"release\"}' 'https://api.freedomrobotics.ai/download_wheel_link'"
2022-01-23 18:07:47 [DEBUG]  		SUCCESS RESPONSE CODE: 0, EXECUTION TIME: 9.22s
2022-01-23 18:07:47 [DEBUG]  Got the link to download the wheel.
2022-01-23 18:07:47 [DEBUG]  		EXECUTING SYSTEM COMMAND: /bin/bash -c "curl -sS -o /tmp/freedomroboticstf69uf26/freedomrobotics-0.1.165-cp36-cp36m-linux_aarch64.whl 'https://mission-control-download.s3.amazonaws.com/agent/release/0.1.165/freedomrobotics-0.1.165-cp36-cp36m-linux_aarch64.whl?X-Amz-Algorithm=AWS4-HMAC-SHA256&X-Amz-Credential=ASIAZOR7KKOV2RBU3OMX%2F20220123%2Fus-east-2%2Fs3%2Faws4_request&X-Amz-Date=20220123T180747Z&X-Amz-Expires=100&X-Amz-SignedHeaders=host&X-Amz-Security-Token=IQoJb3JpZ2luX2VjEDoaCXVzLWVhc3QtMiJIMEYCIQDaoZdQ2eVq%2B3p%2FMB3Ksl8o5mCWfNyVDneifysBIN43mgIhAPfpqKrUEMZ%2BBN0eUGU%2Bc9kXSJlu8GgtHchgsenvJzHpKrgCCGMQAhoMNjQ5NzQ2NjAwODc1Igz5uzmZVVAKw6NZX3AqlQIjo%2BgGDMmhjLV2hTO2x81NXD%2F%2FwU9FiHnJcQfefZK3CII%2BCxjfZVRnt%2BvRJstQ1dV7m%2FsE%2Br1e6TVCTFO1ZHfLOO0iwYoAKxAYZEF9FEIierwMYP514PPtTsGMUd7Byh7O2Y48%2Fn7JlMxaNJV%2FzjgEznLnWibaGuR73Pwa1uTN6nuNzSIB94DjkuTSJC8GEd9zH2s%2FpH8Pgz9o8kHOGq%2FKkdw%2BaMI2QluSYk9SqY9V2krq6%2BFro1K13ufmi%2FaNFnd8Pl9%2Bu65tJaJUcJgPehfrAmrv2DMixUvvTxKiook8BHLpERGqhwpNwrDqdL84dII0e3TKCgY%2FIIHrk9N3LyBlXGOClgomjWuE%2Fo%2BnyJgT2AGyAiNSMOqoto8GOpkBvwJGT1x5FduSI0k0QWNouElqY3kfzTC80lxQ8Ygww3KQRNP0bMyMGvJ9OJULx4VhPUiyXEE%2Fp%2FRUVCtvnZyqOjzvtDqq3U1ShyR8vqW7V9FbkPooiWhZE3IEIx%2FpH2HhhHQaIxhUEK%2FChT3BRpJv4IVQ8ikgznoFcw5pSgxpCC13tj2n5My4YmmIB2xPl8ydrM3evvh7gjOi&X-Amz-Signature=a412a3c593dcef85d12e927dc905c62ebfc31d9702cd2025971c5b1be011647d'"
2022-01-23 18:07:49 [DEBUG]  		SUCCESS RESPONSE CODE: 0, EXECUTION TIME: 1.85s
2022-01-23 18:07:49 [DEBUG]  Downloaded the wheel.
2022-01-23 18:07:49 [INFO ]  Installing freedomrobotics agent and its direct dependencies for python 3.6. This might take a few minutes.
2022-01-23 18:07:49 [DEBUG]  		EXECUTING SYSTEM COMMAND: /bin/bash -c "/usr/bin/python3 -m pip install --user /tmp/freedomroboticstf69uf26/freedomrobotics-0.1.165-cp36-cp36m-linux_aarch64.whl"
2022-01-23 18:07:54 [DEBUG]  		STANDARD ERROR:
2022-01-23 18:07:54 [DEBUG]  			/usr/lib/python3/dist-packages/secretstorage/dhcrypto.py:15: CryptographyDeprecationWarning: int_from_bytes is deprecated, use int.from_bytes instead
2022-01-23 18:07:54 [DEBUG]  			from cryptography.utils import int_from_bytes
2022-01-23 18:07:54 [DEBUG]  			/usr/lib/python3/dist-packages/secretstorage/util.py:19: CryptographyDeprecationWarning: int_from_bytes is deprecated, use int.from_bytes instead
2022-01-23 18:07:54 [DEBUG]  			from cryptography.utils import int_from_bytes
2022-01-23 18:07:54 [DEBUG]  		SUCCESS RESPONSE CODE: 0, EXECUTION TIME: 4.83s
2022-01-23 18:07:54 [DEBUG]  Successfully installed python package 'freedomrobotics'
2022-01-23 18:07:54 [DEBUG]  		EXECUTING SYSTEM COMMAND: /bin/bash -c "which ros2"
2022-01-23 18:07:54 [DEBUG]  		ERROR RESPONSE CODE: 1, EXECUTION TIME: 0.01s
2022-01-23 18:07:54 [DEBUG]  Executable `ros2` was not found using current PATH: Command '/bin/bash -c "which ros2"' returned non-zero exit status 1.
2022-01-23 18:07:54 [DEBUG]  No suitable ros installation found
2022-01-23 18:07:54 [INFO ]      COMPLETE
2022-01-23 18:07:54 [INFO ]  
2022-01-23 18:07:54 [INFO ]  Step 5/6: RTC DEPENDENCIES
2022-01-23 18:07:54 [DEBUG]  		EXECUTING SYSTEM COMMAND: /bin/bash -c "/usr/bin/python3 -m pip install --user -U pip wheel setuptools"
2022-01-23 18:08:01 [DEBUG]  		STANDARD ERROR:
2022-01-23 18:08:01 [DEBUG]  			/usr/lib/python3/dist-packages/secretstorage/dhcrypto.py:15: CryptographyDeprecationWarning: int_from_bytes is deprecated, use int.from_bytes instead
2022-01-23 18:08:01 [DEBUG]  			from cryptography.utils import int_from_bytes
2022-01-23 18:08:01 [DEBUG]  			/usr/lib/python3/dist-packages/secretstorage/util.py:19: CryptographyDeprecationWarning: int_from_bytes is deprecated, use int.from_bytes instead
2022-01-23 18:08:01 [DEBUG]  			from cryptography.utils import int_from_bytes
2022-01-23 18:08:01 [DEBUG]  		SUCCESS RESPONSE CODE: 0, EXECUTION TIME: 6.70s
2022-01-23 18:08:01 [DEBUG]  		EXECUTING SYSTEM COMMAND: /bin/bash -c "/usr/bin/python3 -m pip show cryptography | grep \"Version: \""
2022-01-23 18:08:03 [DEBUG]  		SUCCESS RESPONSE CODE: 0, EXECUTION TIME: 2.26s
2022-01-23 18:08:03 [DEBUG]  		EXECUTING SYSTEM COMMAND: /bin/bash -c "/usr/bin/python3 -m pip show av | grep \"Version: \""
2022-01-23 18:08:05 [DEBUG]  		SUCCESS RESPONSE CODE: 0, EXECUTION TIME: 2.27s
2022-01-23 18:08:05 [DEBUG]  We found av python module version 8.0.3, we need to install version 8.1.0
2022-01-23 18:08:05 [DEBUG]  Preparing to install agent from wheel package.
2022-01-23 18:08:05 [DEBUG]  		EXECUTING SYSTEM COMMAND: /bin/bash -c "/usr/bin/python3 -c 'import sys; print(\"{}.{}\".format(sys.version_info.major, sys.version_info.minor))'"
2022-01-23 18:08:05 [DEBUG]  		SUCCESS RESPONSE CODE: 0, EXECUTION TIME: 0.11s
2022-01-23 18:08:05 [DEBUG]  		EXECUTING SYSTEM COMMAND: /bin/bash -c "/usr/bin/python3 -m pip install --user \"packaging>=20.0\""
2022-01-23 18:08:09 [DEBUG]  		STANDARD ERROR:
2022-01-23 18:08:09 [DEBUG]  			/usr/lib/python3/dist-packages/secretstorage/dhcrypto.py:15: CryptographyDeprecationWarning: int_from_bytes is deprecated, use int.from_bytes instead
2022-01-23 18:08:09 [DEBUG]  			from cryptography.utils import int_from_bytes
2022-01-23 18:08:09 [DEBUG]  			/usr/lib/python3/dist-packages/secretstorage/util.py:19: CryptographyDeprecationWarning: int_from_bytes is deprecated, use int.from_bytes instead
2022-01-23 18:08:09 [DEBUG]  			from cryptography.utils import int_from_bytes
2022-01-23 18:08:09 [DEBUG]  		SUCCESS RESPONSE CODE: 0, EXECUTION TIME: 3.70s
2022-01-23 18:08:09 [DEBUG]  		EXECUTING SYSTEM COMMAND: /bin/bash -c "/usr/bin/python3 -c \"
import warnings
warnings.filterwarnings('ignore')
import json
import platform
import sys

try:
    import distro
except ImportError:
    # we don't have distro module
    distro = lambda: None
    distro.linux_distribution = lambda: 'Failed to get: Distro is not available.'

try:
    from pip import __version__ as pip_version
except ImportError:
    # we don't have pip module
    pip_version = '0.0.0 (Pip is not available.)'

try:
    from packaging import __version__ as packaging_version
except ImportError:
    # we don't have pip module
    packaging_version = '0.0.0 (Packaging is not available.)'

try:
    from packaging import tags
    pip_supported_tags = list(tags.cpython_tags())
except ImportError:
    try:
        if pip_version < '20.1' and pip_version >= '10.0':
            from pip._internal import pep425tags
            pip_supported_tags = pep425tags.get_supported()
        elif pip_version >= '1.4':
            from pip import pep425tags
            pip_supported_tags = pep425tags.get_supported()
        else:
            pip_supported_tags = []
    except ImportError:
        pip_supported_tags = []

if pip_supported_tags and hasattr(pip_supported_tags[0], 'platform'):
    pip_supported_tags = [(tag.interpreter, tag.abi, tag.platform) for tag in pip_supported_tags]

print(json.dumps({
    'platform_system': platform.system(),
    'platform_release': platform.release(),
    'platform_machine': platform.machine(),
    'platform_processor': platform.processor(),
    'platform_linux_distribution': 
        platform.linux_distribution() if hasattr(platform, 'linux_distribution') else distro.linux_distribution(),
    'platform_mac_ver': platform.mac_ver(),
    'platform_uname': platform.uname(),
    'platform_python_implementation': platform.python_implementation(),
    'platform_python_version': platform.python_version(),
    'platform_python_compiler': platform.python_compiler(),
    'platform_python_build': platform.python_build(),
    'pip_supported_tags': pip_supported_tags,
    'pip_version': pip_version,
    'packaging_version': packaging_version,
}))
\""
2022-01-23 18:08:09 [DEBUG]  		SUCCESS RESPONSE CODE: 0, EXECUTION TIME: 0.30s
2022-01-23 18:08:09 [DEBUG]  Collected next system details: {'platform_system': 'Linux', 'platform_release': '5.4.0-1047-raspi', 'platform_machine': 'aarch64', 'platform_processor': 'aarch64', 'platform_linux_distribution': ['Ubuntu', '18.04', 'bionic'], 'platform_mac_ver': ['', ['', '', ''], ''], 'platform_uname': ['Linux', 'ubuntu', '5.4.0-1047-raspi', '#52~18.04.1-Ubuntu SMP PREEMPT Wed Nov 24 12:29:36 UTC 2021', 'aarch64', 'aarch64'], 'platform_python_implementation': 'CPython', 'platform_python_version': '3.6.9', 'platform_python_compiler': 'GCC 8.4.0', 'platform_python_build': ['default', 'Dec  8 2021 21:08:43'], 'pip_supported_tags': [['cp36', 'cp36m', 'manylinux_2_27_aarch64'], ['cp36', 'cp36m', 'manylinux_2_26_aarch64'], ['cp36', 'cp36m', 'manylinux_2_25_aarch64'], ['cp36', 'cp36m', 'manylinux_2_24_aarch64'], ['cp36', 'cp36m', 'manylinux_2_23_aarch64'], ['cp36', 'cp36m', 'manylinux_2_22_aarch64'], ['cp36', 'cp36m', 'manylinux_2_21_aarch64'], ['cp36', 'cp36m', 'manylinux_2_20_aarch64'], ['cp36', 'cp36m', 'manylinux_2_19_aarch64'], ['cp36', 'cp36m', 'manylinux_2_18_aarch64'], ['cp36', 'cp36m', 'manylinux_2_17_aarch64'], ['cp36', 'cp36m', 'manylinux2014_aarch64'], ['cp36', 'cp36m', 'linux_aarch64'], ['cp36', 'abi3', 'manylinux_2_27_aarch64'], ['cp36', 'abi3', 'manylinux_2_26_aarch64'], ['cp36', 'abi3', 'manylinux_2_25_aarch64'], ['cp36', 'abi3', 'manylinux_2_24_aarch64'], ['cp36', 'abi3', 'manylinux_2_23_aarch64'], ['cp36', 'abi3', 'manylinux_2_22_aarch64'], ['cp36', 'abi3', 'manylinux_2_21_aarch64'], ['cp36', 'abi3', 'manylinux_2_20_aarch64'], ['cp36', 'abi3', 'manylinux_2_19_aarch64'], ['cp36', 'abi3', 'manylinux_2_18_aarch64'], ['cp36', 'abi3', 'manylinux_2_17_aarch64'], ['cp36', 'abi3', 'manylinux2014_aarch64'], ['cp36', 'abi3', 'linux_aarch64'], ['cp36', 'none', 'manylinux_2_27_aarch64'], ['cp36', 'none', 'manylinux_2_26_aarch64'], ['cp36', 'none', 'manylinux_2_25_aarch64'], ['cp36', 'none', 'manylinux_2_24_aarch64'], ['cp36', 'none', 'manylinux_2_23_aarch64'], ['cp36', 'none', 'manylinux_2_22_aarch64'], ['cp36', 'none', 'manylinux_2_21_aarch64'], ['cp36', 'none', 'manylinux_2_20_aarch64'], ['cp36', 'none', 'manylinux_2_19_aarch64'], ['cp36', 'none', 'manylinux_2_18_aarch64'], ['cp36', 'none', 'manylinux_2_17_aarch64'], ['cp36', 'none', 'manylinux2014_aarch64'], ['cp36', 'none', 'linux_aarch64'], ['cp35', 'abi3', 'manylinux_2_27_aarch64'], ['cp35', 'abi3', 'manylinux_2_26_aarch64'], ['cp35', 'abi3', 'manylinux_2_25_aarch64'], ['cp35', 'abi3', 'manylinux_2_24_aarch64'], ['cp35', 'abi3', 'manylinux_2_23_aarch64'], ['cp35', 'abi3', 'manylinux_2_22_aarch64'], ['cp35', 'abi3', 'manylinux_2_21_aarch64'], ['cp35', 'abi3', 'manylinux_2_20_aarch64'], ['cp35', 'abi3', 'manylinux_2_19_aarch64'], ['cp35', 'abi3', 'manylinux_2_18_aarch64'], ['cp35', 'abi3', 'manylinux_2_17_aarch64'], ['cp35', 'abi3', 'manylinux2014_aarch64'], ['cp35', 'abi3', 'linux_aarch64'], ['cp34', 'abi3', 'manylinux_2_27_aarch64'], ['cp34', 'abi3', 'manylinux_2_26_aarch64'], ['cp34', 'abi3', 'manylinux_2_25_aarch64'], ['cp34', 'abi3', 'manylinux_2_24_aarch64'], ['cp34', 'abi3', 'manylinux_2_23_aarch64'], ['cp34', 'abi3', 'manylinux_2_22_aarch64'], ['cp34', 'abi3', 'manylinux_2_21_aarch64'], ['cp34', 'abi3', 'manylinux_2_20_aarch64'], ['cp34', 'abi3', 'manylinux_2_19_aarch64'], ['cp34', 'abi3', 'manylinux_2_18_aarch64'], ['cp34', 'abi3', 'manylinux_2_17_aarch64'], ['cp34', 'abi3', 'manylinux2014_aarch64'], ['cp34', 'abi3', 'linux_aarch64'], ['cp33', 'abi3', 'manylinux_2_27_aarch64'], ['cp33', 'abi3', 'manylinux_2_26_aarch64'], ['cp33', 'abi3', 'manylinux_2_25_aarch64'], ['cp33', 'abi3', 'manylinux_2_24_aarch64'], ['cp33', 'abi3', 'manylinux_2_23_aarch64'], ['cp33', 'abi3', 'manylinux_2_22_aarch64'], ['cp33', 'abi3', 'manylinux_2_21_aarch64'], ['cp33', 'abi3', 'manylinux_2_20_aarch64'], ['cp33', 'abi3', 'manylinux_2_19_aarch64'], ['cp33', 'abi3', 'manylinux_2_18_aarch64'], ['cp33', 'abi3', 'manylinux_2_17_aarch64'], ['cp33', 'abi3', 'manylinux2014_aarch64'], ['cp33', 'abi3', 'linux_aarch64'], ['cp32', 'abi3', 'manylinux_2_27_aarch64'], ['cp32', 'abi3', 'manylinux_2_26_aarch64'], ['cp32', 'abi3', 'manylinux_2_25_aarch64'], ['cp32', 'abi3', 'manylinux_2_24_aarch64'], ['cp32', 'abi3', 'manylinux_2_23_aarch64'], ['cp32', 'abi3', 'manylinux_2_22_aarch64'], ['cp32', 'abi3', 'manylinux_2_21_aarch64'], ['cp32', 'abi3', 'manylinux_2_20_aarch64'], ['cp32', 'abi3', 'manylinux_2_19_aarch64'], ['cp32', 'abi3', 'manylinux_2_18_aarch64'], ['cp32', 'abi3', 'manylinux_2_17_aarch64'], ['cp32', 'abi3', 'manylinux2014_aarch64'], ['cp32', 'abi3', 'linux_aarch64']], 'pip_version': '21.3.1', 'packaging_version': '20.9', 'code_branch': 'release', 'version': '8.1.0', 'package': 'av'}
2022-01-23 18:08:09 [DEBUG]  		EXECUTING SYSTEM COMMAND: /bin/bash -c "curl -sS -X POST -H 'content-type: application/json' -H 'mc_token: T75C1B5B117DC4D3B10FF66D2' -H 'mc_secret: Sba3d5cac23922366f0404026' -d '{\"platform_system\": \"Linux\", \"platform_release\": \"5.4.0-1047-raspi\", \"platform_machine\": \"aarch64\", \"platform_processor\": \"aarch64\", \"platform_linux_distribution\": [\"Ubuntu\", \"18.04\", \"bionic\"], \"platform_mac_ver\": [\"\", [\"\", \"\", \"\"], \"\"], \"platform_uname\": [\"Linux\", \"ubuntu\", \"5.4.0-1047-raspi\", \"#52~18.04.1-Ubuntu SMP PREEMPT Wed Nov 24 12:29:36 UTC 2021\", \"aarch64\", \"aarch64\"], \"platform_python_implementation\": \"CPython\", \"platform_python_version\": \"3.6.9\", \"platform_python_compiler\": \"GCC 8.4.0\", \"platform_python_build\": [\"default\", \"Dec  8 2021 21:08:43\"], \"pip_supported_tags\": [[\"cp36\", \"cp36m\", \"manylinux_2_27_aarch64\"], [\"cp36\", \"cp36m\", \"manylinux_2_26_aarch64\"], [\"cp36\", \"cp36m\", \"manylinux_2_25_aarch64\"], [\"cp36\", \"cp36m\", \"manylinux_2_24_aarch64\"], [\"cp36\", \"cp36m\", \"manylinux_2_23_aarch64\"], [\"cp36\", \"cp36m\", \"manylinux_2_22_aarch64\"], [\"cp36\", \"cp36m\", \"manylinux_2_21_aarch64\"], [\"cp36\", \"cp36m\", \"manylinux_2_20_aarch64\"], [\"cp36\", \"cp36m\", \"manylinux_2_19_aarch64\"], [\"cp36\", \"cp36m\", \"manylinux_2_18_aarch64\"], [\"cp36\", \"cp36m\", \"manylinux_2_17_aarch64\"], [\"cp36\", \"cp36m\", \"manylinux2014_aarch64\"], [\"cp36\", \"cp36m\", \"linux_aarch64\"], [\"cp36\", \"abi3\", \"manylinux_2_27_aarch64\"], [\"cp36\", \"abi3\", \"manylinux_2_26_aarch64\"], [\"cp36\", \"abi3\", \"manylinux_2_25_aarch64\"], [\"cp36\", \"abi3\", \"manylinux_2_24_aarch64\"], [\"cp36\", \"abi3\", \"manylinux_2_23_aarch64\"], [\"cp36\", \"abi3\", \"manylinux_2_22_aarch64\"], [\"cp36\", \"abi3\", \"manylinux_2_21_aarch64\"], [\"cp36\", \"abi3\", \"manylinux_2_20_aarch64\"], [\"cp36\", \"abi3\", \"manylinux_2_19_aarch64\"], [\"cp36\", \"abi3\", \"manylinux_2_18_aarch64\"], [\"cp36\", \"abi3\", \"manylinux_2_17_aarch64\"], [\"cp36\", \"abi3\", \"manylinux2014_aarch64\"], [\"cp36\", \"abi3\", \"linux_aarch64\"], [\"cp36\", \"none\", \"manylinux_2_27_aarch64\"], [\"cp36\", \"none\", \"manylinux_2_26_aarch64\"], [\"cp36\", \"none\", \"manylinux_2_25_aarch64\"], [\"cp36\", \"none\", \"manylinux_2_24_aarch64\"], [\"cp36\", \"none\", \"manylinux_2_23_aarch64\"], [\"cp36\", \"none\", \"manylinux_2_22_aarch64\"], [\"cp36\", \"none\", \"manylinux_2_21_aarch64\"], [\"cp36\", \"none\", \"manylinux_2_20_aarch64\"], [\"cp36\", \"none\", \"manylinux_2_19_aarch64\"], [\"cp36\", \"none\", \"manylinux_2_18_aarch64\"], [\"cp36\", \"none\", \"manylinux_2_17_aarch64\"], [\"cp36\", \"none\", \"manylinux2014_aarch64\"], [\"cp36\", \"none\", \"linux_aarch64\"], [\"cp35\", \"abi3\", \"manylinux_2_27_aarch64\"], [\"cp35\", \"abi3\", \"manylinux_2_26_aarch64\"], [\"cp35\", \"abi3\", \"manylinux_2_25_aarch64\"], [\"cp35\", \"abi3\", \"manylinux_2_24_aarch64\"], [\"cp35\", \"abi3\", \"manylinux_2_23_aarch64\"], [\"cp35\", \"abi3\", \"manylinux_2_22_aarch64\"], [\"cp35\", \"abi3\", \"manylinux_2_21_aarch64\"], [\"cp35\", \"abi3\", \"manylinux_2_20_aarch64\"], [\"cp35\", \"abi3\", \"manylinux_2_19_aarch64\"], [\"cp35\", \"abi3\", \"manylinux_2_18_aarch64\"], [\"cp35\", \"abi3\", \"manylinux_2_17_aarch64\"], [\"cp35\", \"abi3\", \"manylinux2014_aarch64\"], [\"cp35\", \"abi3\", \"linux_aarch64\"], [\"cp34\", \"abi3\", \"manylinux_2_27_aarch64\"], [\"cp34\", \"abi3\", \"manylinux_2_26_aarch64\"], [\"cp34\", \"abi3\", \"manylinux_2_25_aarch64\"], [\"cp34\", \"abi3\", \"manylinux_2_24_aarch64\"], [\"cp34\", \"abi3\", \"manylinux_2_23_aarch64\"], [\"cp34\", \"abi3\", \"manylinux_2_22_aarch64\"], [\"cp34\", \"abi3\", \"manylinux_2_21_aarch64\"], [\"cp34\", \"abi3\", \"manylinux_2_20_aarch64\"], [\"cp34\", \"abi3\", \"manylinux_2_19_aarch64\"], [\"cp34\", \"abi3\", \"manylinux_2_18_aarch64\"], [\"cp34\", \"abi3\", \"manylinux_2_17_aarch64\"], [\"cp34\", \"abi3\", \"manylinux2014_aarch64\"], [\"cp34\", \"abi3\", \"linux_aarch64\"], [\"cp33\", \"abi3\", \"manylinux_2_27_aarch64\"], [\"cp33\", \"abi3\", \"manylinux_2_26_aarch64\"], [\"cp33\", \"abi3\", \"manylinux_2_25_aarch64\"], [\"cp33\", \"abi3\", \"manylinux_2_24_aarch64\"], [\"cp33\", \"abi3\", \"manylinux_2_23_aarch64\"], [\"cp33\", \"abi3\", \"manylinux_2_22_aarch64\"], [\"cp33\", \"abi3\", \"manylinux_2_21_aarch64\"], [\"cp33\", \"abi3\", \"manylinux_2_20_aarch64\"], [\"cp33\", \"abi3\", \"manylinux_2_19_aarch64\"], [\"cp33\", \"abi3\", \"manylinux_2_18_aarch64\"], [\"cp33\", \"abi3\", \"manylinux_2_17_aarch64\"], [\"cp33\", \"abi3\", \"manylinux2014_aarch64\"], [\"cp33\", \"abi3\", \"linux_aarch64\"], [\"cp32\", \"abi3\", \"manylinux_2_27_aarch64\"], [\"cp32\", \"abi3\", \"manylinux_2_26_aarch64\"], [\"cp32\", \"abi3\", \"manylinux_2_25_aarch64\"], [\"cp32\", \"abi3\", \"manylinux_2_24_aarch64\"], [\"cp32\", \"abi3\", \"manylinux_2_23_aarch64\"], [\"cp32\", \"abi3\", \"manylinux_2_22_aarch64\"], [\"cp32\", \"abi3\", \"manylinux_2_21_aarch64\"], [\"cp32\", \"abi3\", \"manylinux_2_20_aarch64\"], [\"cp32\", \"abi3\", \"manylinux_2_19_aarch64\"], [\"cp32\", \"abi3\", \"manylinux_2_18_aarch64\"], [\"cp32\", \"abi3\", \"manylinux_2_17_aarch64\"], [\"cp32\", \"abi3\", \"manylinux2014_aarch64\"], [\"cp32\", \"abi3\", \"linux_aarch64\"]], \"pip_version\": \"21.3.1\", \"packaging_version\": \"20.9\", \"code_branch\": \"release\", \"version\": \"8.1.0\", \"package\": \"av\"}' 'https://api.freedomrobotics.ai/download_wheel_link'"
2022-01-23 18:08:10 [DEBUG]  		SUCCESS RESPONSE CODE: 0, EXECUTION TIME: 0.67s
2022-01-23 18:08:10 [DEBUG]  Got the link to download the wheel.
2022-01-23 18:08:10 [DEBUG]  		EXECUTING SYSTEM COMMAND: /bin/bash -c "curl -sS -o /tmp/freedomrobotics5fjqmvtp/av-8.1.0-cp36-cp36m-manylinux_2_17_aarch64.whl 'https://mission-control-download.s3.amazonaws.com/wheels/release/av-8.1.0-cp36-cp36m-manylinux_2_17_aarch64.whl?X-Amz-Algorithm=AWS4-HMAC-SHA256&X-Amz-Credential=ASIAZOR7KKOV3KM4R3HM%2F20220123%2Fus-east-2%2Fs3%2Faws4_request&X-Amz-Date=20220123T180810Z&X-Amz-Expires=100&X-Amz-SignedHeaders=host&X-Amz-Security-Token=IQoJb3JpZ2luX2VjEDgaCXVzLWVhc3QtMiJIMEYCIQCTs0RlF6hsW3bq71xtuPEhteC4lqro8GBOoapBA5sOeQIhAJiXIy0TLio8kNtOCQ9tmmlQYYLBVbkrwFYHQ1T0miqHKrgCCGEQAhoMNjQ5NzQ2NjAwODc1IgwUwP7v2lGphZwPSokqlQIS%2F%2BLdC9Yi3%2F94bDl9RgcW6F0XkUssVPimBGNMiYEzAM6abyZT7E0z7ZN0TGwf58QARF69LLOn1%2F2LPWNJQTwbTltqYR1NkqlZLA0ji6FFY5PLeIiQUcNmR%2BGqa8DHPt11H783fVYVOY%2BS17XFAWXC9o3nDwdJeN9%2F3LnAemGt8SUDjUJk%2BF083%2B5hjKFBDqjmmoXK89PYxzlJjSv0KpQaeF0uxaFDnkt0XtVfCytU2kQsGNUVu%2BygwnnSt%2FBZvmXHGBGWhDfFVEB3KckdOH0BApvAcD7jLqxCLc4w7Aq5VMI6J3Mw3maGBGmR7KLw8hkbCEg0Ohg64YMF9AEekcsUdUA%2BTPov2KCCFSJKKobrqYPtor1PMID3tY8GOpkBKeDiFPU241TE2cdk78szS3XOg2MtvY217BeSU2MJnJWiZDq6Lmn3YZxCQKtas1Qv1tXf6FGIJyvPZBGj%2BX0J2NlP%2Bk549mWNovwlnQ%2Fk8dLRQMfQsL7pM87xEG%2Bc61w1WivhYHVgvBqbKLRaG6zgoD3TvdO3H%2BjTMC8bKmyPrkpHHY7e0ktlqnV73CKqdW%2BBgzZohWxmZVX4&X-Amz-Signature=3476d0d52b76189ed15722c04eaac6360e76a7595c740198a92347fb47f04174'"
2022-01-23 18:08:12 [DEBUG]  		SUCCESS RESPONSE CODE: 0, EXECUTION TIME: 2.33s
2022-01-23 18:08:12 [DEBUG]  Downloaded the wheel.
2022-01-23 18:08:12 [DEBUG]  		EXECUTING SYSTEM COMMAND: /bin/bash -c "/usr/bin/python3 -m pip install --user /tmp/freedomrobotics5fjqmvtp/av-8.1.0-cp36-cp36m-manylinux_2_17_aarch64.whl"
2022-01-23 18:08:17 [DEBUG]  		STANDARD ERROR:
2022-01-23 18:08:17 [DEBUG]  			/usr/lib/python3/dist-packages/secretstorage/dhcrypto.py:15: CryptographyDeprecationWarning: int_from_bytes is deprecated, use int.from_bytes instead
2022-01-23 18:08:17 [DEBUG]  			from cryptography.utils import int_from_bytes
2022-01-23 18:08:17 [DEBUG]  			/usr/lib/python3/dist-packages/secretstorage/util.py:19: CryptographyDeprecationWarning: int_from_bytes is deprecated, use int.from_bytes instead
2022-01-23 18:08:17 [DEBUG]  			from cryptography.utils import int_from_bytes
2022-01-23 18:08:17 [DEBUG]  		SUCCESS RESPONSE CODE: 0, EXECUTION TIME: 4.90s
2022-01-23 18:08:17 [DEBUG]  		EXECUTING SYSTEM COMMAND: /bin/bash -c "/usr/bin/python3 -c \"from av import AudioFrame, VideoFrame\""
2022-01-23 18:08:17 [DEBUG]  		SUCCESS RESPONSE CODE: 0, EXECUTION TIME: 0.27s
2022-01-23 18:08:17 [INFO ]  Installing webrtc dependencies. First installation might take a few minutes.
2022-01-23 18:08:17 [DEBUG]  		EXECUTING SYSTEM COMMAND: /bin/bash -c "/usr/bin/python3 -m pip install --user aiortc SharedArray av dataclasses"
2022-01-23 18:08:21 [DEBUG]  		STANDARD ERROR:
2022-01-23 18:08:21 [DEBUG]  			/usr/lib/python3/dist-packages/secretstorage/dhcrypto.py:15: CryptographyDeprecationWarning: int_from_bytes is deprecated, use int.from_bytes instead
2022-01-23 18:08:21 [DEBUG]  			from cryptography.utils import int_from_bytes
2022-01-23 18:08:21 [DEBUG]  			/usr/lib/python3/dist-packages/secretstorage/util.py:19: CryptographyDeprecationWarning: int_from_bytes is deprecated, use int.from_bytes instead
2022-01-23 18:08:21 [DEBUG]  			from cryptography.utils import int_from_bytes
2022-01-23 18:08:21 [DEBUG]  		SUCCESS RESPONSE CODE: 0, EXECUTION TIME: 3.77s
2022-01-23 18:08:21 [INFO ]      COMPLETE
2022-01-23 18:08:21 [INFO ]  
2022-01-23 18:08:21 [INFO ]  Step 6/6: INSTALLING MICRO SERVICE
2022-01-23 18:08:21 [DEBUG]  		EXECUTING SYSTEM COMMAND: /bin/bash -c "sudo -n systemctl daemon-reload"
2022-01-23 18:08:22 [DEBUG]  		SUCCESS RESPONSE CODE: 0, EXECUTION TIME: 0.75s
2022-01-23 18:08:22 [DEBUG]  Systemd / Systemctl are running so registering as systemd service
2022-01-23 18:08:22 [DEBUG]  		EXECUTING SYSTEM COMMAND: /bin/bash -c "/usr/bin/python3 -m pip show freedomrobotics | grep \"Location: \""
2022-01-23 18:08:24 [DEBUG]  		SUCCESS RESPONSE CODE: 0, EXECUTION TIME: 2.29s
2022-01-23 18:08:24 [DEBUG]  		EXECUTING SYSTEM COMMAND: /bin/bash -c "/usr/bin/python3 /home/ubuntu/.local/lib/python3.6/site-packages/freedomrobotics/management/register_systemd_service.py"
2022-01-23 18:08:38 [DEBUG]  		STANDARD ERROR:
2022-01-23 18:08:38 [DEBUG]  			DEBUG:__main__:	Checking if systemd is running
2022-01-23 18:08:38 [DEBUG]  			DEBUG:__main__:	Checking sudo privileges
2022-01-23 18:08:38 [DEBUG]  			DEBUG:__main__:
2022-01-23 18:08:38 [DEBUG]  			DEBUG:__main__:################################################################################
2022-01-23 18:08:38 [DEBUG]  			DEBUG:__main__:# UNREGISTERING Freedom Robotics init.d service
2022-01-23 18:08:38 [DEBUG]  			DEBUG:__main__:#    Service not installed.
2022-01-23 18:08:38 [DEBUG]  			DEBUG:__main__:################################################################################
2022-01-23 18:08:38 [DEBUG]  			DEBUG:__main__:	Checking sudo privileges
2022-01-23 18:08:38 [DEBUG]  			DEBUG:__main__:
2022-01-23 18:08:38 [DEBUG]  			DEBUG:__main__:################################################################################
2022-01-23 18:08:38 [DEBUG]  			DEBUG:__main__:# UNREGISTERING Freedom Robotics system.d service
2022-01-23 18:08:38 [DEBUG]  			DEBUG:__main__:#    INSTALLED: True
2022-01-23 18:08:38 [DEBUG]  			DEBUG:__main__:#    RUNNING:   False
2022-01-23 18:08:38 [DEBUG]  			DEBUG:__main__:################################################################################
2022-01-23 18:08:38 [DEBUG]  			DEBUG:__main__:    Removing system.d service
2022-01-23 18:08:38 [DEBUG]  			DEBUG:__main__:    Disabled system.d service
2022-01-23 18:08:38 [DEBUG]  			DEBUG:__main__:    Removed system.d service from systemctl
2022-01-23 18:08:38 [DEBUG]  			DEBUG:__main__:    Removed system.d service files
2022-01-23 18:08:38 [DEBUG]  			DEBUG:__main__:################################################################################
2022-01-23 18:08:38 [DEBUG]  			DEBUG:__main__:	Checking sudo privileges
2022-01-23 18:08:38 [DEBUG]  			DEBUG:__main__:	Finding out who am I
2022-01-23 18:08:38 [DEBUG]  			DEBUG:__main__:
2022-01-23 18:08:38 [DEBUG]  			DEBUG:__main__:################################################################################
2022-01-23 18:08:38 [DEBUG]  			DEBUG:__main__:# REGISTERING Freedom Robotics systemd service
2022-01-23 18:08:38 [DEBUG]  			DEBUG:__main__:# PACKAGE LOCATION: /home/ubuntu/.local/lib/python3.6/site-packages/freedomrobotics
2022-01-23 18:08:38 [DEBUG]  			DEBUG:__main__:# USER: ubuntu
2022-01-23 18:08:38 [DEBUG]  			DEBUG:__main__:################################################################################
2022-01-23 18:08:38 [DEBUG]  			DEBUG:__main__:	Found credentials file
2022-01-23 18:08:38 [DEBUG]  			DEBUG:__main__:	Credentials have correct formatting
2022-01-23 18:08:38 [DEBUG]  			DEBUG:__main__:	Validated credentials for account and device
2022-01-23 18:08:38 [DEBUG]  			DEBUG:__main__:	Moving systemd service file to correct location
2022-01-23 18:08:38 [DEBUG]  			DEBUG:__main__:	Moving systemd environment file to correct location
2022-01-23 18:08:38 [DEBUG]  			DEBUG:__main__:	Wrote service files
2022-01-23 18:08:38 [DEBUG]  			DEBUG:__main__:	Set permissions on systemd service files
2022-01-23 18:08:38 [DEBUG]  			DEBUG:__main__:	Reloaded systemd
2022-01-23 18:08:38 [DEBUG]  			DEBUG:__main__:	Enabled service
2022-01-23 18:08:38 [DEBUG]  			DEBUG:__main__:	Not already running
2022-01-23 18:08:38 [DEBUG]  			DEBUG:__main__:	Started service
2022-01-23 18:08:38 [DEBUG]  			DEBUG:__main__:	Got new service pid
2022-01-23 18:08:38 [DEBUG]  			DEBUG:__main__:	Checked Service running
2022-01-23 18:08:38 [DEBUG]  			DEBUG:__main__:	Got again service pid
2022-01-23 18:08:38 [DEBUG]  			DEBUG:__main__:################################################################################
2022-01-23 18:08:38 [DEBUG]  		SUCCESS RESPONSE CODE: 0, EXECUTION TIME: 14.10s
2022-01-23 18:08:38 [DEBUG]  Service registration log: 
2022-01-23 18:08:38 [INFO ]      COMPLETE
2022-01-23 18:08:38 [INFO ]  
2022-01-23 18:08:38 [INFO ]  ################################################################################
2022-01-23 18:08:38 [INFO ]  
2022-01-23 18:08:38 [INFO ]  INSTALL COMPLETE 
2022-01-23 18:08:38 [INFO ]  
2022-01-23 18:08:38 [DEBUG]  		EXECUTING SYSTEM COMMAND: /bin/bash -c "pgrep fr_agent"
2022-01-23 18:08:38 [DEBUG]  		SUCCESS RESPONSE CODE: 0, EXECUTION TIME: 0.03s
2022-01-23 18:08:38 [DEBUG]  		EXECUTING SYSTEM COMMAND: /bin/bash -c "service_path=\$(which service) && output=\$( \$service_path ssh status ) && echo \"\$output\""
2022-01-23 18:08:38 [DEBUG]  		SUCCESS RESPONSE CODE: 0, EXECUTION TIME: 0.08s
2022-01-23 18:08:38 [DEBUG]  		EXECUTING SYSTEM COMMAND: /bin/bash -c "which python3"
2022-01-23 18:08:39 [DEBUG]  		SUCCESS RESPONSE CODE: 0, EXECUTION TIME: 0.01s
2022-01-23 18:08:39 [DEBUG]  		EXECUTING SYSTEM COMMAND: /bin/bash -c "/usr/bin/python3 -c 'import sys; print(\"{}.{}\".format(sys.version_info.major, sys.version_info.minor))'"
2022-01-23 18:08:39 [DEBUG]  		SUCCESS RESPONSE CODE: 0, EXECUTION TIME: 0.11s
2022-01-23 18:08:39 [DEBUG]  Using the default python3 binary: /usr/bin/python3
2022-01-23 18:08:39 [DEBUG]  		EXECUTING SYSTEM COMMAND: /bin/bash -c "/usr/bin/python3 -m pip show freedomrobotics"
2022-01-23 18:08:41 [DEBUG]  		SUCCESS RESPONSE CODE: 0, EXECUTION TIME: 2.35s
2022-01-23 18:08:41 [DEBUG]  		EXECUTING SYSTEM COMMAND: /bin/bash -c "/usr/bin/python3 -c 'import sys; print(\"{}.{}\".format(sys.version_info.major, sys.version_info.minor))'"
2022-01-23 18:08:41 [DEBUG]  		SUCCESS RESPONSE CODE: 0, EXECUTION TIME: 0.11s
2022-01-23 18:08:41 [DEBUG]  		EXECUTING SYSTEM COMMAND: /bin/bash -c "/usr/bin/python3 -m pip show aiortc"
2022-01-23 18:08:44 [DEBUG]  		SUCCESS RESPONSE CODE: 0, EXECUTION TIME: 2.69s
2022-01-23 18:08:44 [INFO ]  MICRO AGENT       : INSTALLED AND ACTIVE
2022-01-23 18:08:44 [INFO ]  ROS SHADOW        : INSTALLED
2022-01-23 18:08:44 [INFO ]  REMOTE SSH        : INSTALLED
2022-01-23 18:08:44 [INFO ]  PYTHON3.6 PACKAGE : INSTALLED
2022-01-23 18:08:44 [INFO ]  RTC DEPENDENCIES  : INSTALLED
2022-01-23 18:08:44 [INFO ]  
2022-01-23 18:08:44 [INFO ]  ACCOUNT           : A139C78C471C762F34F31F8DD
2022-01-23 18:08:44 [INFO ]  DEVICE            : D36F4D9E51F228A3B221D203CB1
2022-01-23 18:08:44 [INFO ]  
2022-01-23 18:08:44 [INFO ]  ################################################################################
2022-01-23 18:08:44 [DEBUG]  Total install times:{
    "has_sudo_rights": 5.04,
    "apt_update": 25.48,
    "local_folders_permissions_check": 0.51,
    "python_ssl_check": 0.26,
    "verify_prerequisites": 29.97,
    "install_prerequisites": 0.55,
    "install_credentials": 0.02,
    "install_remote_ssh": 0.25,
    "disable_old_freedomrobotics": 0.11,
    "uninstall_current_agent": 21.39,
    "platform_details": [
        0.3,
        0.3
    ],
    "get_wheel_package": [
        15.6,
        7.12
    ],
    "check_ros_version": 0.02,
    "install_webrtc_av_dependency": 14.57,
    "install_webrtc_dependencies": 3.77,
    "install_freedom_main_python_package": 75.39,
    "install_freedom_robotics_service": 17.2,
    "agent_running_check": 0.03,
    "time_total_install": 134
}
2022-01-23 18:08:44 [DEBUG]  		EXECUTING SYSTEM COMMAND: /bin/bash -c "pgrep fr_agent"
2022-01-23 18:08:44 [DEBUG]  		SUCCESS RESPONSE CODE: 0, EXECUTION TIME: 0.03s
2022-01-23 18:08:44 [DEBUG]  		EXECUTING SYSTEM COMMAND: /bin/bash -c "service_path=\$(which service) && output=\$( \$service_path ssh status ) && echo \"\$output\""
2022-01-23 18:08:44 [DEBUG]  		SUCCESS RESPONSE CODE: 0, EXECUTION TIME: 0.08s
2022-01-23 18:08:44 [DEBUG]  		EXECUTING SYSTEM COMMAND: /bin/bash -c "/usr/bin/python3 -m pip show freedomrobotics"
2022-01-23 18:08:47 [DEBUG]  		SUCCESS RESPONSE CODE: 0, EXECUTION TIME: 2.74s
2022-01-23 18:08:47 [DEBUG]  		EXECUTING SYSTEM COMMAND: /bin/bash -c "/usr/bin/python3 -c 'import sys; print(\"{}.{}\".format(sys.version_info.major, sys.version_info.minor))'"
2022-01-23 18:08:47 [DEBUG]  		SUCCESS RESPONSE CODE: 0, EXECUTION TIME: 0.14s
2022-01-23 18:08:47 [DEBUG]  		EXECUTING SYSTEM COMMAND: /bin/bash -c "/usr/bin/python3 -m pip show aiortc"
2022-01-23 18:08:50 [DEBUG]  		SUCCESS RESPONSE CODE: 0, EXECUTION TIME: 2.87s
2022-01-23 18:08:50 [DEBUG]  		EXECUTING SYSTEM COMMAND: /bin/bash -c "/usr/bin/python3 -c \"
import warnings
warnings.filterwarnings('ignore')
import json
import platform
import sys

try:
    import distro
except ImportError:
    # we don't have distro module
    distro = lambda: None
    distro.linux_distribution = lambda: 'Failed to get: Distro is not available.'

try:
    from pip import __version__ as pip_version
except ImportError:
    # we don't have pip module
    pip_version = '0.0.0 (Pip is not available.)'

try:
    from packaging import __version__ as packaging_version
except ImportError:
    # we don't have pip module
    packaging_version = '0.0.0 (Packaging is not available.)'

try:
    from packaging import tags
    pip_supported_tags = list(tags.cpython_tags())
except ImportError:
    try:
        if pip_version < '20.1' and pip_version >= '10.0':
            from pip._internal import pep425tags
            pip_supported_tags = pep425tags.get_supported()
        elif pip_version >= '1.4':
            from pip import pep425tags
            pip_supported_tags = pep425tags.get_supported()
        else:
            pip_supported_tags = []
    except ImportError:
        pip_supported_tags = []

if pip_supported_tags and hasattr(pip_supported_tags[0], 'platform'):
    pip_supported_tags = [(tag.interpreter, tag.abi, tag.platform) for tag in pip_supported_tags]

print(json.dumps({
    'platform_system': platform.system(),
    'platform_release': platform.release(),
    'platform_machine': platform.machine(),
    'platform_processor': platform.processor(),
    'platform_linux_distribution': 
        platform.linux_distribution() if hasattr(platform, 'linux_distribution') else distro.linux_distribution(),
    'platform_mac_ver': platform.mac_ver(),
    'platform_uname': platform.uname(),
    'platform_python_implementation': platform.python_implementation(),
    'platform_python_version': platform.python_version(),
    'platform_python_compiler': platform.python_compiler(),
    'platform_python_build': platform.python_build(),
    'pip_supported_tags': pip_supported_tags,
    'pip_version': pip_version,
    'packaging_version': packaging_version,
}))
\""
2022-01-23 18:08:50 [DEBUG]  		SUCCESS RESPONSE CODE: 0, EXECUTION TIME: 0.31s
2022-01-23 18:08:50 [DEBUG]  		EXECUTING SYSTEM COMMAND: /bin/bash -c "/usr/bin/python3 -m pip freeze"
2022-01-23 18:08:54 [DEBUG]  		STANDARD ERROR:
2022-01-23 18:08:54 [DEBUG]  			/usr/lib/python3/dist-packages/secretstorage/dhcrypto.py:15: CryptographyDeprecationWarning: int_from_bytes is deprecated, use int.from_bytes instead
2022-01-23 18:08:54 [DEBUG]  			from cryptography.utils import int_from_bytes
2022-01-23 18:08:54 [DEBUG]  			/usr/lib/python3/dist-packages/secretstorage/util.py:19: CryptographyDeprecationWarning: int_from_bytes is deprecated, use int.from_bytes instead
2022-01-23 18:08:54 [DEBUG]  			from cryptography.utils import int_from_bytes
2022-01-23 18:08:54 [DEBUG]  		SUCCESS RESPONSE CODE: 0, EXECUTION TIME: 3.77s
2022-01-23 18:08:54 [DEBUG]  		EXECUTING SYSTEM COMMAND: /bin/bash -c "runlevel"
2022-01-23 18:08:54 [DEBUG]  		SUCCESS RESPONSE CODE: 0, EXECUTION TIME: 0.02s
2022-01-23 18:08:54 [DEBUG]  		EXECUTING SYSTEM COMMAND: /bin/bash -c "dpkg-query -W -f='\${Status} \${Version}\n' sudo"
2022-01-23 18:08:54 [DEBUG]  		SUCCESS RESPONSE CODE: 0, EXECUTION TIME: 0.07s
2022-01-23 18:08:54 [DEBUG]  		EXECUTING SYSTEM COMMAND: /bin/bash -c "pgrep -a ros"
2022-01-23 18:08:54 [DEBUG]  		ERROR RESPONSE CODE: 1, EXECUTION TIME: 0.03s
2022-01-23 18:08:54 [DEBUG]  Command '/bin/bash -c "pgrep -a ros"' returned non-zero exit status 1.
2022-01-23 18:08:54 [DEBUG]  Could not detect ros processes.
2022-01-23 18:08:54 [DEBUG]  		EXECUTING SYSTEM COMMAND: /bin/bash -c "curl -sS -X PUT -H 'content-type: application/json' -H 'mc_token: T75C1B5B117DC4D3B10FF66D2' -H 'mc_secret: Sba3d5cac23922366f0404026' -d @/tmp/tmpfrr77a4i 'https://api.freedomrobotics.ai/reports'"
2022-01-23 18:08:54 [DEBUG]  		SUCCESS RESPONSE CODE: 0, EXECUTION TIME: 0.41s
2022-01-23 18:08:54 [DEBUG]  {"status":"success","action":"reported issue","report":{"component":"installer","level":"info","code":"AIS_OK","message":"Successful Agent Installation","attributes":{"token":"***10FF66D2","code_branch":"release","code_version":"latest","install_elements":["webrtc"],"install_status":{"MICRO AGENT":"INSTALLED AND ACTIVE","ROS SHADOW":"INSTALLED","REMOTE SSH":"INSTALLED","PYTHON3.6 PACKAGE":"INSTALLED","RTC DEPENDENCIES":"INSTALLED","ACCOUNT":"A139C78C471C762F34F31F8DD","DEVICE":"D36F4D9E51F228A3B221D203CB1"},"platform_details":{"platform_system":"Linux","platform_release":"5.4.0-1047-raspi","platform_machine":"aarch64","platform_processor":"aarch64","platform_linux_distribution":["Ubuntu","18.04","bionic"],"platform_mac_ver":["",["","",""],""],"platform_uname":["Linux","ubuntu","5.4.0-1047-raspi","#52~18.04.1-Ubuntu SMP PREEMPT Wed Nov 24 12:29:36 UTC 2021","aarch64","aarch64"],"platform_python_implementation":"CPython","platform_python_version":"3.6.9","platform_python_compiler":"GCC 8.4.0","platform_python_build":["default","Dec  8 2021 21:08:43"],"pip_supported_tags":[["cp36","cp36m","manylinux_2_27_aarch64"],["cp36","cp36m","manylinux_2_26_aarch64"],["cp36","cp36m","manylinux_2_25_aarch64"],["cp36","cp36m","manylinux_2_24_aarch64"],["cp36","cp36m","manylinux_2_23_aarch64"],["cp36","cp36m","manylinux_2_22_aarch64"],["cp36","cp36m","manylinux_2_21_aarch64"],["cp36","cp36m","manylinux_2_20_aarch64"],["cp36","cp36m","manylinux_2_19_aarch64"],["cp36","cp36m","manylinux_2_18_aarch64"],["cp36","cp36m","manylinux_2_17_aarch64"],["cp36","cp36m","manylinux2014_aarch64"],["cp36","cp36m","linux_aarch64"],["cp36","abi3","manylinux_2_27_aarch64"],["cp36","abi3","manylinux_2_26_aarch64"],["cp36","abi3","manylinux_2_25_aarch64"],["cp36","abi3","manylinux_2_24_aarch64"],["cp36","abi3","manylinux_2_23_aarch64"],["cp36","abi3","manylinux_2_22_aarch64"],["cp36","abi3","manylinux_2_21_aarch64"],["cp36","abi3","manylinux_2_20_aarch64"],["cp36","abi3","manylinux_2_19_aarch64"],["cp36","abi3","manylinux_2_18_aarch64"],["cp36","abi3","manylinux_2_17_aarch64"],["cp36","abi3","manylinux2014_aarch64"],["cp36","abi3","linux_aarch64"],["cp36","none","manylinux_2_27_aarch64"],["cp36","none","manylinux_2_26_aarch64"],["cp36","none","manylinux_2_25_aarch64"],["cp36","none","manylinux_2_24_aarch64"],["cp36","none","manylinux_2_23_aarch64"],["cp36","none","manylinux_2_22_aarch64"],["cp36","none","manylinux_2_21_aarch64"],["cp36","none","manylinux_2_20_aarch64"],["cp36","none","manylinux_2_19_aarch64"],["cp36","none","manylinux_2_18_aarch64"],["cp36","none","manylinux_2_17_aarch64"],["cp36","none","manylinux2014_aarch64"],["cp36","none","linux_aarch64"],["cp35","abi3","manylinux_2_27_aarch64"],["cp35","abi3","manylinux_2_26_aarch64"],["cp35","abi3","manylinux_2_25_aarch64"],["cp35","abi3","manylinux_2_24_aarch64"],["cp35","abi3","manylinux_2_23_aarch64"],["cp35","abi3","manylinux_2_22_aarch64"],["cp35","abi3","manylinux_2_21_aarch64"],["cp35","abi3","manylinux_2_20_aarch64"],["cp35","abi3","manylinux_2_19_aarch64"],["cp35","abi3","manylinux_2_18_aarch64"],["cp35","abi3","manylinux_2_17_aarch64"],["cp35","abi3","manylinux2014_aarch64"],["cp35","abi3","linux_aarch64"],["cp34","abi3","manylinux_2_27_aarch64"],["cp34","abi3","manylinux_2_26_aarch64"],["cp34","abi3","manylinux_2_25_aarch64"],["cp34","abi3","manylinux_2_24_aarch64"],["cp34","abi3","manylinux_2_23_aarch64"],["cp34","abi3","manylinux_2_22_aarch64"],["cp34","abi3","manylinux_2_21_aarch64"],["cp34","abi3","manylinux_2_20_aarch64"],["cp34","abi3","manylinux_2_19_aarch64"],["cp34","abi3","manylinux_2_18_aarch64"],["cp34","abi3","manylinux_2_17_aarch64"],["cp34","abi3","manylinux2014_aarch64"],["cp34","abi3","linux_aarch64"],["cp33","abi3","manylinux_2_27_aarch64"],["cp33","abi3","manylinux_2_26_aarch64"],["cp33","abi3","manylinux_2_25_aarch64"],["cp33","abi3","manylinux_2_24_aarch64"],["cp33","abi3","manylinux_2_23_aarch64"],["cp33","abi3","manylinux_2_22_aarch64"],["cp33","abi3","manylinux_2_21_aarch64"],["cp33","abi3","manylinux_2_20_aarch64"],["cp33","abi3","manylinux_2_19_aarch64"],["cp33","abi3","manylinux_2_18_aarch64"],["cp33","abi3","manylinux_2_17_aarch64"],["cp33","abi3","manylinux2014_aarch64"],["cp33","abi3","linux_aarch64"],["cp32","abi3","manylinux_2_27_aarch64"],["cp32","abi3","manylinux_2_26_aarch64"],["cp32","abi3","manylinux_2_25_aarch64"],["cp32","abi3","manylinux_2_24_aarch64"],["cp32","abi3","manylinux_2_23_aarch64"],["cp32","abi3","manylinux_2_22_aarch64"],["cp32","abi3","manylinux_2_21_aarch64"],["cp32","abi3","manylinux_2_20_aarch64"],["cp32","abi3","manylinux_2_19_aarch64"],["cp32","abi3","manylinux_2_18_aarch64"],["cp32","abi3","manylinux_2_17_aarch64"],["cp32","abi3","manylinux2014_aarch64"],["cp32","abi3","linux_aarch64"]],"pip_version":"21.3.1","packaging_version":"20.9"},"pip_freeze":"actionlib==1.12.1\naioice==0.6.18\naiortc==1.0.0\nasn1crypto==0.24.0\nattrs==17.4.0\nAutomat==0.6.0\nav @ file:///tmp/freedomrobotics5fjqmvtp/av-8.1.0-cp36-cp36m-manylinux_2_17_aarch64.whl\nblinker==1.4\nbondpy==1.8.5\ncamera_calibration_parsers==1.11.13\ncatkin==0.7.29\ncatkin-pkg==0.4.23\ncertifi==2018.1.18\ncffi==1.14.5\nchardet==3.0.4\nclick==6.7\ncloud-init==20.2\ncolorama==0.3.7\ncommand-not-found==0.3\nconfigobj==5.0.6\nconstantly==15.1.0\ncrc32c==2.0.1\ncryptography==3.4.4\ncv_bridge==1.13.0\ndataclasses==0.8\ndiagnostic_updater==1.9.7\ndistro==1.5.0\ndistro-info===0.18ubuntu0.18.04.1\ndocutils==0.17.1\ndynamic_reconfigure==1.6.3\nevdev==1.4.0\nFlask==1.1.2\nfreedomrobotics @ file:///tmp/freedomroboticstf69uf26/freedomrobotics-0.1.165-cp36-cp36m-linux_aarch64.whl\ngencpp==0.6.5\ngeneus==2.2.6\ngenlisp==0.4.16\ngenmsg==0.5.16\ngennodejs==2.0.1\ngenpy==0.6.16\nhttplib2==0.9.2\nhyperlink==17.3.1\nidna==2.6\nincremental==16.10.1\nitsdangerous==1.1.0\nJinja2==2.11.3\njsonpatch==1.16\njsonpointer==1.10\njsonschema==2.6.0\nkeyboard==0.13.5\nkeyring==10.6.0\nkeyrings.alt==3.0\nlanguage-selector==0.1\nMarkupSafe==1.0\nmessage_filters==1.14.11\nnetifaces==0.10.4\nnumpy==1.19.5\noauthlib==2.0.6\nopencv-python==4.5.5.62\npackaging==20.9\nPAM==0.4.2\nprotobuf==3.14.0\nprotobuf-to-dict==0.1.0\npsutil==5.8.0\npyasn1==0.4.2\npyasn1-modules==0.2.1\npycparser==2.20\npycrypto==2.6.1\npyee==8.1.0\npygame==1.9.6\nPyGObject==3.26.1\nPyJWT==1.5.3\npylibsrtp==0.6.7\npynput==1.7.3\nPyOpenGL==3.1.0\npyOpenSSL==17.5.0\npyparsing==2.4.7\npyserial==3.4\npython-apt==1.6.5+ubuntu0.5\npython-dateutil==2.8.1\npython-debian==0.1.32\npython-rapidjson==1.0\npython-xlib==0.30\npyxdg==0.25\nPyYAML==3.12\nrequests==2.18.4\nrequests-unixsocket==0.1.5\nrosbag==1.14.11\nrosboost-cfg==1.14.9\nrosclean==1.14.9\nroscreate==1.14.9\nrosdep==0.20.1\nrosdistro==0.8.3\nrosgraph==1.14.11\nroslaunch==1.14.11\nroslib==1.14.9\nroslz4==1.14.11\nrosmake==1.14.9\nrosmaster==1.14.11\nrosmsg==1.14.11\nrosnode==1.14.11\nrosparam==1.14.11\nrospkg==1.3.0\nrospy==1.14.11\nrosservice==1.14.11\nrostest==1.14.11\nrostopic==1.14.11\nrosunit==1.14.9\nroswtf==1.14.11\nRPi.GPIO==0.7.0\nrpimotorlib==2.7\nSecretStorage==2.3.1\nsensor-msgs==1.12.8\nservice-identity==16.0.0\nsetproctitle==1.2.2\nSharedArray==3.2.1\nsix==1.11.0\nsmclib==1.8.5\nssh-import-id==5.7\nsystemd-python==234\ntf2_py==0.6.5\ntf2_ros==0.6.5\ntopic_tools==1.14.11\nTwisted==17.9.0\nufw==0.36\nunattended-upgrades==0.1\nurllib3==1.22\nWerkzeug==1.0.1\nxbox==0.1.3\nxbox360controller==1.1.2\nyappi==1.3.2\nzope.interface==4.3.2","debug_details":{"run_level":"N 5","user":"ubuntu","sudo_available":true,"user_is_privileged":true,"is_python_virtual_env":false,"is_docker":false,"environment_variables":{"LD_LIBRARY_PATH":"/opt/ros/melodic/lib:/opt/ros/melodic/lib/aarch64-linux-gnu","ROS_ETC_DIR":"/opt/ros/melodic/etc/ros","CMAKE_PREFIX_PATH":"/opt/ros/melodic","ROS_ROOT":"/opt/ros/melodic/share/ros","ROS_MASTER_URI":"http://localhost:11311","ROS_VERSION":"1","ROS_PYTHON_VERSION":"2","PYTHONPATH":"/opt/ros/melodic/lib/python2.7/dist-packages","ROS_PACKAGE_PATH":"/opt/ros/melodic/share","ROSLISP_PACKAGE_DIRECTORIES":"","PATH":"/opt/ros/melodic/bin:/home/ubuntu/.local/bin:/usr/local/sbin:/usr/local/bin:/usr/sbin:/usr/bin:/sbin:/bin:/usr/games:/usr/local/games:/snap/bin","PKG_CONFIG_PATH":"/opt/ros/melodic/lib/pkgconfig","ROS_DISTRO":"melodic"},"python_bin_path":"/usr/bin/python3","ros_processes":["failed to get"]},"environment":{"user-agent":"curl/7.58.0","source-ip":"199.241.200.231","country":"US"}},"times":{"has_sudo_rights":5.04,"apt_update":25.48,"local_folders_permissions_check":0.51,"python_ssl_check":0.26,"verify_prerequisites":29.97,"install_prerequisites":0.55,"install_credentials":0.02,"install_remote_ssh":0.25,"disable_old_freedomrobotics":0.11,"uninstall_current_agent":21.39,"platform_details":[0.3,0.3,0.32],"get_wheel_package":[15.6,7.12],"check_ros_version":0.02,"install_webrtc_av_dependency":14.57,"install_webrtc_dependencies":3.77,"install_freedom_main_python_package":75.39,"install_freedom_robotics_service":17.2,"agent_running_check":[0.03,0.03],"time_total_install":134},"report":"b'MTY0Mjk2MTMzNC42Mjg4Mz","created":"2022-01-23 18:08:54","requesting_token":"***10FF66D2","requesting_token_type":"device","account":"A139C78C471C762F34F31F8DD","device":"D36F4D9E51F228A3B221D203CB1","account_name":"doug.cpr's account (doug.cpr@gmail.com)","device_name":"Deep Rose"}}
