[rospy.client][INFO] 2022-02-08 17:46:18,273: init_node, name[/listener], pid[20285]
[xmlrpc][INFO] 2022-02-08 17:46:18,275: XML-RPC server binding to 0.0.0.0:0
[xmlrpc][INFO] 2022-02-08 17:46:18,276: Started XML-RPC server [http://ubuntu:39827/]
[rospy.init][INFO] 2022-02-08 17:46:18,277: ROS Slave URI: [http://ubuntu:39827/]
[rospy.impl.masterslave][INFO] 2022-02-08 17:46:18,278: _ready: http://ubuntu:39827/
[xmlrpc][INFO] 2022-02-08 17:46:18,280: xml rpc node: starting XML-RPC server
[rospy.registration][INFO] 2022-02-08 17:46:18,282: Registering with master node http://localhost:11311
[rospy.init][INFO] 2022-02-08 17:46:18,379: registered with master
[rospy.rosout][INFO] 2022-02-08 17:46:18,380: initializing /rosout core topic
[rospy.rosout][INFO] 2022-02-08 17:46:18,388: connected to core topic /rosout
[rospy.simtime][INFO] 2022-02-08 17:46:18,392: /use_sim_time is not set, will not subscribe to simulated time [/clock] topic
[rospy.internal][INFO] 2022-02-08 17:46:18,455: topic[/video/click] adding connection to [http://ubuntu:42273/], count 0
[rospy.internal][INFO] 2022-02-08 17:46:18,654: topic[/rosout] adding connection to [/rosout], count 0
[rospy.internal][INFO] 2022-02-08 23:57:45,537: topic[/rosout] removing connection to /rosout
[rospy.core][INFO] 2022-02-08 23:59:56,380: signal_shutdown [signal-2]
[rospy.registration][WARNING] 2022-02-08 23:59:56,383: cannot unregister with master due to network issues
[rospy.internal][INFO] 2022-02-08 23:59:56,384: topic[/video/click] removing connection to http://ubuntu:42273/
[rospy.impl.masterslave][INFO] 2022-02-08 23:59:56,384: signal-2
[rospy.internal][WARNING] 2022-02-08 23:59:56,385: Unknown error initiating TCP/IP socket to ubuntu:45043 (http://ubuntu:42273/): Traceback (most recent call last):
  File "/opt/ros/melodic/lib/python2.7/dist-packages/rospy/impl/tcpros_base.py", line 562, in connect
    self.read_header()
  File "/opt/ros/melodic/lib/python2.7/dist-packages/rospy/impl/tcpros_base.py", line 657, in read_header
    self._validate_header(read_ros_handshake_header(sock, self.read_buff, self.protocol.buff_size))
  File "/opt/ros/melodic/lib/python2.7/dist-packages/rosgraph/network.py", line 359, in read_ros_handshake_header
    raise ROSHandshakeException("connection from sender terminated before handshake header received. %s bytes were received. Please check sender for additional details."%b.tell())
ROSHandshakeException: connection from sender terminated before handshake header received. 0 bytes were received. Please check sender for additional details.

[rospy.core][INFO] 2022-02-08 23:59:56,501: signal_shutdown [atexit]
