[rospy.client][INFO] 2022-02-08 17:46:19,151: init_node, name[/webcam], pid[20284]
[xmlrpc][INFO] 2022-02-08 17:46:19,152: XML-RPC server binding to 0.0.0.0:0
[xmlrpc][INFO] 2022-02-08 17:46:19,153: Started XML-RPC server [http://ubuntu:33531/]
[rospy.init][INFO] 2022-02-08 17:46:19,154: ROS Slave URI: [http://ubuntu:33531/]
[rospy.impl.masterslave][INFO] 2022-02-08 17:46:19,154: _ready: http://ubuntu:33531/
[xmlrpc][INFO] 2022-02-08 17:46:19,156: xml rpc node: starting XML-RPC server
[rospy.registration][INFO] 2022-02-08 17:46:19,156: Registering with master node http://localhost:11311
[rospy.registration][INFO] 2022-02-08 17:46:19,157: Registering publisher topic [/image_raw] type [sensor_msgs/Image] with master
[rospy.init][INFO] 2022-02-08 17:46:19,255: registered with master
[rospy.rosout][INFO] 2022-02-08 17:46:19,256: initializing /rosout core topic
[rospy.rosout][INFO] 2022-02-08 17:46:19,261: connected to core topic /rosout
[rospy.simtime][INFO] 2022-02-08 17:46:19,264: /use_sim_time is not set, will not subscribe to simulated time [/clock] topic
[rospy.internal][INFO] 2022-02-08 17:46:19,561: topic[/rosout] adding connection to [/rosout], count 0
[rospy.internal][INFO] 2022-02-08 17:46:20,690: topic[/image_raw] adding connection to [/link_ros], count 0
[rospy.internal][INFO] 2022-02-08 23:57:45,854: topic[/rosout] removing connection to /rosout
[rospy.internal][INFO] 2022-02-08 23:57:47,356: topic[/image_raw] removing connection to /link_ros
[rospy.core][INFO] 2022-02-08 23:59:56,411: signal_shutdown [signal-2]
[rospy.registration][WARNING] 2022-02-08 23:59:56,413: cannot unregister with master due to network issues
[rospy.impl.masterslave][INFO] 2022-02-08 23:59:56,414: signal-2
[rospy.core][INFO] 2022-02-08 23:59:56,552: signal_shutdown [atexit]
