[rosmaster.main][INFO] 2022-01-20 15:55:13,733: initialization complete, waiting for shutdown
[rosmaster.main][INFO] 2022-01-20 15:55:13,734: Starting ROS Master Node
[xmlrpc][INFO] 2022-01-20 15:55:13,735: XML-RPC server binding to 0.0.0.0:11311
[xmlrpc][INFO] 2022-01-20 15:55:13,736: Started XML-RPC server [http://ubuntu:11311/]
[rosmaster.master][INFO] 2022-01-20 15:55:13,737: Master initialized: port[11311], uri[http://ubuntu:11311/]
[xmlrpc][INFO] 2022-01-20 15:55:13,737: xml rpc node: starting XML-RPC server
[rosmaster.master][INFO] 2022-01-20 15:55:13,806: +PARAM [/run_id] by /roslaunch
[rosmaster.master][INFO] 2022-01-20 15:55:13,809: +PARAM [/roslaunch/uris/host_ubuntu__42789] by /roslaunch
[rosmaster.master][INFO] 2022-01-20 15:55:13,882: +PARAM [/rosversion] by /roslaunch
[rosmaster.master][INFO] 2022-01-20 15:55:13,883: +PARAM [/rosdistro] by /roslaunch
[rosmaster.master][INFO] 2022-01-20 15:55:13,910: +SERVICE [/rosout/get_loggers] /rosout http://ubuntu:46879/
[rosmaster.master][INFO] 2022-01-20 15:55:13,911: +SERVICE [/rosout/set_logger_level] /rosout http://ubuntu:46879/
[rosmaster.master][INFO] 2022-01-20 15:55:13,914: +PUB [/rosout_agg] /rosout http://ubuntu:46879/
[rosmaster.master][INFO] 2022-01-20 15:55:13,919: +SUB [/rosout] /rosout http://ubuntu:46879/
[rosmaster.master][INFO] 2022-01-20 15:56:32,798: +PUB [/chatter] /talker_22829_1642694192738 http://ubuntu:33951/
[rosmaster.master][INFO] 2022-01-20 15:56:32,897: +PUB [/rosout] /talker_22829_1642694192738 http://ubuntu:33951/
[rosmaster.master][INFO] 2022-01-20 15:56:32,906: +SERVICE [/talker_22829_1642694192738/get_loggers] /talker_22829_1642694192738 http://ubuntu:33951/
[rosmaster.master][INFO] 2022-01-20 15:56:32,909: +SERVICE [/talker_22829_1642694192738/set_logger_level] /talker_22829_1642694192738 http://ubuntu:33951/
[rosmaster.master][INFO] 2022-01-20 15:56:32,911: +CACHEDPARAM [/rosout_disable_topics_generation] by /talker_22829_1642694192738
[rosmaster.master][INFO] 2022-01-20 15:56:32,981: publisherUpdate[/rosout] -> http://ubuntu:46879/ ['http://ubuntu:33951/']
[rosmaster.master][INFO] 2022-01-20 15:56:32,995: publisherUpdate[/rosout] -> http://ubuntu:46879/ ['http://ubuntu:33951/']: sec=0.01, result=[1, '', 0]
[rosmaster.master][INFO] 2022-01-20 15:56:33,206: +CACHEDPARAM [/rosout/omit_topics] by /rosout
[rosmaster.master][INFO] 2022-01-20 15:56:36,914: +CACHEDPARAM [/rosout_disable_topics_generation] by /talker_22829_1642694192738
[rosmaster.master][INFO] 2022-01-20 15:56:40,917: +CACHEDPARAM [/rosout_disable_topics_generation] by /talker_22829_1642694192738
[rosmaster.master][INFO] 2022-01-20 15:56:44,914: +CACHEDPARAM [/rosout_disable_topics_generation] by /talker_22829_1642694192738
[rosmaster.master][INFO] 2022-01-20 15:56:48,913: +CACHEDPARAM [/rosout_disable_topics_generation] by /talker_22829_1642694192738
[rosmaster.master][INFO] 2022-01-20 15:56:52,917: +CACHEDPARAM [/rosout_disable_topics_generation] by /talker_22829_1642694192738
[rosmaster.master][INFO] 2022-01-20 15:56:56,917: +CACHEDPARAM [/rosout_disable_topics_generation] by /talker_22829_1642694192738
[rosmaster.master][INFO] 2022-01-20 15:57:00,917: +CACHEDPARAM [/rosout_disable_topics_generation] by /talker_22829_1642694192738
[rosmaster.master][INFO] 2022-01-20 15:57:04,913: +CACHEDPARAM [/rosout_disable_topics_generation] by /talker_22829_1642694192738
[rosmaster.master][INFO] 2022-01-20 15:57:08,914: +CACHEDPARAM [/rosout_disable_topics_generation] by /talker_22829_1642694192738
[rosmaster.master][INFO] 2022-01-20 15:57:12,917: +CACHEDPARAM [/rosout_disable_topics_generation] by /talker_22829_1642694192738
[rosmaster.master][INFO] 2022-01-20 15:57:16,917: +CACHEDPARAM [/rosout_disable_topics_generation] by /talker_22829_1642694192738
[rosmaster.master][INFO] 2022-01-20 15:57:20,917: +CACHEDPARAM [/rosout_disable_topics_generation] by /talker_22829_1642694192738
[rosmaster.master][INFO] 2022-01-20 15:57:24,914: +CACHEDPARAM [/rosout_disable_topics_generation] by /talker_22829_1642694192738
[rosmaster.master][INFO] 2022-01-20 15:57:28,917: +CACHEDPARAM [/rosout_disable_topics_generation] by /talker_22829_1642694192738
[rosmaster.master][INFO] 2022-01-20 15:57:32,914: +CACHEDPARAM [/rosout_disable_topics_generation] by /talker_22829_1642694192738
[rosmaster.master][INFO] 2022-01-20 15:57:36,917: +CACHEDPARAM [/rosout_disable_topics_generation] by /talker_22829_1642694192738
[rosmaster.master][INFO] 2022-01-20 15:57:40,917: +CACHEDPARAM [/rosout_disable_topics_generation] by /talker_22829_1642694192738
[rosmaster.master][INFO] 2022-01-20 15:57:44,917: +CACHEDPARAM [/rosout_disable_topics_generation] by /talker_22829_1642694192738
[rosmaster.master][INFO] 2022-01-20 15:57:48,914: +CACHEDPARAM [/rosout_disable_topics_generation] by /talker_22829_1642694192738
[rosmaster.master][INFO] 2022-01-20 15:57:52,917: +CACHEDPARAM [/rosout_disable_topics_generation] by /talker_22829_1642694192738
[rosmaster.master][INFO] 2022-01-20 15:57:56,917: +CACHEDPARAM [/rosout_disable_topics_generation] by /talker_22829_1642694192738
[rosmaster.master][INFO] 2022-01-20 15:58:00,917: +CACHEDPARAM [/rosout_disable_topics_generation] by /talker_22829_1642694192738
[rosmaster.master][INFO] 2022-01-20 15:58:04,917: +CACHEDPARAM [/rosout_disable_topics_generation] by /talker_22829_1642694192738
[rosmaster.master][INFO] 2022-01-20 15:58:08,917: +CACHEDPARAM [/rosout_disable_topics_generation] by /talker_22829_1642694192738
[rosmaster.master][INFO] 2022-01-20 15:58:12,917: +CACHEDPARAM [/rosout_disable_topics_generation] by /talker_22829_1642694192738
[rosmaster.master][INFO] 2022-01-20 15:58:16,917: +CACHEDPARAM [/rosout_disable_topics_generation] by /talker_22829_1642694192738
[rosmaster.master][INFO] 2022-01-20 15:58:20,917: +CACHEDPARAM [/rosout_disable_topics_generation] by /talker_22829_1642694192738
[rosmaster.master][INFO] 2022-01-20 15:58:24,917: +CACHEDPARAM [/rosout_disable_topics_generation] by /talker_22829_1642694192738
[rosmaster.master][INFO] 2022-01-20 15:58:28,915: +CACHEDPARAM [/rosout_disable_topics_generation] by /talker_22829_1642694192738
[rosmaster.master][INFO] 2022-01-20 15:58:32,917: +CACHEDPARAM [/rosout_disable_topics_generation] by /talker_22829_1642694192738
[rosmaster.master][INFO] 2022-01-20 15:58:36,914: +CACHEDPARAM [/rosout_disable_topics_generation] by /talker_22829_1642694192738
[rosmaster.master][INFO] 2022-01-20 15:58:40,917: +CACHEDPARAM [/rosout_disable_topics_generation] by /talker_22829_1642694192738
[rosmaster.master][INFO] 2022-01-20 15:58:44,915: +CACHEDPARAM [/rosout_disable_topics_generation] by /talker_22829_1642694192738
[rosmaster.master][INFO] 2022-01-20 15:58:48,914: +CACHEDPARAM [/rosout_disable_topics_generation] by /talker_22829_1642694192738
[rosmaster.master][INFO] 2022-01-20 15:58:52,914: +CACHEDPARAM [/rosout_disable_topics_generation] by /talker_22829_1642694192738
[rosmaster.master][INFO] 2022-01-20 15:58:56,917: +CACHEDPARAM [/rosout_disable_topics_generation] by /talker_22829_1642694192738
[rosmaster.master][INFO] 2022-01-20 15:59:00,917: +CACHEDPARAM [/rosout_disable_topics_generation] by /talker_22829_1642694192738
[rosmaster.master][INFO] 2022-01-20 15:59:04,914: +CACHEDPARAM [/rosout_disable_topics_generation] by /talker_22829_1642694192738
[rosmaster.master][INFO] 2022-01-20 15:59:08,917: +CACHEDPARAM [/rosout_disable_topics_generation] by /talker_22829_1642694192738
[rosmaster.master][INFO] 2022-01-20 15:59:12,917: +CACHEDPARAM [/rosout_disable_topics_generation] by /talker_22829_1642694192738
[rosmaster.master][INFO] 2022-01-20 15:59:16,917: +CACHEDPARAM [/rosout_disable_topics_generation] by /talker_22829_1642694192738
[rosmaster.master][INFO] 2022-01-20 15:59:20,918: +CACHEDPARAM [/rosout_disable_topics_generation] by /talker_22829_1642694192738
[rosmaster.master][INFO] 2022-01-20 15:59:24,917: +CACHEDPARAM [/rosout_disable_topics_generation] by /talker_22829_1642694192738
[rosmaster.master][INFO] 2022-01-20 15:59:28,917: +CACHEDPARAM [/rosout_disable_topics_generation] by /talker_22829_1642694192738
[rosmaster.master][INFO] 2022-01-20 15:59:32,917: +CACHEDPARAM [/rosout_disable_topics_generation] by /talker_22829_1642694192738
[rosmaster.master][INFO] 2022-01-20 15:59:36,917: +CACHEDPARAM [/rosout_disable_topics_generation] by /talker_22829_1642694192738
[rosmaster.master][INFO] 2022-01-20 15:59:40,915: +CACHEDPARAM [/rosout_disable_topics_generation] by /talker_22829_1642694192738
[rosmaster.master][INFO] 2022-01-20 15:59:44,917: +CACHEDPARAM [/rosout_disable_topics_generation] by /talker_22829_1642694192738
[rosmaster.master][INFO] 2022-01-20 15:59:48,914: +CACHEDPARAM [/rosout_disable_topics_generation] by /talker_22829_1642694192738
[rosmaster.master][INFO] 2022-01-20 15:59:52,917: +CACHEDPARAM [/rosout_disable_topics_generation] by /talker_22829_1642694192738
[rosmaster.master][INFO] 2022-01-20 15:59:56,917: +CACHEDPARAM [/rosout_disable_topics_generation] by /talker_22829_1642694192738
[rosmaster.master][INFO] 2022-01-20 16:00:00,917: +CACHEDPARAM [/rosout_disable_topics_generation] by /talker_22829_1642694192738
[rosmaster.master][INFO] 2022-01-20 16:00:04,917: +CACHEDPARAM [/rosout_disable_topics_generation] by /talker_22829_1642694192738
[rosmaster.master][INFO] 2022-01-20 16:00:08,916: +CACHEDPARAM [/rosout_disable_topics_generation] by /talker_22829_1642694192738
[rosmaster.master][INFO] 2022-01-20 16:00:12,914: +CACHEDPARAM [/rosout_disable_topics_generation] by /talker_22829_1642694192738
[rosmaster.master][INFO] 2022-01-20 16:00:16,917: +CACHEDPARAM [/rosout_disable_topics_generation] by /talker_22829_1642694192738
[rosmaster.master][INFO] 2022-01-20 16:00:20,914: +CACHEDPARAM [/rosout_disable_topics_generation] by /talker_22829_1642694192738
[rosmaster.master][INFO] 2022-01-20 16:00:24,917: +CACHEDPARAM [/rosout_disable_topics_generation] by /talker_22829_1642694192738
[rosmaster.master][INFO] 2022-01-20 16:00:28,914: +CACHEDPARAM [/rosout_disable_topics_generation] by /talker_22829_1642694192738
[rosmaster.master][INFO] 2022-01-20 16:00:32,917: +CACHEDPARAM [/rosout_disable_topics_generation] by /talker_22829_1642694192738
[rosmaster.master][INFO] 2022-01-20 16:00:36,914: +CACHEDPARAM [/rosout_disable_topics_generation] by /talker_22829_1642694192738
[rosmaster.master][INFO] 2022-01-20 16:00:40,915: +CACHEDPARAM [/rosout_disable_topics_generation] by /talker_22829_1642694192738
[rosmaster.master][INFO] 2022-01-20 16:00:44,917: +CACHEDPARAM [/rosout_disable_topics_generation] by /talker_22829_1642694192738
[rosmaster.master][INFO] 2022-01-20 16:00:48,917: +CACHEDPARAM [/rosout_disable_topics_generation] by /talker_22829_1642694192738
[rosmaster.master][INFO] 2022-01-20 16:00:52,917: +CACHEDPARAM [/rosout_disable_topics_generation] by /talker_22829_1642694192738
[rosmaster.master][INFO] 2022-01-20 16:00:56,917: +CACHEDPARAM [/rosout_disable_topics_generation] by /talker_22829_1642694192738
[rosmaster.master][INFO] 2022-01-20 16:01:00,917: +CACHEDPARAM [/rosout_disable_topics_generation] by /talker_22829_1642694192738
[rosmaster.master][INFO] 2022-01-20 16:01:04,917: +CACHEDPARAM [/rosout_disable_topics_generation] by /talker_22829_1642694192738
[rosmaster.master][INFO] 2022-01-20 16:01:08,914: +CACHEDPARAM [/rosout_disable_topics_generation] by /talker_22829_1642694192738
[rosmaster.master][INFO] 2022-01-20 16:01:12,917: +CACHEDPARAM [/rosout_disable_topics_generation] by /talker_22829_1642694192738
[rosmaster.master][INFO] 2022-01-20 16:01:16,914: +CACHEDPARAM [/rosout_disable_topics_generation] by /talker_22829_1642694192738
[rosmaster.master][INFO] 2022-01-20 16:01:20,917: +CACHEDPARAM [/rosout_disable_topics_generation] by /talker_22829_1642694192738
[rosmaster.master][INFO] 2022-01-20 16:01:24,914: +CACHEDPARAM [/rosout_disable_topics_generation] by /talker_22829_1642694192738
[rosmaster.master][INFO] 2022-01-20 16:01:28,917: +CACHEDPARAM [/rosout_disable_topics_generation] by /talker_22829_1642694192738
[rosmaster.master][INFO] 2022-01-20 16:01:32,914: +CACHEDPARAM [/rosout_disable_topics_generation] by /talker_22829_1642694192738
[rosmaster.master][INFO] 2022-01-20 16:01:36,917: +CACHEDPARAM [/rosout_disable_topics_generation] by /talker_22829_1642694192738
[rosmaster.master][INFO] 2022-01-20 16:01:40,915: +CACHEDPARAM [/rosout_disable_topics_generation] by /talker_22829_1642694192738
[rosmaster.master][INFO] 2022-01-20 16:01:44,914: +CACHEDPARAM [/rosout_disable_topics_generation] by /talker_22829_1642694192738
[rosmaster.master][INFO] 2022-01-20 16:01:48,917: +CACHEDPARAM [/rosout_disable_topics_generation] by /talker_22829_1642694192738
[rosmaster.master][INFO] 2022-01-20 16:01:52,917: +CACHEDPARAM [/rosout_disable_topics_generation] by /talker_22829_1642694192738
[rosmaster.master][INFO] 2022-01-20 16:01:56,917: +CACHEDPARAM [/rosout_disable_topics_generation] by /talker_22829_1642694192738
[rosmaster.master][INFO] 2022-01-20 16:02:00,917: +CACHEDPARAM [/rosout_disable_topics_generation] by /talker_22829_1642694192738
[rosmaster.master][INFO] 2022-01-20 16:02:04,917: +CACHEDPARAM [/rosout_disable_topics_generation] by /talker_22829_1642694192738
[rosmaster.master][INFO] 2022-01-20 16:02:08,917: +CACHEDPARAM [/rosout_disable_topics_generation] by /talker_22829_1642694192738
[rosmaster.master][INFO] 2022-01-20 16:02:12,917: +CACHEDPARAM [/rosout_disable_topics_generation] by /talker_22829_1642694192738
[rosmaster.master][INFO] 2022-01-20 16:02:16,917: +CACHEDPARAM [/rosout_disable_topics_generation] by /talker_22829_1642694192738
[rosmaster.master][INFO] 2022-01-20 16:02:20,917: +CACHEDPARAM [/rosout_disable_topics_generation] by /talker_22829_1642694192738
[rosmaster.master][INFO] 2022-01-20 16:02:24,917: +CACHEDPARAM [/rosout_disable_topics_generation] by /talker_22829_1642694192738
[rosmaster.master][INFO] 2022-01-20 16:02:28,917: +CACHEDPARAM [/rosout_disable_topics_generation] by /talker_22829_1642694192738
[rosmaster.master][INFO] 2022-01-20 16:02:32,917: +CACHEDPARAM [/rosout_disable_topics_generation] by /talker_22829_1642694192738
[rosmaster.master][INFO] 2022-01-20 16:02:36,917: +CACHEDPARAM [/rosout_disable_topics_generation] by /talker_22829_1642694192738
[rosmaster.master][INFO] 2022-01-20 16:02:40,916: +CACHEDPARAM [/rosout_disable_topics_generation] by /talker_22829_1642694192738
[rosmaster.master][INFO] 2022-01-20 16:02:44,917: +CACHEDPARAM [/rosout_disable_topics_generation] by /talker_22829_1642694192738
[rosmaster.master][INFO] 2022-01-20 16:02:48,917: +CACHEDPARAM [/rosout_disable_topics_generation] by /talker_22829_1642694192738
[rosmaster.master][INFO] 2022-01-20 16:02:52,917: +CACHEDPARAM [/rosout_disable_topics_generation] by /talker_22829_1642694192738
[rosmaster.master][INFO] 2022-01-20 16:02:56,917: +CACHEDPARAM [/rosout_disable_topics_generation] by /talker_22829_1642694192738
[rosmaster.master][INFO] 2022-01-20 16:03:00,917: +CACHEDPARAM [/rosout_disable_topics_generation] by /talker_22829_1642694192738
[rosmaster.master][INFO] 2022-01-20 16:03:04,917: +CACHEDPARAM [/rosout_disable_topics_generation] by /talker_22829_1642694192738
[rosmaster.master][INFO] 2022-01-20 16:03:08,917: +CACHEDPARAM [/rosout_disable_topics_generation] by /talker_22829_1642694192738
[rosmaster.master][INFO] 2022-01-20 16:03:12,917: +CACHEDPARAM [/rosout_disable_topics_generation] by /talker_22829_1642694192738
[rosmaster.master][INFO] 2022-01-20 16:03:16,917: +CACHEDPARAM [/rosout_disable_topics_generation] by /talker_22829_1642694192738
[rosmaster.master][INFO] 2022-01-20 16:03:20,917: +CACHEDPARAM [/rosout_disable_topics_generation] by /talker_22829_1642694192738
[rosmaster.master][INFO] 2022-01-20 16:03:24,914: +CACHEDPARAM [/rosout_disable_topics_generation] by /talker_22829_1642694192738
[rosmaster.master][INFO] 2022-01-20 16:03:28,917: +CACHEDPARAM [/rosout_disable_topics_generation] by /talker_22829_1642694192738
[rosmaster.master][INFO] 2022-01-20 16:03:29,093: -PUB [/rosout_agg] /rosout http://ubuntu:46879/
[rosmaster.master][INFO] 2022-01-20 16:03:29,094: -SUB [/rosout] /rosout http://ubuntu:46879/
[rosmaster.master][INFO] 2022-01-20 16:03:29,096: -SERVICE [/rosout/get_loggers] /rosout rosrpc://ubuntu:52175
[rosmaster.master][INFO] 2022-01-20 16:03:29,097: -SERVICE [/rosout/set_logger_level] /rosout rosrpc://ubuntu:52175
[rosmaster.master][INFO] 2022-01-20 16:03:29,098: -CACHEDPARAM [/rosout/omit_topics] by /rosout
[rosmaster.main][INFO] 2022-01-20 16:03:29,196: keyboard interrupt, will exit
[rosmaster.main][INFO] 2022-01-20 16:03:29,196: stopping master...
[rospy.core][INFO] 2022-01-20 16:03:29,197: signal_shutdown [atexit]
