The system is: Linux - 5.4.0-1056-raspi - aarch64
Compiling the C compiler identification source file "CMakeCCompilerId.c" succeeded.
Compiler: /usr/bin/cc 
Build flags: 
Id flags:  

The output was:
0


Compilation of the C compiler identification source "CMakeCCompilerId.c" produced "a.out"

The C compiler identification is GNU, found in "/home/ubuntu/ros2_foxy/build/uncrustify_vendor/uncrustify-0.68.1-prefix/src/uncrustify-0.68.1-build/CMakeFiles/3.10.2/CompilerIdC/a.out"

Compiling the CXX compiler identification source file "CMakeCXXCompilerId.cpp" succeeded.
Compiler: /usr/bin/c++ 
Build flags: 
Id flags:  

The output was:
0


Compilation of the CXX compiler identification source "CMakeCXXCompilerId.cpp" produced "a.out"

The CXX compiler identification is GNU, found in "/home/ubuntu/ros2_foxy/build/uncrustify_vendor/uncrustify-0.68.1-prefix/src/uncrustify-0.68.1-build/CMakeFiles/3.10.2/CompilerIdCXX/a.out"

Determining if the C compiler works passed with the following output:
Change Dir: /home/ubuntu/ros2_foxy/build/uncrustify_vendor/uncrustify-0.68.1-prefix/src/uncrustify-0.68.1-build/CMakeFiles/CMakeTmp

Run Build Command:"/usr/bin/make" "cmTC_8eb12/fast"
make[3]: Entering directory '/home/ubuntu/ros2_foxy/build/uncrustify_vendor/uncrustify-0.68.1-prefix/src/uncrustify-0.68.1-build/CMakeFiles/CMakeTmp'
/usr/bin/make -f CMakeFiles/cmTC_8eb12.dir/build.make CMakeFiles/cmTC_8eb12.dir/build
make[4]: Entering directory '/home/ubuntu/ros2_foxy/build/uncrustify_vendor/uncrustify-0.68.1-prefix/src/uncrustify-0.68.1-build/CMakeFiles/CMakeTmp'
Building C object CMakeFiles/cmTC_8eb12.dir/testCCompiler.c.o
/usr/bin/cc    -o CMakeFiles/cmTC_8eb12.dir/testCCompiler.c.o   -c /home/ubuntu/ros2_foxy/build/uncrustify_vendor/uncrustify-0.68.1-prefix/src/uncrustify-0.68.1-build/CMakeFiles/CMakeTmp/testCCompiler.c
Linking C executable cmTC_8eb12
/usr/bin/cmake -E cmake_link_script CMakeFiles/cmTC_8eb12.dir/link.txt --verbose=1
/usr/bin/cc      -rdynamic CMakeFiles/cmTC_8eb12.dir/testCCompiler.c.o  -o cmTC_8eb12 
make[4]: Leaving directory '/home/ubuntu/ros2_foxy/build/uncrustify_vendor/uncrustify-0.68.1-prefix/src/uncrustify-0.68.1-build/CMakeFiles/CMakeTmp'
make[3]: Leaving directory '/home/ubuntu/ros2_foxy/build/uncrustify_vendor/uncrustify-0.68.1-prefix/src/uncrustify-0.68.1-build/CMakeFiles/CMakeTmp'


Detecting C compiler ABI info compiled with the following output:
Change Dir: /home/ubuntu/ros2_foxy/build/uncrustify_vendor/uncrustify-0.68.1-prefix/src/uncrustify-0.68.1-build/CMakeFiles/CMakeTmp

Run Build Command:"/usr/bin/make" "cmTC_abfbf/fast"
make[3]: Entering directory '/home/ubuntu/ros2_foxy/build/uncrustify_vendor/uncrustify-0.68.1-prefix/src/uncrustify-0.68.1-build/CMakeFiles/CMakeTmp'
/usr/bin/make -f CMakeFiles/cmTC_abfbf.dir/build.make CMakeFiles/cmTC_abfbf.dir/build
make[4]: Entering directory '/home/ubuntu/ros2_foxy/build/uncrustify_vendor/uncrustify-0.68.1-prefix/src/uncrustify-0.68.1-build/CMakeFiles/CMakeTmp'
Building C object CMakeFiles/cmTC_abfbf.dir/CMakeCCompilerABI.c.o
/usr/bin/cc    -o CMakeFiles/cmTC_abfbf.dir/CMakeCCompilerABI.c.o   -c /usr/share/cmake-3.10/Modules/CMakeCCompilerABI.c
Linking C executable cmTC_abfbf
/usr/bin/cmake -E cmake_link_script CMakeFiles/cmTC_abfbf.dir/link.txt --verbose=1
/usr/bin/cc     -v -rdynamic CMakeFiles/cmTC_abfbf.dir/CMakeCCompilerABI.c.o  -o cmTC_abfbf 
Using built-in specs.
COLLECT_GCC=/usr/bin/cc
COLLECT_LTO_WRAPPER=/usr/lib/gcc/aarch64-linux-gnu/7/lto-wrapper
Target: aarch64-linux-gnu
Configured with: ../src/configure -v --with-pkgversion='Ubuntu/Linaro 7.5.0-3ubuntu1~18.04' --with-bugurl=file:///usr/share/doc/gcc-7/README.Bugs --enable-languages=c,ada,c++,go,d,fortran,objc,obj-c++ --prefix=/usr --with-gcc-major-version-only --program-suffix=-7 --program-prefix=aarch64-linux-gnu- --enable-shared --enable-linker-build-id --libexecdir=/usr/lib --without-included-gettext --enable-threads=posix --libdir=/usr/lib --enable-nls --enable-bootstrap --enable-clocale=gnu --enable-libstdcxx-debug --enable-libstdcxx-time=yes --with-default-libstdcxx-abi=new --enable-gnu-unique-object --disable-libquadmath --disable-libquadmath-support --enable-plugin --enable-default-pie --with-system-zlib --enable-multiarch --enable-fix-cortex-a53-843419 --disable-werror --enable-checking=release --build=aarch64-linux-gnu --host=aarch64-linux-gnu --target=aarch64-linux-gnu
Thread model: posix
gcc version 7.5.0 (Ubuntu/Linaro 7.5.0-3ubuntu1~18.04) 
COMPILER_PATH=/usr/lib/gcc/aarch64-linux-gnu/7/:/usr/lib/gcc/aarch64-linux-gnu/7/:/usr/lib/gcc/aarch64-linux-gnu/:/usr/lib/gcc/aarch64-linux-gnu/7/:/usr/lib/gcc/aarch64-linux-gnu/
LIBRARY_PATH=/usr/lib/gcc/aarch64-linux-gnu/7/:/usr/lib/gcc/aarch64-linux-gnu/7/../../../aarch64-linux-gnu/:/usr/lib/gcc/aarch64-linux-gnu/7/../../../../lib/:/lib/aarch64-linux-gnu/:/lib/../lib/:/usr/lib/aarch64-linux-gnu/:/usr/lib/../lib/:/usr/lib/gcc/aarch64-linux-gnu/7/../../../:/lib/:/usr/lib/
COLLECT_GCC_OPTIONS='-v' '-rdynamic' '-o' 'cmTC_abfbf' '-mlittle-endian' '-mabi=lp64'
 /usr/lib/gcc/aarch64-linux-gnu/7/collect2 -plugin /usr/lib/gcc/aarch64-linux-gnu/7/liblto_plugin.so -plugin-opt=/usr/lib/gcc/aarch64-linux-gnu/7/lto-wrapper -plugin-opt=-fresolution=/tmp/ccIrw9M9.res -plugin-opt=-pass-through=-lgcc -plugin-opt=-pass-through=-lgcc_s -plugin-opt=-pass-through=-lc -plugin-opt=-pass-through=-lgcc -plugin-opt=-pass-through=-lgcc_s --build-id --eh-frame-hdr --hash-style=gnu --as-needed -export-dynamic -dynamic-linker /lib/ld-linux-aarch64.so.1 -X -EL -maarch64linux --fix-cortex-a53-843419 -pie -z now -z relro -o cmTC_abfbf /usr/lib/gcc/aarch64-linux-gnu/7/../../../aarch64-linux-gnu/Scrt1.o /usr/lib/gcc/aarch64-linux-gnu/7/../../../aarch64-linux-gnu/crti.o /usr/lib/gcc/aarch64-linux-gnu/7/crtbeginS.o -L/usr/lib/gcc/aarch64-linux-gnu/7 -L/usr/lib/gcc/aarch64-linux-gnu/7/../../../aarch64-linux-gnu -L/usr/lib/gcc/aarch64-linux-gnu/7/../../../../lib -L/lib/aarch64-linux-gnu -L/lib/../lib -L/usr/lib/aarch64-linux-gnu -L/usr/lib/../lib -L/usr/lib/gcc/aarch64-linux-gnu/7/../../.. CMakeFiles/cmTC_abfbf.dir/CMakeCCompilerABI.c.o -lgcc --push-state --as-needed -lgcc_s --pop-state -lc -lgcc --push-state --as-needed -lgcc_s --pop-state /usr/lib/gcc/aarch64-linux-gnu/7/crtendS.o /usr/lib/gcc/aarch64-linux-gnu/7/../../../aarch64-linux-gnu/crtn.o
COLLECT_GCC_OPTIONS='-v' '-rdynamic' '-o' 'cmTC_abfbf' '-mlittle-endian' '-mabi=lp64'
make[4]: Leaving directory '/home/ubuntu/ros2_foxy/build/uncrustify_vendor/uncrustify-0.68.1-prefix/src/uncrustify-0.68.1-build/CMakeFiles/CMakeTmp'
make[3]: Leaving directory '/home/ubuntu/ros2_foxy/build/uncrustify_vendor/uncrustify-0.68.1-prefix/src/uncrustify-0.68.1-build/CMakeFiles/CMakeTmp'


Parsed C implicit link information from above output:
  link line regex: [^( *|.*[/\])(ld|CMAKE_LINK_STARTFILE-NOTFOUND|([^/\]+-)?ld|collect2)[^/\]*( |$)]
  ignore line: [Change Dir: /home/ubuntu/ros2_foxy/build/uncrustify_vendor/uncrustify-0.68.1-prefix/src/uncrustify-0.68.1-build/CMakeFiles/CMakeTmp]
  ignore line: []
  ignore line: [Run Build Command:"/usr/bin/make" "cmTC_abfbf/fast"]
  ignore line: [make[3]: Entering directory '/home/ubuntu/ros2_foxy/build/uncrustify_vendor/uncrustify-0.68.1-prefix/src/uncrustify-0.68.1-build/CMakeFiles/CMakeTmp']
  ignore line: [/usr/bin/make -f CMakeFiles/cmTC_abfbf.dir/build.make CMakeFiles/cmTC_abfbf.dir/build]
  ignore line: [make[4]: Entering directory '/home/ubuntu/ros2_foxy/build/uncrustify_vendor/uncrustify-0.68.1-prefix/src/uncrustify-0.68.1-build/CMakeFiles/CMakeTmp']
  ignore line: [Building C object CMakeFiles/cmTC_abfbf.dir/CMakeCCompilerABI.c.o]
  ignore line: [/usr/bin/cc    -o CMakeFiles/cmTC_abfbf.dir/CMakeCCompilerABI.c.o   -c /usr/share/cmake-3.10/Modules/CMakeCCompilerABI.c]
  ignore line: [Linking C executable cmTC_abfbf]
  ignore line: [/usr/bin/cmake -E cmake_link_script CMakeFiles/cmTC_abfbf.dir/link.txt --verbose=1]
  ignore line: [/usr/bin/cc     -v -rdynamic CMakeFiles/cmTC_abfbf.dir/CMakeCCompilerABI.c.o  -o cmTC_abfbf ]
  ignore line: [Using built-in specs.]
  ignore line: [COLLECT_GCC=/usr/bin/cc]
  ignore line: [COLLECT_LTO_WRAPPER=/usr/lib/gcc/aarch64-linux-gnu/7/lto-wrapper]
  ignore line: [Target: aarch64-linux-gnu]
  ignore line: [Configured with: ../src/configure -v --with-pkgversion='Ubuntu/Linaro 7.5.0-3ubuntu1~18.04' --with-bugurl=file:///usr/share/doc/gcc-7/README.Bugs --enable-languages=c,ada,c++,go,d,fortran,objc,obj-c++ --prefix=/usr --with-gcc-major-version-only --program-suffix=-7 --program-prefix=aarch64-linux-gnu- --enable-shared --enable-linker-build-id --libexecdir=/usr/lib --without-included-gettext --enable-threads=posix --libdir=/usr/lib --enable-nls --enable-bootstrap --enable-clocale=gnu --enable-libstdcxx-debug --enable-libstdcxx-time=yes --with-default-libstdcxx-abi=new --enable-gnu-unique-object --disable-libquadmath --disable-libquadmath-support --enable-plugin --enable-default-pie --with-system-zlib --enable-multiarch --enable-fix-cortex-a53-843419 --disable-werror --enable-checking=release --build=aarch64-linux-gnu --host=aarch64-linux-gnu --target=aarch64-linux-gnu]
  ignore line: [Thread model: posix]
  ignore line: [gcc version 7.5.0 (Ubuntu/Linaro 7.5.0-3ubuntu1~18.04) ]
  ignore line: [COMPILER_PATH=/usr/lib/gcc/aarch64-linux-gnu/7/:/usr/lib/gcc/aarch64-linux-gnu/7/:/usr/lib/gcc/aarch64-linux-gnu/:/usr/lib/gcc/aarch64-linux-gnu/7/:/usr/lib/gcc/aarch64-linux-gnu/]
  ignore line: [LIBRARY_PATH=/usr/lib/gcc/aarch64-linux-gnu/7/:/usr/lib/gcc/aarch64-linux-gnu/7/../../../aarch64-linux-gnu/:/usr/lib/gcc/aarch64-linux-gnu/7/../../../../lib/:/lib/aarch64-linux-gnu/:/lib/../lib/:/usr/lib/aarch64-linux-gnu/:/usr/lib/../lib/:/usr/lib/gcc/aarch64-linux-gnu/7/../../../:/lib/:/usr/lib/]
  ignore line: [COLLECT_GCC_OPTIONS='-v' '-rdynamic' '-o' 'cmTC_abfbf' '-mlittle-endian' '-mabi=lp64']
  link line: [ /usr/lib/gcc/aarch64-linux-gnu/7/collect2 -plugin /usr/lib/gcc/aarch64-linux-gnu/7/liblto_plugin.so -plugin-opt=/usr/lib/gcc/aarch64-linux-gnu/7/lto-wrapper -plugin-opt=-fresolution=/tmp/ccIrw9M9.res -plugin-opt=-pass-through=-lgcc -plugin-opt=-pass-through=-lgcc_s -plugin-opt=-pass-through=-lc -plugin-opt=-pass-through=-lgcc -plugin-opt=-pass-through=-lgcc_s --build-id --eh-frame-hdr --hash-style=gnu --as-needed -export-dynamic -dynamic-linker /lib/ld-linux-aarch64.so.1 -X -EL -maarch64linux --fix-cortex-a53-843419 -pie -z now -z relro -o cmTC_abfbf /usr/lib/gcc/aarch64-linux-gnu/7/../../../aarch64-linux-gnu/Scrt1.o /usr/lib/gcc/aarch64-linux-gnu/7/../../../aarch64-linux-gnu/crti.o /usr/lib/gcc/aarch64-linux-gnu/7/crtbeginS.o -L/usr/lib/gcc/aarch64-linux-gnu/7 -L/usr/lib/gcc/aarch64-linux-gnu/7/../../../aarch64-linux-gnu -L/usr/lib/gcc/aarch64-linux-gnu/7/../../../../lib -L/lib/aarch64-linux-gnu -L/lib/../lib -L/usr/lib/aarch64-linux-gnu -L/usr/lib/../lib -L/usr/lib/gcc/aarch64-linux-gnu/7/../../.. CMakeFiles/cmTC_abfbf.dir/CMakeCCompilerABI.c.o -lgcc --push-state --as-needed -lgcc_s --pop-state -lc -lgcc --push-state --as-needed -lgcc_s --pop-state /usr/lib/gcc/aarch64-linux-gnu/7/crtendS.o /usr/lib/gcc/aarch64-linux-gnu/7/../../../aarch64-linux-gnu/crtn.o]
    arg [/usr/lib/gcc/aarch64-linux-gnu/7/collect2] ==> ignore
    arg [-plugin] ==> ignore
    arg [/usr/lib/gcc/aarch64-linux-gnu/7/liblto_plugin.so] ==> ignore
    arg [-plugin-opt=/usr/lib/gcc/aarch64-linux-gnu/7/lto-wrapper] ==> ignore
    arg [-plugin-opt=-fresolution=/tmp/ccIrw9M9.res] ==> ignore
    arg [-plugin-opt=-pass-through=-lgcc] ==> ignore
    arg [-plugin-opt=-pass-through=-lgcc_s] ==> ignore
    arg [-plugin-opt=-pass-through=-lc] ==> ignore
    arg [-plugin-opt=-pass-through=-lgcc] ==> ignore
    arg [-plugin-opt=-pass-through=-lgcc_s] ==> ignore
    arg [--build-id] ==> ignore
    arg [--eh-frame-hdr] ==> ignore
    arg [--hash-style=gnu] ==> ignore
    arg [--as-needed] ==> ignore
    arg [-export-dynamic] ==> ignore
    arg [-dynamic-linker] ==> ignore
    arg [/lib/ld-linux-aarch64.so.1] ==> ignore
    arg [-X] ==> ignore
    arg [-EL] ==> ignore
    arg [-maarch64linux] ==> ignore
    arg [--fix-cortex-a53-843419] ==> ignore
    arg [-pie] ==> ignore
    arg [-znow] ==> ignore
    arg [-zrelro] ==> ignore
    arg [-o] ==> ignore
    arg [cmTC_abfbf] ==> ignore
    arg [/usr/lib/gcc/aarch64-linux-gnu/7/../../../aarch64-linux-gnu/Scrt1.o] ==> ignore
    arg [/usr/lib/gcc/aarch64-linux-gnu/7/../../../aarch64-linux-gnu/crti.o] ==> ignore
    arg [/usr/lib/gcc/aarch64-linux-gnu/7/crtbeginS.o] ==> ignore
    arg [-L/usr/lib/gcc/aarch64-linux-gnu/7] ==> dir [/usr/lib/gcc/aarch64-linux-gnu/7]
    arg [-L/usr/lib/gcc/aarch64-linux-gnu/7/../../../aarch64-linux-gnu] ==> dir [/usr/lib/gcc/aarch64-linux-gnu/7/../../../aarch64-linux-gnu]
    arg [-L/usr/lib/gcc/aarch64-linux-gnu/7/../../../../lib] ==> dir [/usr/lib/gcc/aarch64-linux-gnu/7/../../../../lib]
    arg [-L/lib/aarch64-linux-gnu] ==> dir [/lib/aarch64-linux-gnu]
    arg [-L/lib/../lib] ==> dir [/lib/../lib]
    arg [-L/usr/lib/aarch64-linux-gnu] ==> dir [/usr/lib/aarch64-linux-gnu]
    arg [-L/usr/lib/../lib] ==> dir [/usr/lib/../lib]
    arg [-L/usr/lib/gcc/aarch64-linux-gnu/7/../../..] ==> dir [/usr/lib/gcc/aarch64-linux-gnu/7/../../..]
    arg [CMakeFiles/cmTC_abfbf.dir/CMakeCCompilerABI.c.o] ==> ignore
    arg [-lgcc] ==> lib [gcc]
    arg [--push-state] ==> ignore
    arg [--as-needed] ==> ignore
    arg [-lgcc_s] ==> lib [gcc_s]
    arg [--pop-state] ==> ignore
    arg [-lc] ==> lib [c]
    arg [-lgcc] ==> lib [gcc]
    arg [--push-state] ==> ignore
    arg [--as-needed] ==> ignore
    arg [-lgcc_s] ==> lib [gcc_s]
    arg [--pop-state] ==> ignore
    arg [/usr/lib/gcc/aarch64-linux-gnu/7/crtendS.o] ==> ignore
    arg [/usr/lib/gcc/aarch64-linux-gnu/7/../../../aarch64-linux-gnu/crtn.o] ==> ignore
  collapse library dir [/usr/lib/gcc/aarch64-linux-gnu/7] ==> [/usr/lib/gcc/aarch64-linux-gnu/7]
  collapse library dir [/usr/lib/gcc/aarch64-linux-gnu/7/../../../aarch64-linux-gnu] ==> [/usr/lib/aarch64-linux-gnu]
  collapse library dir [/usr/lib/gcc/aarch64-linux-gnu/7/../../../../lib] ==> [/usr/lib]
  collapse library dir [/lib/aarch64-linux-gnu] ==> [/lib/aarch64-linux-gnu]
  collapse library dir [/lib/../lib] ==> [/lib]
  collapse library dir [/usr/lib/aarch64-linux-gnu] ==> [/usr/lib/aarch64-linux-gnu]
  collapse library dir [/usr/lib/../lib] ==> [/usr/lib]
  collapse library dir [/usr/lib/gcc/aarch64-linux-gnu/7/../../..] ==> [/usr/lib]
  implicit libs: [gcc;gcc_s;c;gcc;gcc_s]
  implicit dirs: [/usr/lib/gcc/aarch64-linux-gnu/7;/usr/lib/aarch64-linux-gnu;/usr/lib;/lib/aarch64-linux-gnu;/lib]
  implicit fwks: []




Detecting C [-std=c11] compiler features compiled with the following output:
Change Dir: /home/ubuntu/ros2_foxy/build/uncrustify_vendor/uncrustify-0.68.1-prefix/src/uncrustify-0.68.1-build/CMakeFiles/CMakeTmp

Run Build Command:"/usr/bin/make" "cmTC_52f03/fast"
make[3]: Entering directory '/home/ubuntu/ros2_foxy/build/uncrustify_vendor/uncrustify-0.68.1-prefix/src/uncrustify-0.68.1-build/CMakeFiles/CMakeTmp'
/usr/bin/make -f CMakeFiles/cmTC_52f03.dir/build.make CMakeFiles/cmTC_52f03.dir/build
make[4]: Entering directory '/home/ubuntu/ros2_foxy/build/uncrustify_vendor/uncrustify-0.68.1-prefix/src/uncrustify-0.68.1-build/CMakeFiles/CMakeTmp'
Building C object CMakeFiles/cmTC_52f03.dir/feature_tests.c.o
/usr/bin/cc   -std=c11 -o CMakeFiles/cmTC_52f03.dir/feature_tests.c.o   -c /home/ubuntu/ros2_foxy/build/uncrustify_vendor/uncrustify-0.68.1-prefix/src/uncrustify-0.68.1-build/CMakeFiles/feature_tests.c
Linking C executable cmTC_52f03
/usr/bin/cmake -E cmake_link_script CMakeFiles/cmTC_52f03.dir/link.txt --verbose=1
/usr/bin/cc      -rdynamic CMakeFiles/cmTC_52f03.dir/feature_tests.c.o  -o cmTC_52f03 
make[4]: Leaving directory '/home/ubuntu/ros2_foxy/build/uncrustify_vendor/uncrustify-0.68.1-prefix/src/uncrustify-0.68.1-build/CMakeFiles/CMakeTmp'
make[3]: Leaving directory '/home/ubuntu/ros2_foxy/build/uncrustify_vendor/uncrustify-0.68.1-prefix/src/uncrustify-0.68.1-build/CMakeFiles/CMakeTmp'


    Feature record: C_FEATURE:1c_function_prototypes
    Feature record: C_FEATURE:1c_restrict
    Feature record: C_FEATURE:1c_static_assert
    Feature record: C_FEATURE:1c_variadic_macros


Detecting C [-std=c99] compiler features compiled with the following output:
Change Dir: /home/ubuntu/ros2_foxy/build/uncrustify_vendor/uncrustify-0.68.1-prefix/src/uncrustify-0.68.1-build/CMakeFiles/CMakeTmp

Run Build Command:"/usr/bin/make" "cmTC_8bf58/fast"
make[3]: Entering directory '/home/ubuntu/ros2_foxy/build/uncrustify_vendor/uncrustify-0.68.1-prefix/src/uncrustify-0.68.1-build/CMakeFiles/CMakeTmp'
/usr/bin/make -f CMakeFiles/cmTC_8bf58.dir/build.make CMakeFiles/cmTC_8bf58.dir/build
make[4]: Entering directory '/home/ubuntu/ros2_foxy/build/uncrustify_vendor/uncrustify-0.68.1-prefix/src/uncrustify-0.68.1-build/CMakeFiles/CMakeTmp'
Building C object CMakeFiles/cmTC_8bf58.dir/feature_tests.c.o
/usr/bin/cc   -std=c99 -o CMakeFiles/cmTC_8bf58.dir/feature_tests.c.o   -c /home/ubuntu/ros2_foxy/build/uncrustify_vendor/uncrustify-0.68.1-prefix/src/uncrustify-0.68.1-build/CMakeFiles/feature_tests.c
Linking C executable cmTC_8bf58
/usr/bin/cmake -E cmake_link_script CMakeFiles/cmTC_8bf58.dir/link.txt --verbose=1
/usr/bin/cc      -rdynamic CMakeFiles/cmTC_8bf58.dir/feature_tests.c.o  -o cmTC_8bf58 
make[4]: Leaving directory '/home/ubuntu/ros2_foxy/build/uncrustify_vendor/uncrustify-0.68.1-prefix/src/uncrustify-0.68.1-build/CMakeFiles/CMakeTmp'
make[3]: Leaving directory '/home/ubuntu/ros2_foxy/build/uncrustify_vendor/uncrustify-0.68.1-prefix/src/uncrustify-0.68.1-build/CMakeFiles/CMakeTmp'


    Feature record: C_FEATURE:1c_function_prototypes
    Feature record: C_FEATURE:1c_restrict
    Feature record: C_FEATURE:0c_static_assert
    Feature record: C_FEATURE:1c_variadic_macros


Detecting C [-std=c90] compiler features compiled with the following output:
Change Dir: /home/ubuntu/ros2_foxy/build/uncrustify_vendor/uncrustify-0.68.1-prefix/src/uncrustify-0.68.1-build/CMakeFiles/CMakeTmp

Run Build Command:"/usr/bin/make" "cmTC_b103a/fast"
make[3]: Entering directory '/home/ubuntu/ros2_foxy/build/uncrustify_vendor/uncrustify-0.68.1-prefix/src/uncrustify-0.68.1-build/CMakeFiles/CMakeTmp'
/usr/bin/make -f CMakeFiles/cmTC_b103a.dir/build.make CMakeFiles/cmTC_b103a.dir/build
make[4]: Entering directory '/home/ubuntu/ros2_foxy/build/uncrustify_vendor/uncrustify-0.68.1-prefix/src/uncrustify-0.68.1-build/CMakeFiles/CMakeTmp'
Building C object CMakeFiles/cmTC_b103a.dir/feature_tests.c.o
/usr/bin/cc   -std=c90 -o CMakeFiles/cmTC_b103a.dir/feature_tests.c.o   -c /home/ubuntu/ros2_foxy/build/uncrustify_vendor/uncrustify-0.68.1-prefix/src/uncrustify-0.68.1-build/CMakeFiles/feature_tests.c
Linking C executable cmTC_b103a
/usr/bin/cmake -E cmake_link_script CMakeFiles/cmTC_b103a.dir/link.txt --verbose=1
/usr/bin/cc      -rdynamic CMakeFiles/cmTC_b103a.dir/feature_tests.c.o  -o cmTC_b103a 
make[4]: Leaving directory '/home/ubuntu/ros2_foxy/build/uncrustify_vendor/uncrustify-0.68.1-prefix/src/uncrustify-0.68.1-build/CMakeFiles/CMakeTmp'
make[3]: Leaving directory '/home/ubuntu/ros2_foxy/build/uncrustify_vendor/uncrustify-0.68.1-prefix/src/uncrustify-0.68.1-build/CMakeFiles/CMakeTmp'


    Feature record: C_FEATURE:1c_function_prototypes
    Feature record: C_FEATURE:0c_restrict
    Feature record: C_FEATURE:0c_static_assert
    Feature record: C_FEATURE:0c_variadic_macros
Determining if the CXX compiler works passed with the following output:
Change Dir: /home/ubuntu/ros2_foxy/build/uncrustify_vendor/uncrustify-0.68.1-prefix/src/uncrustify-0.68.1-build/CMakeFiles/CMakeTmp

Run Build Command:"/usr/bin/make" "cmTC_57d7e/fast"
make[3]: Entering directory '/home/ubuntu/ros2_foxy/build/uncrustify_vendor/uncrustify-0.68.1-prefix/src/uncrustify-0.68.1-build/CMakeFiles/CMakeTmp'
/usr/bin/make -f CMakeFiles/cmTC_57d7e.dir/build.make CMakeFiles/cmTC_57d7e.dir/build
make[4]: Entering directory '/home/ubuntu/ros2_foxy/build/uncrustify_vendor/uncrustify-0.68.1-prefix/src/uncrustify-0.68.1-build/CMakeFiles/CMakeTmp'
Building CXX object CMakeFiles/cmTC_57d7e.dir/testCXXCompiler.cxx.o
/usr/bin/c++     -o CMakeFiles/cmTC_57d7e.dir/testCXXCompiler.cxx.o -c /home/ubuntu/ros2_foxy/build/uncrustify_vendor/uncrustify-0.68.1-prefix/src/uncrustify-0.68.1-build/CMakeFiles/CMakeTmp/testCXXCompiler.cxx
Linking CXX executable cmTC_57d7e
/usr/bin/cmake -E cmake_link_script CMakeFiles/cmTC_57d7e.dir/link.txt --verbose=1
/usr/bin/c++       -rdynamic CMakeFiles/cmTC_57d7e.dir/testCXXCompiler.cxx.o  -o cmTC_57d7e 
make[4]: Leaving directory '/home/ubuntu/ros2_foxy/build/uncrustify_vendor/uncrustify-0.68.1-prefix/src/uncrustify-0.68.1-build/CMakeFiles/CMakeTmp'
make[3]: Leaving directory '/home/ubuntu/ros2_foxy/build/uncrustify_vendor/uncrustify-0.68.1-prefix/src/uncrustify-0.68.1-build/CMakeFiles/CMakeTmp'


Detecting CXX compiler ABI info compiled with the following output:
Change Dir: /home/ubuntu/ros2_foxy/build/uncrustify_vendor/uncrustify-0.68.1-prefix/src/uncrustify-0.68.1-build/CMakeFiles/CMakeTmp

Run Build Command:"/usr/bin/make" "cmTC_5cfc5/fast"
make[3]: Entering directory '/home/ubuntu/ros2_foxy/build/uncrustify_vendor/uncrustify-0.68.1-prefix/src/uncrustify-0.68.1-build/CMakeFiles/CMakeTmp'
/usr/bin/make -f CMakeFiles/cmTC_5cfc5.dir/build.make CMakeFiles/cmTC_5cfc5.dir/build
make[4]: Entering directory '/home/ubuntu/ros2_foxy/build/uncrustify_vendor/uncrustify-0.68.1-prefix/src/uncrustify-0.68.1-build/CMakeFiles/CMakeTmp'
Building CXX object CMakeFiles/cmTC_5cfc5.dir/CMakeCXXCompilerABI.cpp.o
/usr/bin/c++     -o CMakeFiles/cmTC_5cfc5.dir/CMakeCXXCompilerABI.cpp.o -c /usr/share/cmake-3.10/Modules/CMakeCXXCompilerABI.cpp
Linking CXX executable cmTC_5cfc5
/usr/bin/cmake -E cmake_link_script CMakeFiles/cmTC_5cfc5.dir/link.txt --verbose=1
/usr/bin/c++      -v -rdynamic CMakeFiles/cmTC_5cfc5.dir/CMakeCXXCompilerABI.cpp.o  -o cmTC_5cfc5 
Using built-in specs.
COLLECT_GCC=/usr/bin/c++
COLLECT_LTO_WRAPPER=/usr/lib/gcc/aarch64-linux-gnu/7/lto-wrapper
Target: aarch64-linux-gnu
Configured with: ../src/configure -v --with-pkgversion='Ubuntu/Linaro 7.5.0-3ubuntu1~18.04' --with-bugurl=file:///usr/share/doc/gcc-7/README.Bugs --enable-languages=c,ada,c++,go,d,fortran,objc,obj-c++ --prefix=/usr --with-gcc-major-version-only --program-suffix=-7 --program-prefix=aarch64-linux-gnu- --enable-shared --enable-linker-build-id --libexecdir=/usr/lib --without-included-gettext --enable-threads=posix --libdir=/usr/lib --enable-nls --enable-bootstrap --enable-clocale=gnu --enable-libstdcxx-debug --enable-libstdcxx-time=yes --with-default-libstdcxx-abi=new --enable-gnu-unique-object --disable-libquadmath --disable-libquadmath-support --enable-plugin --enable-default-pie --with-system-zlib --enable-multiarch --enable-fix-cortex-a53-843419 --disable-werror --enable-checking=release --build=aarch64-linux-gnu --host=aarch64-linux-gnu --target=aarch64-linux-gnu
Thread model: posix
gcc version 7.5.0 (Ubuntu/Linaro 7.5.0-3ubuntu1~18.04) 
COMPILER_PATH=/usr/lib/gcc/aarch64-linux-gnu/7/:/usr/lib/gcc/aarch64-linux-gnu/7/:/usr/lib/gcc/aarch64-linux-gnu/:/usr/lib/gcc/aarch64-linux-gnu/7/:/usr/lib/gcc/aarch64-linux-gnu/
LIBRARY_PATH=/usr/lib/gcc/aarch64-linux-gnu/7/:/usr/lib/gcc/aarch64-linux-gnu/7/../../../aarch64-linux-gnu/:/usr/lib/gcc/aarch64-linux-gnu/7/../../../../lib/:/lib/aarch64-linux-gnu/:/lib/../lib/:/usr/lib/aarch64-linux-gnu/:/usr/lib/../lib/:/usr/lib/gcc/aarch64-linux-gnu/7/../../../:/lib/:/usr/lib/
COLLECT_GCC_OPTIONS='-v' '-rdynamic' '-o' 'cmTC_5cfc5' '-shared-libgcc' '-mlittle-endian' '-mabi=lp64'
 /usr/lib/gcc/aarch64-linux-gnu/7/collect2 -plugin /usr/lib/gcc/aarch64-linux-gnu/7/liblto_plugin.so -plugin-opt=/usr/lib/gcc/aarch64-linux-gnu/7/lto-wrapper -plugin-opt=-fresolution=/tmp/ccRTIabd.res -plugin-opt=-pass-through=-lgcc_s -plugin-opt=-pass-through=-lgcc -plugin-opt=-pass-through=-lc -plugin-opt=-pass-through=-lgcc_s -plugin-opt=-pass-through=-lgcc --build-id --eh-frame-hdr --hash-style=gnu --as-needed -export-dynamic -dynamic-linker /lib/ld-linux-aarch64.so.1 -X -EL -maarch64linux --fix-cortex-a53-843419 -pie -z now -z relro -o cmTC_5cfc5 /usr/lib/gcc/aarch64-linux-gnu/7/../../../aarch64-linux-gnu/Scrt1.o /usr/lib/gcc/aarch64-linux-gnu/7/../../../aarch64-linux-gnu/crti.o /usr/lib/gcc/aarch64-linux-gnu/7/crtbeginS.o -L/usr/lib/gcc/aarch64-linux-gnu/7 -L/usr/lib/gcc/aarch64-linux-gnu/7/../../../aarch64-linux-gnu -L/usr/lib/gcc/aarch64-linux-gnu/7/../../../../lib -L/lib/aarch64-linux-gnu -L/lib/../lib -L/usr/lib/aarch64-linux-gnu -L/usr/lib/../lib -L/usr/lib/gcc/aarch64-linux-gnu/7/../../.. CMakeFiles/cmTC_5cfc5.dir/CMakeCXXCompilerABI.cpp.o -lstdc++ -lm -lgcc_s -lgcc -lc -lgcc_s -lgcc /usr/lib/gcc/aarch64-linux-gnu/7/crtendS.o /usr/lib/gcc/aarch64-linux-gnu/7/../../../aarch64-linux-gnu/crtn.o
COLLECT_GCC_OPTIONS='-v' '-rdynamic' '-o' 'cmTC_5cfc5' '-shared-libgcc' '-mlittle-endian' '-mabi=lp64'
make[4]: Leaving directory '/home/ubuntu/ros2_foxy/build/uncrustify_vendor/uncrustify-0.68.1-prefix/src/uncrustify-0.68.1-build/CMakeFiles/CMakeTmp'
make[3]: Leaving directory '/home/ubuntu/ros2_foxy/build/uncrustify_vendor/uncrustify-0.68.1-prefix/src/uncrustify-0.68.1-build/CMakeFiles/CMakeTmp'


Parsed CXX implicit link information from above output:
  link line regex: [^( *|.*[/\])(ld|CMAKE_LINK_STARTFILE-NOTFOUND|([^/\]+-)?ld|collect2)[^/\]*( |$)]
  ignore line: [Change Dir: /home/ubuntu/ros2_foxy/build/uncrustify_vendor/uncrustify-0.68.1-prefix/src/uncrustify-0.68.1-build/CMakeFiles/CMakeTmp]
  ignore line: []
  ignore line: [Run Build Command:"/usr/bin/make" "cmTC_5cfc5/fast"]
  ignore line: [make[3]: Entering directory '/home/ubuntu/ros2_foxy/build/uncrustify_vendor/uncrustify-0.68.1-prefix/src/uncrustify-0.68.1-build/CMakeFiles/CMakeTmp']
  ignore line: [/usr/bin/make -f CMakeFiles/cmTC_5cfc5.dir/build.make CMakeFiles/cmTC_5cfc5.dir/build]
  ignore line: [make[4]: Entering directory '/home/ubuntu/ros2_foxy/build/uncrustify_vendor/uncrustify-0.68.1-prefix/src/uncrustify-0.68.1-build/CMakeFiles/CMakeTmp']
  ignore line: [Building CXX object CMakeFiles/cmTC_5cfc5.dir/CMakeCXXCompilerABI.cpp.o]
  ignore line: [/usr/bin/c++     -o CMakeFiles/cmTC_5cfc5.dir/CMakeCXXCompilerABI.cpp.o -c /usr/share/cmake-3.10/Modules/CMakeCXXCompilerABI.cpp]
  ignore line: [Linking CXX executable cmTC_5cfc5]
  ignore line: [/usr/bin/cmake -E cmake_link_script CMakeFiles/cmTC_5cfc5.dir/link.txt --verbose=1]
  ignore line: [/usr/bin/c++      -v -rdynamic CMakeFiles/cmTC_5cfc5.dir/CMakeCXXCompilerABI.cpp.o  -o cmTC_5cfc5 ]
  ignore line: [Using built-in specs.]
  ignore line: [COLLECT_GCC=/usr/bin/c++]
  ignore line: [COLLECT_LTO_WRAPPER=/usr/lib/gcc/aarch64-linux-gnu/7/lto-wrapper]
  ignore line: [Target: aarch64-linux-gnu]
  ignore line: [Configured with: ../src/configure -v --with-pkgversion='Ubuntu/Linaro 7.5.0-3ubuntu1~18.04' --with-bugurl=file:///usr/share/doc/gcc-7/README.Bugs --enable-languages=c,ada,c++,go,d,fortran,objc,obj-c++ --prefix=/usr --with-gcc-major-version-only --program-suffix=-7 --program-prefix=aarch64-linux-gnu- --enable-shared --enable-linker-build-id --libexecdir=/usr/lib --without-included-gettext --enable-threads=posix --libdir=/usr/lib --enable-nls --enable-bootstrap --enable-clocale=gnu --enable-libstdcxx-debug --enable-libstdcxx-time=yes --with-default-libstdcxx-abi=new --enable-gnu-unique-object --disable-libquadmath --disable-libquadmath-support --enable-plugin --enable-default-pie --with-system-zlib --enable-multiarch --enable-fix-cortex-a53-843419 --disable-werror --enable-checking=release --build=aarch64-linux-gnu --host=aarch64-linux-gnu --target=aarch64-linux-gnu]
  ignore line: [Thread model: posix]
  ignore line: [gcc version 7.5.0 (Ubuntu/Linaro 7.5.0-3ubuntu1~18.04) ]
  ignore line: [COMPILER_PATH=/usr/lib/gcc/aarch64-linux-gnu/7/:/usr/lib/gcc/aarch64-linux-gnu/7/:/usr/lib/gcc/aarch64-linux-gnu/:/usr/lib/gcc/aarch64-linux-gnu/7/:/usr/lib/gcc/aarch64-linux-gnu/]
  ignore line: [LIBRARY_PATH=/usr/lib/gcc/aarch64-linux-gnu/7/:/usr/lib/gcc/aarch64-linux-gnu/7/../../../aarch64-linux-gnu/:/usr/lib/gcc/aarch64-linux-gnu/7/../../../../lib/:/lib/aarch64-linux-gnu/:/lib/../lib/:/usr/lib/aarch64-linux-gnu/:/usr/lib/../lib/:/usr/lib/gcc/aarch64-linux-gnu/7/../../../:/lib/:/usr/lib/]
  ignore line: [COLLECT_GCC_OPTIONS='-v' '-rdynamic' '-o' 'cmTC_5cfc5' '-shared-libgcc' '-mlittle-endian' '-mabi=lp64']
  link line: [ /usr/lib/gcc/aarch64-linux-gnu/7/collect2 -plugin /usr/lib/gcc/aarch64-linux-gnu/7/liblto_plugin.so -plugin-opt=/usr/lib/gcc/aarch64-linux-gnu/7/lto-wrapper -plugin-opt=-fresolution=/tmp/ccRTIabd.res -plugin-opt=-pass-through=-lgcc_s -plugin-opt=-pass-through=-lgcc -plugin-opt=-pass-through=-lc -plugin-opt=-pass-through=-lgcc_s -plugin-opt=-pass-through=-lgcc --build-id --eh-frame-hdr --hash-style=gnu --as-needed -export-dynamic -dynamic-linker /lib/ld-linux-aarch64.so.1 -X -EL -maarch64linux --fix-cortex-a53-843419 -pie -z now -z relro -o cmTC_5cfc5 /usr/lib/gcc/aarch64-linux-gnu/7/../../../aarch64-linux-gnu/Scrt1.o /usr/lib/gcc/aarch64-linux-gnu/7/../../../aarch64-linux-gnu/crti.o /usr/lib/gcc/aarch64-linux-gnu/7/crtbeginS.o -L/usr/lib/gcc/aarch64-linux-gnu/7 -L/usr/lib/gcc/aarch64-linux-gnu/7/../../../aarch64-linux-gnu -L/usr/lib/gcc/aarch64-linux-gnu/7/../../../../lib -L/lib/aarch64-linux-gnu -L/lib/../lib -L/usr/lib/aarch64-linux-gnu -L/usr/lib/../lib -L/usr/lib/gcc/aarch64-linux-gnu/7/../../.. CMakeFiles/cmTC_5cfc5.dir/CMakeCXXCompilerABI.cpp.o -lstdc++ -lm -lgcc_s -lgcc -lc -lgcc_s -lgcc /usr/lib/gcc/aarch64-linux-gnu/7/crtendS.o /usr/lib/gcc/aarch64-linux-gnu/7/../../../aarch64-linux-gnu/crtn.o]
    arg [/usr/lib/gcc/aarch64-linux-gnu/7/collect2] ==> ignore
    arg [-plugin] ==> ignore
    arg [/usr/lib/gcc/aarch64-linux-gnu/7/liblto_plugin.so] ==> ignore
    arg [-plugin-opt=/usr/lib/gcc/aarch64-linux-gnu/7/lto-wrapper] ==> ignore
    arg [-plugin-opt=-fresolution=/tmp/ccRTIabd.res] ==> ignore
    arg [-plugin-opt=-pass-through=-lgcc_s] ==> ignore
    arg [-plugin-opt=-pass-through=-lgcc] ==> ignore
    arg [-plugin-opt=-pass-through=-lc] ==> ignore
    arg [-plugin-opt=-pass-through=-lgcc_s] ==> ignore
    arg [-plugin-opt=-pass-through=-lgcc] ==> ignore
    arg [--build-id] ==> ignore
    arg [--eh-frame-hdr] ==> ignore
    arg [--hash-style=gnu] ==> ignore
    arg [--as-needed] ==> ignore
    arg [-export-dynamic] ==> ignore
    arg [-dynamic-linker] ==> ignore
    arg [/lib/ld-linux-aarch64.so.1] ==> ignore
    arg [-X] ==> ignore
    arg [-EL] ==> ignore
    arg [-maarch64linux] ==> ignore
    arg [--fix-cortex-a53-843419] ==> ignore
    arg [-pie] ==> ignore
    arg [-znow] ==> ignore
    arg [-zrelro] ==> ignore
    arg [-o] ==> ignore
    arg [cmTC_5cfc5] ==> ignore
    arg [/usr/lib/gcc/aarch64-linux-gnu/7/../../../aarch64-linux-gnu/Scrt1.o] ==> ignore
    arg [/usr/lib/gcc/aarch64-linux-gnu/7/../../../aarch64-linux-gnu/crti.o] ==> ignore
    arg [/usr/lib/gcc/aarch64-linux-gnu/7/crtbeginS.o] ==> ignore
    arg [-L/usr/lib/gcc/aarch64-linux-gnu/7] ==> dir [/usr/lib/gcc/aarch64-linux-gnu/7]
    arg [-L/usr/lib/gcc/aarch64-linux-gnu/7/../../../aarch64-linux-gnu] ==> dir [/usr/lib/gcc/aarch64-linux-gnu/7/../../../aarch64-linux-gnu]
    arg [-L/usr/lib/gcc/aarch64-linux-gnu/7/../../../../lib] ==> dir [/usr/lib/gcc/aarch64-linux-gnu/7/../../../../lib]
    arg [-L/lib/aarch64-linux-gnu] ==> dir [/lib/aarch64-linux-gnu]
    arg [-L/lib/../lib] ==> dir [/lib/../lib]
    arg [-L/usr/lib/aarch64-linux-gnu] ==> dir [/usr/lib/aarch64-linux-gnu]
    arg [-L/usr/lib/../lib] ==> dir [/usr/lib/../lib]
    arg [-L/usr/lib/gcc/aarch64-linux-gnu/7/../../..] ==> dir [/usr/lib/gcc/aarch64-linux-gnu/7/../../..]
    arg [CMakeFiles/cmTC_5cfc5.dir/CMakeCXXCompilerABI.cpp.o] ==> ignore
    arg [-lstdc++] ==> lib [stdc++]
    arg [-lm] ==> lib [m]
    arg [-lgcc_s] ==> lib [gcc_s]
    arg [-lgcc] ==> lib [gcc]
    arg [-lc] ==> lib [c]
    arg [-lgcc_s] ==> lib [gcc_s]
    arg [-lgcc] ==> lib [gcc]
    arg [/usr/lib/gcc/aarch64-linux-gnu/7/crtendS.o] ==> ignore
    arg [/usr/lib/gcc/aarch64-linux-gnu/7/../../../aarch64-linux-gnu/crtn.o] ==> ignore
  collapse library dir [/usr/lib/gcc/aarch64-linux-gnu/7] ==> [/usr/lib/gcc/aarch64-linux-gnu/7]
  collapse library dir [/usr/lib/gcc/aarch64-linux-gnu/7/../../../aarch64-linux-gnu] ==> [/usr/lib/aarch64-linux-gnu]
  collapse library dir [/usr/lib/gcc/aarch64-linux-gnu/7/../../../../lib] ==> [/usr/lib]
  collapse library dir [/lib/aarch64-linux-gnu] ==> [/lib/aarch64-linux-gnu]
  collapse library dir [/lib/../lib] ==> [/lib]
  collapse library dir [/usr/lib/aarch64-linux-gnu] ==> [/usr/lib/aarch64-linux-gnu]
  collapse library dir [/usr/lib/../lib] ==> [/usr/lib]
  collapse library dir [/usr/lib/gcc/aarch64-linux-gnu/7/../../..] ==> [/usr/lib]
  implicit libs: [stdc++;m;gcc_s;gcc;c;gcc_s;gcc]
  implicit dirs: [/usr/lib/gcc/aarch64-linux-gnu/7;/usr/lib/aarch64-linux-gnu;/usr/lib;/lib/aarch64-linux-gnu;/lib]
  implicit fwks: []




Detecting CXX [-std=c++1z] compiler features compiled with the following output:
Change Dir: /home/ubuntu/ros2_foxy/build/uncrustify_vendor/uncrustify-0.68.1-prefix/src/uncrustify-0.68.1-build/CMakeFiles/CMakeTmp

Run Build Command:"/usr/bin/make" "cmTC_4ac4d/fast"
make[3]: Entering directory '/home/ubuntu/ros2_foxy/build/uncrustify_vendor/uncrustify-0.68.1-prefix/src/uncrustify-0.68.1-build/CMakeFiles/CMakeTmp'
/usr/bin/make -f CMakeFiles/cmTC_4ac4d.dir/build.make CMakeFiles/cmTC_4ac4d.dir/build
make[4]: Entering directory '/home/ubuntu/ros2_foxy/build/uncrustify_vendor/uncrustify-0.68.1-prefix/src/uncrustify-0.68.1-build/CMakeFiles/CMakeTmp'
Building CXX object CMakeFiles/cmTC_4ac4d.dir/feature_tests.cxx.o
/usr/bin/c++    -std=c++1z -o CMakeFiles/cmTC_4ac4d.dir/feature_tests.cxx.o -c /home/ubuntu/ros2_foxy/build/uncrustify_vendor/uncrustify-0.68.1-prefix/src/uncrustify-0.68.1-build/CMakeFiles/feature_tests.cxx
Linking CXX executable cmTC_4ac4d
/usr/bin/cmake -E cmake_link_script CMakeFiles/cmTC_4ac4d.dir/link.txt --verbose=1
/usr/bin/c++       -rdynamic CMakeFiles/cmTC_4ac4d.dir/feature_tests.cxx.o  -o cmTC_4ac4d 
make[4]: Leaving directory '/home/ubuntu/ros2_foxy/build/uncrustify_vendor/uncrustify-0.68.1-prefix/src/uncrustify-0.68.1-build/CMakeFiles/CMakeTmp'
make[3]: Leaving directory '/home/ubuntu/ros2_foxy/build/uncrustify_vendor/uncrustify-0.68.1-prefix/src/uncrustify-0.68.1-build/CMakeFiles/CMakeTmp'


    Feature record: CXX_FEATURE:1cxx_aggregate_default_initializers
    Feature record: CXX_FEATURE:1cxx_alias_templates
    Feature record: CXX_FEATURE:1cxx_alignas
    Feature record: CXX_FEATURE:1cxx_alignof
    Feature record: CXX_FEATURE:1cxx_attributes
    Feature record: CXX_FEATURE:1cxx_attribute_deprecated
    Feature record: CXX_FEATURE:1cxx_auto_type
    Feature record: CXX_FEATURE:1cxx_binary_literals
    Feature record: CXX_FEATURE:1cxx_constexpr
    Feature record: CXX_FEATURE:1cxx_contextual_conversions
    Feature record: CXX_FEATURE:1cxx_decltype
    Feature record: CXX_FEATURE:1cxx_decltype_auto
    Feature record: CXX_FEATURE:1cxx_decltype_incomplete_return_types
    Feature record: CXX_FEATURE:1cxx_default_function_template_args
    Feature record: CXX_FEATURE:1cxx_defaulted_functions
    Feature record: CXX_FEATURE:1cxx_defaulted_move_initializers
    Feature record: CXX_FEATURE:1cxx_delegating_constructors
    Feature record: CXX_FEATURE:1cxx_deleted_functions
    Feature record: CXX_FEATURE:1cxx_digit_separators
    Feature record: CXX_FEATURE:1cxx_enum_forward_declarations
    Feature record: CXX_FEATURE:1cxx_explicit_conversions
    Feature record: CXX_FEATURE:1cxx_extended_friend_declarations
    Feature record: CXX_FEATURE:1cxx_extern_templates
    Feature record: CXX_FEATURE:1cxx_final
    Feature record: CXX_FEATURE:1cxx_func_identifier
    Feature record: CXX_FEATURE:1cxx_generalized_initializers
    Feature record: CXX_FEATURE:1cxx_generic_lambdas
    Feature record: CXX_FEATURE:1cxx_inheriting_constructors
    Feature record: CXX_FEATURE:1cxx_inline_namespaces
    Feature record: CXX_FEATURE:1cxx_lambdas
    Feature record: CXX_FEATURE:1cxx_lambda_init_captures
    Feature record: CXX_FEATURE:1cxx_local_type_template_args
    Feature record: CXX_FEATURE:1cxx_long_long_type
    Feature record: CXX_FEATURE:1cxx_noexcept
    Feature record: CXX_FEATURE:1cxx_nonstatic_member_init
    Feature record: CXX_FEATURE:1cxx_nullptr
    Feature record: CXX_FEATURE:1cxx_override
    Feature record: CXX_FEATURE:1cxx_range_for
    Feature record: CXX_FEATURE:1cxx_raw_string_literals
    Feature record: CXX_FEATURE:1cxx_reference_qualified_functions
    Feature record: CXX_FEATURE:1cxx_relaxed_constexpr
    Feature record: CXX_FEATURE:1cxx_return_type_deduction
    Feature record: CXX_FEATURE:1cxx_right_angle_brackets
    Feature record: CXX_FEATURE:1cxx_rvalue_references
    Feature record: CXX_FEATURE:1cxx_sizeof_member
    Feature record: CXX_FEATURE:1cxx_static_assert
    Feature record: CXX_FEATURE:1cxx_strong_enums
    Feature record: CXX_FEATURE:1cxx_template_template_parameters
    Feature record: CXX_FEATURE:1cxx_thread_local
    Feature record: CXX_FEATURE:1cxx_trailing_return_types
    Feature record: CXX_FEATURE:1cxx_unicode_literals
    Feature record: CXX_FEATURE:1cxx_uniform_initialization
    Feature record: CXX_FEATURE:1cxx_unrestricted_unions
    Feature record: CXX_FEATURE:1cxx_user_literals
    Feature record: CXX_FEATURE:1cxx_variable_templates
    Feature record: CXX_FEATURE:1cxx_variadic_macros
    Feature record: CXX_FEATURE:1cxx_variadic_templates


Detecting CXX [-std=c++14] compiler features compiled with the following output:
Change Dir: /home/ubuntu/ros2_foxy/build/uncrustify_vendor/uncrustify-0.68.1-prefix/src/uncrustify-0.68.1-build/CMakeFiles/CMakeTmp

Run Build Command:"/usr/bin/make" "cmTC_bab1b/fast"
make[3]: Entering directory '/home/ubuntu/ros2_foxy/build/uncrustify_vendor/uncrustify-0.68.1-prefix/src/uncrustify-0.68.1-build/CMakeFiles/CMakeTmp'
/usr/bin/make -f CMakeFiles/cmTC_bab1b.dir/build.make CMakeFiles/cmTC_bab1b.dir/build
make[4]: Entering directory '/home/ubuntu/ros2_foxy/build/uncrustify_vendor/uncrustify-0.68.1-prefix/src/uncrustify-0.68.1-build/CMakeFiles/CMakeTmp'
Building CXX object CMakeFiles/cmTC_bab1b.dir/feature_tests.cxx.o
/usr/bin/c++    -std=c++14 -o CMakeFiles/cmTC_bab1b.dir/feature_tests.cxx.o -c /home/ubuntu/ros2_foxy/build/uncrustify_vendor/uncrustify-0.68.1-prefix/src/uncrustify-0.68.1-build/CMakeFiles/feature_tests.cxx
Linking CXX executable cmTC_bab1b
/usr/bin/cmake -E cmake_link_script CMakeFiles/cmTC_bab1b.dir/link.txt --verbose=1
/usr/bin/c++       -rdynamic CMakeFiles/cmTC_bab1b.dir/feature_tests.cxx.o  -o cmTC_bab1b 
make[4]: Leaving directory '/home/ubuntu/ros2_foxy/build/uncrustify_vendor/uncrustify-0.68.1-prefix/src/uncrustify-0.68.1-build/CMakeFiles/CMakeTmp'
make[3]: Leaving directory '/home/ubuntu/ros2_foxy/build/uncrustify_vendor/uncrustify-0.68.1-prefix/src/uncrustify-0.68.1-build/CMakeFiles/CMakeTmp'


    Feature record: CXX_FEATURE:1cxx_aggregate_default_initializers
    Feature record: CXX_FEATURE:1cxx_alias_templates
    Feature record: CXX_FEATURE:1cxx_alignas
    Feature record: CXX_FEATURE:1cxx_alignof
    Feature record: CXX_FEATURE:1cxx_attributes
    Feature record: CXX_FEATURE:1cxx_attribute_deprecated
    Feature record: CXX_FEATURE:1cxx_auto_type
    Feature record: CXX_FEATURE:1cxx_binary_literals
    Feature record: CXX_FEATURE:1cxx_constexpr
    Feature record: CXX_FEATURE:1cxx_contextual_conversions
    Feature record: CXX_FEATURE:1cxx_decltype
    Feature record: CXX_FEATURE:1cxx_decltype_auto
    Feature record: CXX_FEATURE:1cxx_decltype_incomplete_return_types
    Feature record: CXX_FEATURE:1cxx_default_function_template_args
    Feature record: CXX_FEATURE:1cxx_defaulted_functions
    Feature record: CXX_FEATURE:1cxx_defaulted_move_initializers
    Feature record: CXX_FEATURE:1cxx_delegating_constructors
    Feature record: CXX_FEATURE:1cxx_deleted_functions
    Feature record: CXX_FEATURE:1cxx_digit_separators
    Feature record: CXX_FEATURE:1cxx_enum_forward_declarations
    Feature record: CXX_FEATURE:1cxx_explicit_conversions
    Feature record: CXX_FEATURE:1cxx_extended_friend_declarations
    Feature record: CXX_FEATURE:1cxx_extern_templates
    Feature record: CXX_FEATURE:1cxx_final
    Feature record: CXX_FEATURE:1cxx_func_identifier
    Feature record: CXX_FEATURE:1cxx_generalized_initializers
    Feature record: CXX_FEATURE:1cxx_generic_lambdas
    Feature record: CXX_FEATURE:1cxx_inheriting_constructors
    Feature record: CXX_FEATURE:1cxx_inline_namespaces
    Feature record: CXX_FEATURE:1cxx_lambdas
    Feature record: CXX_FEATURE:1cxx_lambda_init_captures
    Feature record: CXX_FEATURE:1cxx_local_type_template_args
    Feature record: CXX_FEATURE:1cxx_long_long_type
    Feature record: CXX_FEATURE:1cxx_noexcept
    Feature record: CXX_FEATURE:1cxx_nonstatic_member_init
    Feature record: CXX_FEATURE:1cxx_nullptr
    Feature record: CXX_FEATURE:1cxx_override
    Feature record: CXX_FEATURE:1cxx_range_for
    Feature record: CXX_FEATURE:1cxx_raw_string_literals
    Feature record: CXX_FEATURE:1cxx_reference_qualified_functions
    Feature record: CXX_FEATURE:1cxx_relaxed_constexpr
    Feature record: CXX_FEATURE:1cxx_return_type_deduction
    Feature record: CXX_FEATURE:1cxx_right_angle_brackets
    Feature record: CXX_FEATURE:1cxx_rvalue_references
    Feature record: CXX_FEATURE:1cxx_sizeof_member
    Feature record: CXX_FEATURE:1cxx_static_assert
    Feature record: CXX_FEATURE:1cxx_strong_enums
    Feature record: CXX_FEATURE:1cxx_template_template_parameters
    Feature record: CXX_FEATURE:1cxx_thread_local
    Feature record: CXX_FEATURE:1cxx_trailing_return_types
    Feature record: CXX_FEATURE:1cxx_unicode_literals
    Feature record: CXX_FEATURE:1cxx_uniform_initialization
    Feature record: CXX_FEATURE:1cxx_unrestricted_unions
    Feature record: CXX_FEATURE:1cxx_user_literals
    Feature record: CXX_FEATURE:1cxx_variable_templates
    Feature record: CXX_FEATURE:1cxx_variadic_macros
    Feature record: CXX_FEATURE:1cxx_variadic_templates


Detecting CXX [-std=c++11] compiler features compiled with the following output:
Change Dir: /home/ubuntu/ros2_foxy/build/uncrustify_vendor/uncrustify-0.68.1-prefix/src/uncrustify-0.68.1-build/CMakeFiles/CMakeTmp

Run Build Command:"/usr/bin/make" "cmTC_a88ab/fast"
make[3]: Entering directory '/home/ubuntu/ros2_foxy/build/uncrustify_vendor/uncrustify-0.68.1-prefix/src/uncrustify-0.68.1-build/CMakeFiles/CMakeTmp'
/usr/bin/make -f CMakeFiles/cmTC_a88ab.dir/build.make CMakeFiles/cmTC_a88ab.dir/build
make[4]: Entering directory '/home/ubuntu/ros2_foxy/build/uncrustify_vendor/uncrustify-0.68.1-prefix/src/uncrustify-0.68.1-build/CMakeFiles/CMakeTmp'
Building CXX object CMakeFiles/cmTC_a88ab.dir/feature_tests.cxx.o
/usr/bin/c++    -std=c++11 -o CMakeFiles/cmTC_a88ab.dir/feature_tests.cxx.o -c /home/ubuntu/ros2_foxy/build/uncrustify_vendor/uncrustify-0.68.1-prefix/src/uncrustify-0.68.1-build/CMakeFiles/feature_tests.cxx
Linking CXX executable cmTC_a88ab
/usr/bin/cmake -E cmake_link_script CMakeFiles/cmTC_a88ab.dir/link.txt --verbose=1
/usr/bin/c++       -rdynamic CMakeFiles/cmTC_a88ab.dir/feature_tests.cxx.o  -o cmTC_a88ab 
make[4]: Leaving directory '/home/ubuntu/ros2_foxy/build/uncrustify_vendor/uncrustify-0.68.1-prefix/src/uncrustify-0.68.1-build/CMakeFiles/CMakeTmp'
make[3]: Leaving directory '/home/ubuntu/ros2_foxy/build/uncrustify_vendor/uncrustify-0.68.1-prefix/src/uncrustify-0.68.1-build/CMakeFiles/CMakeTmp'


    Feature record: CXX_FEATURE:0cxx_aggregate_default_initializers
    Feature record: CXX_FEATURE:1cxx_alias_templates
    Feature record: CXX_FEATURE:1cxx_alignas
    Feature record: CXX_FEATURE:1cxx_alignof
    Feature record: CXX_FEATURE:1cxx_attributes
    Feature record: CXX_FEATURE:0cxx_attribute_deprecated
    Feature record: CXX_FEATURE:1cxx_auto_type
    Feature record: CXX_FEATURE:0cxx_binary_literals
    Feature record: CXX_FEATURE:1cxx_constexpr
    Feature record: CXX_FEATURE:0cxx_contextual_conversions
    Feature record: CXX_FEATURE:1cxx_decltype
    Feature record: CXX_FEATURE:0cxx_decltype_auto
    Feature record: CXX_FEATURE:1cxx_decltype_incomplete_return_types
    Feature record: CXX_FEATURE:1cxx_default_function_template_args
    Feature record: CXX_FEATURE:1cxx_defaulted_functions
    Feature record: CXX_FEATURE:1cxx_defaulted_move_initializers
    Feature record: CXX_FEATURE:1cxx_delegating_constructors
    Feature record: CXX_FEATURE:1cxx_deleted_functions
    Feature record: CXX_FEATURE:0cxx_digit_separators
    Feature record: CXX_FEATURE:1cxx_enum_forward_declarations
    Feature record: CXX_FEATURE:1cxx_explicit_conversions
    Feature record: CXX_FEATURE:1cxx_extended_friend_declarations
    Feature record: CXX_FEATURE:1cxx_extern_templates
    Feature record: CXX_FEATURE:1cxx_final
    Feature record: CXX_FEATURE:1cxx_func_identifier
    Feature record: CXX_FEATURE:1cxx_generalized_initializers
    Feature record: CXX_FEATURE:0cxx_generic_lambdas
    Feature record: CXX_FEATURE:1cxx_inheriting_constructors
    Feature record: CXX_FEATURE:1cxx_inline_namespaces
    Feature record: CXX_FEATURE:1cxx_lambdas
    Feature record: CXX_FEATURE:0cxx_lambda_init_captures
    Feature record: CXX_FEATURE:1cxx_local_type_template_args
    Feature record: CXX_FEATURE:1cxx_long_long_type
    Feature record: CXX_FEATURE:1cxx_noexcept
    Feature record: CXX_FEATURE:1cxx_nonstatic_member_init
    Feature record: CXX_FEATURE:1cxx_nullptr
    Feature record: CXX_FEATURE:1cxx_override
    Feature record: CXX_FEATURE:1cxx_range_for
    Feature record: CXX_FEATURE:1cxx_raw_string_literals
    Feature record: CXX_FEATURE:1cxx_reference_qualified_functions
    Feature record: CXX_FEATURE:0cxx_relaxed_constexpr
    Feature record: CXX_FEATURE:0cxx_return_type_deduction
    Feature record: CXX_FEATURE:1cxx_right_angle_brackets
    Feature record: CXX_FEATURE:1cxx_rvalue_references
    Feature record: CXX_FEATURE:1cxx_sizeof_member
    Feature record: CXX_FEATURE:1cxx_static_assert
    Feature record: CXX_FEATURE:1cxx_strong_enums
    Feature record: CXX_FEATURE:1cxx_template_template_parameters
    Feature record: CXX_FEATURE:1cxx_thread_local
    Feature record: CXX_FEATURE:1cxx_trailing_return_types
    Feature record: CXX_FEATURE:1cxx_unicode_literals
    Feature record: CXX_FEATURE:1cxx_uniform_initialization
    Feature record: CXX_FEATURE:1cxx_unrestricted_unions
    Feature record: CXX_FEATURE:1cxx_user_literals
    Feature record: CXX_FEATURE:0cxx_variable_templates
    Feature record: CXX_FEATURE:1cxx_variadic_macros
    Feature record: CXX_FEATURE:1cxx_variadic_templates


Detecting CXX [-std=c++98] compiler features compiled with the following output:
Change Dir: /home/ubuntu/ros2_foxy/build/uncrustify_vendor/uncrustify-0.68.1-prefix/src/uncrustify-0.68.1-build/CMakeFiles/CMakeTmp

Run Build Command:"/usr/bin/make" "cmTC_66f41/fast"
make[3]: Entering directory '/home/ubuntu/ros2_foxy/build/uncrustify_vendor/uncrustify-0.68.1-prefix/src/uncrustify-0.68.1-build/CMakeFiles/CMakeTmp'
/usr/bin/make -f CMakeFiles/cmTC_66f41.dir/build.make CMakeFiles/cmTC_66f41.dir/build
make[4]: Entering directory '/home/ubuntu/ros2_foxy/build/uncrustify_vendor/uncrustify-0.68.1-prefix/src/uncrustify-0.68.1-build/CMakeFiles/CMakeTmp'
Building CXX object CMakeFiles/cmTC_66f41.dir/feature_tests.cxx.o
/usr/bin/c++    -std=c++98 -o CMakeFiles/cmTC_66f41.dir/feature_tests.cxx.o -c /home/ubuntu/ros2_foxy/build/uncrustify_vendor/uncrustify-0.68.1-prefix/src/uncrustify-0.68.1-build/CMakeFiles/feature_tests.cxx
Linking CXX executable cmTC_66f41
/usr/bin/cmake -E cmake_link_script CMakeFiles/cmTC_66f41.dir/link.txt --verbose=1
/usr/bin/c++       -rdynamic CMakeFiles/cmTC_66f41.dir/feature_tests.cxx.o  -o cmTC_66f41 
make[4]: Leaving directory '/home/ubuntu/ros2_foxy/build/uncrustify_vendor/uncrustify-0.68.1-prefix/src/uncrustify-0.68.1-build/CMakeFiles/CMakeTmp'
make[3]: Leaving directory '/home/ubuntu/ros2_foxy/build/uncrustify_vendor/uncrustify-0.68.1-prefix/src/uncrustify-0.68.1-build/CMakeFiles/CMakeTmp'


    Feature record: CXX_FEATURE:0cxx_aggregate_default_initializers
    Feature record: CXX_FEATURE:0cxx_alias_templates
    Feature record: CXX_FEATURE:0cxx_alignas
    Feature record: CXX_FEATURE:0cxx_alignof
    Feature record: CXX_FEATURE:0cxx_attributes
    Feature record: CXX_FEATURE:0cxx_attribute_deprecated
    Feature record: CXX_FEATURE:0cxx_auto_type
    Feature record: CXX_FEATURE:0cxx_binary_literals
    Feature record: CXX_FEATURE:0cxx_constexpr
    Feature record: CXX_FEATURE:0cxx_contextual_conversions
    Feature record: CXX_FEATURE:0cxx_decltype
    Feature record: CXX_FEATURE:0cxx_decltype_auto
    Feature record: CXX_FEATURE:0cxx_decltype_incomplete_return_types
    Feature record: CXX_FEATURE:0cxx_default_function_template_args
    Feature record: CXX_FEATURE:0cxx_defaulted_functions
    Feature record: CXX_FEATURE:0cxx_defaulted_move_initializers
    Feature record: CXX_FEATURE:0cxx_delegating_constructors
    Feature record: CXX_FEATURE:0cxx_deleted_functions
    Feature record: CXX_FEATURE:0cxx_digit_separators
    Feature record: CXX_FEATURE:0cxx_enum_forward_declarations
    Feature record: CXX_FEATURE:0cxx_explicit_conversions
    Feature record: CXX_FEATURE:0cxx_extended_friend_declarations
    Feature record: CXX_FEATURE:0cxx_extern_templates
    Feature record: CXX_FEATURE:0cxx_final
    Feature record: CXX_FEATURE:0cxx_func_identifier
    Feature record: CXX_FEATURE:0cxx_generalized_initializers
    Feature record: CXX_FEATURE:0cxx_generic_lambdas
    Feature record: CXX_FEATURE:0cxx_inheriting_constructors
    Feature record: CXX_FEATURE:0cxx_inline_namespaces
    Feature record: CXX_FEATURE:0cxx_lambdas
    Feature record: CXX_FEATURE:0cxx_lambda_init_captures
    Feature record: CXX_FEATURE:0cxx_local_type_template_args
    Feature record: CXX_FEATURE:0cxx_long_long_type
    Feature record: CXX_FEATURE:0cxx_noexcept
    Feature record: CXX_FEATURE:0cxx_nonstatic_member_init
    Feature record: CXX_FEATURE:0cxx_nullptr
    Feature record: CXX_FEATURE:0cxx_override
    Feature record: CXX_FEATURE:0cxx_range_for
    Feature record: CXX_FEATURE:0cxx_raw_string_literals
    Feature record: CXX_FEATURE:0cxx_reference_qualified_functions
    Feature record: CXX_FEATURE:0cxx_relaxed_constexpr
    Feature record: CXX_FEATURE:0cxx_return_type_deduction
    Feature record: CXX_FEATURE:0cxx_right_angle_brackets
    Feature record: CXX_FEATURE:0cxx_rvalue_references
    Feature record: CXX_FEATURE:0cxx_sizeof_member
    Feature record: CXX_FEATURE:0cxx_static_assert
    Feature record: CXX_FEATURE:0cxx_strong_enums
    Feature record: CXX_FEATURE:1cxx_template_template_parameters
    Feature record: CXX_FEATURE:0cxx_thread_local
    Feature record: CXX_FEATURE:0cxx_trailing_return_types
    Feature record: CXX_FEATURE:0cxx_unicode_literals
    Feature record: CXX_FEATURE:0cxx_uniform_initialization
    Feature record: CXX_FEATURE:0cxx_unrestricted_unions
    Feature record: CXX_FEATURE:0cxx_user_literals
    Feature record: CXX_FEATURE:0cxx_variable_templates
    Feature record: CXX_FEATURE:0cxx_variadic_macros
    Feature record: CXX_FEATURE:0cxx_variadic_templates
Performing C++ SOURCE FILE Test CXXFLAG_Wall succeeded with the following output:
Change Dir: /home/ubuntu/ros2_foxy/build/uncrustify_vendor/uncrustify-0.68.1-prefix/src/uncrustify-0.68.1-build/CMakeFiles/CMakeTmp

Run Build Command:"/usr/bin/make" "cmTC_18732/fast"
make[3]: Entering directory '/home/ubuntu/ros2_foxy/build/uncrustify_vendor/uncrustify-0.68.1-prefix/src/uncrustify-0.68.1-build/CMakeFiles/CMakeTmp'
/usr/bin/make -f CMakeFiles/cmTC_18732.dir/build.make CMakeFiles/cmTC_18732.dir/build
make[4]: Entering directory '/home/ubuntu/ros2_foxy/build/uncrustify_vendor/uncrustify-0.68.1-prefix/src/uncrustify-0.68.1-build/CMakeFiles/CMakeTmp'
Building CXX object CMakeFiles/cmTC_18732.dir/src.cxx.o
/usr/bin/c++    -DCXXFLAG_Wall   -Wall -o CMakeFiles/cmTC_18732.dir/src.cxx.o -c /home/ubuntu/ros2_foxy/build/uncrustify_vendor/uncrustify-0.68.1-prefix/src/uncrustify-0.68.1-build/CMakeFiles/CMakeTmp/src.cxx
Linking CXX executable cmTC_18732
/usr/bin/cmake -E cmake_link_script CMakeFiles/cmTC_18732.dir/link.txt --verbose=1
/usr/bin/c++   -DCXXFLAG_Wall    -rdynamic CMakeFiles/cmTC_18732.dir/src.cxx.o  -o cmTC_18732 
make[4]: Leaving directory '/home/ubuntu/ros2_foxy/build/uncrustify_vendor/uncrustify-0.68.1-prefix/src/uncrustify-0.68.1-build/CMakeFiles/CMakeTmp'
make[3]: Leaving directory '/home/ubuntu/ros2_foxy/build/uncrustify_vendor/uncrustify-0.68.1-prefix/src/uncrustify-0.68.1-build/CMakeFiles/CMakeTmp'

Source file was:
int main() { return 0; }
Performing C++ SOURCE FILE Test CXXFLAG_Wextra succeeded with the following output:
Change Dir: /home/ubuntu/ros2_foxy/build/uncrustify_vendor/uncrustify-0.68.1-prefix/src/uncrustify-0.68.1-build/CMakeFiles/CMakeTmp

Run Build Command:"/usr/bin/make" "cmTC_0ab5e/fast"
make[3]: Entering directory '/home/ubuntu/ros2_foxy/build/uncrustify_vendor/uncrustify-0.68.1-prefix/src/uncrustify-0.68.1-build/CMakeFiles/CMakeTmp'
/usr/bin/make -f CMakeFiles/cmTC_0ab5e.dir/build.make CMakeFiles/cmTC_0ab5e.dir/build
make[4]: Entering directory '/home/ubuntu/ros2_foxy/build/uncrustify_vendor/uncrustify-0.68.1-prefix/src/uncrustify-0.68.1-build/CMakeFiles/CMakeTmp'
Building CXX object CMakeFiles/cmTC_0ab5e.dir/src.cxx.o
/usr/bin/c++    -Wall -DCXXFLAG_Wextra   -Wextra -o CMakeFiles/cmTC_0ab5e.dir/src.cxx.o -c /home/ubuntu/ros2_foxy/build/uncrustify_vendor/uncrustify-0.68.1-prefix/src/uncrustify-0.68.1-build/CMakeFiles/CMakeTmp/src.cxx
Linking CXX executable cmTC_0ab5e
/usr/bin/cmake -E cmake_link_script CMakeFiles/cmTC_0ab5e.dir/link.txt --verbose=1
/usr/bin/c++   -Wall -DCXXFLAG_Wextra    -rdynamic CMakeFiles/cmTC_0ab5e.dir/src.cxx.o  -o cmTC_0ab5e 
make[4]: Leaving directory '/home/ubuntu/ros2_foxy/build/uncrustify_vendor/uncrustify-0.68.1-prefix/src/uncrustify-0.68.1-build/CMakeFiles/CMakeTmp'
make[3]: Leaving directory '/home/ubuntu/ros2_foxy/build/uncrustify_vendor/uncrustify-0.68.1-prefix/src/uncrustify-0.68.1-build/CMakeFiles/CMakeTmp'

Source file was:
int main() { return 0; }
Performing C++ SOURCE FILE Test CXXFLAG_Wshadow succeeded with the following output:
Change Dir: /home/ubuntu/ros2_foxy/build/uncrustify_vendor/uncrustify-0.68.1-prefix/src/uncrustify-0.68.1-build/CMakeFiles/CMakeTmp

Run Build Command:"/usr/bin/make" "cmTC_5eefc/fast"
make[3]: Entering directory '/home/ubuntu/ros2_foxy/build/uncrustify_vendor/uncrustify-0.68.1-prefix/src/uncrustify-0.68.1-build/CMakeFiles/CMakeTmp'
/usr/bin/make -f CMakeFiles/cmTC_5eefc.dir/build.make CMakeFiles/cmTC_5eefc.dir/build
make[4]: Entering directory '/home/ubuntu/ros2_foxy/build/uncrustify_vendor/uncrustify-0.68.1-prefix/src/uncrustify-0.68.1-build/CMakeFiles/CMakeTmp'
Building CXX object CMakeFiles/cmTC_5eefc.dir/src.cxx.o
/usr/bin/c++    -Wall -Wextra -DCXXFLAG_Wshadow   -Wshadow -o CMakeFiles/cmTC_5eefc.dir/src.cxx.o -c /home/ubuntu/ros2_foxy/build/uncrustify_vendor/uncrustify-0.68.1-prefix/src/uncrustify-0.68.1-build/CMakeFiles/CMakeTmp/src.cxx
Linking CXX executable cmTC_5eefc
/usr/bin/cmake -E cmake_link_script CMakeFiles/cmTC_5eefc.dir/link.txt --verbose=1
/usr/bin/c++   -Wall -Wextra -DCXXFLAG_Wshadow    -rdynamic CMakeFiles/cmTC_5eefc.dir/src.cxx.o  -o cmTC_5eefc 
make[4]: Leaving directory '/home/ubuntu/ros2_foxy/build/uncrustify_vendor/uncrustify-0.68.1-prefix/src/uncrustify-0.68.1-build/CMakeFiles/CMakeTmp'
make[3]: Leaving directory '/home/ubuntu/ros2_foxy/build/uncrustify_vendor/uncrustify-0.68.1-prefix/src/uncrustify-0.68.1-build/CMakeFiles/CMakeTmp'

Source file was:
int main() { return 0; }
Performing C++ SOURCE FILE Test CXXFLAG_Wpointer_arith succeeded with the following output:
Change Dir: /home/ubuntu/ros2_foxy/build/uncrustify_vendor/uncrustify-0.68.1-prefix/src/uncrustify-0.68.1-build/CMakeFiles/CMakeTmp

Run Build Command:"/usr/bin/make" "cmTC_7f7e1/fast"
make[3]: Entering directory '/home/ubuntu/ros2_foxy/build/uncrustify_vendor/uncrustify-0.68.1-prefix/src/uncrustify-0.68.1-build/CMakeFiles/CMakeTmp'
/usr/bin/make -f CMakeFiles/cmTC_7f7e1.dir/build.make CMakeFiles/cmTC_7f7e1.dir/build
make[4]: Entering directory '/home/ubuntu/ros2_foxy/build/uncrustify_vendor/uncrustify-0.68.1-prefix/src/uncrustify-0.68.1-build/CMakeFiles/CMakeTmp'
Building CXX object CMakeFiles/cmTC_7f7e1.dir/src.cxx.o
/usr/bin/c++    -Wall -Wextra -Wshadow -DCXXFLAG_Wpointer_arith   -Wpointer-arith -o CMakeFiles/cmTC_7f7e1.dir/src.cxx.o -c /home/ubuntu/ros2_foxy/build/uncrustify_vendor/uncrustify-0.68.1-prefix/src/uncrustify-0.68.1-build/CMakeFiles/CMakeTmp/src.cxx
Linking CXX executable cmTC_7f7e1
/usr/bin/cmake -E cmake_link_script CMakeFiles/cmTC_7f7e1.dir/link.txt --verbose=1
/usr/bin/c++   -Wall -Wextra -Wshadow -DCXXFLAG_Wpointer_arith    -rdynamic CMakeFiles/cmTC_7f7e1.dir/src.cxx.o  -o cmTC_7f7e1 
make[4]: Leaving directory '/home/ubuntu/ros2_foxy/build/uncrustify_vendor/uncrustify-0.68.1-prefix/src/uncrustify-0.68.1-build/CMakeFiles/CMakeTmp'
make[3]: Leaving directory '/home/ubuntu/ros2_foxy/build/uncrustify_vendor/uncrustify-0.68.1-prefix/src/uncrustify-0.68.1-build/CMakeFiles/CMakeTmp'

Source file was:
int main() { return 0; }
Performing C++ SOURCE FILE Test CXXFLAG_Wcast_qual succeeded with the following output:
Change Dir: /home/ubuntu/ros2_foxy/build/uncrustify_vendor/uncrustify-0.68.1-prefix/src/uncrustify-0.68.1-build/CMakeFiles/CMakeTmp

Run Build Command:"/usr/bin/make" "cmTC_7e058/fast"
make[3]: Entering directory '/home/ubuntu/ros2_foxy/build/uncrustify_vendor/uncrustify-0.68.1-prefix/src/uncrustify-0.68.1-build/CMakeFiles/CMakeTmp'
/usr/bin/make -f CMakeFiles/cmTC_7e058.dir/build.make CMakeFiles/cmTC_7e058.dir/build
make[4]: Entering directory '/home/ubuntu/ros2_foxy/build/uncrustify_vendor/uncrustify-0.68.1-prefix/src/uncrustify-0.68.1-build/CMakeFiles/CMakeTmp'
Building CXX object CMakeFiles/cmTC_7e058.dir/src.cxx.o
/usr/bin/c++    -Wall -Wextra -Wshadow -Wpointer-arith -DCXXFLAG_Wcast_qual   -Wcast-qual -o CMakeFiles/cmTC_7e058.dir/src.cxx.o -c /home/ubuntu/ros2_foxy/build/uncrustify_vendor/uncrustify-0.68.1-prefix/src/uncrustify-0.68.1-build/CMakeFiles/CMakeTmp/src.cxx
Linking CXX executable cmTC_7e058
/usr/bin/cmake -E cmake_link_script CMakeFiles/cmTC_7e058.dir/link.txt --verbose=1
/usr/bin/c++   -Wall -Wextra -Wshadow -Wpointer-arith -DCXXFLAG_Wcast_qual    -rdynamic CMakeFiles/cmTC_7e058.dir/src.cxx.o  -o cmTC_7e058 
make[4]: Leaving directory '/home/ubuntu/ros2_foxy/build/uncrustify_vendor/uncrustify-0.68.1-prefix/src/uncrustify-0.68.1-build/CMakeFiles/CMakeTmp'
make[3]: Leaving directory '/home/ubuntu/ros2_foxy/build/uncrustify_vendor/uncrustify-0.68.1-prefix/src/uncrustify-0.68.1-build/CMakeFiles/CMakeTmp'

Source file was:
int main() { return 0; }
Performing C++ SOURCE FILE Test CXXFLAG_Wcast_align succeeded with the following output:
Change Dir: /home/ubuntu/ros2_foxy/build/uncrustify_vendor/uncrustify-0.68.1-prefix/src/uncrustify-0.68.1-build/CMakeFiles/CMakeTmp

Run Build Command:"/usr/bin/make" "cmTC_6c570/fast"
make[3]: Entering directory '/home/ubuntu/ros2_foxy/build/uncrustify_vendor/uncrustify-0.68.1-prefix/src/uncrustify-0.68.1-build/CMakeFiles/CMakeTmp'
/usr/bin/make -f CMakeFiles/cmTC_6c570.dir/build.make CMakeFiles/cmTC_6c570.dir/build
make[4]: Entering directory '/home/ubuntu/ros2_foxy/build/uncrustify_vendor/uncrustify-0.68.1-prefix/src/uncrustify-0.68.1-build/CMakeFiles/CMakeTmp'
Building CXX object CMakeFiles/cmTC_6c570.dir/src.cxx.o
/usr/bin/c++    -Wall -Wextra -Wshadow -Wpointer-arith -Wcast-qual -DCXXFLAG_Wcast_align   -Wcast-align -o CMakeFiles/cmTC_6c570.dir/src.cxx.o -c /home/ubuntu/ros2_foxy/build/uncrustify_vendor/uncrustify-0.68.1-prefix/src/uncrustify-0.68.1-build/CMakeFiles/CMakeTmp/src.cxx
Linking CXX executable cmTC_6c570
/usr/bin/cmake -E cmake_link_script CMakeFiles/cmTC_6c570.dir/link.txt --verbose=1
/usr/bin/c++   -Wall -Wextra -Wshadow -Wpointer-arith -Wcast-qual -DCXXFLAG_Wcast_align    -rdynamic CMakeFiles/cmTC_6c570.dir/src.cxx.o  -o cmTC_6c570 
make[4]: Leaving directory '/home/ubuntu/ros2_foxy/build/uncrustify_vendor/uncrustify-0.68.1-prefix/src/uncrustify-0.68.1-build/CMakeFiles/CMakeTmp'
make[3]: Leaving directory '/home/ubuntu/ros2_foxy/build/uncrustify_vendor/uncrustify-0.68.1-prefix/src/uncrustify-0.68.1-build/CMakeFiles/CMakeTmp'

Source file was:
int main() { return 0; }
Determining if the include file inttypes.h exists passed with the following output:
Change Dir: /home/ubuntu/ros2_foxy/build/uncrustify_vendor/uncrustify-0.68.1-prefix/src/uncrustify-0.68.1-build/CMakeFiles/CMakeTmp

Run Build Command:"/usr/bin/make" "cmTC_f698f/fast"
make[3]: Entering directory '/home/ubuntu/ros2_foxy/build/uncrustify_vendor/uncrustify-0.68.1-prefix/src/uncrustify-0.68.1-build/CMakeFiles/CMakeTmp'
/usr/bin/make -f CMakeFiles/cmTC_f698f.dir/build.make CMakeFiles/cmTC_f698f.dir/build
make[4]: Entering directory '/home/ubuntu/ros2_foxy/build/uncrustify_vendor/uncrustify-0.68.1-prefix/src/uncrustify-0.68.1-build/CMakeFiles/CMakeTmp'
Building CXX object CMakeFiles/cmTC_f698f.dir/CheckIncludeFile.cxx.o
/usr/bin/c++    -Wall -Wextra -Wshadow -Wpointer-arith -Wcast-qual -Wcast-align    -o CMakeFiles/cmTC_f698f.dir/CheckIncludeFile.cxx.o -c /home/ubuntu/ros2_foxy/build/uncrustify_vendor/uncrustify-0.68.1-prefix/src/uncrustify-0.68.1-build/CMakeFiles/CMakeTmp/CheckIncludeFile.cxx
Linking CXX executable cmTC_f698f
/usr/bin/cmake -E cmake_link_script CMakeFiles/cmTC_f698f.dir/link.txt --verbose=1
/usr/bin/c++   -Wall -Wextra -Wshadow -Wpointer-arith -Wcast-qual -Wcast-align     -rdynamic CMakeFiles/cmTC_f698f.dir/CheckIncludeFile.cxx.o  -o cmTC_f698f 
make[4]: Leaving directory '/home/ubuntu/ros2_foxy/build/uncrustify_vendor/uncrustify-0.68.1-prefix/src/uncrustify-0.68.1-build/CMakeFiles/CMakeTmp'
make[3]: Leaving directory '/home/ubuntu/ros2_foxy/build/uncrustify_vendor/uncrustify-0.68.1-prefix/src/uncrustify-0.68.1-build/CMakeFiles/CMakeTmp'


Determining if the include file memory.h exists passed with the following output:
Change Dir: /home/ubuntu/ros2_foxy/build/uncrustify_vendor/uncrustify-0.68.1-prefix/src/uncrustify-0.68.1-build/CMakeFiles/CMakeTmp

Run Build Command:"/usr/bin/make" "cmTC_a19f6/fast"
make[3]: Entering directory '/home/ubuntu/ros2_foxy/build/uncrustify_vendor/uncrustify-0.68.1-prefix/src/uncrustify-0.68.1-build/CMakeFiles/CMakeTmp'
/usr/bin/make -f CMakeFiles/cmTC_a19f6.dir/build.make CMakeFiles/cmTC_a19f6.dir/build
make[4]: Entering directory '/home/ubuntu/ros2_foxy/build/uncrustify_vendor/uncrustify-0.68.1-prefix/src/uncrustify-0.68.1-build/CMakeFiles/CMakeTmp'
Building CXX object CMakeFiles/cmTC_a19f6.dir/CheckIncludeFile.cxx.o
/usr/bin/c++    -Wall -Wextra -Wshadow -Wpointer-arith -Wcast-qual -Wcast-align    -o CMakeFiles/cmTC_a19f6.dir/CheckIncludeFile.cxx.o -c /home/ubuntu/ros2_foxy/build/uncrustify_vendor/uncrustify-0.68.1-prefix/src/uncrustify-0.68.1-build/CMakeFiles/CMakeTmp/CheckIncludeFile.cxx
Linking CXX executable cmTC_a19f6
/usr/bin/cmake -E cmake_link_script CMakeFiles/cmTC_a19f6.dir/link.txt --verbose=1
/usr/bin/c++   -Wall -Wextra -Wshadow -Wpointer-arith -Wcast-qual -Wcast-align     -rdynamic CMakeFiles/cmTC_a19f6.dir/CheckIncludeFile.cxx.o  -o cmTC_a19f6 
make[4]: Leaving directory '/home/ubuntu/ros2_foxy/build/uncrustify_vendor/uncrustify-0.68.1-prefix/src/uncrustify-0.68.1-build/CMakeFiles/CMakeTmp'
make[3]: Leaving directory '/home/ubuntu/ros2_foxy/build/uncrustify_vendor/uncrustify-0.68.1-prefix/src/uncrustify-0.68.1-build/CMakeFiles/CMakeTmp'


Determining if the include file stdint.h exists passed with the following output:
Change Dir: /home/ubuntu/ros2_foxy/build/uncrustify_vendor/uncrustify-0.68.1-prefix/src/uncrustify-0.68.1-build/CMakeFiles/CMakeTmp

Run Build Command:"/usr/bin/make" "cmTC_d7f6a/fast"
make[3]: Entering directory '/home/ubuntu/ros2_foxy/build/uncrustify_vendor/uncrustify-0.68.1-prefix/src/uncrustify-0.68.1-build/CMakeFiles/CMakeTmp'
/usr/bin/make -f CMakeFiles/cmTC_d7f6a.dir/build.make CMakeFiles/cmTC_d7f6a.dir/build
make[4]: Entering directory '/home/ubuntu/ros2_foxy/build/uncrustify_vendor/uncrustify-0.68.1-prefix/src/uncrustify-0.68.1-build/CMakeFiles/CMakeTmp'
Building CXX object CMakeFiles/cmTC_d7f6a.dir/CheckIncludeFile.cxx.o
/usr/bin/c++    -Wall -Wextra -Wshadow -Wpointer-arith -Wcast-qual -Wcast-align    -o CMakeFiles/cmTC_d7f6a.dir/CheckIncludeFile.cxx.o -c /home/ubuntu/ros2_foxy/build/uncrustify_vendor/uncrustify-0.68.1-prefix/src/uncrustify-0.68.1-build/CMakeFiles/CMakeTmp/CheckIncludeFile.cxx
Linking CXX executable cmTC_d7f6a
/usr/bin/cmake -E cmake_link_script CMakeFiles/cmTC_d7f6a.dir/link.txt --verbose=1
/usr/bin/c++   -Wall -Wextra -Wshadow -Wpointer-arith -Wcast-qual -Wcast-align     -rdynamic CMakeFiles/cmTC_d7f6a.dir/CheckIncludeFile.cxx.o  -o cmTC_d7f6a 
make[4]: Leaving directory '/home/ubuntu/ros2_foxy/build/uncrustify_vendor/uncrustify-0.68.1-prefix/src/uncrustify-0.68.1-build/CMakeFiles/CMakeTmp'
make[3]: Leaving directory '/home/ubuntu/ros2_foxy/build/uncrustify_vendor/uncrustify-0.68.1-prefix/src/uncrustify-0.68.1-build/CMakeFiles/CMakeTmp'


Determining if the include file stdlib.h exists passed with the following output:
Change Dir: /home/ubuntu/ros2_foxy/build/uncrustify_vendor/uncrustify-0.68.1-prefix/src/uncrustify-0.68.1-build/CMakeFiles/CMakeTmp

Run Build Command:"/usr/bin/make" "cmTC_4f6de/fast"
make[3]: Entering directory '/home/ubuntu/ros2_foxy/build/uncrustify_vendor/uncrustify-0.68.1-prefix/src/uncrustify-0.68.1-build/CMakeFiles/CMakeTmp'
/usr/bin/make -f CMakeFiles/cmTC_4f6de.dir/build.make CMakeFiles/cmTC_4f6de.dir/build
make[4]: Entering directory '/home/ubuntu/ros2_foxy/build/uncrustify_vendor/uncrustify-0.68.1-prefix/src/uncrustify-0.68.1-build/CMakeFiles/CMakeTmp'
Building CXX object CMakeFiles/cmTC_4f6de.dir/CheckIncludeFile.cxx.o
/usr/bin/c++    -Wall -Wextra -Wshadow -Wpointer-arith -Wcast-qual -Wcast-align    -o CMakeFiles/cmTC_4f6de.dir/CheckIncludeFile.cxx.o -c /home/ubuntu/ros2_foxy/build/uncrustify_vendor/uncrustify-0.68.1-prefix/src/uncrustify-0.68.1-build/CMakeFiles/CMakeTmp/CheckIncludeFile.cxx
Linking CXX executable cmTC_4f6de
/usr/bin/cmake -E cmake_link_script CMakeFiles/cmTC_4f6de.dir/link.txt --verbose=1
/usr/bin/c++   -Wall -Wextra -Wshadow -Wpointer-arith -Wcast-qual -Wcast-align     -rdynamic CMakeFiles/cmTC_4f6de.dir/CheckIncludeFile.cxx.o  -o cmTC_4f6de 
make[4]: Leaving directory '/home/ubuntu/ros2_foxy/build/uncrustify_vendor/uncrustify-0.68.1-prefix/src/uncrustify-0.68.1-build/CMakeFiles/CMakeTmp'
make[3]: Leaving directory '/home/ubuntu/ros2_foxy/build/uncrustify_vendor/uncrustify-0.68.1-prefix/src/uncrustify-0.68.1-build/CMakeFiles/CMakeTmp'


Determining if the include file strings.h exists passed with the following output:
Change Dir: /home/ubuntu/ros2_foxy/build/uncrustify_vendor/uncrustify-0.68.1-prefix/src/uncrustify-0.68.1-build/CMakeFiles/CMakeTmp

Run Build Command:"/usr/bin/make" "cmTC_173d1/fast"
make[3]: Entering directory '/home/ubuntu/ros2_foxy/build/uncrustify_vendor/uncrustify-0.68.1-prefix/src/uncrustify-0.68.1-build/CMakeFiles/CMakeTmp'
/usr/bin/make -f CMakeFiles/cmTC_173d1.dir/build.make CMakeFiles/cmTC_173d1.dir/build
make[4]: Entering directory '/home/ubuntu/ros2_foxy/build/uncrustify_vendor/uncrustify-0.68.1-prefix/src/uncrustify-0.68.1-build/CMakeFiles/CMakeTmp'
Building CXX object CMakeFiles/cmTC_173d1.dir/CheckIncludeFile.cxx.o
/usr/bin/c++    -Wall -Wextra -Wshadow -Wpointer-arith -Wcast-qual -Wcast-align    -o CMakeFiles/cmTC_173d1.dir/CheckIncludeFile.cxx.o -c /home/ubuntu/ros2_foxy/build/uncrustify_vendor/uncrustify-0.68.1-prefix/src/uncrustify-0.68.1-build/CMakeFiles/CMakeTmp/CheckIncludeFile.cxx
Linking CXX executable cmTC_173d1
/usr/bin/cmake -E cmake_link_script CMakeFiles/cmTC_173d1.dir/link.txt --verbose=1
/usr/bin/c++   -Wall -Wextra -Wshadow -Wpointer-arith -Wcast-qual -Wcast-align     -rdynamic CMakeFiles/cmTC_173d1.dir/CheckIncludeFile.cxx.o  -o cmTC_173d1 
make[4]: Leaving directory '/home/ubuntu/ros2_foxy/build/uncrustify_vendor/uncrustify-0.68.1-prefix/src/uncrustify-0.68.1-build/CMakeFiles/CMakeTmp'
make[3]: Leaving directory '/home/ubuntu/ros2_foxy/build/uncrustify_vendor/uncrustify-0.68.1-prefix/src/uncrustify-0.68.1-build/CMakeFiles/CMakeTmp'


Determining if the include file string.h exists passed with the following output:
Change Dir: /home/ubuntu/ros2_foxy/build/uncrustify_vendor/uncrustify-0.68.1-prefix/src/uncrustify-0.68.1-build/CMakeFiles/CMakeTmp

Run Build Command:"/usr/bin/make" "cmTC_c48f1/fast"
make[3]: Entering directory '/home/ubuntu/ros2_foxy/build/uncrustify_vendor/uncrustify-0.68.1-prefix/src/uncrustify-0.68.1-build/CMakeFiles/CMakeTmp'
/usr/bin/make -f CMakeFiles/cmTC_c48f1.dir/build.make CMakeFiles/cmTC_c48f1.dir/build
make[4]: Entering directory '/home/ubuntu/ros2_foxy/build/uncrustify_vendor/uncrustify-0.68.1-prefix/src/uncrustify-0.68.1-build/CMakeFiles/CMakeTmp'
Building CXX object CMakeFiles/cmTC_c48f1.dir/CheckIncludeFile.cxx.o
/usr/bin/c++    -Wall -Wextra -Wshadow -Wpointer-arith -Wcast-qual -Wcast-align    -o CMakeFiles/cmTC_c48f1.dir/CheckIncludeFile.cxx.o -c /home/ubuntu/ros2_foxy/build/uncrustify_vendor/uncrustify-0.68.1-prefix/src/uncrustify-0.68.1-build/CMakeFiles/CMakeTmp/CheckIncludeFile.cxx
Linking CXX executable cmTC_c48f1
/usr/bin/cmake -E cmake_link_script CMakeFiles/cmTC_c48f1.dir/link.txt --verbose=1
/usr/bin/c++   -Wall -Wextra -Wshadow -Wpointer-arith -Wcast-qual -Wcast-align     -rdynamic CMakeFiles/cmTC_c48f1.dir/CheckIncludeFile.cxx.o  -o cmTC_c48f1 
make[4]: Leaving directory '/home/ubuntu/ros2_foxy/build/uncrustify_vendor/uncrustify-0.68.1-prefix/src/uncrustify-0.68.1-build/CMakeFiles/CMakeTmp'
make[3]: Leaving directory '/home/ubuntu/ros2_foxy/build/uncrustify_vendor/uncrustify-0.68.1-prefix/src/uncrustify-0.68.1-build/CMakeFiles/CMakeTmp'


Determining if the include file sys/stat.h exists passed with the following output:
Change Dir: /home/ubuntu/ros2_foxy/build/uncrustify_vendor/uncrustify-0.68.1-prefix/src/uncrustify-0.68.1-build/CMakeFiles/CMakeTmp

Run Build Command:"/usr/bin/make" "cmTC_20cb3/fast"
make[3]: Entering directory '/home/ubuntu/ros2_foxy/build/uncrustify_vendor/uncrustify-0.68.1-prefix/src/uncrustify-0.68.1-build/CMakeFiles/CMakeTmp'
/usr/bin/make -f CMakeFiles/cmTC_20cb3.dir/build.make CMakeFiles/cmTC_20cb3.dir/build
make[4]: Entering directory '/home/ubuntu/ros2_foxy/build/uncrustify_vendor/uncrustify-0.68.1-prefix/src/uncrustify-0.68.1-build/CMakeFiles/CMakeTmp'
Building CXX object CMakeFiles/cmTC_20cb3.dir/CheckIncludeFile.cxx.o
/usr/bin/c++    -Wall -Wextra -Wshadow -Wpointer-arith -Wcast-qual -Wcast-align    -o CMakeFiles/cmTC_20cb3.dir/CheckIncludeFile.cxx.o -c /home/ubuntu/ros2_foxy/build/uncrustify_vendor/uncrustify-0.68.1-prefix/src/uncrustify-0.68.1-build/CMakeFiles/CMakeTmp/CheckIncludeFile.cxx
Linking CXX executable cmTC_20cb3
/usr/bin/cmake -E cmake_link_script CMakeFiles/cmTC_20cb3.dir/link.txt --verbose=1
/usr/bin/c++   -Wall -Wextra -Wshadow -Wpointer-arith -Wcast-qual -Wcast-align     -rdynamic CMakeFiles/cmTC_20cb3.dir/CheckIncludeFile.cxx.o  -o cmTC_20cb3 
make[4]: Leaving directory '/home/ubuntu/ros2_foxy/build/uncrustify_vendor/uncrustify-0.68.1-prefix/src/uncrustify-0.68.1-build/CMakeFiles/CMakeTmp'
make[3]: Leaving directory '/home/ubuntu/ros2_foxy/build/uncrustify_vendor/uncrustify-0.68.1-prefix/src/uncrustify-0.68.1-build/CMakeFiles/CMakeTmp'


Determining if the include file sys/types.h exists passed with the following output:
Change Dir: /home/ubuntu/ros2_foxy/build/uncrustify_vendor/uncrustify-0.68.1-prefix/src/uncrustify-0.68.1-build/CMakeFiles/CMakeTmp

Run Build Command:"/usr/bin/make" "cmTC_7462b/fast"
make[3]: Entering directory '/home/ubuntu/ros2_foxy/build/uncrustify_vendor/uncrustify-0.68.1-prefix/src/uncrustify-0.68.1-build/CMakeFiles/CMakeTmp'
/usr/bin/make -f CMakeFiles/cmTC_7462b.dir/build.make CMakeFiles/cmTC_7462b.dir/build
make[4]: Entering directory '/home/ubuntu/ros2_foxy/build/uncrustify_vendor/uncrustify-0.68.1-prefix/src/uncrustify-0.68.1-build/CMakeFiles/CMakeTmp'
Building CXX object CMakeFiles/cmTC_7462b.dir/CheckIncludeFile.cxx.o
/usr/bin/c++    -Wall -Wextra -Wshadow -Wpointer-arith -Wcast-qual -Wcast-align    -o CMakeFiles/cmTC_7462b.dir/CheckIncludeFile.cxx.o -c /home/ubuntu/ros2_foxy/build/uncrustify_vendor/uncrustify-0.68.1-prefix/src/uncrustify-0.68.1-build/CMakeFiles/CMakeTmp/CheckIncludeFile.cxx
Linking CXX executable cmTC_7462b
/usr/bin/cmake -E cmake_link_script CMakeFiles/cmTC_7462b.dir/link.txt --verbose=1
/usr/bin/c++   -Wall -Wextra -Wshadow -Wpointer-arith -Wcast-qual -Wcast-align     -rdynamic CMakeFiles/cmTC_7462b.dir/CheckIncludeFile.cxx.o  -o cmTC_7462b 
make[4]: Leaving directory '/home/ubuntu/ros2_foxy/build/uncrustify_vendor/uncrustify-0.68.1-prefix/src/uncrustify-0.68.1-build/CMakeFiles/CMakeTmp'
make[3]: Leaving directory '/home/ubuntu/ros2_foxy/build/uncrustify_vendor/uncrustify-0.68.1-prefix/src/uncrustify-0.68.1-build/CMakeFiles/CMakeTmp'


Determining if the include file unistd.h exists passed with the following output:
Change Dir: /home/ubuntu/ros2_foxy/build/uncrustify_vendor/uncrustify-0.68.1-prefix/src/uncrustify-0.68.1-build/CMakeFiles/CMakeTmp

Run Build Command:"/usr/bin/make" "cmTC_cc010/fast"
make[3]: Entering directory '/home/ubuntu/ros2_foxy/build/uncrustify_vendor/uncrustify-0.68.1-prefix/src/uncrustify-0.68.1-build/CMakeFiles/CMakeTmp'
/usr/bin/make -f CMakeFiles/cmTC_cc010.dir/build.make CMakeFiles/cmTC_cc010.dir/build
make[4]: Entering directory '/home/ubuntu/ros2_foxy/build/uncrustify_vendor/uncrustify-0.68.1-prefix/src/uncrustify-0.68.1-build/CMakeFiles/CMakeTmp'
Building CXX object CMakeFiles/cmTC_cc010.dir/CheckIncludeFile.cxx.o
/usr/bin/c++    -Wall -Wextra -Wshadow -Wpointer-arith -Wcast-qual -Wcast-align    -o CMakeFiles/cmTC_cc010.dir/CheckIncludeFile.cxx.o -c /home/ubuntu/ros2_foxy/build/uncrustify_vendor/uncrustify-0.68.1-prefix/src/uncrustify-0.68.1-build/CMakeFiles/CMakeTmp/CheckIncludeFile.cxx
Linking CXX executable cmTC_cc010
/usr/bin/cmake -E cmake_link_script CMakeFiles/cmTC_cc010.dir/link.txt --verbose=1
/usr/bin/c++   -Wall -Wextra -Wshadow -Wpointer-arith -Wcast-qual -Wcast-align     -rdynamic CMakeFiles/cmTC_cc010.dir/CheckIncludeFile.cxx.o  -o cmTC_cc010 
make[4]: Leaving directory '/home/ubuntu/ros2_foxy/build/uncrustify_vendor/uncrustify-0.68.1-prefix/src/uncrustify-0.68.1-build/CMakeFiles/CMakeTmp'
make[3]: Leaving directory '/home/ubuntu/ros2_foxy/build/uncrustify_vendor/uncrustify-0.68.1-prefix/src/uncrustify-0.68.1-build/CMakeFiles/CMakeTmp'


Determining if the include file utime.h exists passed with the following output:
Change Dir: /home/ubuntu/ros2_foxy/build/uncrustify_vendor/uncrustify-0.68.1-prefix/src/uncrustify-0.68.1-build/CMakeFiles/CMakeTmp

Run Build Command:"/usr/bin/make" "cmTC_8fe55/fast"
make[3]: Entering directory '/home/ubuntu/ros2_foxy/build/uncrustify_vendor/uncrustify-0.68.1-prefix/src/uncrustify-0.68.1-build/CMakeFiles/CMakeTmp'
/usr/bin/make -f CMakeFiles/cmTC_8fe55.dir/build.make CMakeFiles/cmTC_8fe55.dir/build
make[4]: Entering directory '/home/ubuntu/ros2_foxy/build/uncrustify_vendor/uncrustify-0.68.1-prefix/src/uncrustify-0.68.1-build/CMakeFiles/CMakeTmp'
Building CXX object CMakeFiles/cmTC_8fe55.dir/CheckIncludeFile.cxx.o
/usr/bin/c++    -Wall -Wextra -Wshadow -Wpointer-arith -Wcast-qual -Wcast-align    -o CMakeFiles/cmTC_8fe55.dir/CheckIncludeFile.cxx.o -c /home/ubuntu/ros2_foxy/build/uncrustify_vendor/uncrustify-0.68.1-prefix/src/uncrustify-0.68.1-build/CMakeFiles/CMakeTmp/CheckIncludeFile.cxx
Linking CXX executable cmTC_8fe55
/usr/bin/cmake -E cmake_link_script CMakeFiles/cmTC_8fe55.dir/link.txt --verbose=1
/usr/bin/c++   -Wall -Wextra -Wshadow -Wpointer-arith -Wcast-qual -Wcast-align     -rdynamic CMakeFiles/cmTC_8fe55.dir/CheckIncludeFile.cxx.o  -o cmTC_8fe55 
make[4]: Leaving directory '/home/ubuntu/ros2_foxy/build/uncrustify_vendor/uncrustify-0.68.1-prefix/src/uncrustify-0.68.1-build/CMakeFiles/CMakeTmp'
make[3]: Leaving directory '/home/ubuntu/ros2_foxy/build/uncrustify_vendor/uncrustify-0.68.1-prefix/src/uncrustify-0.68.1-build/CMakeFiles/CMakeTmp'


Determining if the include file stdbool.h exists passed with the following output:
Change Dir: /home/ubuntu/ros2_foxy/build/uncrustify_vendor/uncrustify-0.68.1-prefix/src/uncrustify-0.68.1-build/CMakeFiles/CMakeTmp

Run Build Command:"/usr/bin/make" "cmTC_9cdef/fast"
make[3]: Entering directory '/home/ubuntu/ros2_foxy/build/uncrustify_vendor/uncrustify-0.68.1-prefix/src/uncrustify-0.68.1-build/CMakeFiles/CMakeTmp'
/usr/bin/make -f CMakeFiles/cmTC_9cdef.dir/build.make CMakeFiles/cmTC_9cdef.dir/build
make[4]: Entering directory '/home/ubuntu/ros2_foxy/build/uncrustify_vendor/uncrustify-0.68.1-prefix/src/uncrustify-0.68.1-build/CMakeFiles/CMakeTmp'
Building C object CMakeFiles/cmTC_9cdef.dir/CheckIncludeFile.c.o
/usr/bin/cc    -o CMakeFiles/cmTC_9cdef.dir/CheckIncludeFile.c.o   -c /home/ubuntu/ros2_foxy/build/uncrustify_vendor/uncrustify-0.68.1-prefix/src/uncrustify-0.68.1-build/CMakeFiles/CMakeTmp/CheckIncludeFile.c
Linking C executable cmTC_9cdef
/usr/bin/cmake -E cmake_link_script CMakeFiles/cmTC_9cdef.dir/link.txt --verbose=1
/usr/bin/cc      -rdynamic CMakeFiles/cmTC_9cdef.dir/CheckIncludeFile.c.o  -o cmTC_9cdef 
make[4]: Leaving directory '/home/ubuntu/ros2_foxy/build/uncrustify_vendor/uncrustify-0.68.1-prefix/src/uncrustify-0.68.1-build/CMakeFiles/CMakeTmp'
make[3]: Leaving directory '/home/ubuntu/ros2_foxy/build/uncrustify_vendor/uncrustify-0.68.1-prefix/src/uncrustify-0.68.1-build/CMakeFiles/CMakeTmp'


Determining if the memset exist passed with the following output:
Change Dir: /home/ubuntu/ros2_foxy/build/uncrustify_vendor/uncrustify-0.68.1-prefix/src/uncrustify-0.68.1-build/CMakeFiles/CMakeTmp

Run Build Command:"/usr/bin/make" "cmTC_89144/fast"
make[3]: Entering directory '/home/ubuntu/ros2_foxy/build/uncrustify_vendor/uncrustify-0.68.1-prefix/src/uncrustify-0.68.1-build/CMakeFiles/CMakeTmp'
/usr/bin/make -f CMakeFiles/cmTC_89144.dir/build.make CMakeFiles/cmTC_89144.dir/build
make[4]: Entering directory '/home/ubuntu/ros2_foxy/build/uncrustify_vendor/uncrustify-0.68.1-prefix/src/uncrustify-0.68.1-build/CMakeFiles/CMakeTmp'
Building CXX object CMakeFiles/cmTC_89144.dir/CheckSymbolExists.cxx.o
/usr/bin/c++    -Wall -Wextra -Wshadow -Wpointer-arith -Wcast-qual -Wcast-align    -o CMakeFiles/cmTC_89144.dir/CheckSymbolExists.cxx.o -c /home/ubuntu/ros2_foxy/build/uncrustify_vendor/uncrustify-0.68.1-prefix/src/uncrustify-0.68.1-build/CMakeFiles/CMakeTmp/CheckSymbolExists.cxx
Linking CXX executable cmTC_89144
/usr/bin/cmake -E cmake_link_script CMakeFiles/cmTC_89144.dir/link.txt --verbose=1
/usr/bin/c++   -Wall -Wextra -Wshadow -Wpointer-arith -Wcast-qual -Wcast-align     -rdynamic CMakeFiles/cmTC_89144.dir/CheckSymbolExists.cxx.o  -o cmTC_89144 
make[4]: Leaving directory '/home/ubuntu/ros2_foxy/build/uncrustify_vendor/uncrustify-0.68.1-prefix/src/uncrustify-0.68.1-build/CMakeFiles/CMakeTmp'
make[3]: Leaving directory '/home/ubuntu/ros2_foxy/build/uncrustify_vendor/uncrustify-0.68.1-prefix/src/uncrustify-0.68.1-build/CMakeFiles/CMakeTmp'

File /home/ubuntu/ros2_foxy/build/uncrustify_vendor/uncrustify-0.68.1-prefix/src/uncrustify-0.68.1-build/CMakeFiles/CMakeTmp/CheckSymbolExists.cxx:
/* */
#include <inttypes.h>
#include <memory.h>
#include <stdint.h>
#include <stdlib.h>
#include <strings.h>
#include <string.h>
#include <sys/stat.h>
#include <sys/types.h>
#include <unistd.h>
#include <utime.h>

int main(int argc, char** argv)
{
  (void)argv;
#ifndef memset
  return ((int*)(&memset))[argc];
#else
  (void)argc;
  return 0;
#endif
}

Determining if the strcasecmp exist passed with the following output:
Change Dir: /home/ubuntu/ros2_foxy/build/uncrustify_vendor/uncrustify-0.68.1-prefix/src/uncrustify-0.68.1-build/CMakeFiles/CMakeTmp

Run Build Command:"/usr/bin/make" "cmTC_f3bdc/fast"
make[3]: Entering directory '/home/ubuntu/ros2_foxy/build/uncrustify_vendor/uncrustify-0.68.1-prefix/src/uncrustify-0.68.1-build/CMakeFiles/CMakeTmp'
/usr/bin/make -f CMakeFiles/cmTC_f3bdc.dir/build.make CMakeFiles/cmTC_f3bdc.dir/build
make[4]: Entering directory '/home/ubuntu/ros2_foxy/build/uncrustify_vendor/uncrustify-0.68.1-prefix/src/uncrustify-0.68.1-build/CMakeFiles/CMakeTmp'
Building CXX object CMakeFiles/cmTC_f3bdc.dir/CheckSymbolExists.cxx.o
/usr/bin/c++    -Wall -Wextra -Wshadow -Wpointer-arith -Wcast-qual -Wcast-align    -o CMakeFiles/cmTC_f3bdc.dir/CheckSymbolExists.cxx.o -c /home/ubuntu/ros2_foxy/build/uncrustify_vendor/uncrustify-0.68.1-prefix/src/uncrustify-0.68.1-build/CMakeFiles/CMakeTmp/CheckSymbolExists.cxx
Linking CXX executable cmTC_f3bdc
/usr/bin/cmake -E cmake_link_script CMakeFiles/cmTC_f3bdc.dir/link.txt --verbose=1
/usr/bin/c++   -Wall -Wextra -Wshadow -Wpointer-arith -Wcast-qual -Wcast-align     -rdynamic CMakeFiles/cmTC_f3bdc.dir/CheckSymbolExists.cxx.o  -o cmTC_f3bdc 
make[4]: Leaving directory '/home/ubuntu/ros2_foxy/build/uncrustify_vendor/uncrustify-0.68.1-prefix/src/uncrustify-0.68.1-build/CMakeFiles/CMakeTmp'
make[3]: Leaving directory '/home/ubuntu/ros2_foxy/build/uncrustify_vendor/uncrustify-0.68.1-prefix/src/uncrustify-0.68.1-build/CMakeFiles/CMakeTmp'

File /home/ubuntu/ros2_foxy/build/uncrustify_vendor/uncrustify-0.68.1-prefix/src/uncrustify-0.68.1-build/CMakeFiles/CMakeTmp/CheckSymbolExists.cxx:
/* */
#include <inttypes.h>
#include <memory.h>
#include <stdint.h>
#include <stdlib.h>
#include <strings.h>
#include <string.h>
#include <sys/stat.h>
#include <sys/types.h>
#include <unistd.h>
#include <utime.h>

int main(int argc, char** argv)
{
  (void)argv;
#ifndef strcasecmp
  return ((int*)(&strcasecmp))[argc];
#else
  (void)argc;
  return 0;
#endif
}

Determining if the strdup exist passed with the following output:
Change Dir: /home/ubuntu/ros2_foxy/build/uncrustify_vendor/uncrustify-0.68.1-prefix/src/uncrustify-0.68.1-build/CMakeFiles/CMakeTmp

Run Build Command:"/usr/bin/make" "cmTC_8c514/fast"
make[3]: Entering directory '/home/ubuntu/ros2_foxy/build/uncrustify_vendor/uncrustify-0.68.1-prefix/src/uncrustify-0.68.1-build/CMakeFiles/CMakeTmp'
/usr/bin/make -f CMakeFiles/cmTC_8c514.dir/build.make CMakeFiles/cmTC_8c514.dir/build
make[4]: Entering directory '/home/ubuntu/ros2_foxy/build/uncrustify_vendor/uncrustify-0.68.1-prefix/src/uncrustify-0.68.1-build/CMakeFiles/CMakeTmp'
Building CXX object CMakeFiles/cmTC_8c514.dir/CheckSymbolExists.cxx.o
/usr/bin/c++    -Wall -Wextra -Wshadow -Wpointer-arith -Wcast-qual -Wcast-align    -o CMakeFiles/cmTC_8c514.dir/CheckSymbolExists.cxx.o -c /home/ubuntu/ros2_foxy/build/uncrustify_vendor/uncrustify-0.68.1-prefix/src/uncrustify-0.68.1-build/CMakeFiles/CMakeTmp/CheckSymbolExists.cxx
Linking CXX executable cmTC_8c514
/usr/bin/cmake -E cmake_link_script CMakeFiles/cmTC_8c514.dir/link.txt --verbose=1
/usr/bin/c++   -Wall -Wextra -Wshadow -Wpointer-arith -Wcast-qual -Wcast-align     -rdynamic CMakeFiles/cmTC_8c514.dir/CheckSymbolExists.cxx.o  -o cmTC_8c514 
make[4]: Leaving directory '/home/ubuntu/ros2_foxy/build/uncrustify_vendor/uncrustify-0.68.1-prefix/src/uncrustify-0.68.1-build/CMakeFiles/CMakeTmp'
make[3]: Leaving directory '/home/ubuntu/ros2_foxy/build/uncrustify_vendor/uncrustify-0.68.1-prefix/src/uncrustify-0.68.1-build/CMakeFiles/CMakeTmp'

File /home/ubuntu/ros2_foxy/build/uncrustify_vendor/uncrustify-0.68.1-prefix/src/uncrustify-0.68.1-build/CMakeFiles/CMakeTmp/CheckSymbolExists.cxx:
/* */
#include <inttypes.h>
#include <memory.h>
#include <stdint.h>
#include <stdlib.h>
#include <strings.h>
#include <string.h>
#include <sys/stat.h>
#include <sys/types.h>
#include <unistd.h>
#include <utime.h>

int main(int argc, char** argv)
{
  (void)argv;
#ifndef strdup
  return ((int*)(&strdup))[argc];
#else
  (void)argc;
  return 0;
#endif
}

Determining if the strerror exist passed with the following output:
Change Dir: /home/ubuntu/ros2_foxy/build/uncrustify_vendor/uncrustify-0.68.1-prefix/src/uncrustify-0.68.1-build/CMakeFiles/CMakeTmp

Run Build Command:"/usr/bin/make" "cmTC_16fd9/fast"
make[3]: Entering directory '/home/ubuntu/ros2_foxy/build/uncrustify_vendor/uncrustify-0.68.1-prefix/src/uncrustify-0.68.1-build/CMakeFiles/CMakeTmp'
/usr/bin/make -f CMakeFiles/cmTC_16fd9.dir/build.make CMakeFiles/cmTC_16fd9.dir/build
make[4]: Entering directory '/home/ubuntu/ros2_foxy/build/uncrustify_vendor/uncrustify-0.68.1-prefix/src/uncrustify-0.68.1-build/CMakeFiles/CMakeTmp'
Building CXX object CMakeFiles/cmTC_16fd9.dir/CheckSymbolExists.cxx.o
/usr/bin/c++    -Wall -Wextra -Wshadow -Wpointer-arith -Wcast-qual -Wcast-align    -o CMakeFiles/cmTC_16fd9.dir/CheckSymbolExists.cxx.o -c /home/ubuntu/ros2_foxy/build/uncrustify_vendor/uncrustify-0.68.1-prefix/src/uncrustify-0.68.1-build/CMakeFiles/CMakeTmp/CheckSymbolExists.cxx
Linking CXX executable cmTC_16fd9
/usr/bin/cmake -E cmake_link_script CMakeFiles/cmTC_16fd9.dir/link.txt --verbose=1
/usr/bin/c++   -Wall -Wextra -Wshadow -Wpointer-arith -Wcast-qual -Wcast-align     -rdynamic CMakeFiles/cmTC_16fd9.dir/CheckSymbolExists.cxx.o  -o cmTC_16fd9 
make[4]: Leaving directory '/home/ubuntu/ros2_foxy/build/uncrustify_vendor/uncrustify-0.68.1-prefix/src/uncrustify-0.68.1-build/CMakeFiles/CMakeTmp'
make[3]: Leaving directory '/home/ubuntu/ros2_foxy/build/uncrustify_vendor/uncrustify-0.68.1-prefix/src/uncrustify-0.68.1-build/CMakeFiles/CMakeTmp'

File /home/ubuntu/ros2_foxy/build/uncrustify_vendor/uncrustify-0.68.1-prefix/src/uncrustify-0.68.1-build/CMakeFiles/CMakeTmp/CheckSymbolExists.cxx:
/* */
#include <inttypes.h>
#include <memory.h>
#include <stdint.h>
#include <stdlib.h>
#include <strings.h>
#include <string.h>
#include <sys/stat.h>
#include <sys/types.h>
#include <unistd.h>
#include <utime.h>

int main(int argc, char** argv)
{
  (void)argv;
#ifndef strerror
  return ((int*)(&strerror))[argc];
#else
  (void)argc;
  return 0;
#endif
}

Determining if the strtol exist passed with the following output:
Change Dir: /home/ubuntu/ros2_foxy/build/uncrustify_vendor/uncrustify-0.68.1-prefix/src/uncrustify-0.68.1-build/CMakeFiles/CMakeTmp

Run Build Command:"/usr/bin/make" "cmTC_d11b0/fast"
make[3]: Entering directory '/home/ubuntu/ros2_foxy/build/uncrustify_vendor/uncrustify-0.68.1-prefix/src/uncrustify-0.68.1-build/CMakeFiles/CMakeTmp'
/usr/bin/make -f CMakeFiles/cmTC_d11b0.dir/build.make CMakeFiles/cmTC_d11b0.dir/build
make[4]: Entering directory '/home/ubuntu/ros2_foxy/build/uncrustify_vendor/uncrustify-0.68.1-prefix/src/uncrustify-0.68.1-build/CMakeFiles/CMakeTmp'
Building CXX object CMakeFiles/cmTC_d11b0.dir/CheckSymbolExists.cxx.o
/usr/bin/c++    -Wall -Wextra -Wshadow -Wpointer-arith -Wcast-qual -Wcast-align    -o CMakeFiles/cmTC_d11b0.dir/CheckSymbolExists.cxx.o -c /home/ubuntu/ros2_foxy/build/uncrustify_vendor/uncrustify-0.68.1-prefix/src/uncrustify-0.68.1-build/CMakeFiles/CMakeTmp/CheckSymbolExists.cxx
Linking CXX executable cmTC_d11b0
/usr/bin/cmake -E cmake_link_script CMakeFiles/cmTC_d11b0.dir/link.txt --verbose=1
/usr/bin/c++   -Wall -Wextra -Wshadow -Wpointer-arith -Wcast-qual -Wcast-align     -rdynamic CMakeFiles/cmTC_d11b0.dir/CheckSymbolExists.cxx.o  -o cmTC_d11b0 
make[4]: Leaving directory '/home/ubuntu/ros2_foxy/build/uncrustify_vendor/uncrustify-0.68.1-prefix/src/uncrustify-0.68.1-build/CMakeFiles/CMakeTmp'
make[3]: Leaving directory '/home/ubuntu/ros2_foxy/build/uncrustify_vendor/uncrustify-0.68.1-prefix/src/uncrustify-0.68.1-build/CMakeFiles/CMakeTmp'

File /home/ubuntu/ros2_foxy/build/uncrustify_vendor/uncrustify-0.68.1-prefix/src/uncrustify-0.68.1-build/CMakeFiles/CMakeTmp/CheckSymbolExists.cxx:
/* */
#include <inttypes.h>
#include <memory.h>
#include <stdint.h>
#include <stdlib.h>
#include <strings.h>
#include <string.h>
#include <sys/stat.h>
#include <sys/types.h>
#include <unistd.h>
#include <utime.h>

int main(int argc, char** argv)
{
  (void)argv;
#ifndef strtol
  return ((int*)(&strtol))[argc];
#else
  (void)argc;
  return 0;
#endif
}

Determining if the strtoul exist passed with the following output:
Change Dir: /home/ubuntu/ros2_foxy/build/uncrustify_vendor/uncrustify-0.68.1-prefix/src/uncrustify-0.68.1-build/CMakeFiles/CMakeTmp

Run Build Command:"/usr/bin/make" "cmTC_83cfa/fast"
make[3]: Entering directory '/home/ubuntu/ros2_foxy/build/uncrustify_vendor/uncrustify-0.68.1-prefix/src/uncrustify-0.68.1-build/CMakeFiles/CMakeTmp'
/usr/bin/make -f CMakeFiles/cmTC_83cfa.dir/build.make CMakeFiles/cmTC_83cfa.dir/build
make[4]: Entering directory '/home/ubuntu/ros2_foxy/build/uncrustify_vendor/uncrustify-0.68.1-prefix/src/uncrustify-0.68.1-build/CMakeFiles/CMakeTmp'
Building CXX object CMakeFiles/cmTC_83cfa.dir/CheckSymbolExists.cxx.o
/usr/bin/c++    -Wall -Wextra -Wshadow -Wpointer-arith -Wcast-qual -Wcast-align    -o CMakeFiles/cmTC_83cfa.dir/CheckSymbolExists.cxx.o -c /home/ubuntu/ros2_foxy/build/uncrustify_vendor/uncrustify-0.68.1-prefix/src/uncrustify-0.68.1-build/CMakeFiles/CMakeTmp/CheckSymbolExists.cxx
Linking CXX executable cmTC_83cfa
/usr/bin/cmake -E cmake_link_script CMakeFiles/cmTC_83cfa.dir/link.txt --verbose=1
/usr/bin/c++   -Wall -Wextra -Wshadow -Wpointer-arith -Wcast-qual -Wcast-align     -rdynamic CMakeFiles/cmTC_83cfa.dir/CheckSymbolExists.cxx.o  -o cmTC_83cfa 
make[4]: Leaving directory '/home/ubuntu/ros2_foxy/build/uncrustify_vendor/uncrustify-0.68.1-prefix/src/uncrustify-0.68.1-build/CMakeFiles/CMakeTmp'
make[3]: Leaving directory '/home/ubuntu/ros2_foxy/build/uncrustify_vendor/uncrustify-0.68.1-prefix/src/uncrustify-0.68.1-build/CMakeFiles/CMakeTmp'

File /home/ubuntu/ros2_foxy/build/uncrustify_vendor/uncrustify-0.68.1-prefix/src/uncrustify-0.68.1-build/CMakeFiles/CMakeTmp/CheckSymbolExists.cxx:
/* */
#include <inttypes.h>
#include <memory.h>
#include <stdint.h>
#include <stdlib.h>
#include <strings.h>
#include <string.h>
#include <sys/stat.h>
#include <sys/types.h>
#include <unistd.h>
#include <utime.h>

int main(int argc, char** argv)
{
  (void)argv;
#ifndef strtoul
  return ((int*)(&strtoul))[argc];
#else
  (void)argc;
  return 0;
#endif
}

Determining if the include file stddef.h exists passed with the following output:
Change Dir: /home/ubuntu/ros2_foxy/build/uncrustify_vendor/uncrustify-0.68.1-prefix/src/uncrustify-0.68.1-build/CMakeFiles/CMakeTmp

Run Build Command:"/usr/bin/make" "cmTC_4fa46/fast"
make[3]: Entering directory '/home/ubuntu/ros2_foxy/build/uncrustify_vendor/uncrustify-0.68.1-prefix/src/uncrustify-0.68.1-build/CMakeFiles/CMakeTmp'
/usr/bin/make -f CMakeFiles/cmTC_4fa46.dir/build.make CMakeFiles/cmTC_4fa46.dir/build
make[4]: Entering directory '/home/ubuntu/ros2_foxy/build/uncrustify_vendor/uncrustify-0.68.1-prefix/src/uncrustify-0.68.1-build/CMakeFiles/CMakeTmp'
Building C object CMakeFiles/cmTC_4fa46.dir/CheckIncludeFile.c.o
/usr/bin/cc    -o CMakeFiles/cmTC_4fa46.dir/CheckIncludeFile.c.o   -c /home/ubuntu/ros2_foxy/build/uncrustify_vendor/uncrustify-0.68.1-prefix/src/uncrustify-0.68.1-build/CMakeFiles/CMakeTmp/CheckIncludeFile.c
Linking C executable cmTC_4fa46
/usr/bin/cmake -E cmake_link_script CMakeFiles/cmTC_4fa46.dir/link.txt --verbose=1
/usr/bin/cc      -rdynamic CMakeFiles/cmTC_4fa46.dir/CheckIncludeFile.c.o  -o cmTC_4fa46 
make[4]: Leaving directory '/home/ubuntu/ros2_foxy/build/uncrustify_vendor/uncrustify-0.68.1-prefix/src/uncrustify-0.68.1-build/CMakeFiles/CMakeTmp'
make[3]: Leaving directory '/home/ubuntu/ros2_foxy/build/uncrustify_vendor/uncrustify-0.68.1-prefix/src/uncrustify-0.68.1-build/CMakeFiles/CMakeTmp'


Determining size of _Bool passed with the following output:
Change Dir: /home/ubuntu/ros2_foxy/build/uncrustify_vendor/uncrustify-0.68.1-prefix/src/uncrustify-0.68.1-build/CMakeFiles/CMakeTmp

Run Build Command:"/usr/bin/make" "cmTC_23ec4/fast"
make[3]: Entering directory '/home/ubuntu/ros2_foxy/build/uncrustify_vendor/uncrustify-0.68.1-prefix/src/uncrustify-0.68.1-build/CMakeFiles/CMakeTmp'
/usr/bin/make -f CMakeFiles/cmTC_23ec4.dir/build.make CMakeFiles/cmTC_23ec4.dir/build
make[4]: Entering directory '/home/ubuntu/ros2_foxy/build/uncrustify_vendor/uncrustify-0.68.1-prefix/src/uncrustify-0.68.1-build/CMakeFiles/CMakeTmp'
Building C object CMakeFiles/cmTC_23ec4.dir/_BOOL.c.o
/usr/bin/cc    -o CMakeFiles/cmTC_23ec4.dir/_BOOL.c.o   -c /home/ubuntu/ros2_foxy/build/uncrustify_vendor/uncrustify-0.68.1-prefix/src/uncrustify-0.68.1-build/CMakeFiles/CheckTypeSize/_BOOL.c
Linking C executable cmTC_23ec4
/usr/bin/cmake -E cmake_link_script CMakeFiles/cmTC_23ec4.dir/link.txt --verbose=1
/usr/bin/cc      -rdynamic CMakeFiles/cmTC_23ec4.dir/_BOOL.c.o  -o cmTC_23ec4 
make[4]: Leaving directory '/home/ubuntu/ros2_foxy/build/uncrustify_vendor/uncrustify-0.68.1-prefix/src/uncrustify-0.68.1-build/CMakeFiles/CMakeTmp'
make[3]: Leaving directory '/home/ubuntu/ros2_foxy/build/uncrustify_vendor/uncrustify-0.68.1-prefix/src/uncrustify-0.68.1-build/CMakeFiles/CMakeTmp'


