[0.069s] Invoking command in '/home/ubuntu/ros2_foxy/build/ament_cmake_lint_cmake': AMENT_PREFIX_PATH=/home/ubuntu/ros2_foxy/install/ament_lint_cmake:/home/ubuntu/ros2_foxy/install/ament_cmake_test:/home/ubuntu/ros2_foxy/install/ament_cmake_core:/home/ubuntu/ros2_foxy/install/ament_package CMAKE_PREFIX_PATH=/home/ubuntu/ros2_foxy/install/ament_cmake_test:/home/ubuntu/ros2_foxy/install/ament_cmake_core PATH=/home/ubuntu/ros2_foxy/install/ament_lint_cmake/bin:${PATH} PYTHONPATH=/home/ubuntu/ros2_foxy/build/ament_lint_cmake:/home/ubuntu/ros2_foxy/install/ament_lint_cmake/lib/python3.6/site-packages:/home/ubuntu/ros2_foxy/install/ament_cmake_test/lib/python3.6/site-packages:/home/ubuntu/ros2_foxy/build/ament_package:/home/ubuntu/ros2_foxy/install/ament_package/lib/python3.6/site-packages /usr/bin/cmake /home/ubuntu/ros2_foxy/src/ament/ament_lint/ament_cmake_lint_cmake -DAMENT_CMAKE_SYMLINK_INSTALL=1 -DCMAKE_INSTALL_PREFIX=/home/ubuntu/ros2_foxy/install/ament_cmake_lint_cmake
[0.208s] -- Found ament_cmake_core: 0.9.9 (/home/ubuntu/ros2_foxy/install/ament_cmake_core/share/ament_cmake_core/cmake)
[0.392s] -- Found PythonInterp: /usr/bin/python3 (found suitable version "3.6.9", minimum required is "3") 
[0.395s] -- Using PYTHON_EXECUTABLE: /usr/bin/python3
[1.935s] -- Override CMake install command with custom implementation using symlinks instead of copying resources
[1.946s] -- Found ament_cmake_test: 0.9.9 (/home/ubuntu/ros2_foxy/install/ament_cmake_test/share/ament_cmake_test/cmake)
[2.492s] -- Configuring done
[2.508s] -- Generating done
[2.512s] -- Build files have been written to: /home/ubuntu/ros2_foxy/build/ament_cmake_lint_cmake
[2.531s] Invoked command in '/home/ubuntu/ros2_foxy/build/ament_cmake_lint_cmake' returned '0': AMENT_PREFIX_PATH=/home/ubuntu/ros2_foxy/install/ament_lint_cmake:/home/ubuntu/ros2_foxy/install/ament_cmake_test:/home/ubuntu/ros2_foxy/install/ament_cmake_core:/home/ubuntu/ros2_foxy/install/ament_package CMAKE_PREFIX_PATH=/home/ubuntu/ros2_foxy/install/ament_cmake_test:/home/ubuntu/ros2_foxy/install/ament_cmake_core PATH=/home/ubuntu/ros2_foxy/install/ament_lint_cmake/bin:${PATH} PYTHONPATH=/home/ubuntu/ros2_foxy/build/ament_lint_cmake:/home/ubuntu/ros2_foxy/install/ament_lint_cmake/lib/python3.6/site-packages:/home/ubuntu/ros2_foxy/install/ament_cmake_test/lib/python3.6/site-packages:/home/ubuntu/ros2_foxy/build/ament_package:/home/ubuntu/ros2_foxy/install/ament_package/lib/python3.6/site-packages /usr/bin/cmake /home/ubuntu/ros2_foxy/src/ament/ament_lint/ament_cmake_lint_cmake -DAMENT_CMAKE_SYMLINK_INSTALL=1 -DCMAKE_INSTALL_PREFIX=/home/ubuntu/ros2_foxy/install/ament_cmake_lint_cmake
[2.536s] Invoking command in '/home/ubuntu/ros2_foxy/build/ament_cmake_lint_cmake': AMENT_PREFIX_PATH=/home/ubuntu/ros2_foxy/install/ament_lint_cmake:/home/ubuntu/ros2_foxy/install/ament_cmake_test:/home/ubuntu/ros2_foxy/install/ament_cmake_core:/home/ubuntu/ros2_foxy/install/ament_package CMAKE_PREFIX_PATH=/home/ubuntu/ros2_foxy/install/ament_cmake_test:/home/ubuntu/ros2_foxy/install/ament_cmake_core PATH=/home/ubuntu/ros2_foxy/install/ament_lint_cmake/bin:${PATH} PYTHONPATH=/home/ubuntu/ros2_foxy/build/ament_lint_cmake:/home/ubuntu/ros2_foxy/install/ament_lint_cmake/lib/python3.6/site-packages:/home/ubuntu/ros2_foxy/install/ament_cmake_test/lib/python3.6/site-packages:/home/ubuntu/ros2_foxy/build/ament_package:/home/ubuntu/ros2_foxy/install/ament_package/lib/python3.6/site-packages /usr/bin/cmake --build /home/ubuntu/ros2_foxy/build/ament_cmake_lint_cmake -- -j4 -l4
[2.743s] Invoked command in '/home/ubuntu/ros2_foxy/build/ament_cmake_lint_cmake' returned '0': AMENT_PREFIX_PATH=/home/ubuntu/ros2_foxy/install/ament_lint_cmake:/home/ubuntu/ros2_foxy/install/ament_cmake_test:/home/ubuntu/ros2_foxy/install/ament_cmake_core:/home/ubuntu/ros2_foxy/install/ament_package CMAKE_PREFIX_PATH=/home/ubuntu/ros2_foxy/install/ament_cmake_test:/home/ubuntu/ros2_foxy/install/ament_cmake_core PATH=/home/ubuntu/ros2_foxy/install/ament_lint_cmake/bin:${PATH} PYTHONPATH=/home/ubuntu/ros2_foxy/build/ament_lint_cmake:/home/ubuntu/ros2_foxy/install/ament_lint_cmake/lib/python3.6/site-packages:/home/ubuntu/ros2_foxy/install/ament_cmake_test/lib/python3.6/site-packages:/home/ubuntu/ros2_foxy/build/ament_package:/home/ubuntu/ros2_foxy/install/ament_package/lib/python3.6/site-packages /usr/bin/cmake --build /home/ubuntu/ros2_foxy/build/ament_cmake_lint_cmake -- -j4 -l4
[2.870s] Invoking command in '/home/ubuntu/ros2_foxy/build/ament_cmake_lint_cmake': AMENT_PREFIX_PATH=/home/ubuntu/ros2_foxy/install/ament_lint_cmake:/home/ubuntu/ros2_foxy/install/ament_cmake_test:/home/ubuntu/ros2_foxy/install/ament_cmake_core:/home/ubuntu/ros2_foxy/install/ament_package CMAKE_PREFIX_PATH=/home/ubuntu/ros2_foxy/install/ament_cmake_test:/home/ubuntu/ros2_foxy/install/ament_cmake_core PATH=/home/ubuntu/ros2_foxy/install/ament_lint_cmake/bin:${PATH} PYTHONPATH=/home/ubuntu/ros2_foxy/build/ament_lint_cmake:/home/ubuntu/ros2_foxy/install/ament_lint_cmake/lib/python3.6/site-packages:/home/ubuntu/ros2_foxy/install/ament_cmake_test/lib/python3.6/site-packages:/home/ubuntu/ros2_foxy/build/ament_package:/home/ubuntu/ros2_foxy/install/ament_package/lib/python3.6/site-packages /usr/bin/cmake --build /home/ubuntu/ros2_foxy/build/ament_cmake_lint_cmake --target install -- -j4 -l4
[3.100s] [36mInstall the project...[0m
[3.144s] -- Install configuration: ""
[3.147s] -- Execute custom install script
[3.149s] -- Symlinking: /home/ubuntu/ros2_foxy/install/ament_cmake_lint_cmake/share/ament_index/resource_index/package_run_dependencies/ament_cmake_lint_cmake
[3.193s] -- Symlinking: /home/ubuntu/ros2_foxy/install/ament_cmake_lint_cmake/share/ament_index/resource_index/parent_prefix_path/ament_cmake_lint_cmake
[3.237s] -- Symlinking: /home/ubuntu/ros2_foxy/install/ament_cmake_lint_cmake/share/ament_cmake_lint_cmake/environment/ament_prefix_path.sh
[3.279s] -- Symlinking: /home/ubuntu/ros2_foxy/install/ament_cmake_lint_cmake/share/ament_cmake_lint_cmake/environment/ament_prefix_path.dsv
[3.336s] -- Symlinking: /home/ubuntu/ros2_foxy/install/ament_cmake_lint_cmake/share/ament_cmake_lint_cmake/environment/path.sh
[3.383s] -- Symlinking: /home/ubuntu/ros2_foxy/install/ament_cmake_lint_cmake/share/ament_cmake_lint_cmake/environment/path.dsv
[3.456s] -- Symlinking: /home/ubuntu/ros2_foxy/install/ament_cmake_lint_cmake/share/ament_cmake_lint_cmake/local_setup.bash
[3.519s] -- Symlinking: /home/ubuntu/ros2_foxy/install/ament_cmake_lint_cmake/share/ament_cmake_lint_cmake/local_setup.sh
[3.575s] -- Symlinking: /home/ubuntu/ros2_foxy/install/ament_cmake_lint_cmake/share/ament_cmake_lint_cmake/local_setup.zsh
[3.630s] -- Symlinking: /home/ubuntu/ros2_foxy/install/ament_cmake_lint_cmake/share/ament_cmake_lint_cmake/local_setup.dsv
[3.673s] -- Symlinking: /home/ubuntu/ros2_foxy/install/ament_cmake_lint_cmake/share/ament_cmake_lint_cmake/package.dsv
[3.724s] -- Symlinking: /home/ubuntu/ros2_foxy/install/ament_cmake_lint_cmake/share/ament_index/resource_index/packages/ament_cmake_lint_cmake
[3.762s] -- Symlinking: /home/ubuntu/ros2_foxy/install/ament_cmake_lint_cmake/share/ament_cmake_lint_cmake/cmake/ament_cmake_lint_cmake-extras.cmake
[3.803s] -- Symlinking: /home/ubuntu/ros2_foxy/install/ament_cmake_lint_cmake/share/ament_cmake_lint_cmake/cmake/ament_cmake_lint_cmakeConfig.cmake
[3.849s] -- Symlinking: /home/ubuntu/ros2_foxy/install/ament_cmake_lint_cmake/share/ament_cmake_lint_cmake/cmake/ament_cmake_lint_cmakeConfig-version.cmake
[3.897s] -- Symlinking: /home/ubuntu/ros2_foxy/install/ament_cmake_lint_cmake/share/ament_cmake_lint_cmake/package.xml
[3.945s] -- Symlinking: /home/ubuntu/ros2_foxy/install/ament_cmake_lint_cmake/share/ament_cmake_lint_cmake/cmake/ament_cmake_lint_cmake_lint_hook.cmake
[3.988s] -- Symlinking: /home/ubuntu/ros2_foxy/install/ament_cmake_lint_cmake/share/ament_cmake_lint_cmake/cmake/ament_lint_cmake.cmake
[4.053s] Invoked command in '/home/ubuntu/ros2_foxy/build/ament_cmake_lint_cmake' returned '0': AMENT_PREFIX_PATH=/home/ubuntu/ros2_foxy/install/ament_lint_cmake:/home/ubuntu/ros2_foxy/install/ament_cmake_test:/home/ubuntu/ros2_foxy/install/ament_cmake_core:/home/ubuntu/ros2_foxy/install/ament_package CMAKE_PREFIX_PATH=/home/ubuntu/ros2_foxy/install/ament_cmake_test:/home/ubuntu/ros2_foxy/install/ament_cmake_core PATH=/home/ubuntu/ros2_foxy/install/ament_lint_cmake/bin:${PATH} PYTHONPATH=/home/ubuntu/ros2_foxy/build/ament_lint_cmake:/home/ubuntu/ros2_foxy/install/ament_lint_cmake/lib/python3.6/site-packages:/home/ubuntu/ros2_foxy/install/ament_cmake_test/lib/python3.6/site-packages:/home/ubuntu/ros2_foxy/build/ament_package:/home/ubuntu/ros2_foxy/install/ament_package/lib/python3.6/site-packages /usr/bin/cmake --build /home/ubuntu/ros2_foxy/build/ament_cmake_lint_cmake --target install -- -j4 -l4
