[rosmaster.main][INFO] 2022-01-20 15:42:26,057: initialization complete, waiting for shutdown
[rosmaster.main][INFO] 2022-01-20 15:42:26,058: Starting ROS Master Node
[xmlrpc][INFO] 2022-01-20 15:42:26,060: XML-RPC server binding to 0.0.0.0:11311
[xmlrpc][INFO] 2022-01-20 15:42:26,060: Started XML-RPC server [http://ubuntu:11311/]
[rosmaster.master][INFO] 2022-01-20 15:42:26,061: Master initialized: port[11311], uri[http://ubuntu:11311/]
[xmlrpc][INFO] 2022-01-20 15:42:26,061: xml rpc node: starting XML-RPC server
[rosmaster.master][INFO] 2022-01-20 15:42:26,112: +PARAM [/run_id] by /roslaunch
[rosmaster.master][INFO] 2022-01-20 15:42:26,115: +PARAM [/roslaunch/uris/host_ubuntu__45523] by /roslaunch
[rosmaster.master][INFO] 2022-01-20 15:42:26,200: +PARAM [/rosversion] by /roslaunch
[rosmaster.master][INFO] 2022-01-20 15:42:26,201: +PARAM [/rosdistro] by /roslaunch
[rosmaster.master][INFO] 2022-01-20 15:42:26,230: +SERVICE [/rosout/get_loggers] /rosout http://ubuntu:38879/
[rosmaster.master][INFO] 2022-01-20 15:42:26,231: +SERVICE [/rosout/set_logger_level] /rosout http://ubuntu:38879/
[rosmaster.master][INFO] 2022-01-20 15:42:26,234: +PUB [/rosout_agg] /rosout http://ubuntu:38879/
[rosmaster.master][INFO] 2022-01-20 15:42:26,239: +SUB [/rosout] /rosout http://ubuntu:38879/
[rosmaster.master][INFO] 2022-01-20 15:42:28,045: +CACHEDPARAM [/rosout_disable_topics_generation] by /talker_22155_1642693227858
[rosmaster.master][INFO] 2022-01-20 15:42:32,042: +CACHEDPARAM [/rosout_disable_topics_generation] by /talker_22155_1642693227858
[rosmaster.master][INFO] 2022-01-20 15:42:36,044: +CACHEDPARAM [/rosout_disable_topics_generation] by /talker_22155_1642693227858
[rosmaster.master][INFO] 2022-01-20 15:42:40,043: +CACHEDPARAM [/rosout_disable_topics_generation] by /talker_22155_1642693227858
[rosmaster.master][INFO] 2022-01-20 15:42:44,043: +CACHEDPARAM [/rosout_disable_topics_generation] by /talker_22155_1642693227858
[rosmaster.master][INFO] 2022-01-20 15:42:48,043: +CACHEDPARAM [/rosout_disable_topics_generation] by /talker_22155_1642693227858
[rosmaster.master][INFO] 2022-01-20 15:42:52,040: +CACHEDPARAM [/rosout_disable_topics_generation] by /talker_22155_1642693227858
[rosmaster.master][INFO] 2022-01-20 15:42:56,043: +CACHEDPARAM [/rosout_disable_topics_generation] by /talker_22155_1642693227858
[rosmaster.master][INFO] 2022-01-20 15:43:00,043: +CACHEDPARAM [/rosout_disable_topics_generation] by /talker_22155_1642693227858
[rosmaster.master][INFO] 2022-01-20 15:43:04,043: +CACHEDPARAM [/rosout_disable_topics_generation] by /talker_22155_1642693227858
[rosmaster.master][INFO] 2022-01-20 15:43:08,043: +CACHEDPARAM [/rosout_disable_topics_generation] by /talker_22155_1642693227858
[rosmaster.master][INFO] 2022-01-20 15:43:12,044: +CACHEDPARAM [/rosout_disable_topics_generation] by /talker_22155_1642693227858
[rosmaster.master][INFO] 2022-01-20 15:43:16,044: +CACHEDPARAM [/rosout_disable_topics_generation] by /talker_22155_1642693227858
[rosmaster.master][INFO] 2022-01-20 15:43:20,044: +CACHEDPARAM [/rosout_disable_topics_generation] by /talker_22155_1642693227858
[rosmaster.master][INFO] 2022-01-20 15:43:24,043: +CACHEDPARAM [/rosout_disable_topics_generation] by /talker_22155_1642693227858
[rosmaster.master][INFO] 2022-01-20 15:43:28,044: +CACHEDPARAM [/rosout_disable_topics_generation] by /talker_22155_1642693227858
[rosmaster.master][INFO] 2022-01-20 15:43:32,044: +CACHEDPARAM [/rosout_disable_topics_generation] by /talker_22155_1642693227858
[rosmaster.master][INFO] 2022-01-20 15:43:36,043: +CACHEDPARAM [/rosout_disable_topics_generation] by /talker_22155_1642693227858
[rosmaster.master][INFO] 2022-01-20 15:43:40,043: +CACHEDPARAM [/rosout_disable_topics_generation] by /talker_22155_1642693227858
[rosmaster.master][INFO] 2022-01-20 15:43:44,043: +CACHEDPARAM [/rosout_disable_topics_generation] by /talker_22155_1642693227858
[rosmaster.master][INFO] 2022-01-20 15:43:48,044: +CACHEDPARAM [/rosout_disable_topics_generation] by /talker_22155_1642693227858
[rosmaster.master][INFO] 2022-01-20 15:43:52,044: +CACHEDPARAM [/rosout_disable_topics_generation] by /talker_22155_1642693227858
[rosmaster.master][INFO] 2022-01-20 15:43:56,043: +CACHEDPARAM [/rosout_disable_topics_generation] by /talker_22155_1642693227858
[rosmaster.master][INFO] 2022-01-20 15:44:00,043: +CACHEDPARAM [/rosout_disable_topics_generation] by /talker_22155_1642693227858
[rosmaster.master][INFO] 2022-01-20 15:44:04,041: +CACHEDPARAM [/rosout_disable_topics_generation] by /talker_22155_1642693227858
[rosmaster.master][INFO] 2022-01-20 15:44:08,043: +CACHEDPARAM [/rosout_disable_topics_generation] by /talker_22155_1642693227858
[rosmaster.master][INFO] 2022-01-20 15:44:12,043: +CACHEDPARAM [/rosout_disable_topics_generation] by /talker_22155_1642693227858
[rosmaster.master][INFO] 2022-01-20 15:44:16,043: +CACHEDPARAM [/rosout_disable_topics_generation] by /talker_22155_1642693227858
[rosmaster.master][INFO] 2022-01-20 15:44:20,043: +CACHEDPARAM [/rosout_disable_topics_generation] by /talker_22155_1642693227858
[rosmaster.master][INFO] 2022-01-20 15:44:24,043: +CACHEDPARAM [/rosout_disable_topics_generation] by /talker_22155_1642693227858
[rosmaster.master][INFO] 2022-01-20 15:44:28,043: +CACHEDPARAM [/rosout_disable_topics_generation] by /talker_22155_1642693227858
[rosmaster.master][INFO] 2022-01-20 15:44:32,042: +CACHEDPARAM [/rosout_disable_topics_generation] by /talker_22155_1642693227858
[rosmaster.master][INFO] 2022-01-20 15:44:36,043: +CACHEDPARAM [/rosout_disable_topics_generation] by /talker_22155_1642693227858
[rosmaster.master][INFO] 2022-01-20 15:44:40,043: +CACHEDPARAM [/rosout_disable_topics_generation] by /talker_22155_1642693227858
[rosmaster.master][INFO] 2022-01-20 15:44:44,043: +CACHEDPARAM [/rosout_disable_topics_generation] by /talker_22155_1642693227858
[rosmaster.master][INFO] 2022-01-20 15:44:48,043: +CACHEDPARAM [/rosout_disable_topics_generation] by /talker_22155_1642693227858
[rosmaster.master][INFO] 2022-01-20 15:44:52,043: +CACHEDPARAM [/rosout_disable_topics_generation] by /talker_22155_1642693227858
[rosmaster.master][INFO] 2022-01-20 15:44:56,043: +CACHEDPARAM [/rosout_disable_topics_generation] by /talker_22155_1642693227858
[rosmaster.master][INFO] 2022-01-20 15:45:00,043: +CACHEDPARAM [/rosout_disable_topics_generation] by /talker_22155_1642693227858
[rosmaster.master][INFO] 2022-01-20 15:45:04,044: +CACHEDPARAM [/rosout_disable_topics_generation] by /talker_22155_1642693227858
[rosmaster.master][INFO] 2022-01-20 15:45:04,254: -PUB [/chatter] /talker_22155_1642693227858 http://ubuntu:38181/
[rosmaster.master][INFO] 2022-01-20 15:45:04,254: -PUB [/rosout] /talker_22155_1642693227858 http://ubuntu:38181/
[rosmaster.master][INFO] 2022-01-20 15:45:04,255: -SERVICE [/talker_22155_1642693227858/set_logger_level] /talker_22155_1642693227858 rosrpc://ubuntu:41271
[rosmaster.master][INFO] 2022-01-20 15:45:04,256: -SERVICE [/talker_22155_1642693227858/get_loggers] /talker_22155_1642693227858 rosrpc://ubuntu:41271
[rosmaster.master][INFO] 2022-01-20 15:45:08,347: +PUB [/chatter] /talker_22241_1642693508286 http://ubuntu:40489/
[rosmaster.master][INFO] 2022-01-20 15:45:08,445: +PUB [/rosout] /talker_22241_1642693508286 http://ubuntu:40489/
[rosmaster.master][INFO] 2022-01-20 15:45:08,453: publisherUpdate[/rosout] -> http://ubuntu:38879/ ['http://ubuntu:40489/']
[rosmaster.master][INFO] 2022-01-20 15:45:08,454: +SERVICE [/talker_22241_1642693508286/get_loggers] /talker_22241_1642693508286 http://ubuntu:40489/
[rosmaster.master][INFO] 2022-01-20 15:45:08,460: +SERVICE [/talker_22241_1642693508286/set_logger_level] /talker_22241_1642693508286 http://ubuntu:40489/
[rosmaster.master][INFO] 2022-01-20 15:45:08,463: +CACHEDPARAM [/rosout_disable_topics_generation] by /talker_22241_1642693508286
[rosmaster.master][INFO] 2022-01-20 15:45:08,465: publisherUpdate[/rosout] -> http://ubuntu:38879/ ['http://ubuntu:40489/']: sec=0.01, result=[1, '', 0]
[rosmaster.master][INFO] 2022-01-20 15:45:08,677: +CACHEDPARAM [/rosout/omit_topics] by /rosout
[rosmaster.master][INFO] 2022-01-20 15:45:12,468: +CACHEDPARAM [/rosout_disable_topics_generation] by /talker_22241_1642693508286
[rosmaster.master][INFO] 2022-01-20 15:45:16,469: +CACHEDPARAM [/rosout_disable_topics_generation] by /talker_22241_1642693508286
[rosmaster.master][INFO] 2022-01-20 15:45:20,469: +CACHEDPARAM [/rosout_disable_topics_generation] by /talker_22241_1642693508286
[rosmaster.master][INFO] 2022-01-20 15:45:24,469: +CACHEDPARAM [/rosout_disable_topics_generation] by /talker_22241_1642693508286
[rosmaster.master][INFO] 2022-01-20 15:45:28,469: +CACHEDPARAM [/rosout_disable_topics_generation] by /talker_22241_1642693508286
[rosmaster.master][INFO] 2022-01-20 15:45:32,469: +CACHEDPARAM [/rosout_disable_topics_generation] by /talker_22241_1642693508286
[rosmaster.master][INFO] 2022-01-20 15:45:36,466: +CACHEDPARAM [/rosout_disable_topics_generation] by /talker_22241_1642693508286
[rosmaster.master][INFO] 2022-01-20 15:45:40,469: +CACHEDPARAM [/rosout_disable_topics_generation] by /talker_22241_1642693508286
[rosmaster.master][INFO] 2022-01-20 15:45:44,469: +CACHEDPARAM [/rosout_disable_topics_generation] by /talker_22241_1642693508286
[rosmaster.master][INFO] 2022-01-20 15:45:48,469: +CACHEDPARAM [/rosout_disable_topics_generation] by /talker_22241_1642693508286
[rosmaster.master][INFO] 2022-01-20 15:45:52,469: +CACHEDPARAM [/rosout_disable_topics_generation] by /talker_22241_1642693508286
[rosmaster.master][INFO] 2022-01-20 15:45:56,469: +CACHEDPARAM [/rosout_disable_topics_generation] by /talker_22241_1642693508286
[rosmaster.master][INFO] 2022-01-20 15:46:00,469: +CACHEDPARAM [/rosout_disable_topics_generation] by /talker_22241_1642693508286
[rosmaster.master][INFO] 2022-01-20 15:46:04,469: +CACHEDPARAM [/rosout_disable_topics_generation] by /talker_22241_1642693508286
[rosmaster.master][INFO] 2022-01-20 15:46:08,469: +CACHEDPARAM [/rosout_disable_topics_generation] by /talker_22241_1642693508286
[rosmaster.master][INFO] 2022-01-20 15:46:12,469: +CACHEDPARAM [/rosout_disable_topics_generation] by /talker_22241_1642693508286
[rosmaster.master][INFO] 2022-01-20 15:46:16,469: +CACHEDPARAM [/rosout_disable_topics_generation] by /talker_22241_1642693508286
[rosmaster.master][INFO] 2022-01-20 15:46:20,469: +CACHEDPARAM [/rosout_disable_topics_generation] by /talker_22241_1642693508286
[rosmaster.master][INFO] 2022-01-20 15:46:24,469: +CACHEDPARAM [/rosout_disable_topics_generation] by /talker_22241_1642693508286
[rosmaster.master][INFO] 2022-01-20 15:46:28,469: +CACHEDPARAM [/rosout_disable_topics_generation] by /talker_22241_1642693508286
[rosmaster.master][INFO] 2022-01-20 15:46:32,469: +CACHEDPARAM [/rosout_disable_topics_generation] by /talker_22241_1642693508286
[rosmaster.master][INFO] 2022-01-20 15:46:36,469: +CACHEDPARAM [/rosout_disable_topics_generation] by /talker_22241_1642693508286
[rosmaster.master][INFO] 2022-01-20 15:46:40,469: +CACHEDPARAM [/rosout_disable_topics_generation] by /talker_22241_1642693508286
[rosmaster.master][INFO] 2022-01-20 15:46:44,469: +CACHEDPARAM [/rosout_disable_topics_generation] by /talker_22241_1642693508286
[rosmaster.master][INFO] 2022-01-20 15:46:48,469: +CACHEDPARAM [/rosout_disable_topics_generation] by /talker_22241_1642693508286
[rosmaster.master][INFO] 2022-01-20 15:46:52,469: +CACHEDPARAM [/rosout_disable_topics_generation] by /talker_22241_1642693508286
[rosmaster.master][INFO] 2022-01-20 15:46:56,466: +CACHEDPARAM [/rosout_disable_topics_generation] by /talker_22241_1642693508286
[rosmaster.master][INFO] 2022-01-20 15:47:00,469: +CACHEDPARAM [/rosout_disable_topics_generation] by /talker_22241_1642693508286
[rosmaster.master][INFO] 2022-01-20 15:47:04,465: +CACHEDPARAM [/rosout_disable_topics_generation] by /talker_22241_1642693508286
[rosmaster.master][INFO] 2022-01-20 15:47:08,465: +CACHEDPARAM [/rosout_disable_topics_generation] by /talker_22241_1642693508286
[rosmaster.master][INFO] 2022-01-20 15:47:12,469: +CACHEDPARAM [/rosout_disable_topics_generation] by /talker_22241_1642693508286
[rosmaster.master][INFO] 2022-01-20 15:47:16,469: +CACHEDPARAM [/rosout_disable_topics_generation] by /talker_22241_1642693508286
[rosmaster.master][INFO] 2022-01-20 15:47:20,469: +CACHEDPARAM [/rosout_disable_topics_generation] by /talker_22241_1642693508286
[rosmaster.master][INFO] 2022-01-20 15:47:24,469: +CACHEDPARAM [/rosout_disable_topics_generation] by /talker_22241_1642693508286
[rosmaster.master][INFO] 2022-01-20 15:47:28,469: +CACHEDPARAM [/rosout_disable_topics_generation] by /talker_22241_1642693508286
[rosmaster.master][INFO] 2022-01-20 15:47:32,466: +CACHEDPARAM [/rosout_disable_topics_generation] by /talker_22241_1642693508286
[rosmaster.master][INFO] 2022-01-20 15:47:36,469: +CACHEDPARAM [/rosout_disable_topics_generation] by /talker_22241_1642693508286
[rosmaster.master][INFO] 2022-01-20 15:47:40,469: +CACHEDPARAM [/rosout_disable_topics_generation] by /talker_22241_1642693508286
[rosmaster.master][INFO] 2022-01-20 15:47:44,469: +CACHEDPARAM [/rosout_disable_topics_generation] by /talker_22241_1642693508286
[rosmaster.master][INFO] 2022-01-20 15:47:48,469: +CACHEDPARAM [/rosout_disable_topics_generation] by /talker_22241_1642693508286
[rosmaster.master][INFO] 2022-01-20 15:47:52,469: +CACHEDPARAM [/rosout_disable_topics_generation] by /talker_22241_1642693508286
[rosmaster.master][INFO] 2022-01-20 15:47:56,468: +CACHEDPARAM [/rosout_disable_topics_generation] by /talker_22241_1642693508286
[rosmaster.master][INFO] 2022-01-20 15:48:00,469: +CACHEDPARAM [/rosout_disable_topics_generation] by /talker_22241_1642693508286
[rosmaster.master][INFO] 2022-01-20 15:48:04,465: +CACHEDPARAM [/rosout_disable_topics_generation] by /talker_22241_1642693508286
[rosmaster.master][INFO] 2022-01-20 15:48:08,469: +CACHEDPARAM [/rosout_disable_topics_generation] by /talker_22241_1642693508286
[rosmaster.master][INFO] 2022-01-20 15:48:12,469: +CACHEDPARAM [/rosout_disable_topics_generation] by /talker_22241_1642693508286
[rosmaster.master][INFO] 2022-01-20 15:48:16,469: +CACHEDPARAM [/rosout_disable_topics_generation] by /talker_22241_1642693508286
[rosmaster.master][INFO] 2022-01-20 15:48:20,469: +CACHEDPARAM [/rosout_disable_topics_generation] by /talker_22241_1642693508286
[rosmaster.master][INFO] 2022-01-20 15:48:22,162: -PUB [/chatter] /talker_22241_1642693508286 http://ubuntu:40489/
[rosmaster.master][INFO] 2022-01-20 15:48:22,163: -PUB [/rosout] /talker_22241_1642693508286 http://ubuntu:40489/
[rosmaster.master][INFO] 2022-01-20 15:48:22,164: -SERVICE [/talker_22241_1642693508286/set_logger_level] /talker_22241_1642693508286 rosrpc://ubuntu:32773
[rosmaster.master][INFO] 2022-01-20 15:48:22,165: -SERVICE [/talker_22241_1642693508286/get_loggers] /talker_22241_1642693508286 rosrpc://ubuntu:32773
[rosmaster.master][INFO] 2022-01-20 15:48:22,192: publisherUpdate[/rosout] -> http://ubuntu:38879/ []
[rosmaster.master][INFO] 2022-01-20 15:48:22,195: publisherUpdate[/rosout] -> http://ubuntu:38879/ []: sec=0.00, result=[1, '', 0]
[rosmaster.master][INFO] 2022-01-20 15:52:26,305: -PUB [/rosout_agg] /rosout http://ubuntu:38879/
[rosmaster.master][INFO] 2022-01-20 15:52:26,307: -SUB [/rosout] /rosout http://ubuntu:38879/
[rosmaster.master][INFO] 2022-01-20 15:52:26,308: -SERVICE [/rosout/get_loggers] /rosout rosrpc://ubuntu:57981
[rosmaster.master][INFO] 2022-01-20 15:52:26,309: -SERVICE [/rosout/set_logger_level] /rosout rosrpc://ubuntu:57981
[rosmaster.master][INFO] 2022-01-20 15:52:26,310: -CACHEDPARAM [/rosout/omit_topics] by /rosout
[rosmaster.main][INFO] 2022-01-20 15:52:26,361: keyboard interrupt, will exit
[rosmaster.main][INFO] 2022-01-20 15:52:26,361: stopping master...
[rospy.core][INFO] 2022-01-20 15:52:26,362: signal_shutdown [atexit]
