[rospy.client][INFO] 2022-04-05 19:08:34,317: init_node, name[/talker], pid[4715]
[xmlrpc][INFO] 2022-04-05 19:08:34,319: XML-RPC server binding to 0.0.0.0:0
[xmlrpc][INFO] 2022-04-05 19:08:34,320: Started XML-RPC server [http://ubuntu:36605/]
[rospy.init][INFO] 2022-04-05 19:08:34,321: ROS Slave URI: [http://ubuntu:36605/]
[rospy.impl.masterslave][INFO] 2022-04-05 19:08:34,322: _ready: http://ubuntu:36605/
[xmlrpc][INFO] 2022-04-05 19:08:34,323: xml rpc node: starting XML-RPC server
[rospy.registration][INFO] 2022-04-05 19:08:34,325: Registering with master node http://localhost:11311
[rospy.registration][INFO] 2022-04-05 19:08:34,326: Registering publisher topic [/video/click] type [geometry_msgs/PointStamped] with master
[rospy.init][INFO] 2022-04-05 19:08:34,429: registered with master
[rospy.rosout][INFO] 2022-04-05 19:08:34,430: initializing /rosout core topic
[rospy.rosout][INFO] 2022-04-05 19:08:34,444: connected to core topic /rosout
[rospy.simtime][INFO] 2022-04-05 19:08:34,450: /use_sim_time is not set, will not subscribe to simulated time [/clock] topic
[rospy.internal][INFO] 2022-04-05 19:08:34,467: topic[/video/click] adding connection to [/listener], count 0
[rospy.internal][INFO] 2022-04-05 19:08:34,631: topic[/rosout] adding connection to [/rosout], count 0
[rospy.internal][INFO] 2022-04-05 19:08:37,443: topic[/video/click] adding connection to [/link_ros], count 1
[rospy.internal][INFO] 2022-04-06 03:20:47,057: topic[/rosout] removing connection to /rosout
[rospy.internal][INFO] 2022-04-06 03:20:48,059: topic[/video/click] removing connection to /link_ros
[rospy.rosout][ERROR] 2022-04-06 03:20:49,227: Unable to report rosout: [Errno 111] Connection refused
Traceback (most recent call last):
  File "/opt/ros/melodic/lib/python2.7/dist-packages/rospy/impl/rosout.py", line 91, in _rosout
    disable_topics_ = rospy.get_param_cached("/rosout_disable_topics_generation", False)
  File "/opt/ros/melodic/lib/python2.7/dist-packages/rospy/client.py", line 490, in get_param_cached
    return _param_server.get_param_cached(param_name)
  File "/opt/ros/melodic/lib/python2.7/dist-packages/rospy/msproxy.py", line 168, in get_param_cached
    code, msg, value = self.target.subscribeParam(rospy.names.get_caller_id(), rospy.core.get_node_uri(), resolved_key)
  File "/usr/lib/python2.7/xmlrpclib.py", line 1243, in __call__
    return self.__send(self.__name, args)
  File "/opt/ros/melodic/lib/python2.7/dist-packages/rospy/core.py", line 670, in _ServerProxy__request
    self, methodname, params)
  File "/usr/lib/python2.7/xmlrpclib.py", line 1602, in __request
    verbose=self.__verbose
  File "/usr/lib/python2.7/xmlrpclib.py", line 1283, in request
    return self.single_request(host, handler, request_body, verbose)
  File "/usr/lib/python2.7/xmlrpclib.py", line 1311, in single_request
    self.send_content(h, request_body)
  File "/usr/lib/python2.7/xmlrpclib.py", line 1459, in send_content
    connection.endheaders(request_body)
  File "/usr/lib/python2.7/httplib.py", line 1095, in endheaders
    self._send_output(message_body)
  File "/usr/lib/python2.7/httplib.py", line 898, in _send_output
    self.send(msg)
  File "/usr/lib/python2.7/httplib.py", line 860, in send
    self.connect()
  File "/usr/lib/python2.7/httplib.py", line 837, in connect
    self.timeout, self.source_address)
  File "/usr/lib/python2.7/socket.py", line 575, in create_connection
    raise err
error: [Errno 111] Connection refused

[rosout][WARNING] 2022-04-06 03:20:49,220: Inbound TCP/IP connection failed: connection from sender terminated before handshake header received. 0 bytes were received. Please check sender for additional details.
[rospy.internal][ERROR] 2022-04-06 03:20:49,229: Inbound TCP/IP connection failed:
Traceback (most recent call last):
  File "/opt/ros/melodic/lib/python2.7/dist-packages/rospy/impl/tcpros_base.py", line 325, in _tcp_server_callback
    header = read_ros_handshake_header(sock, StringIO(), buff_size)
  File "/opt/ros/melodic/lib/python2.7/dist-packages/rosgraph/network.py", line 359, in read_ros_handshake_header
    raise ROSHandshakeException("connection from sender terminated before handshake header received. %s bytes were received. Please check sender for additional details."%b.tell())
ROSHandshakeException: connection from sender terminated before handshake header received. 0 bytes were received. Please check sender for additional details.

[rospy.core][INFO] 2022-04-06 03:36:41,154: signal_shutdown [signal-2]
[rospy.registration][WARNING] 2022-04-06 03:36:41,157: cannot unregister with master due to network issues
[rospy.internal][INFO] 2022-04-06 03:36:41,158: topic[/video/click] removing connection to /listener
[rospy.impl.masterslave][INFO] 2022-04-06 03:36:41,159: signal-2
[rospy.core][INFO] 2022-04-06 03:36:41,324: signal_shutdown [atexit]
