[rospy.client][INFO] 2022-04-05 19:08:34,957: init_node, name[/webcam], pid[4709]
[xmlrpc][INFO] 2022-04-05 19:08:34,958: XML-RPC server binding to 0.0.0.0:0
[xmlrpc][INFO] 2022-04-05 19:08:34,959: Started XML-RPC server [http://ubuntu:46677/]
[rospy.init][INFO] 2022-04-05 19:08:34,959: ROS Slave URI: [http://ubuntu:46677/]
[rospy.impl.masterslave][INFO] 2022-04-05 19:08:34,960: _ready: http://ubuntu:46677/
[xmlrpc][INFO] 2022-04-05 19:08:34,962: xml rpc node: starting XML-RPC server
[rospy.registration][INFO] 2022-04-05 19:08:34,962: Registering with master node http://localhost:11311
[rospy.registration][INFO] 2022-04-05 19:08:34,963: Registering publisher topic [/image_raw_2] type [sensor_msgs/Image] with master
[rospy.registration][INFO] 2022-04-05 19:08:34,968: Registering publisher topic [/image_raw] type [sensor_msgs/Image] with master
[rospy.init][INFO] 2022-04-05 19:08:35,060: registered with master
[rospy.rosout][INFO] 2022-04-05 19:08:35,061: initializing /rosout core topic
[rospy.rosout][INFO] 2022-04-05 19:08:35,066: connected to core topic /rosout
[rospy.simtime][INFO] 2022-04-05 19:08:35,070: /use_sim_time is not set, will not subscribe to simulated time [/clock] topic
[rospy.internal][INFO] 2022-04-05 19:08:35,315: topic[/rosout] adding connection to [/rosout], count 0
[rospy.internal][INFO] 2022-04-05 19:08:37,425: topic[/image_raw_2] adding connection to [/link_ros], count 0
[rospy.internal][INFO] 2022-04-05 19:08:37,448: topic[/image_raw] adding connection to [/link_ros], count 0
[rospy.internal][INFO] 2022-04-06 03:20:47,190: topic[/rosout] removing connection to /rosout
[rospy.internal][INFO] 2022-04-06 03:20:47,821: topic[/image_raw_2] removing connection to /link_ros
[rospy.internal][INFO] 2022-04-06 03:20:47,822: topic[/image_raw] removing connection to /link_ros
[rospy.core][INFO] 2022-04-06 03:36:41,260: signal_shutdown [signal-2]
[rospy.registration][WARNING] 2022-04-06 03:36:41,264: cannot unregister with master due to network issues
[rospy.impl.masterslave][INFO] 2022-04-06 03:36:41,265: signal-2
[rospy.core][INFO] 2022-04-06 03:36:41,448: signal_shutdown [atexit]
