[rospy.client][INFO] 2022-04-05 19:07:47,378: init_node, name[/talker], pid[4148]
[xmlrpc][INFO] 2022-04-05 19:07:47,380: XML-RPC server binding to 0.0.0.0:0
[rospy.init][INFO] 2022-04-05 19:07:47,383: ROS Slave URI: [http://ubuntu:35803/]
[xmlrpc][INFO] 2022-04-05 19:07:47,384: Started XML-RPC server [http://ubuntu:35803/]
[rospy.impl.masterslave][INFO] 2022-04-05 19:07:47,384: _ready: http://ubuntu:35803/
[xmlrpc][INFO] 2022-04-05 19:07:47,385: xml rpc node: starting XML-RPC server
[rospy.registration][INFO] 2022-04-05 19:07:47,387: Registering with master node http://localhost:11311
[rospy.registration][INFO] 2022-04-05 19:07:47,388: Registering publisher topic [/video/click] type [geometry_msgs/PointStamped] with master
[rospy.init][INFO] 2022-04-05 19:07:47,484: registered with master
[rospy.rosout][INFO] 2022-04-05 19:07:47,484: initializing /rosout core topic
[rospy.rosout][INFO] 2022-04-05 19:07:47,492: connected to core topic /rosout
[rospy.simtime][INFO] 2022-04-05 19:07:47,497: /use_sim_time is not set, will not subscribe to simulated time [/clock] topic
[rospy.internal][INFO] 2022-04-05 19:07:47,519: topic[/video/click] adding connection to [/link_ros], count 0
[rospy.internal][INFO] 2022-04-05 19:07:47,563: topic[/video/click] adding connection to [/listener], count 1
[rospy.internal][INFO] 2022-04-05 19:07:47,802: topic[/rosout] adding connection to [/rosout], count 0
[rospy.core][INFO] 2022-04-05 19:07:58,981: signal_shutdown [signal-2]
[rospy.internal][INFO] 2022-04-05 19:07:58,999: topic[/rosout] removing connection to /rosout
[rospy.internal][INFO] 2022-04-05 19:07:59,002: topic[/video/click] removing connection to /link_ros
[rospy.internal][INFO] 2022-04-05 19:07:59,004: topic[/video/click] removing connection to /listener
[rospy.impl.masterslave][INFO] 2022-04-05 19:07:59,006: signal-2
[rospy.core][INFO] 2022-04-05 19:07:59,622: signal_shutdown [atexit]
