[rospy.client][INFO] 2022-01-25 18:56:14,364: init_node, name[/talker], pid[25380]
[xmlrpc][INFO] 2022-01-25 18:56:14,371: XML-RPC server binding to 0.0.0.0:0
[xmlrpc][INFO] 2022-01-25 18:56:14,373: Started XML-RPC server [http://ubuntu:35073/]
[rospy.init][INFO] 2022-01-25 18:56:14,373: ROS Slave URI: [http://ubuntu:35073/]
[rospy.impl.masterslave][INFO] 2022-01-25 18:56:14,374: _ready: http://ubuntu:35073/
[rospy.registration][INFO] 2022-01-25 18:56:14,377: Registering with master node http://localhost:11311
[xmlrpc][INFO] 2022-01-25 18:56:14,377: xml rpc node: starting XML-RPC server
[rospy.registration][INFO] 2022-01-25 18:56:14,378: Registering publisher topic [/chatter] type [std_msgs/String] with master
[rospy.init][INFO] 2022-01-25 18:56:14,475: registered with master
[rospy.rosout][INFO] 2022-01-25 18:56:14,475: initializing /rosout core topic
[rospy.rosout][INFO] 2022-01-25 18:56:14,479: connected to core topic /rosout
[rospy.simtime][INFO] 2022-01-25 18:56:14,482: /use_sim_time is not set, will not subscribe to simulated time [/clock] topic
[rosout][INFO] 2022-01-25 18:56:14,491: hello world 1643136974.49
[rospy.internal][INFO] 2022-01-25 18:56:14,701: topic[/rosout] adding connection to [/rosout], count 0
[rospy.internal][INFO] 2022-01-25 18:56:14,839: topic[/chatter] adding connection to [/link_ros], count 0
[rosout][INFO] 2022-01-25 18:56:18,496: hello world 1643136978.5
[rosout][INFO] 2022-01-25 18:56:22,496: hello world 1643136982.5
[rosout][INFO] 2022-01-25 18:56:26,496: hello world 1643136986.5
[rosout][INFO] 2022-01-25 18:56:30,493: hello world 1643136990.49
[rosout][INFO] 2022-01-25 18:56:34,496: hello world 1643136994.5
[rosout][INFO] 2022-01-25 18:56:38,496: hello world 1643136998.5
[rosout][INFO] 2022-01-25 18:56:42,495: hello world 1643137002.5
[rosout][INFO] 2022-01-25 18:56:46,496: hello world 1643137006.5
[rosout][INFO] 2022-01-25 18:56:50,495: hello world 1643137010.49
[rosout][INFO] 2022-01-25 18:56:54,493: hello world 1643137014.49
[rosout][INFO] 2022-01-25 18:56:58,496: hello world 1643137018.5
[rosout][INFO] 2022-01-25 18:57:02,494: hello world 1643137022.49
[rosout][INFO] 2022-01-25 18:57:06,493: hello world 1643137026.49
[rosout][INFO] 2022-01-25 18:57:10,493: hello world 1643137030.49
[rosout][INFO] 2022-01-25 18:57:14,495: hello world 1643137034.5
[rosout][INFO] 2022-01-25 18:57:18,496: hello world 1643137038.5
[rosout][INFO] 2022-01-25 18:57:22,493: hello world 1643137042.49
[rosout][INFO] 2022-01-25 18:57:26,496: hello world 1643137046.5
[rosout][INFO] 2022-01-25 18:57:30,495: hello world 1643137050.5
[rosout][INFO] 2022-01-25 18:57:34,495: hello world 1643137054.5
[rosout][INFO] 2022-01-25 18:57:38,496: hello world 1643137058.5
[rosout][INFO] 2022-01-25 18:57:42,495: hello world 1643137062.5
[rosout][INFO] 2022-01-25 18:57:46,493: hello world 1643137066.49
[rosout][INFO] 2022-01-25 18:57:50,494: hello world 1643137070.49
[rosout][INFO] 2022-01-25 18:57:54,496: hello world 1643137074.5
[rosout][INFO] 2022-01-25 18:57:58,496: hello world 1643137078.5
[rosout][INFO] 2022-01-25 18:58:02,497: hello world 1643137082.5
[rosout][INFO] 2022-01-25 18:58:06,494: hello world 1643137086.49
[rosout][INFO] 2022-01-25 18:58:10,494: hello world 1643137090.49
[rosout][INFO] 2022-01-25 18:58:14,493: hello world 1643137094.49
[rosout][INFO] 2022-01-25 18:58:18,496: hello world 1643137098.5
[rosout][INFO] 2022-01-25 18:58:22,494: hello world 1643137102.49
[rosout][INFO] 2022-01-25 18:58:26,493: hello world 1643137106.49
[rosout][INFO] 2022-01-25 18:58:30,494: hello world 1643137110.49
[rosout][INFO] 2022-01-25 18:58:34,494: hello world 1643137114.49
[rosout][INFO] 2022-01-25 18:58:38,496: hello world 1643137118.5
[rosout][INFO] 2022-01-25 18:58:42,493: hello world 1643137122.49
[rosout][INFO] 2022-01-25 18:58:46,494: hello world 1643137126.49
[rosout][INFO] 2022-01-25 18:58:50,494: hello world 1643137130.49
[rosout][INFO] 2022-01-25 18:58:54,493: hello world 1643137134.49
[rosout][INFO] 2022-01-25 18:58:58,496: hello world 1643137138.5
[rosout][INFO] 2022-01-25 18:59:02,493: hello world 1643137142.49
[rosout][INFO] 2022-01-25 18:59:06,493: hello world 1643137146.49
[rosout][INFO] 2022-01-25 18:59:10,494: hello world 1643137150.49
[rosout][INFO] 2022-01-25 18:59:14,493: hello world 1643137154.49
[rosout][INFO] 2022-01-25 18:59:18,496: hello world 1643137158.5
[rosout][INFO] 2022-01-25 18:59:22,493: hello world 1643137162.49
[rosout][INFO] 2022-01-25 18:59:26,493: hello world 1643137166.49
[rosout][INFO] 2022-01-25 18:59:30,493: hello world 1643137170.49
[rosout][INFO] 2022-01-25 18:59:34,493: hello world 1643137174.49
[rosout][INFO] 2022-01-25 18:59:38,496: hello world 1643137178.5
[rosout][INFO] 2022-01-25 18:59:42,496: hello world 1643137182.5
[rosout][INFO] 2022-01-25 18:59:46,496: hello world 1643137186.5
[rosout][INFO] 2022-01-25 18:59:50,496: hello world 1643137190.5
[rosout][INFO] 2022-01-25 18:59:54,493: hello world 1643137194.49
[rosout][INFO] 2022-01-25 18:59:58,495: hello world 1643137198.5
[rosout][INFO] 2022-01-25 19:00:02,493: hello world 1643137202.49
[rosout][INFO] 2022-01-25 19:00:06,495: hello world 1643137206.49
[rosout][INFO] 2022-01-25 19:00:10,493: hello world 1643137210.49
[rosout][INFO] 2022-01-25 19:00:14,496: hello world 1643137214.5
[rosout][INFO] 2022-01-25 19:00:18,493: hello world 1643137218.49
[rosout][INFO] 2022-01-25 19:00:22,496: hello world 1643137222.5
[rosout][INFO] 2022-01-25 19:00:26,493: hello world 1643137226.49
[rosout][INFO] 2022-01-25 19:00:30,496: hello world 1643137230.5
[rosout][INFO] 2022-01-25 19:00:34,493: hello world 1643137234.49
[rosout][INFO] 2022-01-25 19:00:38,496: hello world 1643137238.5
[rosout][INFO] 2022-01-25 19:00:42,495: hello world 1643137242.49
[rosout][INFO] 2022-01-25 19:00:46,496: hello world 1643137246.5
[rosout][INFO] 2022-01-25 19:00:50,494: hello world 1643137250.49
[rosout][INFO] 2022-01-25 19:00:54,493: hello world 1643137254.49
[rosout][INFO] 2022-01-25 19:00:58,493: hello world 1643137258.49
[rosout][INFO] 2022-01-25 19:01:02,493: hello world 1643137262.49
[rosout][INFO] 2022-01-25 19:01:06,493: hello world 1643137266.49
[rosout][INFO] 2022-01-25 19:01:10,493: hello world 1643137270.49
[rosout][INFO] 2022-01-25 19:01:14,496: hello world 1643137274.5
[rosout][INFO] 2022-01-25 19:01:18,493: hello world 1643137278.49
[rosout][INFO] 2022-01-25 19:01:22,493: hello world 1643137282.49
[rosout][INFO] 2022-01-25 19:01:26,493: hello world 1643137286.49
[rosout][INFO] 2022-01-25 19:01:30,493: hello world 1643137290.49
[rosout][INFO] 2022-01-25 19:01:34,493: hello world 1643137294.49
[rosout][INFO] 2022-01-25 19:01:38,496: hello world 1643137298.5
[rosout][INFO] 2022-01-25 19:01:42,494: hello world 1643137302.49
[rosout][INFO] 2022-01-25 19:01:46,496: hello world 1643137306.5
[rosout][INFO] 2022-01-25 19:01:50,493: hello world 1643137310.49
[rosout][INFO] 2022-01-25 19:01:54,496: hello world 1643137314.5
[rosout][INFO] 2022-01-25 19:01:58,496: hello world 1643137318.5
[rosout][INFO] 2022-01-25 19:02:02,493: hello world 1643137322.49
[rosout][INFO] 2022-01-25 19:02:06,493: hello world 1643137326.49
[rosout][INFO] 2022-01-25 19:02:10,494: hello world 1643137330.49
[rosout][INFO] 2022-01-25 19:02:14,495: hello world 1643137334.5
[rosout][INFO] 2022-01-25 19:02:18,493: hello world 1643137338.49
[rosout][INFO] 2022-01-25 19:02:22,496: hello world 1643137342.5
[rosout][INFO] 2022-01-25 19:02:26,494: hello world 1643137346.49
[rosout][INFO] 2022-01-25 19:02:30,494: hello world 1643137350.49
[rosout][INFO] 2022-01-25 19:02:34,499: hello world 1643137354.5
[rosout][INFO] 2022-01-25 19:02:38,494: hello world 1643137358.49
[rosout][INFO] 2022-01-25 19:02:42,496: hello world 1643137362.5
[rosout][INFO] 2022-01-25 19:02:46,495: hello world 1643137366.5
[rosout][INFO] 2022-01-25 19:02:50,495: hello world 1643137370.5
[rosout][INFO] 2022-01-25 19:02:54,494: hello world 1643137374.49
[rosout][INFO] 2022-01-25 19:02:58,496: hello world 1643137378.5
[rosout][INFO] 2022-01-25 19:03:02,494: hello world 1643137382.49
[rosout][INFO] 2022-01-25 19:03:06,492: hello world 1643137386.49
[rosout][INFO] 2022-01-25 19:03:10,494: hello world 1643137390.49
[rosout][INFO] 2022-01-25 19:03:14,494: hello world 1643137394.49
[rosout][INFO] 2022-01-25 19:03:18,496: hello world 1643137398.5
[rosout][INFO] 2022-01-25 19:03:22,494: hello world 1643137402.49
[rosout][INFO] 2022-01-25 19:03:26,494: hello world 1643137406.49
[rosout][INFO] 2022-01-25 19:03:30,496: hello world 1643137410.5
[rosout][INFO] 2022-01-25 19:03:34,494: hello world 1643137414.49
[rosout][INFO] 2022-01-25 19:03:38,496: hello world 1643137418.5
[rosout][INFO] 2022-01-25 19:03:42,496: hello world 1643137422.5
[rosout][INFO] 2022-01-25 19:03:46,493: hello world 1643137426.49
[rosout][INFO] 2022-01-25 19:03:50,496: hello world 1643137430.5
[rosout][INFO] 2022-01-25 19:03:54,492: hello world 1643137434.49
[rosout][INFO] 2022-01-25 19:03:58,495: hello world 1643137438.5
[rosout][INFO] 2022-01-25 19:04:02,496: hello world 1643137442.5
[rosout][INFO] 2022-01-25 19:04:06,496: hello world 1643137446.5
[rosout][INFO] 2022-01-25 19:04:10,495: hello world 1643137450.49
[rosout][INFO] 2022-01-25 19:04:14,496: hello world 1643137454.5
[rosout][INFO] 2022-01-25 19:04:18,493: hello world 1643137458.49
[rosout][INFO] 2022-01-25 19:04:22,496: hello world 1643137462.5
[rosout][INFO] 2022-01-25 19:04:26,493: hello world 1643137466.49
[rosout][INFO] 2022-01-25 19:04:30,493: hello world 1643137470.49
[rosout][INFO] 2022-01-25 19:04:34,494: hello world 1643137474.49
[rosout][INFO] 2022-01-25 19:04:38,496: hello world 1643137478.5
[rosout][INFO] 2022-01-25 19:04:42,493: hello world 1643137482.49
[rosout][INFO] 2022-01-25 19:04:46,492: hello world 1643137486.49
[rosout][INFO] 2022-01-25 19:04:50,495: hello world 1643137490.5
[rosout][INFO] 2022-01-25 19:04:54,493: hello world 1643137494.49
[rosout][INFO] 2022-01-25 19:04:58,496: hello world 1643137498.5
[rosout][INFO] 2022-01-25 19:05:02,496: hello world 1643137502.5
[rosout][INFO] 2022-01-25 19:05:06,495: hello world 1643137506.5
[rosout][INFO] 2022-01-25 19:05:10,496: hello world 1643137510.5
[rosout][INFO] 2022-01-25 19:05:14,496: hello world 1643137514.5
[rosout][INFO] 2022-01-25 19:05:18,493: hello world 1643137518.49
[rosout][INFO] 2022-01-25 19:05:22,496: hello world 1643137522.5
[rosout][INFO] 2022-01-25 19:05:26,495: hello world 1643137526.5
[rosout][INFO] 2022-01-25 19:05:30,493: hello world 1643137530.49
[rosout][INFO] 2022-01-25 19:05:34,496: hello world 1643137534.5
[rosout][INFO] 2022-01-25 19:05:38,496: hello world 1643137538.5
[rosout][INFO] 2022-01-25 19:05:42,493: hello world 1643137542.49
[rosout][INFO] 2022-01-25 19:05:46,494: hello world 1643137546.49
[rosout][INFO] 2022-01-25 19:05:50,496: hello world 1643137550.5
[rosout][INFO] 2022-01-25 19:05:54,496: hello world 1643137554.5
[rosout][INFO] 2022-01-25 19:05:58,496: hello world 1643137558.5
[rosout][INFO] 2022-01-25 19:06:02,493: hello world 1643137562.49
[rosout][INFO] 2022-01-25 19:06:06,496: hello world 1643137566.5
[rosout][INFO] 2022-01-25 19:06:10,494: hello world 1643137570.49
[rosout][INFO] 2022-01-25 19:06:14,492: hello world 1643137574.49
[rosout][INFO] 2022-01-25 19:06:18,496: hello world 1643137578.5
[rosout][INFO] 2022-01-25 19:06:22,494: hello world 1643137582.49
[rosout][INFO] 2022-01-25 19:06:26,493: hello world 1643137586.49
[rosout][INFO] 2022-01-25 19:06:30,494: hello world 1643137590.49
[rosout][INFO] 2022-01-25 19:06:34,494: hello world 1643137594.49
[rosout][INFO] 2022-01-25 19:06:38,496: hello world 1643137598.5
[rosout][INFO] 2022-01-25 19:06:42,493: hello world 1643137602.49
[rosout][INFO] 2022-01-25 19:06:46,495: hello world 1643137606.5
[rosout][INFO] 2022-01-25 19:06:50,493: hello world 1643137610.49
[rosout][INFO] 2022-01-25 19:06:54,493: hello world 1643137614.49
[rosout][INFO] 2022-01-25 19:06:58,496: hello world 1643137618.5
[rosout][INFO] 2022-01-25 19:07:02,495: hello world 1643137622.49
[rosout][INFO] 2022-01-25 19:07:06,496: hello world 1643137626.5
[rosout][INFO] 2022-01-25 19:07:10,493: hello world 1643137630.49
[rosout][INFO] 2022-01-25 19:07:14,493: hello world 1643137634.49
[rosout][INFO] 2022-01-25 19:07:18,494: hello world 1643137638.49
[rosout][INFO] 2022-01-25 19:07:22,493: hello world 1643137642.49
[rosout][INFO] 2022-01-25 19:07:26,497: hello world 1643137646.5
[rosout][INFO] 2022-01-25 19:07:30,493: hello world 1643137650.49
[rosout][INFO] 2022-01-25 19:07:34,495: hello world 1643137654.49
[rosout][INFO] 2022-01-25 19:07:38,494: hello world 1643137658.49
[rosout][INFO] 2022-01-25 19:07:42,496: hello world 1643137662.5
[rosout][INFO] 2022-01-25 19:07:46,496: hello world 1643137666.5
[rosout][INFO] 2022-01-25 19:07:50,496: hello world 1643137670.5
[rosout][INFO] 2022-01-25 19:07:54,496: hello world 1643137674.5
[rosout][INFO] 2022-01-25 19:07:58,493: hello world 1643137678.49
[rosout][INFO] 2022-01-25 19:08:02,494: hello world 1643137682.49
[rosout][INFO] 2022-01-25 19:08:06,496: hello world 1643137686.5
[rosout][INFO] 2022-01-25 19:08:10,496: hello world 1643137690.5
[rosout][INFO] 2022-01-25 19:08:14,496: hello world 1643137694.5
[rosout][INFO] 2022-01-25 19:08:18,496: hello world 1643137698.5
[rosout][INFO] 2022-01-25 19:08:22,496: hello world 1643137702.5
[rosout][INFO] 2022-01-25 19:08:26,493: hello world 1643137706.49
[rosout][INFO] 2022-01-25 19:08:30,493: hello world 1643137710.49
[rosout][INFO] 2022-01-25 19:08:34,493: hello world 1643137714.49
[rosout][INFO] 2022-01-25 19:08:38,496: hello world 1643137718.5
[rosout][INFO] 2022-01-25 19:08:42,493: hello world 1643137722.49
[rosout][INFO] 2022-01-25 19:08:46,496: hello world 1643137726.5
[rosout][INFO] 2022-01-25 19:08:50,496: hello world 1643137730.5
[rosout][INFO] 2022-01-25 19:08:54,494: hello world 1643137734.49
[rosout][INFO] 2022-01-25 19:08:58,496: hello world 1643137738.5
[rosout][INFO] 2022-01-25 19:09:02,493: hello world 1643137742.49
[rosout][INFO] 2022-01-25 19:09:06,496: hello world 1643137746.5
[rosout][INFO] 2022-01-25 19:09:10,494: hello world 1643137750.49
[rosout][INFO] 2022-01-25 19:09:14,496: hello world 1643137754.5
[rosout][INFO] 2022-01-25 19:09:18,493: hello world 1643137758.49
[rosout][INFO] 2022-01-25 19:09:22,496: hello world 1643137762.5
[rosout][INFO] 2022-01-25 19:09:26,496: hello world 1643137766.5
[rosout][INFO] 2022-01-25 19:09:30,493: hello world 1643137770.49
[rosout][INFO] 2022-01-25 19:09:34,496: hello world 1643137774.5
[rosout][INFO] 2022-01-25 19:09:38,496: hello world 1643137778.5
[rosout][INFO] 2022-01-25 19:09:42,494: hello world 1643137782.49
[rosout][INFO] 2022-01-25 19:09:46,493: hello world 1643137786.49
[rosout][INFO] 2022-01-25 19:09:50,494: hello world 1643137790.49
[rosout][INFO] 2022-01-25 19:09:54,493: hello world 1643137794.49
[rosout][INFO] 2022-01-25 19:09:58,496: hello world 1643137798.5
[rosout][INFO] 2022-01-25 19:10:02,496: hello world 1643137802.5
[rosout][INFO] 2022-01-25 19:10:06,496: hello world 1643137806.5
[rosout][INFO] 2022-01-25 19:10:10,494: hello world 1643137810.49
[rosout][INFO] 2022-01-25 19:10:14,496: hello world 1643137814.5
[rosout][INFO] 2022-01-25 19:10:18,496: hello world 1643137818.5
[rosout][INFO] 2022-01-25 19:10:22,495: hello world 1643137822.5
[rosout][INFO] 2022-01-25 19:10:26,496: hello world 1643137826.5
[rosout][INFO] 2022-01-25 19:10:30,493: hello world 1643137830.49
[rosout][INFO] 2022-01-25 19:10:34,493: hello world 1643137834.49
[rosout][INFO] 2022-01-25 19:10:38,493: hello world 1643137838.49
[rosout][INFO] 2022-01-25 19:10:42,494: hello world 1643137842.49
[rosout][INFO] 2022-01-25 19:10:46,493: hello world 1643137846.49
[rosout][INFO] 2022-01-25 19:10:50,493: hello world 1643137850.49
[rosout][INFO] 2022-01-25 19:10:54,493: hello world 1643137854.49
[rosout][INFO] 2022-01-25 19:10:58,496: hello world 1643137858.5
[rosout][INFO] 2022-01-25 19:11:02,493: hello world 1643137862.49
[rosout][INFO] 2022-01-25 19:11:06,496: hello world 1643137866.5
[rosout][INFO] 2022-01-25 19:11:10,496: hello world 1643137870.5
[rosout][INFO] 2022-01-25 19:11:14,493: hello world 1643137874.49
[rosout][INFO] 2022-01-25 19:11:18,496: hello world 1643137878.5
[rosout][INFO] 2022-01-25 19:11:22,496: hello world 1643137882.5
[rosout][INFO] 2022-01-25 19:11:26,493: hello world 1643137886.49
[rosout][INFO] 2022-01-25 19:11:30,493: hello world 1643137890.49
[rosout][INFO] 2022-01-25 19:11:34,496: hello world 1643137894.5
[rosout][INFO] 2022-01-25 19:11:38,496: hello world 1643137898.5
[rosout][INFO] 2022-01-25 19:11:42,496: hello world 1643137902.5
[rosout][INFO] 2022-01-25 19:11:46,496: hello world 1643137906.5
[rosout][INFO] 2022-01-25 19:11:50,495: hello world 1643137910.49
[rosout][INFO] 2022-01-25 19:11:54,496: hello world 1643137914.5
[rosout][INFO] 2022-01-25 19:11:58,494: hello world 1643137918.49
[rosout][INFO] 2022-01-25 19:12:02,495: hello world 1643137922.5
[rosout][INFO] 2022-01-25 19:12:06,496: hello world 1643137926.5
[rosout][INFO] 2022-01-25 19:12:10,494: hello world 1643137930.49
[rosout][INFO] 2022-01-25 19:12:14,496: hello world 1643137934.5
[rosout][INFO] 2022-01-25 19:12:18,494: hello world 1643137938.49
[rosout][INFO] 2022-01-25 19:12:22,494: hello world 1643137942.49
[rosout][INFO] 2022-01-25 19:12:26,496: hello world 1643137946.5
[rosout][INFO] 2022-01-25 19:12:30,494: hello world 1643137950.49
[rosout][INFO] 2022-01-25 19:12:34,496: hello world 1643137954.5
[rosout][INFO] 2022-01-25 19:12:38,494: hello world 1643137958.49
[rosout][INFO] 2022-01-25 19:12:42,496: hello world 1643137962.5
[rosout][INFO] 2022-01-25 19:12:46,496: hello world 1643137966.5
[rosout][INFO] 2022-01-25 19:12:50,496: hello world 1643137970.5
[rosout][INFO] 2022-01-25 19:12:54,496: hello world 1643137974.5
[rosout][INFO] 2022-01-25 19:12:58,493: hello world 1643137978.49
[rosout][INFO] 2022-01-25 19:13:02,496: hello world 1643137982.5
[rosout][INFO] 2022-01-25 19:13:06,496: hello world 1643137986.5
[rosout][INFO] 2022-01-25 19:13:10,496: hello world 1643137990.5
[rosout][INFO] 2022-01-25 19:13:14,493: hello world 1643137994.49
[rosout][INFO] 2022-01-25 19:13:18,494: hello world 1643137998.49
[rosout][INFO] 2022-01-25 19:13:22,496: hello world 1643138002.5
[rosout][INFO] 2022-01-25 19:13:26,494: hello world 1643138006.49
[rosout][INFO] 2022-01-25 19:13:30,496: hello world 1643138010.5
[rosout][INFO] 2022-01-25 19:13:34,496: hello world 1643138014.5
[rosout][INFO] 2022-01-25 19:13:38,494: hello world 1643138018.49
[rosout][INFO] 2022-01-25 19:13:42,496: hello world 1643138022.5
[rosout][INFO] 2022-01-25 19:13:46,493: hello world 1643138026.49
[rosout][INFO] 2022-01-25 19:13:50,496: hello world 1643138030.5
[rosout][INFO] 2022-01-25 19:13:54,493: hello world 1643138034.49
[rosout][INFO] 2022-01-25 19:13:58,494: hello world 1643138038.49
[rosout][INFO] 2022-01-25 19:14:02,493: hello world 1643138042.49
[rosout][INFO] 2022-01-25 19:14:06,496: hello world 1643138046.5
[rosout][INFO] 2022-01-25 19:14:10,496: hello world 1643138050.5
[rosout][INFO] 2022-01-25 19:14:14,495: hello world 1643138054.5
[rosout][INFO] 2022-01-25 19:14:18,493: hello world 1643138058.49
[rosout][INFO] 2022-01-25 19:14:22,496: hello world 1643138062.5
[rosout][INFO] 2022-01-25 19:14:26,496: hello world 1643138066.5
[rosout][INFO] 2022-01-25 19:14:30,494: hello world 1643138070.49
[rosout][INFO] 2022-01-25 19:14:34,493: hello world 1643138074.49
[rosout][INFO] 2022-01-25 19:14:38,496: hello world 1643138078.5
[rosout][INFO] 2022-01-25 19:14:42,495: hello world 1643138082.49
[rosout][INFO] 2022-01-25 19:14:46,497: hello world 1643138086.5
[rosout][INFO] 2022-01-25 19:14:50,493: hello world 1643138090.49
[rosout][INFO] 2022-01-25 19:14:54,493: hello world 1643138094.49
[rosout][INFO] 2022-01-25 19:14:58,493: hello world 1643138098.49
[rosout][INFO] 2022-01-25 19:15:02,494: hello world 1643138102.49
[rosout][INFO] 2022-01-25 19:15:06,496: hello world 1643138106.5
[rosout][INFO] 2022-01-25 19:15:10,494: hello world 1643138110.49
[rosout][INFO] 2022-01-25 19:15:14,493: hello world 1643138114.49
[rosout][INFO] 2022-01-25 19:15:18,494: hello world 1643138118.49
[rosout][INFO] 2022-01-25 19:15:22,496: hello world 1643138122.5
[rosout][INFO] 2022-01-25 19:15:26,492: hello world 1643138126.49
[rosout][INFO] 2022-01-25 19:15:30,495: hello world 1643138130.5
[rosout][INFO] 2022-01-25 19:15:34,496: hello world 1643138134.5
[rosout][INFO] 2022-01-25 19:15:38,496: hello world 1643138138.5
[rosout][INFO] 2022-01-25 19:15:42,496: hello world 1643138142.5
[rosout][INFO] 2022-01-25 19:15:46,493: hello world 1643138146.49
[rosout][INFO] 2022-01-25 19:15:50,496: hello world 1643138150.5
[rosout][INFO] 2022-01-25 19:15:54,493: hello world 1643138154.49
[rosout][INFO] 2022-01-25 19:15:58,496: hello world 1643138158.5
[rosout][INFO] 2022-01-25 19:16:02,494: hello world 1643138162.49
[rosout][INFO] 2022-01-25 19:16:06,496: hello world 1643138166.5
[rosout][INFO] 2022-01-25 19:16:10,494: hello world 1643138170.49
[rosout][INFO] 2022-01-25 19:16:14,493: hello world 1643138174.49
[rosout][INFO] 2022-01-25 19:16:18,493: hello world 1643138178.49
[rosout][INFO] 2022-01-25 19:16:22,492: hello world 1643138182.49
[rosout][INFO] 2022-01-25 19:16:26,496: hello world 1643138186.5
[rosout][INFO] 2022-01-25 19:16:30,493: hello world 1643138190.49
[rosout][INFO] 2022-01-25 19:16:34,496: hello world 1643138194.5
[rosout][INFO] 2022-01-25 19:16:38,496: hello world 1643138198.5
[rosout][INFO] 2022-01-25 19:16:42,496: hello world 1643138202.5
[rosout][INFO] 2022-01-25 19:16:46,495: hello world 1643138206.49
[rosout][INFO] 2022-01-25 19:16:50,496: hello world 1643138210.5
[rosout][INFO] 2022-01-25 19:16:54,493: hello world 1643138214.49
[rosout][INFO] 2022-01-25 19:16:58,494: hello world 1643138218.49
[rosout][INFO] 2022-01-25 19:17:02,494: hello world 1643138222.49
[rosout][INFO] 2022-01-25 19:17:06,496: hello world 1643138226.5
[rosout][INFO] 2022-01-25 19:17:10,493: hello world 1643138230.49
[rosout][INFO] 2022-01-25 19:17:14,496: hello world 1643138234.5
[rosout][INFO] 2022-01-25 19:17:18,496: hello world 1643138238.5
[rosout][INFO] 2022-01-25 19:17:22,496: hello world 1643138242.5
[rosout][INFO] 2022-01-25 19:17:26,496: hello world 1643138246.5
[rosout][INFO] 2022-01-25 19:17:30,496: hello world 1643138250.5
[rosout][INFO] 2022-01-25 19:17:34,496: hello world 1643138254.5
[rosout][INFO] 2022-01-25 19:17:38,496: hello world 1643138258.5
[rosout][INFO] 2022-01-25 19:17:42,496: hello world 1643138262.5
[rosout][INFO] 2022-01-25 19:17:46,496: hello world 1643138266.5
[rosout][INFO] 2022-01-25 19:17:50,494: hello world 1643138270.49
[rosout][INFO] 2022-01-25 19:17:54,493: hello world 1643138274.49
[rosout][INFO] 2022-01-25 19:17:58,493: hello world 1643138278.49
[rosout][INFO] 2022-01-25 19:18:02,494: hello world 1643138282.49
[rosout][INFO] 2022-01-25 19:18:06,494: hello world 1643138286.49
[rosout][INFO] 2022-01-25 19:18:10,494: hello world 1643138290.49
[rosout][INFO] 2022-01-25 19:18:14,493: hello world 1643138294.49
[rosout][INFO] 2022-01-25 19:18:18,496: hello world 1643138298.5
[rosout][INFO] 2022-01-25 19:18:22,496: hello world 1643138302.5
[rosout][INFO] 2022-01-25 19:18:26,496: hello world 1643138306.5
[rosout][INFO] 2022-01-25 19:18:30,494: hello world 1643138310.49
[rosout][INFO] 2022-01-25 19:18:34,496: hello world 1643138314.5
[rosout][INFO] 2022-01-25 19:18:38,494: hello world 1643138318.49
[rosout][INFO] 2022-01-25 19:18:42,496: hello world 1643138322.5
[rosout][INFO] 2022-01-25 19:18:46,493: hello world 1643138326.49
[rosout][INFO] 2022-01-25 19:18:50,493: hello world 1643138330.49
[rosout][INFO] 2022-01-25 19:18:54,494: hello world 1643138334.49
[rosout][INFO] 2022-01-25 19:18:58,493: hello world 1643138338.49
[rosout][INFO] 2022-01-25 19:19:02,493: hello world 1643138342.49
[rosout][INFO] 2022-01-25 19:19:06,493: hello world 1643138346.49
[rosout][INFO] 2022-01-25 19:19:10,495: hello world 1643138350.49
[rosout][INFO] 2022-01-25 19:19:14,493: hello world 1643138354.49
[rosout][INFO] 2022-01-25 19:19:18,493: hello world 1643138358.49
[rosout][INFO] 2022-01-25 19:19:22,496: hello world 1643138362.5
[rosout][INFO] 2022-01-25 19:19:26,496: hello world 1643138366.5
[rosout][INFO] 2022-01-25 19:19:30,495: hello world 1643138370.5
[rosout][INFO] 2022-01-25 19:19:34,493: hello world 1643138374.49
[rosout][INFO] 2022-01-25 19:19:38,496: hello world 1643138378.5
[rosout][INFO] 2022-01-25 19:19:42,496: hello world 1643138382.5
[rosout][INFO] 2022-01-25 19:19:46,494: hello world 1643138386.49
[rosout][INFO] 2022-01-25 19:19:50,493: hello world 1643138390.49
[rosout][INFO] 2022-01-25 19:19:54,493: hello world 1643138394.49
[rosout][INFO] 2022-01-25 19:19:58,496: hello world 1643138398.5
[rosout][INFO] 2022-01-25 19:20:02,494: hello world 1643138402.49
[rosout][INFO] 2022-01-25 19:20:06,496: hello world 1643138406.5
[rosout][INFO] 2022-01-25 19:20:10,496: hello world 1643138410.5
[rosout][INFO] 2022-01-25 19:20:14,494: hello world 1643138414.49
[rosout][INFO] 2022-01-25 19:20:18,496: hello world 1643138418.5
[rosout][INFO] 2022-01-25 19:20:22,496: hello world 1643138422.5
[rosout][INFO] 2022-01-25 19:20:26,496: hello world 1643138426.5
[rosout][INFO] 2022-01-25 19:20:30,493: hello world 1643138430.49
[rosout][INFO] 2022-01-25 19:20:34,496: hello world 1643138434.5
[rosout][INFO] 2022-01-25 19:20:38,493: hello world 1643138438.49
[rosout][INFO] 2022-01-25 19:20:42,496: hello world 1643138442.5
[rosout][INFO] 2022-01-25 19:20:46,492: hello world 1643138446.49
[rosout][INFO] 2022-01-25 19:20:50,494: hello world 1643138450.49
[rosout][INFO] 2022-01-25 19:20:54,494: hello world 1643138454.49
[rosout][INFO] 2022-01-25 19:20:58,496: hello world 1643138458.5
[rosout][INFO] 2022-01-25 19:21:02,496: hello world 1643138462.5
[rosout][INFO] 2022-01-25 19:21:06,496: hello world 1643138466.5
[rosout][INFO] 2022-01-25 19:21:10,493: hello world 1643138470.49
[rosout][INFO] 2022-01-25 19:21:14,494: hello world 1643138474.49
[rosout][INFO] 2022-01-25 19:21:18,496: hello world 1643138478.5
[rosout][INFO] 2022-01-25 19:21:22,493: hello world 1643138482.49
[rosout][INFO] 2022-01-25 19:21:26,492: hello world 1643138486.49
[rosout][INFO] 2022-01-25 19:21:30,496: hello world 1643138490.5
[rosout][INFO] 2022-01-25 19:21:34,493: hello world 1643138494.49
[rosout][INFO] 2022-01-25 19:21:38,495: hello world 1643138498.49
[rosout][INFO] 2022-01-25 19:21:42,496: hello world 1643138502.5
[rosout][INFO] 2022-01-25 19:21:46,496: hello world 1643138506.5
[rosout][INFO] 2022-01-25 19:21:50,493: hello world 1643138510.49
[rosout][INFO] 2022-01-25 19:21:54,496: hello world 1643138514.5
[rosout][INFO] 2022-01-25 19:21:58,496: hello world 1643138518.5
[rosout][INFO] 2022-01-25 19:22:02,492: hello world 1643138522.49
[rosout][INFO] 2022-01-25 19:22:06,496: hello world 1643138526.5
[rosout][INFO] 2022-01-25 19:22:10,496: hello world 1643138530.5
[rosout][INFO] 2022-01-25 19:22:14,493: hello world 1643138534.49
[rosout][INFO] 2022-01-25 19:22:18,494: hello world 1643138538.49
[rosout][INFO] 2022-01-25 19:22:22,495: hello world 1643138542.5
[rosout][INFO] 2022-01-25 19:22:26,494: hello world 1643138546.49
[rosout][INFO] 2022-01-25 19:22:30,494: hello world 1643138550.49
[rosout][INFO] 2022-01-25 19:22:34,496: hello world 1643138554.5
[rosout][INFO] 2022-01-25 19:22:38,496: hello world 1643138558.5
[rosout][INFO] 2022-01-25 19:22:42,494: hello world 1643138562.49
[rosout][INFO] 2022-01-25 19:22:46,493: hello world 1643138566.49
[rosout][INFO] 2022-01-25 19:22:50,493: hello world 1643138570.49
[rosout][INFO] 2022-01-25 19:22:54,496: hello world 1643138574.5
[rosout][INFO] 2022-01-25 19:22:58,493: hello world 1643138578.49
[rosout][INFO] 2022-01-25 19:23:02,493: hello world 1643138582.49
[rosout][INFO] 2022-01-25 19:23:06,493: hello world 1643138586.49
[rosout][INFO] 2022-01-25 19:23:10,494: hello world 1643138590.49
[rosout][INFO] 2022-01-25 19:23:14,496: hello world 1643138594.5
[rosout][INFO] 2022-01-25 19:23:18,494: hello world 1643138598.49
[rosout][INFO] 2022-01-25 19:23:22,496: hello world 1643138602.5
[rosout][INFO] 2022-01-25 19:23:26,496: hello world 1643138606.5
[rosout][INFO] 2022-01-25 19:23:30,494: hello world 1643138610.49
[rosout][INFO] 2022-01-25 19:23:34,494: hello world 1643138614.49
[rosout][INFO] 2022-01-25 19:23:38,493: hello world 1643138618.49
[rosout][INFO] 2022-01-25 19:23:42,496: hello world 1643138622.5
[rosout][INFO] 2022-01-25 19:23:46,493: hello world 1643138626.49
[rosout][INFO] 2022-01-25 19:23:50,496: hello world 1643138630.5
[rosout][INFO] 2022-01-25 19:23:54,494: hello world 1643138634.49
[rosout][INFO] 2022-01-25 19:23:58,494: hello world 1643138638.49
[rosout][INFO] 2022-01-25 19:24:02,496: hello world 1643138642.5
[rosout][INFO] 2022-01-25 19:24:06,493: hello world 1643138646.49
[rosout][INFO] 2022-01-25 19:24:10,496: hello world 1643138650.5
[rosout][INFO] 2022-01-25 19:24:14,496: hello world 1643138654.5
[rosout][INFO] 2022-01-25 19:24:18,493: hello world 1643138658.49
[rosout][INFO] 2022-01-25 19:24:22,493: hello world 1643138662.49
[rosout][INFO] 2022-01-25 19:24:26,493: hello world 1643138666.49
[rosout][INFO] 2022-01-25 19:24:30,496: hello world 1643138670.5
[rosout][INFO] 2022-01-25 19:24:34,494: hello world 1643138674.49
[rosout][INFO] 2022-01-25 19:24:38,493: hello world 1643138678.49
[rosout][INFO] 2022-01-25 19:24:42,496: hello world 1643138682.5
[rosout][INFO] 2022-01-25 19:24:46,494: hello world 1643138686.49
[rosout][INFO] 2022-01-25 19:24:50,493: hello world 1643138690.49
[rosout][INFO] 2022-01-25 19:24:54,494: hello world 1643138694.49
[rosout][INFO] 2022-01-25 19:24:58,494: hello world 1643138698.49
[rosout][INFO] 2022-01-25 19:25:02,496: hello world 1643138702.5
[rosout][INFO] 2022-01-25 19:25:06,496: hello world 1643138706.5
[rosout][INFO] 2022-01-25 19:25:10,493: hello world 1643138710.49
[rosout][INFO] 2022-01-25 19:25:14,493: hello world 1643138714.49
[rosout][INFO] 2022-01-25 19:25:18,492: hello world 1643138718.49
[rosout][INFO] 2022-01-25 19:25:22,493: hello world 1643138722.49
[rosout][INFO] 2022-01-25 19:25:26,494: hello world 1643138726.49
[rosout][INFO] 2022-01-25 19:25:30,495: hello world 1643138730.5
[rosout][INFO] 2022-01-25 19:25:34,495: hello world 1643138734.5
[rosout][INFO] 2022-01-25 19:25:38,493: hello world 1643138738.49
[rosout][INFO] 2022-01-25 19:25:42,496: hello world 1643138742.5
[rosout][INFO] 2022-01-25 19:25:46,496: hello world 1643138746.5
[rosout][INFO] 2022-01-25 19:25:50,493: hello world 1643138750.49
[rosout][INFO] 2022-01-25 19:25:54,496: hello world 1643138754.5
[rosout][INFO] 2022-01-25 19:25:58,493: hello world 1643138758.49
[rosout][INFO] 2022-01-25 19:26:02,496: hello world 1643138762.5
[rosout][INFO] 2022-01-25 19:26:06,496: hello world 1643138766.5
[rosout][INFO] 2022-01-25 19:26:10,496: hello world 1643138770.5
[rosout][INFO] 2022-01-25 19:26:14,494: hello world 1643138774.49
[rosout][INFO] 2022-01-25 19:26:18,493: hello world 1643138778.49
[rosout][INFO] 2022-01-25 19:26:22,493: hello world 1643138782.49
[rosout][INFO] 2022-01-25 19:26:26,496: hello world 1643138786.5
[rosout][INFO] 2022-01-25 19:26:30,492: hello world 1643138790.49
[rosout][INFO] 2022-01-25 19:26:34,496: hello world 1643138794.5
[rosout][INFO] 2022-01-25 19:26:38,494: hello world 1643138798.49
[rosout][INFO] 2022-01-25 19:26:42,493: hello world 1643138802.49
[rosout][INFO] 2022-01-25 19:26:46,493: hello world 1643138806.49
[rosout][INFO] 2022-01-25 19:26:50,496: hello world 1643138810.5
[rosout][INFO] 2022-01-25 19:26:54,493: hello world 1643138814.49
[rosout][INFO] 2022-01-25 19:26:58,496: hello world 1643138818.5
[rosout][INFO] 2022-01-25 19:27:02,493: hello world 1643138822.49
[rosout][INFO] 2022-01-25 19:27:06,496: hello world 1643138826.5
[rosout][INFO] 2022-01-25 19:27:10,495: hello world 1643138830.5
[rosout][INFO] 2022-01-25 19:27:14,494: hello world 1643138834.49
[rosout][INFO] 2022-01-25 19:27:18,496: hello world 1643138838.5
[rosout][INFO] 2022-01-25 19:27:22,494: hello world 1643138842.49
[rosout][INFO] 2022-01-25 19:27:26,496: hello world 1643138846.5
[rosout][INFO] 2022-01-25 19:27:30,494: hello world 1643138850.49
[rosout][INFO] 2022-01-25 19:27:34,494: hello world 1643138854.49
[rosout][INFO] 2022-01-25 19:27:38,493: hello world 1643138858.49
[rosout][INFO] 2022-01-25 19:27:42,496: hello world 1643138862.5
[rosout][INFO] 2022-01-25 19:27:46,493: hello world 1643138866.49
[rosout][INFO] 2022-01-25 19:27:50,493: hello world 1643138870.49
[rosout][INFO] 2022-01-25 19:27:54,496: hello world 1643138874.5
[rosout][INFO] 2022-01-25 19:27:58,494: hello world 1643138878.49
[rosout][INFO] 2022-01-25 19:28:02,495: hello world 1643138882.49
[rosout][INFO] 2022-01-25 19:28:06,495: hello world 1643138886.49
[rosout][INFO] 2022-01-25 19:28:10,493: hello world 1643138890.49
[rosout][INFO] 2022-01-25 19:28:14,493: hello world 1643138894.49
[rosout][INFO] 2022-01-25 19:28:18,494: hello world 1643138898.49
[rosout][INFO] 2022-01-25 19:28:22,496: hello world 1643138902.5
[rosout][INFO] 2022-01-25 19:28:26,496: hello world 1643138906.5
[rosout][INFO] 2022-01-25 19:28:30,496: hello world 1643138910.5
[rosout][INFO] 2022-01-25 19:28:34,494: hello world 1643138914.49
[rosout][INFO] 2022-01-25 19:28:38,494: hello world 1643138918.49
[rosout][INFO] 2022-01-25 19:28:42,496: hello world 1643138922.5
[rosout][INFO] 2022-01-25 19:28:46,493: hello world 1643138926.49
[rosout][INFO] 2022-01-25 19:28:50,493: hello world 1643138930.49
[rosout][INFO] 2022-01-25 19:28:54,494: hello world 1643138934.49
[rosout][INFO] 2022-01-25 19:28:58,494: hello world 1643138938.49
[rosout][INFO] 2022-01-25 19:29:02,495: hello world 1643138942.5
[rosout][INFO] 2022-01-25 19:29:06,493: hello world 1643138946.49
[rosout][INFO] 2022-01-25 19:29:10,496: hello world 1643138950.5
[rosout][INFO] 2022-01-25 19:29:14,494: hello world 1643138954.49
[rosout][INFO] 2022-01-25 19:29:18,493: hello world 1643138958.49
[rosout][INFO] 2022-01-25 19:29:22,496: hello world 1643138962.5
[rosout][INFO] 2022-01-25 19:29:26,496: hello world 1643138966.5
[rosout][INFO] 2022-01-25 19:29:30,496: hello world 1643138970.5
[rosout][INFO] 2022-01-25 19:29:34,495: hello world 1643138974.5
[rosout][INFO] 2022-01-25 19:29:38,496: hello world 1643138978.5
[rosout][INFO] 2022-01-25 19:29:42,496: hello world 1643138982.5
[rosout][INFO] 2022-01-25 19:29:46,493: hello world 1643138986.49
[rosout][INFO] 2022-01-25 19:29:50,495: hello world 1643138990.5
[rosout][INFO] 2022-01-25 19:29:54,494: hello world 1643138994.49
[rosout][INFO] 2022-01-25 19:29:58,496: hello world 1643138998.5
[rosout][INFO] 2022-01-25 19:30:02,496: hello world 1643139002.5
[rosout][INFO] 2022-01-25 19:30:06,496: hello world 1643139006.5
[rosout][INFO] 2022-01-25 19:30:10,496: hello world 1643139010.5
[rosout][INFO] 2022-01-25 19:30:14,493: hello world 1643139014.49
[rosout][INFO] 2022-01-25 19:30:18,496: hello world 1643139018.5
[rosout][INFO] 2022-01-25 19:30:22,494: hello world 1643139022.49
[rosout][INFO] 2022-01-25 19:30:26,496: hello world 1643139026.5
[rosout][INFO] 2022-01-25 19:30:30,496: hello world 1643139030.5
[rosout][INFO] 2022-01-25 19:30:34,494: hello world 1643139034.49
[rosout][INFO] 2022-01-25 19:30:38,494: hello world 1643139038.49
[rosout][INFO] 2022-01-25 19:30:42,496: hello world 1643139042.5
[rosout][INFO] 2022-01-25 19:30:46,493: hello world 1643139046.49
[rosout][INFO] 2022-01-25 19:30:50,496: hello world 1643139050.5
[rosout][INFO] 2022-01-25 19:30:54,496: hello world 1643139054.5
[rosout][INFO] 2022-01-25 19:30:58,493: hello world 1643139058.49
[rosout][INFO] 2022-01-25 19:31:02,493: hello world 1643139062.49
[rosout][INFO] 2022-01-25 19:31:06,496: hello world 1643139066.5
[rosout][INFO] 2022-01-25 19:31:10,494: hello world 1643139070.49
[rosout][INFO] 2022-01-25 19:31:14,493: hello world 1643139074.49
[rosout][INFO] 2022-01-25 19:31:18,494: hello world 1643139078.49
[rosout][INFO] 2022-01-25 19:31:22,496: hello world 1643139082.5
[rosout][INFO] 2022-01-25 19:31:26,493: hello world 1643139086.49
[rosout][INFO] 2022-01-25 19:31:30,493: hello world 1643139090.49
[rosout][INFO] 2022-01-25 19:31:34,492: hello world 1643139094.49
[rosout][INFO] 2022-01-25 19:31:38,496: hello world 1643139098.5
[rosout][INFO] 2022-01-25 19:31:42,492: hello world 1643139102.49
[rosout][INFO] 2022-01-25 19:31:46,496: hello world 1643139106.5
[rosout][INFO] 2022-01-25 19:31:50,493: hello world 1643139110.49
[rosout][INFO] 2022-01-25 19:31:54,494: hello world 1643139114.49
[rosout][INFO] 2022-01-25 19:31:58,496: hello world 1643139118.5
[rosout][INFO] 2022-01-25 19:32:02,496: hello world 1643139122.5
[rosout][INFO] 2022-01-25 19:32:06,493: hello world 1643139126.49
[rosout][INFO] 2022-01-25 19:32:10,496: hello world 1643139130.5
[rosout][INFO] 2022-01-25 19:32:14,493: hello world 1643139134.49
[rosout][INFO] 2022-01-25 19:32:18,496: hello world 1643139138.5
[rosout][INFO] 2022-01-25 19:32:22,492: hello world 1643139142.49
[rosout][INFO] 2022-01-25 19:32:26,496: hello world 1643139146.5
[rosout][INFO] 2022-01-25 19:32:30,493: hello world 1643139150.49
[rosout][INFO] 2022-01-25 19:32:34,493: hello world 1643139154.49
[rosout][INFO] 2022-01-25 19:32:38,496: hello world 1643139158.5
[rosout][INFO] 2022-01-25 19:32:42,496: hello world 1643139162.5
[rosout][INFO] 2022-01-25 19:32:46,496: hello world 1643139166.5
[rosout][INFO] 2022-01-25 19:32:50,496: hello world 1643139170.5
[rosout][INFO] 2022-01-25 19:32:54,494: hello world 1643139174.49
[rosout][INFO] 2022-01-25 19:32:58,496: hello world 1643139178.5
[rosout][INFO] 2022-01-25 19:33:02,496: hello world 1643139182.5
[rosout][INFO] 2022-01-25 19:33:06,494: hello world 1643139186.49
[rosout][INFO] 2022-01-25 19:33:10,494: hello world 1643139190.49
[rosout][INFO] 2022-01-25 19:33:14,494: hello world 1643139194.49
[rosout][INFO] 2022-01-25 19:33:18,494: hello world 1643139198.49
[rosout][INFO] 2022-01-25 19:33:22,496: hello world 1643139202.5
[rosout][INFO] 2022-01-25 19:33:26,496: hello world 1643139206.5
[rosout][INFO] 2022-01-25 19:33:30,494: hello world 1643139210.49
[rosout][INFO] 2022-01-25 19:33:34,493: hello world 1643139214.49
[rosout][INFO] 2022-01-25 19:33:38,496: hello world 1643139218.5
[rosout][INFO] 2022-01-25 19:33:42,496: hello world 1643139222.5
[rosout][INFO] 2022-01-25 19:33:46,493: hello world 1643139226.49
[rosout][INFO] 2022-01-25 19:33:50,496: hello world 1643139230.5
[rosout][INFO] 2022-01-25 19:33:54,496: hello world 1643139234.5
[rosout][INFO] 2022-01-25 19:33:58,493: hello world 1643139238.49
[rosout][INFO] 2022-01-25 19:34:02,493: hello world 1643139242.49
[rosout][INFO] 2022-01-25 19:34:06,496: hello world 1643139246.5
[rosout][INFO] 2022-01-25 19:34:10,493: hello world 1643139250.49
[rosout][INFO] 2022-01-25 19:34:14,496: hello world 1643139254.5
[rosout][INFO] 2022-01-25 19:34:18,494: hello world 1643139258.49
[rosout][INFO] 2022-01-25 19:34:22,496: hello world 1643139262.5
[rosout][INFO] 2022-01-25 19:34:26,496: hello world 1643139266.5
[rosout][INFO] 2022-01-25 19:34:30,498: hello world 1643139270.5
[rosout][INFO] 2022-01-25 19:34:34,494: hello world 1643139274.49
[rosout][INFO] 2022-01-25 19:34:38,496: hello world 1643139278.5
[rosout][INFO] 2022-01-25 19:34:42,493: hello world 1643139282.49
[rosout][INFO] 2022-01-25 19:34:46,493: hello world 1643139286.49
[rosout][INFO] 2022-01-25 19:34:50,495: hello world 1643139290.5
[rosout][INFO] 2022-01-25 19:34:54,494: hello world 1643139294.49
[rosout][INFO] 2022-01-25 19:34:58,495: hello world 1643139298.5
[rosout][INFO] 2022-01-25 19:35:02,494: hello world 1643139302.49
[rosout][INFO] 2022-01-25 19:35:06,493: hello world 1643139306.49
[rosout][INFO] 2022-01-25 19:35:10,496: hello world 1643139310.5
[rosout][INFO] 2022-01-25 19:35:14,493: hello world 1643139314.49
[rosout][INFO] 2022-01-25 19:35:18,496: hello world 1643139318.5
[rosout][INFO] 2022-01-25 19:35:22,496: hello world 1643139322.5
[rosout][INFO] 2022-01-25 19:35:26,493: hello world 1643139326.49
[rosout][INFO] 2022-01-25 19:35:30,494: hello world 1643139330.49
[rosout][INFO] 2022-01-25 19:35:34,494: hello world 1643139334.49
[rosout][INFO] 2022-01-25 19:35:38,493: hello world 1643139338.49
[rosout][INFO] 2022-01-25 19:35:42,495: hello world 1643139342.49
[rosout][INFO] 2022-01-25 19:35:46,496: hello world 1643139346.5
[rosout][INFO] 2022-01-25 19:35:50,496: hello world 1643139350.5
[rosout][INFO] 2022-01-25 19:35:54,496: hello world 1643139354.5
[rosout][INFO] 2022-01-25 19:35:58,496: hello world 1643139358.5
[rosout][INFO] 2022-01-25 19:36:02,496: hello world 1643139362.5
[rosout][INFO] 2022-01-25 19:36:06,493: hello world 1643139366.49
[rosout][INFO] 2022-01-25 19:36:10,496: hello world 1643139370.5
[rosout][INFO] 2022-01-25 19:36:14,495: hello world 1643139374.5
[rosout][INFO] 2022-01-25 19:36:18,493: hello world 1643139378.49
[rosout][INFO] 2022-01-25 19:36:22,496: hello world 1643139382.5
[rosout][INFO] 2022-01-25 19:36:26,494: hello world 1643139386.49
[rosout][INFO] 2022-01-25 19:36:30,493: hello world 1643139390.49
[rosout][INFO] 2022-01-25 19:36:34,496: hello world 1643139394.5
[rosout][INFO] 2022-01-25 19:36:38,494: hello world 1643139398.49
[rosout][INFO] 2022-01-25 19:36:42,493: hello world 1643139402.49
[rosout][INFO] 2022-01-25 19:36:46,494: hello world 1643139406.49
[rosout][INFO] 2022-01-25 19:36:50,496: hello world 1643139410.5
[rosout][INFO] 2022-01-25 19:36:54,493: hello world 1643139414.49
[rosout][INFO] 2022-01-25 19:36:58,494: hello world 1643139418.49
[rosout][INFO] 2022-01-25 19:37:02,492: hello world 1643139422.49
[rosout][INFO] 2022-01-25 19:37:06,493: hello world 1643139426.49
[rosout][INFO] 2022-01-25 19:37:10,494: hello world 1643139430.49
[rosout][INFO] 2022-01-25 19:37:14,492: hello world 1643139434.49
[rosout][INFO] 2022-01-25 19:37:18,496: hello world 1643139438.5
[rosout][INFO] 2022-01-25 19:37:22,496: hello world 1643139442.5
[rosout][INFO] 2022-01-25 19:37:26,496: hello world 1643139446.5
[rosout][INFO] 2022-01-25 19:37:30,494: hello world 1643139450.49
[rosout][INFO] 2022-01-25 19:37:34,493: hello world 1643139454.49
[rosout][INFO] 2022-01-25 19:37:38,496: hello world 1643139458.5
[rosout][INFO] 2022-01-25 19:37:42,493: hello world 1643139462.49
[rosout][INFO] 2022-01-25 19:37:46,496: hello world 1643139466.5
[rosout][INFO] 2022-01-25 19:37:50,495: hello world 1643139470.49
[rosout][INFO] 2022-01-25 19:37:54,496: hello world 1643139474.5
[rosout][INFO] 2022-01-25 19:37:58,495: hello world 1643139478.49
[rosout][INFO] 2022-01-25 19:38:02,496: hello world 1643139482.5
[rosout][INFO] 2022-01-25 19:38:06,496: hello world 1643139486.5
[rosout][INFO] 2022-01-25 19:38:10,493: hello world 1643139490.49
[rosout][INFO] 2022-01-25 19:38:14,496: hello world 1643139494.5
[rosout][INFO] 2022-01-25 19:38:18,496: hello world 1643139498.5
[rosout][INFO] 2022-01-25 19:38:22,493: hello world 1643139502.49
[rosout][INFO] 2022-01-25 19:38:26,495: hello world 1643139506.5
[rosout][INFO] 2022-01-25 19:38:30,496: hello world 1643139510.5
[rosout][INFO] 2022-01-25 19:38:34,496: hello world 1643139514.5
[rosout][INFO] 2022-01-25 19:38:38,495: hello world 1643139518.5
[rosout][INFO] 2022-01-25 19:38:42,494: hello world 1643139522.49
[rosout][INFO] 2022-01-25 19:38:46,493: hello world 1643139526.49
[rosout][INFO] 2022-01-25 19:38:50,494: hello world 1643139530.49
[rosout][INFO] 2022-01-25 19:38:54,495: hello world 1643139534.5
[rosout][INFO] 2022-01-25 19:38:58,496: hello world 1643139538.5
[rosout][INFO] 2022-01-25 19:39:02,493: hello world 1643139542.49
[rosout][INFO] 2022-01-25 19:39:06,496: hello world 1643139546.5
[rosout][INFO] 2022-01-25 19:39:10,493: hello world 1643139550.49
[rosout][INFO] 2022-01-25 19:39:14,493: hello world 1643139554.49
[rosout][INFO] 2022-01-25 19:39:18,495: hello world 1643139558.5
[rosout][INFO] 2022-01-25 19:39:22,493: hello world 1643139562.49
[rosout][INFO] 2022-01-25 19:39:26,494: hello world 1643139566.49
[rosout][INFO] 2022-01-25 19:39:30,496: hello world 1643139570.5
[rosout][INFO] 2022-01-25 19:39:34,493: hello world 1643139574.49
[rosout][INFO] 2022-01-25 19:39:38,494: hello world 1643139578.49
[rosout][INFO] 2022-01-25 19:39:42,493: hello world 1643139582.49
[rosout][INFO] 2022-01-25 19:39:46,494: hello world 1643139586.49
[rosout][INFO] 2022-01-25 19:39:50,493: hello world 1643139590.49
[rosout][INFO] 2022-01-25 19:39:54,492: hello world 1643139594.49
[rosout][INFO] 2022-01-25 19:39:58,496: hello world 1643139598.5
[rosout][INFO] 2022-01-25 19:40:02,493: hello world 1643139602.49
[rosout][INFO] 2022-01-25 19:40:06,494: hello world 1643139606.49
[rosout][INFO] 2022-01-25 19:40:10,496: hello world 1643139610.5
[rosout][INFO] 2022-01-25 19:40:14,495: hello world 1643139614.5
[rosout][INFO] 2022-01-25 19:40:18,494: hello world 1643139618.49
[rosout][INFO] 2022-01-25 19:40:22,496: hello world 1643139622.5
[rosout][INFO] 2022-01-25 19:40:26,496: hello world 1643139626.5
[rosout][INFO] 2022-01-25 19:40:30,496: hello world 1643139630.5
[rosout][INFO] 2022-01-25 19:40:34,496: hello world 1643139634.5
[rosout][INFO] 2022-01-25 19:40:38,493: hello world 1643139638.49
[rosout][INFO] 2022-01-25 19:40:42,496: hello world 1643139642.5
[rosout][INFO] 2022-01-25 19:40:46,494: hello world 1643139646.49
[rosout][INFO] 2022-01-25 19:40:50,496: hello world 1643139650.5
[rosout][INFO] 2022-01-25 19:40:54,496: hello world 1643139654.5
[rosout][INFO] 2022-01-25 19:40:58,496: hello world 1643139658.5
[rosout][INFO] 2022-01-25 19:41:02,494: hello world 1643139662.49
[rosout][INFO] 2022-01-25 19:41:06,496: hello world 1643139666.5
[rosout][INFO] 2022-01-25 19:41:10,493: hello world 1643139670.49
[rosout][INFO] 2022-01-25 19:41:14,494: hello world 1643139674.49
[rosout][INFO] 2022-01-25 19:41:18,496: hello world 1643139678.5
[rosout][INFO] 2022-01-25 19:41:22,494: hello world 1643139682.49
[rosout][INFO] 2022-01-25 19:41:26,496: hello world 1643139686.5
[rosout][INFO] 2022-01-25 19:41:30,493: hello world 1643139690.49
[rosout][INFO] 2022-01-25 19:41:34,494: hello world 1643139694.49
[rosout][INFO] 2022-01-25 19:41:38,494: hello world 1643139698.49
[rosout][INFO] 2022-01-25 19:41:42,495: hello world 1643139702.49
[rosout][INFO] 2022-01-25 19:41:46,496: hello world 1643139706.5
[rosout][INFO] 2022-01-25 19:41:50,493: hello world 1643139710.49
[rosout][INFO] 2022-01-25 19:41:54,496: hello world 1643139714.5
[rosout][INFO] 2022-01-25 19:41:58,493: hello world 1643139718.49
[rosout][INFO] 2022-01-25 19:42:02,494: hello world 1643139722.49
[rosout][INFO] 2022-01-25 19:42:06,494: hello world 1643139726.49
[rosout][INFO] 2022-01-25 19:42:10,496: hello world 1643139730.5
[rosout][INFO] 2022-01-25 19:42:14,493: hello world 1643139734.49
[rosout][INFO] 2022-01-25 19:42:18,495: hello world 1643139738.5
[rosout][INFO] 2022-01-25 19:42:22,494: hello world 1643139742.49
[rosout][INFO] 2022-01-25 19:42:26,496: hello world 1643139746.5
[rosout][INFO] 2022-01-25 19:42:30,493: hello world 1643139750.49
[rosout][INFO] 2022-01-25 19:42:34,496: hello world 1643139754.5
[rosout][INFO] 2022-01-25 19:42:38,494: hello world 1643139758.49
[rosout][INFO] 2022-01-25 19:42:42,494: hello world 1643139762.49
[rosout][INFO] 2022-01-25 19:42:46,496: hello world 1643139766.5
[rosout][INFO] 2022-01-25 19:42:50,496: hello world 1643139770.5
[rosout][INFO] 2022-01-25 19:42:54,495: hello world 1643139774.49
[rosout][INFO] 2022-01-25 19:42:58,496: hello world 1643139778.5
[rosout][INFO] 2022-01-25 19:43:02,496: hello world 1643139782.5
[rosout][INFO] 2022-01-25 19:43:06,493: hello world 1643139786.49
[rosout][INFO] 2022-01-25 19:43:10,493: hello world 1643139790.49
[rosout][INFO] 2022-01-25 19:43:14,495: hello world 1643139794.5
[rosout][INFO] 2022-01-25 19:43:18,496: hello world 1643139798.5
[rosout][INFO] 2022-01-25 19:43:22,496: hello world 1643139802.5
[rosout][INFO] 2022-01-25 19:43:26,496: hello world 1643139806.5
[rosout][INFO] 2022-01-25 19:43:30,496: hello world 1643139810.5
[rosout][INFO] 2022-01-25 19:43:34,496: hello world 1643139814.5
[rosout][INFO] 2022-01-25 19:43:38,494: hello world 1643139818.49
[rosout][INFO] 2022-01-25 19:43:42,495: hello world 1643139822.5
[rosout][INFO] 2022-01-25 19:43:46,496: hello world 1643139826.5
[rosout][INFO] 2022-01-25 19:43:50,496: hello world 1643139830.5
[rosout][INFO] 2022-01-25 19:43:54,494: hello world 1643139834.49
[rosout][INFO] 2022-01-25 19:43:58,493: hello world 1643139838.49
[rosout][INFO] 2022-01-25 19:44:02,493: hello world 1643139842.49
[rosout][INFO] 2022-01-25 19:44:06,493: hello world 1643139846.49
[rosout][INFO] 2022-01-25 19:44:10,493: hello world 1643139850.49
[rosout][INFO] 2022-01-25 19:44:14,496: hello world 1643139854.5
[rosout][INFO] 2022-01-25 19:44:18,493: hello world 1643139858.49
[rosout][INFO] 2022-01-25 19:44:22,493: hello world 1643139862.49
[rosout][INFO] 2022-01-25 19:44:26,493: hello world 1643139866.49
[rosout][INFO] 2022-01-25 19:44:30,496: hello world 1643139870.5
[rosout][INFO] 2022-01-25 19:44:34,496: hello world 1643139874.5
[rosout][INFO] 2022-01-25 19:44:38,493: hello world 1643139878.49
[rosout][INFO] 2022-01-25 19:44:42,494: hello world 1643139882.49
[rosout][INFO] 2022-01-25 19:44:46,493: hello world 1643139886.49
[rosout][INFO] 2022-01-25 19:44:50,494: hello world 1643139890.49
[rosout][INFO] 2022-01-25 19:44:54,496: hello world 1643139894.5
[rosout][INFO] 2022-01-25 19:44:58,493: hello world 1643139898.49
[rosout][INFO] 2022-01-25 19:45:02,496: hello world 1643139902.5
[rosout][INFO] 2022-01-25 19:45:06,496: hello world 1643139906.5
[rosout][INFO] 2022-01-25 19:45:10,494: hello world 1643139910.49
[rosout][INFO] 2022-01-25 19:45:14,493: hello world 1643139914.49
[rosout][INFO] 2022-01-25 19:45:18,496: hello world 1643139918.5
[rosout][INFO] 2022-01-25 19:45:22,494: hello world 1643139922.49
[rosout][INFO] 2022-01-25 19:45:26,493: hello world 1643139926.49
[rosout][INFO] 2022-01-25 19:45:30,493: hello world 1643139930.49
[rosout][INFO] 2022-01-25 19:45:34,493: hello world 1643139934.49
[rosout][INFO] 2022-01-25 19:45:38,496: hello world 1643139938.5
[rosout][INFO] 2022-01-25 19:45:42,493: hello world 1643139942.49
[rosout][INFO] 2022-01-25 19:45:46,496: hello world 1643139946.5
[rosout][INFO] 2022-01-25 19:45:50,493: hello world 1643139950.49
[rosout][INFO] 2022-01-25 19:45:54,496: hello world 1643139954.5
[rosout][INFO] 2022-01-25 19:45:58,494: hello world 1643139958.49
[rosout][INFO] 2022-01-25 19:46:02,493: hello world 1643139962.49
[rosout][INFO] 2022-01-25 19:46:06,493: hello world 1643139966.49
[rosout][INFO] 2022-01-25 19:46:10,496: hello world 1643139970.5
[rosout][INFO] 2022-01-25 19:46:14,496: hello world 1643139974.5
[rosout][INFO] 2022-01-25 19:46:18,496: hello world 1643139978.5
[rosout][INFO] 2022-01-25 19:46:22,494: hello world 1643139982.49
[rosout][INFO] 2022-01-25 19:46:26,493: hello world 1643139986.49
[rosout][INFO] 2022-01-25 19:46:30,493: hello world 1643139990.49
[rosout][INFO] 2022-01-25 19:46:34,496: hello world 1643139994.5
[rosout][INFO] 2022-01-25 19:46:38,493: hello world 1643139998.49
[rosout][INFO] 2022-01-25 19:46:42,493: hello world 1643140002.49
[rosout][INFO] 2022-01-25 19:46:46,496: hello world 1643140006.5
[rosout][INFO] 2022-01-25 19:46:50,494: hello world 1643140010.49
[rosout][INFO] 2022-01-25 19:46:54,494: hello world 1643140014.49
[rosout][INFO] 2022-01-25 19:46:58,495: hello world 1643140018.5
[rosout][INFO] 2022-01-25 19:47:02,494: hello world 1643140022.49
[rosout][INFO] 2022-01-25 19:47:06,493: hello world 1643140026.49
[rosout][INFO] 2022-01-25 19:47:10,496: hello world 1643140030.5
[rosout][INFO] 2022-01-25 19:47:14,496: hello world 1643140034.5
[rosout][INFO] 2022-01-25 19:47:18,494: hello world 1643140038.49
[rosout][INFO] 2022-01-25 19:47:22,494: hello world 1643140042.49
[rosout][INFO] 2022-01-25 19:47:26,493: hello world 1643140046.49
[rosout][INFO] 2022-01-25 19:47:30,495: hello world 1643140050.5
[rosout][INFO] 2022-01-25 19:47:34,493: hello world 1643140054.49
[rosout][INFO] 2022-01-25 19:47:38,496: hello world 1643140058.5
[rosout][INFO] 2022-01-25 19:47:42,494: hello world 1643140062.49
[rosout][INFO] 2022-01-25 19:47:46,493: hello world 1643140066.49
[rosout][INFO] 2022-01-25 19:47:50,496: hello world 1643140070.5
[rosout][INFO] 2022-01-25 19:47:54,496: hello world 1643140074.5
[rosout][INFO] 2022-01-25 19:47:58,496: hello world 1643140078.5
[rosout][INFO] 2022-01-25 19:48:02,493: hello world 1643140082.49
[rosout][INFO] 2022-01-25 19:48:06,496: hello world 1643140086.5
[rosout][INFO] 2022-01-25 19:48:10,494: hello world 1643140090.49
[rosout][INFO] 2022-01-25 19:48:14,496: hello world 1643140094.5
[rosout][INFO] 2022-01-25 19:48:18,496: hello world 1643140098.5
[rosout][INFO] 2022-01-25 19:48:22,494: hello world 1643140102.49
[rosout][INFO] 2022-01-25 19:48:26,493: hello world 1643140106.49
[rosout][INFO] 2022-01-25 19:48:30,496: hello world 1643140110.5
[rosout][INFO] 2022-01-25 19:48:34,493: hello world 1643140114.49
[rosout][INFO] 2022-01-25 19:48:38,493: hello world 1643140118.49
[rosout][INFO] 2022-01-25 19:48:42,495: hello world 1643140122.5
[rosout][INFO] 2022-01-25 19:48:46,493: hello world 1643140126.49
[rosout][INFO] 2022-01-25 19:48:50,496: hello world 1643140130.5
[rosout][INFO] 2022-01-25 19:48:54,496: hello world 1643140134.5
[rosout][INFO] 2022-01-25 19:48:58,493: hello world 1643140138.49
[rosout][INFO] 2022-01-25 19:49:02,496: hello world 1643140142.5
[rosout][INFO] 2022-01-25 19:49:06,494: hello world 1643140146.49
[rosout][INFO] 2022-01-25 19:49:10,493: hello world 1643140150.49
[rosout][INFO] 2022-01-25 19:49:14,493: hello world 1643140154.49
[rosout][INFO] 2022-01-25 19:49:18,494: hello world 1643140158.49
[rosout][INFO] 2022-01-25 19:49:22,496: hello world 1643140162.5
[rosout][INFO] 2022-01-25 19:49:26,494: hello world 1643140166.49
[rosout][INFO] 2022-01-25 19:49:30,496: hello world 1643140170.5
[rosout][INFO] 2022-01-25 19:49:34,496: hello world 1643140174.5
[rosout][INFO] 2022-01-25 19:49:38,493: hello world 1643140178.49
[rosout][INFO] 2022-01-25 19:49:42,494: hello world 1643140182.49
[rosout][INFO] 2022-01-25 19:49:46,496: hello world 1643140186.5
[rosout][INFO] 2022-01-25 19:49:50,494: hello world 1643140190.49
[rosout][INFO] 2022-01-25 19:49:54,493: hello world 1643140194.49
[rosout][INFO] 2022-01-25 19:49:58,496: hello world 1643140198.5
[rosout][INFO] 2022-01-25 19:50:02,493: hello world 1643140202.49
[rosout][INFO] 2022-01-25 19:50:06,494: hello world 1643140206.49
[rosout][INFO] 2022-01-25 19:50:10,496: hello world 1643140210.5
[rosout][INFO] 2022-01-25 19:50:14,496: hello world 1643140214.5
[rosout][INFO] 2022-01-25 19:50:18,495: hello world 1643140218.49
[rosout][INFO] 2022-01-25 19:50:22,493: hello world 1643140222.49
[rosout][INFO] 2022-01-25 19:50:26,494: hello world 1643140226.49
[rosout][INFO] 2022-01-25 19:50:30,496: hello world 1643140230.5
[rosout][INFO] 2022-01-25 19:50:34,498: hello world 1643140234.5
[rosout][INFO] 2022-01-25 19:50:38,496: hello world 1643140238.5
[rosout][INFO] 2022-01-25 19:50:42,496: hello world 1643140242.5
[rosout][INFO] 2022-01-25 19:50:46,493: hello world 1643140246.49
[rosout][INFO] 2022-01-25 19:50:50,496: hello world 1643140250.5
[rosout][INFO] 2022-01-25 19:50:54,496: hello world 1643140254.5
[rosout][INFO] 2022-01-25 19:50:58,493: hello world 1643140258.49
[rosout][INFO] 2022-01-25 19:51:02,496: hello world 1643140262.5
[rosout][INFO] 2022-01-25 19:51:06,496: hello world 1643140266.5
[rosout][INFO] 2022-01-25 19:51:10,496: hello world 1643140270.5
[rosout][INFO] 2022-01-25 19:51:14,494: hello world 1643140274.49
[rosout][INFO] 2022-01-25 19:51:18,496: hello world 1643140278.5
[rosout][INFO] 2022-01-25 19:51:22,496: hello world 1643140282.5
[rosout][INFO] 2022-01-25 19:51:26,495: hello world 1643140286.5
[rosout][INFO] 2022-01-25 19:51:30,496: hello world 1643140290.5
[rosout][INFO] 2022-01-25 19:51:34,493: hello world 1643140294.49
[rosout][INFO] 2022-01-25 19:51:38,493: hello world 1643140298.49
[rosout][INFO] 2022-01-25 19:51:42,496: hello world 1643140302.5
[rosout][INFO] 2022-01-25 19:51:46,492: hello world 1643140306.49
[rosout][INFO] 2022-01-25 19:51:50,495: hello world 1643140310.5
[rosout][INFO] 2022-01-25 19:51:54,493: hello world 1643140314.49
[rosout][INFO] 2022-01-25 19:51:58,496: hello world 1643140318.5
[rosout][INFO] 2022-01-25 19:52:02,496: hello world 1643140322.5
[rosout][INFO] 2022-01-25 19:52:06,496: hello world 1643140326.5
[rosout][INFO] 2022-01-25 19:52:10,493: hello world 1643140330.49
[rosout][INFO] 2022-01-25 19:52:14,493: hello world 1643140334.49
[rosout][INFO] 2022-01-25 19:52:18,497: hello world 1643140338.5
[rosout][INFO] 2022-01-25 19:52:22,494: hello world 1643140342.49
[rosout][INFO] 2022-01-25 19:52:26,493: hello world 1643140346.49
[rosout][INFO] 2022-01-25 19:52:30,494: hello world 1643140350.49
[rosout][INFO] 2022-01-25 19:52:34,493: hello world 1643140354.49
[rosout][INFO] 2022-01-25 19:52:38,495: hello world 1643140358.5
[rosout][INFO] 2022-01-25 19:52:42,493: hello world 1643140362.49
[rosout][INFO] 2022-01-25 19:52:46,493: hello world 1643140366.49
[rosout][INFO] 2022-01-25 19:52:50,493: hello world 1643140370.49
[rosout][INFO] 2022-01-25 19:52:54,496: hello world 1643140374.5
[rosout][INFO] 2022-01-25 19:52:58,493: hello world 1643140378.49
[rosout][INFO] 2022-01-25 19:53:02,495: hello world 1643140382.5
[rosout][INFO] 2022-01-25 19:53:06,493: hello world 1643140386.49
[rosout][INFO] 2022-01-25 19:53:10,496: hello world 1643140390.5
[rosout][INFO] 2022-01-25 19:53:14,496: hello world 1643140394.5
[rosout][INFO] 2022-01-25 19:53:18,495: hello world 1643140398.49
[rosout][INFO] 2022-01-25 19:53:22,494: hello world 1643140402.49
[rosout][INFO] 2022-01-25 19:53:26,494: hello world 1643140406.49
[rosout][INFO] 2022-01-25 19:53:30,496: hello world 1643140410.5
[rosout][INFO] 2022-01-25 19:53:34,493: hello world 1643140414.49
[rosout][INFO] 2022-01-25 19:53:38,496: hello world 1643140418.5
[rosout][INFO] 2022-01-25 19:53:42,494: hello world 1643140422.49
[rosout][INFO] 2022-01-25 19:53:46,496: hello world 1643140426.5
[rosout][INFO] 2022-01-25 19:53:50,494: hello world 1643140430.49
[rosout][INFO] 2022-01-25 19:53:54,496: hello world 1643140434.5
[rosout][INFO] 2022-01-25 19:53:58,496: hello world 1643140438.5
[rosout][INFO] 2022-01-25 19:54:02,496: hello world 1643140442.5
[rosout][INFO] 2022-01-25 19:54:06,493: hello world 1643140446.49
[rosout][INFO] 2022-01-25 19:54:10,496: hello world 1643140450.5
[rosout][INFO] 2022-01-25 19:54:14,495: hello world 1643140454.49
[rosout][INFO] 2022-01-25 19:54:18,496: hello world 1643140458.5
[rosout][INFO] 2022-01-25 19:54:22,495: hello world 1643140462.5
[rosout][INFO] 2022-01-25 19:54:26,493: hello world 1643140466.49
[rosout][INFO] 2022-01-25 19:54:30,496: hello world 1643140470.5
[rosout][INFO] 2022-01-25 19:54:34,496: hello world 1643140474.5
[rosout][INFO] 2022-01-25 19:54:38,496: hello world 1643140478.5
[rosout][INFO] 2022-01-25 19:54:42,496: hello world 1643140482.5
[rosout][INFO] 2022-01-25 19:54:46,496: hello world 1643140486.5
[rosout][INFO] 2022-01-25 19:54:50,494: hello world 1643140490.49
[rosout][INFO] 2022-01-25 19:54:54,496: hello world 1643140494.5
[rosout][INFO] 2022-01-25 19:54:58,493: hello world 1643140498.49
[rosout][INFO] 2022-01-25 19:55:02,496: hello world 1643140502.5
[rosout][INFO] 2022-01-25 19:55:06,494: hello world 1643140506.49
[rosout][INFO] 2022-01-25 19:55:10,493: hello world 1643140510.49
[rosout][INFO] 2022-01-25 19:55:14,496: hello world 1643140514.5
[rosout][INFO] 2022-01-25 19:55:18,493: hello world 1643140518.49
[rosout][INFO] 2022-01-25 19:55:22,496: hello world 1643140522.5
[rosout][INFO] 2022-01-25 19:55:26,496: hello world 1643140526.5
[rosout][INFO] 2022-01-25 19:55:30,493: hello world 1643140530.49
[rosout][INFO] 2022-01-25 19:55:34,496: hello world 1643140534.5
[rosout][INFO] 2022-01-25 19:55:38,492: hello world 1643140538.49
[rosout][INFO] 2022-01-25 19:55:42,496: hello world 1643140542.5
[rosout][INFO] 2022-01-25 19:55:46,496: hello world 1643140546.5
[rosout][INFO] 2022-01-25 19:55:50,494: hello world 1643140550.49
[rosout][INFO] 2022-01-25 19:55:54,493: hello world 1643140554.49
[rosout][INFO] 2022-01-25 19:55:58,493: hello world 1643140558.49
[rosout][INFO] 2022-01-25 19:56:02,495: hello world 1643140562.49
[rosout][INFO] 2022-01-25 19:56:06,496: hello world 1643140566.5
[rosout][INFO] 2022-01-25 19:56:10,496: hello world 1643140570.5
[rosout][INFO] 2022-01-25 19:56:14,496: hello world 1643140574.5
[rosout][INFO] 2022-01-25 19:56:18,494: hello world 1643140578.49
[rosout][INFO] 2022-01-25 19:56:22,496: hello world 1643140582.5
[rosout][INFO] 2022-01-25 19:56:26,496: hello world 1643140586.5
[rosout][INFO] 2022-01-25 19:56:30,494: hello world 1643140590.49
[rosout][INFO] 2022-01-25 19:56:34,494: hello world 1643140594.49
[rosout][INFO] 2022-01-25 19:56:38,494: hello world 1643140598.49
[rosout][INFO] 2022-01-25 19:56:42,496: hello world 1643140602.5
[rosout][INFO] 2022-01-25 19:56:46,496: hello world 1643140606.5
[rosout][INFO] 2022-01-25 19:56:50,494: hello world 1643140610.49
[rosout][INFO] 2022-01-25 19:56:54,494: hello world 1643140614.49
[rosout][INFO] 2022-01-25 19:56:58,496: hello world 1643140618.5
[rosout][INFO] 2022-01-25 19:57:02,496: hello world 1643140622.5
[rosout][INFO] 2022-01-25 19:57:06,496: hello world 1643140626.5
[rosout][INFO] 2022-01-25 19:57:10,496: hello world 1643140630.5
[rosout][INFO] 2022-01-25 19:57:14,495: hello world 1643140634.5
[rosout][INFO] 2022-01-25 19:57:18,496: hello world 1643140638.5
[rosout][INFO] 2022-01-25 19:57:22,496: hello world 1643140642.5
[rosout][INFO] 2022-01-25 19:57:26,496: hello world 1643140646.5
[rosout][INFO] 2022-01-25 19:57:30,498: hello world 1643140650.5
[rosout][INFO] 2022-01-25 19:57:34,496: hello world 1643140654.5
[rosout][INFO] 2022-01-25 19:57:38,494: hello world 1643140658.49
[rosout][INFO] 2022-01-25 19:57:42,497: hello world 1643140662.5
[rosout][INFO] 2022-01-25 19:57:46,496: hello world 1643140666.5
[rosout][INFO] 2022-01-25 19:57:50,494: hello world 1643140670.49
[rosout][INFO] 2022-01-25 19:57:54,493: hello world 1643140674.49
[rosout][INFO] 2022-01-25 19:57:58,495: hello world 1643140678.5
[rosout][INFO] 2022-01-25 19:58:02,494: hello world 1643140682.49
[rosout][INFO] 2022-01-25 19:58:06,492: hello world 1643140686.49
[rosout][INFO] 2022-01-25 19:58:10,493: hello world 1643140690.49
[rosout][INFO] 2022-01-25 19:58:14,492: hello world 1643140694.49
[rosout][INFO] 2022-01-25 19:58:18,495: hello world 1643140698.5
[rosout][INFO] 2022-01-25 19:58:22,493: hello world 1643140702.49
[rosout][INFO] 2022-01-25 19:58:26,496: hello world 1643140706.5
[rosout][INFO] 2022-01-25 19:58:30,496: hello world 1643140710.5
[rosout][INFO] 2022-01-25 19:58:34,493: hello world 1643140714.49
[rosout][INFO] 2022-01-25 19:58:38,494: hello world 1643140718.49
[rosout][INFO] 2022-01-25 19:58:42,493: hello world 1643140722.49
[rosout][INFO] 2022-01-25 19:58:46,496: hello world 1643140726.5
[rosout][INFO] 2022-01-25 19:58:50,496: hello world 1643140730.5
[rosout][INFO] 2022-01-25 19:58:54,494: hello world 1643140734.49
[rosout][INFO] 2022-01-25 19:58:58,493: hello world 1643140738.49
[rosout][INFO] 2022-01-25 19:59:02,495: hello world 1643140742.5
[rosout][INFO] 2022-01-25 19:59:06,493: hello world 1643140746.49
[rosout][INFO] 2022-01-25 19:59:10,494: hello world 1643140750.49
[rosout][INFO] 2022-01-25 19:59:14,496: hello world 1643140754.5
[rosout][INFO] 2022-01-25 19:59:18,494: hello world 1643140758.49
[rosout][INFO] 2022-01-25 19:59:22,494: hello world 1643140762.49
[rosout][INFO] 2022-01-25 19:59:26,496: hello world 1643140766.5
[rosout][INFO] 2022-01-25 19:59:30,493: hello world 1643140770.49
[rosout][INFO] 2022-01-25 19:59:34,494: hello world 1643140774.49
[rosout][INFO] 2022-01-25 19:59:38,494: hello world 1643140778.49
[rosout][INFO] 2022-01-25 19:59:42,496: hello world 1643140782.5
[rosout][INFO] 2022-01-25 19:59:46,493: hello world 1643140786.49
[rosout][INFO] 2022-01-25 19:59:50,494: hello world 1643140790.49
[rosout][INFO] 2022-01-25 19:59:54,496: hello world 1643140794.5
[rosout][INFO] 2022-01-25 19:59:58,493: hello world 1643140798.49
[rosout][INFO] 2022-01-25 20:00:02,493: hello world 1643140802.49
[rosout][INFO] 2022-01-25 20:00:06,496: hello world 1643140806.5
[rosout][INFO] 2022-01-25 20:00:10,494: hello world 1643140810.49
[rosout][INFO] 2022-01-25 20:00:14,493: hello world 1643140814.49
[rosout][INFO] 2022-01-25 20:00:18,496: hello world 1643140818.5
[rosout][INFO] 2022-01-25 20:00:22,493: hello world 1643140822.49
[rosout][INFO] 2022-01-25 20:00:26,493: hello world 1643140826.49
[rosout][INFO] 2022-01-25 20:00:30,493: hello world 1643140830.49
[rosout][INFO] 2022-01-25 20:00:34,496: hello world 1643140834.5
[rosout][INFO] 2022-01-25 20:00:38,496: hello world 1643140838.5
[rosout][INFO] 2022-01-25 20:00:42,493: hello world 1643140842.49
[rosout][INFO] 2022-01-25 20:00:46,494: hello world 1643140846.49
[rosout][INFO] 2022-01-25 20:00:50,494: hello world 1643140850.49
[rosout][INFO] 2022-01-25 20:00:54,493: hello world 1643140854.49
[rosout][INFO] 2022-01-25 20:00:58,494: hello world 1643140858.49
[rosout][INFO] 2022-01-25 20:01:02,494: hello world 1643140862.49
[rosout][INFO] 2022-01-25 20:01:06,495: hello world 1643140866.5
[rosout][INFO] 2022-01-25 20:01:10,493: hello world 1643140870.49
[rosout][INFO] 2022-01-25 20:01:14,496: hello world 1643140874.5
[rosout][INFO] 2022-01-25 20:01:18,496: hello world 1643140878.5
[rosout][INFO] 2022-01-25 20:01:22,496: hello world 1643140882.5
[rosout][INFO] 2022-01-25 20:01:26,496: hello world 1643140886.5
[rosout][INFO] 2022-01-25 20:01:30,494: hello world 1643140890.49
[rosout][INFO] 2022-01-25 20:01:34,493: hello world 1643140894.49
[rosout][INFO] 2022-01-25 20:01:38,496: hello world 1643140898.5
[rosout][INFO] 2022-01-25 20:01:42,496: hello world 1643140902.5
[rosout][INFO] 2022-01-25 20:01:46,493: hello world 1643140906.49
[rosout][INFO] 2022-01-25 20:01:50,493: hello world 1643140910.49
[rosout][INFO] 2022-01-25 20:01:54,493: hello world 1643140914.49
[rosout][INFO] 2022-01-25 20:01:58,496: hello world 1643140918.5
[rosout][INFO] 2022-01-25 20:02:02,493: hello world 1643140922.49
[rosout][INFO] 2022-01-25 20:02:06,494: hello world 1643140926.49
[rosout][INFO] 2022-01-25 20:02:10,493: hello world 1643140930.49
[rosout][INFO] 2022-01-25 20:02:14,495: hello world 1643140934.5
[rosout][INFO] 2022-01-25 20:02:18,493: hello world 1643140938.49
[rosout][INFO] 2022-01-25 20:02:22,496: hello world 1643140942.5
[rosout][INFO] 2022-01-25 20:02:26,494: hello world 1643140946.49
[rosout][INFO] 2022-01-25 20:02:30,495: hello world 1643140950.5
[rosout][INFO] 2022-01-25 20:02:34,496: hello world 1643140954.5
[rosout][INFO] 2022-01-25 20:02:38,496: hello world 1643140958.5
[rosout][INFO] 2022-01-25 20:02:42,496: hello world 1643140962.5
[rosout][INFO] 2022-01-25 20:02:46,496: hello world 1643140966.5
[rosout][INFO] 2022-01-25 20:02:50,493: hello world 1643140970.49
[rosout][INFO] 2022-01-25 20:02:54,496: hello world 1643140974.5
[rosout][INFO] 2022-01-25 20:02:58,494: hello world 1643140978.49
[rosout][INFO] 2022-01-25 20:03:02,493: hello world 1643140982.49
[rosout][INFO] 2022-01-25 20:03:06,496: hello world 1643140986.5
[rosout][INFO] 2022-01-25 20:03:10,496: hello world 1643140990.5
[rosout][INFO] 2022-01-25 20:03:14,495: hello world 1643140994.49
[rosout][INFO] 2022-01-25 20:03:18,496: hello world 1643140998.5
[rosout][INFO] 2022-01-25 20:03:22,496: hello world 1643141002.5
[rosout][INFO] 2022-01-25 20:03:26,493: hello world 1643141006.49
[rosout][INFO] 2022-01-25 20:03:30,493: hello world 1643141010.49
[rosout][INFO] 2022-01-25 20:03:34,496: hello world 1643141014.5
[rosout][INFO] 2022-01-25 20:03:38,493: hello world 1643141018.49
[rosout][INFO] 2022-01-25 20:03:42,493: hello world 1643141022.49
[rosout][INFO] 2022-01-25 20:03:46,494: hello world 1643141026.49
[rosout][INFO] 2022-01-25 20:03:50,496: hello world 1643141030.5
[rosout][INFO] 2022-01-25 20:03:54,496: hello world 1643141034.5
[rosout][INFO] 2022-01-25 20:03:58,496: hello world 1643141038.5
[rosout][INFO] 2022-01-25 20:04:02,496: hello world 1643141042.5
[rosout][INFO] 2022-01-25 20:04:06,496: hello world 1643141046.5
[rosout][INFO] 2022-01-25 20:04:10,493: hello world 1643141050.49
[rosout][INFO] 2022-01-25 20:04:14,496: hello world 1643141054.5
[rosout][INFO] 2022-01-25 20:04:18,496: hello world 1643141058.5
[rosout][INFO] 2022-01-25 20:04:22,495: hello world 1643141062.5
[rosout][INFO] 2022-01-25 20:04:26,496: hello world 1643141066.5
[rosout][INFO] 2022-01-25 20:04:30,496: hello world 1643141070.5
[rosout][INFO] 2022-01-25 20:04:34,493: hello world 1643141074.49
[rosout][INFO] 2022-01-25 20:04:38,496: hello world 1643141078.5
[rosout][INFO] 2022-01-25 20:04:42,496: hello world 1643141082.5
[rosout][INFO] 2022-01-25 20:04:46,494: hello world 1643141086.49
[rosout][INFO] 2022-01-25 20:04:50,494: hello world 1643141090.49
[rosout][INFO] 2022-01-25 20:04:54,496: hello world 1643141094.5
[rosout][INFO] 2022-01-25 20:04:58,493: hello world 1643141098.49
[rosout][INFO] 2022-01-25 20:05:02,493: hello world 1643141102.49
[rosout][INFO] 2022-01-25 20:05:06,494: hello world 1643141106.49
[rosout][INFO] 2022-01-25 20:05:10,497: hello world 1643141110.5
[rosout][INFO] 2022-01-25 20:05:14,496: hello world 1643141114.5
[rosout][INFO] 2022-01-25 20:05:18,494: hello world 1643141118.49
[rosout][INFO] 2022-01-25 20:05:22,494: hello world 1643141122.49
[rosout][INFO] 2022-01-25 20:05:26,493: hello world 1643141126.49
[rosout][INFO] 2022-01-25 20:05:30,496: hello world 1643141130.5
[rosout][INFO] 2022-01-25 20:05:34,493: hello world 1643141134.49
[rosout][INFO] 2022-01-25 20:05:38,496: hello world 1643141138.5
[rosout][INFO] 2022-01-25 20:05:42,493: hello world 1643141142.49
[rosout][INFO] 2022-01-25 20:05:46,496: hello world 1643141146.5
[rosout][INFO] 2022-01-25 20:05:50,496: hello world 1643141150.5
[rosout][INFO] 2022-01-25 20:05:54,496: hello world 1643141154.5
[rosout][INFO] 2022-01-25 20:05:58,496: hello world 1643141158.5
[rosout][INFO] 2022-01-25 20:06:02,496: hello world 1643141162.5
[rosout][INFO] 2022-01-25 20:06:06,493: hello world 1643141166.49
[rosout][INFO] 2022-01-25 20:06:10,494: hello world 1643141170.49
[rosout][INFO] 2022-01-25 20:06:14,493: hello world 1643141174.49
[rosout][INFO] 2022-01-25 20:06:18,493: hello world 1643141178.49
[rosout][INFO] 2022-01-25 20:06:22,496: hello world 1643141182.5
[rosout][INFO] 2022-01-25 20:06:26,494: hello world 1643141186.49
[rosout][INFO] 2022-01-25 20:06:30,498: hello world 1643141190.5
[rosout][INFO] 2022-01-25 20:06:34,496: hello world 1643141194.5
[rosout][INFO] 2022-01-25 20:06:38,494: hello world 1643141198.49
[rosout][INFO] 2022-01-25 20:06:42,493: hello world 1643141202.49
[rosout][INFO] 2022-01-25 20:06:46,496: hello world 1643141206.5
[rosout][INFO] 2022-01-25 20:06:50,496: hello world 1643141210.5
[rosout][INFO] 2022-01-25 20:06:54,496: hello world 1643141214.5
[rosout][INFO] 2022-01-25 20:06:58,496: hello world 1643141218.5
[rosout][INFO] 2022-01-25 20:07:02,496: hello world 1643141222.5
[rosout][INFO] 2022-01-25 20:07:06,496: hello world 1643141226.5
[rosout][INFO] 2022-01-25 20:07:10,496: hello world 1643141230.5
[rosout][INFO] 2022-01-25 20:07:14,493: hello world 1643141234.49
[rosout][INFO] 2022-01-25 20:07:18,493: hello world 1643141238.49
[rosout][INFO] 2022-01-25 20:07:22,493: hello world 1643141242.49
[rosout][INFO] 2022-01-25 20:07:26,493: hello world 1643141246.49
[rosout][INFO] 2022-01-25 20:07:30,496: hello world 1643141250.5
[rosout][INFO] 2022-01-25 20:07:34,494: hello world 1643141254.49
[rosout][INFO] 2022-01-25 20:07:38,496: hello world 1643141258.5
[rosout][INFO] 2022-01-25 20:07:42,493: hello world 1643141262.49
[rosout][INFO] 2022-01-25 20:07:46,496: hello world 1643141266.5
[rosout][INFO] 2022-01-25 20:07:50,493: hello world 1643141270.49
[rosout][INFO] 2022-01-25 20:07:54,493: hello world 1643141274.49
[rospy.internal][INFO] 2022-01-25 20:07:55,353: topic[/rosout] removing connection to /rosout
[rospy.core][INFO] 2022-01-25 20:07:56,187: signal_shutdown [signal-2]
[rospy.registration][WARNING] 2022-01-25 20:07:56,190: cannot unregister with master due to network issues
[rospy.internal][INFO] 2022-01-25 20:07:56,192: topic[/chatter] removing connection to /link_ros
[rospy.impl.masterslave][INFO] 2022-01-25 20:07:56,193: signal-2
[rospy.core][INFO] 2022-01-25 20:07:56,330: signal_shutdown [atexit]
