[rospy.client][INFO] 2022-01-25 18:56:15,338: init_node, name[/webcam], pid[25379]
[xmlrpc][INFO] 2022-01-25 18:56:15,339: XML-RPC server binding to 0.0.0.0:0
[xmlrpc][INFO] 2022-01-25 18:56:15,340: Started XML-RPC server [http://ubuntu:37931/]
[rospy.init][INFO] 2022-01-25 18:56:15,341: ROS Slave URI: [http://ubuntu:37931/]
[rospy.impl.masterslave][INFO] 2022-01-25 18:56:15,341: _ready: http://ubuntu:37931/
[rospy.registration][INFO] 2022-01-25 18:56:15,343: Registering with master node http://localhost:11311
[xmlrpc][INFO] 2022-01-25 18:56:15,343: xml rpc node: starting XML-RPC server
[rospy.registration][INFO] 2022-01-25 18:56:15,344: Registering publisher topic [/image_raw] type [sensor_msgs/Image] with master
[rospy.init][INFO] 2022-01-25 18:56:15,442: registered with master
[rospy.rosout][INFO] 2022-01-25 18:56:15,443: initializing /rosout core topic
[rospy.rosout][INFO] 2022-01-25 18:56:15,448: connected to core topic /rosout
[rospy.simtime][INFO] 2022-01-25 18:56:15,451: /use_sim_time is not set, will not subscribe to simulated time [/clock] topic
[rospy.internal][INFO] 2022-01-25 18:56:15,675: topic[/rosout] adding connection to [/rosout], count 0
[rospy.internal][INFO] 2022-01-25 18:56:16,873: topic[/image_raw] adding connection to [/link_ros], count 0
[rospy.internal][INFO] 2022-01-25 20:07:55,435: topic[/rosout] removing connection to /rosout
[rospy.core][INFO] 2022-01-25 20:07:56,192: signal_shutdown [signal-2]
[rospy.registration][WARNING] 2022-01-25 20:07:56,210: cannot unregister with master due to network issues
[rospy.internal][INFO] 2022-01-25 20:07:56,211: topic[/image_raw] removing connection to /link_ros
[rospy.impl.masterslave][INFO] 2022-01-25 20:07:56,213: signal-2
[rospy.core][INFO] 2022-01-25 20:07:56,843: signal_shutdown [atexit]
