[rospy.client][INFO] 2022-03-29 17:12:24,885: init_node, name[/listener], pid[5870]
[xmlrpc][INFO] 2022-03-29 17:12:24,887: XML-RPC server binding to 0.0.0.0:0
[rospy.init][INFO] 2022-03-29 17:12:24,890: ROS Slave URI: [http://ubuntu:41337/]
[xmlrpc][INFO] 2022-03-29 17:12:24,891: Started XML-RPC server [http://ubuntu:41337/]
[rospy.impl.masterslave][INFO] 2022-03-29 17:12:24,892: _ready: http://ubuntu:41337/
[xmlrpc][INFO] 2022-03-29 17:12:24,894: xml rpc node: starting XML-RPC server
[rospy.registration][INFO] 2022-03-29 17:12:24,896: Registering with master node http://localhost:11311
[rospy.init][INFO] 2022-03-29 17:12:24,991: registered with master
[rospy.rosout][INFO] 2022-03-29 17:12:24,992: initializing /rosout core topic
[rospy.rosout][INFO] 2022-03-29 17:12:25,000: connected to core topic /rosout
[rospy.simtime][INFO] 2022-03-29 17:12:25,004: /use_sim_time is not set, will not subscribe to simulated time [/clock] topic
[rospy.internal][INFO] 2022-03-29 17:12:25,196: topic[/video/click] adding connection to [http://ubuntu:40683/], count 0
[rospy.internal][INFO] 2022-03-29 17:12:25,360: topic[/rosout] adding connection to [/rosout], count 0
[rospy.core][INFO] 2022-03-29 17:13:31,872: signal_shutdown [signal-2]
[rospy.internal][INFO] 2022-03-29 17:13:31,881: topic[/rosout] removing connection to /rosout
[rospy.internal][INFO] 2022-03-29 17:13:31,882: topic[/video/click] removing connection to http://ubuntu:40683/
[rospy.topics][ERROR] 2022-03-29 17:13:31,885: Traceback (most recent call last):
  File "/opt/ros/melodic/lib/python2.7/dist-packages/rospy/topics.py", line 326, in close
    c.close()
  File "/opt/ros/melodic/lib/python2.7/dist-packages/rospy/impl/tcpros_base.py", line 846, in close
    self.socket.close()
AttributeError: 'NoneType' object has no attribute 'close'

[rospy.impl.masterslave][INFO] 2022-03-29 17:13:31,886: signal-2
[rospy.internal][WARNING] 2022-03-29 17:13:31,886: Unknown error initiating TCP/IP socket to ubuntu:39747 (http://ubuntu:40683/): Traceback (most recent call last):
  File "/opt/ros/melodic/lib/python2.7/dist-packages/rospy/impl/tcpros_base.py", line 562, in connect
    self.read_header()
  File "/opt/ros/melodic/lib/python2.7/dist-packages/rospy/impl/tcpros_base.py", line 657, in read_header
    self._validate_header(read_ros_handshake_header(sock, self.read_buff, self.protocol.buff_size))
AttributeError: 'NoneType' object has no attribute 'buff_size'

[rospy.core][INFO] 2022-03-29 17:13:32,003: signal_shutdown [atexit]
