[0.047s] Invoking command in '/home/ubuntu/ros2_foxy/build/gmock_vendor': CMAKE_PREFIX_PATH=/home/ubuntu/ros2_foxy/install/gtest_vendor PKG_CONFIG_PATH=/home/ubuntu/ros2_foxy/install/gtest_vendor/lib/aarch64-linux-gnu/pkgconfig:/home/ubuntu/ros2_foxy/install/gtest_vendor/lib/pkgconfig /usr/bin/cmake /home/ubuntu/ros2_foxy/src/ament/googletest/googlemock -DCMAKE_INSTALL_PREFIX=/home/ubuntu/ros2_foxy/install/gmock_vendor
[0.110s] -- Configuring done
[0.113s] -- Generating done
[0.116s] -- Build files have been written to: /home/ubuntu/ros2_foxy/build/gmock_vendor
[0.122s] Invoked command in '/home/ubuntu/ros2_foxy/build/gmock_vendor' returned '0': CMAKE_PREFIX_PATH=/home/ubuntu/ros2_foxy/install/gtest_vendor PKG_CONFIG_PATH=/home/ubuntu/ros2_foxy/install/gtest_vendor/lib/aarch64-linux-gnu/pkgconfig:/home/ubuntu/ros2_foxy/install/gtest_vendor/lib/pkgconfig /usr/bin/cmake /home/ubuntu/ros2_foxy/src/ament/googletest/googlemock -DCMAKE_INSTALL_PREFIX=/home/ubuntu/ros2_foxy/install/gmock_vendor
[0.136s] Invoking command in '/home/ubuntu/ros2_foxy/build/gmock_vendor': CMAKE_PREFIX_PATH=/home/ubuntu/ros2_foxy/install/gtest_vendor PKG_CONFIG_PATH=/home/ubuntu/ros2_foxy/install/gtest_vendor/lib/aarch64-linux-gnu/pkgconfig:/home/ubuntu/ros2_foxy/install/gtest_vendor/lib/pkgconfig /usr/bin/cmake --build /home/ubuntu/ros2_foxy/build/gmock_vendor -- -j4 -l4
[0.309s] Invoked command in '/home/ubuntu/ros2_foxy/build/gmock_vendor' returned '0': CMAKE_PREFIX_PATH=/home/ubuntu/ros2_foxy/install/gtest_vendor PKG_CONFIG_PATH=/home/ubuntu/ros2_foxy/install/gtest_vendor/lib/aarch64-linux-gnu/pkgconfig:/home/ubuntu/ros2_foxy/install/gtest_vendor/lib/pkgconfig /usr/bin/cmake --build /home/ubuntu/ros2_foxy/build/gmock_vendor -- -j4 -l4
[0.415s] Invoking command in '/home/ubuntu/ros2_foxy/build/gmock_vendor': CMAKE_PREFIX_PATH=/home/ubuntu/ros2_foxy/install/gtest_vendor PKG_CONFIG_PATH=/home/ubuntu/ros2_foxy/install/gtest_vendor/lib/aarch64-linux-gnu/pkgconfig:/home/ubuntu/ros2_foxy/install/gtest_vendor/lib/pkgconfig /usr/bin/cmake --build /home/ubuntu/ros2_foxy/build/gmock_vendor --target install -- -j4 -l4
[0.660s] [36mInstall the project...[0m
[0.699s] -- Install configuration: ""
[0.700s] -- Installing: /home/ubuntu/ros2_foxy/install/gmock_vendor/share/gmock_vendor/cmake/gmock_vendorConfig.cmake
[0.701s] -- Installing: /home/ubuntu/ros2_foxy/install/gmock_vendor/share/gmock_vendor/package.xml
[0.703s] -- Installing: /home/ubuntu/ros2_foxy/install/gmock_vendor/src/gmock_vendor/CMakeLists.txt
[0.704s] -- Installing: /home/ubuntu/ros2_foxy/install/gmock_vendor/src/gmock_vendor/include/gmock
[0.705s] -- Installing: /home/ubuntu/ros2_foxy/install/gmock_vendor/src/gmock_vendor/include/gmock/gmock-cardinalities.h
[0.706s] -- Installing: /home/ubuntu/ros2_foxy/install/gmock_vendor/src/gmock_vendor/include/gmock/gmock-generated-actions.h
[0.708s] -- Installing: /home/ubuntu/ros2_foxy/install/gmock_vendor/src/gmock_vendor/include/gmock/gmock-generated-matchers.h
[0.709s] -- Installing: /home/ubuntu/ros2_foxy/install/gmock_vendor/src/gmock_vendor/include/gmock/gmock-more-actions.h
[0.710s] -- Installing: /home/ubuntu/ros2_foxy/install/gmock_vendor/src/gmock_vendor/include/gmock/gmock-matchers.h
[0.712s] -- Installing: /home/ubuntu/ros2_foxy/install/gmock_vendor/src/gmock_vendor/include/gmock/gmock-more-matchers.h
[0.713s] -- Installing: /home/ubuntu/ros2_foxy/install/gmock_vendor/src/gmock_vendor/include/gmock/gmock.h
[0.714s] -- Installing: /home/ubuntu/ros2_foxy/install/gmock_vendor/src/gmock_vendor/include/gmock/internal
[0.717s] -- Installing: /home/ubuntu/ros2_foxy/install/gmock_vendor/src/gmock_vendor/include/gmock/internal/gmock-port.h
[0.719s] -- Installing: /home/ubuntu/ros2_foxy/install/gmock_vendor/src/gmock_vendor/include/gmock/internal/gmock-internal-utils.h
[0.724s] -- Installing: /home/ubuntu/ros2_foxy/install/gmock_vendor/src/gmock_vendor/include/gmock/internal/custom
[0.726s] -- Installing: /home/ubuntu/ros2_foxy/install/gmock_vendor/src/gmock_vendor/include/gmock/internal/custom/gmock-generated-actions.h
[0.727s] -- Installing: /home/ubuntu/ros2_foxy/install/gmock_vendor/src/gmock_vendor/include/gmock/internal/custom/gmock-port.h
[0.729s] -- Installing: /home/ubuntu/ros2_foxy/install/gmock_vendor/src/gmock_vendor/include/gmock/internal/custom/gmock-matchers.h
[0.730s] -- Installing: /home/ubuntu/ros2_foxy/install/gmock_vendor/src/gmock_vendor/include/gmock/internal/custom/README.md
[0.731s] -- Installing: /home/ubuntu/ros2_foxy/install/gmock_vendor/src/gmock_vendor/include/gmock/internal/custom/gmock-generated-actions.h.pump
[0.732s] -- Installing: /home/ubuntu/ros2_foxy/install/gmock_vendor/src/gmock_vendor/include/gmock/internal/gmock-generated-internal-utils.h.pump
[0.733s] -- Installing: /home/ubuntu/ros2_foxy/install/gmock_vendor/src/gmock_vendor/include/gmock/internal/gmock-generated-internal-utils.h
[0.734s] -- Installing: /home/ubuntu/ros2_foxy/install/gmock_vendor/src/gmock_vendor/include/gmock/internal/gmock-pp.h
[0.735s] -- Installing: /home/ubuntu/ros2_foxy/install/gmock_vendor/src/gmock_vendor/include/gmock/gmock-actions.h
[0.736s] -- Installing: /home/ubuntu/ros2_foxy/install/gmock_vendor/src/gmock_vendor/include/gmock/gmock-generated-function-mockers.h.pump
[0.737s] -- Installing: /home/ubuntu/ros2_foxy/install/gmock_vendor/src/gmock_vendor/include/gmock/gmock-spec-builders.h
[0.738s] -- Installing: /home/ubuntu/ros2_foxy/install/gmock_vendor/src/gmock_vendor/include/gmock/gmock-generated-function-mockers.h
[0.738s] -- Installing: /home/ubuntu/ros2_foxy/install/gmock_vendor/src/gmock_vendor/include/gmock/gmock-generated-actions.h.pump
[0.739s] -- Installing: /home/ubuntu/ros2_foxy/install/gmock_vendor/src/gmock_vendor/include/gmock/gmock-function-mocker.h
[0.740s] -- Installing: /home/ubuntu/ros2_foxy/install/gmock_vendor/src/gmock_vendor/include/gmock/gmock-generated-nice-strict.h
[0.741s] -- Installing: /home/ubuntu/ros2_foxy/install/gmock_vendor/src/gmock_vendor/include/gmock/gmock-generated-nice-strict.h.pump
[0.742s] -- Installing: /home/ubuntu/ros2_foxy/install/gmock_vendor/src/gmock_vendor/include/gmock/gmock-generated-matchers.h.pump
[0.743s] -- Installing: /home/ubuntu/ros2_foxy/install/gmock_vendor/src/gmock_vendor/src
[0.744s] -- Installing: /home/ubuntu/ros2_foxy/install/gmock_vendor/src/gmock_vendor/src/gmock.cc
[0.746s] -- Installing: /home/ubuntu/ros2_foxy/install/gmock_vendor/src/gmock_vendor/src/gmock-internal-utils.cc
[0.747s] -- Installing: /home/ubuntu/ros2_foxy/install/gmock_vendor/src/gmock_vendor/src/gmock-matchers.cc
[0.748s] -- Installing: /home/ubuntu/ros2_foxy/install/gmock_vendor/src/gmock_vendor/src/gmock-all.cc
[0.749s] -- Installing: /home/ubuntu/ros2_foxy/install/gmock_vendor/src/gmock_vendor/src/gmock-cardinalities.cc
[0.750s] -- Installing: /home/ubuntu/ros2_foxy/install/gmock_vendor/src/gmock_vendor/src/gmock_main.cc
[0.751s] -- Installing: /home/ubuntu/ros2_foxy/install/gmock_vendor/src/gmock_vendor/src/gmock-spec-builders.cc
[0.769s] Invoked command in '/home/ubuntu/ros2_foxy/build/gmock_vendor' returned '0': CMAKE_PREFIX_PATH=/home/ubuntu/ros2_foxy/install/gtest_vendor PKG_CONFIG_PATH=/home/ubuntu/ros2_foxy/install/gtest_vendor/lib/aarch64-linux-gnu/pkgconfig:/home/ubuntu/ros2_foxy/install/gtest_vendor/lib/pkgconfig /usr/bin/cmake --build /home/ubuntu/ros2_foxy/build/gmock_vendor --target install -- -j4 -l4
