[rospy.client][INFO] 2022-03-23 15:10:38,922: init_node, name[/listener], pid[21016]
[xmlrpc][INFO] 2022-03-23 15:10:38,924: XML-RPC server binding to 0.0.0.0:0
[xmlrpc][INFO] 2022-03-23 15:10:38,926: Started XML-RPC server [http://ubuntu:42197/]
[rospy.init][INFO] 2022-03-23 15:10:38,927: ROS Slave URI: [http://ubuntu:42197/]
[rospy.impl.masterslave][INFO] 2022-03-23 15:10:38,928: _ready: http://ubuntu:42197/
[xmlrpc][INFO] 2022-03-23 15:10:38,931: xml rpc node: starting XML-RPC server
[rospy.registration][INFO] 2022-03-23 15:10:38,931: Registering with master node http://localhost:11311
[rospy.init][INFO] 2022-03-23 15:10:39,028: registered with master
[rospy.rosout][INFO] 2022-03-23 15:10:39,029: initializing /rosout core topic
[rospy.rosout][INFO] 2022-03-23 15:10:39,035: connected to core topic /rosout
[rospy.simtime][INFO] 2022-03-23 15:10:39,038: /use_sim_time is not set, will not subscribe to simulated time [/clock] topic
[rospy.internal][INFO] 2022-03-23 15:10:39,104: topic[/video/click] adding connection to [http://ubuntu:45631/], count 0
[rospy.internal][INFO] 2022-03-23 15:10:39,325: topic[/rosout] adding connection to [/rosout], count 0
[rospy.internal][INFO] 2022-03-23 15:11:43,152: topic[/video/click] adding connection to [http://ubuntu:44453/], count 1
[rospy.core][INFO] 2022-03-23 15:28:46,036: signal_shutdown [signal-2]
[rospy.internal][WARNING] 2022-03-23 15:28:46,043: Unknown error initiating TCP/IP socket to ubuntu:44569 (http://ubuntu:45631/): Traceback (most recent call last):
  File "/opt/ros/melodic/lib/python2.7/dist-packages/rospy/impl/tcpros_base.py", line 562, in connect
    self.read_header()
  File "/opt/ros/melodic/lib/python2.7/dist-packages/rospy/impl/tcpros_base.py", line 657, in read_header
    self._validate_header(read_ros_handshake_header(sock, self.read_buff, self.protocol.buff_size))
  File "/opt/ros/melodic/lib/python2.7/dist-packages/rosgraph/network.py", line 357, in read_ros_handshake_header
    d = sock.recv(buff_size)
error: [Errno 104] Connection reset by peer

[rospy.internal][INFO] 2022-03-23 15:28:46,045: topic[/rosout] removing connection to /rosout
[rospy.internal][INFO] 2022-03-23 15:28:46,046: topic[/video/click] removing connection to http://ubuntu:45631/
[rospy.internal][INFO] 2022-03-23 15:28:46,047: topic[/video/click] removing connection to http://ubuntu:44453/
[rospy.internal][WARNING] 2022-03-23 15:28:46,048: Unknown error initiating TCP/IP socket to ubuntu:33247 (http://ubuntu:44453/): Traceback (most recent call last):
  File "/opt/ros/melodic/lib/python2.7/dist-packages/rospy/impl/tcpros_base.py", line 560, in connect
    self.socket.connect((dest_addr, dest_port))
AttributeError: 'NoneType' object has no attribute 'connect'

[rospy.impl.masterslave][INFO] 2022-03-23 15:28:46,048: signal-2
[rospy.core][INFO] 2022-03-23 15:28:46,181: signal_shutdown [atexit]
[rospy.client][INFO] 2022-03-23 15:33:46,046: init_node, name[/listener], pid[15122]
[xmlrpc][INFO] 2022-03-23 15:33:46,048: XML-RPC server binding to 0.0.0.0:0
[rospy.init][INFO] 2022-03-23 15:33:46,051: ROS Slave URI: [http://ubuntu:41041/]
[xmlrpc][INFO] 2022-03-23 15:33:46,052: Started XML-RPC server [http://ubuntu:41041/]
[rospy.impl.masterslave][INFO] 2022-03-23 15:33:46,053: _ready: http://ubuntu:41041/
[xmlrpc][INFO] 2022-03-23 15:33:46,054: xml rpc node: starting XML-RPC server
[rospy.registration][INFO] 2022-03-23 15:33:46,056: Registering with master node http://localhost:11311
[rospy.init][INFO] 2022-03-23 15:33:46,152: registered with master
[rospy.rosout][INFO] 2022-03-23 15:33:46,153: initializing /rosout core topic
[rospy.rosout][INFO] 2022-03-23 15:33:46,159: connected to core topic /rosout
[rospy.simtime][INFO] 2022-03-23 15:33:46,162: /use_sim_time is not set, will not subscribe to simulated time [/clock] topic
[rospy.internal][INFO] 2022-03-23 15:33:46,242: topic[/video/click] adding connection to [http://ubuntu:44453/], count 0
[rospy.internal][INFO] 2022-03-23 15:33:46,252: topic[/video/click] adding connection to [http://ubuntu:39559/], count 1
[rospy.internal][INFO] 2022-03-23 15:33:46,423: topic[/rosout] adding connection to [/rosout], count 0
[rospy.core][INFO] 2022-03-23 15:33:54,686: signal_shutdown [signal-2]
[rospy.internal][INFO] 2022-03-23 15:33:54,696: topic[/rosout] removing connection to /rosout
[rospy.internal][INFO] 2022-03-23 15:33:54,697: topic[/video/click] removing connection to http://ubuntu:44453/
[rospy.internal][WARNING] 2022-03-23 15:33:54,697: Unknown error initiating TCP/IP socket to ubuntu:39363 (http://ubuntu:39559/): Traceback (most recent call last):
  File "/opt/ros/melodic/lib/python2.7/dist-packages/rospy/impl/tcpros_base.py", line 560, in connect
    self.socket.connect((dest_addr, dest_port))
  File "/usr/lib/python2.7/socket.py", line 228, in meth
    return getattr(self._sock,name)(*args)
error: [Errno 111] Connection refused

[rospy.internal][INFO] 2022-03-23 15:33:54,698: topic[/video/click] removing connection to http://ubuntu:39559/
[rospy.impl.masterslave][INFO] 2022-03-23 15:33:54,699: signal-2
[rospy.core][INFO] 2022-03-23 15:33:54,803: signal_shutdown [atexit]
[rospy.client][INFO] 2022-03-23 15:34:59,571: init_node, name[/listener], pid[16302]
[xmlrpc][INFO] 2022-03-23 15:34:59,574: XML-RPC server binding to 0.0.0.0:0
[rospy.init][INFO] 2022-03-23 15:34:59,576: ROS Slave URI: [http://ubuntu:45399/]
[xmlrpc][INFO] 2022-03-23 15:34:59,577: Started XML-RPC server [http://ubuntu:45399/]
[rospy.impl.masterslave][INFO] 2022-03-23 15:34:59,577: _ready: http://ubuntu:45399/
[rospy.registration][INFO] 2022-03-23 15:34:59,596: Registering with master node http://localhost:11311
[xmlrpc][INFO] 2022-03-23 15:34:59,597: xml rpc node: starting XML-RPC server
[rospy.init][INFO] 2022-03-23 15:34:59,677: registered with master
[rospy.rosout][INFO] 2022-03-23 15:34:59,678: initializing /rosout core topic
[rospy.rosout][INFO] 2022-03-23 15:34:59,697: connected to core topic /rosout
[rospy.simtime][INFO] 2022-03-23 15:34:59,701: /use_sim_time is not set, will not subscribe to simulated time [/clock] topic
[rospy.internal][INFO] 2022-03-23 15:34:59,756: topic[/video/click] adding connection to [http://ubuntu:44453/], count 0
[rospy.internal][INFO] 2022-03-23 15:34:59,923: topic[/rosout] adding connection to [/rosout], count 0
[rospy.internal][INFO] 2022-03-23 15:35:00,068: topic[/video/click] adding connection to [http://ubuntu:41705/], count 1
[rospy.core][INFO] 2022-03-23 15:41:49,718: signal_shutdown [signal-2]
[rospy.internal][INFO] 2022-03-23 15:41:49,738: topic[/rosout] removing connection to /rosout
[rospy.internal][INFO] 2022-03-23 15:41:49,739: topic[/video/click] removing connection to http://ubuntu:44453/
[rospy.internal][WARNING] 2022-03-23 15:41:49,742: Unknown error initiating TCP/IP socket to ubuntu:39523 (http://ubuntu:41705/): Traceback (most recent call last):
  File "/opt/ros/melodic/lib/python2.7/dist-packages/rospy/impl/tcpros_base.py", line 560, in connect
    self.socket.connect((dest_addr, dest_port))
  File "/usr/lib/python2.7/socket.py", line 228, in meth
    return getattr(self._sock,name)(*args)
error: [Errno 111] Connection refused

[rospy.internal][INFO] 2022-03-23 15:41:49,743: topic[/video/click] removing connection to http://ubuntu:41705/
[rospy.impl.masterslave][INFO] 2022-03-23 15:41:49,744: signal-2
[rospy.core][INFO] 2022-03-23 15:41:49,845: signal_shutdown [atexit]
[rospy.client][INFO] 2022-03-23 15:41:54,946: init_node, name[/listener], pid[22171]
[xmlrpc][INFO] 2022-03-23 15:41:54,948: XML-RPC server binding to 0.0.0.0:0
[rospy.init][INFO] 2022-03-23 15:41:54,951: ROS Slave URI: [http://ubuntu:42299/]
[xmlrpc][INFO] 2022-03-23 15:41:54,952: Started XML-RPC server [http://ubuntu:42299/]
[rospy.impl.masterslave][INFO] 2022-03-23 15:41:54,952: _ready: http://ubuntu:42299/
[xmlrpc][INFO] 2022-03-23 15:41:54,954: xml rpc node: starting XML-RPC server
[rospy.registration][INFO] 2022-03-23 15:41:54,956: Registering with master node http://localhost:11311
[rospy.init][INFO] 2022-03-23 15:41:55,052: registered with master
[rospy.rosout][INFO] 2022-03-23 15:41:55,053: initializing /rosout core topic
[rospy.rosout][INFO] 2022-03-23 15:41:55,062: connected to core topic /rosout
[rospy.simtime][INFO] 2022-03-23 15:41:55,069: /use_sim_time is not set, will not subscribe to simulated time [/clock] topic
[rospy.internal][INFO] 2022-03-23 15:41:55,132: topic[/video/click] adding connection to [http://ubuntu:44453/], count 0
[rospy.internal][INFO] 2022-03-23 15:41:55,197: topic[/video/click] adding connection to [http://ubuntu:38935/], count 1
[rospy.internal][INFO] 2022-03-23 15:41:55,273: topic[/rosout] adding connection to [/rosout], count 0
[rospy.core][INFO] 2022-03-23 15:43:29,247: signal_shutdown [signal-2]
[rospy.internal][INFO] 2022-03-23 15:43:29,254: topic[/rosout] removing connection to /rosout
[rospy.internal][INFO] 2022-03-23 15:43:29,256: topic[/video/click] removing connection to http://ubuntu:44453/
[rospy.internal][INFO] 2022-03-23 15:43:29,257: topic[/video/click] removing connection to http://ubuntu:38935/
[rospy.impl.masterslave][INFO] 2022-03-23 15:43:29,257: signal-2
[rospy.core][INFO] 2022-03-23 15:43:29,374: signal_shutdown [atexit]
[rospy.client][INFO] 2022-03-23 15:43:35,103: init_node, name[/listener], pid[23510]
[xmlrpc][INFO] 2022-03-23 15:43:35,110: XML-RPC server binding to 0.0.0.0:0
[rospy.init][INFO] 2022-03-23 15:43:35,113: ROS Slave URI: [http://ubuntu:41369/]
[xmlrpc][INFO] 2022-03-23 15:43:35,114: Started XML-RPC server [http://ubuntu:41369/]
[rospy.impl.masterslave][INFO] 2022-03-23 15:43:35,115: _ready: http://ubuntu:41369/
[xmlrpc][INFO] 2022-03-23 15:43:35,116: xml rpc node: starting XML-RPC server
[rospy.registration][INFO] 2022-03-23 15:43:35,119: Registering with master node http://localhost:11311
[rospy.init][INFO] 2022-03-23 15:43:35,214: registered with master
[rospy.rosout][INFO] 2022-03-23 15:43:35,215: initializing /rosout core topic
[rospy.rosout][INFO] 2022-03-23 15:43:35,224: connected to core topic /rosout
[rospy.simtime][INFO] 2022-03-23 15:43:35,227: /use_sim_time is not set, will not subscribe to simulated time [/clock] topic
[rospy.internal][INFO] 2022-03-23 15:43:35,292: topic[/video/click] adding connection to [http://ubuntu:44453/], count 0
[rospy.internal][INFO] 2022-03-23 15:43:35,294: topic[/video/click] adding connection to [http://ubuntu:45911/], count 0
[rospy.internal][INFO] 2022-03-23 15:43:35,513: topic[/rosout] adding connection to [/rosout], count 0
[rospy.core][INFO] 2022-03-23 15:44:57,714: signal_shutdown [signal-2]
[rospy.internal][INFO] 2022-03-23 15:44:57,725: topic[/rosout] removing connection to /rosout
[rospy.internal][WARNING] 2022-03-23 15:44:57,734: Unknown error initiating TCP/IP socket to ubuntu:39261 (http://ubuntu:45911/): Traceback (most recent call last):
  File "/opt/ros/melodic/lib/python2.7/dist-packages/rospy/impl/tcpros_base.py", line 560, in connect
    self.socket.connect((dest_addr, dest_port))
  File "/usr/lib/python2.7/socket.py", line 228, in meth
    return getattr(self._sock,name)(*args)
error: [Errno 111] Connection refused

[rospy.internal][INFO] 2022-03-23 15:44:57,735: topic[/video/click] removing connection to http://ubuntu:45911/
[rospy.internal][INFO] 2022-03-23 15:44:57,733: topic[/video/click] removing connection to http://ubuntu:44453/
[rospy.impl.masterslave][INFO] 2022-03-23 15:44:57,739: signal-2
[rospy.core][INFO] 2022-03-23 15:44:57,872: signal_shutdown [atexit]
[rospy.client][INFO] 2022-03-23 15:46:17,026: init_node, name[/listener], pid[25998]
[xmlrpc][INFO] 2022-03-23 15:46:17,037: XML-RPC server binding to 0.0.0.0:0
[xmlrpc][INFO] 2022-03-23 15:46:17,040: Started XML-RPC server [http://ubuntu:39551/]
[rospy.impl.masterslave][INFO] 2022-03-23 15:46:17,041: _ready: http://ubuntu:39551/
[rospy.init][INFO] 2022-03-23 15:46:17,043: ROS Slave URI: [http://ubuntu:39551/]
[xmlrpc][INFO] 2022-03-23 15:46:17,054: xml rpc node: starting XML-RPC server
[rospy.registration][INFO] 2022-03-23 15:46:17,055: Registering with master node http://localhost:11311
[rospy.init][INFO] 2022-03-23 15:46:17,143: registered with master
[rospy.rosout][INFO] 2022-03-23 15:46:17,144: initializing /rosout core topic
[rospy.rosout][INFO] 2022-03-23 15:46:17,151: connected to core topic /rosout
[rospy.simtime][INFO] 2022-03-23 15:46:17,154: /use_sim_time is not set, will not subscribe to simulated time [/clock] topic
[rospy.internal][INFO] 2022-03-23 15:46:17,186: topic[/video/click] adding connection to [http://ubuntu:44453/], count 0
[rospy.internal][INFO] 2022-03-23 15:46:17,217: topic[/video/click] adding connection to [http://ubuntu:35891/], count 1
[rospy.internal][INFO] 2022-03-23 15:46:17,412: topic[/rosout] adding connection to [/rosout], count 0
[rosout][INFO] 2022-03-23 15:46:46,307: --------------------
[rosout][INFO] 2022-03-23 15:46:48,719: --------------------
[rosout][INFO] 2022-03-23 15:46:51,439: --------------------
[rosout][INFO] 2022-03-23 15:46:53,916: --------------------
[rosout][INFO] 2022-03-23 15:46:56,252: --------------------
[rosout][INFO] 2022-03-23 15:46:58,445: --------------------
[rosout][INFO] 2022-03-23 15:47:00,650: --------------------
[rosout][INFO] 2022-03-23 15:47:37,675: --------------------
[rosout][INFO] 2022-03-23 15:47:39,916: --------------------
[rosout][INFO] 2022-03-23 15:47:42,068: --------------------
[rospy.core][INFO] 2022-03-23 15:49:44,178: signal_shutdown [signal-2]
[rospy.internal][INFO] 2022-03-23 15:49:44,193: topic[/rosout] removing connection to /rosout
[rospy.internal][INFO] 2022-03-23 15:49:44,194: topic[/video/click] removing connection to http://ubuntu:44453/
[rospy.internal][INFO] 2022-03-23 15:49:44,197: topic[/video/click] removing connection to http://ubuntu:35891/
[rospy.impl.masterslave][INFO] 2022-03-23 15:49:44,198: signal-2
[rospy.internal][WARNING] 2022-03-23 15:49:44,200: Unknown error initiating TCP/IP socket to ubuntu:33543 (http://ubuntu:35891/): Traceback (most recent call last):
  File "/opt/ros/melodic/lib/python2.7/dist-packages/rospy/impl/tcpros_base.py", line 560, in connect
    self.socket.connect((dest_addr, dest_port))
  File "/usr/lib/python2.7/socket.py", line 228, in meth
    return getattr(self._sock,name)(*args)
error: [Errno 111] Connection refused

[rospy.core][INFO] 2022-03-23 15:49:44,303: signal_shutdown [atexit]
[rospy.client][INFO] 2022-03-23 15:49:50,138: init_node, name[/listener], pid[29326]
[xmlrpc][INFO] 2022-03-23 15:49:50,140: XML-RPC server binding to 0.0.0.0:0
[rospy.init][INFO] 2022-03-23 15:49:50,142: ROS Slave URI: [http://ubuntu:38569/]
[xmlrpc][INFO] 2022-03-23 15:49:50,143: Started XML-RPC server [http://ubuntu:38569/]
[rospy.impl.masterslave][INFO] 2022-03-23 15:49:50,143: _ready: http://ubuntu:38569/
[xmlrpc][INFO] 2022-03-23 15:49:50,144: xml rpc node: starting XML-RPC server
[rospy.registration][INFO] 2022-03-23 15:49:50,153: Registering with master node http://localhost:11311
[rospy.init][INFO] 2022-03-23 15:49:50,243: registered with master
[rospy.rosout][INFO] 2022-03-23 15:49:50,243: initializing /rosout core topic
[rospy.rosout][INFO] 2022-03-23 15:49:50,250: connected to core topic /rosout
[rospy.simtime][INFO] 2022-03-23 15:49:50,253: /use_sim_time is not set, will not subscribe to simulated time [/clock] topic
[rospy.internal][INFO] 2022-03-23 15:49:50,277: topic[/video/click] adding connection to [http://ubuntu:44453/], count 0
[rospy.internal][INFO] 2022-03-23 15:49:50,287: topic[/video/click] adding connection to [http://ubuntu:35737/], count 1
[rospy.internal][INFO] 2022-03-23 15:49:50,493: topic[/rosout] adding connection to [/rosout], count 0
[rosout][INFO] 2022-03-23 15:50:13,470: --------------------
[rosout][INFO] 2022-03-23 15:50:15,594: --------------------
[rosout][INFO] 2022-03-23 15:50:17,944: --------------------
[rosout][INFO] 2022-03-23 15:50:20,001: --------------------
[rosout][INFO] 2022-03-23 15:50:21,893: --------------------
[rosout][INFO] 2022-03-23 15:50:23,860: --------------------
[rosout][INFO] 2022-03-23 15:50:26,088: --------------------
[rosout][INFO] 2022-03-23 15:50:34,733: --------------------
[rospy.core][INFO] 2022-03-23 15:52:02,680: signal_shutdown [signal-2]
[rospy.internal][WARNING] 2022-03-23 15:52:02,696: Unknown error initiating TCP/IP socket to ubuntu:35055 (http://ubuntu:35737/): Traceback (most recent call last):
  File "/opt/ros/melodic/lib/python2.7/dist-packages/rospy/impl/tcpros_base.py", line 560, in connect
    self.socket.connect((dest_addr, dest_port))
  File "/usr/lib/python2.7/socket.py", line 228, in meth
    return getattr(self._sock,name)(*args)
error: [Errno 104] Connection reset by peer

[rospy.internal][INFO] 2022-03-23 15:52:02,697: topic[/video/click] removing connection to http://ubuntu:35737/
[rospy.internal][INFO] 2022-03-23 15:52:02,697: topic[/rosout] removing connection to /rosout
[rospy.internal][INFO] 2022-03-23 15:52:02,700: topic[/video/click] removing connection to http://ubuntu:44453/
[rospy.impl.masterslave][INFO] 2022-03-23 15:52:02,701: signal-2
[rospy.core][INFO] 2022-03-23 15:52:02,802: signal_shutdown [atexit]
[rospy.client][INFO] 2022-03-23 15:52:08,142: init_node, name[/listener], pid[31622]
[xmlrpc][INFO] 2022-03-23 15:52:08,145: XML-RPC server binding to 0.0.0.0:0
[rospy.init][INFO] 2022-03-23 15:52:08,147: ROS Slave URI: [http://ubuntu:43379/]
[xmlrpc][INFO] 2022-03-23 15:52:08,148: Started XML-RPC server [http://ubuntu:43379/]
[rospy.impl.masterslave][INFO] 2022-03-23 15:52:08,149: _ready: http://ubuntu:43379/
[xmlrpc][INFO] 2022-03-23 15:52:08,151: xml rpc node: starting XML-RPC server
[rospy.registration][INFO] 2022-03-23 15:52:08,153: Registering with master node http://localhost:11311
[rospy.init][INFO] 2022-03-23 15:52:08,249: registered with master
[rospy.rosout][INFO] 2022-03-23 15:52:08,250: initializing /rosout core topic
[rospy.rosout][INFO] 2022-03-23 15:52:08,257: connected to core topic /rosout
[rospy.simtime][INFO] 2022-03-23 15:52:08,261: /use_sim_time is not set, will not subscribe to simulated time [/clock] topic
[rospy.internal][INFO] 2022-03-23 15:52:08,328: topic[/video/click] adding connection to [http://ubuntu:44453/], count 0
[rospy.internal][INFO] 2022-03-23 15:52:08,362: topic[/video/click] adding connection to [http://ubuntu:43623/], count 1
[rospy.internal][INFO] 2022-03-23 15:52:08,503: topic[/rosout] adding connection to [/rosout], count 0
[rospy.core][INFO] 2022-03-23 15:52:38,167: signal_shutdown [signal-2]
[rospy.internal][INFO] 2022-03-23 15:52:38,177: topic[/rosout] removing connection to /rosout
[rospy.internal][WARNING] 2022-03-23 15:52:38,178: Unknown error initiating TCP/IP socket to ubuntu:34389 (http://ubuntu:43623/): Traceback (most recent call last):
  File "/opt/ros/melodic/lib/python2.7/dist-packages/rospy/impl/tcpros_base.py", line 562, in connect
    self.read_header()
  File "/opt/ros/melodic/lib/python2.7/dist-packages/rospy/impl/tcpros_base.py", line 657, in read_header
    self._validate_header(read_ros_handshake_header(sock, self.read_buff, self.protocol.buff_size))
  File "/opt/ros/melodic/lib/python2.7/dist-packages/rosgraph/network.py", line 359, in read_ros_handshake_header
    raise ROSHandshakeException("connection from sender terminated before handshake header received. %s bytes were received. Please check sender for additional details."%b.tell())
ROSHandshakeException: connection from sender terminated before handshake header received. 0 bytes were received. Please check sender for additional details.

[rospy.internal][INFO] 2022-03-23 15:52:38,180: topic[/video/click] removing connection to http://ubuntu:43623/
[rospy.internal][INFO] 2022-03-23 15:52:38,181: topic[/video/click] removing connection to http://ubuntu:44453/
[rospy.impl.masterslave][INFO] 2022-03-23 15:52:38,182: signal-2
[rospy.core][INFO] 2022-03-23 15:52:38,299: signal_shutdown [atexit]
[rospy.client][INFO] 2022-03-23 15:53:42,764: init_node, name[/listener], pid[510]
[xmlrpc][INFO] 2022-03-23 15:53:42,766: XML-RPC server binding to 0.0.0.0:0
[rospy.init][INFO] 2022-03-23 15:53:42,768: ROS Slave URI: [http://ubuntu:45221/]
[xmlrpc][INFO] 2022-03-23 15:53:42,769: Started XML-RPC server [http://ubuntu:45221/]
[rospy.impl.masterslave][INFO] 2022-03-23 15:53:42,770: _ready: http://ubuntu:45221/
[xmlrpc][INFO] 2022-03-23 15:53:42,771: xml rpc node: starting XML-RPC server
[rospy.registration][INFO] 2022-03-23 15:53:42,773: Registering with master node http://localhost:11311
[rospy.init][INFO] 2022-03-23 15:53:42,870: registered with master
[rospy.rosout][INFO] 2022-03-23 15:53:42,870: initializing /rosout core topic
[rospy.rosout][INFO] 2022-03-23 15:53:42,877: connected to core topic /rosout
[rospy.simtime][INFO] 2022-03-23 15:53:42,882: /use_sim_time is not set, will not subscribe to simulated time [/clock] topic
[rospy.internal][INFO] 2022-03-23 15:53:42,953: topic[/video/click] adding connection to [http://ubuntu:44453/], count 0
[rospy.internal][INFO] 2022-03-23 15:53:42,958: topic[/video/click] adding connection to [http://ubuntu:40423/], count 1
[rospy.internal][INFO] 2022-03-23 15:53:43,257: topic[/rosout] adding connection to [/rosout], count 0
[rospy.core][INFO] 2022-03-23 16:00:22,157: signal_shutdown [signal-2]
[rospy.internal][INFO] 2022-03-23 16:00:22,164: topic[/rosout] removing connection to /rosout
[rospy.internal][INFO] 2022-03-23 16:00:22,167: topic[/video/click] removing connection to http://ubuntu:44453/
[rospy.internal][INFO] 2022-03-23 16:00:22,169: topic[/video/click] removing connection to http://ubuntu:40423/
[rospy.internal][WARNING] 2022-03-23 16:00:22,170: Unknown error initiating TCP/IP socket to ubuntu:33247 (http://ubuntu:44453/): Traceback (most recent call last):
  File "/opt/ros/melodic/lib/python2.7/dist-packages/rospy/impl/tcpros_base.py", line 563, in connect
    self.local_endpoint = self.socket.getsockname()
AttributeError: 'NoneType' object has no attribute 'getsockname'

[rospy.impl.masterslave][INFO] 2022-03-23 16:00:22,171: signal-2
[rospy.internal][WARNING] 2022-03-23 16:00:22,172: Unknown error initiating TCP/IP socket to ubuntu:39541 (http://ubuntu:40423/): Traceback (most recent call last):
  File "/opt/ros/melodic/lib/python2.7/dist-packages/rospy/impl/tcpros_base.py", line 560, in connect
    self.socket.connect((dest_addr, dest_port))
  File "/usr/lib/python2.7/socket.py", line 228, in meth
    return getattr(self._sock,name)(*args)
error: [Errno 111] Connection refused

[rospy.core][INFO] 2022-03-23 16:00:22,303: signal_shutdown [atexit]
[rospy.client][INFO] 2022-03-23 16:00:27,262: init_node, name[/listener], pid[5895]
[xmlrpc][INFO] 2022-03-23 16:00:27,265: XML-RPC server binding to 0.0.0.0:0
[rospy.init][INFO] 2022-03-23 16:00:27,269: ROS Slave URI: [http://ubuntu:38463/]
[xmlrpc][INFO] 2022-03-23 16:00:27,270: Started XML-RPC server [http://ubuntu:38463/]
[rospy.impl.masterslave][INFO] 2022-03-23 16:00:27,270: _ready: http://ubuntu:38463/
[xmlrpc][INFO] 2022-03-23 16:00:27,272: xml rpc node: starting XML-RPC server
[rospy.registration][INFO] 2022-03-23 16:00:27,275: Registering with master node http://localhost:11311
[rospy.init][INFO] 2022-03-23 16:00:27,370: registered with master
[rospy.rosout][INFO] 2022-03-23 16:00:27,371: initializing /rosout core topic
[rospy.rosout][INFO] 2022-03-23 16:00:27,379: connected to core topic /rosout
[rospy.simtime][INFO] 2022-03-23 16:00:27,382: /use_sim_time is not set, will not subscribe to simulated time [/clock] topic
[rospy.internal][INFO] 2022-03-23 16:00:27,460: topic[/video/click] adding connection to [http://ubuntu:44453/], count 0
[rospy.internal][INFO] 2022-03-23 16:00:27,464: topic[/video/click] adding connection to [http://ubuntu:46483/], count 1
[rospy.internal][INFO] 2022-03-23 16:00:27,532: topic[/rosout] adding connection to [/rosout], count 0
[rosout][INFO] 2022-03-23 16:00:48,044: --------------------
[rosout][INFO] 2022-03-23 16:01:00,210: --------------------
[rospy.core][INFO] 2022-03-23 16:05:07,263: signal_shutdown [signal-2]
[rospy.internal][ERROR] 2022-03-23 16:05:07,284: Unable to initiate TCP/IP socket to ubuntu:34845 (http://ubuntu:46483/): Traceback (most recent call last):
  File "/opt/ros/melodic/lib/python2.7/dist-packages/rospy/impl/tcpros_base.py", line 562, in connect
    self.read_header()
  File "/opt/ros/melodic/lib/python2.7/dist-packages/rospy/impl/tcpros_base.py", line 657, in read_header
    self._validate_header(read_ros_handshake_header(sock, self.read_buff, self.protocol.buff_size))
  File "/opt/ros/melodic/lib/python2.7/dist-packages/rospy/impl/tcpros_base.py", line 600, in _validate_header
    raise TransportInitError("remote error reported: %s"%header['error'])
TransportInitError: remote error reported: node shutting down

[rospy.internal][INFO] 2022-03-23 16:05:07,303: topic[/rosout] removing connection to /rosout
[rospy.internal][INFO] 2022-03-23 16:05:07,304: topic[/video/click] removing connection to http://ubuntu:44453/
[rospy.internal][INFO] 2022-03-23 16:05:07,305: topic[/video/click] removing connection to http://ubuntu:46483/
[rospy.impl.masterslave][INFO] 2022-03-23 16:05:07,307: signal-2
[rospy.core][INFO] 2022-03-23 16:05:07,523: signal_shutdown [atexit]
[rospy.client][INFO] 2022-03-23 16:05:12,136: init_node, name[/listener], pid[10401]
[xmlrpc][INFO] 2022-03-23 16:05:12,137: XML-RPC server binding to 0.0.0.0:0
[xmlrpc][INFO] 2022-03-23 16:05:12,139: Started XML-RPC server [http://ubuntu:42353/]
[rospy.init][INFO] 2022-03-23 16:05:12,140: ROS Slave URI: [http://ubuntu:42353/]
[rospy.impl.masterslave][INFO] 2022-03-23 16:05:12,140: _ready: http://ubuntu:42353/
[xmlrpc][INFO] 2022-03-23 16:05:12,144: xml rpc node: starting XML-RPC server
[rospy.registration][INFO] 2022-03-23 16:05:12,146: Registering with master node http://localhost:11311
[rospy.init][INFO] 2022-03-23 16:05:12,241: registered with master
[rospy.rosout][INFO] 2022-03-23 16:05:12,242: initializing /rosout core topic
[rospy.rosout][INFO] 2022-03-23 16:05:12,256: connected to core topic /rosout
[rospy.simtime][INFO] 2022-03-23 16:05:12,260: /use_sim_time is not set, will not subscribe to simulated time [/clock] topic
[rospy.internal][INFO] 2022-03-23 16:05:12,322: topic[/video/click] adding connection to [http://ubuntu:44453/], count 0
[rospy.internal][INFO] 2022-03-23 16:05:12,325: topic[/video/click] adding connection to [http://ubuntu:43611/], count 1
[rospy.internal][INFO] 2022-03-23 16:05:12,494: topic[/rosout] adding connection to [/rosout], count 0
[rospy.core][INFO] 2022-03-23 16:06:45,071: signal_shutdown [signal-2]
[rospy.internal][INFO] 2022-03-23 16:06:45,088: topic[/rosout] removing connection to /rosout
[rospy.internal][INFO] 2022-03-23 16:06:45,097: topic[/video/click] removing connection to http://ubuntu:44453/
[rospy.internal][INFO] 2022-03-23 16:06:45,098: topic[/video/click] removing connection to http://ubuntu:43611/
[rospy.impl.masterslave][INFO] 2022-03-23 16:06:45,099: signal-2
[rospy.internal][ERROR] 2022-03-23 16:06:45,100: Unable to initiate TCP/IP socket to ubuntu:43355 (http://ubuntu:43611/): Traceback (most recent call last):
  File "/opt/ros/melodic/lib/python2.7/dist-packages/rospy/impl/tcpros_base.py", line 562, in connect
    self.read_header()
  File "/opt/ros/melodic/lib/python2.7/dist-packages/rospy/impl/tcpros_base.py", line 657, in read_header
    self._validate_header(read_ros_handshake_header(sock, self.read_buff, self.protocol.buff_size))
  File "/opt/ros/melodic/lib/python2.7/dist-packages/rospy/impl/tcpros_base.py", line 600, in _validate_header
    raise TransportInitError("remote error reported: %s"%header['error'])
TransportInitError: remote error reported: node shutting down

[rospy.core][INFO] 2022-03-23 16:06:45,204: signal_shutdown [atexit]
[rospy.client][INFO] 2022-03-23 16:06:50,202: init_node, name[/listener], pid[11930]
[xmlrpc][INFO] 2022-03-23 16:06:50,213: XML-RPC server binding to 0.0.0.0:0
[xmlrpc][INFO] 2022-03-23 16:06:50,215: Started XML-RPC server [http://ubuntu:41637/]
[rospy.impl.masterslave][INFO] 2022-03-23 16:06:50,217: _ready: http://ubuntu:41637/
[rospy.init][INFO] 2022-03-23 16:06:50,216: ROS Slave URI: [http://ubuntu:41637/]
[rospy.registration][INFO] 2022-03-23 16:06:50,227: Registering with master node http://localhost:11311
[xmlrpc][INFO] 2022-03-23 16:06:50,227: xml rpc node: starting XML-RPC server
[rospy.init][INFO] 2022-03-23 16:06:50,320: registered with master
[rospy.rosout][INFO] 2022-03-23 16:06:50,320: initializing /rosout core topic
[rospy.rosout][INFO] 2022-03-23 16:06:50,330: connected to core topic /rosout
[rospy.simtime][INFO] 2022-03-23 16:06:50,336: /use_sim_time is not set, will not subscribe to simulated time [/clock] topic
[rospy.internal][INFO] 2022-03-23 16:06:50,418: topic[/video/click] adding connection to [http://ubuntu:44453/], count 0
[rospy.internal][INFO] 2022-03-23 16:06:50,573: topic[/rosout] adding connection to [/rosout], count 0
[rospy.internal][INFO] 2022-03-23 16:06:50,618: topic[/video/click] adding connection to [http://ubuntu:39765/], count 1
[rosout][INFO] 2022-03-23 16:07:27,531: --------------------
[rosout][INFO] 2022-03-23 16:07:49,908: --------------------
[rosout][INFO] 2022-03-23 16:09:51,047: --------------------
[rospy.core][INFO] 2022-03-23 16:12:25,978: signal_shutdown [signal-2]
[rospy.internal][INFO] 2022-03-23 16:12:25,992: topic[/rosout] removing connection to /rosout
[rospy.internal][INFO] 2022-03-23 16:12:25,993: topic[/video/click] removing connection to http://ubuntu:44453/
[rospy.internal][INFO] 2022-03-23 16:12:25,994: topic[/video/click] removing connection to http://ubuntu:39765/
[rospy.impl.masterslave][INFO] 2022-03-23 16:12:25,995: signal-2
[rospy.internal][WARNING] 2022-03-23 16:12:25,998: Unknown error initiating TCP/IP socket to ubuntu:34519 (http://ubuntu:39765/): Traceback (most recent call last):
  File "/opt/ros/melodic/lib/python2.7/dist-packages/rospy/impl/tcpros_base.py", line 560, in connect
    self.socket.connect((dest_addr, dest_port))
  File "/usr/lib/python2.7/socket.py", line 228, in meth
    return getattr(self._sock,name)(*args)
error: [Errno 111] Connection refused

[rospy.core][INFO] 2022-03-23 16:12:26,114: signal_shutdown [atexit]
[rospy.client][INFO] 2022-03-23 16:12:31,282: init_node, name[/listener], pid[17061]
[xmlrpc][INFO] 2022-03-23 16:12:31,285: XML-RPC server binding to 0.0.0.0:0
[rospy.init][INFO] 2022-03-23 16:12:31,287: ROS Slave URI: [http://ubuntu:37853/]
[xmlrpc][INFO] 2022-03-23 16:12:31,288: Started XML-RPC server [http://ubuntu:37853/]
[rospy.impl.masterslave][INFO] 2022-03-23 16:12:31,288: _ready: http://ubuntu:37853/
[xmlrpc][INFO] 2022-03-23 16:12:31,290: xml rpc node: starting XML-RPC server
[rospy.registration][INFO] 2022-03-23 16:12:31,291: Registering with master node http://localhost:11311
[rospy.init][INFO] 2022-03-23 16:12:31,388: registered with master
[rospy.rosout][INFO] 2022-03-23 16:12:31,389: initializing /rosout core topic
[rospy.rosout][INFO] 2022-03-23 16:12:31,397: connected to core topic /rosout
[rospy.simtime][INFO] 2022-03-23 16:12:31,400: /use_sim_time is not set, will not subscribe to simulated time [/clock] topic
[rospy.internal][INFO] 2022-03-23 16:12:31,503: topic[/video/click] adding connection to [http://ubuntu:41741/], count 0
[rospy.internal][INFO] 2022-03-23 16:12:31,583: topic[/video/click] adding connection to [http://ubuntu:44453/], count 1
[rospy.internal][INFO] 2022-03-23 16:12:31,625: topic[/rosout] adding connection to [/rosout], count 0
[rosout][INFO] 2022-03-23 16:13:08,805: --------------------
[rospy.internal][ERROR] 2022-03-23 16:14:56,695: Unable to initiate TCP/IP socket to ubuntu:40207 (http://ubuntu:41741/): Traceback (most recent call last):
  File "/opt/ros/melodic/lib/python2.7/dist-packages/rospy/impl/tcpros_base.py", line 562, in connect
    self.read_header()
  File "/opt/ros/melodic/lib/python2.7/dist-packages/rospy/impl/tcpros_base.py", line 657, in read_header
    self._validate_header(read_ros_handshake_header(sock, self.read_buff, self.protocol.buff_size))
  File "/opt/ros/melodic/lib/python2.7/dist-packages/rospy/impl/tcpros_base.py", line 600, in _validate_header
    raise TransportInitError("remote error reported: %s"%header['error'])
TransportInitError: remote error reported: node shutting down

[rospy.core][INFO] 2022-03-23 16:14:56,717: signal_shutdown [signal-2]
[rospy.internal][INFO] 2022-03-23 16:14:56,733: topic[/rosout] removing connection to /rosout
[rospy.internal][INFO] 2022-03-23 16:14:56,734: topic[/video/click] removing connection to http://ubuntu:41741/
[rospy.internal][INFO] 2022-03-23 16:14:56,735: topic[/video/click] removing connection to http://ubuntu:44453/
[rospy.impl.masterslave][INFO] 2022-03-23 16:14:56,736: signal-2
[rospy.core][INFO] 2022-03-23 16:14:56,876: signal_shutdown [atexit]
[rospy.client][INFO] 2022-03-23 16:15:01,966: init_node, name[/listener], pid[19318]
[xmlrpc][INFO] 2022-03-23 16:15:01,968: XML-RPC server binding to 0.0.0.0:0
[rospy.init][INFO] 2022-03-23 16:15:01,971: ROS Slave URI: [http://ubuntu:37567/]
[xmlrpc][INFO] 2022-03-23 16:15:01,972: Started XML-RPC server [http://ubuntu:37567/]
[rospy.impl.masterslave][INFO] 2022-03-23 16:15:01,973: _ready: http://ubuntu:37567/
[xmlrpc][INFO] 2022-03-23 16:15:01,975: xml rpc node: starting XML-RPC server
[rospy.registration][INFO] 2022-03-23 16:15:01,978: Registering with master node http://localhost:11311
[rospy.init][INFO] 2022-03-23 16:15:02,080: registered with master
[rospy.rosout][INFO] 2022-03-23 16:15:02,080: initializing /rosout core topic
[rospy.rosout][INFO] 2022-03-23 16:15:02,105: connected to core topic /rosout
[rospy.simtime][INFO] 2022-03-23 16:15:02,111: /use_sim_time is not set, will not subscribe to simulated time [/clock] topic
[rospy.internal][INFO] 2022-03-23 16:15:02,174: topic[/video/click] adding connection to [http://ubuntu:44453/], count 0
[rospy.internal][INFO] 2022-03-23 16:15:02,214: topic[/video/click] adding connection to [http://ubuntu:34813/], count 1
[rospy.internal][INFO] 2022-03-23 16:15:02,338: topic[/rosout] adding connection to [/rosout], count 0
[rosout][INFO] 2022-03-23 16:17:58,951: --------------------
[rosout][INFO] 2022-03-23 16:18:00,790: --------------------
[rospy.core][INFO] 2022-03-23 16:22:08,024: signal_shutdown [signal-2]
[rospy.internal][INFO] 2022-03-23 16:22:08,037: topic[/rosout] removing connection to /rosout
[rospy.internal][WARNING] 2022-03-23 16:22:08,045: Unknown error initiating TCP/IP socket to ubuntu:33247 (http://ubuntu:44453/): Traceback (most recent call last):
  File "/opt/ros/melodic/lib/python2.7/dist-packages/rospy/impl/tcpros_base.py", line 563, in connect
    self.local_endpoint = self.socket.getsockname()
AttributeError: 'NoneType' object has no attribute 'getsockname'

[rospy.internal][INFO] 2022-03-23 16:22:08,042: topic[/video/click] removing connection to http://ubuntu:44453/
[rospy.internal][WARNING] 2022-03-23 16:22:08,047: Unknown error initiating TCP/IP socket to ubuntu:35737 (http://ubuntu:34813/): Traceback (most recent call last):
  File "/opt/ros/melodic/lib/python2.7/dist-packages/rospy/impl/tcpros_base.py", line 562, in connect
    self.read_header()
  File "/opt/ros/melodic/lib/python2.7/dist-packages/rospy/impl/tcpros_base.py", line 657, in read_header
    self._validate_header(read_ros_handshake_header(sock, self.read_buff, self.protocol.buff_size))
  File "/opt/ros/melodic/lib/python2.7/dist-packages/rosgraph/network.py", line 359, in read_ros_handshake_header
    raise ROSHandshakeException("connection from sender terminated before handshake header received. %s bytes were received. Please check sender for additional details."%b.tell())
ROSHandshakeException: connection from sender terminated before handshake header received. 0 bytes were received. Please check sender for additional details.

[rospy.internal][INFO] 2022-03-23 16:22:08,047: topic[/video/click] removing connection to http://ubuntu:34813/
[rospy.internal][INFO] 2022-03-23 16:22:08,048: topic[/video/click] removing connection to http://ubuntu:34813/
[rospy.topics][ERROR] 2022-03-23 16:22:08,049: Traceback (most recent call last):
  File "/opt/ros/melodic/lib/python2.7/dist-packages/rospy/topics.py", line 326, in close
    c.close()
  File "/opt/ros/melodic/lib/python2.7/dist-packages/rospy/impl/tcpros_base.py", line 846, in close
    self.socket.close()
AttributeError: 'NoneType' object has no attribute 'close'

[rospy.impl.masterslave][INFO] 2022-03-23 16:22:08,051: signal-2
[rospy.core][INFO] 2022-03-23 16:22:08,668: signal_shutdown [atexit]
[rospy.client][INFO] 2022-03-23 16:22:13,072: init_node, name[/listener], pid[25309]
[xmlrpc][INFO] 2022-03-23 16:22:13,074: XML-RPC server binding to 0.0.0.0:0
[xmlrpc][INFO] 2022-03-23 16:22:13,075: Started XML-RPC server [http://ubuntu:46489/]
[rospy.init][INFO] 2022-03-23 16:22:13,076: ROS Slave URI: [http://ubuntu:46489/]
[rospy.impl.masterslave][INFO] 2022-03-23 16:22:13,076: _ready: http://ubuntu:46489/
[rospy.registration][INFO] 2022-03-23 16:22:13,079: Registering with master node http://localhost:11311
[xmlrpc][INFO] 2022-03-23 16:22:13,079: xml rpc node: starting XML-RPC server
[rospy.init][INFO] 2022-03-23 16:22:13,177: registered with master
[rospy.rosout][INFO] 2022-03-23 16:22:13,178: initializing /rosout core topic
[rospy.rosout][INFO] 2022-03-23 16:22:13,185: connected to core topic /rosout
[rospy.simtime][INFO] 2022-03-23 16:22:13,189: /use_sim_time is not set, will not subscribe to simulated time [/clock] topic
[rospy.internal][INFO] 2022-03-23 16:22:13,253: topic[/video/click] adding connection to [http://ubuntu:43767/], count 0
[rospy.internal][INFO] 2022-03-23 16:22:13,255: topic[/video/click] adding connection to [http://ubuntu:44453/], count 0
[rospy.internal][INFO] 2022-03-23 16:22:13,492: topic[/rosout] adding connection to [/rosout], count 0
[rospy.core][INFO] 2022-03-23 16:22:17,691: signal_shutdown [signal-2]
[rospy.internal][INFO] 2022-03-23 16:22:17,700: topic[/rosout] removing connection to /rosout
[rospy.internal][INFO] 2022-03-23 16:22:17,701: topic[/video/click] removing connection to http://ubuntu:43767/
[rospy.internal][INFO] 2022-03-23 16:22:17,703: topic[/video/click] removing connection to http://ubuntu:44453/
[rospy.impl.masterslave][INFO] 2022-03-23 16:22:17,704: signal-2
[rospy.core][INFO] 2022-03-23 16:22:17,821: signal_shutdown [atexit]
[rospy.client][INFO] 2022-03-23 16:24:02,318: init_node, name[/listener], pid[26740]
[xmlrpc][INFO] 2022-03-23 16:24:02,320: XML-RPC server binding to 0.0.0.0:0
[rospy.init][INFO] 2022-03-23 16:24:02,322: ROS Slave URI: [http://ubuntu:40227/]
[xmlrpc][INFO] 2022-03-23 16:24:02,323: Started XML-RPC server [http://ubuntu:40227/]
[rospy.impl.masterslave][INFO] 2022-03-23 16:24:02,324: _ready: http://ubuntu:40227/
[xmlrpc][INFO] 2022-03-23 16:24:02,325: xml rpc node: starting XML-RPC server
[rospy.registration][INFO] 2022-03-23 16:24:02,327: Registering with master node http://localhost:11311
[rospy.init][INFO] 2022-03-23 16:24:02,423: registered with master
[rospy.rosout][INFO] 2022-03-23 16:24:02,424: initializing /rosout core topic
[rospy.rosout][INFO] 2022-03-23 16:24:02,446: connected to core topic /rosout
[rospy.simtime][INFO] 2022-03-23 16:24:02,450: /use_sim_time is not set, will not subscribe to simulated time [/clock] topic
[rospy.internal][INFO] 2022-03-23 16:24:02,573: topic[/video/click] adding connection to [http://ubuntu:42751/], count 0
[rospy.internal][INFO] 2022-03-23 16:24:02,594: topic[/video/click] adding connection to [http://ubuntu:44453/], count 1
[rospy.internal][INFO] 2022-03-23 16:24:02,673: topic[/rosout] adding connection to [/rosout], count 0
[rospy.core][INFO] 2022-03-23 16:24:20,284: signal_shutdown [signal-2]
[rospy.internal][INFO] 2022-03-23 16:24:20,299: topic[/rosout] removing connection to /rosout
[rospy.internal][INFO] 2022-03-23 16:24:20,301: topic[/video/click] removing connection to http://ubuntu:42751/
[rospy.internal][INFO] 2022-03-23 16:24:20,302: topic[/video/click] removing connection to http://ubuntu:44453/
[rospy.impl.masterslave][INFO] 2022-03-23 16:24:20,303: signal-2
[rospy.internal][WARNING] 2022-03-23 16:24:20,304: Unknown error initiating TCP/IP socket to ubuntu:35201 (http://ubuntu:42751/): Traceback (most recent call last):
  File "/opt/ros/melodic/lib/python2.7/dist-packages/rospy/impl/tcpros_base.py", line 561, in connect
    self.write_header()
  File "/opt/ros/melodic/lib/python2.7/dist-packages/rospy/impl/tcpros_base.py", line 642, in write_header
    self.stat_bytes += write_ros_handshake_header(sock, protocol.get_header_fields())
  File "/opt/ros/melodic/lib/python2.7/dist-packages/rosgraph/network.py", line 417, in write_ros_handshake_header
    sock.sendall(s)
  File "/usr/lib/python2.7/socket.py", line 228, in meth
    return getattr(self._sock,name)(*args)
error: [Errno 104] Connection reset by peer

[rospy.core][INFO] 2022-03-23 16:24:20,407: signal_shutdown [atexit]
[rospy.client][INFO] 2022-03-23 16:25:03,142: init_node, name[/listener], pid[27610]
[xmlrpc][INFO] 2022-03-23 16:25:03,144: XML-RPC server binding to 0.0.0.0:0
[rospy.init][INFO] 2022-03-23 16:25:03,146: ROS Slave URI: [http://ubuntu:46267/]
[xmlrpc][INFO] 2022-03-23 16:25:03,146: Started XML-RPC server [http://ubuntu:46267/]
[rospy.impl.masterslave][INFO] 2022-03-23 16:25:03,147: _ready: http://ubuntu:46267/
[xmlrpc][INFO] 2022-03-23 16:25:03,148: xml rpc node: starting XML-RPC server
[rospy.registration][INFO] 2022-03-23 16:25:03,150: Registering with master node http://localhost:11311
[rospy.init][INFO] 2022-03-23 16:25:03,247: registered with master
[rospy.rosout][INFO] 2022-03-23 16:25:03,248: initializing /rosout core topic
[rospy.rosout][INFO] 2022-03-23 16:25:03,254: connected to core topic /rosout
[rospy.simtime][INFO] 2022-03-23 16:25:03,256: /use_sim_time is not set, will not subscribe to simulated time [/clock] topic
[rospy.internal][INFO] 2022-03-23 16:25:03,323: topic[/video/click] adding connection to [http://ubuntu:44453/], count 0
[rospy.internal][INFO] 2022-03-23 16:25:03,325: topic[/video/click] adding connection to [http://ubuntu:45863/], count 0
[rospy.internal][INFO] 2022-03-23 16:25:03,544: topic[/rosout] adding connection to [/rosout], count 0
[rosout][INFO] 2022-03-23 16:25:36,532: --------------------
[rosout][INFO] 2022-03-23 16:25:38,635: --------------------
[rosout][INFO] 2022-03-23 16:25:47,764: --------------------
[rospy.core][INFO] 2022-03-23 16:34:32,327: signal_shutdown [signal-2]
[rospy.internal][INFO] 2022-03-23 16:34:32,338: topic[/rosout] removing connection to /rosout
[rospy.internal][INFO] 2022-03-23 16:34:32,339: topic[/video/click] removing connection to http://ubuntu:44453/
[rospy.internal][INFO] 2022-03-23 16:34:32,340: topic[/video/click] removing connection to http://ubuntu:45863/
[rospy.impl.masterslave][INFO] 2022-03-23 16:34:32,341: signal-2
[rospy.core][INFO] 2022-03-23 16:34:32,474: signal_shutdown [atexit]
[rospy.client][INFO] 2022-03-23 16:34:36,923: init_node, name[/listener], pid[2172]
[xmlrpc][INFO] 2022-03-23 16:34:36,932: XML-RPC server binding to 0.0.0.0:0
[xmlrpc][INFO] 2022-03-23 16:34:36,933: Started XML-RPC server [http://ubuntu:40797/]
[rospy.impl.masterslave][INFO] 2022-03-23 16:34:36,935: _ready: http://ubuntu:40797/
[rospy.init][INFO] 2022-03-23 16:34:36,937: ROS Slave URI: [http://ubuntu:40797/]
[rospy.registration][INFO] 2022-03-23 16:34:36,941: Registering with master node http://localhost:11311
[xmlrpc][INFO] 2022-03-23 16:34:36,943: xml rpc node: starting XML-RPC server
[rospy.init][INFO] 2022-03-23 16:34:37,038: registered with master
[rospy.rosout][INFO] 2022-03-23 16:34:37,039: initializing /rosout core topic
[rospy.rosout][INFO] 2022-03-23 16:34:37,047: connected to core topic /rosout
[rospy.simtime][INFO] 2022-03-23 16:34:37,051: /use_sim_time is not set, will not subscribe to simulated time [/clock] topic
[rospy.internal][INFO] 2022-03-23 16:34:37,126: topic[/video/click] adding connection to [http://ubuntu:44453/], count 0
[rospy.internal][INFO] 2022-03-23 16:34:37,164: topic[/video/click] adding connection to [http://ubuntu:39007/], count 1
[rospy.internal][INFO] 2022-03-23 16:34:37,222: topic[/rosout] adding connection to [/rosout], count 0
[rosout][INFO] 2022-03-23 16:35:22,384: --------------------
[rospy.core][INFO] 2022-03-23 16:40:05,519: signal_shutdown [signal-2]
[rospy.internal][ERROR] 2022-03-23 16:40:05,527: Unable to initiate TCP/IP socket to ubuntu:44003 (http://ubuntu:39007/): Traceback (most recent call last):
  File "/opt/ros/melodic/lib/python2.7/dist-packages/rospy/impl/tcpros_base.py", line 562, in connect
    self.read_header()
  File "/opt/ros/melodic/lib/python2.7/dist-packages/rospy/impl/tcpros_base.py", line 657, in read_header
    self._validate_header(read_ros_handshake_header(sock, self.read_buff, self.protocol.buff_size))
  File "/opt/ros/melodic/lib/python2.7/dist-packages/rospy/impl/tcpros_base.py", line 600, in _validate_header
    raise TransportInitError("remote error reported: %s"%header['error'])
TransportInitError: remote error reported: node shutting down

[rospy.internal][INFO] 2022-03-23 16:40:05,532: topic[/rosout] removing connection to /rosout
[rospy.internal][INFO] 2022-03-23 16:40:05,533: topic[/video/click] removing connection to http://ubuntu:44453/
[rospy.internal][INFO] 2022-03-23 16:40:05,534: topic[/video/click] removing connection to http://ubuntu:39007/
[rospy.impl.masterslave][INFO] 2022-03-23 16:40:05,535: signal-2
[rospy.core][INFO] 2022-03-23 16:40:06,151: signal_shutdown [atexit]
