-- Found ament_cmake_core: 0.9.9 (/home/ubuntu/ros2_foxy/install/ament_cmake_core/share/ament_cmake_core/cmake)
-- Found PythonInterp: /usr/bin/python3 (found suitable version "3.6.9", minimum required is "3") 
-- Using PYTHON_EXECUTABLE: /usr/bin/python3
-- Override CMake install command with custom implementation using symlinks instead of copying resources
-- Configuring done
-- Generating done
-- Build files have been written to: /home/ubuntu/ros2_foxy/build/ament_cmake_export_link_flags
[36mInstall the project...[0m
-- Install configuration: ""
-- Execute custom install script
-- Symlinking: /home/ubuntu/ros2_foxy/install/ament_cmake_export_link_flags/share/ament_index/resource_index/package_run_dependencies/ament_cmake_export_link_flags
-- Symlinking: /home/ubuntu/ros2_foxy/install/ament_cmake_export_link_flags/share/ament_index/resource_index/parent_prefix_path/ament_cmake_export_link_flags
-- Symlinking: /home/ubuntu/ros2_foxy/install/ament_cmake_export_link_flags/share/ament_cmake_export_link_flags/environment/ament_prefix_path.sh
-- Symlinking: /home/ubuntu/ros2_foxy/install/ament_cmake_export_link_flags/share/ament_cmake_export_link_flags/environment/ament_prefix_path.dsv
-- Symlinking: /home/ubuntu/ros2_foxy/install/ament_cmake_export_link_flags/share/ament_cmake_export_link_flags/environment/path.sh
-- Symlinking: /home/ubuntu/ros2_foxy/install/ament_cmake_export_link_flags/share/ament_cmake_export_link_flags/environment/path.dsv
-- Symlinking: /home/ubuntu/ros2_foxy/install/ament_cmake_export_link_flags/share/ament_cmake_export_link_flags/local_setup.bash
-- Symlinking: /home/ubuntu/ros2_foxy/install/ament_cmake_export_link_flags/share/ament_cmake_export_link_flags/local_setup.sh
-- Symlinking: /home/ubuntu/ros2_foxy/install/ament_cmake_export_link_flags/share/ament_cmake_export_link_flags/local_setup.zsh
-- Symlinking: /home/ubuntu/ros2_foxy/install/ament_cmake_export_link_flags/share/ament_cmake_export_link_flags/local_setup.dsv
-- Symlinking: /home/ubuntu/ros2_foxy/install/ament_cmake_export_link_flags/share/ament_cmake_export_link_flags/package.dsv
-- Symlinking: /home/ubuntu/ros2_foxy/install/ament_cmake_export_link_flags/share/ament_index/resource_index/packages/ament_cmake_export_link_flags
-- Symlinking: /home/ubuntu/ros2_foxy/install/ament_cmake_export_link_flags/share/ament_cmake_export_link_flags/cmake/ament_cmake_export_link_flags-extras.cmake
-- Symlinking: /home/ubuntu/ros2_foxy/install/ament_cmake_export_link_flags/share/ament_cmake_export_link_flags/cmake/ament_cmake_export_link_flagsConfig.cmake
-- Symlinking: /home/ubuntu/ros2_foxy/install/ament_cmake_export_link_flags/share/ament_cmake_export_link_flags/cmake/ament_cmake_export_link_flagsConfig-version.cmake
-- Symlinking: /home/ubuntu/ros2_foxy/install/ament_cmake_export_link_flags/share/ament_cmake_export_link_flags/package.xml
-- Symlinking: /home/ubuntu/ros2_foxy/install/ament_cmake_export_link_flags/share/ament_cmake_export_link_flags/cmake/ament_cmake_export_link_flags-extras.cmake.in
-- Symlinking: /home/ubuntu/ros2_foxy/install/ament_cmake_export_link_flags/share/ament_cmake_export_link_flags/cmake/ament_cmake_export_link_flags_package_hook.cmake
-- Symlinking: /home/ubuntu/ros2_foxy/install/ament_cmake_export_link_flags/share/ament_cmake_export_link_flags/cmake/ament_export_link_flags.cmake
