[0.172s] Invoking command in '/home/ubuntu/ros2_foxy/build/ament_cmake_export_link_flags': AMENT_PREFIX_PATH=/home/ubuntu/ros2_foxy/install/ament_cmake_core:/home/ubuntu/ros2_foxy/install/ament_package CMAKE_PREFIX_PATH=/home/ubuntu/ros2_foxy/install/ament_cmake_core PYTHONPATH=/home/ubuntu/ros2_foxy/build/ament_package:/home/ubuntu/ros2_foxy/install/ament_package/lib/python3.6/site-packages /usr/bin/cmake /home/ubuntu/ros2_foxy/src/ament/ament_cmake/ament_cmake_export_link_flags -DAMENT_CMAKE_SYMLINK_INSTALL=1 -DCMAKE_INSTALL_PREFIX=/home/ubuntu/ros2_foxy/install/ament_cmake_export_link_flags
[0.432s] -- Found ament_cmake_core: 0.9.9 (/home/ubuntu/ros2_foxy/install/ament_cmake_core/share/ament_cmake_core/cmake)
[0.891s] -- Found PythonInterp: /usr/bin/python3 (found suitable version "3.6.9", minimum required is "3") 
[0.892s] -- Using PYTHON_EXECUTABLE: /usr/bin/python3
[3.431s] -- Override CMake install command with custom implementation using symlinks instead of copying resources
[4.090s] -- Configuring done
[4.116s] -- Generating done
[4.122s] -- Build files have been written to: /home/ubuntu/ros2_foxy/build/ament_cmake_export_link_flags
[4.148s] Invoked command in '/home/ubuntu/ros2_foxy/build/ament_cmake_export_link_flags' returned '0': AMENT_PREFIX_PATH=/home/ubuntu/ros2_foxy/install/ament_cmake_core:/home/ubuntu/ros2_foxy/install/ament_package CMAKE_PREFIX_PATH=/home/ubuntu/ros2_foxy/install/ament_cmake_core PYTHONPATH=/home/ubuntu/ros2_foxy/build/ament_package:/home/ubuntu/ros2_foxy/install/ament_package/lib/python3.6/site-packages /usr/bin/cmake /home/ubuntu/ros2_foxy/src/ament/ament_cmake/ament_cmake_export_link_flags -DAMENT_CMAKE_SYMLINK_INSTALL=1 -DCMAKE_INSTALL_PREFIX=/home/ubuntu/ros2_foxy/install/ament_cmake_export_link_flags
[4.162s] Invoking command in '/home/ubuntu/ros2_foxy/build/ament_cmake_export_link_flags': AMENT_PREFIX_PATH=/home/ubuntu/ros2_foxy/install/ament_cmake_core:/home/ubuntu/ros2_foxy/install/ament_package CMAKE_PREFIX_PATH=/home/ubuntu/ros2_foxy/install/ament_cmake_core PYTHONPATH=/home/ubuntu/ros2_foxy/build/ament_package:/home/ubuntu/ros2_foxy/install/ament_package/lib/python3.6/site-packages /usr/bin/cmake --build /home/ubuntu/ros2_foxy/build/ament_cmake_export_link_flags -- -j4 -l4
[4.732s] Invoked command in '/home/ubuntu/ros2_foxy/build/ament_cmake_export_link_flags' returned '0': AMENT_PREFIX_PATH=/home/ubuntu/ros2_foxy/install/ament_cmake_core:/home/ubuntu/ros2_foxy/install/ament_package CMAKE_PREFIX_PATH=/home/ubuntu/ros2_foxy/install/ament_cmake_core PYTHONPATH=/home/ubuntu/ros2_foxy/build/ament_package:/home/ubuntu/ros2_foxy/install/ament_package/lib/python3.6/site-packages /usr/bin/cmake --build /home/ubuntu/ros2_foxy/build/ament_cmake_export_link_flags -- -j4 -l4
[5.255s] Invoking command in '/home/ubuntu/ros2_foxy/build/ament_cmake_export_link_flags': AMENT_PREFIX_PATH=/home/ubuntu/ros2_foxy/install/ament_cmake_core:/home/ubuntu/ros2_foxy/install/ament_package CMAKE_PREFIX_PATH=/home/ubuntu/ros2_foxy/install/ament_cmake_core PYTHONPATH=/home/ubuntu/ros2_foxy/build/ament_package:/home/ubuntu/ros2_foxy/install/ament_package/lib/python3.6/site-packages /usr/bin/cmake --build /home/ubuntu/ros2_foxy/build/ament_cmake_export_link_flags --target install -- -j4 -l4
[5.844s] [36mInstall the project...[0m
[5.940s] -- Install configuration: ""
[5.944s] -- Execute custom install script
[5.956s] -- Symlinking: /home/ubuntu/ros2_foxy/install/ament_cmake_export_link_flags/share/ament_index/resource_index/package_run_dependencies/ament_cmake_export_link_flags
[6.040s] -- Symlinking: /home/ubuntu/ros2_foxy/install/ament_cmake_export_link_flags/share/ament_index/resource_index/parent_prefix_path/ament_cmake_export_link_flags
[6.158s] -- Symlinking: /home/ubuntu/ros2_foxy/install/ament_cmake_export_link_flags/share/ament_cmake_export_link_flags/environment/ament_prefix_path.sh
[6.269s] -- Symlinking: /home/ubuntu/ros2_foxy/install/ament_cmake_export_link_flags/share/ament_cmake_export_link_flags/environment/ament_prefix_path.dsv
[6.405s] -- Symlinking: /home/ubuntu/ros2_foxy/install/ament_cmake_export_link_flags/share/ament_cmake_export_link_flags/environment/path.sh
[6.500s] -- Symlinking: /home/ubuntu/ros2_foxy/install/ament_cmake_export_link_flags/share/ament_cmake_export_link_flags/environment/path.dsv
[6.629s] -- Symlinking: /home/ubuntu/ros2_foxy/install/ament_cmake_export_link_flags/share/ament_cmake_export_link_flags/local_setup.bash
[6.710s] -- Symlinking: /home/ubuntu/ros2_foxy/install/ament_cmake_export_link_flags/share/ament_cmake_export_link_flags/local_setup.sh
[6.792s] -- Symlinking: /home/ubuntu/ros2_foxy/install/ament_cmake_export_link_flags/share/ament_cmake_export_link_flags/local_setup.zsh
[6.979s] -- Symlinking: /home/ubuntu/ros2_foxy/install/ament_cmake_export_link_flags/share/ament_cmake_export_link_flags/local_setup.dsv
[7.108s] -- Symlinking: /home/ubuntu/ros2_foxy/install/ament_cmake_export_link_flags/share/ament_cmake_export_link_flags/package.dsv
[7.199s] -- Symlinking: /home/ubuntu/ros2_foxy/install/ament_cmake_export_link_flags/share/ament_index/resource_index/packages/ament_cmake_export_link_flags
[7.278s] -- Symlinking: /home/ubuntu/ros2_foxy/install/ament_cmake_export_link_flags/share/ament_cmake_export_link_flags/cmake/ament_cmake_export_link_flags-extras.cmake
[7.406s] -- Symlinking: /home/ubuntu/ros2_foxy/install/ament_cmake_export_link_flags/share/ament_cmake_export_link_flags/cmake/ament_cmake_export_link_flagsConfig.cmake
[7.524s] -- Symlinking: /home/ubuntu/ros2_foxy/install/ament_cmake_export_link_flags/share/ament_cmake_export_link_flags/cmake/ament_cmake_export_link_flagsConfig-version.cmake
[7.647s] -- Symlinking: /home/ubuntu/ros2_foxy/install/ament_cmake_export_link_flags/share/ament_cmake_export_link_flags/package.xml
[7.746s] -- Symlinking: /home/ubuntu/ros2_foxy/install/ament_cmake_export_link_flags/share/ament_cmake_export_link_flags/cmake/ament_cmake_export_link_flags-extras.cmake.in
[7.828s] -- Symlinking: /home/ubuntu/ros2_foxy/install/ament_cmake_export_link_flags/share/ament_cmake_export_link_flags/cmake/ament_cmake_export_link_flags_package_hook.cmake
[7.912s] -- Symlinking: /home/ubuntu/ros2_foxy/install/ament_cmake_export_link_flags/share/ament_cmake_export_link_flags/cmake/ament_export_link_flags.cmake
[8.077s] Invoked command in '/home/ubuntu/ros2_foxy/build/ament_cmake_export_link_flags' returned '0': AMENT_PREFIX_PATH=/home/ubuntu/ros2_foxy/install/ament_cmake_core:/home/ubuntu/ros2_foxy/install/ament_package CMAKE_PREFIX_PATH=/home/ubuntu/ros2_foxy/install/ament_cmake_core PYTHONPATH=/home/ubuntu/ros2_foxy/build/ament_package:/home/ubuntu/ros2_foxy/install/ament_package/lib/python3.6/site-packages /usr/bin/cmake --build /home/ubuntu/ros2_foxy/build/ament_cmake_export_link_flags --target install -- -j4 -l4
