[rospy.client][INFO] 2022-03-11 03:37:12,620: init_node, name[/listener], pid[1099]
[xmlrpc][INFO] 2022-03-11 03:37:12,623: XML-RPC server binding to 0.0.0.0:0
[rospy.init][INFO] 2022-03-11 03:37:12,626: ROS Slave URI: [http://ubuntu:44069/]
[xmlrpc][INFO] 2022-03-11 03:37:12,627: Started XML-RPC server [http://ubuntu:44069/]
[rospy.impl.masterslave][INFO] 2022-03-11 03:37:12,628: _ready: http://ubuntu:44069/
[xmlrpc][INFO] 2022-03-11 03:37:12,630: xml rpc node: starting XML-RPC server
[rospy.registration][INFO] 2022-03-11 03:37:12,631: Registering with master node http://localhost:11311
[rospy.init][INFO] 2022-03-11 03:37:12,727: registered with master
[rospy.rosout][INFO] 2022-03-11 03:37:12,728: initializing /rosout core topic
[rospy.rosout][INFO] 2022-03-11 03:37:12,734: connected to core topic /rosout
[rospy.simtime][INFO] 2022-03-11 03:37:12,736: /use_sim_time is not set, will not subscribe to simulated time [/clock] topic
[rospy.internal][INFO] 2022-03-11 03:37:12,808: topic[/video/click] adding connection to [http://ubuntu:38221/], count 0
[rospy.internal][INFO] 2022-03-11 03:37:12,993: topic[/rosout] adding connection to [/rosout], count 0
[rospy.core][INFO] 2022-03-11 03:41:33,429: signal_shutdown [signal-2]
[rospy.internal][ERROR] 2022-03-11 03:41:33,444: Unable to initiate TCP/IP socket to ubuntu:34539 (http://ubuntu:38221/): Traceback (most recent call last):
  File "/opt/ros/melodic/lib/python2.7/dist-packages/rospy/impl/tcpros_base.py", line 562, in connect
    self.read_header()
  File "/opt/ros/melodic/lib/python2.7/dist-packages/rospy/impl/tcpros_base.py", line 657, in read_header
    self._validate_header(read_ros_handshake_header(sock, self.read_buff, self.protocol.buff_size))
  File "/opt/ros/melodic/lib/python2.7/dist-packages/rospy/impl/tcpros_base.py", line 600, in _validate_header
    raise TransportInitError("remote error reported: %s"%header['error'])
TransportInitError: remote error reported: node shutting down

[rospy.internal][INFO] 2022-03-11 03:41:33,454: topic[/rosout] removing connection to /rosout
[rospy.internal][INFO] 2022-03-11 03:41:33,455: topic[/video/click] removing connection to http://ubuntu:38221/
[rospy.impl.masterslave][INFO] 2022-03-11 03:41:33,455: signal-2
[rospy.core][INFO] 2022-03-11 03:41:33,562: signal_shutdown [atexit]
