[rosmaster.main][INFO] 2022-03-11 03:37:04,961: initialization complete, waiting for shutdown
[rosmaster.main][INFO] 2022-03-11 03:37:04,961: Starting ROS Master Node
[xmlrpc][INFO] 2022-03-11 03:37:04,964: XML-RPC server binding to 0.0.0.0:11311
[xmlrpc][INFO] 2022-03-11 03:37:04,965: Started XML-RPC server [http://ubuntu:11311/]
[rosmaster.master][INFO] 2022-03-11 03:37:04,965: Master initialized: port[11311], uri[http://ubuntu:11311/]
[xmlrpc][INFO] 2022-03-11 03:37:04,965: xml rpc node: starting XML-RPC server
[rosmaster.master][INFO] 2022-03-11 03:37:05,085: +PARAM [/run_id] by /roslaunch
[rosmaster.master][INFO] 2022-03-11 03:37:05,088: +PARAM [/roslaunch/uris/host_ubuntu__37829] by /roslaunch
[rosmaster.master][INFO] 2022-03-11 03:37:05,174: +PARAM [/rosversion] by /roslaunch
[rosmaster.master][INFO] 2022-03-11 03:37:05,174: +PARAM [/rosdistro] by /roslaunch
[rosmaster.master][INFO] 2022-03-11 03:37:05,205: +SERVICE [/rosout/get_loggers] /rosout http://ubuntu:37827/
[rosmaster.master][INFO] 2022-03-11 03:37:05,207: +SERVICE [/rosout/set_logger_level] /rosout http://ubuntu:37827/
[rosmaster.master][INFO] 2022-03-11 03:37:05,209: +PUB [/rosout_agg] /rosout http://ubuntu:37827/
[rosmaster.master][INFO] 2022-03-11 03:37:05,214: +SUB [/rosout] /rosout http://ubuntu:37827/
[rosmaster.master][INFO] 2022-03-11 03:37:11,088: +PUB [/rosout] /link_ros http://ubuntu:34157/
[rosmaster.master][INFO] 2022-03-11 03:37:11,095: +SERVICE [/link_ros/get_loggers] /link_ros http://ubuntu:34157/
[rosmaster.master][INFO] 2022-03-11 03:37:11,097: +SERVICE [/link_ros/set_logger_level] /link_ros http://ubuntu:34157/
[rosmaster.master][INFO] 2022-03-11 03:37:11,177: publisherUpdate[/rosout] -> http://ubuntu:37827/ ['http://ubuntu:34157/']
[rosmaster.master][INFO] 2022-03-11 03:37:11,186: publisherUpdate[/rosout] -> http://ubuntu:37827/ ['http://ubuntu:34157/']: sec=0.01, result=[1, '', 0]
[rosmaster.master][INFO] 2022-03-11 03:37:11,217: +PARAM [/roslaunch/uris/host_ubuntu__35247] by /roslaunch
[rosmaster.master][INFO] 2022-03-11 03:37:11,223: +PARAM [/rosversion] by /roslaunch
[rosmaster.master][INFO] 2022-03-11 03:37:11,224: +PARAM [/rosdistro] by /roslaunch
[rosmaster.master][INFO] 2022-03-11 03:37:12,710: +PUB [/video/click] /talker http://ubuntu:38221/
[rosmaster.master][INFO] 2022-03-11 03:37:12,732: +PUB [/rosout] /listener http://ubuntu:44069/
[rosmaster.master][INFO] 2022-03-11 03:37:12,740: +SERVICE [/listener/get_loggers] /listener http://ubuntu:44069/
[rosmaster.master][INFO] 2022-03-11 03:37:12,742: +SERVICE [/listener/set_logger_level] /listener http://ubuntu:44069/
[rosmaster.master][INFO] 2022-03-11 03:37:12,749: +SUB [/video/click] /listener http://ubuntu:44069/
[rosmaster.master][INFO] 2022-03-11 03:37:12,781: publisherUpdate[/rosout] -> http://ubuntu:37827/ ['http://ubuntu:34157/', 'http://ubuntu:44069/']
[rosmaster.master][INFO] 2022-03-11 03:37:12,788: publisherUpdate[/rosout] -> http://ubuntu:37827/ ['http://ubuntu:34157/', 'http://ubuntu:44069/']: sec=0.01, result=[1, '', 0]
[rosmaster.master][INFO] 2022-03-11 03:37:12,808: +PUB [/rosout] /talker http://ubuntu:38221/
[rosmaster.master][INFO] 2022-03-11 03:37:12,814: +SERVICE [/talker/get_loggers] /talker http://ubuntu:38221/
[rosmaster.master][INFO] 2022-03-11 03:37:12,818: +SERVICE [/talker/set_logger_level] /talker http://ubuntu:38221/
[rosmaster.master][INFO] 2022-03-11 03:37:12,882: publisherUpdate[/rosout] -> http://ubuntu:37827/ ['http://ubuntu:34157/', 'http://ubuntu:44069/', 'http://ubuntu:38221/']
[rosmaster.master][INFO] 2022-03-11 03:37:12,889: publisherUpdate[/rosout] -> http://ubuntu:37827/ ['http://ubuntu:34157/', 'http://ubuntu:44069/', 'http://ubuntu:38221/']: sec=0.01, result=[1, '', 0]
[rosmaster.master][INFO] 2022-03-11 03:37:13,423: +PUB [/image_raw] /webcam http://ubuntu:37305/
[rosmaster.master][INFO] 2022-03-11 03:37:13,520: +PUB [/rosout] /webcam http://ubuntu:37305/
[rosmaster.master][INFO] 2022-03-11 03:37:13,529: +SERVICE [/webcam/get_loggers] /webcam http://ubuntu:37305/
[rosmaster.master][INFO] 2022-03-11 03:37:13,532: +SERVICE [/webcam/set_logger_level] /webcam http://ubuntu:37305/
[rosmaster.master][INFO] 2022-03-11 03:37:13,591: publisherUpdate[/rosout] -> http://ubuntu:37827/ ['http://ubuntu:34157/', 'http://ubuntu:44069/', 'http://ubuntu:38221/', 'http://ubuntu:37305/']
[rosmaster.master][INFO] 2022-03-11 03:37:13,598: publisherUpdate[/rosout] -> http://ubuntu:37827/ ['http://ubuntu:34157/', 'http://ubuntu:44069/', 'http://ubuntu:38221/', 'http://ubuntu:37305/']: sec=0.01, result=[1, '', 0]
[rosmaster.master][INFO] 2022-03-11 03:37:13,770: +CACHEDPARAM [/rosout_disable_topics_generation] by /link_ros
[rosmaster.master][INFO] 2022-03-11 03:37:13,773: +CACHEDPARAM [/rosout/omit_topics] by /rosout
[rosmaster.master][INFO] 2022-03-11 03:37:13,784: +SUB [/rosout_agg] /link_ros http://ubuntu:34157/
[rosmaster.master][INFO] 2022-03-11 03:37:13,836: +CACHEDPARAM [/rosout_disable_topics_generation] by /link_ros
[rosmaster.master][INFO] 2022-03-11 03:37:13,842: +SUB [/video/click] /link_ros http://ubuntu:34157/
[rosmaster.master][INFO] 2022-03-11 03:37:13,852: +CACHEDPARAM [/rosout_disable_topics_generation] by /link_ros
[rosmaster.master][INFO] 2022-03-11 03:37:13,860: +SUB [/image_raw] /link_ros http://ubuntu:34157/
[rosmaster.master][INFO] 2022-03-11 03:37:14,789: +CACHEDPARAM [/rosout_disable_topics_generation] by /link_ros
[rosmaster.master][INFO] 2022-03-11 03:37:14,796: +SERVICE [/link_ros/tf2_frames] /link_ros http://ubuntu:34157/
[rosmaster.master][INFO] 2022-03-11 03:37:14,800: +SUB [/tf] /link_ros http://ubuntu:34157/
[rosmaster.master][INFO] 2022-03-11 03:37:14,804: +SUB [/tf_static] /link_ros http://ubuntu:34157/
[rosmaster.master][INFO] 2022-03-11 03:41:33,429: -PUB [/rosout] /talker http://ubuntu:38221/
[rosmaster.master][INFO] 2022-03-11 03:41:33,430: -PUB [/video/click] /talker http://ubuntu:38221/
[rosmaster.master][INFO] 2022-03-11 03:41:33,430: -SERVICE [/talker/get_loggers] /talker rosrpc://ubuntu:34539
[rosmaster.master][INFO] 2022-03-11 03:41:33,434: -SERVICE [/talker/set_logger_level] /talker rosrpc://ubuntu:34539
[rosmaster.master][INFO] 2022-03-11 03:41:33,435: publisherUpdate[/rosout] -> http://ubuntu:37827/ ['http://ubuntu:34157/', 'http://ubuntu:44069/', 'http://ubuntu:37305/']
[rosmaster.master][INFO] 2022-03-11 03:41:33,437: publisherUpdate[/video/click] -> http://ubuntu:44069/ []
[rosmaster.master][INFO] 2022-03-11 03:41:33,438: publisherUpdate[/rosout] -> http://ubuntu:37827/ ['http://ubuntu:34157/', 'http://ubuntu:44069/', 'http://ubuntu:37305/']: sec=0.00, result=[1, '', 0]
[rosmaster.master][INFO] 2022-03-11 03:41:33,446: publisherUpdate[/video/click] -> http://ubuntu:34157/ []
[rosmaster.master][INFO] 2022-03-11 03:41:33,438: -SUB [/video/click] /listener http://ubuntu:44069/
[rosmaster.master][INFO] 2022-03-11 03:41:33,448: -PUB [/rosout] /listener http://ubuntu:44069/
[rosmaster.master][INFO] 2022-03-11 03:41:33,449: -SERVICE [/listener/set_logger_level] /listener rosrpc://ubuntu:36915
[rosmaster.master][INFO] 2022-03-11 03:41:33,450: -SERVICE [/listener/get_loggers] /listener rosrpc://ubuntu:36915
[rosmaster.master][INFO] 2022-03-11 03:41:33,452: -PUB [/rosout] /webcam http://ubuntu:37305/
[rosmaster.master][INFO] 2022-03-11 03:41:33,453: -PUB [/image_raw] /webcam http://ubuntu:37305/
[rosmaster.master][INFO] 2022-03-11 03:41:33,454: -SERVICE [/webcam/get_loggers] /webcam rosrpc://ubuntu:38843
[rosmaster.master][INFO] 2022-03-11 03:41:33,455: -SERVICE [/webcam/set_logger_level] /webcam rosrpc://ubuntu:38843
[rosmaster.master][INFO] 2022-03-11 03:41:33,458: publisherUpdate[/video/click] -> http://ubuntu:34157/ []: sec=0.01, result=[1, '', 0]
[rosmaster.master][INFO] 2022-03-11 03:41:33,459: publisherUpdate[/rosout] -> http://ubuntu:37827/ ['http://ubuntu:34157/', 'http://ubuntu:37305/']
[rosmaster.master][INFO] 2022-03-11 03:41:33,461: publisherUpdate[/rosout] -> http://ubuntu:37827/ ['http://ubuntu:34157/', 'http://ubuntu:37305/']: sec=0.00, result=[1, '', 0]
[rosmaster.master][INFO] 2022-03-11 03:41:33,464: publisherUpdate[/rosout] -> http://ubuntu:37827/ ['http://ubuntu:34157/']
[rosmaster.master][INFO] 2022-03-11 03:41:33,462: publisherUpdate[/video/click] -> http://ubuntu:44069/ []: sec=0.02, exception=[Errno 111] Connection refused
[rosmaster.master][INFO] 2022-03-11 03:41:33,466: publisherUpdate[/rosout] -> http://ubuntu:37827/ ['http://ubuntu:34157/']: sec=0.00, result=[1, '', 0]
[rosmaster.master][INFO] 2022-03-11 03:41:33,467: publisherUpdate[/image_raw] -> http://ubuntu:34157/ []
[rosmaster.master][INFO] 2022-03-11 03:41:33,471: publisherUpdate[/image_raw] -> http://ubuntu:34157/ []: sec=0.00, result=[1, '', 0]
[rosmaster.threadpool][ERROR] 2022-03-11 03:41:33,472: Traceback (most recent call last):
  File "/opt/ros/melodic/lib/python2.7/dist-packages/rosmaster/threadpool.py", line 218, in run
    result = cmd(*args)
  File "/opt/ros/melodic/lib/python2.7/dist-packages/rosmaster/master_api.py", line 210, in publisher_update_task
    ret = xmlrpcapi(api).publisherUpdate('/master', topic, pub_uris)
  File "/usr/lib/python2.7/xmlrpclib.py", line 1243, in __call__
    return self.__send(self.__name, args)
  File "/usr/lib/python2.7/xmlrpclib.py", line 1602, in __request
    verbose=self.__verbose
  File "/usr/lib/python2.7/xmlrpclib.py", line 1283, in request
    return self.single_request(host, handler, request_body, verbose)
  File "/usr/lib/python2.7/xmlrpclib.py", line 1311, in single_request
    self.send_content(h, request_body)
  File "/usr/lib/python2.7/xmlrpclib.py", line 1459, in send_content
    connection.endheaders(request_body)
  File "/usr/lib/python2.7/httplib.py", line 1095, in endheaders
    self._send_output(message_body)
  File "/usr/lib/python2.7/httplib.py", line 898, in _send_output
    self.send(msg)
  File "/usr/lib/python2.7/httplib.py", line 860, in send
    self.connect()
  File "/usr/lib/python2.7/httplib.py", line 837, in connect
    self.timeout, self.source_address)
  File "/usr/lib/python2.7/socket.py", line 575, in create_connection
    raise err
error: [Errno 111] Connection refused

[rosmaster.master][INFO] 2022-03-11 03:41:52,703: -PUB [/rosout_agg] /rosout http://ubuntu:37827/
[rosmaster.master][INFO] 2022-03-11 03:41:52,705: -SUB [/rosout] /rosout http://ubuntu:37827/
[rosmaster.master][INFO] 2022-03-11 03:41:52,707: -SERVICE [/rosout/get_loggers] /rosout rosrpc://ubuntu:41271
[rosmaster.master][INFO] 2022-03-11 03:41:52,709: -SERVICE [/rosout/set_logger_level] /rosout rosrpc://ubuntu:41271
[rosmaster.master][INFO] 2022-03-11 03:41:52,711: -CACHEDPARAM [/rosout/omit_topics] by /rosout
[rosmaster.master][INFO] 2022-03-11 03:41:52,712: publisherUpdate[/rosout_agg] -> http://ubuntu:34157/ []
[rosmaster.master][INFO] 2022-03-11 03:41:52,716: publisherUpdate[/rosout_agg] -> http://ubuntu:34157/ []: sec=0.00, result=[1, '', 0]
[rosmaster.main][INFO] 2022-03-11 03:41:52,787: keyboard interrupt, will exit
[rosmaster.main][INFO] 2022-03-11 03:41:52,788: stopping master...
[rospy.core][INFO] 2022-03-11 03:41:52,789: signal_shutdown [atexit]
