[rospy.client][INFO] 2022-04-07 16:14:52,052: init_node, name[/joystick], pid[1542]
[xmlrpc][INFO] 2022-04-07 16:14:52,060: XML-RPC server binding to 0.0.0.0:0
[xmlrpc][INFO] 2022-04-07 16:14:52,061: Started XML-RPC server [http://ubuntu:43465/]
[rospy.impl.masterslave][INFO] 2022-04-07 16:14:52,062: _ready: http://ubuntu:43465/
[rospy.init][INFO] 2022-04-07 16:14:52,063: ROS Slave URI: [http://ubuntu:43465/]
[rospy.registration][INFO] 2022-04-07 16:14:52,069: Registering with master node http://localhost:11311
[xmlrpc][INFO] 2022-04-07 16:14:52,069: xml rpc node: starting XML-RPC server
[rospy.init][INFO] 2022-04-07 16:14:52,164: registered with master
[rospy.rosout][INFO] 2022-04-07 16:14:52,165: initializing /rosout core topic
[rospy.rosout][INFO] 2022-04-07 16:14:52,176: connected to core topic /rosout
[rospy.simtime][INFO] 2022-04-07 16:14:52,186: /use_sim_time is not set, will not subscribe to simulated time [/clock] topic
[rospy.internal][INFO] 2022-04-07 16:14:52,421: topic[/rosout] adding connection to [/rosout], count 0
[rospy.core][INFO] 2022-04-07 16:18:38,573: signal_shutdown [signal-2]
[rospy.internal][INFO] 2022-04-07 16:18:38,601: topic[/rosout] removing connection to /rosout
[rospy.impl.masterslave][INFO] 2022-04-07 16:18:38,602: signal-2
[rospy.core][INFO] 2022-04-07 16:18:39,222: signal_shutdown [atexit]
[rospy.client][INFO] 2022-04-07 16:18:44,622: init_node, name[/joystick], pid[6994]
[xmlrpc][INFO] 2022-04-07 16:18:44,623: XML-RPC server binding to 0.0.0.0:0
[xmlrpc][INFO] 2022-04-07 16:18:44,626: Started XML-RPC server [http://ubuntu:37619/]
[rospy.init][INFO] 2022-04-07 16:18:44,626: ROS Slave URI: [http://ubuntu:37619/]
[rospy.impl.masterslave][INFO] 2022-04-07 16:18:44,627: _ready: http://ubuntu:37619/
[rospy.registration][INFO] 2022-04-07 16:18:44,630: Registering with master node http://localhost:11311
[xmlrpc][INFO] 2022-04-07 16:18:44,631: xml rpc node: starting XML-RPC server
[rospy.init][INFO] 2022-04-07 16:18:44,728: registered with master
[rospy.rosout][INFO] 2022-04-07 16:18:44,729: initializing /rosout core topic
[rospy.rosout][INFO] 2022-04-07 16:18:44,746: connected to core topic /rosout
[rospy.simtime][INFO] 2022-04-07 16:18:44,751: /use_sim_time is not set, will not subscribe to simulated time [/clock] topic
[rospy.internal][INFO] 2022-04-07 16:18:45,009: topic[/rosout] adding connection to [/rosout], count 0
[rospy.core][INFO] 2022-04-07 16:19:20,461: signal_shutdown [signal-2]
[rospy.internal][INFO] 2022-04-07 16:19:20,484: topic[/rosout] removing connection to /rosout
[rospy.impl.masterslave][INFO] 2022-04-07 16:19:20,489: signal-2
[rospy.core][INFO] 2022-04-07 16:19:20,591: signal_shutdown [atexit]
[rospy.client][INFO] 2022-04-07 16:19:36,522: init_node, name[/joystick], pid[8105]
[xmlrpc][INFO] 2022-04-07 16:19:36,525: XML-RPC server binding to 0.0.0.0:0
[xmlrpc][INFO] 2022-04-07 16:19:36,526: Started XML-RPC server [http://ubuntu:44033/]
[rospy.init][INFO] 2022-04-07 16:19:36,526: ROS Slave URI: [http://ubuntu:44033/]
[rospy.impl.masterslave][INFO] 2022-04-07 16:19:36,527: _ready: http://ubuntu:44033/
[rospy.registration][INFO] 2022-04-07 16:19:36,534: Registering with master node http://localhost:11311
[xmlrpc][INFO] 2022-04-07 16:19:36,535: xml rpc node: starting XML-RPC server
[rospy.init][INFO] 2022-04-07 16:19:36,628: registered with master
[rospy.rosout][INFO] 2022-04-07 16:19:36,629: initializing /rosout core topic
[rospy.rosout][INFO] 2022-04-07 16:19:36,635: connected to core topic /rosout
[rospy.simtime][INFO] 2022-04-07 16:19:36,638: /use_sim_time is not set, will not subscribe to simulated time [/clock] topic
[rospy.internal][INFO] 2022-04-07 16:19:36,912: topic[/rosout] adding connection to [/rosout], count 0
[rospy.core][INFO] 2022-04-07 16:20:06,628: signal_shutdown [signal-2]
[rospy.internal][INFO] 2022-04-07 16:20:06,647: topic[/rosout] removing connection to /rosout
[rospy.impl.masterslave][INFO] 2022-04-07 16:20:06,648: signal-2
[rospy.core][INFO] 2022-04-07 16:20:07,273: signal_shutdown [atexit]
[rospy.client][INFO] 2022-04-07 16:20:38,798: init_node, name[/joystick], pid[9298]
[xmlrpc][INFO] 2022-04-07 16:20:38,800: XML-RPC server binding to 0.0.0.0:0
[rospy.init][INFO] 2022-04-07 16:20:38,803: ROS Slave URI: [http://ubuntu:40745/]
[xmlrpc][INFO] 2022-04-07 16:20:38,804: Started XML-RPC server [http://ubuntu:40745/]
[rospy.impl.masterslave][INFO] 2022-04-07 16:20:38,805: _ready: http://ubuntu:40745/
[xmlrpc][INFO] 2022-04-07 16:20:38,807: xml rpc node: starting XML-RPC server
[rospy.registration][INFO] 2022-04-07 16:20:38,810: Registering with master node http://localhost:11311
[rospy.init][INFO] 2022-04-07 16:20:38,904: registered with master
[rospy.rosout][INFO] 2022-04-07 16:20:38,905: initializing /rosout core topic
[rospy.rosout][INFO] 2022-04-07 16:20:38,916: connected to core topic /rosout
[rospy.simtime][INFO] 2022-04-07 16:20:38,922: /use_sim_time is not set, will not subscribe to simulated time [/clock] topic
[rospy.internal][INFO] 2022-04-07 16:20:39,160: topic[/rosout] adding connection to [/rosout], count 0
[rospy.core][INFO] 2022-04-07 16:21:25,703: signal_shutdown [signal-2]
[rospy.internal][INFO] 2022-04-07 16:21:25,733: topic[/rosout] removing connection to /rosout
[rospy.impl.masterslave][INFO] 2022-04-07 16:21:25,734: signal-2
[rospy.core][INFO] 2022-04-07 16:21:26,354: signal_shutdown [atexit]
[rospy.client][INFO] 2022-04-07 16:22:25,653: init_node, name[/joystick], pid[11179]
[xmlrpc][INFO] 2022-04-07 16:22:25,664: XML-RPC server binding to 0.0.0.0:0
[rospy.init][INFO] 2022-04-07 16:22:25,668: ROS Slave URI: [http://ubuntu:41261/]
[xmlrpc][INFO] 2022-04-07 16:22:25,671: Started XML-RPC server [http://ubuntu:41261/]
[rospy.impl.masterslave][INFO] 2022-04-07 16:22:25,672: _ready: http://ubuntu:41261/
[xmlrpc][INFO] 2022-04-07 16:22:25,678: xml rpc node: starting XML-RPC server
[rospy.registration][INFO] 2022-04-07 16:22:25,680: Registering with master node http://localhost:11311
[rospy.init][INFO] 2022-04-07 16:22:25,772: registered with master
[rospy.rosout][INFO] 2022-04-07 16:22:25,773: initializing /rosout core topic
[rospy.rosout][INFO] 2022-04-07 16:22:25,795: connected to core topic /rosout
[rospy.simtime][INFO] 2022-04-07 16:22:25,802: /use_sim_time is not set, will not subscribe to simulated time [/clock] topic
[rospy.internal][INFO] 2022-04-07 16:22:26,098: topic[/rosout] adding connection to [/rosout], count 0
[rospy.internal][INFO] 2022-04-07 16:22:38,091: topic[/cmd_vel] adding connection to [http://ubuntu:34105/], count 0
[rosout][ERROR] 2022-04-07 16:22:38,277: bad callback: <function joystick_callback at 0xffff9004abd0>
Traceback (most recent call last):
  File "/opt/ros/melodic/lib/python2.7/dist-packages/rospy/topics.py", line 750, in _invoke_callback
    cb(msg)
  File "/home/ubuntu/catkin_ws/src/beginner_tutorials/scripts/joystick.py", line 32, in joystick_callback
    move_motor(y_axis, '5000')
  File "/home/ubuntu/catkin_ws/src/beginner_tutorials/scripts/joystick.py", line 28, in move_motor
    revolutions)
  File "/home/ubuntu/catkin_ws/src/beginner_tutorials/scripts/joystick.py", line 24, in ticcmd
    return subprocess.check_output(['ticcmd'] + list(args))
  File "/usr/lib/python2.7/subprocess.py", line 223, in check_output
    raise CalledProcessError(retcode, cmd, output=output)
CalledProcessError: Command '['ticcmd', '--exit-safe-start', '--step-mode', '1', '-d', '00339700', '--current', '300', '--position', '5000']' returned non-zero exit status 2

[rosout][ERROR] 2022-04-07 16:22:38,406: bad callback: <function joystick_callback at 0xffff9004abd0>
Traceback (most recent call last):
  File "/opt/ros/melodic/lib/python2.7/dist-packages/rospy/topics.py", line 750, in _invoke_callback
    cb(msg)
  File "/home/ubuntu/catkin_ws/src/beginner_tutorials/scripts/joystick.py", line 32, in joystick_callback
    move_motor(y_axis, '5000')
  File "/home/ubuntu/catkin_ws/src/beginner_tutorials/scripts/joystick.py", line 28, in move_motor
    revolutions)
  File "/home/ubuntu/catkin_ws/src/beginner_tutorials/scripts/joystick.py", line 24, in ticcmd
    return subprocess.check_output(['ticcmd'] + list(args))
  File "/usr/lib/python2.7/subprocess.py", line 223, in check_output
    raise CalledProcessError(retcode, cmd, output=output)
CalledProcessError: Command '['ticcmd', '--exit-safe-start', '--step-mode', '1', '-d', '00339700', '--current', '300', '--position', '5000']' returned non-zero exit status 2

[rosout][ERROR] 2022-04-07 16:22:38,545: bad callback: <function joystick_callback at 0xffff9004abd0>
Traceback (most recent call last):
  File "/opt/ros/melodic/lib/python2.7/dist-packages/rospy/topics.py", line 750, in _invoke_callback
    cb(msg)
  File "/home/ubuntu/catkin_ws/src/beginner_tutorials/scripts/joystick.py", line 32, in joystick_callback
    move_motor(y_axis, '5000')
  File "/home/ubuntu/catkin_ws/src/beginner_tutorials/scripts/joystick.py", line 28, in move_motor
    revolutions)
  File "/home/ubuntu/catkin_ws/src/beginner_tutorials/scripts/joystick.py", line 24, in ticcmd
    return subprocess.check_output(['ticcmd'] + list(args))
  File "/usr/lib/python2.7/subprocess.py", line 223, in check_output
    raise CalledProcessError(retcode, cmd, output=output)
CalledProcessError: Command '['ticcmd', '--exit-safe-start', '--step-mode', '1', '-d', '00339700', '--current', '300', '--position', '5000']' returned non-zero exit status 2

[rosout][ERROR] 2022-04-07 16:22:38,655: bad callback: <function joystick_callback at 0xffff9004abd0>
Traceback (most recent call last):
  File "/opt/ros/melodic/lib/python2.7/dist-packages/rospy/topics.py", line 750, in _invoke_callback
    cb(msg)
  File "/home/ubuntu/catkin_ws/src/beginner_tutorials/scripts/joystick.py", line 32, in joystick_callback
    move_motor(y_axis, '5000')
  File "/home/ubuntu/catkin_ws/src/beginner_tutorials/scripts/joystick.py", line 28, in move_motor
    revolutions)
  File "/home/ubuntu/catkin_ws/src/beginner_tutorials/scripts/joystick.py", line 24, in ticcmd
    return subprocess.check_output(['ticcmd'] + list(args))
  File "/usr/lib/python2.7/subprocess.py", line 223, in check_output
    raise CalledProcessError(retcode, cmd, output=output)
CalledProcessError: Command '['ticcmd', '--exit-safe-start', '--step-mode', '1', '-d', '00339700', '--current', '300', '--position', '5000']' returned non-zero exit status 2

[rosout][ERROR] 2022-04-07 16:22:38,780: bad callback: <function joystick_callback at 0xffff9004abd0>
Traceback (most recent call last):
  File "/opt/ros/melodic/lib/python2.7/dist-packages/rospy/topics.py", line 750, in _invoke_callback
    cb(msg)
  File "/home/ubuntu/catkin_ws/src/beginner_tutorials/scripts/joystick.py", line 34, in joystick_callback
    move_motor(y_axis, '-1000')
  File "/home/ubuntu/catkin_ws/src/beginner_tutorials/scripts/joystick.py", line 28, in move_motor
    revolutions)
  File "/home/ubuntu/catkin_ws/src/beginner_tutorials/scripts/joystick.py", line 24, in ticcmd
    return subprocess.check_output(['ticcmd'] + list(args))
  File "/usr/lib/python2.7/subprocess.py", line 223, in check_output
    raise CalledProcessError(retcode, cmd, output=output)
CalledProcessError: Command '['ticcmd', '--exit-safe-start', '--step-mode', '1', '-d', '00339700', '--current', '300', '--position', '-1000']' returned non-zero exit status 2

[rosout][ERROR] 2022-04-07 16:22:41,090: bad callback: <function joystick_callback at 0xffff9004abd0>
Traceback (most recent call last):
  File "/opt/ros/melodic/lib/python2.7/dist-packages/rospy/topics.py", line 750, in _invoke_callback
    cb(msg)
  File "/home/ubuntu/catkin_ws/src/beginner_tutorials/scripts/joystick.py", line 34, in joystick_callback
    move_motor(y_axis, '-1000')
  File "/home/ubuntu/catkin_ws/src/beginner_tutorials/scripts/joystick.py", line 28, in move_motor
    revolutions)
  File "/home/ubuntu/catkin_ws/src/beginner_tutorials/scripts/joystick.py", line 24, in ticcmd
    return subprocess.check_output(['ticcmd'] + list(args))
  File "/usr/lib/python2.7/subprocess.py", line 223, in check_output
    raise CalledProcessError(retcode, cmd, output=output)
CalledProcessError: Command '['ticcmd', '--exit-safe-start', '--step-mode', '1', '-d', '00339700', '--current', '300', '--position', '-1000']' returned non-zero exit status 2

[rospy.core][INFO] 2022-04-07 16:27:09,034: signal_shutdown [signal-2]
[rospy.internal][INFO] 2022-04-07 16:27:09,043: topic[/rosout] removing connection to /rosout
[rospy.internal][INFO] 2022-04-07 16:27:09,044: topic[/cmd_vel] removing connection to http://ubuntu:34105/
[rospy.impl.masterslave][INFO] 2022-04-07 16:27:09,045: signal-2
[rospy.core][INFO] 2022-04-07 16:27:09,669: signal_shutdown [atexit]
[rospy.client][INFO] 2022-04-07 16:28:08,064: init_node, name[/joystick], pid[18745]
[xmlrpc][INFO] 2022-04-07 16:28:08,065: XML-RPC server binding to 0.0.0.0:0
[xmlrpc][INFO] 2022-04-07 16:28:08,066: Started XML-RPC server [http://ubuntu:43089/]
[rospy.init][INFO] 2022-04-07 16:28:08,067: ROS Slave URI: [http://ubuntu:43089/]
[rospy.impl.masterslave][INFO] 2022-04-07 16:28:08,067: _ready: http://ubuntu:43089/
[xmlrpc][INFO] 2022-04-07 16:28:08,069: xml rpc node: starting XML-RPC server
[rospy.registration][INFO] 2022-04-07 16:28:08,070: Registering with master node http://localhost:11311
[rospy.init][INFO] 2022-04-07 16:28:08,168: registered with master
[rospy.rosout][INFO] 2022-04-07 16:28:08,169: initializing /rosout core topic
[rospy.rosout][INFO] 2022-04-07 16:28:08,177: connected to core topic /rosout
[rospy.simtime][INFO] 2022-04-07 16:28:08,180: /use_sim_time is not set, will not subscribe to simulated time [/clock] topic
[rospy.internal][INFO] 2022-04-07 16:28:08,244: topic[/cmd_vel] adding connection to [http://ubuntu:34105/], count 0
[rospy.internal][INFO] 2022-04-07 16:28:08,463: topic[/rosout] adding connection to [/rosout], count 0
