[rospy.client][INFO] 2022-04-07 16:14:51,558: init_node, name[/listener], pid[1535]
[xmlrpc][INFO] 2022-04-07 16:14:51,569: XML-RPC server binding to 0.0.0.0:0
[xmlrpc][INFO] 2022-04-07 16:14:51,596: Started XML-RPC server [http://ubuntu:42503/]
[rospy.init][INFO] 2022-04-07 16:14:51,597: ROS Slave URI: [http://ubuntu:42503/]
[rospy.impl.masterslave][INFO] 2022-04-07 16:14:51,597: _ready: http://ubuntu:42503/
[rospy.registration][INFO] 2022-04-07 16:14:51,605: Registering with master node http://localhost:11311
[xmlrpc][INFO] 2022-04-07 16:14:51,612: xml rpc node: starting XML-RPC server
[rospy.init][INFO] 2022-04-07 16:14:51,699: registered with master
[rospy.rosout][INFO] 2022-04-07 16:14:51,700: initializing /rosout core topic
[rospy.rosout][INFO] 2022-04-07 16:14:51,720: connected to core topic /rosout
[rospy.simtime][INFO] 2022-04-07 16:14:51,725: /use_sim_time is not set, will not subscribe to simulated time [/clock] topic
[rospy.internal][INFO] 2022-04-07 16:14:51,929: topic[/rosout] adding connection to [/rosout], count 0
[rospy.internal][INFO] 2022-04-07 16:14:51,937: topic[/video/click] adding connection to [http://ubuntu:33081/], count 0
[rospy.internal][INFO] 2022-04-07 16:16:52,941: topic[/video/click] adding connection to [http://ubuntu:34105/], count 1
[rosout][ERROR] 2022-04-07 16:16:53,641: bad callback: <function callback at 0xffffb2aa3b50>
Traceback (most recent call last):
  File "/opt/ros/melodic/lib/python2.7/dist-packages/rospy/topics.py", line 750, in _invoke_callback
    cb(msg)
  File "/home/ubuntu/catkin_ws/src/beginner_tutorials/scripts/listener.py", line 35, in callback
    move_motor(y_axis, '10000')
  File "/home/ubuntu/catkin_ws/src/beginner_tutorials/scripts/listener.py", line 26, in move_motor
    ticcmd('--enter-safe-start', '-d', axis, '--halt-and-hold')
  File "/home/ubuntu/catkin_ws/src/beginner_tutorials/scripts/listener.py", line 23, in ticcmd
    return subprocess.check_output(['ticcmd'] + list(args))
  File "/usr/lib/python2.7/subprocess.py", line 223, in check_output
    raise CalledProcessError(retcode, cmd, output=output)
CalledProcessError: Command '['ticcmd', '--enter-safe-start', '-d', '00339700', '--halt-and-hold']' returned non-zero exit status 2

[rosout][ERROR] 2022-04-07 16:18:04,441: bad callback: <function callback at 0xffffb2aa3b50>
Traceback (most recent call last):
  File "/opt/ros/melodic/lib/python2.7/dist-packages/rospy/topics.py", line 750, in _invoke_callback
    cb(msg)
  File "/home/ubuntu/catkin_ws/src/beginner_tutorials/scripts/listener.py", line 33, in callback
    move_motor(y_axis, '-10000')
  File "/home/ubuntu/catkin_ws/src/beginner_tutorials/scripts/listener.py", line 26, in move_motor
    ticcmd('--enter-safe-start', '-d', axis, '--halt-and-hold')
  File "/home/ubuntu/catkin_ws/src/beginner_tutorials/scripts/listener.py", line 23, in ticcmd
    return subprocess.check_output(['ticcmd'] + list(args))
  File "/usr/lib/python2.7/subprocess.py", line 223, in check_output
    raise CalledProcessError(retcode, cmd, output=output)
CalledProcessError: Command '['ticcmd', '--enter-safe-start', '-d', '00339700', '--halt-and-hold']' returned non-zero exit status 2

[rospy.core][INFO] 2022-04-07 16:18:38,584: signal_shutdown [signal-2]
[rospy.internal][INFO] 2022-04-07 16:18:38,596: topic[/rosout] removing connection to /rosout
[rospy.internal][INFO] 2022-04-07 16:18:38,597: topic[/video/click] removing connection to http://ubuntu:33081/
[rospy.internal][INFO] 2022-04-07 16:18:38,598: topic[/video/click] removing connection to http://ubuntu:34105/
[rospy.impl.masterslave][INFO] 2022-04-07 16:18:38,599: signal-2
[rospy.core][INFO] 2022-04-07 16:18:38,747: signal_shutdown [atexit]
[rospy.client][INFO] 2022-04-07 16:18:44,575: init_node, name[/listener], pid[6992]
[xmlrpc][INFO] 2022-04-07 16:18:44,576: XML-RPC server binding to 0.0.0.0:0
[rospy.init][INFO] 2022-04-07 16:18:44,579: ROS Slave URI: [http://ubuntu:36029/]
[xmlrpc][INFO] 2022-04-07 16:18:44,580: Started XML-RPC server [http://ubuntu:36029/]
[rospy.impl.masterslave][INFO] 2022-04-07 16:18:44,580: _ready: http://ubuntu:36029/
[xmlrpc][INFO] 2022-04-07 16:18:44,588: xml rpc node: starting XML-RPC server
[rospy.registration][INFO] 2022-04-07 16:18:44,589: Registering with master node http://localhost:11311
[rospy.init][INFO] 2022-04-07 16:18:44,680: registered with master
[rospy.rosout][INFO] 2022-04-07 16:18:44,680: initializing /rosout core topic
[rospy.rosout][INFO] 2022-04-07 16:18:44,688: connected to core topic /rosout
[rospy.simtime][INFO] 2022-04-07 16:18:44,695: /use_sim_time is not set, will not subscribe to simulated time [/clock] topic
[rospy.internal][INFO] 2022-04-07 16:18:44,768: topic[/video/click] adding connection to [http://ubuntu:34105/], count 0
[rospy.internal][INFO] 2022-04-07 16:18:44,770: topic[/video/click] adding connection to [http://ubuntu:37129/], count 0
[rospy.internal][INFO] 2022-04-07 16:18:44,898: topic[/rosout] adding connection to [/rosout], count 0
[rosout][ERROR] 2022-04-07 16:18:50,195: bad callback: <function callback at 0xffff9fd85b50>
Traceback (most recent call last):
  File "/opt/ros/melodic/lib/python2.7/dist-packages/rospy/topics.py", line 750, in _invoke_callback
    cb(msg)
  File "/home/ubuntu/catkin_ws/src/beginner_tutorials/scripts/listener.py", line 33, in callback
    move_motor(y_axis, '-10000')
  File "/home/ubuntu/catkin_ws/src/beginner_tutorials/scripts/listener.py", line 26, in move_motor
    ticcmd('--enter-safe-start', '-d', axis, '--halt-and-hold')
  File "/home/ubuntu/catkin_ws/src/beginner_tutorials/scripts/listener.py", line 23, in ticcmd
    return subprocess.check_output(['ticcmd'] + list(args))
  File "/usr/lib/python2.7/subprocess.py", line 223, in check_output
    raise CalledProcessError(retcode, cmd, output=output)
CalledProcessError: Command '['ticcmd', '--enter-safe-start', '-d', '00339700', '--halt-and-hold']' returned non-zero exit status 2

[rosout][ERROR] 2022-04-07 16:19:17,795: bad callback: <function callback at 0xffff9fd85b50>
Traceback (most recent call last):
  File "/opt/ros/melodic/lib/python2.7/dist-packages/rospy/topics.py", line 750, in _invoke_callback
    cb(msg)
  File "/home/ubuntu/catkin_ws/src/beginner_tutorials/scripts/listener.py", line 33, in callback
    move_motor(y_axis, '-10000')
  File "/home/ubuntu/catkin_ws/src/beginner_tutorials/scripts/listener.py", line 26, in move_motor
    ticcmd('--enter-safe-start', '-d', axis, '--halt-and-hold')
  File "/home/ubuntu/catkin_ws/src/beginner_tutorials/scripts/listener.py", line 23, in ticcmd
    return subprocess.check_output(['ticcmd'] + list(args))
  File "/usr/lib/python2.7/subprocess.py", line 223, in check_output
    raise CalledProcessError(retcode, cmd, output=output)
CalledProcessError: Command '['ticcmd', '--enter-safe-start', '-d', '00339700', '--halt-and-hold']' returned non-zero exit status 2

[rospy.core][INFO] 2022-04-07 16:19:20,494: signal_shutdown [signal-2]
[rospy.internal][INFO] 2022-04-07 16:19:20,510: topic[/rosout] removing connection to /rosout
[rospy.internal][INFO] 2022-04-07 16:19:20,514: topic[/video/click] removing connection to http://ubuntu:34105/
[rospy.internal][WARNING] 2022-04-07 16:19:20,518: Unknown error initiating TCP/IP socket to ubuntu:46075 (http://ubuntu:37129/): Traceback (most recent call last):
  File "/opt/ros/melodic/lib/python2.7/dist-packages/rospy/impl/tcpros_base.py", line 563, in connect
    self.local_endpoint = self.socket.getsockname()
AttributeError: 'NoneType' object has no attribute 'getsockname'

[rospy.internal][WARNING] 2022-04-07 16:19:20,519: Unknown error initiating TCP/IP socket to ubuntu:43993 (http://ubuntu:34105/): Traceback (most recent call last):
  File "/opt/ros/melodic/lib/python2.7/dist-packages/rospy/impl/tcpros_base.py", line 563, in connect
    self.local_endpoint = self.socket.getsockname()
AttributeError: 'NoneType' object has no attribute 'getsockname'

[rospy.internal][INFO] 2022-04-07 16:19:20,515: topic[/video/click] removing connection to http://ubuntu:37129/
[rospy.impl.masterslave][INFO] 2022-04-07 16:19:20,520: signal-2
[rospy.core][INFO] 2022-04-07 16:19:20,622: signal_shutdown [atexit]
[rospy.client][INFO] 2022-04-07 16:19:36,253: init_node, name[/listener], pid[8103]
[xmlrpc][INFO] 2022-04-07 16:19:36,255: XML-RPC server binding to 0.0.0.0:0
[rospy.init][INFO] 2022-04-07 16:19:36,258: ROS Slave URI: [http://ubuntu:40053/]
[xmlrpc][INFO] 2022-04-07 16:19:36,259: Started XML-RPC server [http://ubuntu:40053/]
[rospy.impl.masterslave][INFO] 2022-04-07 16:19:36,259: _ready: http://ubuntu:40053/
[rospy.registration][INFO] 2022-04-07 16:19:36,281: Registering with master node http://localhost:11311
[xmlrpc][INFO] 2022-04-07 16:19:36,282: xml rpc node: starting XML-RPC server
[rospy.init][INFO] 2022-04-07 16:19:36,359: registered with master
[rospy.rosout][INFO] 2022-04-07 16:19:36,360: initializing /rosout core topic
[rospy.rosout][INFO] 2022-04-07 16:19:36,369: connected to core topic /rosout
[rospy.simtime][INFO] 2022-04-07 16:19:36,373: /use_sim_time is not set, will not subscribe to simulated time [/clock] topic
[rospy.internal][INFO] 2022-04-07 16:19:36,466: topic[/video/click] adding connection to [http://ubuntu:34105/], count 0
[rospy.internal][INFO] 2022-04-07 16:19:36,473: topic[/video/click] adding connection to [http://ubuntu:44857/], count 1
[rospy.internal][INFO] 2022-04-07 16:19:36,611: topic[/rosout] adding connection to [/rosout], count 0
[rosout][ERROR] 2022-04-07 16:19:42,920: bad callback: <function callback at 0xffff84e8bb50>
Traceback (most recent call last):
  File "/opt/ros/melodic/lib/python2.7/dist-packages/rospy/topics.py", line 750, in _invoke_callback
    cb(msg)
  File "/home/ubuntu/catkin_ws/src/beginner_tutorials/scripts/listener.py", line 33, in callback
    move_motor(y_axis, '-10000')
  File "/home/ubuntu/catkin_ws/src/beginner_tutorials/scripts/listener.py", line 26, in move_motor
    ticcmd('--enter-safe-start', '-d', axis, '--halt-and-hold')
  File "/home/ubuntu/catkin_ws/src/beginner_tutorials/scripts/listener.py", line 23, in ticcmd
    return subprocess.check_output(['ticcmd'] + list(args))
  File "/usr/lib/python2.7/subprocess.py", line 223, in check_output
    raise CalledProcessError(retcode, cmd, output=output)
CalledProcessError: Command '['ticcmd', '--enter-safe-start', '-d', '00339700', '--halt-and-hold']' returned non-zero exit status 2

[rospy.core][INFO] 2022-04-07 16:20:06,648: signal_shutdown [signal-2]
[rospy.internal][WARNING] 2022-04-07 16:20:06,658: Unknown error initiating TCP/IP socket to ubuntu:42149 (http://ubuntu:44857/): Traceback (most recent call last):
  File "/opt/ros/melodic/lib/python2.7/dist-packages/rospy/impl/tcpros_base.py", line 562, in connect
    self.read_header()
  File "/opt/ros/melodic/lib/python2.7/dist-packages/rospy/impl/tcpros_base.py", line 657, in read_header
    self._validate_header(read_ros_handshake_header(sock, self.read_buff, self.protocol.buff_size))
  File "/opt/ros/melodic/lib/python2.7/dist-packages/rosgraph/network.py", line 357, in read_ros_handshake_header
    d = sock.recv(buff_size)
error: [Errno 104] Connection reset by peer

[rospy.internal][INFO] 2022-04-07 16:20:06,659: topic[/video/click] removing connection to http://ubuntu:44857/
[rospy.internal][INFO] 2022-04-07 16:20:06,668: topic[/rosout] removing connection to /rosout
[rospy.internal][INFO] 2022-04-07 16:20:06,671: topic[/video/click] removing connection to http://ubuntu:34105/
[rospy.internal][WARNING] 2022-04-07 16:20:06,673: Unknown error initiating TCP/IP socket to ubuntu:43993 (http://ubuntu:34105/): Traceback (most recent call last):
  File "/opt/ros/melodic/lib/python2.7/dist-packages/rospy/impl/tcpros_base.py", line 563, in connect
    self.local_endpoint = self.socket.getsockname()
AttributeError: 'NoneType' object has no attribute 'getsockname'

[rospy.impl.masterslave][INFO] 2022-04-07 16:20:06,672: signal-2
[rospy.core][INFO] 2022-04-07 16:20:06,809: signal_shutdown [atexit]
[rospy.client][INFO] 2022-04-07 16:20:38,635: init_node, name[/listener], pid[9293]
[xmlrpc][INFO] 2022-04-07 16:20:38,638: XML-RPC server binding to 0.0.0.0:0
[rospy.init][INFO] 2022-04-07 16:20:38,642: ROS Slave URI: [http://ubuntu:43645/]
[xmlrpc][INFO] 2022-04-07 16:20:38,643: Started XML-RPC server [http://ubuntu:43645/]
[rospy.impl.masterslave][INFO] 2022-04-07 16:20:38,644: _ready: http://ubuntu:43645/
[rospy.registration][INFO] 2022-04-07 16:20:38,662: Registering with master node http://localhost:11311
[xmlrpc][INFO] 2022-04-07 16:20:38,663: xml rpc node: starting XML-RPC server
[rospy.init][INFO] 2022-04-07 16:20:38,743: registered with master
[rospy.rosout][INFO] 2022-04-07 16:20:38,744: initializing /rosout core topic
[rospy.rosout][INFO] 2022-04-07 16:20:38,768: connected to core topic /rosout
[rospy.simtime][INFO] 2022-04-07 16:20:38,772: /use_sim_time is not set, will not subscribe to simulated time [/clock] topic
[rospy.internal][INFO] 2022-04-07 16:20:38,859: topic[/video/click] adding connection to [http://ubuntu:34105/], count 0
[rospy.internal][INFO] 2022-04-07 16:20:39,046: topic[/rosout] adding connection to [/rosout], count 0
[rospy.internal][INFO] 2022-04-07 16:20:39,075: topic[/video/click] adding connection to [http://ubuntu:44149/], count 1
[rosout][ERROR] 2022-04-07 16:20:44,899: bad callback: <function callback at 0xffffb788ab50>
Traceback (most recent call last):
  File "/opt/ros/melodic/lib/python2.7/dist-packages/rospy/topics.py", line 750, in _invoke_callback
    cb(msg)
  File "/home/ubuntu/catkin_ws/src/beginner_tutorials/scripts/listener.py", line 35, in callback
    move_motor(y_axis, '10000')
  File "/home/ubuntu/catkin_ws/src/beginner_tutorials/scripts/listener.py", line 26, in move_motor
    ticcmd('--enter-safe-start', '-d', axis, '--halt-and-hold')
  File "/home/ubuntu/catkin_ws/src/beginner_tutorials/scripts/listener.py", line 23, in ticcmd
    return subprocess.check_output(['ticcmd'] + list(args))
  File "/usr/lib/python2.7/subprocess.py", line 223, in check_output
    raise CalledProcessError(retcode, cmd, output=output)
CalledProcessError: Command '['ticcmd', '--enter-safe-start', '-d', '00339700', '--halt-and-hold']' returned non-zero exit status 2

[rospy.core][INFO] 2022-04-07 16:21:25,731: signal_shutdown [signal-2]
[rospy.internal][INFO] 2022-04-07 16:21:25,741: topic[/rosout] removing connection to /rosout
[rospy.internal][ERROR] 2022-04-07 16:21:25,743: Unable to initiate TCP/IP socket to ubuntu:34851 (http://ubuntu:44149/): Traceback (most recent call last):
  File "/opt/ros/melodic/lib/python2.7/dist-packages/rospy/impl/tcpros_base.py", line 562, in connect
    self.read_header()
  File "/opt/ros/melodic/lib/python2.7/dist-packages/rospy/impl/tcpros_base.py", line 657, in read_header
    self._validate_header(read_ros_handshake_header(sock, self.read_buff, self.protocol.buff_size))
  File "/opt/ros/melodic/lib/python2.7/dist-packages/rospy/impl/tcpros_base.py", line 600, in _validate_header
    raise TransportInitError("remote error reported: %s"%header['error'])
TransportInitError: remote error reported: node shutting down

[rospy.internal][INFO] 2022-04-07 16:21:25,744: topic[/video/click] removing connection to http://ubuntu:34105/
[rospy.internal][INFO] 2022-04-07 16:21:25,748: topic[/video/click] removing connection to http://ubuntu:44149/
[rospy.impl.masterslave][INFO] 2022-04-07 16:21:25,749: signal-2
[rospy.internal][WARNING] 2022-04-07 16:21:25,747: Unknown error initiating TCP/IP socket to ubuntu:43993 (http://ubuntu:34105/): Traceback (most recent call last):
  File "/opt/ros/melodic/lib/python2.7/dist-packages/rospy/impl/tcpros_base.py", line 563, in connect
    self.local_endpoint = self.socket.getsockname()
AttributeError: 'NoneType' object has no attribute 'getsockname'

[rospy.core][INFO] 2022-04-07 16:21:25,882: signal_shutdown [atexit]
[rospy.client][INFO] 2022-04-07 16:22:25,479: init_node, name[/listener], pid[11177]
[xmlrpc][INFO] 2022-04-07 16:22:25,492: XML-RPC server binding to 0.0.0.0:0
[xmlrpc][INFO] 2022-04-07 16:22:25,493: Started XML-RPC server [http://ubuntu:39011/]
[rospy.impl.masterslave][INFO] 2022-04-07 16:22:25,494: _ready: http://ubuntu:39011/
[rospy.init][INFO] 2022-04-07 16:22:25,496: ROS Slave URI: [http://ubuntu:39011/]
[xmlrpc][INFO] 2022-04-07 16:22:25,508: xml rpc node: starting XML-RPC server
[rospy.registration][INFO] 2022-04-07 16:22:25,510: Registering with master node http://localhost:11311
[rospy.init][INFO] 2022-04-07 16:22:25,600: registered with master
[rospy.rosout][INFO] 2022-04-07 16:22:25,601: initializing /rosout core topic
[rospy.rosout][INFO] 2022-04-07 16:22:25,633: connected to core topic /rosout
[rospy.simtime][INFO] 2022-04-07 16:22:25,651: /use_sim_time is not set, will not subscribe to simulated time [/clock] topic
[rospy.internal][INFO] 2022-04-07 16:22:25,745: topic[/video/click] adding connection to [http://ubuntu:34105/], count 0
[rospy.internal][INFO] 2022-04-07 16:22:25,767: topic[/video/click] adding connection to [http://ubuntu:37031/], count 1
[rospy.internal][INFO] 2022-04-07 16:22:25,922: topic[/rosout] adding connection to [/rosout], count 0
[rosout][ERROR] 2022-04-07 16:22:32,940: bad callback: <function callback at 0xffff804eeb50>
Traceback (most recent call last):
  File "/opt/ros/melodic/lib/python2.7/dist-packages/rospy/topics.py", line 750, in _invoke_callback
    cb(msg)
  File "/home/ubuntu/catkin_ws/src/beginner_tutorials/scripts/listener.py", line 35, in callback
    move_motor(y_axis, '10000')
  File "/home/ubuntu/catkin_ws/src/beginner_tutorials/scripts/listener.py", line 26, in move_motor
    ticcmd('--enter-safe-start', '-d', axis, '--halt-and-hold')
  File "/home/ubuntu/catkin_ws/src/beginner_tutorials/scripts/listener.py", line 23, in ticcmd
    return subprocess.check_output(['ticcmd'] + list(args))
  File "/usr/lib/python2.7/subprocess.py", line 223, in check_output
    raise CalledProcessError(retcode, cmd, output=output)
CalledProcessError: Command '['ticcmd', '--enter-safe-start', '-d', '00339700', '--halt-and-hold']' returned non-zero exit status 2

[rospy.core][INFO] 2022-04-07 16:27:09,039: signal_shutdown [signal-2]
[rospy.internal][INFO] 2022-04-07 16:27:09,048: topic[/rosout] removing connection to /rosout
[rospy.internal][INFO] 2022-04-07 16:27:09,050: topic[/video/click] removing connection to http://ubuntu:34105/
[rospy.internal][INFO] 2022-04-07 16:27:09,051: topic[/video/click] removing connection to http://ubuntu:37031/
[rospy.impl.masterslave][INFO] 2022-04-07 16:27:09,052: signal-2
[rospy.internal][WARNING] 2022-04-07 16:27:09,056: Unknown error initiating TCP/IP socket to ubuntu:43993 (http://ubuntu:34105/): Traceback (most recent call last):
  File "/opt/ros/melodic/lib/python2.7/dist-packages/rospy/impl/tcpros_base.py", line 563, in connect
    self.local_endpoint = self.socket.getsockname()
AttributeError: 'NoneType' object has no attribute 'getsockname'

[rospy.internal][WARNING] 2022-04-07 16:27:09,060: Unknown error initiating TCP/IP socket to ubuntu:43881 (http://ubuntu:37031/): Traceback (most recent call last):
  File "/opt/ros/melodic/lib/python2.7/dist-packages/rospy/impl/tcpros_base.py", line 563, in connect
    self.local_endpoint = self.socket.getsockname()
AttributeError: 'NoneType' object has no attribute 'getsockname'

[rospy.core][INFO] 2022-04-07 16:27:09,671: signal_shutdown [atexit]
[rospy.client][INFO] 2022-04-07 16:28:07,809: init_node, name[/listener], pid[18741]
[xmlrpc][INFO] 2022-04-07 16:28:07,812: XML-RPC server binding to 0.0.0.0:0
[rospy.init][INFO] 2022-04-07 16:28:07,816: ROS Slave URI: [http://ubuntu:35493/]
[xmlrpc][INFO] 2022-04-07 16:28:07,817: Started XML-RPC server [http://ubuntu:35493/]
[rospy.impl.masterslave][INFO] 2022-04-07 16:28:07,818: _ready: http://ubuntu:35493/
[rospy.registration][INFO] 2022-04-07 16:28:07,835: Registering with master node http://localhost:11311
[xmlrpc][INFO] 2022-04-07 16:28:07,835: xml rpc node: starting XML-RPC server
[rospy.init][INFO] 2022-04-07 16:28:07,917: registered with master
[rospy.rosout][INFO] 2022-04-07 16:28:07,918: initializing /rosout core topic
[rospy.rosout][INFO] 2022-04-07 16:28:07,939: connected to core topic /rosout
[rospy.simtime][INFO] 2022-04-07 16:28:07,943: /use_sim_time is not set, will not subscribe to simulated time [/clock] topic
[rospy.internal][INFO] 2022-04-07 16:28:08,031: topic[/video/click] adding connection to [http://ubuntu:34105/], count 0
[rospy.internal][INFO] 2022-04-07 16:28:08,195: topic[/video/click] adding connection to [http://ubuntu:38153/], count 1
[rospy.internal][INFO] 2022-04-07 16:28:08,246: topic[/rosout] adding connection to [/rosout], count 0
[rosout][ERROR] 2022-04-07 16:28:14,652: bad callback: <function callback at 0xffff83d77b50>
Traceback (most recent call last):
  File "/opt/ros/melodic/lib/python2.7/dist-packages/rospy/topics.py", line 750, in _invoke_callback
    cb(msg)
  File "/home/ubuntu/catkin_ws/src/beginner_tutorials/scripts/listener.py", line 35, in callback
    move_motor(y_axis, '10000')
  File "/home/ubuntu/catkin_ws/src/beginner_tutorials/scripts/listener.py", line 26, in move_motor
    ticcmd('--enter-safe-start', '-d', axis, '--halt-and-hold')
  File "/home/ubuntu/catkin_ws/src/beginner_tutorials/scripts/listener.py", line 23, in ticcmd
    return subprocess.check_output(['ticcmd'] + list(args))
  File "/usr/lib/python2.7/subprocess.py", line 223, in check_output
    raise CalledProcessError(retcode, cmd, output=output)
CalledProcessError: Command '['ticcmd', '--enter-safe-start', '-d', '00339700', '--halt-and-hold']' returned non-zero exit status 2

