[rospy.client][INFO] 2022-04-07 16:14:51,732: init_node, name[/talker], pid[1538]
[xmlrpc][INFO] 2022-04-07 16:14:51,772: XML-RPC server binding to 0.0.0.0:0
[xmlrpc][INFO] 2022-04-07 16:14:51,773: Started XML-RPC server [http://ubuntu:33081/]
[rospy.impl.masterslave][INFO] 2022-04-07 16:14:51,775: _ready: http://ubuntu:33081/
[rospy.init][INFO] 2022-04-07 16:14:51,776: ROS Slave URI: [http://ubuntu:33081/]
[xmlrpc][INFO] 2022-04-07 16:14:51,790: xml rpc node: starting XML-RPC server
[rospy.registration][INFO] 2022-04-07 16:14:51,792: Registering with master node http://localhost:11311
[rospy.registration][INFO] 2022-04-07 16:14:51,793: Registering publisher topic [/video/click] type [geometry_msgs/PointStamped] with master
[rospy.init][INFO] 2022-04-07 16:14:51,878: registered with master
[rospy.rosout][INFO] 2022-04-07 16:14:51,879: initializing /rosout core topic
[rospy.rosout][INFO] 2022-04-07 16:14:51,885: connected to core topic /rosout
[rospy.simtime][INFO] 2022-04-07 16:14:51,909: /use_sim_time is not set, will not subscribe to simulated time [/clock] topic
[rospy.internal][INFO] 2022-04-07 16:14:51,976: topic[/video/click] adding connection to [/listener], count 0
[rospy.internal][INFO] 2022-04-07 16:14:52,040: topic[/rosout] adding connection to [/rosout], count 0
[rospy.internal][INFO] 2022-04-07 16:14:53,976: topic[/video/click] adding connection to [/link_ros], count 1
[rospy.core][INFO] 2022-04-07 16:18:38,594: signal_shutdown [signal-2]
[rospy.internal][INFO] 2022-04-07 16:18:38,604: topic[/rosout] removing connection to /rosout
[rospy.internal][INFO] 2022-04-07 16:18:38,605: topic[/video/click] removing connection to /listener
[rospy.internal][INFO] 2022-04-07 16:18:38,610: topic[/video/click] removing connection to /link_ros
[rospy.impl.masterslave][INFO] 2022-04-07 16:18:38,612: signal-2
[rospy.core][INFO] 2022-04-07 16:18:38,718: signal_shutdown [atexit]
[rospy.client][INFO] 2022-04-07 16:18:44,541: init_node, name[/talker], pid[6993]
[xmlrpc][INFO] 2022-04-07 16:18:44,556: XML-RPC server binding to 0.0.0.0:0
[rospy.init][INFO] 2022-04-07 16:18:44,558: ROS Slave URI: [http://ubuntu:37129/]
[xmlrpc][INFO] 2022-04-07 16:18:44,557: Started XML-RPC server [http://ubuntu:37129/]
[rospy.impl.masterslave][INFO] 2022-04-07 16:18:44,568: _ready: http://ubuntu:37129/
[xmlrpc][INFO] 2022-04-07 16:18:44,577: xml rpc node: starting XML-RPC server
[rospy.registration][INFO] 2022-04-07 16:18:44,582: Registering with master node http://localhost:11311
[rospy.registration][INFO] 2022-04-07 16:18:44,583: Registering publisher topic [/video/click] type [geometry_msgs/PointStamped] with master
[rospy.init][INFO] 2022-04-07 16:18:44,660: registered with master
[rospy.rosout][INFO] 2022-04-07 16:18:44,660: initializing /rosout core topic
[rospy.rosout][INFO] 2022-04-07 16:18:44,664: connected to core topic /rosout
[rospy.simtime][INFO] 2022-04-07 16:18:44,672: /use_sim_time is not set, will not subscribe to simulated time [/clock] topic
[rospy.internal][INFO] 2022-04-07 16:18:44,696: topic[/video/click] adding connection to [/link_ros], count 0
[rospy.internal][INFO] 2022-04-07 16:18:44,785: topic[/video/click] adding connection to [/listener], count 1
[rospy.internal][INFO] 2022-04-07 16:18:44,897: topic[/rosout] adding connection to [/rosout], count 0
[rospy.core][INFO] 2022-04-07 16:19:20,490: signal_shutdown [signal-2]
[rospy.internal][INFO] 2022-04-07 16:19:20,504: topic[/rosout] removing connection to /rosout
[rospy.internal][INFO] 2022-04-07 16:19:20,505: topic[/video/click] removing connection to /link_ros
[rospy.internal][INFO] 2022-04-07 16:19:20,506: topic[/video/click] removing connection to /listener
[rospy.impl.masterslave][INFO] 2022-04-07 16:19:20,506: signal-2
[rospy.core][INFO] 2022-04-07 16:19:20,640: signal_shutdown [atexit]
[rospy.client][INFO] 2022-04-07 16:19:36,329: init_node, name[/talker], pid[8104]
[xmlrpc][INFO] 2022-04-07 16:19:36,331: XML-RPC server binding to 0.0.0.0:0
[rospy.init][INFO] 2022-04-07 16:19:36,334: ROS Slave URI: [http://ubuntu:44857/]
[xmlrpc][INFO] 2022-04-07 16:19:36,332: Started XML-RPC server [http://ubuntu:44857/]
[rospy.impl.masterslave][INFO] 2022-04-07 16:19:36,335: _ready: http://ubuntu:44857/
[xmlrpc][INFO] 2022-04-07 16:19:36,337: xml rpc node: starting XML-RPC server
[rospy.registration][INFO] 2022-04-07 16:19:36,340: Registering with master node http://localhost:11311
[rospy.registration][INFO] 2022-04-07 16:19:36,341: Registering publisher topic [/video/click] type [geometry_msgs/PointStamped] with master
[rospy.internal][INFO] 2022-04-07 16:19:36,410: topic[/video/click] adding connection to [/link_ros], count 0
[rospy.init][INFO] 2022-04-07 16:19:36,435: registered with master
[rospy.rosout][INFO] 2022-04-07 16:19:36,435: initializing /rosout core topic
[rospy.rosout][INFO] 2022-04-07 16:19:36,440: connected to core topic /rosout
[rospy.simtime][INFO] 2022-04-07 16:19:36,443: /use_sim_time is not set, will not subscribe to simulated time [/clock] topic
[rospy.internal][INFO] 2022-04-07 16:19:36,488: topic[/video/click] adding connection to [/listener], count 1
[rospy.internal][INFO] 2022-04-07 16:19:36,618: topic[/rosout] adding connection to [/rosout], count 0
[rospy.core][INFO] 2022-04-07 16:20:06,618: signal_shutdown [signal-2]
[rospy.internal][INFO] 2022-04-07 16:20:06,649: topic[/rosout] removing connection to /rosout
[rospy.internal][INFO] 2022-04-07 16:20:06,650: topic[/video/click] removing connection to /link_ros
[rospy.internal][INFO] 2022-04-07 16:20:06,651: topic[/video/click] removing connection to /listener
[rospy.impl.masterslave][INFO] 2022-04-07 16:20:06,653: signal-2
[rospy.core][INFO] 2022-04-07 16:20:07,277: signal_shutdown [atexit]
[rospy.client][INFO] 2022-04-07 16:20:39,002: init_node, name[/talker], pid[9296]
[xmlrpc][INFO] 2022-04-07 16:20:39,003: XML-RPC server binding to 0.0.0.0:0
[xmlrpc][INFO] 2022-04-07 16:20:39,004: Started XML-RPC server [http://ubuntu:44149/]
[rospy.init][INFO] 2022-04-07 16:20:39,006: ROS Slave URI: [http://ubuntu:44149/]
[rospy.impl.masterslave][INFO] 2022-04-07 16:20:39,006: _ready: http://ubuntu:44149/
[rospy.registration][INFO] 2022-04-07 16:20:39,009: Registering with master node http://localhost:11311
[xmlrpc][INFO] 2022-04-07 16:20:39,009: xml rpc node: starting XML-RPC server
[rospy.registration][INFO] 2022-04-07 16:20:39,010: Registering publisher topic [/video/click] type [geometry_msgs/PointStamped] with master
[rospy.internal][INFO] 2022-04-07 16:20:39,078: topic[/video/click] adding connection to [/listener], count 0
[rospy.internal][INFO] 2022-04-07 16:20:39,090: topic[/video/click] adding connection to [/link_ros], count 1
[rospy.init][INFO] 2022-04-07 16:20:39,107: registered with master
[rospy.rosout][INFO] 2022-04-07 16:20:39,108: initializing /rosout core topic
[rospy.rosout][INFO] 2022-04-07 16:20:39,111: connected to core topic /rosout
[rospy.simtime][INFO] 2022-04-07 16:20:39,115: /use_sim_time is not set, will not subscribe to simulated time [/clock] topic
[rospy.internal][INFO] 2022-04-07 16:20:39,262: topic[/rosout] adding connection to [/rosout], count 0
[rospy.core][INFO] 2022-04-07 16:21:25,717: signal_shutdown [signal-2]
[rospy.internal][INFO] 2022-04-07 16:21:25,732: topic[/rosout] removing connection to /rosout
[rospy.internal][INFO] 2022-04-07 16:21:25,733: topic[/video/click] removing connection to /listener
[rospy.internal][INFO] 2022-04-07 16:21:25,737: topic[/video/click] removing connection to /link_ros
[rospy.impl.masterslave][INFO] 2022-04-07 16:21:25,740: signal-2
[rospy.core][INFO] 2022-04-07 16:21:26,357: signal_shutdown [atexit]
[rospy.client][INFO] 2022-04-07 16:22:25,500: init_node, name[/talker], pid[11178]
[xmlrpc][INFO] 2022-04-07 16:22:25,502: XML-RPC server binding to 0.0.0.0:0
[rospy.init][INFO] 2022-04-07 16:22:25,507: ROS Slave URI: [http://ubuntu:37031/]
[xmlrpc][INFO] 2022-04-07 16:22:25,508: Started XML-RPC server [http://ubuntu:37031/]
[rospy.impl.masterslave][INFO] 2022-04-07 16:22:25,508: _ready: http://ubuntu:37031/
[xmlrpc][INFO] 2022-04-07 16:22:25,509: xml rpc node: starting XML-RPC server
[rospy.registration][INFO] 2022-04-07 16:22:25,511: Registering with master node http://localhost:11311
[rospy.registration][INFO] 2022-04-07 16:22:25,512: Registering publisher topic [/video/click] type [geometry_msgs/PointStamped] with master
[rospy.init][INFO] 2022-04-07 16:22:25,608: registered with master
[rospy.rosout][INFO] 2022-04-07 16:22:25,609: initializing /rosout core topic
[rospy.rosout][INFO] 2022-04-07 16:22:25,620: connected to core topic /rosout
[rospy.internal][INFO] 2022-04-07 16:22:25,624: topic[/video/click] adding connection to [/link_ros], count 0
[rospy.simtime][INFO] 2022-04-07 16:22:25,635: /use_sim_time is not set, will not subscribe to simulated time [/clock] topic
[rospy.internal][INFO] 2022-04-07 16:22:25,788: topic[/video/click] adding connection to [/listener], count 1
[rospy.internal][INFO] 2022-04-07 16:22:25,926: topic[/rosout] adding connection to [/rosout], count 0
[rospy.core][INFO] 2022-04-07 16:27:09,040: signal_shutdown [signal-2]
[rospy.internal][INFO] 2022-04-07 16:27:09,053: topic[/rosout] removing connection to /rosout
[rospy.internal][INFO] 2022-04-07 16:27:09,057: topic[/video/click] removing connection to /link_ros
[rospy.internal][INFO] 2022-04-07 16:27:09,058: topic[/video/click] removing connection to /listener
[rospy.impl.masterslave][INFO] 2022-04-07 16:27:09,059: signal-2
[rospy.core][INFO] 2022-04-07 16:27:09,193: signal_shutdown [atexit]
[rospy.client][INFO] 2022-04-07 16:28:08,007: init_node, name[/talker], pid[18743]
[xmlrpc][INFO] 2022-04-07 16:28:08,008: XML-RPC server binding to 0.0.0.0:0
[rospy.init][INFO] 2022-04-07 16:28:08,011: ROS Slave URI: [http://ubuntu:38153/]
[xmlrpc][INFO] 2022-04-07 16:28:08,012: Started XML-RPC server [http://ubuntu:38153/]
[rospy.impl.masterslave][INFO] 2022-04-07 16:28:08,013: _ready: http://ubuntu:38153/
[xmlrpc][INFO] 2022-04-07 16:28:08,014: xml rpc node: starting XML-RPC server
[rospy.registration][INFO] 2022-04-07 16:28:08,017: Registering with master node http://localhost:11311
[rospy.registration][INFO] 2022-04-07 16:28:08,018: Registering publisher topic [/video/click] type [geometry_msgs/PointStamped] with master
[rospy.init][INFO] 2022-04-07 16:28:08,112: registered with master
[rospy.rosout][INFO] 2022-04-07 16:28:08,113: initializing /rosout core topic
[rospy.rosout][INFO] 2022-04-07 16:28:08,116: connected to core topic /rosout
[rospy.simtime][INFO] 2022-04-07 16:28:08,119: /use_sim_time is not set, will not subscribe to simulated time [/clock] topic
[rospy.internal][INFO] 2022-04-07 16:28:08,161: topic[/video/click] adding connection to [/link_ros], count 0
[rospy.internal][INFO] 2022-04-07 16:28:08,200: topic[/video/click] adding connection to [/listener], count 1
[rospy.internal][INFO] 2022-04-07 16:28:08,355: topic[/rosout] adding connection to [/rosout], count 0
