[rospy.client][INFO] 2022-04-07 16:14:53,022: init_node, name[/webcam], pid[1534]
[xmlrpc][INFO] 2022-04-07 16:14:53,023: XML-RPC server binding to 0.0.0.0:0
[xmlrpc][INFO] 2022-04-07 16:14:53,025: Started XML-RPC server [http://ubuntu:36009/]
[rospy.init][INFO] 2022-04-07 16:14:53,025: ROS Slave URI: [http://ubuntu:36009/]
[rospy.impl.masterslave][INFO] 2022-04-07 16:14:53,026: _ready: http://ubuntu:36009/
[xmlrpc][INFO] 2022-04-07 16:14:53,028: xml rpc node: starting XML-RPC server
[rospy.registration][INFO] 2022-04-07 16:14:53,029: Registering with master node http://localhost:11311
[rospy.registration][INFO] 2022-04-07 16:14:53,030: Registering publisher topic [/image_raw_2] type [sensor_msgs/Image] with master
[rospy.registration][INFO] 2022-04-07 16:14:53,037: Registering publisher topic [/image_raw] type [sensor_msgs/Image] with master
[rospy.init][INFO] 2022-04-07 16:14:53,127: registered with master
[rospy.rosout][INFO] 2022-04-07 16:14:53,127: initializing /rosout core topic
[rospy.rosout][INFO] 2022-04-07 16:14:53,131: connected to core topic /rosout
[rospy.simtime][INFO] 2022-04-07 16:14:53,134: /use_sim_time is not set, will not subscribe to simulated time [/clock] topic
[rospy.internal][INFO] 2022-04-07 16:14:53,383: topic[/rosout] adding connection to [/rosout], count 0
[rospy.internal][INFO] 2022-04-07 16:14:53,945: topic[/image_raw_2] adding connection to [/link_ros], count 0
[rospy.internal][INFO] 2022-04-07 16:14:53,991: topic[/image_raw] adding connection to [/link_ros], count 0
[rospy.core][INFO] 2022-04-07 16:18:38,659: signal_shutdown [signal-2]
[rospy.internal][INFO] 2022-04-07 16:18:38,666: topic[/rosout] removing connection to /rosout
[rospy.internal][INFO] 2022-04-07 16:18:38,667: topic[/image_raw_2] removing connection to /link_ros
[rospy.internal][INFO] 2022-04-07 16:18:38,668: topic[/image_raw] removing connection to /link_ros
[rospy.impl.masterslave][INFO] 2022-04-07 16:18:38,669: signal-2
[rospy.core][INFO] 2022-04-07 16:18:38,792: signal_shutdown [atexit]
[rospy.client][INFO] 2022-04-07 16:18:45,313: init_node, name[/webcam], pid[6991]
[xmlrpc][INFO] 2022-04-07 16:18:45,314: XML-RPC server binding to 0.0.0.0:0
[xmlrpc][INFO] 2022-04-07 16:18:45,315: Started XML-RPC server [http://ubuntu:45899/]
[rospy.init][INFO] 2022-04-07 16:18:45,315: ROS Slave URI: [http://ubuntu:45899/]
[rospy.impl.masterslave][INFO] 2022-04-07 16:18:45,316: _ready: http://ubuntu:45899/
[rospy.registration][INFO] 2022-04-07 16:18:45,318: Registering with master node http://localhost:11311
[xmlrpc][INFO] 2022-04-07 16:18:45,318: xml rpc node: starting XML-RPC server
[rospy.registration][INFO] 2022-04-07 16:18:45,319: Registering publisher topic [/image_raw_2] type [sensor_msgs/Image] with master
[rospy.registration][INFO] 2022-04-07 16:18:45,325: Registering publisher topic [/image_raw] type [sensor_msgs/Image] with master
[rospy.init][INFO] 2022-04-07 16:18:45,416: registered with master
[rospy.rosout][INFO] 2022-04-07 16:18:45,417: initializing /rosout core topic
[rospy.internal][INFO] 2022-04-07 16:18:45,419: topic[/image_raw_2] adding connection to [/link_ros], count 0
[rospy.rosout][INFO] 2022-04-07 16:18:45,421: connected to core topic /rosout
[rospy.internal][INFO] 2022-04-07 16:18:45,422: topic[/image_raw] adding connection to [/link_ros], count 0
[rospy.simtime][INFO] 2022-04-07 16:18:45,424: /use_sim_time is not set, will not subscribe to simulated time [/clock] topic
[rospy.internal][INFO] 2022-04-07 16:18:45,697: topic[/rosout] adding connection to [/rosout], count 0
[rospy.core][INFO] 2022-04-07 16:19:20,557: signal_shutdown [signal-2]
[rospy.internal][INFO] 2022-04-07 16:19:20,563: topic[/rosout] removing connection to /rosout
[rospy.internal][INFO] 2022-04-07 16:19:20,564: topic[/image_raw_2] removing connection to /link_ros
[rospy.internal][INFO] 2022-04-07 16:19:20,565: topic[/image_raw] removing connection to /link_ros
[rospy.impl.masterslave][INFO] 2022-04-07 16:19:20,566: signal-2
[rospy.core][INFO] 2022-04-07 16:19:20,692: signal_shutdown [atexit]
[rospy.client][INFO] 2022-04-07 16:19:37,002: init_node, name[/webcam], pid[8102]
[xmlrpc][INFO] 2022-04-07 16:19:37,003: XML-RPC server binding to 0.0.0.0:0
[xmlrpc][INFO] 2022-04-07 16:19:37,004: Started XML-RPC server [http://ubuntu:43875/]
[rospy.init][INFO] 2022-04-07 16:19:37,005: ROS Slave URI: [http://ubuntu:43875/]
[rospy.impl.masterslave][INFO] 2022-04-07 16:19:37,005: _ready: http://ubuntu:43875/
[rospy.registration][INFO] 2022-04-07 16:19:37,007: Registering with master node http://localhost:11311
[xmlrpc][INFO] 2022-04-07 16:19:37,007: xml rpc node: starting XML-RPC server
[rospy.registration][INFO] 2022-04-07 16:19:37,008: Registering publisher topic [/image_raw_2] type [sensor_msgs/Image] with master
[rospy.registration][INFO] 2022-04-07 16:19:37,014: Registering publisher topic [/image_raw] type [sensor_msgs/Image] with master
[rospy.internal][INFO] 2022-04-07 16:19:37,062: topic[/image_raw_2] adding connection to [/link_ros], count 0
[rospy.internal][INFO] 2022-04-07 16:19:37,063: topic[/image_raw] adding connection to [/link_ros], count 0
[rospy.init][INFO] 2022-04-07 16:19:37,106: registered with master
[rospy.rosout][INFO] 2022-04-07 16:19:37,107: initializing /rosout core topic
[rospy.rosout][INFO] 2022-04-07 16:19:37,113: connected to core topic /rosout
[rospy.simtime][INFO] 2022-04-07 16:19:37,117: /use_sim_time is not set, will not subscribe to simulated time [/clock] topic
[rospy.internal][INFO] 2022-04-07 16:19:37,341: topic[/rosout] adding connection to [/rosout], count 0
[rospy.core][INFO] 2022-04-07 16:20:06,664: signal_shutdown [signal-2]
[rospy.internal][INFO] 2022-04-07 16:20:06,685: topic[/rosout] removing connection to /rosout
[rospy.internal][INFO] 2022-04-07 16:20:06,687: topic[/image_raw_2] removing connection to /link_ros
[rospy.internal][INFO] 2022-04-07 16:20:06,689: topic[/image_raw] removing connection to /link_ros
[rospy.impl.masterslave][INFO] 2022-04-07 16:20:06,694: signal-2
[rospy.core][INFO] 2022-04-07 16:20:06,837: signal_shutdown [atexit]
[rospy.client][INFO] 2022-04-07 16:20:39,746: init_node, name[/webcam], pid[9292]
[xmlrpc][INFO] 2022-04-07 16:20:39,747: XML-RPC server binding to 0.0.0.0:0
[xmlrpc][INFO] 2022-04-07 16:20:39,748: Started XML-RPC server [http://ubuntu:44115/]
[rospy.init][INFO] 2022-04-07 16:20:39,749: ROS Slave URI: [http://ubuntu:44115/]
[rospy.impl.masterslave][INFO] 2022-04-07 16:20:39,749: _ready: http://ubuntu:44115/
[rospy.registration][INFO] 2022-04-07 16:20:39,751: Registering with master node http://localhost:11311
[xmlrpc][INFO] 2022-04-07 16:20:39,751: xml rpc node: starting XML-RPC server
[rospy.registration][INFO] 2022-04-07 16:20:39,752: Registering publisher topic [/image_raw_2] type [sensor_msgs/Image] with master
[rospy.registration][INFO] 2022-04-07 16:20:39,758: Registering publisher topic [/image_raw] type [sensor_msgs/Image] with master
[rospy.init][INFO] 2022-04-07 16:20:39,850: registered with master
[rospy.rosout][INFO] 2022-04-07 16:20:39,851: initializing /rosout core topic
[rospy.rosout][INFO] 2022-04-07 16:20:39,857: connected to core topic /rosout
[rospy.simtime][INFO] 2022-04-07 16:20:39,861: /use_sim_time is not set, will not subscribe to simulated time [/clock] topic
[rospy.internal][INFO] 2022-04-07 16:20:39,876: topic[/image_raw] adding connection to [/link_ros], count 0
[rospy.internal][INFO] 2022-04-07 16:20:39,878: topic[/image_raw_2] adding connection to [/link_ros], count 0
[rospy.internal][INFO] 2022-04-07 16:20:40,068: topic[/rosout] adding connection to [/rosout], count 0
[rospy.core][INFO] 2022-04-07 16:21:25,798: signal_shutdown [signal-2]
[rospy.internal][INFO] 2022-04-07 16:21:25,805: topic[/rosout] removing connection to /rosout
[rospy.internal][INFO] 2022-04-07 16:21:25,806: topic[/image_raw_2] removing connection to /link_ros
[rospy.internal][INFO] 2022-04-07 16:21:25,807: topic[/image_raw] removing connection to /link_ros
[rospy.impl.masterslave][INFO] 2022-04-07 16:21:25,808: signal-2
[rospy.core][INFO] 2022-04-07 16:21:26,432: signal_shutdown [atexit]
[rospy.client][INFO] 2022-04-07 16:22:26,246: init_node, name[/webcam], pid[11176]
[xmlrpc][INFO] 2022-04-07 16:22:26,247: XML-RPC server binding to 0.0.0.0:0
[xmlrpc][INFO] 2022-04-07 16:22:26,248: Started XML-RPC server [http://ubuntu:32861/]
[rospy.init][INFO] 2022-04-07 16:22:26,249: ROS Slave URI: [http://ubuntu:32861/]
[rospy.impl.masterslave][INFO] 2022-04-07 16:22:26,249: _ready: http://ubuntu:32861/
[rospy.registration][INFO] 2022-04-07 16:22:26,251: Registering with master node http://localhost:11311
[xmlrpc][INFO] 2022-04-07 16:22:26,251: xml rpc node: starting XML-RPC server
[rospy.registration][INFO] 2022-04-07 16:22:26,252: Registering publisher topic [/image_raw_2] type [sensor_msgs/Image] with master
[rospy.registration][INFO] 2022-04-07 16:22:26,258: Registering publisher topic [/image_raw] type [sensor_msgs/Image] with master
[rospy.internal][INFO] 2022-04-07 16:22:26,317: topic[/image_raw_2] adding connection to [/link_ros], count 0
[rospy.internal][INFO] 2022-04-07 16:22:26,319: topic[/image_raw] adding connection to [/link_ros], count 0
[rospy.init][INFO] 2022-04-07 16:22:26,350: registered with master
[rospy.rosout][INFO] 2022-04-07 16:22:26,350: initializing /rosout core topic
[rospy.rosout][INFO] 2022-04-07 16:22:26,354: connected to core topic /rosout
[rospy.simtime][INFO] 2022-04-07 16:22:26,358: /use_sim_time is not set, will not subscribe to simulated time [/clock] topic
[rospy.internal][INFO] 2022-04-07 16:22:26,615: topic[/rosout] adding connection to [/rosout], count 0
[rospy.core][INFO] 2022-04-07 16:27:09,098: signal_shutdown [signal-2]
[rospy.internal][INFO] 2022-04-07 16:27:09,104: topic[/rosout] removing connection to /rosout
[rospy.internal][INFO] 2022-04-07 16:27:09,105: topic[/image_raw_2] removing connection to /link_ros
[rospy.internal][INFO] 2022-04-07 16:27:09,106: topic[/image_raw] removing connection to /link_ros
[rospy.impl.masterslave][INFO] 2022-04-07 16:27:09,107: signal-2
[rospy.core][INFO] 2022-04-07 16:27:09,223: signal_shutdown [atexit]
[rospy.client][INFO] 2022-04-07 16:28:08,849: init_node, name[/webcam], pid[18739]
[xmlrpc][INFO] 2022-04-07 16:28:08,852: XML-RPC server binding to 0.0.0.0:0
[xmlrpc][INFO] 2022-04-07 16:28:08,853: Started XML-RPC server [http://ubuntu:42253/]
[rospy.init][INFO] 2022-04-07 16:28:08,854: ROS Slave URI: [http://ubuntu:42253/]
[rospy.impl.masterslave][INFO] 2022-04-07 16:28:08,855: _ready: http://ubuntu:42253/
[rospy.registration][INFO] 2022-04-07 16:28:08,858: Registering with master node http://localhost:11311
[xmlrpc][INFO] 2022-04-07 16:28:08,858: xml rpc node: starting XML-RPC server
[rospy.registration][INFO] 2022-04-07 16:28:08,859: Registering publisher topic [/image_raw_2] type [sensor_msgs/Image] with master
[rospy.registration][INFO] 2022-04-07 16:28:08,869: Registering publisher topic [/image_raw] type [sensor_msgs/Image] with master
[rospy.init][INFO] 2022-04-07 16:28:08,956: registered with master
[rospy.rosout][INFO] 2022-04-07 16:28:08,957: initializing /rosout core topic
[rospy.rosout][INFO] 2022-04-07 16:28:08,961: connected to core topic /rosout
[rospy.simtime][INFO] 2022-04-07 16:28:08,964: /use_sim_time is not set, will not subscribe to simulated time [/clock] topic
[rospy.internal][INFO] 2022-04-07 16:28:08,992: topic[/image_raw] adding connection to [/link_ros], count 0
[rospy.internal][INFO] 2022-04-07 16:28:08,995: topic[/image_raw_2] adding connection to [/link_ros], count 0
[rospy.internal][INFO] 2022-04-07 16:28:09,255: topic[/rosout] adding connection to [/rosout], count 0
