[0.078s] Invoking command in '/home/ubuntu/ros2_foxy/build/ament_lint_auto': AMENT_PREFIX_PATH=/home/ubuntu/ros2_foxy/install/ament_cmake_test:/home/ubuntu/ros2_foxy/install/ament_cmake_core:/home/ubuntu/ros2_foxy/install/ament_package CMAKE_PREFIX_PATH=/home/ubuntu/ros2_foxy/install/ament_cmake_test:/home/ubuntu/ros2_foxy/install/ament_cmake_core PYTHONPATH=/home/ubuntu/ros2_foxy/install/ament_cmake_test/lib/python3.6/site-packages:/home/ubuntu/ros2_foxy/build/ament_package:/home/ubuntu/ros2_foxy/install/ament_package/lib/python3.6/site-packages /usr/bin/cmake /home/ubuntu/ros2_foxy/src/ament/ament_lint/ament_lint_auto -DAMENT_CMAKE_SYMLINK_INSTALL=1 -DCMAKE_INSTALL_PREFIX=/home/ubuntu/ros2_foxy/install/ament_lint_auto
[0.181s] -- Found ament_cmake_core: 0.9.9 (/home/ubuntu/ros2_foxy/install/ament_cmake_core/share/ament_cmake_core/cmake)
[0.352s] -- Found PythonInterp: /usr/bin/python3 (found suitable version "3.6.9", minimum required is "3") 
[0.353s] -- Using PYTHON_EXECUTABLE: /usr/bin/python3
[1.700s] -- Override CMake install command with custom implementation using symlinks instead of copying resources
[2.030s] -- Configuring done
[2.038s] -- Generating done
[2.042s] -- Build files have been written to: /home/ubuntu/ros2_foxy/build/ament_lint_auto
[2.048s] Invoked command in '/home/ubuntu/ros2_foxy/build/ament_lint_auto' returned '0': AMENT_PREFIX_PATH=/home/ubuntu/ros2_foxy/install/ament_cmake_test:/home/ubuntu/ros2_foxy/install/ament_cmake_core:/home/ubuntu/ros2_foxy/install/ament_package CMAKE_PREFIX_PATH=/home/ubuntu/ros2_foxy/install/ament_cmake_test:/home/ubuntu/ros2_foxy/install/ament_cmake_core PYTHONPATH=/home/ubuntu/ros2_foxy/install/ament_cmake_test/lib/python3.6/site-packages:/home/ubuntu/ros2_foxy/build/ament_package:/home/ubuntu/ros2_foxy/install/ament_package/lib/python3.6/site-packages /usr/bin/cmake /home/ubuntu/ros2_foxy/src/ament/ament_lint/ament_lint_auto -DAMENT_CMAKE_SYMLINK_INSTALL=1 -DCMAKE_INSTALL_PREFIX=/home/ubuntu/ros2_foxy/install/ament_lint_auto
[2.058s] Invoking command in '/home/ubuntu/ros2_foxy/build/ament_lint_auto': AMENT_PREFIX_PATH=/home/ubuntu/ros2_foxy/install/ament_cmake_test:/home/ubuntu/ros2_foxy/install/ament_cmake_core:/home/ubuntu/ros2_foxy/install/ament_package CMAKE_PREFIX_PATH=/home/ubuntu/ros2_foxy/install/ament_cmake_test:/home/ubuntu/ros2_foxy/install/ament_cmake_core PYTHONPATH=/home/ubuntu/ros2_foxy/install/ament_cmake_test/lib/python3.6/site-packages:/home/ubuntu/ros2_foxy/build/ament_package:/home/ubuntu/ros2_foxy/install/ament_package/lib/python3.6/site-packages /usr/bin/cmake --build /home/ubuntu/ros2_foxy/build/ament_lint_auto -- -j4 -l4
[2.206s] Invoked command in '/home/ubuntu/ros2_foxy/build/ament_lint_auto' returned '0': AMENT_PREFIX_PATH=/home/ubuntu/ros2_foxy/install/ament_cmake_test:/home/ubuntu/ros2_foxy/install/ament_cmake_core:/home/ubuntu/ros2_foxy/install/ament_package CMAKE_PREFIX_PATH=/home/ubuntu/ros2_foxy/install/ament_cmake_test:/home/ubuntu/ros2_foxy/install/ament_cmake_core PYTHONPATH=/home/ubuntu/ros2_foxy/install/ament_cmake_test/lib/python3.6/site-packages:/home/ubuntu/ros2_foxy/build/ament_package:/home/ubuntu/ros2_foxy/install/ament_package/lib/python3.6/site-packages /usr/bin/cmake --build /home/ubuntu/ros2_foxy/build/ament_lint_auto -- -j4 -l4
[2.305s] Invoking command in '/home/ubuntu/ros2_foxy/build/ament_lint_auto': AMENT_PREFIX_PATH=/home/ubuntu/ros2_foxy/install/ament_cmake_test:/home/ubuntu/ros2_foxy/install/ament_cmake_core:/home/ubuntu/ros2_foxy/install/ament_package CMAKE_PREFIX_PATH=/home/ubuntu/ros2_foxy/install/ament_cmake_test:/home/ubuntu/ros2_foxy/install/ament_cmake_core PYTHONPATH=/home/ubuntu/ros2_foxy/install/ament_cmake_test/lib/python3.6/site-packages:/home/ubuntu/ros2_foxy/build/ament_package:/home/ubuntu/ros2_foxy/install/ament_package/lib/python3.6/site-packages /usr/bin/cmake --build /home/ubuntu/ros2_foxy/build/ament_lint_auto --target install -- -j4 -l4
[2.605s] [36mInstall the project...[0m
[2.613s] -- Install configuration: ""
[2.619s] -- Execute custom install script
[2.621s] -- Symlinking: /home/ubuntu/ros2_foxy/install/ament_lint_auto/share/ament_index/resource_index/package_run_dependencies/ament_lint_auto
[2.665s] -- Symlinking: /home/ubuntu/ros2_foxy/install/ament_lint_auto/share/ament_index/resource_index/parent_prefix_path/ament_lint_auto
[2.706s] -- Symlinking: /home/ubuntu/ros2_foxy/install/ament_lint_auto/share/ament_lint_auto/environment/ament_prefix_path.sh
[2.760s] -- Symlinking: /home/ubuntu/ros2_foxy/install/ament_lint_auto/share/ament_lint_auto/environment/ament_prefix_path.dsv
[2.827s] -- Symlinking: /home/ubuntu/ros2_foxy/install/ament_lint_auto/share/ament_lint_auto/environment/path.sh
[2.877s] -- Symlinking: /home/ubuntu/ros2_foxy/install/ament_lint_auto/share/ament_lint_auto/environment/path.dsv
[2.916s] -- Symlinking: /home/ubuntu/ros2_foxy/install/ament_lint_auto/share/ament_lint_auto/local_setup.bash
[2.955s] -- Symlinking: /home/ubuntu/ros2_foxy/install/ament_lint_auto/share/ament_lint_auto/local_setup.sh
[2.998s] -- Symlinking: /home/ubuntu/ros2_foxy/install/ament_lint_auto/share/ament_lint_auto/local_setup.zsh
[3.046s] -- Symlinking: /home/ubuntu/ros2_foxy/install/ament_lint_auto/share/ament_lint_auto/local_setup.dsv
[3.092s] -- Symlinking: /home/ubuntu/ros2_foxy/install/ament_lint_auto/share/ament_lint_auto/package.dsv
[3.134s] -- Symlinking: /home/ubuntu/ros2_foxy/install/ament_lint_auto/share/ament_index/resource_index/packages/ament_lint_auto
[3.186s] -- Symlinking: /home/ubuntu/ros2_foxy/install/ament_lint_auto/share/ament_lint_auto/cmake/ament_lint_auto-extras.cmake
[3.234s] -- Symlinking: /home/ubuntu/ros2_foxy/install/ament_lint_auto/share/ament_lint_auto/cmake/ament_lint_autoConfig.cmake
[3.284s] -- Symlinking: /home/ubuntu/ros2_foxy/install/ament_lint_auto/share/ament_lint_auto/cmake/ament_lint_autoConfig-version.cmake
[3.328s] -- Symlinking: /home/ubuntu/ros2_foxy/install/ament_lint_auto/share/ament_lint_auto/package.xml
[3.389s] -- Symlinking: /home/ubuntu/ros2_foxy/install/ament_lint_auto/share/ament_lint_auto/cmake/ament_lint_auto_find_test_dependencies.cmake
[3.448s] -- Symlinking: /home/ubuntu/ros2_foxy/install/ament_lint_auto/share/ament_lint_auto/cmake/ament_lint_auto_package_hook.cmake
[3.505s] Invoked command in '/home/ubuntu/ros2_foxy/build/ament_lint_auto' returned '0': AMENT_PREFIX_PATH=/home/ubuntu/ros2_foxy/install/ament_cmake_test:/home/ubuntu/ros2_foxy/install/ament_cmake_core:/home/ubuntu/ros2_foxy/install/ament_package CMAKE_PREFIX_PATH=/home/ubuntu/ros2_foxy/install/ament_cmake_test:/home/ubuntu/ros2_foxy/install/ament_cmake_core PYTHONPATH=/home/ubuntu/ros2_foxy/install/ament_cmake_test/lib/python3.6/site-packages:/home/ubuntu/ros2_foxy/build/ament_package:/home/ubuntu/ros2_foxy/install/ament_package/lib/python3.6/site-packages /usr/bin/cmake --build /home/ubuntu/ros2_foxy/build/ament_lint_auto --target install -- -j4 -l4
