[rospy.client][INFO] 2022-01-18 23:37:56,740: init_node, name[/webcam], pid[22402]
[xmlrpc][INFO] 2022-01-18 23:37:56,741: XML-RPC server binding to 0.0.0.0:0
[xmlrpc][INFO] 2022-01-18 23:37:56,742: Started XML-RPC server [http://ubuntu:45591/]
[rospy.init][INFO] 2022-01-18 23:37:56,742: ROS Slave URI: [http://ubuntu:45591/]
[rospy.impl.masterslave][INFO] 2022-01-18 23:37:56,742: _ready: http://ubuntu:45591/
[rospy.registration][INFO] 2022-01-18 23:37:56,744: Registering with master node http://localhost:11311
[xmlrpc][INFO] 2022-01-18 23:37:56,745: xml rpc node: starting XML-RPC server
[rospy.registration][INFO] 2022-01-18 23:37:56,745: Registering publisher topic [/image_raw] type [sensor_msgs/Image] with master
[rospy.init][INFO] 2022-01-18 23:37:56,843: registered with master
[rospy.rosout][INFO] 2022-01-18 23:37:56,844: initializing /rosout core topic
[rospy.rosout][INFO] 2022-01-18 23:37:56,850: connected to core topic /rosout
[rospy.simtime][INFO] 2022-01-18 23:37:56,854: /use_sim_time is not set, will not subscribe to simulated time [/clock] topic
[rospy.internal][INFO] 2022-01-18 23:37:57,083: topic[/rosout] adding connection to [/rosout], count 0
[rospy.internal][INFO] 2022-01-18 23:37:57,398: topic[/image_raw] adding connection to [/link_ros], count 0
[rospy.core][INFO] 2022-01-18 23:37:59,080: signal_shutdown [atexit]
[rospy.internal][INFO] 2022-01-18 23:37:59,086: topic[/rosout] removing connection to /rosout
[rospy.internal][INFO] 2022-01-18 23:37:59,087: topic[/image_raw] removing connection to /link_ros
[rospy.impl.masterslave][INFO] 2022-01-18 23:37:59,088: atexit
[rospy.client][INFO] 2022-01-18 23:38:01,062: init_node, name[/webcam], pid[22489]
[xmlrpc][INFO] 2022-01-18 23:38:01,063: XML-RPC server binding to 0.0.0.0:0
[xmlrpc][INFO] 2022-01-18 23:38:01,064: Started XML-RPC server [http://ubuntu:39621/]
[rospy.init][INFO] 2022-01-18 23:38:01,064: ROS Slave URI: [http://ubuntu:39621/]
[rospy.impl.masterslave][INFO] 2022-01-18 23:38:01,064: _ready: http://ubuntu:39621/
[rospy.registration][INFO] 2022-01-18 23:38:01,066: Registering with master node http://localhost:11311
[xmlrpc][INFO] 2022-01-18 23:38:01,067: xml rpc node: starting XML-RPC server
[rospy.registration][INFO] 2022-01-18 23:38:01,067: Registering publisher topic [/image_raw] type [sensor_msgs/Image] with master
[rospy.internal][INFO] 2022-01-18 23:38:01,117: topic[/image_raw] adding connection to [/link_ros], count 0
[rospy.init][INFO] 2022-01-18 23:38:01,165: registered with master
[rospy.rosout][INFO] 2022-01-18 23:38:01,166: initializing /rosout core topic
[rospy.rosout][INFO] 2022-01-18 23:38:01,170: connected to core topic /rosout
[rospy.simtime][INFO] 2022-01-18 23:38:01,173: /use_sim_time is not set, will not subscribe to simulated time [/clock] topic
[rospy.internal][INFO] 2022-01-18 23:38:01,399: topic[/rosout] adding connection to [/rosout], count 0
[rospy.core][INFO] 2022-01-18 23:38:02,767: signal_shutdown [atexit]
[rospy.internal][INFO] 2022-01-18 23:38:02,774: topic[/rosout] removing connection to /rosout
[rospy.internal][INFO] 2022-01-18 23:38:02,774: topic[/image_raw] removing connection to /link_ros
[rospy.impl.masterslave][INFO] 2022-01-18 23:38:02,775: atexit
[rospy.client][INFO] 2022-01-18 23:38:04,896: init_node, name[/webcam], pid[22526]
[xmlrpc][INFO] 2022-01-18 23:38:04,897: XML-RPC server binding to 0.0.0.0:0
[rospy.init][INFO] 2022-01-18 23:38:04,898: ROS Slave URI: [http://ubuntu:33023/]
[xmlrpc][INFO] 2022-01-18 23:38:04,898: Started XML-RPC server [http://ubuntu:33023/]
[rospy.impl.masterslave][INFO] 2022-01-18 23:38:04,899: _ready: http://ubuntu:33023/
[rospy.registration][INFO] 2022-01-18 23:38:04,901: Registering with master node http://localhost:11311
[xmlrpc][INFO] 2022-01-18 23:38:04,901: xml rpc node: starting XML-RPC server
[rospy.registration][INFO] 2022-01-18 23:38:04,902: Registering publisher topic [/image_raw] type [sensor_msgs/Image] with master
[rospy.internal][INFO] 2022-01-18 23:38:04,935: topic[/image_raw] adding connection to [/link_ros], count 0
[rospy.init][INFO] 2022-01-18 23:38:04,999: registered with master
[rospy.rosout][INFO] 2022-01-18 23:38:05,000: initializing /rosout core topic
[rospy.rosout][INFO] 2022-01-18 23:38:05,007: connected to core topic /rosout
[rospy.simtime][INFO] 2022-01-18 23:38:05,011: /use_sim_time is not set, will not subscribe to simulated time [/clock] topic
[rospy.internal][INFO] 2022-01-18 23:38:05,220: topic[/rosout] adding connection to [/rosout], count 0
[rospy.core][INFO] 2022-01-18 23:38:06,605: signal_shutdown [atexit]
[rospy.internal][INFO] 2022-01-18 23:38:06,611: topic[/rosout] removing connection to /rosout
[rospy.internal][INFO] 2022-01-18 23:38:06,612: topic[/image_raw] removing connection to /link_ros
[rospy.impl.masterslave][INFO] 2022-01-18 23:38:06,612: atexit
[rospy.client][INFO] 2022-01-18 23:38:08,678: init_node, name[/webcam], pid[22583]
[xmlrpc][INFO] 2022-01-18 23:38:08,679: XML-RPC server binding to 0.0.0.0:0
[xmlrpc][INFO] 2022-01-18 23:38:08,680: Started XML-RPC server [http://ubuntu:38563/]
[rospy.init][INFO] 2022-01-18 23:38:08,680: ROS Slave URI: [http://ubuntu:38563/]
[rospy.impl.masterslave][INFO] 2022-01-18 23:38:08,681: _ready: http://ubuntu:38563/
[rospy.registration][INFO] 2022-01-18 23:38:08,683: Registering with master node http://localhost:11311
[xmlrpc][INFO] 2022-01-18 23:38:08,683: xml rpc node: starting XML-RPC server
[rospy.registration][INFO] 2022-01-18 23:38:08,683: Registering publisher topic [/image_raw] type [sensor_msgs/Image] with master
[rospy.internal][INFO] 2022-01-18 23:38:08,757: topic[/image_raw] adding connection to [/link_ros], count 0
[rospy.init][INFO] 2022-01-18 23:38:08,781: registered with master
[rospy.rosout][INFO] 2022-01-18 23:38:08,782: initializing /rosout core topic
[rospy.rosout][INFO] 2022-01-18 23:38:08,788: connected to core topic /rosout
[rospy.simtime][INFO] 2022-01-18 23:38:08,791: /use_sim_time is not set, will not subscribe to simulated time [/clock] topic
[rospy.internal][INFO] 2022-01-18 23:38:09,026: topic[/rosout] adding connection to [/rosout], count 0
[rospy.core][INFO] 2022-01-18 23:38:10,383: signal_shutdown [atexit]
[rospy.internal][INFO] 2022-01-18 23:38:10,400: topic[/rosout] removing connection to /rosout
[rospy.internal][INFO] 2022-01-18 23:38:10,403: topic[/image_raw] removing connection to /link_ros
[rospy.impl.masterslave][INFO] 2022-01-18 23:38:10,405: atexit
[rospy.client][INFO] 2022-01-18 23:38:12,454: init_node, name[/webcam], pid[22665]
[xmlrpc][INFO] 2022-01-18 23:38:12,455: XML-RPC server binding to 0.0.0.0:0
[xmlrpc][INFO] 2022-01-18 23:38:12,456: Started XML-RPC server [http://ubuntu:35115/]
[rospy.init][INFO] 2022-01-18 23:38:12,457: ROS Slave URI: [http://ubuntu:35115/]
[rospy.impl.masterslave][INFO] 2022-01-18 23:38:12,457: _ready: http://ubuntu:35115/
[rospy.registration][INFO] 2022-01-18 23:38:12,459: Registering with master node http://localhost:11311
[xmlrpc][INFO] 2022-01-18 23:38:12,459: xml rpc node: starting XML-RPC server
[rospy.registration][INFO] 2022-01-18 23:38:12,460: Registering publisher topic [/image_raw] type [sensor_msgs/Image] with master
[rospy.init][INFO] 2022-01-18 23:38:12,558: registered with master
[rospy.rosout][INFO] 2022-01-18 23:38:12,558: initializing /rosout core topic
[rospy.rosout][INFO] 2022-01-18 23:38:12,562: connected to core topic /rosout
[rospy.simtime][INFO] 2022-01-18 23:38:12,565: /use_sim_time is not set, will not subscribe to simulated time [/clock] topic
[rospy.internal][INFO] 2022-01-18 23:38:12,579: topic[/image_raw] adding connection to [/link_ros], count 0
[rospy.internal][INFO] 2022-01-18 23:38:12,844: topic[/rosout] adding connection to [/rosout], count 0
[rospy.core][INFO] 2022-01-18 23:38:14,160: signal_shutdown [atexit]
[rospy.internal][INFO] 2022-01-18 23:38:14,167: topic[/rosout] removing connection to /rosout
[rospy.internal][INFO] 2022-01-18 23:38:14,168: topic[/image_raw] removing connection to /link_ros
[rospy.impl.masterslave][INFO] 2022-01-18 23:38:14,168: atexit
[rospy.client][INFO] 2022-01-18 23:39:04,941: init_node, name[/webcam], pid[23318]
[xmlrpc][INFO] 2022-01-18 23:39:04,942: XML-RPC server binding to 0.0.0.0:0
[xmlrpc][INFO] 2022-01-18 23:39:04,943: Started XML-RPC server [http://ubuntu:43097/]
[rospy.init][INFO] 2022-01-18 23:39:04,944: ROS Slave URI: [http://ubuntu:43097/]
[rospy.impl.masterslave][INFO] 2022-01-18 23:39:04,944: _ready: http://ubuntu:43097/
[xmlrpc][INFO] 2022-01-18 23:39:04,945: xml rpc node: starting XML-RPC server
[rospy.registration][INFO] 2022-01-18 23:39:04,946: Registering with master node http://localhost:11311
[rospy.registration][INFO] 2022-01-18 23:39:04,947: Registering publisher topic [/image_raw] type [sensor_msgs/Image] with master
[rospy.internal][INFO] 2022-01-18 23:39:04,980: topic[/image_raw] adding connection to [/link_ros], count 0
[rospy.init][INFO] 2022-01-18 23:39:05,045: registered with master
[rospy.rosout][INFO] 2022-01-18 23:39:05,046: initializing /rosout core topic
[rospy.rosout][INFO] 2022-01-18 23:39:05,051: connected to core topic /rosout
[rospy.simtime][INFO] 2022-01-18 23:39:05,055: /use_sim_time is not set, will not subscribe to simulated time [/clock] topic
[rospy.internal][INFO] 2022-01-18 23:39:05,261: topic[/rosout] adding connection to [/rosout], count 0
[rospy.core][INFO] 2022-01-19 00:05:52,366: signal_shutdown [signal-2]
[rospy.internal][INFO] 2022-01-19 00:05:52,374: topic[/rosout] removing connection to /rosout
[rospy.internal][INFO] 2022-01-19 00:05:52,375: topic[/image_raw] removing connection to /link_ros
[rospy.impl.masterslave][INFO] 2022-01-19 00:05:52,375: signal-2
[rospy.core][INFO] 2022-01-19 00:05:52,513: signal_shutdown [atexit]
