[rospy.client][INFO] 2022-02-14 23:01:20,562: init_node, name[/talker], pid[25222]
[xmlrpc][INFO] 2022-02-14 23:01:20,563: XML-RPC server binding to 0.0.0.0:0
[xmlrpc][INFO] 2022-02-14 23:01:20,564: Started XML-RPC server [http://ubuntu:45419/]
[rospy.init][INFO] 2022-02-14 23:01:20,565: ROS Slave URI: [http://ubuntu:45419/]
[rospy.impl.masterslave][INFO] 2022-02-14 23:01:20,565: _ready: http://ubuntu:45419/
[xmlrpc][INFO] 2022-02-14 23:01:20,568: xml rpc node: starting XML-RPC server
[rospy.registration][INFO] 2022-02-14 23:01:20,568: Registering with master node http://localhost:11311
[rospy.registration][INFO] 2022-02-14 23:01:20,569: Registering publisher topic [/video/click] type [geometry_msgs/PointStamped] with master
[rospy.internal][INFO] 2022-02-14 23:01:20,655: topic[/video/click] adding connection to [/listener], count 0
[rospy.init][INFO] 2022-02-14 23:01:20,666: registered with master
[rospy.rosout][INFO] 2022-02-14 23:01:20,667: initializing /rosout core topic
[rospy.rosout][INFO] 2022-02-14 23:01:20,670: connected to core topic /rosout
[rospy.simtime][INFO] 2022-02-14 23:01:20,673: /use_sim_time is not set, will not subscribe to simulated time [/clock] topic
[rospy.internal][INFO] 2022-02-14 23:01:20,809: topic[/rosout] adding connection to [/rosout], count 0
[rospy.internal][INFO] 2022-02-14 23:01:21,615: topic[/video/click] adding connection to [/link_ros], count 1
[rospy.internal][INFO] 2022-02-15 02:08:39,958: topic[/rosout] removing connection to /rosout
[rospy.internal][INFO] 2022-02-15 02:08:40,460: topic[/video/click] removing connection to /link_ros
[rospy.core][INFO] 2022-02-15 03:14:11,487: signal_shutdown [signal-2]
[rospy.registration][WARNING] 2022-02-15 03:14:11,498: cannot unregister with master due to network issues
[rospy.internal][INFO] 2022-02-15 03:14:11,499: topic[/video/click] removing connection to /listener
[rospy.impl.masterslave][INFO] 2022-02-15 03:14:11,501: signal-2
[rospy.core][INFO] 2022-02-15 03:14:11,666: signal_shutdown [atexit]
