[rospy.client][INFO] 2022-01-25 16:37:06,465: init_node, name[/talker], pid[11253]
[xmlrpc][INFO] 2022-01-25 16:37:06,472: XML-RPC server binding to 0.0.0.0:0
[xmlrpc][INFO] 2022-01-25 16:37:06,473: Started XML-RPC server [http://ubuntu:35819/]
[rospy.init][INFO] 2022-01-25 16:37:06,474: ROS Slave URI: [http://ubuntu:35819/]
[rospy.impl.masterslave][INFO] 2022-01-25 16:37:06,474: _ready: http://ubuntu:35819/
[rospy.registration][INFO] 2022-01-25 16:37:06,477: Registering with master node http://localhost:11311
[xmlrpc][INFO] 2022-01-25 16:37:06,477: xml rpc node: starting XML-RPC server
[rospy.registration][INFO] 2022-01-25 16:37:06,478: Registering publisher topic [/chatter] type [std_msgs/String] with master
[rospy.init][INFO] 2022-01-25 16:37:06,575: registered with master
[rospy.rosout][INFO] 2022-01-25 16:37:06,576: initializing /rosout core topic
[rospy.rosout][INFO] 2022-01-25 16:37:06,579: connected to core topic /rosout
[rospy.simtime][INFO] 2022-01-25 16:37:06,582: /use_sim_time is not set, will not subscribe to simulated time [/clock] topic
[rosout][INFO] 2022-01-25 16:37:06,590: hello world 1643128626.59
[rospy.internal][INFO] 2022-01-25 16:37:06,849: topic[/rosout] adding connection to [/rosout], count 0
[rospy.internal][INFO] 2022-01-25 16:37:06,874: topic[/chatter] adding connection to [/link_ros], count 0
[rosout][INFO] 2022-01-25 16:37:10,594: hello world 1643128630.59
[rosout][INFO] 2022-01-25 16:37:14,594: hello world 1643128634.59
[rosout][INFO] 2022-01-25 16:37:18,594: hello world 1643128638.59
[rosout][INFO] 2022-01-25 16:37:22,593: hello world 1643128642.59
[rosout][INFO] 2022-01-25 16:37:26,594: hello world 1643128646.59
[rosout][INFO] 2022-01-25 16:37:30,594: hello world 1643128650.59
[rosout][INFO] 2022-01-25 16:37:34,593: hello world 1643128654.59
[rosout][INFO] 2022-01-25 16:37:38,594: hello world 1643128658.59
[rosout][INFO] 2022-01-25 16:37:42,594: hello world 1643128662.59
[rosout][INFO] 2022-01-25 16:37:46,593: hello world 1643128666.59
[rosout][INFO] 2022-01-25 16:37:50,591: hello world 1643128670.59
[rosout][INFO] 2022-01-25 16:37:54,594: hello world 1643128674.59
[rosout][INFO] 2022-01-25 16:37:58,594: hello world 1643128678.59
[rosout][INFO] 2022-01-25 16:38:02,594: hello world 1643128682.59
[rosout][INFO] 2022-01-25 16:38:06,594: hello world 1643128686.59
[rosout][INFO] 2022-01-25 16:38:10,595: hello world 1643128690.59
[rosout][INFO] 2022-01-25 16:38:14,594: hello world 1643128694.59
[rosout][INFO] 2022-01-25 16:38:18,594: hello world 1643128698.59
[rosout][INFO] 2022-01-25 16:38:22,593: hello world 1643128702.59
[rosout][INFO] 2022-01-25 16:38:26,594: hello world 1643128706.59
[rosout][INFO] 2022-01-25 16:38:30,590: hello world 1643128710.59
[rosout][INFO] 2022-01-25 16:38:34,594: hello world 1643128714.59
[rosout][INFO] 2022-01-25 16:38:38,593: hello world 1643128718.59
[rosout][INFO] 2022-01-25 16:38:42,593: hello world 1643128722.59
[rosout][INFO] 2022-01-25 16:38:46,593: hello world 1643128726.59
[rosout][INFO] 2022-01-25 16:38:50,593: hello world 1643128730.59
[rosout][INFO] 2022-01-25 16:38:54,594: hello world 1643128734.59
[rosout][INFO] 2022-01-25 16:38:58,594: hello world 1643128738.59
[rosout][INFO] 2022-01-25 16:39:02,593: hello world 1643128742.59
[rosout][INFO] 2022-01-25 16:39:06,593: hello world 1643128746.59
[rosout][INFO] 2022-01-25 16:39:10,593: hello world 1643128750.59
[rosout][INFO] 2022-01-25 16:39:14,594: hello world 1643128754.59
[rosout][INFO] 2022-01-25 16:39:18,593: hello world 1643128758.59
[rosout][INFO] 2022-01-25 16:39:22,593: hello world 1643128762.59
[rosout][INFO] 2022-01-25 16:39:26,594: hello world 1643128766.59
[rosout][INFO] 2022-01-25 16:39:30,593: hello world 1643128770.59
[rosout][INFO] 2022-01-25 16:39:34,593: hello world 1643128774.59
[rosout][INFO] 2022-01-25 16:39:38,594: hello world 1643128778.59
[rosout][INFO] 2022-01-25 16:39:42,593: hello world 1643128782.59
[rosout][INFO] 2022-01-25 16:39:46,594: hello world 1643128786.59
[rosout][INFO] 2022-01-25 16:39:50,594: hello world 1643128790.59
[rosout][INFO] 2022-01-25 16:39:54,593: hello world 1643128794.59
[rosout][INFO] 2022-01-25 16:39:58,594: hello world 1643128798.59
[rosout][INFO] 2022-01-25 16:40:02,591: hello world 1643128802.59
[rosout][INFO] 2022-01-25 16:40:06,593: hello world 1643128806.59
[rosout][INFO] 2022-01-25 16:40:10,594: hello world 1643128810.59
[rosout][INFO] 2022-01-25 16:40:14,593: hello world 1643128814.59
[rosout][INFO] 2022-01-25 16:40:18,593: hello world 1643128818.59
[rosout][INFO] 2022-01-25 16:40:22,596: hello world 1643128822.6
[rosout][INFO] 2022-01-25 16:40:26,592: hello world 1643128826.59
[rosout][INFO] 2022-01-25 16:40:30,593: hello world 1643128830.59
[rosout][INFO] 2022-01-25 16:40:34,594: hello world 1643128834.59
[rosout][INFO] 2022-01-25 16:40:38,594: hello world 1643128838.59
[rosout][INFO] 2022-01-25 16:40:42,594: hello world 1643128842.59
[rosout][INFO] 2022-01-25 16:40:46,594: hello world 1643128846.59
[rosout][INFO] 2022-01-25 16:40:50,593: hello world 1643128850.59
[rosout][INFO] 2022-01-25 16:40:54,594: hello world 1643128854.59
[rosout][INFO] 2022-01-25 16:40:58,594: hello world 1643128858.59
[rosout][INFO] 2022-01-25 16:41:02,593: hello world 1643128862.59
[rosout][INFO] 2022-01-25 16:41:06,594: hello world 1643128866.59
[rosout][INFO] 2022-01-25 16:41:10,593: hello world 1643128870.59
[rosout][INFO] 2022-01-25 16:41:14,594: hello world 1643128874.59
[rosout][INFO] 2022-01-25 16:41:18,594: hello world 1643128878.59
[rosout][INFO] 2022-01-25 16:41:22,594: hello world 1643128882.59
[rosout][INFO] 2022-01-25 16:41:26,591: hello world 1643128886.59
[rosout][INFO] 2022-01-25 16:41:30,594: hello world 1643128890.59
[rosout][INFO] 2022-01-25 16:41:34,594: hello world 1643128894.59
[rosout][INFO] 2022-01-25 16:41:38,592: hello world 1643128898.59
[rosout][INFO] 2022-01-25 16:41:42,593: hello world 1643128902.59
[rosout][INFO] 2022-01-25 16:41:46,594: hello world 1643128906.59
[rosout][INFO] 2022-01-25 16:41:50,593: hello world 1643128910.59
[rosout][INFO] 2022-01-25 16:41:54,593: hello world 1643128914.59
[rosout][INFO] 2022-01-25 16:41:58,594: hello world 1643128918.59
[rosout][INFO] 2022-01-25 16:42:02,593: hello world 1643128922.59
[rosout][INFO] 2022-01-25 16:42:06,593: hello world 1643128926.59
[rosout][INFO] 2022-01-25 16:42:10,594: hello world 1643128930.59
[rosout][INFO] 2022-01-25 16:42:14,594: hello world 1643128934.59
[rosout][INFO] 2022-01-25 16:42:18,594: hello world 1643128938.59
[rosout][INFO] 2022-01-25 16:42:22,593: hello world 1643128942.59
[rosout][INFO] 2022-01-25 16:42:26,593: hello world 1643128946.59
[rosout][INFO] 2022-01-25 16:42:30,595: hello world 1643128950.59
[rosout][INFO] 2022-01-25 16:42:34,593: hello world 1643128954.59
[rosout][INFO] 2022-01-25 16:42:38,594: hello world 1643128958.59
[rosout][INFO] 2022-01-25 16:42:42,594: hello world 1643128962.59
[rosout][INFO] 2022-01-25 16:42:46,593: hello world 1643128966.59
[rosout][INFO] 2022-01-25 16:42:50,594: hello world 1643128970.59
[rosout][INFO] 2022-01-25 16:42:54,593: hello world 1643128974.59
[rosout][INFO] 2022-01-25 16:42:58,594: hello world 1643128978.59
[rosout][INFO] 2022-01-25 16:43:02,594: hello world 1643128982.59
[rosout][INFO] 2022-01-25 16:43:06,593: hello world 1643128986.59
[rosout][INFO] 2022-01-25 16:43:10,593: hello world 1643128990.59
[rosout][INFO] 2022-01-25 16:43:14,593: hello world 1643128994.59
[rosout][INFO] 2022-01-25 16:43:18,593: hello world 1643128998.59
[rosout][INFO] 2022-01-25 16:43:22,590: hello world 1643129002.59
[rosout][INFO] 2022-01-25 16:43:26,593: hello world 1643129006.59
[rosout][INFO] 2022-01-25 16:43:30,594: hello world 1643129010.59
[rosout][INFO] 2022-01-25 16:43:34,593: hello world 1643129014.59
[rosout][INFO] 2022-01-25 16:43:38,593: hello world 1643129018.59
[rosout][INFO] 2022-01-25 16:43:42,593: hello world 1643129022.59
[rosout][INFO] 2022-01-25 16:43:46,594: hello world 1643129026.59
[rosout][INFO] 2022-01-25 16:43:50,594: hello world 1643129030.59
[rosout][INFO] 2022-01-25 16:43:54,593: hello world 1643129034.59
[rosout][INFO] 2022-01-25 16:43:58,593: hello world 1643129038.59
[rosout][INFO] 2022-01-25 16:44:02,593: hello world 1643129042.59
[rosout][INFO] 2022-01-25 16:44:06,594: hello world 1643129046.59
[rosout][INFO] 2022-01-25 16:44:10,593: hello world 1643129050.59
[rosout][INFO] 2022-01-25 16:44:14,594: hello world 1643129054.59
[rosout][INFO] 2022-01-25 16:44:18,594: hello world 1643129058.59
[rosout][INFO] 2022-01-25 16:44:22,593: hello world 1643129062.59
[rosout][INFO] 2022-01-25 16:44:26,594: hello world 1643129066.59
[rosout][INFO] 2022-01-25 16:44:30,594: hello world 1643129070.59
[rosout][INFO] 2022-01-25 16:44:34,594: hello world 1643129074.59
[rosout][INFO] 2022-01-25 16:44:38,594: hello world 1643129078.59
[rosout][INFO] 2022-01-25 16:44:42,594: hello world 1643129082.59
[rosout][INFO] 2022-01-25 16:44:46,594: hello world 1643129086.59
[rosout][INFO] 2022-01-25 16:44:50,594: hello world 1643129090.59
[rosout][INFO] 2022-01-25 16:44:54,592: hello world 1643129094.59
[rosout][INFO] 2022-01-25 16:44:58,593: hello world 1643129098.59
[rosout][INFO] 2022-01-25 16:45:02,594: hello world 1643129102.59
[rosout][INFO] 2022-01-25 16:45:06,591: hello world 1643129106.59
[rosout][INFO] 2022-01-25 16:45:10,593: hello world 1643129110.59
[rosout][INFO] 2022-01-25 16:45:14,594: hello world 1643129114.59
[rosout][INFO] 2022-01-25 16:45:18,594: hello world 1643129118.59
[rosout][INFO] 2022-01-25 16:45:22,594: hello world 1643129122.59
[rosout][INFO] 2022-01-25 16:45:26,593: hello world 1643129126.59
[rosout][INFO] 2022-01-25 16:45:30,592: hello world 1643129130.59
[rosout][INFO] 2022-01-25 16:45:34,594: hello world 1643129134.59
[rosout][INFO] 2022-01-25 16:45:38,591: hello world 1643129138.59
[rosout][INFO] 2022-01-25 16:45:42,594: hello world 1643129142.59
[rosout][INFO] 2022-01-25 16:45:46,594: hello world 1643129146.59
[rosout][INFO] 2022-01-25 16:45:50,594: hello world 1643129150.59
[rosout][INFO] 2022-01-25 16:45:54,595: hello world 1643129154.59
[rosout][INFO] 2022-01-25 16:45:58,594: hello world 1643129158.59
[rosout][INFO] 2022-01-25 16:46:02,594: hello world 1643129162.59
[rosout][INFO] 2022-01-25 16:46:06,593: hello world 1643129166.59
[rosout][INFO] 2022-01-25 16:46:10,595: hello world 1643129170.59
[rosout][INFO] 2022-01-25 16:46:14,592: hello world 1643129174.59
[rosout][INFO] 2022-01-25 16:46:18,593: hello world 1643129178.59
[rosout][INFO] 2022-01-25 16:46:22,594: hello world 1643129182.59
[rosout][INFO] 2022-01-25 16:46:26,594: hello world 1643129186.59
[rosout][INFO] 2022-01-25 16:46:30,593: hello world 1643129190.59
[rosout][INFO] 2022-01-25 16:46:34,594: hello world 1643129194.59
[rosout][INFO] 2022-01-25 16:46:38,595: hello world 1643129198.59
[rosout][INFO] 2022-01-25 16:46:42,593: hello world 1643129202.59
[rosout][INFO] 2022-01-25 16:46:46,594: hello world 1643129206.59
[rosout][INFO] 2022-01-25 16:46:50,594: hello world 1643129210.59
[rosout][INFO] 2022-01-25 16:46:54,594: hello world 1643129214.59
[rosout][INFO] 2022-01-25 16:46:58,594: hello world 1643129218.59
[rosout][INFO] 2022-01-25 16:47:02,594: hello world 1643129222.59
[rosout][INFO] 2022-01-25 16:47:06,593: hello world 1643129226.59
[rosout][INFO] 2022-01-25 16:47:10,594: hello world 1643129230.59
[rosout][INFO] 2022-01-25 16:47:14,594: hello world 1643129234.59
[rosout][INFO] 2022-01-25 16:47:18,594: hello world 1643129238.59
[rosout][INFO] 2022-01-25 16:47:22,594: hello world 1643129242.59
[rosout][INFO] 2022-01-25 16:47:26,594: hello world 1643129246.59
[rosout][INFO] 2022-01-25 16:47:30,590: hello world 1643129250.59
[rosout][INFO] 2022-01-25 16:47:34,594: hello world 1643129254.59
[rosout][INFO] 2022-01-25 16:47:38,594: hello world 1643129258.59
[rosout][INFO] 2022-01-25 16:47:42,594: hello world 1643129262.59
[rosout][INFO] 2022-01-25 16:47:46,593: hello world 1643129266.59
[rosout][INFO] 2022-01-25 16:47:50,594: hello world 1643129270.59
[rosout][INFO] 2022-01-25 16:47:54,594: hello world 1643129274.59
[rosout][INFO] 2022-01-25 16:47:58,593: hello world 1643129278.59
[rosout][INFO] 2022-01-25 16:48:02,594: hello world 1643129282.59
[rosout][INFO] 2022-01-25 16:48:06,594: hello world 1643129286.59
[rosout][INFO] 2022-01-25 16:48:10,594: hello world 1643129290.59
[rosout][INFO] 2022-01-25 16:48:14,594: hello world 1643129294.59
[rosout][INFO] 2022-01-25 16:48:18,593: hello world 1643129298.59
[rosout][INFO] 2022-01-25 16:48:22,594: hello world 1643129302.59
[rosout][INFO] 2022-01-25 16:48:26,594: hello world 1643129306.59
[rosout][INFO] 2022-01-25 16:48:30,594: hello world 1643129310.59
[rosout][INFO] 2022-01-25 16:48:34,594: hello world 1643129314.59
[rosout][INFO] 2022-01-25 16:48:38,594: hello world 1643129318.59
[rosout][INFO] 2022-01-25 16:48:42,591: hello world 1643129322.59
[rosout][INFO] 2022-01-25 16:48:46,594: hello world 1643129326.59
[rosout][INFO] 2022-01-25 16:48:50,594: hello world 1643129330.59
[rosout][INFO] 2022-01-25 16:48:54,594: hello world 1643129334.59
[rosout][INFO] 2022-01-25 16:48:58,594: hello world 1643129338.59
[rosout][INFO] 2022-01-25 16:49:02,593: hello world 1643129342.59
[rosout][INFO] 2022-01-25 16:49:06,594: hello world 1643129346.59
[rosout][INFO] 2022-01-25 16:49:10,594: hello world 1643129350.59
[rosout][INFO] 2022-01-25 16:49:14,593: hello world 1643129354.59
[rosout][INFO] 2022-01-25 16:49:18,594: hello world 1643129358.59
[rosout][INFO] 2022-01-25 16:49:22,594: hello world 1643129362.59
[rosout][INFO] 2022-01-25 16:49:26,593: hello world 1643129366.59
[rosout][INFO] 2022-01-25 16:49:30,594: hello world 1643129370.59
[rosout][INFO] 2022-01-25 16:49:34,593: hello world 1643129374.59
[rosout][INFO] 2022-01-25 16:49:38,594: hello world 1643129378.59
[rosout][INFO] 2022-01-25 16:49:42,594: hello world 1643129382.59
[rosout][INFO] 2022-01-25 16:49:46,594: hello world 1643129386.59
[rosout][INFO] 2022-01-25 16:49:50,594: hello world 1643129390.59
[rosout][INFO] 2022-01-25 16:49:54,593: hello world 1643129394.59
[rosout][INFO] 2022-01-25 16:49:58,594: hello world 1643129398.59
[rosout][INFO] 2022-01-25 16:50:02,593: hello world 1643129402.59
[rosout][INFO] 2022-01-25 16:50:06,593: hello world 1643129406.59
[rosout][INFO] 2022-01-25 16:50:10,591: hello world 1643129410.59
[rosout][INFO] 2022-01-25 16:50:14,593: hello world 1643129414.59
[rosout][INFO] 2022-01-25 16:50:18,593: hello world 1643129418.59
[rosout][INFO] 2022-01-25 16:50:22,593: hello world 1643129422.59
[rosout][INFO] 2022-01-25 16:50:26,594: hello world 1643129426.59
[rosout][INFO] 2022-01-25 16:50:30,594: hello world 1643129430.59
[rosout][INFO] 2022-01-25 16:50:34,594: hello world 1643129434.59
[rosout][INFO] 2022-01-25 16:50:38,594: hello world 1643129438.59
[rosout][INFO] 2022-01-25 16:50:42,594: hello world 1643129442.59
[rosout][INFO] 2022-01-25 16:50:46,594: hello world 1643129446.59
[rosout][INFO] 2022-01-25 16:50:50,594: hello world 1643129450.59
[rosout][INFO] 2022-01-25 16:50:54,593: hello world 1643129454.59
[rosout][INFO] 2022-01-25 16:50:58,594: hello world 1643129458.59
[rosout][INFO] 2022-01-25 16:51:02,593: hello world 1643129462.59
[rosout][INFO] 2022-01-25 16:51:06,593: hello world 1643129466.59
[rosout][INFO] 2022-01-25 16:51:10,593: hello world 1643129470.59
[rosout][INFO] 2022-01-25 16:51:14,594: hello world 1643129474.59
[rosout][INFO] 2022-01-25 16:51:18,594: hello world 1643129478.59
[rosout][INFO] 2022-01-25 16:51:22,594: hello world 1643129482.59
[rosout][INFO] 2022-01-25 16:51:26,594: hello world 1643129486.59
[rosout][INFO] 2022-01-25 16:51:30,593: hello world 1643129490.59
[rosout][INFO] 2022-01-25 16:51:34,593: hello world 1643129494.59
[rosout][INFO] 2022-01-25 16:51:38,594: hello world 1643129498.59
[rosout][INFO] 2022-01-25 16:51:42,594: hello world 1643129502.59
[rosout][INFO] 2022-01-25 16:51:46,592: hello world 1643129506.59
[rosout][INFO] 2022-01-25 16:51:50,594: hello world 1643129510.59
[rosout][INFO] 2022-01-25 16:51:54,592: hello world 1643129514.59
[rosout][INFO] 2022-01-25 16:51:58,594: hello world 1643129518.59
[rosout][INFO] 2022-01-25 16:52:02,594: hello world 1643129522.59
[rosout][INFO] 2022-01-25 16:52:06,593: hello world 1643129526.59
[rosout][INFO] 2022-01-25 16:52:10,593: hello world 1643129530.59
[rosout][INFO] 2022-01-25 16:52:14,592: hello world 1643129534.59
[rosout][INFO] 2022-01-25 16:52:18,594: hello world 1643129538.59
[rosout][INFO] 2022-01-25 16:52:22,593: hello world 1643129542.59
[rosout][INFO] 2022-01-25 16:52:26,593: hello world 1643129546.59
[rosout][INFO] 2022-01-25 16:52:30,594: hello world 1643129550.59
[rosout][INFO] 2022-01-25 16:52:34,594: hello world 1643129554.59
[rosout][INFO] 2022-01-25 16:52:38,593: hello world 1643129558.59
[rosout][INFO] 2022-01-25 16:52:42,594: hello world 1643129562.59
[rosout][INFO] 2022-01-25 16:52:46,594: hello world 1643129566.59
[rosout][INFO] 2022-01-25 16:52:50,594: hello world 1643129570.59
[rosout][INFO] 2022-01-25 16:52:54,594: hello world 1643129574.59
[rosout][INFO] 2022-01-25 16:52:58,594: hello world 1643129578.59
[rosout][INFO] 2022-01-25 16:53:02,591: hello world 1643129582.59
[rosout][INFO] 2022-01-25 16:53:06,594: hello world 1643129586.59
[rosout][INFO] 2022-01-25 16:53:10,594: hello world 1643129590.59
[rosout][INFO] 2022-01-25 16:53:14,593: hello world 1643129594.59
[rosout][INFO] 2022-01-25 16:53:18,593: hello world 1643129598.59
[rosout][INFO] 2022-01-25 16:53:22,594: hello world 1643129602.59
[rosout][INFO] 2022-01-25 16:53:26,594: hello world 1643129606.59
[rosout][INFO] 2022-01-25 16:53:30,594: hello world 1643129610.59
[rosout][INFO] 2022-01-25 16:53:34,594: hello world 1643129614.59
[rosout][INFO] 2022-01-25 16:53:38,593: hello world 1643129618.59
[rosout][INFO] 2022-01-25 16:53:42,591: hello world 1643129622.59
[rosout][INFO] 2022-01-25 16:53:46,594: hello world 1643129626.59
[rosout][INFO] 2022-01-25 16:53:50,593: hello world 1643129630.59
[rosout][INFO] 2022-01-25 16:53:54,594: hello world 1643129634.59
[rosout][INFO] 2022-01-25 16:53:58,594: hello world 1643129638.59
[rosout][INFO] 2022-01-25 16:54:02,594: hello world 1643129642.59
[rosout][INFO] 2022-01-25 16:54:06,594: hello world 1643129646.59
[rosout][INFO] 2022-01-25 16:54:10,594: hello world 1643129650.59
[rosout][INFO] 2022-01-25 16:54:14,594: hello world 1643129654.59
[rosout][INFO] 2022-01-25 16:54:18,594: hello world 1643129658.59
[rosout][INFO] 2022-01-25 16:54:22,593: hello world 1643129662.59
[rosout][INFO] 2022-01-25 16:54:26,594: hello world 1643129666.59
[rosout][INFO] 2022-01-25 16:54:30,594: hello world 1643129670.59
[rosout][INFO] 2022-01-25 16:54:34,594: hello world 1643129674.59
[rosout][INFO] 2022-01-25 16:54:38,594: hello world 1643129678.59
[rosout][INFO] 2022-01-25 16:54:42,593: hello world 1643129682.59
[rosout][INFO] 2022-01-25 16:54:46,594: hello world 1643129686.59
[rosout][INFO] 2022-01-25 16:54:50,594: hello world 1643129690.59
[rosout][INFO] 2022-01-25 16:54:54,593: hello world 1643129694.59
[rosout][INFO] 2022-01-25 16:54:58,594: hello world 1643129698.59
[rosout][INFO] 2022-01-25 16:55:02,594: hello world 1643129702.59
[rosout][INFO] 2022-01-25 16:55:06,594: hello world 1643129706.59
[rosout][INFO] 2022-01-25 16:55:10,594: hello world 1643129710.59
[rosout][INFO] 2022-01-25 16:55:14,594: hello world 1643129714.59
[rosout][INFO] 2022-01-25 16:55:18,593: hello world 1643129718.59
[rosout][INFO] 2022-01-25 16:55:22,593: hello world 1643129722.59
[rosout][INFO] 2022-01-25 16:55:26,593: hello world 1643129726.59
[rosout][INFO] 2022-01-25 16:55:30,592: hello world 1643129730.59
[rosout][INFO] 2022-01-25 16:55:34,593: hello world 1643129734.59
[rosout][INFO] 2022-01-25 16:55:38,593: hello world 1643129738.59
[rosout][INFO] 2022-01-25 16:55:42,594: hello world 1643129742.59
[rosout][INFO] 2022-01-25 16:55:46,594: hello world 1643129746.59
[rosout][INFO] 2022-01-25 16:55:50,590: hello world 1643129750.59
[rosout][INFO] 2022-01-25 16:55:54,594: hello world 1643129754.59
[rosout][INFO] 2022-01-25 16:55:58,593: hello world 1643129758.59
[rosout][INFO] 2022-01-25 16:56:02,594: hello world 1643129762.59
[rosout][INFO] 2022-01-25 16:56:06,594: hello world 1643129766.59
[rosout][INFO] 2022-01-25 16:56:10,594: hello world 1643129770.59
[rosout][INFO] 2022-01-25 16:56:14,593: hello world 1643129774.59
[rosout][INFO] 2022-01-25 16:56:18,594: hello world 1643129778.59
[rosout][INFO] 2022-01-25 16:56:22,593: hello world 1643129782.59
[rosout][INFO] 2022-01-25 16:56:26,594: hello world 1643129786.59
[rosout][INFO] 2022-01-25 16:56:30,594: hello world 1643129790.59
[rosout][INFO] 2022-01-25 16:56:34,592: hello world 1643129794.59
[rosout][INFO] 2022-01-25 16:56:38,593: hello world 1643129798.59
[rosout][INFO] 2022-01-25 16:56:42,594: hello world 1643129802.59
[rosout][INFO] 2022-01-25 16:56:46,593: hello world 1643129806.59
[rosout][INFO] 2022-01-25 16:56:50,594: hello world 1643129810.59
[rosout][INFO] 2022-01-25 16:56:54,594: hello world 1643129814.59
[rosout][INFO] 2022-01-25 16:56:58,591: hello world 1643129818.59
[rosout][INFO] 2022-01-25 16:57:02,594: hello world 1643129822.59
[rosout][INFO] 2022-01-25 16:57:06,594: hello world 1643129826.59
[rosout][INFO] 2022-01-25 16:57:10,594: hello world 1643129830.59
[rosout][INFO] 2022-01-25 16:57:14,594: hello world 1643129834.59
[rosout][INFO] 2022-01-25 16:57:18,594: hello world 1643129838.59
[rosout][INFO] 2022-01-25 16:57:22,593: hello world 1643129842.59
[rosout][INFO] 2022-01-25 16:57:26,593: hello world 1643129846.59
[rosout][INFO] 2022-01-25 16:57:30,594: hello world 1643129850.59
[rosout][INFO] 2022-01-25 16:57:34,593: hello world 1643129854.59
[rosout][INFO] 2022-01-25 16:57:38,594: hello world 1643129858.59
[rosout][INFO] 2022-01-25 16:57:42,594: hello world 1643129862.59
[rosout][INFO] 2022-01-25 16:57:46,594: hello world 1643129866.59
[rosout][INFO] 2022-01-25 16:57:50,594: hello world 1643129870.59
[rosout][INFO] 2022-01-25 16:57:54,595: hello world 1643129874.59
[rosout][INFO] 2022-01-25 16:57:58,594: hello world 1643129878.59
[rosout][INFO] 2022-01-25 16:58:02,594: hello world 1643129882.59
[rosout][INFO] 2022-01-25 16:58:06,594: hello world 1643129886.59
[rosout][INFO] 2022-01-25 16:58:10,593: hello world 1643129890.59
[rosout][INFO] 2022-01-25 16:58:14,594: hello world 1643129894.59
[rosout][INFO] 2022-01-25 16:58:18,594: hello world 1643129898.59
[rosout][INFO] 2022-01-25 16:58:22,592: hello world 1643129902.59
[rosout][INFO] 2022-01-25 16:58:26,594: hello world 1643129906.59
[rosout][INFO] 2022-01-25 16:58:30,593: hello world 1643129910.59
[rosout][INFO] 2022-01-25 16:58:34,594: hello world 1643129914.59
[rosout][INFO] 2022-01-25 16:58:38,594: hello world 1643129918.59
[rosout][INFO] 2022-01-25 16:58:42,593: hello world 1643129922.59
[rosout][INFO] 2022-01-25 16:58:46,594: hello world 1643129926.59
[rosout][INFO] 2022-01-25 16:58:50,595: hello world 1643129930.59
[rosout][INFO] 2022-01-25 16:58:54,594: hello world 1643129934.59
[rosout][INFO] 2022-01-25 16:58:58,594: hello world 1643129938.59
[rosout][INFO] 2022-01-25 16:59:02,594: hello world 1643129942.59
[rosout][INFO] 2022-01-25 16:59:06,594: hello world 1643129946.59
[rosout][INFO] 2022-01-25 16:59:10,593: hello world 1643129950.59
[rosout][INFO] 2022-01-25 16:59:14,591: hello world 1643129954.59
[rosout][INFO] 2022-01-25 16:59:18,592: hello world 1643129958.59
[rosout][INFO] 2022-01-25 16:59:22,594: hello world 1643129962.59
[rosout][INFO] 2022-01-25 16:59:26,594: hello world 1643129966.59
[rosout][INFO] 2022-01-25 16:59:30,594: hello world 1643129970.59
[rosout][INFO] 2022-01-25 16:59:34,594: hello world 1643129974.59
[rosout][INFO] 2022-01-25 16:59:38,594: hello world 1643129978.59
[rosout][INFO] 2022-01-25 16:59:42,593: hello world 1643129982.59
[rosout][INFO] 2022-01-25 16:59:46,594: hello world 1643129986.59
[rosout][INFO] 2022-01-25 16:59:50,594: hello world 1643129990.59
[rosout][INFO] 2022-01-25 16:59:54,593: hello world 1643129994.59
[rosout][INFO] 2022-01-25 16:59:58,593: hello world 1643129998.59
[rosout][INFO] 2022-01-25 17:00:02,594: hello world 1643130002.59
[rosout][INFO] 2022-01-25 17:00:06,594: hello world 1643130006.59
[rosout][INFO] 2022-01-25 17:00:10,593: hello world 1643130010.59
[rosout][INFO] 2022-01-25 17:00:14,594: hello world 1643130014.59
[rosout][INFO] 2022-01-25 17:00:18,594: hello world 1643130018.59
[rosout][INFO] 2022-01-25 17:00:22,594: hello world 1643130022.59
[rosout][INFO] 2022-01-25 17:00:26,591: hello world 1643130026.59
[rosout][INFO] 2022-01-25 17:00:30,593: hello world 1643130030.59
[rosout][INFO] 2022-01-25 17:00:34,594: hello world 1643130034.59
[rosout][INFO] 2022-01-25 17:00:38,593: hello world 1643130038.59
[rosout][INFO] 2022-01-25 17:00:42,594: hello world 1643130042.59
[rosout][INFO] 2022-01-25 17:00:46,594: hello world 1643130046.59
[rosout][INFO] 2022-01-25 17:00:50,594: hello world 1643130050.59
[rosout][INFO] 2022-01-25 17:00:54,594: hello world 1643130054.59
[rosout][INFO] 2022-01-25 17:00:58,594: hello world 1643130058.59
[rosout][INFO] 2022-01-25 17:01:02,594: hello world 1643130062.59
[rosout][INFO] 2022-01-25 17:01:06,594: hello world 1643130066.59
[rosout][INFO] 2022-01-25 17:01:10,594: hello world 1643130070.59
[rosout][INFO] 2022-01-25 17:01:14,593: hello world 1643130074.59
[rosout][INFO] 2022-01-25 17:01:18,594: hello world 1643130078.59
[rosout][INFO] 2022-01-25 17:01:22,592: hello world 1643130082.59
[rosout][INFO] 2022-01-25 17:01:26,593: hello world 1643130086.59
[rosout][INFO] 2022-01-25 17:01:30,593: hello world 1643130090.59
[rosout][INFO] 2022-01-25 17:01:34,592: hello world 1643130094.59
[rosout][INFO] 2022-01-25 17:01:38,594: hello world 1643130098.59
[rosout][INFO] 2022-01-25 17:01:42,595: hello world 1643130102.59
[rosout][INFO] 2022-01-25 17:01:46,594: hello world 1643130106.59
[rosout][INFO] 2022-01-25 17:01:50,594: hello world 1643130110.59
[rosout][INFO] 2022-01-25 17:01:54,593: hello world 1643130114.59
[rosout][INFO] 2022-01-25 17:01:58,594: hello world 1643130118.59
[rosout][INFO] 2022-01-25 17:02:02,594: hello world 1643130122.59
[rosout][INFO] 2022-01-25 17:02:06,594: hello world 1643130126.59
[rosout][INFO] 2022-01-25 17:02:10,594: hello world 1643130130.59
[rosout][INFO] 2022-01-25 17:02:14,594: hello world 1643130134.59
[rosout][INFO] 2022-01-25 17:02:18,594: hello world 1643130138.59
[rosout][INFO] 2022-01-25 17:02:22,594: hello world 1643130142.59
[rosout][INFO] 2022-01-25 17:02:26,594: hello world 1643130146.59
[rosout][INFO] 2022-01-25 17:02:30,592: hello world 1643130150.59
[rosout][INFO] 2022-01-25 17:02:34,594: hello world 1643130154.59
[rosout][INFO] 2022-01-25 17:02:38,594: hello world 1643130158.59
[rosout][INFO] 2022-01-25 17:02:42,594: hello world 1643130162.59
[rosout][INFO] 2022-01-25 17:02:46,594: hello world 1643130166.59
[rosout][INFO] 2022-01-25 17:02:50,594: hello world 1643130170.59
[rosout][INFO] 2022-01-25 17:02:54,593: hello world 1643130174.59
[rosout][INFO] 2022-01-25 17:02:58,594: hello world 1643130178.59
[rosout][INFO] 2022-01-25 17:03:02,594: hello world 1643130182.59
[rosout][INFO] 2022-01-25 17:03:06,597: hello world 1643130186.6
[rosout][INFO] 2022-01-25 17:03:10,594: hello world 1643130190.59
[rosout][INFO] 2022-01-25 17:03:14,594: hello world 1643130194.59
[rosout][INFO] 2022-01-25 17:03:18,593: hello world 1643130198.59
[rosout][INFO] 2022-01-25 17:03:22,594: hello world 1643130202.59
[rosout][INFO] 2022-01-25 17:03:26,594: hello world 1643130206.59
[rosout][INFO] 2022-01-25 17:03:30,594: hello world 1643130210.59
[rosout][INFO] 2022-01-25 17:03:34,593: hello world 1643130214.59
[rosout][INFO] 2022-01-25 17:03:38,595: hello world 1643130218.59
[rosout][INFO] 2022-01-25 17:03:42,594: hello world 1643130222.59
[rosout][INFO] 2022-01-25 17:03:46,593: hello world 1643130226.59
[rosout][INFO] 2022-01-25 17:03:50,594: hello world 1643130230.59
[rosout][INFO] 2022-01-25 17:03:54,593: hello world 1643130234.59
[rosout][INFO] 2022-01-25 17:03:58,593: hello world 1643130238.59
[rosout][INFO] 2022-01-25 17:04:02,594: hello world 1643130242.59
[rosout][INFO] 2022-01-25 17:04:06,594: hello world 1643130246.59
[rosout][INFO] 2022-01-25 17:04:10,595: hello world 1643130250.59
[rosout][INFO] 2022-01-25 17:04:14,594: hello world 1643130254.59
[rosout][INFO] 2022-01-25 17:04:18,593: hello world 1643130258.59
[rosout][INFO] 2022-01-25 17:04:22,594: hello world 1643130262.59
[rosout][INFO] 2022-01-25 17:04:26,594: hello world 1643130266.59
[rosout][INFO] 2022-01-25 17:04:30,594: hello world 1643130270.59
[rosout][INFO] 2022-01-25 17:04:34,594: hello world 1643130274.59
[rosout][INFO] 2022-01-25 17:04:38,594: hello world 1643130278.59
[rosout][INFO] 2022-01-25 17:04:42,594: hello world 1643130282.59
[rosout][INFO] 2022-01-25 17:04:46,593: hello world 1643130286.59
[rosout][INFO] 2022-01-25 17:04:50,593: hello world 1643130290.59
[rosout][INFO] 2022-01-25 17:04:54,594: hello world 1643130294.59
[rosout][INFO] 2022-01-25 17:04:58,594: hello world 1643130298.59
[rosout][INFO] 2022-01-25 17:05:02,594: hello world 1643130302.59
[rosout][INFO] 2022-01-25 17:05:06,593: hello world 1643130306.59
[rosout][INFO] 2022-01-25 17:05:10,594: hello world 1643130310.59
[rosout][INFO] 2022-01-25 17:05:14,594: hello world 1643130314.59
[rosout][INFO] 2022-01-25 17:05:18,594: hello world 1643130318.59
[rosout][INFO] 2022-01-25 17:05:22,594: hello world 1643130322.59
[rosout][INFO] 2022-01-25 17:05:26,594: hello world 1643130326.59
[rosout][INFO] 2022-01-25 17:05:30,593: hello world 1643130330.59
[rosout][INFO] 2022-01-25 17:05:34,593: hello world 1643130334.59
[rosout][INFO] 2022-01-25 17:05:38,591: hello world 1643130338.59
[rosout][INFO] 2022-01-25 17:05:42,594: hello world 1643130342.59
[rosout][INFO] 2022-01-25 17:05:46,594: hello world 1643130346.59
[rosout][INFO] 2022-01-25 17:05:50,594: hello world 1643130350.59
[rosout][INFO] 2022-01-25 17:05:54,594: hello world 1643130354.59
[rosout][INFO] 2022-01-25 17:05:58,594: hello world 1643130358.59
[rosout][INFO] 2022-01-25 17:06:02,593: hello world 1643130362.59
[rosout][INFO] 2022-01-25 17:06:06,594: hello world 1643130366.59
[rosout][INFO] 2022-01-25 17:06:10,594: hello world 1643130370.59
[rosout][INFO] 2022-01-25 17:06:14,594: hello world 1643130374.59
[rosout][INFO] 2022-01-25 17:06:18,594: hello world 1643130378.59
[rosout][INFO] 2022-01-25 17:06:22,593: hello world 1643130382.59
[rosout][INFO] 2022-01-25 17:06:26,594: hello world 1643130386.59
[rosout][INFO] 2022-01-25 17:06:30,594: hello world 1643130390.59
[rosout][INFO] 2022-01-25 17:06:34,594: hello world 1643130394.59
[rosout][INFO] 2022-01-25 17:06:38,594: hello world 1643130398.59
[rosout][INFO] 2022-01-25 17:06:42,591: hello world 1643130402.59
[rosout][INFO] 2022-01-25 17:06:46,594: hello world 1643130406.59
[rosout][INFO] 2022-01-25 17:06:50,594: hello world 1643130410.59
[rosout][INFO] 2022-01-25 17:06:54,593: hello world 1643130414.59
[rosout][INFO] 2022-01-25 17:06:58,592: hello world 1643130418.59
[rosout][INFO] 2022-01-25 17:07:02,593: hello world 1643130422.59
[rosout][INFO] 2022-01-25 17:07:06,593: hello world 1643130426.59
[rosout][INFO] 2022-01-25 17:07:10,594: hello world 1643130430.59
[rosout][INFO] 2022-01-25 17:07:14,592: hello world 1643130434.59
[rosout][INFO] 2022-01-25 17:07:18,594: hello world 1643130438.59
[rosout][INFO] 2022-01-25 17:07:22,594: hello world 1643130442.59
[rosout][INFO] 2022-01-25 17:07:26,594: hello world 1643130446.59
[rosout][INFO] 2022-01-25 17:07:30,594: hello world 1643130450.59
[rosout][INFO] 2022-01-25 17:07:34,593: hello world 1643130454.59
[rosout][INFO] 2022-01-25 17:07:38,593: hello world 1643130458.59
[rosout][INFO] 2022-01-25 17:07:42,594: hello world 1643130462.59
[rosout][INFO] 2022-01-25 17:07:46,594: hello world 1643130466.59
[rosout][INFO] 2022-01-25 17:07:50,594: hello world 1643130470.59
[rosout][INFO] 2022-01-25 17:07:54,593: hello world 1643130474.59
[rosout][INFO] 2022-01-25 17:07:58,593: hello world 1643130478.59
[rosout][INFO] 2022-01-25 17:08:02,593: hello world 1643130482.59
[rosout][INFO] 2022-01-25 17:08:06,594: hello world 1643130486.59
[rosout][INFO] 2022-01-25 17:08:10,593: hello world 1643130490.59
[rosout][INFO] 2022-01-25 17:08:14,594: hello world 1643130494.59
[rosout][INFO] 2022-01-25 17:08:18,594: hello world 1643130498.59
[rosout][INFO] 2022-01-25 17:08:22,594: hello world 1643130502.59
[rosout][INFO] 2022-01-25 17:08:26,594: hello world 1643130506.59
[rosout][INFO] 2022-01-25 17:08:30,594: hello world 1643130510.59
[rosout][INFO] 2022-01-25 17:08:34,593: hello world 1643130514.59
[rosout][INFO] 2022-01-25 17:08:38,594: hello world 1643130518.59
[rosout][INFO] 2022-01-25 17:08:42,594: hello world 1643130522.59
[rosout][INFO] 2022-01-25 17:08:46,593: hello world 1643130526.59
[rosout][INFO] 2022-01-25 17:08:50,594: hello world 1643130530.59
[rosout][INFO] 2022-01-25 17:08:54,592: hello world 1643130534.59
[rosout][INFO] 2022-01-25 17:08:58,594: hello world 1643130538.59
[rosout][INFO] 2022-01-25 17:09:02,594: hello world 1643130542.59
[rosout][INFO] 2022-01-25 17:09:06,594: hello world 1643130546.59
[rosout][INFO] 2022-01-25 17:09:10,594: hello world 1643130550.59
[rosout][INFO] 2022-01-25 17:09:14,593: hello world 1643130554.59
[rosout][INFO] 2022-01-25 17:09:18,595: hello world 1643130558.59
[rosout][INFO] 2022-01-25 17:09:22,594: hello world 1643130562.59
[rosout][INFO] 2022-01-25 17:09:26,594: hello world 1643130566.59
[rosout][INFO] 2022-01-25 17:09:30,594: hello world 1643130570.59
[rosout][INFO] 2022-01-25 17:09:34,593: hello world 1643130574.59
[rosout][INFO] 2022-01-25 17:09:38,594: hello world 1643130578.59
[rosout][INFO] 2022-01-25 17:09:42,594: hello world 1643130582.59
[rosout][INFO] 2022-01-25 17:09:46,593: hello world 1643130586.59
[rosout][INFO] 2022-01-25 17:09:50,594: hello world 1643130590.59
[rosout][INFO] 2022-01-25 17:09:54,594: hello world 1643130594.59
[rosout][INFO] 2022-01-25 17:09:58,594: hello world 1643130598.59
[rosout][INFO] 2022-01-25 17:10:02,593: hello world 1643130602.59
[rosout][INFO] 2022-01-25 17:10:06,594: hello world 1643130606.59
[rosout][INFO] 2022-01-25 17:10:10,594: hello world 1643130610.59
[rosout][INFO] 2022-01-25 17:10:14,594: hello world 1643130614.59
[rosout][INFO] 2022-01-25 17:10:18,594: hello world 1643130618.59
[rosout][INFO] 2022-01-25 17:10:22,594: hello world 1643130622.59
[rosout][INFO] 2022-01-25 17:10:26,594: hello world 1643130626.59
[rosout][INFO] 2022-01-25 17:10:30,593: hello world 1643130630.59
[rosout][INFO] 2022-01-25 17:10:34,593: hello world 1643130634.59
[rosout][INFO] 2022-01-25 17:10:38,594: hello world 1643130638.59
[rosout][INFO] 2022-01-25 17:10:42,594: hello world 1643130642.59
[rosout][INFO] 2022-01-25 17:10:46,591: hello world 1643130646.59
[rosout][INFO] 2022-01-25 17:10:50,593: hello world 1643130650.59
[rosout][INFO] 2022-01-25 17:10:54,594: hello world 1643130654.59
[rosout][INFO] 2022-01-25 17:10:58,592: hello world 1643130658.59
[rosout][INFO] 2022-01-25 17:11:02,594: hello world 1643130662.59
[rosout][INFO] 2022-01-25 17:11:06,594: hello world 1643130666.59
[rosout][INFO] 2022-01-25 17:11:10,594: hello world 1643130670.59
[rosout][INFO] 2022-01-25 17:11:14,594: hello world 1643130674.59
[rosout][INFO] 2022-01-25 17:11:18,593: hello world 1643130678.59
[rosout][INFO] 2022-01-25 17:11:22,595: hello world 1643130682.59
[rosout][INFO] 2022-01-25 17:11:26,593: hello world 1643130686.59
[rosout][INFO] 2022-01-25 17:11:30,594: hello world 1643130690.59
[rosout][INFO] 2022-01-25 17:11:34,594: hello world 1643130694.59
[rosout][INFO] 2022-01-25 17:11:38,594: hello world 1643130698.59
[rosout][INFO] 2022-01-25 17:11:42,593: hello world 1643130702.59
[rosout][INFO] 2022-01-25 17:11:46,594: hello world 1643130706.59
[rosout][INFO] 2022-01-25 17:11:50,594: hello world 1643130710.59
[rosout][INFO] 2022-01-25 17:11:54,594: hello world 1643130714.59
[rosout][INFO] 2022-01-25 17:11:58,593: hello world 1643130718.59
[rosout][INFO] 2022-01-25 17:12:02,594: hello world 1643130722.59
[rosout][INFO] 2022-01-25 17:12:06,594: hello world 1643130726.59
[rosout][INFO] 2022-01-25 17:12:10,594: hello world 1643130730.59
[rosout][INFO] 2022-01-25 17:12:14,593: hello world 1643130734.59
[rosout][INFO] 2022-01-25 17:12:18,594: hello world 1643130738.59
[rosout][INFO] 2022-01-25 17:12:22,594: hello world 1643130742.59
[rosout][INFO] 2022-01-25 17:12:26,594: hello world 1643130746.59
[rosout][INFO] 2022-01-25 17:12:30,592: hello world 1643130750.59
[rosout][INFO] 2022-01-25 17:12:34,593: hello world 1643130754.59
[rosout][INFO] 2022-01-25 17:12:38,594: hello world 1643130758.59
[rosout][INFO] 2022-01-25 17:12:42,594: hello world 1643130762.59
[rosout][INFO] 2022-01-25 17:12:46,594: hello world 1643130766.59
[rosout][INFO] 2022-01-25 17:12:50,594: hello world 1643130770.59
[rosout][INFO] 2022-01-25 17:12:54,594: hello world 1643130774.59
[rosout][INFO] 2022-01-25 17:12:58,594: hello world 1643130778.59
[rosout][INFO] 2022-01-25 17:13:02,594: hello world 1643130782.59
[rosout][INFO] 2022-01-25 17:13:06,594: hello world 1643130786.59
[rosout][INFO] 2022-01-25 17:13:10,594: hello world 1643130790.59
[rosout][INFO] 2022-01-25 17:13:14,594: hello world 1643130794.59
[rosout][INFO] 2022-01-25 17:13:18,591: hello world 1643130798.59
[rosout][INFO] 2022-01-25 17:13:22,593: hello world 1643130802.59
[rosout][INFO] 2022-01-25 17:13:26,594: hello world 1643130806.59
[rosout][INFO] 2022-01-25 17:13:30,593: hello world 1643130810.59
[rosout][INFO] 2022-01-25 17:13:34,594: hello world 1643130814.59
[rosout][INFO] 2022-01-25 17:13:38,594: hello world 1643130818.59
[rosout][INFO] 2022-01-25 17:13:42,594: hello world 1643130822.59
[rosout][INFO] 2022-01-25 17:13:46,593: hello world 1643130826.59
[rosout][INFO] 2022-01-25 17:13:50,594: hello world 1643130830.59
[rosout][INFO] 2022-01-25 17:13:54,594: hello world 1643130834.59
[rosout][INFO] 2022-01-25 17:13:58,594: hello world 1643130838.59
[rosout][INFO] 2022-01-25 17:14:02,594: hello world 1643130842.59
[rosout][INFO] 2022-01-25 17:14:06,593: hello world 1643130846.59
[rosout][INFO] 2022-01-25 17:14:10,594: hello world 1643130850.59
[rosout][INFO] 2022-01-25 17:14:14,594: hello world 1643130854.59
[rosout][INFO] 2022-01-25 17:14:18,594: hello world 1643130858.59
[rosout][INFO] 2022-01-25 17:14:22,594: hello world 1643130862.59
[rosout][INFO] 2022-01-25 17:14:26,594: hello world 1643130866.59
[rosout][INFO] 2022-01-25 17:14:30,593: hello world 1643130870.59
[rosout][INFO] 2022-01-25 17:14:34,594: hello world 1643130874.59
[rosout][INFO] 2022-01-25 17:14:38,594: hello world 1643130878.59
[rosout][INFO] 2022-01-25 17:14:42,594: hello world 1643130882.59
[rosout][INFO] 2022-01-25 17:14:46,594: hello world 1643130886.59
[rosout][INFO] 2022-01-25 17:14:50,594: hello world 1643130890.59
[rosout][INFO] 2022-01-25 17:14:54,594: hello world 1643130894.59
[rosout][INFO] 2022-01-25 17:14:58,594: hello world 1643130898.59
[rosout][INFO] 2022-01-25 17:15:02,590: hello world 1643130902.59
[rosout][INFO] 2022-01-25 17:15:06,594: hello world 1643130906.59
[rosout][INFO] 2022-01-25 17:15:10,594: hello world 1643130910.59
[rosout][INFO] 2022-01-25 17:15:14,594: hello world 1643130914.59
[rosout][INFO] 2022-01-25 17:15:18,594: hello world 1643130918.59
[rosout][INFO] 2022-01-25 17:15:22,593: hello world 1643130922.59
[rosout][INFO] 2022-01-25 17:15:26,591: hello world 1643130926.59
[rosout][INFO] 2022-01-25 17:15:30,594: hello world 1643130930.59
[rosout][INFO] 2022-01-25 17:15:34,594: hello world 1643130934.59
[rosout][INFO] 2022-01-25 17:15:38,595: hello world 1643130938.6
[rosout][INFO] 2022-01-25 17:15:42,593: hello world 1643130942.59
[rosout][INFO] 2022-01-25 17:15:46,594: hello world 1643130946.59
[rosout][INFO] 2022-01-25 17:15:50,594: hello world 1643130950.59
[rosout][INFO] 2022-01-25 17:15:54,594: hello world 1643130954.59
[rosout][INFO] 2022-01-25 17:15:58,594: hello world 1643130958.59
[rosout][INFO] 2022-01-25 17:16:02,592: hello world 1643130962.59
[rosout][INFO] 2022-01-25 17:16:06,594: hello world 1643130966.59
[rosout][INFO] 2022-01-25 17:16:10,594: hello world 1643130970.59
[rosout][INFO] 2022-01-25 17:16:14,593: hello world 1643130974.59
[rosout][INFO] 2022-01-25 17:16:18,594: hello world 1643130978.59
[rosout][INFO] 2022-01-25 17:16:22,593: hello world 1643130982.59
[rosout][INFO] 2022-01-25 17:16:26,594: hello world 1643130986.59
[rosout][INFO] 2022-01-25 17:16:30,593: hello world 1643130990.59
[rosout][INFO] 2022-01-25 17:16:34,593: hello world 1643130994.59
[rosout][INFO] 2022-01-25 17:16:38,594: hello world 1643130998.59
[rosout][INFO] 2022-01-25 17:16:42,594: hello world 1643131002.59
[rosout][INFO] 2022-01-25 17:16:46,594: hello world 1643131006.59
[rosout][INFO] 2022-01-25 17:16:50,594: hello world 1643131010.59
[rosout][INFO] 2022-01-25 17:16:54,594: hello world 1643131014.59
[rosout][INFO] 2022-01-25 17:16:58,594: hello world 1643131018.59
[rosout][INFO] 2022-01-25 17:17:02,594: hello world 1643131022.59
[rosout][INFO] 2022-01-25 17:17:06,594: hello world 1643131026.59
[rosout][INFO] 2022-01-25 17:17:10,593: hello world 1643131030.59
[rosout][INFO] 2022-01-25 17:17:14,593: hello world 1643131034.59
[rosout][INFO] 2022-01-25 17:17:18,594: hello world 1643131038.59
[rosout][INFO] 2022-01-25 17:17:22,593: hello world 1643131042.59
[rosout][INFO] 2022-01-25 17:17:26,594: hello world 1643131046.59
[rosout][INFO] 2022-01-25 17:17:30,594: hello world 1643131050.59
[rosout][INFO] 2022-01-25 17:17:34,594: hello world 1643131054.59
[rosout][INFO] 2022-01-25 17:17:38,594: hello world 1643131058.59
[rosout][INFO] 2022-01-25 17:17:42,594: hello world 1643131062.59
[rosout][INFO] 2022-01-25 17:17:46,594: hello world 1643131066.59
[rosout][INFO] 2022-01-25 17:17:50,593: hello world 1643131070.59
[rosout][INFO] 2022-01-25 17:17:54,594: hello world 1643131074.59
[rosout][INFO] 2022-01-25 17:17:58,591: hello world 1643131078.59
[rosout][INFO] 2022-01-25 17:18:02,591: hello world 1643131082.59
[rosout][INFO] 2022-01-25 17:18:06,594: hello world 1643131086.59
[rosout][INFO] 2022-01-25 17:18:10,594: hello world 1643131090.59
[rosout][INFO] 2022-01-25 17:18:14,594: hello world 1643131094.59
[rosout][INFO] 2022-01-25 17:18:18,593: hello world 1643131098.59
[rosout][INFO] 2022-01-25 17:18:22,594: hello world 1643131102.59
[rosout][INFO] 2022-01-25 17:18:26,594: hello world 1643131106.59
[rosout][INFO] 2022-01-25 17:18:30,594: hello world 1643131110.59
[rosout][INFO] 2022-01-25 17:18:34,594: hello world 1643131114.59
[rosout][INFO] 2022-01-25 17:18:38,594: hello world 1643131118.59
[rosout][INFO] 2022-01-25 17:18:42,594: hello world 1643131122.59
[rosout][INFO] 2022-01-25 17:18:46,591: hello world 1643131126.59
[rosout][INFO] 2022-01-25 17:18:50,593: hello world 1643131130.59
[rosout][INFO] 2022-01-25 17:18:54,593: hello world 1643131134.59
[rosout][INFO] 2022-01-25 17:18:58,594: hello world 1643131138.59
[rosout][INFO] 2022-01-25 17:19:02,594: hello world 1643131142.59
[rosout][INFO] 2022-01-25 17:19:06,594: hello world 1643131146.59
[rosout][INFO] 2022-01-25 17:19:10,594: hello world 1643131150.59
[rosout][INFO] 2022-01-25 17:19:14,594: hello world 1643131154.59
[rosout][INFO] 2022-01-25 17:19:18,593: hello world 1643131158.59
[rosout][INFO] 2022-01-25 17:19:22,594: hello world 1643131162.59
[rosout][INFO] 2022-01-25 17:19:26,594: hello world 1643131166.59
[rosout][INFO] 2022-01-25 17:19:30,594: hello world 1643131170.59
[rosout][INFO] 2022-01-25 17:19:34,593: hello world 1643131174.59
[rosout][INFO] 2022-01-25 17:19:38,594: hello world 1643131178.59
[rosout][INFO] 2022-01-25 17:19:42,594: hello world 1643131182.59
[rosout][INFO] 2022-01-25 17:19:46,591: hello world 1643131186.59
[rosout][INFO] 2022-01-25 17:19:50,595: hello world 1643131190.59
[rosout][INFO] 2022-01-25 17:19:54,593: hello world 1643131194.59
[rosout][INFO] 2022-01-25 17:19:58,594: hello world 1643131198.59
[rosout][INFO] 2022-01-25 17:20:02,594: hello world 1643131202.59
[rosout][INFO] 2022-01-25 17:20:06,593: hello world 1643131206.59
[rosout][INFO] 2022-01-25 17:20:10,594: hello world 1643131210.59
[rosout][INFO] 2022-01-25 17:20:14,594: hello world 1643131214.59
[rosout][INFO] 2022-01-25 17:20:18,594: hello world 1643131218.59
[rosout][INFO] 2022-01-25 17:20:22,593: hello world 1643131222.59
[rosout][INFO] 2022-01-25 17:20:26,594: hello world 1643131226.59
[rosout][INFO] 2022-01-25 17:20:30,591: hello world 1643131230.59
[rosout][INFO] 2022-01-25 17:20:34,594: hello world 1643131234.59
[rosout][INFO] 2022-01-25 17:20:38,593: hello world 1643131238.59
[rosout][INFO] 2022-01-25 17:20:42,594: hello world 1643131242.59
[rosout][INFO] 2022-01-25 17:20:46,594: hello world 1643131246.59
[rosout][INFO] 2022-01-25 17:20:50,590: hello world 1643131250.59
[rosout][INFO] 2022-01-25 17:20:54,593: hello world 1643131254.59
[rosout][INFO] 2022-01-25 17:20:58,594: hello world 1643131258.59
[rosout][INFO] 2022-01-25 17:21:02,591: hello world 1643131262.59
[rosout][INFO] 2022-01-25 17:21:06,592: hello world 1643131266.59
[rosout][INFO] 2022-01-25 17:21:10,594: hello world 1643131270.59
[rosout][INFO] 2022-01-25 17:21:14,594: hello world 1643131274.59
[rosout][INFO] 2022-01-25 17:21:18,594: hello world 1643131278.59
[rosout][INFO] 2022-01-25 17:21:22,593: hello world 1643131282.59
[rosout][INFO] 2022-01-25 17:21:26,594: hello world 1643131286.59
[rosout][INFO] 2022-01-25 17:21:30,590: hello world 1643131290.59
[rosout][INFO] 2022-01-25 17:21:34,591: hello world 1643131294.59
[rosout][INFO] 2022-01-25 17:21:38,594: hello world 1643131298.59
[rosout][INFO] 2022-01-25 17:21:42,594: hello world 1643131302.59
[rosout][INFO] 2022-01-25 17:21:46,594: hello world 1643131306.59
[rosout][INFO] 2022-01-25 17:21:50,592: hello world 1643131310.59
[rosout][INFO] 2022-01-25 17:21:54,594: hello world 1643131314.59
[rosout][INFO] 2022-01-25 17:21:58,591: hello world 1643131318.59
[rosout][INFO] 2022-01-25 17:22:02,594: hello world 1643131322.59
[rosout][INFO] 2022-01-25 17:22:06,594: hello world 1643131326.59
[rosout][INFO] 2022-01-25 17:22:10,594: hello world 1643131330.59
[rosout][INFO] 2022-01-25 17:22:14,594: hello world 1643131334.59
[rosout][INFO] 2022-01-25 17:22:18,594: hello world 1643131338.59
[rosout][INFO] 2022-01-25 17:22:22,594: hello world 1643131342.59
[rosout][INFO] 2022-01-25 17:22:26,594: hello world 1643131346.59
[rosout][INFO] 2022-01-25 17:22:30,594: hello world 1643131350.59
[rosout][INFO] 2022-01-25 17:22:34,594: hello world 1643131354.59
[rosout][INFO] 2022-01-25 17:22:38,594: hello world 1643131358.59
[rosout][INFO] 2022-01-25 17:22:42,594: hello world 1643131362.59
[rosout][INFO] 2022-01-25 17:22:46,594: hello world 1643131366.59
[rosout][INFO] 2022-01-25 17:22:50,594: hello world 1643131370.59
[rosout][INFO] 2022-01-25 17:22:54,594: hello world 1643131374.59
[rosout][INFO] 2022-01-25 17:22:58,594: hello world 1643131378.59
[rosout][INFO] 2022-01-25 17:23:02,592: hello world 1643131382.59
[rosout][INFO] 2022-01-25 17:23:06,594: hello world 1643131386.59
[rosout][INFO] 2022-01-25 17:23:10,594: hello world 1643131390.59
[rosout][INFO] 2022-01-25 17:23:14,594: hello world 1643131394.59
[rosout][INFO] 2022-01-25 17:23:18,594: hello world 1643131398.59
[rosout][INFO] 2022-01-25 17:23:22,594: hello world 1643131402.59
[rosout][INFO] 2022-01-25 17:23:26,592: hello world 1643131406.59
[rosout][INFO] 2022-01-25 17:23:30,593: hello world 1643131410.59
[rosout][INFO] 2022-01-25 17:23:34,594: hello world 1643131414.59
[rosout][INFO] 2022-01-25 17:23:38,595: hello world 1643131418.59
[rosout][INFO] 2022-01-25 17:23:42,594: hello world 1643131422.59
[rosout][INFO] 2022-01-25 17:23:46,593: hello world 1643131426.59
[rosout][INFO] 2022-01-25 17:23:50,593: hello world 1643131430.59
[rosout][INFO] 2022-01-25 17:23:54,594: hello world 1643131434.59
[rosout][INFO] 2022-01-25 17:23:58,593: hello world 1643131438.59
[rosout][INFO] 2022-01-25 17:24:02,594: hello world 1643131442.59
[rosout][INFO] 2022-01-25 17:24:06,593: hello world 1643131446.59
[rosout][INFO] 2022-01-25 17:24:10,593: hello world 1643131450.59
[rosout][INFO] 2022-01-25 17:24:14,594: hello world 1643131454.59
[rosout][INFO] 2022-01-25 17:24:18,594: hello world 1643131458.59
[rosout][INFO] 2022-01-25 17:24:22,594: hello world 1643131462.59
[rosout][INFO] 2022-01-25 17:24:26,594: hello world 1643131466.59
[rosout][INFO] 2022-01-25 17:24:30,593: hello world 1643131470.59
[rosout][INFO] 2022-01-25 17:24:34,594: hello world 1643131474.59
[rosout][INFO] 2022-01-25 17:24:38,593: hello world 1643131478.59
[rosout][INFO] 2022-01-25 17:24:42,594: hello world 1643131482.59
[rosout][INFO] 2022-01-25 17:24:46,594: hello world 1643131486.59
[rosout][INFO] 2022-01-25 17:24:50,593: hello world 1643131490.59
[rosout][INFO] 2022-01-25 17:24:54,591: hello world 1643131494.59
[rosout][INFO] 2022-01-25 17:24:58,591: hello world 1643131498.59
[rosout][INFO] 2022-01-25 17:25:02,594: hello world 1643131502.59
[rosout][INFO] 2022-01-25 17:25:06,594: hello world 1643131506.59
[rosout][INFO] 2022-01-25 17:25:10,594: hello world 1643131510.59
[rosout][INFO] 2022-01-25 17:25:14,594: hello world 1643131514.59
[rosout][INFO] 2022-01-25 17:25:18,594: hello world 1643131518.59
[rosout][INFO] 2022-01-25 17:25:22,594: hello world 1643131522.59
[rosout][INFO] 2022-01-25 17:25:26,594: hello world 1643131526.59
[rosout][INFO] 2022-01-25 17:25:30,593: hello world 1643131530.59
[rosout][INFO] 2022-01-25 17:25:34,593: hello world 1643131534.59
[rosout][INFO] 2022-01-25 17:25:38,594: hello world 1643131538.59
[rosout][INFO] 2022-01-25 17:25:42,591: hello world 1643131542.59
[rosout][INFO] 2022-01-25 17:25:46,594: hello world 1643131546.59
[rosout][INFO] 2022-01-25 17:25:50,594: hello world 1643131550.59
[rosout][INFO] 2022-01-25 17:25:54,594: hello world 1643131554.59
[rosout][INFO] 2022-01-25 17:25:58,594: hello world 1643131558.59
[rosout][INFO] 2022-01-25 17:26:02,593: hello world 1643131562.59
[rosout][INFO] 2022-01-25 17:26:06,594: hello world 1643131566.59
[rosout][INFO] 2022-01-25 17:26:10,594: hello world 1643131570.59
[rosout][INFO] 2022-01-25 17:26:14,594: hello world 1643131574.59
[rosout][INFO] 2022-01-25 17:26:18,594: hello world 1643131578.59
[rosout][INFO] 2022-01-25 17:26:22,594: hello world 1643131582.59
[rosout][INFO] 2022-01-25 17:26:26,593: hello world 1643131586.59
[rosout][INFO] 2022-01-25 17:26:30,594: hello world 1643131590.59
[rosout][INFO] 2022-01-25 17:26:34,594: hello world 1643131594.59
[rosout][INFO] 2022-01-25 17:26:38,593: hello world 1643131598.59
[rosout][INFO] 2022-01-25 17:26:42,593: hello world 1643131602.59
[rosout][INFO] 2022-01-25 17:26:46,593: hello world 1643131606.59
[rosout][INFO] 2022-01-25 17:26:50,594: hello world 1643131610.59
[rosout][INFO] 2022-01-25 17:26:54,594: hello world 1643131614.59
[rosout][INFO] 2022-01-25 17:26:58,594: hello world 1643131618.59
[rosout][INFO] 2022-01-25 17:27:02,593: hello world 1643131622.59
[rosout][INFO] 2022-01-25 17:27:06,594: hello world 1643131626.59
[rosout][INFO] 2022-01-25 17:27:10,594: hello world 1643131630.59
[rosout][INFO] 2022-01-25 17:27:14,594: hello world 1643131634.59
[rosout][INFO] 2022-01-25 17:27:18,594: hello world 1643131638.59
[rosout][INFO] 2022-01-25 17:27:22,593: hello world 1643131642.59
[rosout][INFO] 2022-01-25 17:27:26,594: hello world 1643131646.59
[rosout][INFO] 2022-01-25 17:27:30,594: hello world 1643131650.59
[rosout][INFO] 2022-01-25 17:27:34,594: hello world 1643131654.59
[rosout][INFO] 2022-01-25 17:27:38,594: hello world 1643131658.59
[rosout][INFO] 2022-01-25 17:27:42,594: hello world 1643131662.59
[rosout][INFO] 2022-01-25 17:27:46,593: hello world 1643131666.59
[rosout][INFO] 2022-01-25 17:27:50,594: hello world 1643131670.59
[rosout][INFO] 2022-01-25 17:27:54,594: hello world 1643131674.59
[rosout][INFO] 2022-01-25 17:27:58,594: hello world 1643131678.59
[rosout][INFO] 2022-01-25 17:28:02,594: hello world 1643131682.59
[rosout][INFO] 2022-01-25 17:28:06,595: hello world 1643131686.59
[rosout][INFO] 2022-01-25 17:28:10,593: hello world 1643131690.59
[rosout][INFO] 2022-01-25 17:28:14,593: hello world 1643131694.59
[rosout][INFO] 2022-01-25 17:28:18,593: hello world 1643131698.59
[rosout][INFO] 2022-01-25 17:28:22,595: hello world 1643131702.59
[rosout][INFO] 2022-01-25 17:28:26,594: hello world 1643131706.59
[rosout][INFO] 2022-01-25 17:28:30,593: hello world 1643131710.59
[rosout][INFO] 2022-01-25 17:28:34,592: hello world 1643131714.59
[rosout][INFO] 2022-01-25 17:28:38,594: hello world 1643131718.59
[rosout][INFO] 2022-01-25 17:28:42,594: hello world 1643131722.59
[rosout][INFO] 2022-01-25 17:28:46,590: hello world 1643131726.59
[rosout][INFO] 2022-01-25 17:28:50,591: hello world 1643131730.59
[rosout][INFO] 2022-01-25 17:28:54,593: hello world 1643131734.59
[rosout][INFO] 2022-01-25 17:28:58,591: hello world 1643131738.59
[rosout][INFO] 2022-01-25 17:29:02,594: hello world 1643131742.59
[rosout][INFO] 2022-01-25 17:29:06,593: hello world 1643131746.59
[rosout][INFO] 2022-01-25 17:29:10,594: hello world 1643131750.59
[rosout][INFO] 2022-01-25 17:29:14,594: hello world 1643131754.59
[rosout][INFO] 2022-01-25 17:29:18,594: hello world 1643131758.59
[rosout][INFO] 2022-01-25 17:29:22,593: hello world 1643131762.59
[rosout][INFO] 2022-01-25 17:29:26,591: hello world 1643131766.59
[rosout][INFO] 2022-01-25 17:29:30,594: hello world 1643131770.59
[rosout][INFO] 2022-01-25 17:29:34,593: hello world 1643131774.59
[rosout][INFO] 2022-01-25 17:29:38,593: hello world 1643131778.59
[rosout][INFO] 2022-01-25 17:29:42,594: hello world 1643131782.59
[rosout][INFO] 2022-01-25 17:29:46,594: hello world 1643131786.59
[rosout][INFO] 2022-01-25 17:29:50,591: hello world 1643131790.59
[rosout][INFO] 2022-01-25 17:29:54,594: hello world 1643131794.59
[rosout][INFO] 2022-01-25 17:29:58,594: hello world 1643131798.59
[rosout][INFO] 2022-01-25 17:30:02,594: hello world 1643131802.59
[rosout][INFO] 2022-01-25 17:30:06,592: hello world 1643131806.59
[rosout][INFO] 2022-01-25 17:30:10,594: hello world 1643131810.59
[rosout][INFO] 2022-01-25 17:30:14,593: hello world 1643131814.59
[rosout][INFO] 2022-01-25 17:30:18,594: hello world 1643131818.59
[rosout][INFO] 2022-01-25 17:30:22,594: hello world 1643131822.59
[rosout][INFO] 2022-01-25 17:30:26,594: hello world 1643131826.59
[rosout][INFO] 2022-01-25 17:30:30,594: hello world 1643131830.59
[rosout][INFO] 2022-01-25 17:30:34,593: hello world 1643131834.59
[rosout][INFO] 2022-01-25 17:30:38,594: hello world 1643131838.59
[rosout][INFO] 2022-01-25 17:30:42,594: hello world 1643131842.59
[rosout][INFO] 2022-01-25 17:30:46,593: hello world 1643131846.59
[rosout][INFO] 2022-01-25 17:30:50,592: hello world 1643131850.59
[rosout][INFO] 2022-01-25 17:30:54,593: hello world 1643131854.59
[rosout][INFO] 2022-01-25 17:30:58,594: hello world 1643131858.59
[rosout][INFO] 2022-01-25 17:31:02,594: hello world 1643131862.59
[rosout][INFO] 2022-01-25 17:31:06,593: hello world 1643131866.59
[rosout][INFO] 2022-01-25 17:31:10,594: hello world 1643131870.59
[rosout][INFO] 2022-01-25 17:31:14,593: hello world 1643131874.59
[rosout][INFO] 2022-01-25 17:31:18,594: hello world 1643131878.59
[rosout][INFO] 2022-01-25 17:31:22,594: hello world 1643131882.59
[rosout][INFO] 2022-01-25 17:31:26,594: hello world 1643131886.59
[rosout][INFO] 2022-01-25 17:31:30,594: hello world 1643131890.59
[rosout][INFO] 2022-01-25 17:31:34,593: hello world 1643131894.59
[rosout][INFO] 2022-01-25 17:31:38,594: hello world 1643131898.59
[rosout][INFO] 2022-01-25 17:31:42,594: hello world 1643131902.59
[rosout][INFO] 2022-01-25 17:31:46,594: hello world 1643131906.59
[rosout][INFO] 2022-01-25 17:31:50,594: hello world 1643131910.59
[rosout][INFO] 2022-01-25 17:31:54,593: hello world 1643131914.59
[rosout][INFO] 2022-01-25 17:31:58,591: hello world 1643131918.59
[rosout][INFO] 2022-01-25 17:32:02,594: hello world 1643131922.59
[rosout][INFO] 2022-01-25 17:32:06,595: hello world 1643131926.59
[rosout][INFO] 2022-01-25 17:32:10,594: hello world 1643131930.59
[rosout][INFO] 2022-01-25 17:32:14,593: hello world 1643131934.59
[rosout][INFO] 2022-01-25 17:32:18,593: hello world 1643131938.59
[rosout][INFO] 2022-01-25 17:32:22,593: hello world 1643131942.59
[rosout][INFO] 2022-01-25 17:32:26,594: hello world 1643131946.59
[rosout][INFO] 2022-01-25 17:32:30,594: hello world 1643131950.59
[rosout][INFO] 2022-01-25 17:32:34,593: hello world 1643131954.59
[rosout][INFO] 2022-01-25 17:32:38,593: hello world 1643131958.59
[rosout][INFO] 2022-01-25 17:32:42,592: hello world 1643131962.59
[rosout][INFO] 2022-01-25 17:32:46,592: hello world 1643131966.59
[rosout][INFO] 2022-01-25 17:32:50,593: hello world 1643131970.59
[rosout][INFO] 2022-01-25 17:32:54,593: hello world 1643131974.59
[rosout][INFO] 2022-01-25 17:32:58,593: hello world 1643131978.59
[rosout][INFO] 2022-01-25 17:33:02,594: hello world 1643131982.59
[rosout][INFO] 2022-01-25 17:33:06,593: hello world 1643131986.59
[rosout][INFO] 2022-01-25 17:33:10,593: hello world 1643131990.59
[rosout][INFO] 2022-01-25 17:33:14,593: hello world 1643131994.59
[rosout][INFO] 2022-01-25 17:33:18,594: hello world 1643131998.59
[rosout][INFO] 2022-01-25 17:33:22,594: hello world 1643132002.59
[rosout][INFO] 2022-01-25 17:33:26,593: hello world 1643132006.59
[rosout][INFO] 2022-01-25 17:33:30,593: hello world 1643132010.59
[rosout][INFO] 2022-01-25 17:33:34,593: hello world 1643132014.59
[rosout][INFO] 2022-01-25 17:33:38,593: hello world 1643132018.59
[rosout][INFO] 2022-01-25 17:33:42,594: hello world 1643132022.59
[rosout][INFO] 2022-01-25 17:33:46,594: hello world 1643132026.59
[rosout][INFO] 2022-01-25 17:33:50,593: hello world 1643132030.59
[rosout][INFO] 2022-01-25 17:33:54,593: hello world 1643132034.59
[rosout][INFO] 2022-01-25 17:33:58,594: hello world 1643132038.59
[rosout][INFO] 2022-01-25 17:34:02,593: hello world 1643132042.59
[rosout][INFO] 2022-01-25 17:34:06,594: hello world 1643132046.59
[rosout][INFO] 2022-01-25 17:34:10,593: hello world 1643132050.59
[rosout][INFO] 2022-01-25 17:34:14,594: hello world 1643132054.59
[rosout][INFO] 2022-01-25 17:34:18,593: hello world 1643132058.59
[rosout][INFO] 2022-01-25 17:34:22,594: hello world 1643132062.59
[rosout][INFO] 2022-01-25 17:34:26,594: hello world 1643132066.59
[rosout][INFO] 2022-01-25 17:34:30,593: hello world 1643132070.59
[rosout][INFO] 2022-01-25 17:34:34,593: hello world 1643132074.59
[rosout][INFO] 2022-01-25 17:34:38,593: hello world 1643132078.59
[rosout][INFO] 2022-01-25 17:34:42,594: hello world 1643132082.59
[rosout][INFO] 2022-01-25 17:34:46,593: hello world 1643132086.59
[rosout][INFO] 2022-01-25 17:34:50,593: hello world 1643132090.59
[rosout][INFO] 2022-01-25 17:34:54,594: hello world 1643132094.59
[rosout][INFO] 2022-01-25 17:34:58,591: hello world 1643132098.59
[rosout][INFO] 2022-01-25 17:35:02,594: hello world 1643132102.59
[rosout][INFO] 2022-01-25 17:35:06,594: hello world 1643132106.59
[rosout][INFO] 2022-01-25 17:35:10,594: hello world 1643132110.59
[rosout][INFO] 2022-01-25 17:35:14,594: hello world 1643132114.59
[rosout][INFO] 2022-01-25 17:35:18,594: hello world 1643132118.59
[rosout][INFO] 2022-01-25 17:35:22,593: hello world 1643132122.59
[rosout][INFO] 2022-01-25 17:35:26,594: hello world 1643132126.59
[rosout][INFO] 2022-01-25 17:35:30,593: hello world 1643132130.59
[rosout][INFO] 2022-01-25 17:35:34,593: hello world 1643132134.59
[rosout][INFO] 2022-01-25 17:35:38,594: hello world 1643132138.59
[rosout][INFO] 2022-01-25 17:35:42,593: hello world 1643132142.59
[rosout][INFO] 2022-01-25 17:35:46,594: hello world 1643132146.59
[rosout][INFO] 2022-01-25 17:35:50,593: hello world 1643132150.59
[rosout][INFO] 2022-01-25 17:35:54,594: hello world 1643132154.59
[rosout][INFO] 2022-01-25 17:35:58,593: hello world 1643132158.59
[rosout][INFO] 2022-01-25 17:36:02,593: hello world 1643132162.59
[rosout][INFO] 2022-01-25 17:36:06,594: hello world 1643132166.59
[rosout][INFO] 2022-01-25 17:36:10,593: hello world 1643132170.59
[rosout][INFO] 2022-01-25 17:36:14,594: hello world 1643132174.59
[rosout][INFO] 2022-01-25 17:36:18,593: hello world 1643132178.59
[rosout][INFO] 2022-01-25 17:36:22,594: hello world 1643132182.59
[rosout][INFO] 2022-01-25 17:36:26,594: hello world 1643132186.59
[rosout][INFO] 2022-01-25 17:36:30,594: hello world 1643132190.59
[rosout][INFO] 2022-01-25 17:36:34,594: hello world 1643132194.59
[rosout][INFO] 2022-01-25 17:36:38,593: hello world 1643132198.59
[rosout][INFO] 2022-01-25 17:36:42,594: hello world 1643132202.59
[rosout][INFO] 2022-01-25 17:36:46,593: hello world 1643132206.59
[rosout][INFO] 2022-01-25 17:36:50,593: hello world 1643132210.59
[rosout][INFO] 2022-01-25 17:36:54,595: hello world 1643132214.59
[rosout][INFO] 2022-01-25 17:36:58,593: hello world 1643132218.59
[rosout][INFO] 2022-01-25 17:37:02,594: hello world 1643132222.59
[rosout][INFO] 2022-01-25 17:37:06,594: hello world 1643132226.59
[rosout][INFO] 2022-01-25 17:37:10,594: hello world 1643132230.59
[rosout][INFO] 2022-01-25 17:37:14,593: hello world 1643132234.59
[rosout][INFO] 2022-01-25 17:37:18,593: hello world 1643132238.59
[rosout][INFO] 2022-01-25 17:37:22,594: hello world 1643132242.59
[rosout][INFO] 2022-01-25 17:37:26,594: hello world 1643132246.59
[rosout][INFO] 2022-01-25 17:37:30,594: hello world 1643132250.59
[rosout][INFO] 2022-01-25 17:37:34,593: hello world 1643132254.59
[rosout][INFO] 2022-01-25 17:37:38,593: hello world 1643132258.59
[rosout][INFO] 2022-01-25 17:37:42,591: hello world 1643132262.59
[rosout][INFO] 2022-01-25 17:37:46,593: hello world 1643132266.59
[rosout][INFO] 2022-01-25 17:37:50,594: hello world 1643132270.59
[rosout][INFO] 2022-01-25 17:37:54,593: hello world 1643132274.59
[rosout][INFO] 2022-01-25 17:37:58,593: hello world 1643132278.59
[rosout][INFO] 2022-01-25 17:38:02,594: hello world 1643132282.59
[rosout][INFO] 2022-01-25 17:38:06,594: hello world 1643132286.59
[rosout][INFO] 2022-01-25 17:38:10,594: hello world 1643132290.59
[rosout][INFO] 2022-01-25 17:38:14,593: hello world 1643132294.59
[rosout][INFO] 2022-01-25 17:38:18,593: hello world 1643132298.59
[rosout][INFO] 2022-01-25 17:38:22,593: hello world 1643132302.59
[rosout][INFO] 2022-01-25 17:38:26,594: hello world 1643132306.59
[rosout][INFO] 2022-01-25 17:38:30,593: hello world 1643132310.59
[rosout][INFO] 2022-01-25 17:38:34,594: hello world 1643132314.59
[rosout][INFO] 2022-01-25 17:38:38,594: hello world 1643132318.59
[rosout][INFO] 2022-01-25 17:38:42,595: hello world 1643132322.59
[rosout][INFO] 2022-01-25 17:38:46,593: hello world 1643132326.59
[rosout][INFO] 2022-01-25 17:38:50,593: hello world 1643132330.59
[rosout][INFO] 2022-01-25 17:38:54,593: hello world 1643132334.59
[rosout][INFO] 2022-01-25 17:38:58,592: hello world 1643132338.59
[rosout][INFO] 2022-01-25 17:39:02,593: hello world 1643132342.59
[rosout][INFO] 2022-01-25 17:39:06,592: hello world 1643132346.59
[rosout][INFO] 2022-01-25 17:39:10,593: hello world 1643132350.59
[rosout][INFO] 2022-01-25 17:39:14,593: hello world 1643132354.59
[rosout][INFO] 2022-01-25 17:39:18,593: hello world 1643132358.59
[rosout][INFO] 2022-01-25 17:39:22,594: hello world 1643132362.59
[rosout][INFO] 2022-01-25 17:39:26,593: hello world 1643132366.59
[rosout][INFO] 2022-01-25 17:39:30,593: hello world 1643132370.59
[rosout][INFO] 2022-01-25 17:39:34,594: hello world 1643132374.59
[rosout][INFO] 2022-01-25 17:39:38,594: hello world 1643132378.59
[rosout][INFO] 2022-01-25 17:39:42,594: hello world 1643132382.59
[rosout][INFO] 2022-01-25 17:39:46,594: hello world 1643132386.59
[rosout][INFO] 2022-01-25 17:39:50,594: hello world 1643132390.59
[rosout][INFO] 2022-01-25 17:39:54,593: hello world 1643132394.59
[rosout][INFO] 2022-01-25 17:39:58,594: hello world 1643132398.59
[rosout][INFO] 2022-01-25 17:40:02,594: hello world 1643132402.59
[rosout][INFO] 2022-01-25 17:40:06,593: hello world 1643132406.59
[rosout][INFO] 2022-01-25 17:40:10,593: hello world 1643132410.59
[rosout][INFO] 2022-01-25 17:40:14,593: hello world 1643132414.59
[rosout][INFO] 2022-01-25 17:40:18,594: hello world 1643132418.59
[rosout][INFO] 2022-01-25 17:40:22,593: hello world 1643132422.59
[rosout][INFO] 2022-01-25 17:40:26,591: hello world 1643132426.59
[rosout][INFO] 2022-01-25 17:40:30,594: hello world 1643132430.59
[rosout][INFO] 2022-01-25 17:40:34,594: hello world 1643132434.59
[rosout][INFO] 2022-01-25 17:40:38,593: hello world 1643132438.59
[rosout][INFO] 2022-01-25 17:40:42,593: hello world 1643132442.59
[rosout][INFO] 2022-01-25 17:40:46,592: hello world 1643132446.59
[rosout][INFO] 2022-01-25 17:40:50,594: hello world 1643132450.59
[rosout][INFO] 2022-01-25 17:40:54,593: hello world 1643132454.59
[rosout][INFO] 2022-01-25 17:40:58,594: hello world 1643132458.59
[rosout][INFO] 2022-01-25 17:41:02,594: hello world 1643132462.59
[rosout][INFO] 2022-01-25 17:41:06,594: hello world 1643132466.59
[rosout][INFO] 2022-01-25 17:41:10,594: hello world 1643132470.59
[rosout][INFO] 2022-01-25 17:41:14,594: hello world 1643132474.59
[rosout][INFO] 2022-01-25 17:41:18,594: hello world 1643132478.59
[rosout][INFO] 2022-01-25 17:41:22,594: hello world 1643132482.59
[rosout][INFO] 2022-01-25 17:41:26,592: hello world 1643132486.59
[rosout][INFO] 2022-01-25 17:41:30,593: hello world 1643132490.59
[rosout][INFO] 2022-01-25 17:41:34,594: hello world 1643132494.59
[rosout][INFO] 2022-01-25 17:41:38,594: hello world 1643132498.59
[rosout][INFO] 2022-01-25 17:41:42,595: hello world 1643132502.59
[rosout][INFO] 2022-01-25 17:41:46,593: hello world 1643132506.59
[rosout][INFO] 2022-01-25 17:41:50,594: hello world 1643132510.59
[rosout][INFO] 2022-01-25 17:41:54,593: hello world 1643132514.59
[rosout][INFO] 2022-01-25 17:41:58,593: hello world 1643132518.59
[rosout][INFO] 2022-01-25 17:42:02,593: hello world 1643132522.59
[rosout][INFO] 2022-01-25 17:42:06,594: hello world 1643132526.59
[rosout][INFO] 2022-01-25 17:42:10,594: hello world 1643132530.59
[rosout][INFO] 2022-01-25 17:42:14,595: hello world 1643132534.59
[rosout][INFO] 2022-01-25 17:42:18,593: hello world 1643132538.59
[rosout][INFO] 2022-01-25 17:42:22,593: hello world 1643132542.59
[rosout][INFO] 2022-01-25 17:42:26,593: hello world 1643132546.59
[rosout][INFO] 2022-01-25 17:42:30,594: hello world 1643132550.59
[rosout][INFO] 2022-01-25 17:42:34,593: hello world 1643132554.59
[rosout][INFO] 2022-01-25 17:42:38,593: hello world 1643132558.59
[rosout][INFO] 2022-01-25 17:42:42,592: hello world 1643132562.59
[rosout][INFO] 2022-01-25 17:42:46,593: hello world 1643132566.59
[rosout][INFO] 2022-01-25 17:42:50,592: hello world 1643132570.59
[rosout][INFO] 2022-01-25 17:42:54,593: hello world 1643132574.59
[rosout][INFO] 2022-01-25 17:42:58,594: hello world 1643132578.59
[rosout][INFO] 2022-01-25 17:43:02,593: hello world 1643132582.59
[rosout][INFO] 2022-01-25 17:43:06,593: hello world 1643132586.59
[rosout][INFO] 2022-01-25 17:43:10,590: hello world 1643132590.59
[rosout][INFO] 2022-01-25 17:43:14,594: hello world 1643132594.59
[rosout][INFO] 2022-01-25 17:43:18,593: hello world 1643132598.59
[rosout][INFO] 2022-01-25 17:43:22,594: hello world 1643132602.59
[rosout][INFO] 2022-01-25 17:43:26,594: hello world 1643132606.59
[rosout][INFO] 2022-01-25 17:43:30,593: hello world 1643132610.59
[rosout][INFO] 2022-01-25 17:43:34,594: hello world 1643132614.59
[rosout][INFO] 2022-01-25 17:43:38,594: hello world 1643132618.59
[rosout][INFO] 2022-01-25 17:43:42,594: hello world 1643132622.59
[rosout][INFO] 2022-01-25 17:43:46,593: hello world 1643132626.59
[rosout][INFO] 2022-01-25 17:43:50,593: hello world 1643132630.59
[rosout][INFO] 2022-01-25 17:43:54,594: hello world 1643132634.59
[rosout][INFO] 2022-01-25 17:43:58,593: hello world 1643132638.59
[rosout][INFO] 2022-01-25 17:44:02,593: hello world 1643132642.59
[rosout][INFO] 2022-01-25 17:44:06,590: hello world 1643132646.59
[rosout][INFO] 2022-01-25 17:44:10,592: hello world 1643132650.59
[rosout][INFO] 2022-01-25 17:44:14,593: hello world 1643132654.59
[rosout][INFO] 2022-01-25 17:44:18,593: hello world 1643132658.59
[rosout][INFO] 2022-01-25 17:44:22,593: hello world 1643132662.59
[rosout][INFO] 2022-01-25 17:44:26,593: hello world 1643132666.59
[rosout][INFO] 2022-01-25 17:44:30,593: hello world 1643132670.59
[rosout][INFO] 2022-01-25 17:44:34,594: hello world 1643132674.59
[rosout][INFO] 2022-01-25 17:44:38,594: hello world 1643132678.59
[rosout][INFO] 2022-01-25 17:44:42,594: hello world 1643132682.59
[rosout][INFO] 2022-01-25 17:44:46,594: hello world 1643132686.59
[rosout][INFO] 2022-01-25 17:44:50,593: hello world 1643132690.59
[rosout][INFO] 2022-01-25 17:44:54,594: hello world 1643132694.59
[rosout][INFO] 2022-01-25 17:44:58,594: hello world 1643132698.59
[rosout][INFO] 2022-01-25 17:45:02,593: hello world 1643132702.59
[rosout][INFO] 2022-01-25 17:45:06,593: hello world 1643132706.59
[rosout][INFO] 2022-01-25 17:45:10,593: hello world 1643132710.59
[rosout][INFO] 2022-01-25 17:45:14,594: hello world 1643132714.59
[rosout][INFO] 2022-01-25 17:45:18,592: hello world 1643132718.59
[rosout][INFO] 2022-01-25 17:45:22,592: hello world 1643132722.59
[rosout][INFO] 2022-01-25 17:45:26,593: hello world 1643132726.59
[rosout][INFO] 2022-01-25 17:45:30,593: hello world 1643132730.59
[rosout][INFO] 2022-01-25 17:45:34,593: hello world 1643132734.59
[rosout][INFO] 2022-01-25 17:45:38,593: hello world 1643132738.59
[rosout][INFO] 2022-01-25 17:45:42,591: hello world 1643132742.59
[rosout][INFO] 2022-01-25 17:45:46,593: hello world 1643132746.59
[rosout][INFO] 2022-01-25 17:45:50,593: hello world 1643132750.59
[rosout][INFO] 2022-01-25 17:45:54,594: hello world 1643132754.59
[rosout][INFO] 2022-01-25 17:45:58,593: hello world 1643132758.59
[rosout][INFO] 2022-01-25 17:46:02,594: hello world 1643132762.59
[rosout][INFO] 2022-01-25 17:46:06,593: hello world 1643132766.59
[rosout][INFO] 2022-01-25 17:46:10,593: hello world 1643132770.59
[rosout][INFO] 2022-01-25 17:46:14,594: hello world 1643132774.59
[rosout][INFO] 2022-01-25 17:46:18,594: hello world 1643132778.59
[rosout][INFO] 2022-01-25 17:46:22,593: hello world 1643132782.59
[rosout][INFO] 2022-01-25 17:46:26,594: hello world 1643132786.59
[rosout][INFO] 2022-01-25 17:46:30,593: hello world 1643132790.59
[rosout][INFO] 2022-01-25 17:46:34,593: hello world 1643132794.59
[rosout][INFO] 2022-01-25 17:46:38,594: hello world 1643132798.59
[rosout][INFO] 2022-01-25 17:46:42,593: hello world 1643132802.59
[rosout][INFO] 2022-01-25 17:46:46,594: hello world 1643132806.59
[rosout][INFO] 2022-01-25 17:46:50,593: hello world 1643132810.59
[rosout][INFO] 2022-01-25 17:46:54,594: hello world 1643132814.59
[rosout][INFO] 2022-01-25 17:46:58,594: hello world 1643132818.59
[rosout][INFO] 2022-01-25 17:47:02,593: hello world 1643132822.59
[rosout][INFO] 2022-01-25 17:47:06,593: hello world 1643132826.59
[rosout][INFO] 2022-01-25 17:47:10,594: hello world 1643132830.59
[rosout][INFO] 2022-01-25 17:47:14,593: hello world 1643132834.59
[rosout][INFO] 2022-01-25 17:47:18,594: hello world 1643132838.59
[rosout][INFO] 2022-01-25 17:47:22,594: hello world 1643132842.59
[rosout][INFO] 2022-01-25 17:47:26,592: hello world 1643132846.59
[rosout][INFO] 2022-01-25 17:47:30,591: hello world 1643132850.59
[rosout][INFO] 2022-01-25 17:47:34,593: hello world 1643132854.59
[rosout][INFO] 2022-01-25 17:47:38,592: hello world 1643132858.59
[rosout][INFO] 2022-01-25 17:47:42,593: hello world 1643132862.59
[rosout][INFO] 2022-01-25 17:47:46,595: hello world 1643132866.59
[rosout][INFO] 2022-01-25 17:47:50,593: hello world 1643132870.59
[rosout][INFO] 2022-01-25 17:47:54,594: hello world 1643132874.59
[rosout][INFO] 2022-01-25 17:47:58,593: hello world 1643132878.59
[rosout][INFO] 2022-01-25 17:48:02,594: hello world 1643132882.59
[rosout][INFO] 2022-01-25 17:48:06,594: hello world 1643132886.59
[rosout][INFO] 2022-01-25 17:48:10,594: hello world 1643132890.59
[rosout][INFO] 2022-01-25 17:48:14,594: hello world 1643132894.59
[rosout][INFO] 2022-01-25 17:48:18,593: hello world 1643132898.59
[rosout][INFO] 2022-01-25 17:48:22,594: hello world 1643132902.59
[rosout][INFO] 2022-01-25 17:48:26,594: hello world 1643132906.59
[rosout][INFO] 2022-01-25 17:48:30,593: hello world 1643132910.59
[rosout][INFO] 2022-01-25 17:48:34,592: hello world 1643132914.59
[rosout][INFO] 2022-01-25 17:48:38,594: hello world 1643132918.59
[rosout][INFO] 2022-01-25 17:48:42,592: hello world 1643132922.59
[rosout][INFO] 2022-01-25 17:48:46,593: hello world 1643132926.59
[rosout][INFO] 2022-01-25 17:48:50,593: hello world 1643132930.59
[rosout][INFO] 2022-01-25 17:48:54,594: hello world 1643132934.59
[rosout][INFO] 2022-01-25 17:48:58,594: hello world 1643132938.59
[rosout][INFO] 2022-01-25 17:49:02,593: hello world 1643132942.59
[rosout][INFO] 2022-01-25 17:49:06,594: hello world 1643132946.59
[rosout][INFO] 2022-01-25 17:49:10,594: hello world 1643132950.59
[rosout][INFO] 2022-01-25 17:49:14,594: hello world 1643132954.59
[rosout][INFO] 2022-01-25 17:49:18,593: hello world 1643132958.59
[rosout][INFO] 2022-01-25 17:49:22,594: hello world 1643132962.59
[rosout][INFO] 2022-01-25 17:49:26,594: hello world 1643132966.59
[rosout][INFO] 2022-01-25 17:49:30,593: hello world 1643132970.59
[rosout][INFO] 2022-01-25 17:49:34,593: hello world 1643132974.59
[rosout][INFO] 2022-01-25 17:49:38,594: hello world 1643132978.59
[rosout][INFO] 2022-01-25 17:49:42,593: hello world 1643132982.59
[rosout][INFO] 2022-01-25 17:49:46,594: hello world 1643132986.59
[rosout][INFO] 2022-01-25 17:49:50,594: hello world 1643132990.59
[rosout][INFO] 2022-01-25 17:49:54,594: hello world 1643132994.59
[rosout][INFO] 2022-01-25 17:49:58,591: hello world 1643132998.59
[rosout][INFO] 2022-01-25 17:50:02,593: hello world 1643133002.59
[rosout][INFO] 2022-01-25 17:50:06,593: hello world 1643133006.59
[rosout][INFO] 2022-01-25 17:50:10,593: hello world 1643133010.59
[rosout][INFO] 2022-01-25 17:50:14,594: hello world 1643133014.59
[rosout][INFO] 2022-01-25 17:50:18,593: hello world 1643133018.59
[rosout][INFO] 2022-01-25 17:50:22,594: hello world 1643133022.59
[rosout][INFO] 2022-01-25 17:50:26,593: hello world 1643133026.59
[rosout][INFO] 2022-01-25 17:50:30,593: hello world 1643133030.59
[rosout][INFO] 2022-01-25 17:50:34,593: hello world 1643133034.59
[rosout][INFO] 2022-01-25 17:50:38,593: hello world 1643133038.59
[rosout][INFO] 2022-01-25 17:50:42,593: hello world 1643133042.59
[rosout][INFO] 2022-01-25 17:50:46,594: hello world 1643133046.59
[rosout][INFO] 2022-01-25 17:50:50,594: hello world 1643133050.59
[rosout][INFO] 2022-01-25 17:50:54,597: hello world 1643133054.6
[rosout][INFO] 2022-01-25 17:50:58,593: hello world 1643133058.59
[rosout][INFO] 2022-01-25 17:51:02,594: hello world 1643133062.59
[rosout][INFO] 2022-01-25 17:51:06,593: hello world 1643133066.59
[rosout][INFO] 2022-01-25 17:51:10,594: hello world 1643133070.59
[rosout][INFO] 2022-01-25 17:51:14,594: hello world 1643133074.59
[rosout][INFO] 2022-01-25 17:51:18,594: hello world 1643133078.59
[rosout][INFO] 2022-01-25 17:51:22,594: hello world 1643133082.59
[rosout][INFO] 2022-01-25 17:51:26,593: hello world 1643133086.59
[rosout][INFO] 2022-01-25 17:51:30,593: hello world 1643133090.59
[rosout][INFO] 2022-01-25 17:51:34,593: hello world 1643133094.59
[rosout][INFO] 2022-01-25 17:51:38,593: hello world 1643133098.59
[rosout][INFO] 2022-01-25 17:51:42,595: hello world 1643133102.59
[rosout][INFO] 2022-01-25 17:51:46,594: hello world 1643133106.59
[rosout][INFO] 2022-01-25 17:51:50,592: hello world 1643133110.59
[rosout][INFO] 2022-01-25 17:51:54,594: hello world 1643133114.59
[rosout][INFO] 2022-01-25 17:51:58,594: hello world 1643133118.59
[rosout][INFO] 2022-01-25 17:52:02,594: hello world 1643133122.59
[rosout][INFO] 2022-01-25 17:52:06,593: hello world 1643133126.59
[rosout][INFO] 2022-01-25 17:52:10,593: hello world 1643133130.59
[rosout][INFO] 2022-01-25 17:52:14,593: hello world 1643133134.59
[rosout][INFO] 2022-01-25 17:52:18,594: hello world 1643133138.59
[rosout][INFO] 2022-01-25 17:52:22,593: hello world 1643133142.59
[rosout][INFO] 2022-01-25 17:52:26,594: hello world 1643133146.59
[rosout][INFO] 2022-01-25 17:52:30,593: hello world 1643133150.59
[rosout][INFO] 2022-01-25 17:52:34,594: hello world 1643133154.59
[rosout][INFO] 2022-01-25 17:52:38,593: hello world 1643133158.59
[rosout][INFO] 2022-01-25 17:52:42,593: hello world 1643133162.59
[rosout][INFO] 2022-01-25 17:52:46,593: hello world 1643133166.59
[rosout][INFO] 2022-01-25 17:52:50,593: hello world 1643133170.59
[rosout][INFO] 2022-01-25 17:52:54,594: hello world 1643133174.59
[rosout][INFO] 2022-01-25 17:52:58,593: hello world 1643133178.59
[rosout][INFO] 2022-01-25 17:53:02,594: hello world 1643133182.59
[rosout][INFO] 2022-01-25 17:53:06,594: hello world 1643133186.59
[rosout][INFO] 2022-01-25 17:53:10,594: hello world 1643133190.59
[rosout][INFO] 2022-01-25 17:53:14,594: hello world 1643133194.59
[rosout][INFO] 2022-01-25 17:53:18,594: hello world 1643133198.59
[rosout][INFO] 2022-01-25 17:53:22,593: hello world 1643133202.59
[rosout][INFO] 2022-01-25 17:53:26,593: hello world 1643133206.59
[rosout][INFO] 2022-01-25 17:53:30,594: hello world 1643133210.59
[rosout][INFO] 2022-01-25 17:53:34,593: hello world 1643133214.59
[rosout][INFO] 2022-01-25 17:53:38,593: hello world 1643133218.59
[rosout][INFO] 2022-01-25 17:53:42,593: hello world 1643133222.59
[rosout][INFO] 2022-01-25 17:53:46,594: hello world 1643133226.59
[rosout][INFO] 2022-01-25 17:53:50,593: hello world 1643133230.59
[rosout][INFO] 2022-01-25 17:53:54,594: hello world 1643133234.59
[rosout][INFO] 2022-01-25 17:53:58,594: hello world 1643133238.59
[rosout][INFO] 2022-01-25 17:54:02,594: hello world 1643133242.59
[rosout][INFO] 2022-01-25 17:54:06,593: hello world 1643133246.59
[rosout][INFO] 2022-01-25 17:54:10,593: hello world 1643133250.59
[rosout][INFO] 2022-01-25 17:54:14,594: hello world 1643133254.59
[rosout][INFO] 2022-01-25 17:54:18,593: hello world 1643133258.59
[rosout][INFO] 2022-01-25 17:54:22,593: hello world 1643133262.59
[rosout][INFO] 2022-01-25 17:54:26,594: hello world 1643133266.59
[rosout][INFO] 2022-01-25 17:54:30,594: hello world 1643133270.59
[rosout][INFO] 2022-01-25 17:54:34,594: hello world 1643133274.59
[rosout][INFO] 2022-01-25 17:54:38,594: hello world 1643133278.59
[rosout][INFO] 2022-01-25 17:54:42,594: hello world 1643133282.59
[rosout][INFO] 2022-01-25 17:54:46,593: hello world 1643133286.59
[rosout][INFO] 2022-01-25 17:54:50,594: hello world 1643133290.59
[rosout][INFO] 2022-01-25 17:54:54,593: hello world 1643133294.59
[rosout][INFO] 2022-01-25 17:54:58,593: hello world 1643133298.59
[rosout][INFO] 2022-01-25 17:55:02,593: hello world 1643133302.59
[rosout][INFO] 2022-01-25 17:55:06,594: hello world 1643133306.59
[rosout][INFO] 2022-01-25 17:55:10,593: hello world 1643133310.59
[rosout][INFO] 2022-01-25 17:55:14,593: hello world 1643133314.59
[rosout][INFO] 2022-01-25 17:55:18,593: hello world 1643133318.59
[rosout][INFO] 2022-01-25 17:55:22,594: hello world 1643133322.59
[rosout][INFO] 2022-01-25 17:55:26,594: hello world 1643133326.59
[rosout][INFO] 2022-01-25 17:55:30,594: hello world 1643133330.59
[rosout][INFO] 2022-01-25 17:55:34,594: hello world 1643133334.59
[rosout][INFO] 2022-01-25 17:55:38,593: hello world 1643133338.59
[rosout][INFO] 2022-01-25 17:55:42,594: hello world 1643133342.59
[rosout][INFO] 2022-01-25 17:55:46,594: hello world 1643133346.59
[rosout][INFO] 2022-01-25 17:55:50,593: hello world 1643133350.59
[rosout][INFO] 2022-01-25 17:55:54,593: hello world 1643133354.59
[rosout][INFO] 2022-01-25 17:55:58,593: hello world 1643133358.59
[rosout][INFO] 2022-01-25 17:56:02,592: hello world 1643133362.59
[rosout][INFO] 2022-01-25 17:56:06,594: hello world 1643133366.59
[rosout][INFO] 2022-01-25 17:56:10,594: hello world 1643133370.59
[rosout][INFO] 2022-01-25 17:56:14,593: hello world 1643133374.59
[rosout][INFO] 2022-01-25 17:56:18,593: hello world 1643133378.59
[rosout][INFO] 2022-01-25 17:56:22,594: hello world 1643133382.59
[rosout][INFO] 2022-01-25 17:56:26,593: hello world 1643133386.59
[rosout][INFO] 2022-01-25 17:56:30,594: hello world 1643133390.59
[rosout][INFO] 2022-01-25 17:56:34,593: hello world 1643133394.59
[rosout][INFO] 2022-01-25 17:56:38,593: hello world 1643133398.59
[rosout][INFO] 2022-01-25 17:56:42,594: hello world 1643133402.59
[rosout][INFO] 2022-01-25 17:56:46,593: hello world 1643133406.59
[rosout][INFO] 2022-01-25 17:56:50,592: hello world 1643133410.59
[rosout][INFO] 2022-01-25 17:56:54,593: hello world 1643133414.59
[rosout][INFO] 2022-01-25 17:56:58,593: hello world 1643133418.59
[rosout][INFO] 2022-01-25 17:57:02,593: hello world 1643133422.59
[rosout][INFO] 2022-01-25 17:57:06,594: hello world 1643133426.59
[rosout][INFO] 2022-01-25 17:57:10,593: hello world 1643133430.59
[rosout][INFO] 2022-01-25 17:57:14,593: hello world 1643133434.59
[rosout][INFO] 2022-01-25 17:57:18,593: hello world 1643133438.59
[rosout][INFO] 2022-01-25 17:57:22,593: hello world 1643133442.59
[rosout][INFO] 2022-01-25 17:57:26,591: hello world 1643133446.59
[rosout][INFO] 2022-01-25 17:57:30,594: hello world 1643133450.59
[rosout][INFO] 2022-01-25 17:57:34,593: hello world 1643133454.59
[rosout][INFO] 2022-01-25 17:57:38,594: hello world 1643133458.59
[rosout][INFO] 2022-01-25 17:57:42,594: hello world 1643133462.59
[rosout][INFO] 2022-01-25 17:57:46,593: hello world 1643133466.59
[rosout][INFO] 2022-01-25 17:57:50,594: hello world 1643133470.59
[rosout][INFO] 2022-01-25 17:57:54,593: hello world 1643133474.59
[rosout][INFO] 2022-01-25 17:57:58,593: hello world 1643133478.59
[rosout][INFO] 2022-01-25 17:58:02,595: hello world 1643133482.59
[rosout][INFO] 2022-01-25 17:58:06,591: hello world 1643133486.59
[rosout][INFO] 2022-01-25 17:58:10,594: hello world 1643133490.59
[rosout][INFO] 2022-01-25 17:58:14,593: hello world 1643133494.59
[rosout][INFO] 2022-01-25 17:58:18,594: hello world 1643133498.59
[rosout][INFO] 2022-01-25 17:58:22,592: hello world 1643133502.59
[rosout][INFO] 2022-01-25 17:58:26,594: hello world 1643133506.59
[rosout][INFO] 2022-01-25 17:58:30,595: hello world 1643133510.59
[rosout][INFO] 2022-01-25 17:58:34,593: hello world 1643133514.59
[rosout][INFO] 2022-01-25 17:58:38,593: hello world 1643133518.59
[rosout][INFO] 2022-01-25 17:58:42,593: hello world 1643133522.59
[rosout][INFO] 2022-01-25 17:58:46,594: hello world 1643133526.59
[rosout][INFO] 2022-01-25 17:58:50,594: hello world 1643133530.59
[rosout][INFO] 2022-01-25 17:58:54,593: hello world 1643133534.59
[rosout][INFO] 2022-01-25 17:58:58,595: hello world 1643133538.59
[rosout][INFO] 2022-01-25 17:59:02,593: hello world 1643133542.59
[rosout][INFO] 2022-01-25 17:59:06,593: hello world 1643133546.59
[rosout][INFO] 2022-01-25 17:59:10,594: hello world 1643133550.59
[rosout][INFO] 2022-01-25 17:59:14,594: hello world 1643133554.59
[rosout][INFO] 2022-01-25 17:59:18,593: hello world 1643133558.59
[rosout][INFO] 2022-01-25 17:59:22,593: hello world 1643133562.59
[rosout][INFO] 2022-01-25 17:59:26,593: hello world 1643133566.59
[rosout][INFO] 2022-01-25 17:59:30,593: hello world 1643133570.59
[rosout][INFO] 2022-01-25 17:59:34,594: hello world 1643133574.59
[rosout][INFO] 2022-01-25 17:59:38,593: hello world 1643133578.59
[rosout][INFO] 2022-01-25 17:59:42,593: hello world 1643133582.59
[rosout][INFO] 2022-01-25 17:59:46,595: hello world 1643133586.59
[rosout][INFO] 2022-01-25 17:59:50,593: hello world 1643133590.59
[rosout][INFO] 2022-01-25 17:59:54,593: hello world 1643133594.59
[rosout][INFO] 2022-01-25 17:59:58,593: hello world 1643133598.59
[rosout][INFO] 2022-01-25 18:00:02,594: hello world 1643133602.59
[rosout][INFO] 2022-01-25 18:00:06,593: hello world 1643133606.59
[rosout][INFO] 2022-01-25 18:00:10,593: hello world 1643133610.59
[rosout][INFO] 2022-01-25 18:00:14,594: hello world 1643133614.59
[rospy.core][INFO] 2022-01-25 18:00:17,276: signal_shutdown [signal-2]
[rospy.internal][INFO] 2022-01-25 18:00:17,288: topic[/chatter] removing connection to /link_ros
[rospy.internal][INFO] 2022-01-25 18:00:17,293: topic[/rosout] removing connection to /rosout
[rospy.impl.masterslave][INFO] 2022-01-25 18:00:17,294: signal-2
[rospy.core][INFO] 2022-01-25 18:00:17,910: signal_shutdown [atexit]
