[rospy.client][INFO] 2022-01-25 01:26:01,734: init_node, name[/webcam], pid[7527]
[xmlrpc][INFO] 2022-01-25 01:26:01,735: XML-RPC server binding to 0.0.0.0:0
[xmlrpc][INFO] 2022-01-25 01:26:01,736: Started XML-RPC server [http://ubuntu:38323/]
[rospy.init][INFO] 2022-01-25 01:26:01,737: ROS Slave URI: [http://ubuntu:38323/]
[rospy.impl.masterslave][INFO] 2022-01-25 01:26:01,737: _ready: http://ubuntu:38323/
[rospy.registration][INFO] 2022-01-25 01:26:01,739: Registering with master node http://localhost:11311
[xmlrpc][INFO] 2022-01-25 01:26:01,739: xml rpc node: starting XML-RPC server
[rospy.registration][INFO] 2022-01-25 01:26:01,740: Registering publisher topic [/image_raw] type [sensor_msgs/Image] with master
[rospy.init][INFO] 2022-01-25 01:26:01,838: registered with master
[rospy.rosout][INFO] 2022-01-25 01:26:01,839: initializing /rosout core topic
[rospy.rosout][INFO] 2022-01-25 01:26:01,845: connected to core topic /rosout
[rospy.simtime][INFO] 2022-01-25 01:26:01,848: /use_sim_time is not set, will not subscribe to simulated time [/clock] topic
[rospy.internal][INFO] 2022-01-25 01:26:02,061: topic[/rosout] adding connection to [/rosout], count 0
[rospy.internal][INFO] 2022-01-25 01:26:02,472: topic[/image_raw] adding connection to [/link_ros], count 0
[rospy.core][INFO] 2022-01-25 01:27:32,207: signal_shutdown [signal-2]
[rospy.internal][INFO] 2022-01-25 01:27:32,214: topic[/rosout] removing connection to /rosout
[rospy.internal][INFO] 2022-01-25 01:27:32,215: topic[/image_raw] removing connection to /link_ros
[rospy.impl.masterslave][INFO] 2022-01-25 01:27:32,216: signal-2
[rospy.core][INFO] 2022-01-25 01:27:32,355: signal_shutdown [atexit]
[rospy.client][INFO] 2022-01-25 02:11:01,182: init_node, name[/webcam], pid[9764]
[xmlrpc][INFO] 2022-01-25 02:11:01,183: XML-RPC server binding to 0.0.0.0:0
[xmlrpc][INFO] 2022-01-25 02:11:01,184: Started XML-RPC server [http://ubuntu:34197/]
[rospy.init][INFO] 2022-01-25 02:11:01,185: ROS Slave URI: [http://ubuntu:34197/]
[rospy.impl.masterslave][INFO] 2022-01-25 02:11:01,185: _ready: http://ubuntu:34197/
[xmlrpc][INFO] 2022-01-25 02:11:01,186: xml rpc node: starting XML-RPC server
[rospy.registration][INFO] 2022-01-25 02:11:01,187: Registering with master node http://localhost:11311
[rospy.registration][INFO] 2022-01-25 02:11:01,188: Registering publisher topic [/image_raw] type [sensor_msgs/Image] with master
[rospy.internal][INFO] 2022-01-25 02:11:01,266: topic[/image_raw] adding connection to [/link_ros], count 0
[rospy.init][INFO] 2022-01-25 02:11:01,285: registered with master
[rospy.rosout][INFO] 2022-01-25 02:11:01,286: initializing /rosout core topic
[rospy.rosout][INFO] 2022-01-25 02:11:01,289: connected to core topic /rosout
[rospy.simtime][INFO] 2022-01-25 02:11:01,291: /use_sim_time is not set, will not subscribe to simulated time [/clock] topic
[rospy.internal][INFO] 2022-01-25 02:11:01,430: topic[/rosout] adding connection to [/rosout], count 0
[rospy.internal][INFO] 2022-01-25 03:36:21,838: topic[/rosout] removing connection to /rosout
[rospy.internal][INFO] 2022-01-25 03:36:24,605: topic[/image_raw] removing connection to /link_ros
[rospy.core][INFO] 2022-01-25 04:23:36,269: signal_shutdown [signal-2]
[rospy.registration][WARNING] 2022-01-25 04:23:36,272: cannot unregister with master due to network issues
[rospy.impl.masterslave][INFO] 2022-01-25 04:23:36,272: signal-2
[rospy.core][INFO] 2022-01-25 04:23:36,379: signal_shutdown [atexit]
