[rospy.client][INFO] 2022-04-06 16:33:13,204: init_node, name[/joystick], pid[29875]
[xmlrpc][INFO] 2022-04-06 16:33:13,206: XML-RPC server binding to 0.0.0.0:0
[rospy.init][INFO] 2022-04-06 16:33:13,209: ROS Slave URI: [http://ubuntu:41241/]
[xmlrpc][INFO] 2022-04-06 16:33:13,210: Started XML-RPC server [http://ubuntu:41241/]
[rospy.impl.masterslave][INFO] 2022-04-06 16:33:13,211: _ready: http://ubuntu:41241/
[xmlrpc][INFO] 2022-04-06 16:33:13,212: xml rpc node: starting XML-RPC server
[rospy.registration][INFO] 2022-04-06 16:33:13,214: Registering with master node http://localhost:11311
[rospy.init][INFO] 2022-04-06 16:33:13,310: registered with master
[rospy.rosout][INFO] 2022-04-06 16:33:13,311: initializing /rosout core topic
[rospy.rosout][INFO] 2022-04-06 16:33:13,322: connected to core topic /rosout
[rospy.simtime][INFO] 2022-04-06 16:33:13,326: /use_sim_time is not set, will not subscribe to simulated time [/clock] topic
[rospy.internal][INFO] 2022-04-06 16:33:13,580: topic[/rosout] adding connection to [/rosout], count 0
[rospy.core][INFO] 2022-04-06 17:56:52,084: signal_shutdown [signal-2]
[rospy.internal][INFO] 2022-04-06 17:56:52,108: topic[/rosout] removing connection to /rosout
[rospy.impl.masterslave][INFO] 2022-04-06 17:56:52,109: signal-2
[rospy.core][INFO] 2022-04-06 17:56:52,226: signal_shutdown [atexit]
[rospy.client][INFO] 2022-04-06 17:56:57,682: init_node, name[/joystick], pid[21300]
[xmlrpc][INFO] 2022-04-06 17:56:57,683: XML-RPC server binding to 0.0.0.0:0
[xmlrpc][INFO] 2022-04-06 17:56:57,684: Started XML-RPC server [http://ubuntu:46701/]
[rospy.init][INFO] 2022-04-06 17:56:57,685: ROS Slave URI: [http://ubuntu:46701/]
[rospy.impl.masterslave][INFO] 2022-04-06 17:56:57,687: _ready: http://ubuntu:46701/
[rospy.registration][INFO] 2022-04-06 17:56:57,691: Registering with master node http://localhost:11311
[xmlrpc][INFO] 2022-04-06 17:56:57,691: xml rpc node: starting XML-RPC server
[rospy.init][INFO] 2022-04-06 17:56:57,788: registered with master
[rospy.rosout][INFO] 2022-04-06 17:56:57,792: initializing /rosout core topic
[rospy.rosout][INFO] 2022-04-06 17:56:57,801: connected to core topic /rosout
[rospy.simtime][INFO] 2022-04-06 17:56:57,804: /use_sim_time is not set, will not subscribe to simulated time [/clock] topic
[rospy.internal][INFO] 2022-04-06 17:56:57,993: topic[/rosout] adding connection to [/rosout], count 0
[rospy.core][INFO] 2022-04-06 17:57:08,417: signal_shutdown [signal-2]
[rospy.internal][INFO] 2022-04-06 17:57:08,431: topic[/rosout] removing connection to /rosout
[rospy.impl.masterslave][INFO] 2022-04-06 17:57:08,432: signal-2
[rospy.core][INFO] 2022-04-06 17:57:09,053: signal_shutdown [atexit]
