[rospy.client][INFO] 2022-01-20 16:37:54,678: init_node, name[/webcam], pid[27799]
[xmlrpc][INFO] 2022-01-20 16:37:54,679: XML-RPC server binding to 0.0.0.0:0
[xmlrpc][INFO] 2022-01-20 16:37:54,680: Started XML-RPC server [http://ubuntu:42175/]
[rospy.init][INFO] 2022-01-20 16:37:54,681: ROS Slave URI: [http://ubuntu:42175/]
[rospy.impl.masterslave][INFO] 2022-01-20 16:37:54,681: _ready: http://ubuntu:42175/
[xmlrpc][INFO] 2022-01-20 16:37:54,683: xml rpc node: starting XML-RPC server
[rospy.registration][INFO] 2022-01-20 16:37:54,684: Registering with master node http://localhost:11311
[rospy.registration][INFO] 2022-01-20 16:37:54,685: Registering publisher topic [/image_raw] type [sensor_msgs/Image] with master
[rospy.init][INFO] 2022-01-20 16:37:54,782: registered with master
[rospy.rosout][INFO] 2022-01-20 16:37:54,783: initializing /rosout core topic
[rospy.rosout][INFO] 2022-01-20 16:37:54,789: connected to core topic /rosout
[rospy.simtime][INFO] 2022-01-20 16:37:54,792: /use_sim_time is not set, will not subscribe to simulated time [/clock] topic
[rospy.internal][INFO] 2022-01-20 16:37:55,087: topic[/rosout] adding connection to [/rosout], count 0
[rospy.internal][INFO] 2022-01-20 16:40:51,462: topic[/image_raw] adding connection to [/rostopic_28156_1642696851009], count 0
[rospy.internal][INFO] 2022-01-20 16:40:54,471: topic[/image_raw] removing connection to /rostopic_28156_1642696851009
[rospy.core][INFO] 2022-01-20 17:00:52,209: signal_shutdown [signal-2]
[rospy.internal][INFO] 2022-01-20 17:00:52,214: topic[/rosout] removing connection to /rosout
[rospy.impl.masterslave][INFO] 2022-01-20 17:00:52,215: signal-2
[rospy.core][INFO] 2022-01-20 17:00:52,353: signal_shutdown [atexit]
[rospy.client][INFO] 2022-01-20 17:08:07,636: init_node, name[/webcam], pid[31464]
[xmlrpc][INFO] 2022-01-20 17:08:07,637: XML-RPC server binding to 0.0.0.0:0
[xmlrpc][INFO] 2022-01-20 17:08:07,638: Started XML-RPC server [http://ubuntu:37353/]
[rospy.init][INFO] 2022-01-20 17:08:07,638: ROS Slave URI: [http://ubuntu:37353/]
[rospy.impl.masterslave][INFO] 2022-01-20 17:08:07,638: _ready: http://ubuntu:37353/
[rospy.registration][INFO] 2022-01-20 17:08:07,640: Registering with master node http://localhost:11311
[xmlrpc][INFO] 2022-01-20 17:08:07,641: xml rpc node: starting XML-RPC server
[rospy.registration][INFO] 2022-01-20 17:08:07,641: Registering publisher topic [/image_raw] type [sensor_msgs/Image] with master
[rospy.init][INFO] 2022-01-20 17:08:07,739: registered with master
[rospy.rosout][INFO] 2022-01-20 17:08:07,740: initializing /rosout core topic
[rospy.rosout][INFO] 2022-01-20 17:08:07,746: connected to core topic /rosout
[rospy.simtime][INFO] 2022-01-20 17:08:07,750: /use_sim_time is not set, will not subscribe to simulated time [/clock] topic
[rospy.internal][INFO] 2022-01-20 17:08:08,043: topic[/rosout] adding connection to [/rosout], count 0
[rospy.internal][INFO] 2022-01-20 19:26:27,826: topic[/rosout] removing connection to /rosout
[rospy.core][INFO] 2022-01-20 19:26:38,074: signal_shutdown [signal-2]
[rospy.impl.masterslave][INFO] 2022-01-20 19:26:38,081: signal-2
[rospy.core][INFO] 2022-01-20 19:26:38,219: signal_shutdown [atexit]
