[0.061s] Invoking command in '/home/ubuntu/ros2_foxy/build/ament_cmake_include_directories': AMENT_PREFIX_PATH=/home/ubuntu/ros2_foxy/install/ament_cmake_core:/home/ubuntu/ros2_foxy/install/ament_package CMAKE_PREFIX_PATH=/home/ubuntu/ros2_foxy/install/ament_cmake_core PYTHONPATH=/home/ubuntu/ros2_foxy/build/ament_package:/home/ubuntu/ros2_foxy/install/ament_package/lib/python3.6/site-packages /usr/bin/cmake /home/ubuntu/ros2_foxy/src/ament/ament_cmake/ament_cmake_include_directories -DAMENT_CMAKE_SYMLINK_INSTALL=1 -DCMAKE_INSTALL_PREFIX=/home/ubuntu/ros2_foxy/install/ament_cmake_include_directories
[0.155s] -- Found ament_cmake_core: 0.9.9 (/home/ubuntu/ros2_foxy/install/ament_cmake_core/share/ament_cmake_core/cmake)
[0.383s] -- Found PythonInterp: /usr/bin/python3 (found suitable version "3.6.9", minimum required is "3") 
[0.385s] -- Using PYTHON_EXECUTABLE: /usr/bin/python3
[3.462s] -- Override CMake install command with custom implementation using symlinks instead of copying resources
[4.057s] -- Configuring done
[4.091s] -- Generating done
[4.113s] -- Build files have been written to: /home/ubuntu/ros2_foxy/build/ament_cmake_include_directories
[4.122s] Invoked command in '/home/ubuntu/ros2_foxy/build/ament_cmake_include_directories' returned '0': AMENT_PREFIX_PATH=/home/ubuntu/ros2_foxy/install/ament_cmake_core:/home/ubuntu/ros2_foxy/install/ament_package CMAKE_PREFIX_PATH=/home/ubuntu/ros2_foxy/install/ament_cmake_core PYTHONPATH=/home/ubuntu/ros2_foxy/build/ament_package:/home/ubuntu/ros2_foxy/install/ament_package/lib/python3.6/site-packages /usr/bin/cmake /home/ubuntu/ros2_foxy/src/ament/ament_cmake/ament_cmake_include_directories -DAMENT_CMAKE_SYMLINK_INSTALL=1 -DCMAKE_INSTALL_PREFIX=/home/ubuntu/ros2_foxy/install/ament_cmake_include_directories
[4.137s] Invoking command in '/home/ubuntu/ros2_foxy/build/ament_cmake_include_directories': AMENT_PREFIX_PATH=/home/ubuntu/ros2_foxy/install/ament_cmake_core:/home/ubuntu/ros2_foxy/install/ament_package CMAKE_PREFIX_PATH=/home/ubuntu/ros2_foxy/install/ament_cmake_core PYTHONPATH=/home/ubuntu/ros2_foxy/build/ament_package:/home/ubuntu/ros2_foxy/install/ament_package/lib/python3.6/site-packages /usr/bin/cmake --build /home/ubuntu/ros2_foxy/build/ament_cmake_include_directories -- -j4 -l4
[4.677s] Invoked command in '/home/ubuntu/ros2_foxy/build/ament_cmake_include_directories' returned '0': AMENT_PREFIX_PATH=/home/ubuntu/ros2_foxy/install/ament_cmake_core:/home/ubuntu/ros2_foxy/install/ament_package CMAKE_PREFIX_PATH=/home/ubuntu/ros2_foxy/install/ament_cmake_core PYTHONPATH=/home/ubuntu/ros2_foxy/build/ament_package:/home/ubuntu/ros2_foxy/install/ament_package/lib/python3.6/site-packages /usr/bin/cmake --build /home/ubuntu/ros2_foxy/build/ament_cmake_include_directories -- -j4 -l4
[5.130s] Invoking command in '/home/ubuntu/ros2_foxy/build/ament_cmake_include_directories': AMENT_PREFIX_PATH=/home/ubuntu/ros2_foxy/install/ament_cmake_core:/home/ubuntu/ros2_foxy/install/ament_package CMAKE_PREFIX_PATH=/home/ubuntu/ros2_foxy/install/ament_cmake_core PYTHONPATH=/home/ubuntu/ros2_foxy/build/ament_package:/home/ubuntu/ros2_foxy/install/ament_package/lib/python3.6/site-packages /usr/bin/cmake --build /home/ubuntu/ros2_foxy/build/ament_cmake_include_directories --target install -- -j4 -l4
[5.727s] [36mInstall the project...[0m
[5.834s] -- Install configuration: ""
[5.837s] -- Execute custom install script
[5.855s] -- Symlinking: /home/ubuntu/ros2_foxy/install/ament_cmake_include_directories/share/ament_index/resource_index/package_run_dependencies/ament_cmake_include_directories
[5.965s] -- Symlinking: /home/ubuntu/ros2_foxy/install/ament_cmake_include_directories/share/ament_index/resource_index/parent_prefix_path/ament_cmake_include_directories
[6.115s] -- Symlinking: /home/ubuntu/ros2_foxy/install/ament_cmake_include_directories/share/ament_cmake_include_directories/environment/ament_prefix_path.sh
[6.236s] -- Symlinking: /home/ubuntu/ros2_foxy/install/ament_cmake_include_directories/share/ament_cmake_include_directories/environment/ament_prefix_path.dsv
[6.350s] -- Symlinking: /home/ubuntu/ros2_foxy/install/ament_cmake_include_directories/share/ament_cmake_include_directories/environment/path.sh
[6.492s] -- Symlinking: /home/ubuntu/ros2_foxy/install/ament_cmake_include_directories/share/ament_cmake_include_directories/environment/path.dsv
[6.629s] -- Symlinking: /home/ubuntu/ros2_foxy/install/ament_cmake_include_directories/share/ament_cmake_include_directories/local_setup.bash
[6.733s] -- Symlinking: /home/ubuntu/ros2_foxy/install/ament_cmake_include_directories/share/ament_cmake_include_directories/local_setup.sh
[6.845s] -- Symlinking: /home/ubuntu/ros2_foxy/install/ament_cmake_include_directories/share/ament_cmake_include_directories/local_setup.zsh
[6.952s] -- Symlinking: /home/ubuntu/ros2_foxy/install/ament_cmake_include_directories/share/ament_cmake_include_directories/local_setup.dsv
[7.096s] -- Symlinking: /home/ubuntu/ros2_foxy/install/ament_cmake_include_directories/share/ament_cmake_include_directories/package.dsv
[7.164s] -- Symlinking: /home/ubuntu/ros2_foxy/install/ament_cmake_include_directories/share/ament_index/resource_index/packages/ament_cmake_include_directories
[7.281s] -- Symlinking: /home/ubuntu/ros2_foxy/install/ament_cmake_include_directories/share/ament_cmake_include_directories/cmake/ament_cmake_include_directories-extras.cmake
[7.388s] -- Symlinking: /home/ubuntu/ros2_foxy/install/ament_cmake_include_directories/share/ament_cmake_include_directories/cmake/ament_cmake_include_directoriesConfig.cmake
[7.484s] -- Symlinking: /home/ubuntu/ros2_foxy/install/ament_cmake_include_directories/share/ament_cmake_include_directories/cmake/ament_cmake_include_directoriesConfig-version.cmake
[7.594s] -- Symlinking: /home/ubuntu/ros2_foxy/install/ament_cmake_include_directories/share/ament_cmake_include_directories/package.xml
[7.709s] -- Symlinking: /home/ubuntu/ros2_foxy/install/ament_cmake_include_directories/share/ament_cmake_include_directories/cmake/ament_include_directories_order.cmake
[7.825s] Invoked command in '/home/ubuntu/ros2_foxy/build/ament_cmake_include_directories' returned '0': AMENT_PREFIX_PATH=/home/ubuntu/ros2_foxy/install/ament_cmake_core:/home/ubuntu/ros2_foxy/install/ament_package CMAKE_PREFIX_PATH=/home/ubuntu/ros2_foxy/install/ament_cmake_core PYTHONPATH=/home/ubuntu/ros2_foxy/build/ament_package:/home/ubuntu/ros2_foxy/install/ament_package/lib/python3.6/site-packages /usr/bin/cmake --build /home/ubuntu/ros2_foxy/build/ament_cmake_include_directories --target install -- -j4 -l4
