[0.185s] Invoking command in '/home/ubuntu/ros2_foxy/build/ament_cmake_version': AMENT_PREFIX_PATH=/home/ubuntu/ros2_foxy/install/ament_cmake_core:/home/ubuntu/ros2_foxy/install/ament_package CMAKE_PREFIX_PATH=/home/ubuntu/ros2_foxy/install/ament_cmake_core PYTHONPATH=/home/ubuntu/ros2_foxy/build/ament_package:/home/ubuntu/ros2_foxy/install/ament_package/lib/python3.6/site-packages /usr/bin/cmake /home/ubuntu/ros2_foxy/src/ament/ament_cmake/ament_cmake_version -DAMENT_CMAKE_SYMLINK_INSTALL=1 -DCMAKE_INSTALL_PREFIX=/home/ubuntu/ros2_foxy/install/ament_cmake_version
[0.426s] -- Found ament_cmake_core: 0.9.9 (/home/ubuntu/ros2_foxy/install/ament_cmake_core/share/ament_cmake_core/cmake)
[0.794s] -- Found PythonInterp: /usr/bin/python3 (found suitable version "3.6.9", minimum required is "3") 
[0.796s] -- Using PYTHON_EXECUTABLE: /usr/bin/python3
[4.130s] -- Override CMake install command with custom implementation using symlinks instead of copying resources
[5.168s] -- Configuring done
[5.258s] -- Generating done
[5.259s] -- Build files have been written to: /home/ubuntu/ros2_foxy/build/ament_cmake_version
[5.343s] Invoked command in '/home/ubuntu/ros2_foxy/build/ament_cmake_version' returned '0': AMENT_PREFIX_PATH=/home/ubuntu/ros2_foxy/install/ament_cmake_core:/home/ubuntu/ros2_foxy/install/ament_package CMAKE_PREFIX_PATH=/home/ubuntu/ros2_foxy/install/ament_cmake_core PYTHONPATH=/home/ubuntu/ros2_foxy/build/ament_package:/home/ubuntu/ros2_foxy/install/ament_package/lib/python3.6/site-packages /usr/bin/cmake /home/ubuntu/ros2_foxy/src/ament/ament_cmake/ament_cmake_version -DAMENT_CMAKE_SYMLINK_INSTALL=1 -DCMAKE_INSTALL_PREFIX=/home/ubuntu/ros2_foxy/install/ament_cmake_version
[5.362s] Invoking command in '/home/ubuntu/ros2_foxy/build/ament_cmake_version': AMENT_PREFIX_PATH=/home/ubuntu/ros2_foxy/install/ament_cmake_core:/home/ubuntu/ros2_foxy/install/ament_package CMAKE_PREFIX_PATH=/home/ubuntu/ros2_foxy/install/ament_cmake_core PYTHONPATH=/home/ubuntu/ros2_foxy/build/ament_package:/home/ubuntu/ros2_foxy/install/ament_package/lib/python3.6/site-packages /usr/bin/cmake --build /home/ubuntu/ros2_foxy/build/ament_cmake_version -- -j4 -l4
[5.897s] Invoked command in '/home/ubuntu/ros2_foxy/build/ament_cmake_version' returned '0': AMENT_PREFIX_PATH=/home/ubuntu/ros2_foxy/install/ament_cmake_core:/home/ubuntu/ros2_foxy/install/ament_package CMAKE_PREFIX_PATH=/home/ubuntu/ros2_foxy/install/ament_cmake_core PYTHONPATH=/home/ubuntu/ros2_foxy/build/ament_package:/home/ubuntu/ros2_foxy/install/ament_package/lib/python3.6/site-packages /usr/bin/cmake --build /home/ubuntu/ros2_foxy/build/ament_cmake_version -- -j4 -l4
[6.374s] Invoking command in '/home/ubuntu/ros2_foxy/build/ament_cmake_version': AMENT_PREFIX_PATH=/home/ubuntu/ros2_foxy/install/ament_cmake_core:/home/ubuntu/ros2_foxy/install/ament_package CMAKE_PREFIX_PATH=/home/ubuntu/ros2_foxy/install/ament_cmake_core PYTHONPATH=/home/ubuntu/ros2_foxy/build/ament_package:/home/ubuntu/ros2_foxy/install/ament_package/lib/python3.6/site-packages /usr/bin/cmake --build /home/ubuntu/ros2_foxy/build/ament_cmake_version --target install -- -j4 -l4
[7.079s] [36mInstall the project...[0m
[7.180s] -- Install configuration: ""
[7.183s] -- Execute custom install script
[7.216s] -- Symlinking: /home/ubuntu/ros2_foxy/install/ament_cmake_version/share/ament_index/resource_index/package_run_dependencies/ament_cmake_version
[7.339s] -- Symlinking: /home/ubuntu/ros2_foxy/install/ament_cmake_version/share/ament_index/resource_index/parent_prefix_path/ament_cmake_version
[7.431s] -- Symlinking: /home/ubuntu/ros2_foxy/install/ament_cmake_version/share/ament_cmake_version/environment/ament_prefix_path.sh
[7.555s] -- Symlinking: /home/ubuntu/ros2_foxy/install/ament_cmake_version/share/ament_cmake_version/environment/ament_prefix_path.dsv
[7.670s] -- Symlinking: /home/ubuntu/ros2_foxy/install/ament_cmake_version/share/ament_cmake_version/environment/path.sh
[7.770s] -- Symlinking: /home/ubuntu/ros2_foxy/install/ament_cmake_version/share/ament_cmake_version/environment/path.dsv
[7.874s] -- Symlinking: /home/ubuntu/ros2_foxy/install/ament_cmake_version/share/ament_cmake_version/local_setup.bash
[8.018s] -- Symlinking: /home/ubuntu/ros2_foxy/install/ament_cmake_version/share/ament_cmake_version/local_setup.sh
[8.124s] -- Symlinking: /home/ubuntu/ros2_foxy/install/ament_cmake_version/share/ament_cmake_version/local_setup.zsh
[8.271s] -- Symlinking: /home/ubuntu/ros2_foxy/install/ament_cmake_version/share/ament_cmake_version/local_setup.dsv
[8.398s] -- Symlinking: /home/ubuntu/ros2_foxy/install/ament_cmake_version/share/ament_cmake_version/package.dsv
[8.506s] -- Symlinking: /home/ubuntu/ros2_foxy/install/ament_cmake_version/share/ament_index/resource_index/packages/ament_cmake_version
[8.610s] -- Symlinking: /home/ubuntu/ros2_foxy/install/ament_cmake_version/share/ament_cmake_version/cmake/ament_cmake_version-extras.cmake
[8.738s] -- Symlinking: /home/ubuntu/ros2_foxy/install/ament_cmake_version/share/ament_cmake_version/cmake/ament_cmake_versionConfig.cmake
[8.853s] -- Symlinking: /home/ubuntu/ros2_foxy/install/ament_cmake_version/share/ament_cmake_version/cmake/ament_cmake_versionConfig-version.cmake
[8.962s] -- Symlinking: /home/ubuntu/ros2_foxy/install/ament_cmake_version/share/ament_cmake_version/package.xml
[9.079s] -- Symlinking: /home/ubuntu/ros2_foxy/install/ament_cmake_version/share/ament_cmake_version/cmake/ament_export_development_version_if_higher_than_manifest.cmake
[9.211s] Invoked command in '/home/ubuntu/ros2_foxy/build/ament_cmake_version' returned '0': AMENT_PREFIX_PATH=/home/ubuntu/ros2_foxy/install/ament_cmake_core:/home/ubuntu/ros2_foxy/install/ament_package CMAKE_PREFIX_PATH=/home/ubuntu/ros2_foxy/install/ament_cmake_core PYTHONPATH=/home/ubuntu/ros2_foxy/build/ament_package:/home/ubuntu/ros2_foxy/install/ament_package/lib/python3.6/site-packages /usr/bin/cmake --build /home/ubuntu/ros2_foxy/build/ament_cmake_version --target install -- -j4 -l4
