[rospy.client][INFO] 2022-01-23 17:00:53,162: init_node, name[/talker], pid[5147]
[xmlrpc][INFO] 2022-01-23 17:00:53,169: XML-RPC server binding to 0.0.0.0:0
[xmlrpc][INFO] 2022-01-23 17:00:53,170: Started XML-RPC server [http://ubuntu:45349/]
[rospy.init][INFO] 2022-01-23 17:00:53,171: ROS Slave URI: [http://ubuntu:45349/]
[rospy.impl.masterslave][INFO] 2022-01-23 17:00:53,171: _ready: http://ubuntu:45349/
[rospy.registration][INFO] 2022-01-23 17:00:53,174: Registering with master node http://localhost:11311
[xmlrpc][INFO] 2022-01-23 17:00:53,174: xml rpc node: starting XML-RPC server
[rospy.registration][INFO] 2022-01-23 17:00:53,175: Registering publisher topic [/chatter] type [std_msgs/String] with master
[rospy.init][INFO] 2022-01-23 17:00:53,272: registered with master
[rospy.rosout][INFO] 2022-01-23 17:00:53,273: initializing /rosout core topic
[rospy.rosout][INFO] 2022-01-23 17:00:53,277: connected to core topic /rosout
[rospy.simtime][INFO] 2022-01-23 17:00:53,280: /use_sim_time is not set, will not subscribe to simulated time [/clock] topic
[rosout][INFO] 2022-01-23 17:00:53,287: hello world 1642957253.29
[rospy.internal][INFO] 2022-01-23 17:00:53,538: topic[/rosout] adding connection to [/rosout], count 0
[rospy.internal][INFO] 2022-01-23 17:00:54,657: topic[/chatter] adding connection to [/link_ros], count 0
[rosout][INFO] 2022-01-23 17:00:57,288: hello world 1642957257.29
[rosout][INFO] 2022-01-23 17:01:01,292: hello world 1642957261.29
[rosout][INFO] 2022-01-23 17:01:05,288: hello world 1642957265.29
[rosout][INFO] 2022-01-23 17:01:09,292: hello world 1642957269.29
[rosout][INFO] 2022-01-23 17:01:13,292: hello world 1642957273.29
[rosout][INFO] 2022-01-23 17:01:17,288: hello world 1642957277.29
[rosout][INFO] 2022-01-23 17:01:21,288: hello world 1642957281.29
[rosout][INFO] 2022-01-23 17:01:25,291: hello world 1642957285.29
[rosout][INFO] 2022-01-23 17:01:29,289: hello world 1642957289.29
[rosout][INFO] 2022-01-23 17:01:33,291: hello world 1642957293.29
[rosout][INFO] 2022-01-23 17:01:37,288: hello world 1642957297.29
[rosout][INFO] 2022-01-23 17:01:41,288: hello world 1642957301.29
[rosout][INFO] 2022-01-23 17:01:45,290: hello world 1642957305.29
[rosout][INFO] 2022-01-23 17:01:49,292: hello world 1642957309.29
[rosout][INFO] 2022-01-23 17:01:53,291: hello world 1642957313.29
[rosout][INFO] 2022-01-23 17:01:57,288: hello world 1642957317.29
[rosout][INFO] 2022-01-23 17:02:01,293: hello world 1642957321.29
[rosout][INFO] 2022-01-23 17:02:05,292: hello world 1642957325.29
[rosout][INFO] 2022-01-23 17:02:09,292: hello world 1642957329.29
[rosout][INFO] 2022-01-23 17:02:13,289: hello world 1642957333.29
[rosout][INFO] 2022-01-23 17:02:17,292: hello world 1642957337.29
[rosout][INFO] 2022-01-23 17:02:21,292: hello world 1642957341.29
[rosout][INFO] 2022-01-23 17:02:25,292: hello world 1642957345.29
[rosout][INFO] 2022-01-23 17:02:29,288: hello world 1642957349.29
[rosout][INFO] 2022-01-23 17:02:33,292: hello world 1642957353.29
[rosout][INFO] 2022-01-23 17:02:37,289: hello world 1642957357.29
[rosout][INFO] 2022-01-23 17:02:41,290: hello world 1642957361.29
[rosout][INFO] 2022-01-23 17:02:45,287: hello world 1642957365.29
[rosout][INFO] 2022-01-23 17:02:49,288: hello world 1642957369.29
[rosout][INFO] 2022-01-23 17:02:53,288: hello world 1642957373.29
[rosout][INFO] 2022-01-23 17:02:57,288: hello world 1642957377.29
[rosout][INFO] 2022-01-23 17:03:01,291: hello world 1642957381.29
[rosout][INFO] 2022-01-23 17:03:05,291: hello world 1642957385.29
[rosout][INFO] 2022-01-23 17:03:09,288: hello world 1642957389.29
[rosout][INFO] 2022-01-23 17:03:13,292: hello world 1642957393.29
[rosout][INFO] 2022-01-23 17:03:17,291: hello world 1642957397.29
[rosout][INFO] 2022-01-23 17:03:21,292: hello world 1642957401.29
[rosout][INFO] 2022-01-23 17:03:25,288: hello world 1642957405.29
[rosout][INFO] 2022-01-23 17:03:29,292: hello world 1642957409.29
[rosout][INFO] 2022-01-23 17:03:33,291: hello world 1642957413.29
[rosout][INFO] 2022-01-23 17:03:37,288: hello world 1642957417.29
[rosout][INFO] 2022-01-23 17:03:41,292: hello world 1642957421.29
[rosout][INFO] 2022-01-23 17:03:45,292: hello world 1642957425.29
[rosout][INFO] 2022-01-23 17:03:49,291: hello world 1642957429.29
[rosout][INFO] 2022-01-23 17:03:53,291: hello world 1642957433.29
[rosout][INFO] 2022-01-23 17:03:57,290: hello world 1642957437.29
[rosout][INFO] 2022-01-23 17:04:01,288: hello world 1642957441.29
[rosout][INFO] 2022-01-23 17:04:05,288: hello world 1642957445.29
[rosout][INFO] 2022-01-23 17:04:09,288: hello world 1642957449.29
[rosout][INFO] 2022-01-23 17:04:13,292: hello world 1642957453.29
[rosout][INFO] 2022-01-23 17:04:17,291: hello world 1642957457.29
[rosout][INFO] 2022-01-23 17:04:21,292: hello world 1642957461.29
[rosout][INFO] 2022-01-23 17:04:25,292: hello world 1642957465.29
[rosout][INFO] 2022-01-23 17:04:29,288: hello world 1642957469.29
[rosout][INFO] 2022-01-23 17:04:33,288: hello world 1642957473.29
[rosout][INFO] 2022-01-23 17:04:37,288: hello world 1642957477.29
[rosout][INFO] 2022-01-23 17:04:41,289: hello world 1642957481.29
[rosout][INFO] 2022-01-23 17:04:45,292: hello world 1642957485.29
[rosout][INFO] 2022-01-23 17:04:49,292: hello world 1642957489.29
[rosout][INFO] 2022-01-23 17:04:53,292: hello world 1642957493.29
[rosout][INFO] 2022-01-23 17:04:57,290: hello world 1642957497.29
[rosout][INFO] 2022-01-23 17:05:01,291: hello world 1642957501.29
[rosout][INFO] 2022-01-23 17:05:05,288: hello world 1642957505.29
[rosout][INFO] 2022-01-23 17:05:09,288: hello world 1642957509.29
[rosout][INFO] 2022-01-23 17:05:13,288: hello world 1642957513.29
[rosout][INFO] 2022-01-23 17:05:17,288: hello world 1642957517.29
[rosout][INFO] 2022-01-23 17:05:21,289: hello world 1642957521.29
[rosout][INFO] 2022-01-23 17:05:25,288: hello world 1642957525.29
[rosout][INFO] 2022-01-23 17:05:29,291: hello world 1642957529.29
[rosout][INFO] 2022-01-23 17:05:33,288: hello world 1642957533.29
[rosout][INFO] 2022-01-23 17:05:37,288: hello world 1642957537.29
[rosout][INFO] 2022-01-23 17:05:41,293: hello world 1642957541.29
[rosout][INFO] 2022-01-23 17:05:45,288: hello world 1642957545.29
[rosout][INFO] 2022-01-23 17:05:49,288: hello world 1642957549.29
[rosout][INFO] 2022-01-23 17:05:53,288: hello world 1642957553.29
[rosout][INFO] 2022-01-23 17:05:57,292: hello world 1642957557.29
[rosout][INFO] 2022-01-23 17:06:01,288: hello world 1642957561.29
[rosout][INFO] 2022-01-23 17:06:05,288: hello world 1642957565.29
[rosout][INFO] 2022-01-23 17:06:09,288: hello world 1642957569.29
[rosout][INFO] 2022-01-23 17:06:13,292: hello world 1642957573.29
[rosout][INFO] 2022-01-23 17:06:17,288: hello world 1642957577.29
[rosout][INFO] 2022-01-23 17:06:21,291: hello world 1642957581.29
[rosout][INFO] 2022-01-23 17:06:25,288: hello world 1642957585.29
[rosout][INFO] 2022-01-23 17:06:29,288: hello world 1642957589.29
[rosout][INFO] 2022-01-23 17:06:33,292: hello world 1642957593.29
[rosout][INFO] 2022-01-23 17:06:37,290: hello world 1642957597.29
[rosout][INFO] 2022-01-23 17:06:41,292: hello world 1642957601.29
[rosout][INFO] 2022-01-23 17:06:45,288: hello world 1642957605.29
[rosout][INFO] 2022-01-23 17:06:49,291: hello world 1642957609.29
[rosout][INFO] 2022-01-23 17:06:53,288: hello world 1642957613.29
[rosout][INFO] 2022-01-23 17:06:57,288: hello world 1642957617.29
[rosout][INFO] 2022-01-23 17:07:01,289: hello world 1642957621.29
[rosout][INFO] 2022-01-23 17:07:05,288: hello world 1642957625.29
[rosout][INFO] 2022-01-23 17:07:09,292: hello world 1642957629.29
[rosout][INFO] 2022-01-23 17:07:13,289: hello world 1642957633.29
[rosout][INFO] 2022-01-23 17:07:17,291: hello world 1642957637.29
[rosout][INFO] 2022-01-23 17:07:21,288: hello world 1642957641.29
[rosout][INFO] 2022-01-23 17:07:25,291: hello world 1642957645.29
[rosout][INFO] 2022-01-23 17:07:29,290: hello world 1642957649.29
[rosout][INFO] 2022-01-23 17:07:33,288: hello world 1642957653.29
[rosout][INFO] 2022-01-23 17:07:37,289: hello world 1642957657.29
[rosout][INFO] 2022-01-23 17:07:41,292: hello world 1642957661.29
[rosout][INFO] 2022-01-23 17:07:45,292: hello world 1642957665.29
[rosout][INFO] 2022-01-23 17:07:49,291: hello world 1642957669.29
[rosout][INFO] 2022-01-23 17:07:53,291: hello world 1642957673.29
[rosout][INFO] 2022-01-23 17:07:57,291: hello world 1642957677.29
[rosout][INFO] 2022-01-23 17:08:01,292: hello world 1642957681.29
[rosout][INFO] 2022-01-23 17:08:05,291: hello world 1642957685.29
[rosout][INFO] 2022-01-23 17:08:09,290: hello world 1642957689.29
[rosout][INFO] 2022-01-23 17:08:13,288: hello world 1642957693.29
[rosout][INFO] 2022-01-23 17:08:17,288: hello world 1642957697.29
[rosout][INFO] 2022-01-23 17:08:21,292: hello world 1642957701.29
[rosout][INFO] 2022-01-23 17:08:25,288: hello world 1642957705.29
[rosout][INFO] 2022-01-23 17:08:29,292: hello world 1642957709.29
[rosout][INFO] 2022-01-23 17:08:33,292: hello world 1642957713.29
[rosout][INFO] 2022-01-23 17:08:37,288: hello world 1642957717.29
[rosout][INFO] 2022-01-23 17:08:41,292: hello world 1642957721.29
[rosout][INFO] 2022-01-23 17:08:45,288: hello world 1642957725.29
[rosout][INFO] 2022-01-23 17:08:49,292: hello world 1642957729.29
[rosout][INFO] 2022-01-23 17:08:53,288: hello world 1642957733.29
[rosout][INFO] 2022-01-23 17:08:57,288: hello world 1642957737.29
[rosout][INFO] 2022-01-23 17:09:01,290: hello world 1642957741.29
[rosout][INFO] 2022-01-23 17:09:05,291: hello world 1642957745.29
[rosout][INFO] 2022-01-23 17:09:09,292: hello world 1642957749.29
[rosout][INFO] 2022-01-23 17:09:13,289: hello world 1642957753.29
[rosout][INFO] 2022-01-23 17:09:17,291: hello world 1642957757.29
[rosout][INFO] 2022-01-23 17:09:21,291: hello world 1642957761.29
[rosout][INFO] 2022-01-23 17:09:25,291: hello world 1642957765.29
[rosout][INFO] 2022-01-23 17:09:29,289: hello world 1642957769.29
[rosout][INFO] 2022-01-23 17:09:33,290: hello world 1642957773.29
[rosout][INFO] 2022-01-23 17:09:37,291: hello world 1642957777.29
[rosout][INFO] 2022-01-23 17:09:41,292: hello world 1642957781.29
[rosout][INFO] 2022-01-23 17:09:45,288: hello world 1642957785.29
[rosout][INFO] 2022-01-23 17:09:49,292: hello world 1642957789.29
[rosout][INFO] 2022-01-23 17:09:53,292: hello world 1642957793.29
[rosout][INFO] 2022-01-23 17:09:57,292: hello world 1642957797.29
[rosout][INFO] 2022-01-23 17:10:01,292: hello world 1642957801.29
[rosout][INFO] 2022-01-23 17:10:05,288: hello world 1642957805.29
[rosout][INFO] 2022-01-23 17:10:09,288: hello world 1642957809.29
[rosout][INFO] 2022-01-23 17:10:13,292: hello world 1642957813.29
[rosout][INFO] 2022-01-23 17:10:17,288: hello world 1642957817.29
[rosout][INFO] 2022-01-23 17:10:21,292: hello world 1642957821.29
[rosout][INFO] 2022-01-23 17:10:25,288: hello world 1642957825.29
[rosout][INFO] 2022-01-23 17:10:29,292: hello world 1642957829.29
[rosout][INFO] 2022-01-23 17:10:33,292: hello world 1642957833.29
[rosout][INFO] 2022-01-23 17:10:37,292: hello world 1642957837.29
[rosout][INFO] 2022-01-23 17:10:41,291: hello world 1642957841.29
[rosout][INFO] 2022-01-23 17:10:45,292: hello world 1642957845.29
[rosout][INFO] 2022-01-23 17:10:49,291: hello world 1642957849.29
[rosout][INFO] 2022-01-23 17:10:53,291: hello world 1642957853.29
[rosout][INFO] 2022-01-23 17:10:57,291: hello world 1642957857.29
[rosout][INFO] 2022-01-23 17:11:01,288: hello world 1642957861.29
[rosout][INFO] 2022-01-23 17:11:05,288: hello world 1642957865.29
[rosout][INFO] 2022-01-23 17:11:09,290: hello world 1642957869.29
[rosout][INFO] 2022-01-23 17:11:13,292: hello world 1642957873.29
[rosout][INFO] 2022-01-23 17:11:17,292: hello world 1642957877.29
[rosout][INFO] 2022-01-23 17:11:21,288: hello world 1642957881.29
[rosout][INFO] 2022-01-23 17:11:25,292: hello world 1642957885.29
[rosout][INFO] 2022-01-23 17:11:29,292: hello world 1642957889.29
[rosout][INFO] 2022-01-23 17:11:33,288: hello world 1642957893.29
[rosout][INFO] 2022-01-23 17:11:37,288: hello world 1642957897.29
[rosout][INFO] 2022-01-23 17:11:41,291: hello world 1642957901.29
[rosout][INFO] 2022-01-23 17:11:45,288: hello world 1642957905.29
[rosout][INFO] 2022-01-23 17:11:49,292: hello world 1642957909.29
[rosout][INFO] 2022-01-23 17:11:53,288: hello world 1642957913.29
[rosout][INFO] 2022-01-23 17:11:57,288: hello world 1642957917.29
[rosout][INFO] 2022-01-23 17:12:01,290: hello world 1642957921.29
[rosout][INFO] 2022-01-23 17:12:05,291: hello world 1642957925.29
[rosout][INFO] 2022-01-23 17:12:09,291: hello world 1642957929.29
[rosout][INFO] 2022-01-23 17:12:13,292: hello world 1642957933.29
[rosout][INFO] 2022-01-23 17:12:17,291: hello world 1642957937.29
[rosout][INFO] 2022-01-23 17:12:21,292: hello world 1642957941.29
[rosout][INFO] 2022-01-23 17:12:25,288: hello world 1642957945.29
[rosout][INFO] 2022-01-23 17:12:29,288: hello world 1642957949.29
[rosout][INFO] 2022-01-23 17:12:33,288: hello world 1642957953.29
[rosout][INFO] 2022-01-23 17:12:37,288: hello world 1642957957.29
[rosout][INFO] 2022-01-23 17:12:41,288: hello world 1642957961.29
[rosout][INFO] 2022-01-23 17:12:45,292: hello world 1642957965.29
[rosout][INFO] 2022-01-23 17:12:49,289: hello world 1642957969.29
[rosout][INFO] 2022-01-23 17:12:53,292: hello world 1642957973.29
[rosout][INFO] 2022-01-23 17:12:57,292: hello world 1642957977.29
[rosout][INFO] 2022-01-23 17:13:01,292: hello world 1642957981.29
[rosout][INFO] 2022-01-23 17:13:05,292: hello world 1642957985.29
[rosout][INFO] 2022-01-23 17:13:09,288: hello world 1642957989.29
[rosout][INFO] 2022-01-23 17:13:13,291: hello world 1642957993.29
[rosout][INFO] 2022-01-23 17:13:17,288: hello world 1642957997.29
[rosout][INFO] 2022-01-23 17:13:21,288: hello world 1642958001.29
[rosout][INFO] 2022-01-23 17:13:25,288: hello world 1642958005.29
[rosout][INFO] 2022-01-23 17:13:29,289: hello world 1642958009.29
[rosout][INFO] 2022-01-23 17:13:33,288: hello world 1642958013.29
[rosout][INFO] 2022-01-23 17:13:37,291: hello world 1642958017.29
[rosout][INFO] 2022-01-23 17:13:41,291: hello world 1642958021.29
[rosout][INFO] 2022-01-23 17:13:45,292: hello world 1642958025.29
[rosout][INFO] 2022-01-23 17:13:49,289: hello world 1642958029.29
[rosout][INFO] 2022-01-23 17:13:53,292: hello world 1642958033.29
[rosout][INFO] 2022-01-23 17:13:57,292: hello world 1642958037.29
[rosout][INFO] 2022-01-23 17:14:01,292: hello world 1642958041.29
[rosout][INFO] 2022-01-23 17:14:05,292: hello world 1642958045.29
[rosout][INFO] 2022-01-23 17:14:09,288: hello world 1642958049.29
[rosout][INFO] 2022-01-23 17:14:13,293: hello world 1642958053.29
[rosout][INFO] 2022-01-23 17:14:17,288: hello world 1642958057.29
[rosout][INFO] 2022-01-23 17:14:21,288: hello world 1642958061.29
[rosout][INFO] 2022-01-23 17:14:25,291: hello world 1642958065.29
[rosout][INFO] 2022-01-23 17:14:29,288: hello world 1642958069.29
[rosout][INFO] 2022-01-23 17:14:33,288: hello world 1642958073.29
[rosout][INFO] 2022-01-23 17:14:37,290: hello world 1642958077.29
[rosout][INFO] 2022-01-23 17:14:41,291: hello world 1642958081.29
[rosout][INFO] 2022-01-23 17:14:45,291: hello world 1642958085.29
[rosout][INFO] 2022-01-23 17:14:49,291: hello world 1642958089.29
[rosout][INFO] 2022-01-23 17:14:53,292: hello world 1642958093.29
[rosout][INFO] 2022-01-23 17:14:57,291: hello world 1642958097.29
[rosout][INFO] 2022-01-23 17:15:01,291: hello world 1642958101.29
[rosout][INFO] 2022-01-23 17:15:05,288: hello world 1642958105.29
[rosout][INFO] 2022-01-23 17:15:09,291: hello world 1642958109.29
[rosout][INFO] 2022-01-23 17:15:13,288: hello world 1642958113.29
[rosout][INFO] 2022-01-23 17:15:17,292: hello world 1642958117.29
[rosout][INFO] 2022-01-23 17:15:21,292: hello world 1642958121.29
[rosout][INFO] 2022-01-23 17:15:25,292: hello world 1642958125.29
[rosout][INFO] 2022-01-23 17:15:29,288: hello world 1642958129.29
[rosout][INFO] 2022-01-23 17:15:33,289: hello world 1642958133.29
[rosout][INFO] 2022-01-23 17:15:37,288: hello world 1642958137.29
[rosout][INFO] 2022-01-23 17:15:41,292: hello world 1642958141.29
[rosout][INFO] 2022-01-23 17:15:45,288: hello world 1642958145.29
[rosout][INFO] 2022-01-23 17:15:49,288: hello world 1642958149.29
[rosout][INFO] 2022-01-23 17:15:53,292: hello world 1642958153.29
[rosout][INFO] 2022-01-23 17:15:57,288: hello world 1642958157.29
[rosout][INFO] 2022-01-23 17:16:01,288: hello world 1642958161.29
[rosout][INFO] 2022-01-23 17:16:05,290: hello world 1642958165.29
[rosout][INFO] 2022-01-23 17:16:09,291: hello world 1642958169.29
[rosout][INFO] 2022-01-23 17:16:13,292: hello world 1642958173.29
[rosout][INFO] 2022-01-23 17:16:17,288: hello world 1642958177.29
[rosout][INFO] 2022-01-23 17:16:21,288: hello world 1642958181.29
[rosout][INFO] 2022-01-23 17:16:25,292: hello world 1642958185.29
[rosout][INFO] 2022-01-23 17:16:29,288: hello world 1642958189.29
[rosout][INFO] 2022-01-23 17:16:33,288: hello world 1642958193.29
[rosout][INFO] 2022-01-23 17:16:37,288: hello world 1642958197.29
[rosout][INFO] 2022-01-23 17:16:41,289: hello world 1642958201.29
[rosout][INFO] 2022-01-23 17:16:45,288: hello world 1642958205.29
[rosout][INFO] 2022-01-23 17:16:49,288: hello world 1642958209.29
[rosout][INFO] 2022-01-23 17:16:53,292: hello world 1642958213.29
[rosout][INFO] 2022-01-23 17:16:57,291: hello world 1642958217.29
[rosout][INFO] 2022-01-23 17:17:01,292: hello world 1642958221.29
[rosout][INFO] 2022-01-23 17:17:05,288: hello world 1642958225.29
[rosout][INFO] 2022-01-23 17:17:09,292: hello world 1642958229.29
[rosout][INFO] 2022-01-23 17:17:13,291: hello world 1642958233.29
[rosout][INFO] 2022-01-23 17:17:17,288: hello world 1642958237.29
[rosout][INFO] 2022-01-23 17:17:21,292: hello world 1642958241.29
[rosout][INFO] 2022-01-23 17:17:25,291: hello world 1642958245.29
[rosout][INFO] 2022-01-23 17:17:29,291: hello world 1642958249.29
[rosout][INFO] 2022-01-23 17:17:33,291: hello world 1642958253.29
[rosout][INFO] 2022-01-23 17:17:37,288: hello world 1642958257.29
[rosout][INFO] 2022-01-23 17:17:41,288: hello world 1642958261.29
[rosout][INFO] 2022-01-23 17:17:45,288: hello world 1642958265.29
[rosout][INFO] 2022-01-23 17:17:49,291: hello world 1642958269.29
[rosout][INFO] 2022-01-23 17:17:53,291: hello world 1642958273.29
[rosout][INFO] 2022-01-23 17:17:57,292: hello world 1642958277.29
[rosout][INFO] 2022-01-23 17:18:01,290: hello world 1642958281.29
[rosout][INFO] 2022-01-23 17:18:05,292: hello world 1642958285.29
[rosout][INFO] 2022-01-23 17:18:09,292: hello world 1642958289.29
[rosout][INFO] 2022-01-23 17:18:13,292: hello world 1642958293.29
[rosout][INFO] 2022-01-23 17:18:17,292: hello world 1642958297.29
[rosout][INFO] 2022-01-23 17:18:21,292: hello world 1642958301.29
[rosout][INFO] 2022-01-23 17:18:25,292: hello world 1642958305.29
[rosout][INFO] 2022-01-23 17:18:29,292: hello world 1642958309.29
[rosout][INFO] 2022-01-23 17:18:33,289: hello world 1642958313.29
[rosout][INFO] 2022-01-23 17:18:37,291: hello world 1642958317.29
[rosout][INFO] 2022-01-23 17:18:41,291: hello world 1642958321.29
[rosout][INFO] 2022-01-23 17:18:45,289: hello world 1642958325.29
[rosout][INFO] 2022-01-23 17:18:49,289: hello world 1642958329.29
[rosout][INFO] 2022-01-23 17:18:53,292: hello world 1642958333.29
[rosout][INFO] 2022-01-23 17:18:57,291: hello world 1642958337.29
[rosout][INFO] 2022-01-23 17:19:01,288: hello world 1642958341.29
[rosout][INFO] 2022-01-23 17:19:05,291: hello world 1642958345.29
[rosout][INFO] 2022-01-23 17:19:09,288: hello world 1642958349.29
[rosout][INFO] 2022-01-23 17:19:13,288: hello world 1642958353.29
[rosout][INFO] 2022-01-23 17:19:17,291: hello world 1642958357.29
[rosout][INFO] 2022-01-23 17:19:21,292: hello world 1642958361.29
[rosout][INFO] 2022-01-23 17:19:25,292: hello world 1642958365.29
[rosout][INFO] 2022-01-23 17:19:29,288: hello world 1642958369.29
[rosout][INFO] 2022-01-23 17:19:33,291: hello world 1642958373.29
[rosout][INFO] 2022-01-23 17:19:37,292: hello world 1642958377.29
[rosout][INFO] 2022-01-23 17:19:41,292: hello world 1642958381.29
[rosout][INFO] 2022-01-23 17:19:45,288: hello world 1642958385.29
[rosout][INFO] 2022-01-23 17:19:49,291: hello world 1642958389.29
[rosout][INFO] 2022-01-23 17:19:53,288: hello world 1642958393.29
[rosout][INFO] 2022-01-23 17:19:57,291: hello world 1642958397.29
[rosout][INFO] 2022-01-23 17:20:01,289: hello world 1642958401.29
[rosout][INFO] 2022-01-23 17:20:05,288: hello world 1642958405.29
[rosout][INFO] 2022-01-23 17:20:09,292: hello world 1642958409.29
[rosout][INFO] 2022-01-23 17:20:13,290: hello world 1642958413.29
[rosout][INFO] 2022-01-23 17:20:17,291: hello world 1642958417.29
[rosout][INFO] 2022-01-23 17:20:21,291: hello world 1642958421.29
[rosout][INFO] 2022-01-23 17:20:25,289: hello world 1642958425.29
[rosout][INFO] 2022-01-23 17:20:29,291: hello world 1642958429.29
[rosout][INFO] 2022-01-23 17:20:33,292: hello world 1642958433.29
[rosout][INFO] 2022-01-23 17:20:37,292: hello world 1642958437.29
[rosout][INFO] 2022-01-23 17:20:41,291: hello world 1642958441.29
[rosout][INFO] 2022-01-23 17:20:45,288: hello world 1642958445.29
[rosout][INFO] 2022-01-23 17:20:49,290: hello world 1642958449.29
[rosout][INFO] 2022-01-23 17:20:53,288: hello world 1642958453.29
[rosout][INFO] 2022-01-23 17:20:57,288: hello world 1642958457.29
[rosout][INFO] 2022-01-23 17:21:01,292: hello world 1642958461.29
[rosout][INFO] 2022-01-23 17:21:05,288: hello world 1642958465.29
[rosout][INFO] 2022-01-23 17:21:09,291: hello world 1642958469.29
[rosout][INFO] 2022-01-23 17:21:13,288: hello world 1642958473.29
[rosout][INFO] 2022-01-23 17:21:17,292: hello world 1642958477.29
[rosout][INFO] 2022-01-23 17:21:21,288: hello world 1642958481.29
[rosout][INFO] 2022-01-23 17:21:25,292: hello world 1642958485.29
[rosout][INFO] 2022-01-23 17:21:29,289: hello world 1642958489.29
[rosout][INFO] 2022-01-23 17:21:33,291: hello world 1642958493.29
[rosout][INFO] 2022-01-23 17:21:37,292: hello world 1642958497.29
[rosout][INFO] 2022-01-23 17:21:41,288: hello world 1642958501.29
[rosout][INFO] 2022-01-23 17:21:45,292: hello world 1642958505.29
[rosout][INFO] 2022-01-23 17:21:49,288: hello world 1642958509.29
[rosout][INFO] 2022-01-23 17:21:53,288: hello world 1642958513.29
[rosout][INFO] 2022-01-23 17:21:57,292: hello world 1642958517.29
[rosout][INFO] 2022-01-23 17:22:01,290: hello world 1642958521.29
[rosout][INFO] 2022-01-23 17:22:05,289: hello world 1642958525.29
[rosout][INFO] 2022-01-23 17:22:09,292: hello world 1642958529.29
[rosout][INFO] 2022-01-23 17:22:13,288: hello world 1642958533.29
[rosout][INFO] 2022-01-23 17:22:17,292: hello world 1642958537.29
[rosout][INFO] 2022-01-23 17:22:21,292: hello world 1642958541.29
[rosout][INFO] 2022-01-23 17:22:25,290: hello world 1642958545.29
[rosout][INFO] 2022-01-23 17:22:29,288: hello world 1642958549.29
[rosout][INFO] 2022-01-23 17:22:33,292: hello world 1642958553.29
[rosout][INFO] 2022-01-23 17:22:37,292: hello world 1642958557.29
[rosout][INFO] 2022-01-23 17:22:41,291: hello world 1642958561.29
[rosout][INFO] 2022-01-23 17:22:45,292: hello world 1642958565.29
[rosout][INFO] 2022-01-23 17:22:49,291: hello world 1642958569.29
[rosout][INFO] 2022-01-23 17:22:53,288: hello world 1642958573.29
[rosout][INFO] 2022-01-23 17:22:57,292: hello world 1642958577.29
[rosout][INFO] 2022-01-23 17:23:01,291: hello world 1642958581.29
[rosout][INFO] 2022-01-23 17:23:05,289: hello world 1642958585.29
[rosout][INFO] 2022-01-23 17:23:09,291: hello world 1642958589.29
[rosout][INFO] 2022-01-23 17:23:13,290: hello world 1642958593.29
[rosout][INFO] 2022-01-23 17:23:17,291: hello world 1642958597.29
[rosout][INFO] 2022-01-23 17:23:21,291: hello world 1642958601.29
[rosout][INFO] 2022-01-23 17:23:25,288: hello world 1642958605.29
[rosout][INFO] 2022-01-23 17:23:29,291: hello world 1642958609.29
[rosout][INFO] 2022-01-23 17:23:33,287: hello world 1642958613.29
[rosout][INFO] 2022-01-23 17:23:37,288: hello world 1642958617.29
[rosout][INFO] 2022-01-23 17:23:41,292: hello world 1642958621.29
[rosout][INFO] 2022-01-23 17:23:45,292: hello world 1642958625.29
[rosout][INFO] 2022-01-23 17:23:49,288: hello world 1642958629.29
[rosout][INFO] 2022-01-23 17:23:53,292: hello world 1642958633.29
[rosout][INFO] 2022-01-23 17:23:57,288: hello world 1642958637.29
[rosout][INFO] 2022-01-23 17:24:01,290: hello world 1642958641.29
[rosout][INFO] 2022-01-23 17:24:05,289: hello world 1642958645.29
[rosout][INFO] 2022-01-23 17:24:09,288: hello world 1642958649.29
[rosout][INFO] 2022-01-23 17:24:13,290: hello world 1642958653.29
[rosout][INFO] 2022-01-23 17:24:17,288: hello world 1642958657.29
[rosout][INFO] 2022-01-23 17:24:21,287: hello world 1642958661.29
[rosout][INFO] 2022-01-23 17:24:25,290: hello world 1642958665.29
[rosout][INFO] 2022-01-23 17:24:29,291: hello world 1642958669.29
[rosout][INFO] 2022-01-23 17:24:33,291: hello world 1642958673.29
[rosout][INFO] 2022-01-23 17:24:37,291: hello world 1642958677.29
[rosout][INFO] 2022-01-23 17:24:41,292: hello world 1642958681.29
[rosout][INFO] 2022-01-23 17:24:45,291: hello world 1642958685.29
[rosout][INFO] 2022-01-23 17:24:49,288: hello world 1642958689.29
[rosout][INFO] 2022-01-23 17:24:53,291: hello world 1642958693.29
[rosout][INFO] 2022-01-23 17:24:57,288: hello world 1642958697.29
[rosout][INFO] 2022-01-23 17:25:01,288: hello world 1642958701.29
[rosout][INFO] 2022-01-23 17:25:05,290: hello world 1642958705.29
[rosout][INFO] 2022-01-23 17:25:09,292: hello world 1642958709.29
[rosout][INFO] 2022-01-23 17:25:13,288: hello world 1642958713.29
[rosout][INFO] 2022-01-23 17:25:17,292: hello world 1642958717.29
[rosout][INFO] 2022-01-23 17:25:21,292: hello world 1642958721.29
[rosout][INFO] 2022-01-23 17:25:25,288: hello world 1642958725.29
[rosout][INFO] 2022-01-23 17:25:29,292: hello world 1642958729.29
[rosout][INFO] 2022-01-23 17:25:33,288: hello world 1642958733.29
[rosout][INFO] 2022-01-23 17:25:37,291: hello world 1642958737.29
[rosout][INFO] 2022-01-23 17:25:41,291: hello world 1642958741.29
[rosout][INFO] 2022-01-23 17:25:45,289: hello world 1642958745.29
[rosout][INFO] 2022-01-23 17:25:49,288: hello world 1642958749.29
[rosout][INFO] 2022-01-23 17:25:53,288: hello world 1642958753.29
[rosout][INFO] 2022-01-23 17:25:57,288: hello world 1642958757.29
[rosout][INFO] 2022-01-23 17:26:01,291: hello world 1642958761.29
[rosout][INFO] 2022-01-23 17:26:05,288: hello world 1642958765.29
[rosout][INFO] 2022-01-23 17:26:09,291: hello world 1642958769.29
[rosout][INFO] 2022-01-23 17:26:13,292: hello world 1642958773.29
[rosout][INFO] 2022-01-23 17:26:17,288: hello world 1642958777.29
[rosout][INFO] 2022-01-23 17:26:21,290: hello world 1642958781.29
[rosout][INFO] 2022-01-23 17:26:25,288: hello world 1642958785.29
[rosout][INFO] 2022-01-23 17:26:29,288: hello world 1642958789.29
[rosout][INFO] 2022-01-23 17:26:33,288: hello world 1642958793.29
[rosout][INFO] 2022-01-23 17:26:37,288: hello world 1642958797.29
[rosout][INFO] 2022-01-23 17:26:41,292: hello world 1642958801.29
[rosout][INFO] 2022-01-23 17:26:45,288: hello world 1642958805.29
[rosout][INFO] 2022-01-23 17:26:49,288: hello world 1642958809.29
[rosout][INFO] 2022-01-23 17:26:53,291: hello world 1642958813.29
[rosout][INFO] 2022-01-23 17:26:57,288: hello world 1642958817.29
[rosout][INFO] 2022-01-23 17:27:01,288: hello world 1642958821.29
[rosout][INFO] 2022-01-23 17:27:05,292: hello world 1642958825.29
[rosout][INFO] 2022-01-23 17:27:09,288: hello world 1642958829.29
[rosout][INFO] 2022-01-23 17:27:13,288: hello world 1642958833.29
[rosout][INFO] 2022-01-23 17:27:17,288: hello world 1642958837.29
[rosout][INFO] 2022-01-23 17:27:21,288: hello world 1642958841.29
[rosout][INFO] 2022-01-23 17:27:25,291: hello world 1642958845.29
[rosout][INFO] 2022-01-23 17:27:29,288: hello world 1642958849.29
[rosout][INFO] 2022-01-23 17:27:33,288: hello world 1642958853.29
[rosout][INFO] 2022-01-23 17:27:37,290: hello world 1642958857.29
[rosout][INFO] 2022-01-23 17:27:41,289: hello world 1642958861.29
[rosout][INFO] 2022-01-23 17:27:45,292: hello world 1642958865.29
[rosout][INFO] 2022-01-23 17:27:49,291: hello world 1642958869.29
[rosout][INFO] 2022-01-23 17:27:53,288: hello world 1642958873.29
[rosout][INFO] 2022-01-23 17:27:57,291: hello world 1642958877.29
[rosout][INFO] 2022-01-23 17:28:01,289: hello world 1642958881.29
[rosout][INFO] 2022-01-23 17:28:05,292: hello world 1642958885.29
[rosout][INFO] 2022-01-23 17:28:09,292: hello world 1642958889.29
[rosout][INFO] 2022-01-23 17:28:13,291: hello world 1642958893.29
[rosout][INFO] 2022-01-23 17:28:17,292: hello world 1642958897.29
[rosout][INFO] 2022-01-23 17:28:21,292: hello world 1642958901.29
[rosout][INFO] 2022-01-23 17:28:25,288: hello world 1642958905.29
[rosout][INFO] 2022-01-23 17:28:29,292: hello world 1642958909.29
[rosout][INFO] 2022-01-23 17:28:33,288: hello world 1642958913.29
[rosout][INFO] 2022-01-23 17:28:37,288: hello world 1642958917.29
[rosout][INFO] 2022-01-23 17:28:41,288: hello world 1642958921.29
[rosout][INFO] 2022-01-23 17:28:45,288: hello world 1642958925.29
[rosout][INFO] 2022-01-23 17:28:49,288: hello world 1642958929.29
[rosout][INFO] 2022-01-23 17:28:53,288: hello world 1642958933.29
[rosout][INFO] 2022-01-23 17:28:57,291: hello world 1642958937.29
[rosout][INFO] 2022-01-23 17:29:01,292: hello world 1642958941.29
[rosout][INFO] 2022-01-23 17:29:05,290: hello world 1642958945.29
[rosout][INFO] 2022-01-23 17:29:09,288: hello world 1642958949.29
[rosout][INFO] 2022-01-23 17:29:13,292: hello world 1642958953.29
[rosout][INFO] 2022-01-23 17:29:17,290: hello world 1642958957.29
[rosout][INFO] 2022-01-23 17:29:21,292: hello world 1642958961.29
[rosout][INFO] 2022-01-23 17:29:25,292: hello world 1642958965.29
[rosout][INFO] 2022-01-23 17:29:29,292: hello world 1642958969.29
[rosout][INFO] 2022-01-23 17:29:33,292: hello world 1642958973.29
[rosout][INFO] 2022-01-23 17:29:37,288: hello world 1642958977.29
[rosout][INFO] 2022-01-23 17:29:41,288: hello world 1642958981.29
[rosout][INFO] 2022-01-23 17:29:45,288: hello world 1642958985.29
[rosout][INFO] 2022-01-23 17:29:49,292: hello world 1642958989.29
[rosout][INFO] 2022-01-23 17:29:53,288: hello world 1642958993.29
[rosout][INFO] 2022-01-23 17:29:57,289: hello world 1642958997.29
[rosout][INFO] 2022-01-23 17:30:01,292: hello world 1642959001.29
[rosout][INFO] 2022-01-23 17:30:05,292: hello world 1642959005.29
[rosout][INFO] 2022-01-23 17:30:09,291: hello world 1642959009.29
[rosout][INFO] 2022-01-23 17:30:13,292: hello world 1642959013.29
[rosout][INFO] 2022-01-23 17:30:17,288: hello world 1642959017.29
[rosout][INFO] 2022-01-23 17:30:21,289: hello world 1642959021.29
[rosout][INFO] 2022-01-23 17:30:25,288: hello world 1642959025.29
[rosout][INFO] 2022-01-23 17:30:29,288: hello world 1642959029.29
[rosout][INFO] 2022-01-23 17:30:33,292: hello world 1642959033.29
[rosout][INFO] 2022-01-23 17:30:37,292: hello world 1642959037.29
[rosout][INFO] 2022-01-23 17:30:41,288: hello world 1642959041.29
[rosout][INFO] 2022-01-23 17:30:45,290: hello world 1642959045.29
[rosout][INFO] 2022-01-23 17:30:49,289: hello world 1642959049.29
[rosout][INFO] 2022-01-23 17:30:53,291: hello world 1642959053.29
[rosout][INFO] 2022-01-23 17:30:57,291: hello world 1642959057.29
[rosout][INFO] 2022-01-23 17:31:01,291: hello world 1642959061.29
[rosout][INFO] 2022-01-23 17:31:05,292: hello world 1642959065.29
[rosout][INFO] 2022-01-23 17:31:09,291: hello world 1642959069.29
[rosout][INFO] 2022-01-23 17:31:13,288: hello world 1642959073.29
[rosout][INFO] 2022-01-23 17:31:17,291: hello world 1642959077.29
[rosout][INFO] 2022-01-23 17:31:21,292: hello world 1642959081.29
[rosout][INFO] 2022-01-23 17:31:25,289: hello world 1642959085.29
[rosout][INFO] 2022-01-23 17:31:29,288: hello world 1642959089.29
[rosout][INFO] 2022-01-23 17:31:33,291: hello world 1642959093.29
[rosout][INFO] 2022-01-23 17:31:37,288: hello world 1642959097.29
[rosout][INFO] 2022-01-23 17:31:41,292: hello world 1642959101.29
[rosout][INFO] 2022-01-23 17:31:45,292: hello world 1642959105.29
[rosout][INFO] 2022-01-23 17:31:49,292: hello world 1642959109.29
[rosout][INFO] 2022-01-23 17:31:53,288: hello world 1642959113.29
[rosout][INFO] 2022-01-23 17:31:57,292: hello world 1642959117.29
[rosout][INFO] 2022-01-23 17:32:01,288: hello world 1642959121.29
[rosout][INFO] 2022-01-23 17:32:05,292: hello world 1642959125.29
[rosout][INFO] 2022-01-23 17:32:09,291: hello world 1642959129.29
[rosout][INFO] 2022-01-23 17:32:13,288: hello world 1642959133.29
[rosout][INFO] 2022-01-23 17:32:17,290: hello world 1642959137.29
[rosout][INFO] 2022-01-23 17:32:21,292: hello world 1642959141.29
[rosout][INFO] 2022-01-23 17:32:25,290: hello world 1642959145.29
[rosout][INFO] 2022-01-23 17:32:29,292: hello world 1642959149.29
[rosout][INFO] 2022-01-23 17:32:33,292: hello world 1642959153.29
[rosout][INFO] 2022-01-23 17:32:37,292: hello world 1642959157.29
[rosout][INFO] 2022-01-23 17:32:41,291: hello world 1642959161.29
[rosout][INFO] 2022-01-23 17:32:45,292: hello world 1642959165.29
[rosout][INFO] 2022-01-23 17:32:49,291: hello world 1642959169.29
[rosout][INFO] 2022-01-23 17:32:53,288: hello world 1642959173.29
[rosout][INFO] 2022-01-23 17:32:57,292: hello world 1642959177.29
[rosout][INFO] 2022-01-23 17:33:01,288: hello world 1642959181.29
[rosout][INFO] 2022-01-23 17:33:05,288: hello world 1642959185.29
[rosout][INFO] 2022-01-23 17:33:09,288: hello world 1642959189.29
[rosout][INFO] 2022-01-23 17:33:13,288: hello world 1642959193.29
[rosout][INFO] 2022-01-23 17:33:17,288: hello world 1642959197.29
[rosout][INFO] 2022-01-23 17:33:21,289: hello world 1642959201.29
[rosout][INFO] 2022-01-23 17:33:25,292: hello world 1642959205.29
[rosout][INFO] 2022-01-23 17:33:29,289: hello world 1642959209.29
[rosout][INFO] 2022-01-23 17:33:33,288: hello world 1642959213.29
[rosout][INFO] 2022-01-23 17:33:37,288: hello world 1642959217.29
[rosout][INFO] 2022-01-23 17:33:41,289: hello world 1642959221.29
[rosout][INFO] 2022-01-23 17:33:45,292: hello world 1642959225.29
[rosout][INFO] 2022-01-23 17:33:49,288: hello world 1642959229.29
[rosout][INFO] 2022-01-23 17:33:53,288: hello world 1642959233.29
[rosout][INFO] 2022-01-23 17:33:57,291: hello world 1642959237.29
[rosout][INFO] 2022-01-23 17:34:01,292: hello world 1642959241.29
[rosout][INFO] 2022-01-23 17:34:05,292: hello world 1642959245.29
[rosout][INFO] 2022-01-23 17:34:09,290: hello world 1642959249.29
[rosout][INFO] 2022-01-23 17:34:13,291: hello world 1642959253.29
[rosout][INFO] 2022-01-23 17:34:17,291: hello world 1642959257.29
[rosout][INFO] 2022-01-23 17:34:21,292: hello world 1642959261.29
[rosout][INFO] 2022-01-23 17:34:25,291: hello world 1642959265.29
[rosout][INFO] 2022-01-23 17:34:29,290: hello world 1642959269.29
[rosout][INFO] 2022-01-23 17:34:33,288: hello world 1642959273.29
[rosout][INFO] 2022-01-23 17:34:37,292: hello world 1642959277.29
[rosout][INFO] 2022-01-23 17:34:41,288: hello world 1642959281.29
[rosout][INFO] 2022-01-23 17:34:45,288: hello world 1642959285.29
[rosout][INFO] 2022-01-23 17:34:49,288: hello world 1642959289.29
[rosout][INFO] 2022-01-23 17:34:53,292: hello world 1642959293.29
[rosout][INFO] 2022-01-23 17:34:57,288: hello world 1642959297.29
[rosout][INFO] 2022-01-23 17:35:01,292: hello world 1642959301.29
[rosout][INFO] 2022-01-23 17:35:05,291: hello world 1642959305.29
[rosout][INFO] 2022-01-23 17:35:09,291: hello world 1642959309.29
[rosout][INFO] 2022-01-23 17:35:13,290: hello world 1642959313.29
[rosout][INFO] 2022-01-23 17:35:17,292: hello world 1642959317.29
[rosout][INFO] 2022-01-23 17:35:21,292: hello world 1642959321.29
[rosout][INFO] 2022-01-23 17:35:25,288: hello world 1642959325.29
[rosout][INFO] 2022-01-23 17:35:29,291: hello world 1642959329.29
[rosout][INFO] 2022-01-23 17:35:33,290: hello world 1642959333.29
[rosout][INFO] 2022-01-23 17:35:37,292: hello world 1642959337.29
[rosout][INFO] 2022-01-23 17:35:41,288: hello world 1642959341.29
[rosout][INFO] 2022-01-23 17:35:45,289: hello world 1642959345.29
[rosout][INFO] 2022-01-23 17:35:49,288: hello world 1642959349.29
[rosout][INFO] 2022-01-23 17:35:53,291: hello world 1642959353.29
[rosout][INFO] 2022-01-23 17:35:57,292: hello world 1642959357.29
[rosout][INFO] 2022-01-23 17:36:01,288: hello world 1642959361.29
[rosout][INFO] 2022-01-23 17:36:05,292: hello world 1642959365.29
[rosout][INFO] 2022-01-23 17:36:09,292: hello world 1642959369.29
[rosout][INFO] 2022-01-23 17:36:13,292: hello world 1642959373.29
[rosout][INFO] 2022-01-23 17:36:17,292: hello world 1642959377.29
[rosout][INFO] 2022-01-23 17:36:21,288: hello world 1642959381.29
[rosout][INFO] 2022-01-23 17:36:25,288: hello world 1642959385.29
[rosout][INFO] 2022-01-23 17:36:29,292: hello world 1642959389.29
[rosout][INFO] 2022-01-23 17:36:33,291: hello world 1642959393.29
[rosout][INFO] 2022-01-23 17:36:37,292: hello world 1642959397.29
[rosout][INFO] 2022-01-23 17:36:41,292: hello world 1642959401.29
[rosout][INFO] 2022-01-23 17:36:45,292: hello world 1642959405.29
[rosout][INFO] 2022-01-23 17:36:49,292: hello world 1642959409.29
[rosout][INFO] 2022-01-23 17:36:53,292: hello world 1642959413.29
[rosout][INFO] 2022-01-23 17:36:57,292: hello world 1642959417.29
[rosout][INFO] 2022-01-23 17:37:01,288: hello world 1642959421.29
[rosout][INFO] 2022-01-23 17:37:05,288: hello world 1642959425.29
[rosout][INFO] 2022-01-23 17:37:09,292: hello world 1642959429.29
[rosout][INFO] 2022-01-23 17:37:13,292: hello world 1642959433.29
[rosout][INFO] 2022-01-23 17:37:17,288: hello world 1642959437.29
[rosout][INFO] 2022-01-23 17:37:21,291: hello world 1642959441.29
[rosout][INFO] 2022-01-23 17:37:25,288: hello world 1642959445.29
[rosout][INFO] 2022-01-23 17:37:29,288: hello world 1642959449.29
[rosout][INFO] 2022-01-23 17:37:33,291: hello world 1642959453.29
[rosout][INFO] 2022-01-23 17:37:37,288: hello world 1642959457.29
[rosout][INFO] 2022-01-23 17:37:41,290: hello world 1642959461.29
[rosout][INFO] 2022-01-23 17:37:45,288: hello world 1642959465.29
[rosout][INFO] 2022-01-23 17:37:49,292: hello world 1642959469.29
[rosout][INFO] 2022-01-23 17:37:53,291: hello world 1642959473.29
[rosout][INFO] 2022-01-23 17:37:57,291: hello world 1642959477.29
[rosout][INFO] 2022-01-23 17:38:01,291: hello world 1642959481.29
[rosout][INFO] 2022-01-23 17:38:05,291: hello world 1642959485.29
[rosout][INFO] 2022-01-23 17:38:09,288: hello world 1642959489.29
[rosout][INFO] 2022-01-23 17:38:13,288: hello world 1642959493.29
[rosout][INFO] 2022-01-23 17:38:17,292: hello world 1642959497.29
[rosout][INFO] 2022-01-23 17:38:21,291: hello world 1642959501.29
[rosout][INFO] 2022-01-23 17:38:25,290: hello world 1642959505.29
[rosout][INFO] 2022-01-23 17:38:29,288: hello world 1642959509.29
[rosout][INFO] 2022-01-23 17:38:33,292: hello world 1642959513.29
[rosout][INFO] 2022-01-23 17:38:37,288: hello world 1642959517.29
[rosout][INFO] 2022-01-23 17:38:41,291: hello world 1642959521.29
[rosout][INFO] 2022-01-23 17:38:45,288: hello world 1642959525.29
[rosout][INFO] 2022-01-23 17:38:49,288: hello world 1642959529.29
[rosout][INFO] 2022-01-23 17:38:53,288: hello world 1642959533.29
[rosout][INFO] 2022-01-23 17:38:57,292: hello world 1642959537.29
[rosout][INFO] 2022-01-23 17:39:01,288: hello world 1642959541.29
[rosout][INFO] 2022-01-23 17:39:05,288: hello world 1642959545.29
[rosout][INFO] 2022-01-23 17:39:09,290: hello world 1642959549.29
[rosout][INFO] 2022-01-23 17:39:13,292: hello world 1642959553.29
[rosout][INFO] 2022-01-23 17:39:17,292: hello world 1642959557.29
[rosout][INFO] 2022-01-23 17:39:21,292: hello world 1642959561.29
[rosout][INFO] 2022-01-23 17:39:25,288: hello world 1642959565.29
[rosout][INFO] 2022-01-23 17:39:29,291: hello world 1642959569.29
[rosout][INFO] 2022-01-23 17:39:33,291: hello world 1642959573.29
[rosout][INFO] 2022-01-23 17:39:37,292: hello world 1642959577.29
[rosout][INFO] 2022-01-23 17:39:41,288: hello world 1642959581.29
[rosout][INFO] 2022-01-23 17:39:45,292: hello world 1642959585.29
[rosout][INFO] 2022-01-23 17:39:49,291: hello world 1642959589.29
[rosout][INFO] 2022-01-23 17:39:53,292: hello world 1642959593.29
[rosout][INFO] 2022-01-23 17:39:57,288: hello world 1642959597.29
[rosout][INFO] 2022-01-23 17:40:01,288: hello world 1642959601.29
[rosout][INFO] 2022-01-23 17:40:05,292: hello world 1642959605.29
[rosout][INFO] 2022-01-23 17:40:09,288: hello world 1642959609.29
[rosout][INFO] 2022-01-23 17:40:13,291: hello world 1642959613.29
[rosout][INFO] 2022-01-23 17:40:17,292: hello world 1642959617.29
[rosout][INFO] 2022-01-23 17:40:21,292: hello world 1642959621.29
[rosout][INFO] 2022-01-23 17:40:25,288: hello world 1642959625.29
[rosout][INFO] 2022-01-23 17:40:29,291: hello world 1642959629.29
[rosout][INFO] 2022-01-23 17:40:33,292: hello world 1642959633.29
[rosout][INFO] 2022-01-23 17:40:37,288: hello world 1642959637.29
[rosout][INFO] 2022-01-23 17:40:41,292: hello world 1642959641.29
[rosout][INFO] 2022-01-23 17:40:45,291: hello world 1642959645.29
[rosout][INFO] 2022-01-23 17:40:49,292: hello world 1642959649.29
[rosout][INFO] 2022-01-23 17:40:53,288: hello world 1642959653.29
[rosout][INFO] 2022-01-23 17:40:57,291: hello world 1642959657.29
[rosout][INFO] 2022-01-23 17:41:01,292: hello world 1642959661.29
[rosout][INFO] 2022-01-23 17:41:05,288: hello world 1642959665.29
[rosout][INFO] 2022-01-23 17:41:09,288: hello world 1642959669.29
[rosout][INFO] 2022-01-23 17:41:13,292: hello world 1642959673.29
[rosout][INFO] 2022-01-23 17:41:17,288: hello world 1642959677.29
[rosout][INFO] 2022-01-23 17:41:21,288: hello world 1642959681.29
[rosout][INFO] 2022-01-23 17:41:25,289: hello world 1642959685.29
[rosout][INFO] 2022-01-23 17:41:29,289: hello world 1642959689.29
[rosout][INFO] 2022-01-23 17:41:33,291: hello world 1642959693.29
[rosout][INFO] 2022-01-23 17:41:37,288: hello world 1642959697.29
[rosout][INFO] 2022-01-23 17:41:41,291: hello world 1642959701.29
[rosout][INFO] 2022-01-23 17:41:45,291: hello world 1642959705.29
[rosout][INFO] 2022-01-23 17:41:49,291: hello world 1642959709.29
[rosout][INFO] 2022-01-23 17:41:53,288: hello world 1642959713.29
[rosout][INFO] 2022-01-23 17:41:57,292: hello world 1642959717.29
[rosout][INFO] 2022-01-23 17:42:01,288: hello world 1642959721.29
[rosout][INFO] 2022-01-23 17:42:05,290: hello world 1642959725.29
[rosout][INFO] 2022-01-23 17:42:09,288: hello world 1642959729.29
[rosout][INFO] 2022-01-23 17:42:13,289: hello world 1642959733.29
[rosout][INFO] 2022-01-23 17:42:17,291: hello world 1642959737.29
[rosout][INFO] 2022-01-23 17:42:21,289: hello world 1642959741.29
[rosout][INFO] 2022-01-23 17:42:25,288: hello world 1642959745.29
[rosout][INFO] 2022-01-23 17:42:29,292: hello world 1642959749.29
[rosout][INFO] 2022-01-23 17:42:33,291: hello world 1642959753.29
[rosout][INFO] 2022-01-23 17:42:37,292: hello world 1642959757.29
[rosout][INFO] 2022-01-23 17:42:41,292: hello world 1642959761.29
[rosout][INFO] 2022-01-23 17:42:45,291: hello world 1642959765.29
[rosout][INFO] 2022-01-23 17:42:49,288: hello world 1642959769.29
[rosout][INFO] 2022-01-23 17:42:53,288: hello world 1642959773.29
[rosout][INFO] 2022-01-23 17:42:57,292: hello world 1642959777.29
[rosout][INFO] 2022-01-23 17:43:01,291: hello world 1642959781.29
[rosout][INFO] 2022-01-23 17:43:05,292: hello world 1642959785.29
[rosout][INFO] 2022-01-23 17:43:09,291: hello world 1642959789.29
[rosout][INFO] 2022-01-23 17:43:13,292: hello world 1642959793.29
[rosout][INFO] 2022-01-23 17:43:17,292: hello world 1642959797.29
[rosout][INFO] 2022-01-23 17:43:21,288: hello world 1642959801.29
[rosout][INFO] 2022-01-23 17:43:25,291: hello world 1642959805.29
[rosout][INFO] 2022-01-23 17:43:29,288: hello world 1642959809.29
[rosout][INFO] 2022-01-23 17:43:33,291: hello world 1642959813.29
[rosout][INFO] 2022-01-23 17:43:37,289: hello world 1642959817.29
[rosout][INFO] 2022-01-23 17:43:41,288: hello world 1642959821.29
[rosout][INFO] 2022-01-23 17:43:45,288: hello world 1642959825.29
[rosout][INFO] 2022-01-23 17:43:49,290: hello world 1642959829.29
[rosout][INFO] 2022-01-23 17:43:53,291: hello world 1642959833.29
[rosout][INFO] 2022-01-23 17:43:57,291: hello world 1642959837.29
[rosout][INFO] 2022-01-23 17:44:01,288: hello world 1642959841.29
[rosout][INFO] 2022-01-23 17:44:05,292: hello world 1642959845.29
[rosout][INFO] 2022-01-23 17:44:09,292: hello world 1642959849.29
[rosout][INFO] 2022-01-23 17:44:13,288: hello world 1642959853.29
[rosout][INFO] 2022-01-23 17:44:17,292: hello world 1642959857.29
[rosout][INFO] 2022-01-23 17:44:21,292: hello world 1642959861.29
[rosout][INFO] 2022-01-23 17:44:25,291: hello world 1642959865.29
[rosout][INFO] 2022-01-23 17:44:29,288: hello world 1642959869.29
[rosout][INFO] 2022-01-23 17:44:33,288: hello world 1642959873.29
[rosout][INFO] 2022-01-23 17:44:37,292: hello world 1642959877.29
[rosout][INFO] 2022-01-23 17:44:41,292: hello world 1642959881.29
[rosout][INFO] 2022-01-23 17:44:45,292: hello world 1642959885.29
[rosout][INFO] 2022-01-23 17:44:49,289: hello world 1642959889.29
[rosout][INFO] 2022-01-23 17:44:53,291: hello world 1642959893.29
[rosout][INFO] 2022-01-23 17:44:57,292: hello world 1642959897.29
[rosout][INFO] 2022-01-23 17:45:01,290: hello world 1642959901.29
[rosout][INFO] 2022-01-23 17:45:05,292: hello world 1642959905.29
[rosout][INFO] 2022-01-23 17:45:09,292: hello world 1642959909.29
[rosout][INFO] 2022-01-23 17:45:13,291: hello world 1642959913.29
[rosout][INFO] 2022-01-23 17:45:17,292: hello world 1642959917.29
[rosout][INFO] 2022-01-23 17:45:21,292: hello world 1642959921.29
[rosout][INFO] 2022-01-23 17:45:25,291: hello world 1642959925.29
[rosout][INFO] 2022-01-23 17:45:29,291: hello world 1642959929.29
[rosout][INFO] 2022-01-23 17:45:33,291: hello world 1642959933.29
[rosout][INFO] 2022-01-23 17:45:37,288: hello world 1642959937.29
[rosout][INFO] 2022-01-23 17:45:41,288: hello world 1642959941.29
[rosout][INFO] 2022-01-23 17:45:45,292: hello world 1642959945.29
[rosout][INFO] 2022-01-23 17:45:49,291: hello world 1642959949.29
[rosout][INFO] 2022-01-23 17:45:53,292: hello world 1642959953.29
[rosout][INFO] 2022-01-23 17:45:57,288: hello world 1642959957.29
[rosout][INFO] 2022-01-23 17:46:01,288: hello world 1642959961.29
[rosout][INFO] 2022-01-23 17:46:05,291: hello world 1642959965.29
[rosout][INFO] 2022-01-23 17:46:09,292: hello world 1642959969.29
[rosout][INFO] 2022-01-23 17:46:13,292: hello world 1642959973.29
[rosout][INFO] 2022-01-23 17:46:17,288: hello world 1642959977.29
[rosout][INFO] 2022-01-23 17:46:21,288: hello world 1642959981.29
[rosout][INFO] 2022-01-23 17:46:25,292: hello world 1642959985.29
[rosout][INFO] 2022-01-23 17:46:29,291: hello world 1642959989.29
[rosout][INFO] 2022-01-23 17:46:33,288: hello world 1642959993.29
[rosout][INFO] 2022-01-23 17:46:37,291: hello world 1642959997.29
[rosout][INFO] 2022-01-23 17:46:41,292: hello world 1642960001.29
[rosout][INFO] 2022-01-23 17:46:45,292: hello world 1642960005.29
[rosout][INFO] 2022-01-23 17:46:49,288: hello world 1642960009.29
[rosout][INFO] 2022-01-23 17:46:53,288: hello world 1642960013.29
[rosout][INFO] 2022-01-23 17:46:57,288: hello world 1642960017.29
[rosout][INFO] 2022-01-23 17:47:01,291: hello world 1642960021.29
[rosout][INFO] 2022-01-23 17:47:05,292: hello world 1642960025.29
[rosout][INFO] 2022-01-23 17:47:09,292: hello world 1642960029.29
[rosout][INFO] 2022-01-23 17:47:13,291: hello world 1642960033.29
[rosout][INFO] 2022-01-23 17:47:17,292: hello world 1642960037.29
[rosout][INFO] 2022-01-23 17:47:21,291: hello world 1642960041.29
[rosout][INFO] 2022-01-23 17:47:25,292: hello world 1642960045.29
[rosout][INFO] 2022-01-23 17:47:29,288: hello world 1642960049.29
[rosout][INFO] 2022-01-23 17:47:33,289: hello world 1642960053.29
[rosout][INFO] 2022-01-23 17:47:37,287: hello world 1642960057.29
[rosout][INFO] 2022-01-23 17:47:41,288: hello world 1642960061.29
[rosout][INFO] 2022-01-23 17:47:45,292: hello world 1642960065.29
[rosout][INFO] 2022-01-23 17:47:49,290: hello world 1642960069.29
[rosout][INFO] 2022-01-23 17:47:53,288: hello world 1642960073.29
[rosout][INFO] 2022-01-23 17:47:57,292: hello world 1642960077.29
[rosout][INFO] 2022-01-23 17:48:01,292: hello world 1642960081.29
[rosout][INFO] 2022-01-23 17:48:05,290: hello world 1642960085.29
[rosout][INFO] 2022-01-23 17:48:09,292: hello world 1642960089.29
[rosout][INFO] 2022-01-23 17:48:13,290: hello world 1642960093.29
[rosout][INFO] 2022-01-23 17:48:17,291: hello world 1642960097.29
[rosout][INFO] 2022-01-23 17:48:21,291: hello world 1642960101.29
[rosout][INFO] 2022-01-23 17:48:25,288: hello world 1642960105.29
[rosout][INFO] 2022-01-23 17:48:29,288: hello world 1642960109.29
[rosout][INFO] 2022-01-23 17:48:33,288: hello world 1642960113.29
[rosout][INFO] 2022-01-23 17:48:37,292: hello world 1642960117.29
[rosout][INFO] 2022-01-23 17:48:41,288: hello world 1642960121.29
[rosout][INFO] 2022-01-23 17:48:45,292: hello world 1642960125.29
[rosout][INFO] 2022-01-23 17:48:49,292: hello world 1642960129.29
[rosout][INFO] 2022-01-23 17:48:53,288: hello world 1642960133.29
[rosout][INFO] 2022-01-23 17:48:57,291: hello world 1642960137.29
[rosout][INFO] 2022-01-23 17:49:01,291: hello world 1642960141.29
[rosout][INFO] 2022-01-23 17:49:05,288: hello world 1642960145.29
[rosout][INFO] 2022-01-23 17:49:09,289: hello world 1642960149.29
[rosout][INFO] 2022-01-23 17:49:13,291: hello world 1642960153.29
[rosout][INFO] 2022-01-23 17:49:17,288: hello world 1642960157.29
[rosout][INFO] 2022-01-23 17:49:21,291: hello world 1642960161.29
[rosout][INFO] 2022-01-23 17:49:25,291: hello world 1642960165.29
[rosout][INFO] 2022-01-23 17:49:29,288: hello world 1642960169.29
[rosout][INFO] 2022-01-23 17:49:33,291: hello world 1642960173.29
[rosout][INFO] 2022-01-23 17:49:37,292: hello world 1642960177.29
[rosout][INFO] 2022-01-23 17:49:41,291: hello world 1642960181.29
[rosout][INFO] 2022-01-23 17:49:45,288: hello world 1642960185.29
[rosout][INFO] 2022-01-23 17:49:49,289: hello world 1642960189.29
[rosout][INFO] 2022-01-23 17:49:53,288: hello world 1642960193.29
[rosout][INFO] 2022-01-23 17:49:57,289: hello world 1642960197.29
[rosout][INFO] 2022-01-23 17:50:01,292: hello world 1642960201.29
[rosout][INFO] 2022-01-23 17:50:05,292: hello world 1642960205.29
[rosout][INFO] 2022-01-23 17:50:09,288: hello world 1642960209.29
[rosout][INFO] 2022-01-23 17:50:13,288: hello world 1642960213.29
[rosout][INFO] 2022-01-23 17:50:17,292: hello world 1642960217.29
[rosout][INFO] 2022-01-23 17:50:21,292: hello world 1642960221.29
[rosout][INFO] 2022-01-23 17:50:25,291: hello world 1642960225.29
[rosout][INFO] 2022-01-23 17:50:29,288: hello world 1642960229.29
[rosout][INFO] 2022-01-23 17:50:33,288: hello world 1642960233.29
[rosout][INFO] 2022-01-23 17:50:37,292: hello world 1642960237.29
[rosout][INFO] 2022-01-23 17:50:41,289: hello world 1642960241.29
[rosout][INFO] 2022-01-23 17:50:45,292: hello world 1642960245.29
[rosout][INFO] 2022-01-23 17:50:49,292: hello world 1642960249.29
[rosout][INFO] 2022-01-23 17:50:53,292: hello world 1642960253.29
[rosout][INFO] 2022-01-23 17:50:57,288: hello world 1642960257.29
[rosout][INFO] 2022-01-23 17:51:01,291: hello world 1642960261.29
[rosout][INFO] 2022-01-23 17:51:05,288: hello world 1642960265.29
[rosout][INFO] 2022-01-23 17:51:09,292: hello world 1642960269.29
[rosout][INFO] 2022-01-23 17:51:13,291: hello world 1642960273.29
[rosout][INFO] 2022-01-23 17:51:17,292: hello world 1642960277.29
[rosout][INFO] 2022-01-23 17:51:21,291: hello world 1642960281.29
[rosout][INFO] 2022-01-23 17:51:25,288: hello world 1642960285.29
[rosout][INFO] 2022-01-23 17:51:29,291: hello world 1642960289.29
[rosout][INFO] 2022-01-23 17:51:33,288: hello world 1642960293.29
[rosout][INFO] 2022-01-23 17:51:37,292: hello world 1642960297.29
[rosout][INFO] 2022-01-23 17:51:41,291: hello world 1642960301.29
[rosout][INFO] 2022-01-23 17:51:45,288: hello world 1642960305.29
[rosout][INFO] 2022-01-23 17:51:49,288: hello world 1642960309.29
[rosout][INFO] 2022-01-23 17:51:53,288: hello world 1642960313.29
[rosout][INFO] 2022-01-23 17:51:57,287: hello world 1642960317.29
[rosout][INFO] 2022-01-23 17:52:01,288: hello world 1642960321.29
[rosout][INFO] 2022-01-23 17:52:05,291: hello world 1642960325.29
[rosout][INFO] 2022-01-23 17:52:09,288: hello world 1642960329.29
[rosout][INFO] 2022-01-23 17:52:13,291: hello world 1642960333.29
[rosout][INFO] 2022-01-23 17:52:17,288: hello world 1642960337.29
[rosout][INFO] 2022-01-23 17:52:21,291: hello world 1642960341.29
[rosout][INFO] 2022-01-23 17:52:25,292: hello world 1642960345.29
[rosout][INFO] 2022-01-23 17:52:29,291: hello world 1642960349.29
[rosout][INFO] 2022-01-23 17:52:33,290: hello world 1642960353.29
[rosout][INFO] 2022-01-23 17:52:37,292: hello world 1642960357.29
[rosout][INFO] 2022-01-23 17:52:41,292: hello world 1642960361.29
[rosout][INFO] 2022-01-23 17:52:45,292: hello world 1642960365.29
[rosout][INFO] 2022-01-23 17:52:49,292: hello world 1642960369.29
[rosout][INFO] 2022-01-23 17:52:53,295: hello world 1642960373.3
[rosout][INFO] 2022-01-23 17:52:57,288: hello world 1642960377.29
[rosout][INFO] 2022-01-23 17:53:01,288: hello world 1642960381.29
[rosout][INFO] 2022-01-23 17:53:05,291: hello world 1642960385.29
[rosout][INFO] 2022-01-23 17:53:09,291: hello world 1642960389.29
[rosout][INFO] 2022-01-23 17:53:13,292: hello world 1642960393.29
[rosout][INFO] 2022-01-23 17:53:17,288: hello world 1642960397.29
[rosout][INFO] 2022-01-23 17:53:21,291: hello world 1642960401.29
[rosout][INFO] 2022-01-23 17:53:25,291: hello world 1642960405.29
[rosout][INFO] 2022-01-23 17:53:29,288: hello world 1642960409.29
[rosout][INFO] 2022-01-23 17:53:33,288: hello world 1642960413.29
[rosout][INFO] 2022-01-23 17:53:37,292: hello world 1642960417.29
[rosout][INFO] 2022-01-23 17:53:41,288: hello world 1642960421.29
[rosout][INFO] 2022-01-23 17:53:45,288: hello world 1642960425.29
[rosout][INFO] 2022-01-23 17:53:49,288: hello world 1642960429.29
[rosout][INFO] 2022-01-23 17:53:53,291: hello world 1642960433.29
[rosout][INFO] 2022-01-23 17:53:57,288: hello world 1642960437.29
[rosout][INFO] 2022-01-23 17:54:01,291: hello world 1642960441.29
[rosout][INFO] 2022-01-23 17:54:05,289: hello world 1642960445.29
[rosout][INFO] 2022-01-23 17:54:09,288: hello world 1642960449.29
[rosout][INFO] 2022-01-23 17:54:13,292: hello world 1642960453.29
[rosout][INFO] 2022-01-23 17:54:17,292: hello world 1642960457.29
[rosout][INFO] 2022-01-23 17:54:21,290: hello world 1642960461.29
[rosout][INFO] 2022-01-23 17:54:25,292: hello world 1642960465.29
[rosout][INFO] 2022-01-23 17:54:29,291: hello world 1642960469.29
[rosout][INFO] 2022-01-23 17:54:33,288: hello world 1642960473.29
[rosout][INFO] 2022-01-23 17:54:37,290: hello world 1642960477.29
[rosout][INFO] 2022-01-23 17:54:41,288: hello world 1642960481.29
[rosout][INFO] 2022-01-23 17:54:45,290: hello world 1642960485.29
[rosout][INFO] 2022-01-23 17:54:49,290: hello world 1642960489.29
[rosout][INFO] 2022-01-23 17:54:53,292: hello world 1642960493.29
[rosout][INFO] 2022-01-23 17:54:57,288: hello world 1642960497.29
[rosout][INFO] 2022-01-23 17:55:01,292: hello world 1642960501.29
[rosout][INFO] 2022-01-23 17:55:05,290: hello world 1642960505.29
[rosout][INFO] 2022-01-23 17:55:09,290: hello world 1642960509.29
[rosout][INFO] 2022-01-23 17:55:13,292: hello world 1642960513.29
[rosout][INFO] 2022-01-23 17:55:17,288: hello world 1642960517.29
[rosout][INFO] 2022-01-23 17:55:21,288: hello world 1642960521.29
[rosout][INFO] 2022-01-23 17:55:25,288: hello world 1642960525.29
[rosout][INFO] 2022-01-23 17:55:29,290: hello world 1642960529.29
[rosout][INFO] 2022-01-23 17:55:33,291: hello world 1642960533.29
[rosout][INFO] 2022-01-23 17:55:37,292: hello world 1642960537.29
[rosout][INFO] 2022-01-23 17:55:41,289: hello world 1642960541.29
[rosout][INFO] 2022-01-23 17:55:45,290: hello world 1642960545.29
[rosout][INFO] 2022-01-23 17:55:49,292: hello world 1642960549.29
[rosout][INFO] 2022-01-23 17:55:53,288: hello world 1642960553.29
[rosout][INFO] 2022-01-23 17:55:57,291: hello world 1642960557.29
[rosout][INFO] 2022-01-23 17:56:01,290: hello world 1642960561.29
[rosout][INFO] 2022-01-23 17:56:05,288: hello world 1642960565.29
[rosout][INFO] 2022-01-23 17:56:09,288: hello world 1642960569.29
[rosout][INFO] 2022-01-23 17:56:13,292: hello world 1642960573.29
[rosout][INFO] 2022-01-23 17:56:17,290: hello world 1642960577.29
[rosout][INFO] 2022-01-23 17:56:21,292: hello world 1642960581.29
[rosout][INFO] 2022-01-23 17:56:25,292: hello world 1642960585.29
[rosout][INFO] 2022-01-23 17:56:29,288: hello world 1642960589.29
[rosout][INFO] 2022-01-23 17:56:33,292: hello world 1642960593.29
[rosout][INFO] 2022-01-23 17:56:37,289: hello world 1642960597.29
[rosout][INFO] 2022-01-23 17:56:41,292: hello world 1642960601.29
[rosout][INFO] 2022-01-23 17:56:45,292: hello world 1642960605.29
[rosout][INFO] 2022-01-23 17:56:49,291: hello world 1642960609.29
[rosout][INFO] 2022-01-23 17:56:53,292: hello world 1642960613.29
[rosout][INFO] 2022-01-23 17:56:57,291: hello world 1642960617.29
[rosout][INFO] 2022-01-23 17:57:01,292: hello world 1642960621.29
[rosout][INFO] 2022-01-23 17:57:05,292: hello world 1642960625.29
[rosout][INFO] 2022-01-23 17:57:09,292: hello world 1642960629.29
[rosout][INFO] 2022-01-23 17:57:13,291: hello world 1642960633.29
[rosout][INFO] 2022-01-23 17:57:17,288: hello world 1642960637.29
[rosout][INFO] 2022-01-23 17:57:21,292: hello world 1642960641.29
[rosout][INFO] 2022-01-23 17:57:25,292: hello world 1642960645.29
[rosout][INFO] 2022-01-23 17:57:29,288: hello world 1642960649.29
[rosout][INFO] 2022-01-23 17:57:33,292: hello world 1642960653.29
[rosout][INFO] 2022-01-23 17:57:37,288: hello world 1642960657.29
[rosout][INFO] 2022-01-23 17:57:41,288: hello world 1642960661.29
[rosout][INFO] 2022-01-23 17:57:45,292: hello world 1642960665.29
[rosout][INFO] 2022-01-23 17:57:49,292: hello world 1642960669.29
[rosout][INFO] 2022-01-23 17:57:53,291: hello world 1642960673.29
[rosout][INFO] 2022-01-23 17:57:57,291: hello world 1642960677.29
[rosout][INFO] 2022-01-23 17:58:01,289: hello world 1642960681.29
[rosout][INFO] 2022-01-23 17:58:05,292: hello world 1642960685.29
[rosout][INFO] 2022-01-23 17:58:09,292: hello world 1642960689.29
[rosout][INFO] 2022-01-23 17:58:13,289: hello world 1642960693.29
[rosout][INFO] 2022-01-23 17:58:17,292: hello world 1642960697.29
[rosout][INFO] 2022-01-23 17:58:21,291: hello world 1642960701.29
[rosout][INFO] 2022-01-23 17:58:25,292: hello world 1642960705.29
[rosout][INFO] 2022-01-23 17:58:29,291: hello world 1642960709.29
[rosout][INFO] 2022-01-23 17:58:33,288: hello world 1642960713.29
[rosout][INFO] 2022-01-23 17:58:37,288: hello world 1642960717.29
[rosout][INFO] 2022-01-23 17:58:41,292: hello world 1642960721.29
[rosout][INFO] 2022-01-23 17:58:45,290: hello world 1642960725.29
[rosout][INFO] 2022-01-23 17:58:49,292: hello world 1642960729.29
[rosout][INFO] 2022-01-23 17:58:53,288: hello world 1642960733.29
[rosout][INFO] 2022-01-23 17:58:57,292: hello world 1642960737.29
[rosout][INFO] 2022-01-23 17:59:01,292: hello world 1642960741.29
[rosout][INFO] 2022-01-23 17:59:05,292: hello world 1642960745.29
[rosout][INFO] 2022-01-23 17:59:09,291: hello world 1642960749.29
[rosout][INFO] 2022-01-23 17:59:13,288: hello world 1642960753.29
[rosout][INFO] 2022-01-23 17:59:17,289: hello world 1642960757.29
[rosout][INFO] 2022-01-23 17:59:21,288: hello world 1642960761.29
[rosout][INFO] 2022-01-23 17:59:25,292: hello world 1642960765.29
[rosout][INFO] 2022-01-23 17:59:29,288: hello world 1642960769.29
[rosout][INFO] 2022-01-23 17:59:33,289: hello world 1642960773.29
[rosout][INFO] 2022-01-23 17:59:37,288: hello world 1642960777.29
[rosout][INFO] 2022-01-23 17:59:41,288: hello world 1642960781.29
[rosout][INFO] 2022-01-23 17:59:45,292: hello world 1642960785.29
[rosout][INFO] 2022-01-23 17:59:49,288: hello world 1642960789.29
[rosout][INFO] 2022-01-23 17:59:53,291: hello world 1642960793.29
[rosout][INFO] 2022-01-23 17:59:57,288: hello world 1642960797.29
[rosout][INFO] 2022-01-23 18:00:01,291: hello world 1642960801.29
[rosout][INFO] 2022-01-23 18:00:05,288: hello world 1642960805.29
[rosout][INFO] 2022-01-23 18:00:09,291: hello world 1642960809.29
[rosout][INFO] 2022-01-23 18:00:13,288: hello world 1642960813.29
[rosout][INFO] 2022-01-23 18:00:17,292: hello world 1642960817.29
[rosout][INFO] 2022-01-23 18:00:21,288: hello world 1642960821.29
[rosout][INFO] 2022-01-23 18:00:25,288: hello world 1642960825.29
[rosout][INFO] 2022-01-23 18:00:29,291: hello world 1642960829.29
[rosout][INFO] 2022-01-23 18:00:33,291: hello world 1642960833.29
[rosout][INFO] 2022-01-23 18:00:37,292: hello world 1642960837.29
[rosout][INFO] 2022-01-23 18:00:41,288: hello world 1642960841.29
[rosout][INFO] 2022-01-23 18:00:45,292: hello world 1642960845.29
[rosout][INFO] 2022-01-23 18:00:49,288: hello world 1642960849.29
[rosout][INFO] 2022-01-23 18:00:53,288: hello world 1642960853.29
[rosout][INFO] 2022-01-23 18:00:57,292: hello world 1642960857.29
[rosout][INFO] 2022-01-23 18:01:01,290: hello world 1642960861.29
[rosout][INFO] 2022-01-23 18:01:05,292: hello world 1642960865.29
[rosout][INFO] 2022-01-23 18:01:09,292: hello world 1642960869.29
[rosout][INFO] 2022-01-23 18:01:13,288: hello world 1642960873.29
[rosout][INFO] 2022-01-23 18:01:17,291: hello world 1642960877.29
[rosout][INFO] 2022-01-23 18:01:21,288: hello world 1642960881.29
[rosout][INFO] 2022-01-23 18:01:25,292: hello world 1642960885.29
[rosout][INFO] 2022-01-23 18:01:29,291: hello world 1642960889.29
[rosout][INFO] 2022-01-23 18:01:33,292: hello world 1642960893.29
[rosout][INFO] 2022-01-23 18:01:37,288: hello world 1642960897.29
[rosout][INFO] 2022-01-23 18:01:41,288: hello world 1642960901.29
[rosout][INFO] 2022-01-23 18:01:45,288: hello world 1642960905.29
[rosout][INFO] 2022-01-23 18:01:49,292: hello world 1642960909.29
[rosout][INFO] 2022-01-23 18:01:53,288: hello world 1642960913.29
[rosout][INFO] 2022-01-23 18:01:57,289: hello world 1642960917.29
[rosout][INFO] 2022-01-23 18:02:01,292: hello world 1642960921.29
[rosout][INFO] 2022-01-23 18:02:05,290: hello world 1642960925.29
[rosout][INFO] 2022-01-23 18:02:09,292: hello world 1642960929.29
[rosout][INFO] 2022-01-23 18:02:13,292: hello world 1642960933.29
[rosout][INFO] 2022-01-23 18:02:17,292: hello world 1642960937.29
[rosout][INFO] 2022-01-23 18:02:21,288: hello world 1642960941.29
[rosout][INFO] 2022-01-23 18:02:25,288: hello world 1642960945.29
[rosout][INFO] 2022-01-23 18:02:29,291: hello world 1642960949.29
[rosout][INFO] 2022-01-23 18:02:33,291: hello world 1642960953.29
[rosout][INFO] 2022-01-23 18:02:37,288: hello world 1642960957.29
[rosout][INFO] 2022-01-23 18:02:41,292: hello world 1642960961.29
[rosout][INFO] 2022-01-23 18:02:45,288: hello world 1642960965.29
[rosout][INFO] 2022-01-23 18:02:49,288: hello world 1642960969.29
[rosout][INFO] 2022-01-23 18:02:53,289: hello world 1642960973.29
[rosout][INFO] 2022-01-23 18:02:57,292: hello world 1642960977.29
[rosout][INFO] 2022-01-23 18:03:01,288: hello world 1642960981.29
[rosout][INFO] 2022-01-23 18:03:05,292: hello world 1642960985.29
[rosout][INFO] 2022-01-23 18:03:09,288: hello world 1642960989.29
[rosout][INFO] 2022-01-23 18:03:13,291: hello world 1642960993.29
[rosout][INFO] 2022-01-23 18:03:17,291: hello world 1642960997.29
[rosout][INFO] 2022-01-23 18:03:21,291: hello world 1642961001.29
[rosout][INFO] 2022-01-23 18:03:25,292: hello world 1642961005.29
[rosout][INFO] 2022-01-23 18:03:29,288: hello world 1642961009.29
[rosout][INFO] 2022-01-23 18:03:33,288: hello world 1642961013.29
[rosout][INFO] 2022-01-23 18:03:37,288: hello world 1642961017.29
[rosout][INFO] 2022-01-23 18:03:41,292: hello world 1642961021.29
[rosout][INFO] 2022-01-23 18:03:45,292: hello world 1642961025.29
[rosout][INFO] 2022-01-23 18:03:49,292: hello world 1642961029.29
[rosout][INFO] 2022-01-23 18:03:53,291: hello world 1642961033.29
[rosout][INFO] 2022-01-23 18:03:57,288: hello world 1642961037.29
[rosout][INFO] 2022-01-23 18:04:01,291: hello world 1642961041.29
[rosout][INFO] 2022-01-23 18:04:05,288: hello world 1642961045.29
[rosout][INFO] 2022-01-23 18:04:09,288: hello world 1642961049.29
[rosout][INFO] 2022-01-23 18:04:13,291: hello world 1642961053.29
[rosout][INFO] 2022-01-23 18:04:17,292: hello world 1642961057.29
[rosout][INFO] 2022-01-23 18:04:21,288: hello world 1642961061.29
[rosout][INFO] 2022-01-23 18:04:25,292: hello world 1642961065.29
[rosout][INFO] 2022-01-23 18:04:29,291: hello world 1642961069.29
[rosout][INFO] 2022-01-23 18:04:33,292: hello world 1642961073.29
[rosout][INFO] 2022-01-23 18:04:37,290: hello world 1642961077.29
[rosout][INFO] 2022-01-23 18:04:41,292: hello world 1642961081.29
[rosout][INFO] 2022-01-23 18:04:45,288: hello world 1642961085.29
[rosout][INFO] 2022-01-23 18:04:49,288: hello world 1642961089.29
[rosout][INFO] 2022-01-23 18:04:53,288: hello world 1642961093.29
[rosout][INFO] 2022-01-23 18:04:57,288: hello world 1642961097.29
[rospy.core][INFO] 2022-01-23 18:05:00,237: signal_shutdown [signal-2]
[rospy.internal][INFO] 2022-01-23 18:05:00,246: topic[/chatter] removing connection to /link_ros
[rospy.internal][INFO] 2022-01-23 18:05:00,247: topic[/rosout] removing connection to /rosout
[rospy.impl.masterslave][INFO] 2022-01-23 18:05:00,248: signal-2
[rospy.core][INFO] 2022-01-23 18:05:00,868: signal_shutdown [atexit]
