[rosmaster.main][INFO] 2022-01-25 01:20:46,382: initialization complete, waiting for shutdown
[rosmaster.main][INFO] 2022-01-25 01:20:46,383: Starting ROS Master Node
[xmlrpc][INFO] 2022-01-25 01:20:46,384: XML-RPC server binding to 0.0.0.0:11311
[xmlrpc][INFO] 2022-01-25 01:20:46,385: Started XML-RPC server [http://ubuntu:11311/]
[rosmaster.master][INFO] 2022-01-25 01:20:46,386: Master initialized: port[11311], uri[http://ubuntu:11311/]
[xmlrpc][INFO] 2022-01-25 01:20:46,386: xml rpc node: starting XML-RPC server
[rosmaster.master][INFO] 2022-01-25 01:20:46,503: +PARAM [/run_id] by /roslaunch
[rosmaster.master][INFO] 2022-01-25 01:20:46,506: +PARAM [/roslaunch/uris/host_ubuntu__44165] by /roslaunch
[rosmaster.master][INFO] 2022-01-25 01:20:46,595: +PARAM [/rosversion] by /roslaunch
[rosmaster.master][INFO] 2022-01-25 01:20:46,596: +PARAM [/rosdistro] by /roslaunch
[rosmaster.master][INFO] 2022-01-25 01:20:46,787: +SERVICE [/rosout/get_loggers] /rosout http://ubuntu:34969/
[rosmaster.master][INFO] 2022-01-25 01:20:46,789: +SERVICE [/rosout/set_logger_level] /rosout http://ubuntu:34969/
[rosmaster.master][INFO] 2022-01-25 01:20:46,792: +PUB [/rosout_agg] /rosout http://ubuntu:34969/
[rosmaster.master][INFO] 2022-01-25 01:20:46,798: +SUB [/rosout] /rosout http://ubuntu:34969/
[rosmaster.master][INFO] 2022-01-25 01:20:50,539: +PUB [/rosout] /link_ros http://ubuntu:39303/
[rosmaster.master][INFO] 2022-01-25 01:20:50,546: +SERVICE [/link_ros/get_loggers] /link_ros http://ubuntu:39303/
[rosmaster.master][INFO] 2022-01-25 01:20:50,549: +SERVICE [/link_ros/set_logger_level] /link_ros http://ubuntu:39303/
[rosmaster.master][INFO] 2022-01-25 01:20:50,596: publisherUpdate[/rosout] -> http://ubuntu:34969/ ['http://ubuntu:39303/']
[rosmaster.master][INFO] 2022-01-25 01:20:50,609: publisherUpdate[/rosout] -> http://ubuntu:34969/ ['http://ubuntu:39303/']: sec=0.01, result=[1, '', 0]
[rosmaster.master][INFO] 2022-01-25 01:20:53,260: +CACHEDPARAM [/rosout_disable_topics_generation] by /link_ros
[rosmaster.master][INFO] 2022-01-25 01:20:53,264: +CACHEDPARAM [/rosout/omit_topics] by /rosout
[rosmaster.master][INFO] 2022-01-25 01:20:53,279: +SUB [/rosout_agg] /link_ros http://ubuntu:39303/
[rosmaster.master][INFO] 2022-01-25 01:20:54,214: +CACHEDPARAM [/rosout_disable_topics_generation] by /link_ros
[rosmaster.master][INFO] 2022-01-25 01:20:54,223: +SERVICE [/link_ros/tf2_frames] /link_ros http://ubuntu:39303/
[rosmaster.master][INFO] 2022-01-25 01:20:54,228: +SUB [/tf] /link_ros http://ubuntu:39303/
[rosmaster.master][INFO] 2022-01-25 01:20:54,232: +SUB [/tf_static] /link_ros http://ubuntu:39303/
[rosmaster.master][INFO] 2022-01-25 01:24:40,708: -PUB [/rosout_agg] /rosout http://ubuntu:34969/
[rosmaster.master][INFO] 2022-01-25 01:24:40,710: -SUB [/rosout] /rosout http://ubuntu:34969/
[rosmaster.master][INFO] 2022-01-25 01:24:40,711: -SERVICE [/rosout/get_loggers] /rosout rosrpc://ubuntu:53597
[rosmaster.master][INFO] 2022-01-25 01:24:40,713: -SERVICE [/rosout/set_logger_level] /rosout rosrpc://ubuntu:53597
[rosmaster.master][INFO] 2022-01-25 01:24:40,714: -CACHEDPARAM [/rosout/omit_topics] by /rosout
[rosmaster.master][INFO] 2022-01-25 01:24:40,759: publisherUpdate[/rosout_agg] -> http://ubuntu:39303/ []
[rosmaster.master][INFO] 2022-01-25 01:24:40,769: publisherUpdate[/rosout_agg] -> http://ubuntu:39303/ []: sec=0.01, result=[1, '', 0]
[rosmaster.main][INFO] 2022-01-25 01:24:40,818: keyboard interrupt, will exit
[rosmaster.main][INFO] 2022-01-25 01:24:40,818: stopping master...
[rospy.core][INFO] 2022-01-25 01:24:40,819: signal_shutdown [atexit]
