[rosmaster.main][INFO] 2022-02-02 11:22:02,105: initialization complete, waiting for shutdown
[rosmaster.main][INFO] 2022-02-02 11:22:02,109: Starting ROS Master Node
[xmlrpc][INFO] 2022-02-02 11:22:02,111: XML-RPC server binding to 0.0.0.0:11311
[xmlrpc][INFO] 2022-02-02 11:22:02,112: Started XML-RPC server [http://ubuntu:11311/]
[rosmaster.master][INFO] 2022-02-02 11:22:02,112: Master initialized: port[11311], uri[http://ubuntu:11311/]
[xmlrpc][INFO] 2022-02-02 11:22:02,113: xml rpc node: starting XML-RPC server
[rosmaster.master][INFO] 2022-02-02 11:22:02,207: +PARAM [/run_id] by /roslaunch
[rosmaster.master][INFO] 2022-02-02 11:22:02,210: +PARAM [/roslaunch/uris/host_ubuntu__35677] by /roslaunch
[rosmaster.master][INFO] 2022-02-02 11:22:02,296: +PARAM [/rosversion] by /roslaunch
[rosmaster.master][INFO] 2022-02-02 11:22:02,297: +PARAM [/rosdistro] by /roslaunch
[rosmaster.master][INFO] 2022-02-02 11:22:02,327: +SERVICE [/rosout/get_loggers] /rosout http://ubuntu:39169/
[rosmaster.master][INFO] 2022-02-02 11:22:02,329: +SERVICE [/rosout/set_logger_level] /rosout http://ubuntu:39169/
[rosmaster.master][INFO] 2022-02-02 11:22:02,331: +PUB [/rosout_agg] /rosout http://ubuntu:39169/
[rosmaster.master][INFO] 2022-02-02 11:22:02,336: +SUB [/rosout] /rosout http://ubuntu:39169/
[rosmaster.master][INFO] 2022-02-02 11:22:05,748: +PUB [/rosout] /link_ros http://ubuntu:35937/
[rosmaster.master][INFO] 2022-02-02 11:22:05,756: +SERVICE [/link_ros/get_loggers] /link_ros http://ubuntu:35937/
[rosmaster.master][INFO] 2022-02-02 11:22:05,759: +SERVICE [/link_ros/set_logger_level] /link_ros http://ubuntu:35937/
[rosmaster.master][INFO] 2022-02-02 11:22:05,818: publisherUpdate[/rosout] -> http://ubuntu:39169/ ['http://ubuntu:35937/']
[rosmaster.master][INFO] 2022-02-02 11:22:05,833: publisherUpdate[/rosout] -> http://ubuntu:39169/ ['http://ubuntu:35937/']: sec=0.01, result=[1, '', 0]
[rosmaster.master][INFO] 2022-02-02 11:22:08,507: +CACHEDPARAM [/rosout_disable_topics_generation] by /link_ros
[rosmaster.master][INFO] 2022-02-02 11:22:08,511: +CACHEDPARAM [/rosout/omit_topics] by /rosout
[rosmaster.master][INFO] 2022-02-02 11:22:08,524: +SUB [/rosout_agg] /link_ros http://ubuntu:35937/
[rosmaster.master][INFO] 2022-02-02 11:22:09,460: +CACHEDPARAM [/rosout_disable_topics_generation] by /link_ros
[rosmaster.master][INFO] 2022-02-02 11:22:09,471: +SERVICE [/link_ros/tf2_frames] /link_ros http://ubuntu:35937/
[rosmaster.master][INFO] 2022-02-02 11:22:09,475: +SUB [/tf] /link_ros http://ubuntu:35937/
[rosmaster.master][INFO] 2022-02-02 11:22:09,479: +SUB [/tf_static] /link_ros http://ubuntu:35937/
[rosmaster.master][INFO] 2022-02-02 11:24:28,489: -SUB [/tf_static] /link_ros http://ubuntu:35937/
[rosmaster.master][INFO] 2022-02-02 11:24:28,489: -SUB [/tf] /link_ros http://ubuntu:35937/
[rosmaster.master][INFO] 2022-02-02 11:24:28,490: -SUB [/rosout_agg] /link_ros http://ubuntu:35937/
[rosmaster.master][INFO] 2022-02-02 11:24:28,490: -PUB [/rosout] /link_ros http://ubuntu:35937/
[rosmaster.master][INFO] 2022-02-02 11:24:28,490: -SERVICE [/link_ros/get_loggers] /link_ros rosrpc://ubuntu:37883
[rosmaster.master][INFO] 2022-02-02 11:24:28,491: -SERVICE [/link_ros/tf2_frames] /link_ros rosrpc://ubuntu:37883
[rosmaster.master][INFO] 2022-02-02 11:24:28,491: -SERVICE [/link_ros/set_logger_level] /link_ros rosrpc://ubuntu:37883
[rosmaster.master][INFO] 2022-02-02 11:24:28,493: publisherUpdate[/rosout] -> http://ubuntu:39169/ []
[rosmaster.master][INFO] 2022-02-02 11:24:28,499: publisherUpdate[/rosout] -> http://ubuntu:39169/ []: sec=0.01, result=[1, '', 0]
[rosmaster.master][INFO] 2022-02-02 11:24:40,282: +PUB [/rosout] /link_ros http://ubuntu:34455/
[rosmaster.master][INFO] 2022-02-02 11:24:40,289: +SERVICE [/link_ros/get_loggers] /link_ros http://ubuntu:34455/
[rosmaster.master][INFO] 2022-02-02 11:24:40,292: +SERVICE [/link_ros/set_logger_level] /link_ros http://ubuntu:34455/
[rosmaster.master][INFO] 2022-02-02 11:24:40,316: publisherUpdate[/rosout] -> http://ubuntu:39169/ ['http://ubuntu:34455/']
[rosmaster.master][INFO] 2022-02-02 11:24:40,320: publisherUpdate[/rosout] -> http://ubuntu:39169/ ['http://ubuntu:34455/']: sec=0.00, result=[1, '', 0]
[rosmaster.master][INFO] 2022-02-02 11:24:40,966: +CACHEDPARAM [/rosout_disable_topics_generation] by /link_ros
[rosmaster.master][INFO] 2022-02-02 11:24:40,981: +SUB [/rosout_agg] /link_ros http://ubuntu:34455/
[rosmaster.master][INFO] 2022-02-02 11:24:41,966: +CACHEDPARAM [/rosout_disable_topics_generation] by /link_ros
[rosmaster.master][INFO] 2022-02-02 11:24:41,975: +SERVICE [/link_ros/tf2_frames] /link_ros http://ubuntu:34455/
[rosmaster.master][INFO] 2022-02-02 11:24:41,980: +SUB [/tf] /link_ros http://ubuntu:34455/
[rosmaster.master][INFO] 2022-02-02 11:24:41,986: +SUB [/tf_static] /link_ros http://ubuntu:34455/
[rosmaster.master][INFO] 2022-02-02 11:25:45,722: +CACHEDPARAM [/rosout_disable_topics_generation] by /link_ros
[rosmaster.master][INFO] 2022-02-02 11:25:45,729: +CACHEDPARAM [/rosout_disable_topics_generation] by /link_ros
[rosmaster.master][INFO] 2022-02-02 11:30:15,457: +CACHEDPARAM [/rosout_disable_topics_generation] by /link_ros
[rosmaster.master][INFO] 2022-02-02 11:30:15,466: +PUB [/sweeper_cmd_bt] /link_ros http://ubuntu:34455/
[rosmaster.master][INFO] 2022-02-02 11:30:15,471: +CACHEDPARAM [/rosout_disable_topics_generation] by /link_ros
[rosmaster.master][INFO] 2022-02-02 11:30:15,481: +SUB [/sweeper_cmd_bt] /link_ros http://ubuntu:34455/
[rosmaster.master][INFO] 2022-02-02 11:30:16,037: +CACHEDPARAM [/rosout_disable_topics_generation] by /link_ros
[rosmaster.master][INFO] 2022-02-02 11:30:16,044: +CACHEDPARAM [/rosout_disable_topics_generation] by /link_ros
[rosmaster.master][INFO] 2022-02-02 11:30:16,049: +CACHEDPARAM [/rosout_disable_topics_generation] by /link_ros
[rosmaster.master][INFO] 2022-02-02 11:31:44,729: +PUB [/rosout] /rostopic_20468_1643801504572 http://ubuntu:39139/
[rosmaster.master][INFO] 2022-02-02 11:31:44,738: +SERVICE [/rostopic_20468_1643801504572/get_loggers] /rostopic_20468_1643801504572 http://ubuntu:39139/
[rosmaster.master][INFO] 2022-02-02 11:31:44,741: +SERVICE [/rostopic_20468_1643801504572/set_logger_level] /rostopic_20468_1643801504572 http://ubuntu:39139/
[rosmaster.master][INFO] 2022-02-02 11:31:44,753: +SUB [/sweeper_cmd_bt] /rostopic_20468_1643801504572 http://ubuntu:39139/
[rosmaster.master][INFO] 2022-02-02 11:31:44,796: publisherUpdate[/rosout] -> http://ubuntu:39169/ ['http://ubuntu:34455/', 'http://ubuntu:39139/']
[rosmaster.master][INFO] 2022-02-02 11:31:44,804: publisherUpdate[/rosout] -> http://ubuntu:39169/ ['http://ubuntu:34455/', 'http://ubuntu:39139/']: sec=0.01, result=[1, '', 0]
[rosmaster.master][INFO] 2022-02-02 11:31:52,149: -SUB [/sweeper_cmd_bt] /rostopic_20468_1643801504572 http://ubuntu:39139/
[rosmaster.master][INFO] 2022-02-02 11:31:52,150: -PUB [/rosout] /rostopic_20468_1643801504572 http://ubuntu:39139/
[rosmaster.master][INFO] 2022-02-02 11:31:52,151: -SERVICE [/rostopic_20468_1643801504572/get_loggers] /rostopic_20468_1643801504572 rosrpc://ubuntu:39351
[rosmaster.master][INFO] 2022-02-02 11:31:52,152: -SERVICE [/rostopic_20468_1643801504572/set_logger_level] /rostopic_20468_1643801504572 rosrpc://ubuntu:39351
[rosmaster.master][INFO] 2022-02-02 11:31:52,212: publisherUpdate[/rosout] -> http://ubuntu:39169/ ['http://ubuntu:34455/']
[rosmaster.master][INFO] 2022-02-02 11:31:52,215: publisherUpdate[/rosout] -> http://ubuntu:39169/ ['http://ubuntu:34455/']: sec=0.00, result=[1, '', 0]
[rosmaster.master][INFO] 2022-02-02 11:33:17,942: -SUB [/tf_static] /link_ros http://ubuntu:34455/
[rosmaster.master][INFO] 2022-02-02 11:33:17,943: -SUB [/sweeper_cmd_bt] /link_ros http://ubuntu:34455/
[rosmaster.master][INFO] 2022-02-02 11:33:17,943: -SUB [/tf] /link_ros http://ubuntu:34455/
[rosmaster.master][INFO] 2022-02-02 11:33:17,944: -SUB [/rosout_agg] /link_ros http://ubuntu:34455/
[rosmaster.master][INFO] 2022-02-02 11:33:17,944: -PUB [/sweeper_cmd_bt] /link_ros http://ubuntu:34455/
[rosmaster.master][INFO] 2022-02-02 11:33:17,944: -PUB [/rosout] /link_ros http://ubuntu:34455/
[rosmaster.master][INFO] 2022-02-02 11:33:17,945: -SERVICE [/link_ros/get_loggers] /link_ros rosrpc://ubuntu:37503
[rosmaster.master][INFO] 2022-02-02 11:33:17,946: -SERVICE [/link_ros/tf2_frames] /link_ros rosrpc://ubuntu:37503
[rosmaster.master][INFO] 2022-02-02 11:33:17,946: -SERVICE [/link_ros/set_logger_level] /link_ros rosrpc://ubuntu:37503
[rosmaster.master][INFO] 2022-02-02 11:33:17,974: publisherUpdate[/rosout] -> http://ubuntu:39169/ []
[rosmaster.master][INFO] 2022-02-02 11:33:17,976: publisherUpdate[/rosout] -> http://ubuntu:39169/ []: sec=0.00, result=[1, '', 0]
[rosmaster.master][INFO] 2022-02-02 11:34:50,400: +PUB [/rosout] /link_ros http://ubuntu:36635/
[rosmaster.master][INFO] 2022-02-02 11:34:50,410: +SERVICE [/link_ros/get_loggers] /link_ros http://ubuntu:36635/
[rosmaster.master][INFO] 2022-02-02 11:34:50,414: +SERVICE [/link_ros/set_logger_level] /link_ros http://ubuntu:36635/
[rosmaster.master][INFO] 2022-02-02 11:34:50,444: publisherUpdate[/rosout] -> http://ubuntu:39169/ ['http://ubuntu:36635/']
[rosmaster.master][INFO] 2022-02-02 11:34:50,450: publisherUpdate[/rosout] -> http://ubuntu:39169/ ['http://ubuntu:36635/']: sec=0.01, result=[1, '', 0]
[rosmaster.master][INFO] 2022-02-02 11:34:51,089: +CACHEDPARAM [/rosout_disable_topics_generation] by /link_ros
[rosmaster.master][INFO] 2022-02-02 11:34:51,113: +SUB [/rosout_agg] /link_ros http://ubuntu:36635/
[rosmaster.master][INFO] 2022-02-02 11:34:52,088: +CACHEDPARAM [/rosout_disable_topics_generation] by /link_ros
[rosmaster.master][INFO] 2022-02-02 11:34:52,097: +SERVICE [/link_ros/tf2_frames] /link_ros http://ubuntu:36635/
[rosmaster.master][INFO] 2022-02-02 11:34:52,104: +SUB [/tf] /link_ros http://ubuntu:36635/
[rosmaster.master][INFO] 2022-02-02 11:34:52,110: +SUB [/tf_static] /link_ros http://ubuntu:36635/
[rosmaster.master][INFO] 2022-02-02 11:35:33,116: +PUB [/sweeper_cmd_bt] /link_ros http://ubuntu:36635/
[rosmaster.master][INFO] 2022-02-02 11:35:33,119: +CACHEDPARAM [/rosout_disable_topics_generation] by /link_ros
[rosmaster.master][INFO] 2022-02-02 11:35:33,128: +SUB [/sweeper_cmd_bt] /link_ros http://ubuntu:36635/
[rosmaster.master][INFO] 2022-02-02 11:35:33,735: +CACHEDPARAM [/rosout_disable_topics_generation] by /link_ros
[rosmaster.master][INFO] 2022-02-02 11:37:18,218: -SUB [/tf_static] /link_ros http://ubuntu:36635/
[rosmaster.master][INFO] 2022-02-02 11:37:18,219: -SUB [/sweeper_cmd_bt] /link_ros http://ubuntu:36635/
[rosmaster.master][INFO] 2022-02-02 11:37:18,219: -SUB [/tf] /link_ros http://ubuntu:36635/
[rosmaster.master][INFO] 2022-02-02 11:37:18,219: -SUB [/rosout_agg] /link_ros http://ubuntu:36635/
[rosmaster.master][INFO] 2022-02-02 11:37:18,219: -PUB [/sweeper_cmd_bt] /link_ros http://ubuntu:36635/
[rosmaster.master][INFO] 2022-02-02 11:37:18,220: -PUB [/rosout] /link_ros http://ubuntu:36635/
[rosmaster.master][INFO] 2022-02-02 11:37:18,220: -SERVICE [/link_ros/get_loggers] /link_ros rosrpc://ubuntu:41153
[rosmaster.master][INFO] 2022-02-02 11:37:18,220: -SERVICE [/link_ros/tf2_frames] /link_ros rosrpc://ubuntu:41153
[rosmaster.master][INFO] 2022-02-02 11:37:18,220: -SERVICE [/link_ros/set_logger_level] /link_ros rosrpc://ubuntu:41153
[rosmaster.master][INFO] 2022-02-02 11:37:18,250: publisherUpdate[/rosout] -> http://ubuntu:39169/ []
[rosmaster.master][INFO] 2022-02-02 11:37:18,252: publisherUpdate[/rosout] -> http://ubuntu:39169/ []: sec=0.00, result=[1, '', 0]
[rosmaster.master][INFO] 2022-02-02 11:37:31,867: +PUB [/rosout] /link_ros http://ubuntu:39405/
[rosmaster.master][INFO] 2022-02-02 11:37:31,874: +SERVICE [/link_ros/get_loggers] /link_ros http://ubuntu:39405/
[rosmaster.master][INFO] 2022-02-02 11:37:31,877: +SERVICE [/link_ros/set_logger_level] /link_ros http://ubuntu:39405/
[rosmaster.master][INFO] 2022-02-02 11:37:31,879: publisherUpdate[/rosout] -> http://ubuntu:39169/ ['http://ubuntu:39405/']
[rosmaster.master][INFO] 2022-02-02 11:37:31,883: publisherUpdate[/rosout] -> http://ubuntu:39169/ ['http://ubuntu:39405/']: sec=0.00, result=[1, '', 0]
[rosmaster.master][INFO] 2022-02-02 11:37:32,576: +CACHEDPARAM [/rosout_disable_topics_generation] by /link_ros
[rosmaster.master][INFO] 2022-02-02 11:37:32,598: +SUB [/rosout_agg] /link_ros http://ubuntu:39405/
[rosmaster.master][INFO] 2022-02-02 11:37:33,570: +CACHEDPARAM [/rosout_disable_topics_generation] by /link_ros
[rosmaster.master][INFO] 2022-02-02 11:37:33,582: +SERVICE [/link_ros/tf2_frames] /link_ros http://ubuntu:39405/
[rosmaster.master][INFO] 2022-02-02 11:37:33,587: +SUB [/tf] /link_ros http://ubuntu:39405/
[rosmaster.master][INFO] 2022-02-02 11:37:33,592: +SUB [/tf_static] /link_ros http://ubuntu:39405/
[rosmaster.master][INFO] 2022-02-02 11:37:49,281: +PUB [/sweeper_cmd_bt] /link_ros http://ubuntu:39405/
[rosmaster.master][INFO] 2022-02-02 11:37:49,286: +CACHEDPARAM [/rosout_disable_topics_generation] by /link_ros
[rosmaster.master][INFO] 2022-02-02 11:37:49,292: +SUB [/sweeper_cmd_bt] /link_ros http://ubuntu:39405/
[rosmaster.master][INFO] 2022-02-02 11:37:49,849: +CACHEDPARAM [/rosout_disable_topics_generation] by /link_ros
[rosmaster.master][INFO] 2022-02-02 11:38:06,566: +CACHEDPARAM [/rosout_disable_topics_generation] by /link_ros
[rosmaster.master][INFO] 2022-02-02 11:38:20,998: +CACHEDPARAM [/rosout_disable_topics_generation] by /link_ros
[rosmaster.master][INFO] 2022-02-02 11:38:21,003: +CACHEDPARAM [/rosout_disable_topics_generation] by /link_ros
[rosmaster.master][INFO] 2022-02-02 11:38:21,007: +CACHEDPARAM [/rosout_disable_topics_generation] by /link_ros
[rosmaster.master][INFO] 2022-02-02 11:40:20,023: +CACHEDPARAM [/rosout_disable_topics_generation] by /link_ros
[rosmaster.master][INFO] 2022-02-02 11:40:20,030: +CACHEDPARAM [/rosout_disable_topics_generation] by /link_ros
[rosmaster.master][INFO] 2022-02-02 11:40:20,035: +CACHEDPARAM [/rosout_disable_topics_generation] by /link_ros
[rosmaster.master][INFO] 2022-02-02 11:41:38,776: +CACHEDPARAM [/rosout_disable_topics_generation] by /link_ros
[rosmaster.master][INFO] 2022-02-02 13:28:32,257: -SUB [/tf_static] /link_ros http://ubuntu:39405/
[rosmaster.master][INFO] 2022-02-02 13:28:32,258: -SUB [/sweeper_cmd_bt] /link_ros http://ubuntu:39405/
[rosmaster.master][INFO] 2022-02-02 13:28:32,258: -SUB [/tf] /link_ros http://ubuntu:39405/
[rosmaster.master][INFO] 2022-02-02 13:28:32,259: -SUB [/rosout_agg] /link_ros http://ubuntu:39405/
[rosmaster.master][INFO] 2022-02-02 13:28:32,259: -PUB [/sweeper_cmd_bt] /link_ros http://ubuntu:39405/
[rosmaster.master][INFO] 2022-02-02 13:28:32,259: -PUB [/rosout] /link_ros http://ubuntu:39405/
[rosmaster.master][INFO] 2022-02-02 13:28:32,260: -SERVICE [/link_ros/get_loggers] /link_ros rosrpc://ubuntu:39149
[rosmaster.master][INFO] 2022-02-02 13:28:32,260: -SERVICE [/link_ros/tf2_frames] /link_ros rosrpc://ubuntu:39149
[rosmaster.master][INFO] 2022-02-02 13:28:32,261: -SERVICE [/link_ros/set_logger_level] /link_ros rosrpc://ubuntu:39149
[rosmaster.master][INFO] 2022-02-02 13:28:32,308: publisherUpdate[/rosout] -> http://ubuntu:39169/ []
[rosmaster.master][INFO] 2022-02-02 13:28:32,312: publisherUpdate[/rosout] -> http://ubuntu:39169/ []: sec=0.00, result=[1, '', 0]
[rosmaster.master][INFO] 2022-02-02 13:30:03,030: +PUB [/rosout] /link_ros http://ubuntu:33825/
[rosmaster.master][INFO] 2022-02-02 13:30:03,037: +SERVICE [/link_ros/get_loggers] /link_ros http://ubuntu:33825/
[rosmaster.master][INFO] 2022-02-02 13:30:03,039: +SERVICE [/link_ros/set_logger_level] /link_ros http://ubuntu:33825/
[rosmaster.master][INFO] 2022-02-02 13:30:03,085: publisherUpdate[/rosout] -> http://ubuntu:39169/ ['http://ubuntu:33825/']
[rosmaster.master][INFO] 2022-02-02 13:30:03,089: publisherUpdate[/rosout] -> http://ubuntu:39169/ ['http://ubuntu:33825/']: sec=0.00, result=[1, '', 0]
[rosmaster.master][INFO] 2022-02-02 13:30:03,706: +CACHEDPARAM [/rosout_disable_topics_generation] by /link_ros
[rosmaster.master][INFO] 2022-02-02 13:30:03,726: +SUB [/rosout_agg] /link_ros http://ubuntu:33825/
[rosmaster.master][INFO] 2022-02-02 13:30:04,703: +CACHEDPARAM [/rosout_disable_topics_generation] by /link_ros
[rosmaster.master][INFO] 2022-02-02 13:30:04,713: +SERVICE [/link_ros/tf2_frames] /link_ros http://ubuntu:33825/
[rosmaster.master][INFO] 2022-02-02 13:30:04,720: +SUB [/tf] /link_ros http://ubuntu:33825/
[rosmaster.master][INFO] 2022-02-02 13:30:04,726: +SUB [/tf_static] /link_ros http://ubuntu:33825/
[rosmaster.master][INFO] 2022-02-02 13:30:39,970: +PUB [/sweeper_cmd_bt] /link_ros http://ubuntu:33825/
[rosmaster.master][INFO] 2022-02-02 13:30:39,973: +CACHEDPARAM [/rosout_disable_topics_generation] by /link_ros
[rosmaster.master][INFO] 2022-02-02 13:30:39,982: +SUB [/sweeper_cmd_bt] /link_ros http://ubuntu:33825/
[rosmaster.master][INFO] 2022-02-02 13:30:57,708: +PUB [/rosout] /rostopic_13268_1643808657552 http://ubuntu:32911/
[rosmaster.master][INFO] 2022-02-02 13:30:57,715: +SERVICE [/rostopic_13268_1643808657552/get_loggers] /rostopic_13268_1643808657552 http://ubuntu:32911/
[rosmaster.master][INFO] 2022-02-02 13:30:57,718: +SERVICE [/rostopic_13268_1643808657552/set_logger_level] /rostopic_13268_1643808657552 http://ubuntu:32911/
[rosmaster.master][INFO] 2022-02-02 13:30:57,730: +SUB [/sweeper_cmd_bt] /rostopic_13268_1643808657552 http://ubuntu:32911/
[rosmaster.master][INFO] 2022-02-02 13:30:57,803: publisherUpdate[/rosout] -> http://ubuntu:39169/ ['http://ubuntu:33825/', 'http://ubuntu:32911/']
[rosmaster.master][INFO] 2022-02-02 13:30:57,807: publisherUpdate[/rosout] -> http://ubuntu:39169/ ['http://ubuntu:33825/', 'http://ubuntu:32911/']: sec=0.00, result=[1, '', 0]
[rosmaster.master][INFO] 2022-02-02 13:31:34,620: +CACHEDPARAM [/rosout_disable_topics_generation] by /link_ros
[rosmaster.master][INFO] 2022-02-02 13:31:40,551: -SUB [/sweeper_cmd_bt] /rostopic_13268_1643808657552 http://ubuntu:32911/
[rosmaster.master][INFO] 2022-02-02 13:31:40,552: -PUB [/rosout] /rostopic_13268_1643808657552 http://ubuntu:32911/
[rosmaster.master][INFO] 2022-02-02 13:31:40,552: -SERVICE [/rostopic_13268_1643808657552/get_loggers] /rostopic_13268_1643808657552 rosrpc://ubuntu:41947
[rosmaster.master][INFO] 2022-02-02 13:31:40,553: -SERVICE [/rostopic_13268_1643808657552/set_logger_level] /rostopic_13268_1643808657552 rosrpc://ubuntu:41947
[rosmaster.master][INFO] 2022-02-02 13:31:40,566: +CACHEDPARAM [/rosout_disable_topics_generation] by /link_ros
[rosmaster.master][INFO] 2022-02-02 13:31:40,591: publisherUpdate[/rosout] -> http://ubuntu:39169/ ['http://ubuntu:33825/']
[rosmaster.master][INFO] 2022-02-02 13:31:40,592: publisherUpdate[/rosout] -> http://ubuntu:39169/ ['http://ubuntu:33825/']: sec=0.00, result=[1, '', 0]
[rosmaster.master][INFO] 2022-02-02 13:33:16,216: +PUB [/rosout] /rostopic_15066_1643808796058 http://ubuntu:33997/
[rosmaster.master][INFO] 2022-02-02 13:33:16,224: +SERVICE [/rostopic_15066_1643808796058/get_loggers] /rostopic_15066_1643808796058 http://ubuntu:33997/
[rosmaster.master][INFO] 2022-02-02 13:33:16,227: +SERVICE [/rostopic_15066_1643808796058/set_logger_level] /rostopic_15066_1643808796058 http://ubuntu:33997/
[rosmaster.master][INFO] 2022-02-02 13:33:16,239: +SUB [/sweeper_cmd_bt] /rostopic_15066_1643808796058 http://ubuntu:33997/
[rosmaster.master][INFO] 2022-02-02 13:33:16,269: publisherUpdate[/rosout] -> http://ubuntu:39169/ ['http://ubuntu:33825/', 'http://ubuntu:33997/']
[rosmaster.master][INFO] 2022-02-02 13:33:16,274: publisherUpdate[/rosout] -> http://ubuntu:39169/ ['http://ubuntu:33825/', 'http://ubuntu:33997/']: sec=0.00, result=[1, '', 0]
[rosmaster.master][INFO] 2022-02-02 13:33:29,827: +CACHEDPARAM [/rosout_disable_topics_generation] by /link_ros
[rosmaster.master][INFO] 2022-02-02 13:33:29,833: +CACHEDPARAM [/rosout_disable_topics_generation] by /link_ros
[rosmaster.master][INFO] 2022-02-02 13:33:29,837: +CACHEDPARAM [/rosout_disable_topics_generation] by /link_ros
[rosmaster.master][INFO] 2022-02-02 13:33:38,157: +CACHEDPARAM [/rosout_disable_topics_generation] by /link_ros
[rosmaster.master][INFO] 2022-02-02 13:33:38,162: +CACHEDPARAM [/rosout_disable_topics_generation] by /link_ros
[rosmaster.master][INFO] 2022-02-02 13:33:38,166: +CACHEDPARAM [/rosout_disable_topics_generation] by /link_ros
[rosmaster.master][INFO] 2022-02-02 13:33:49,244: -SUB [/sweeper_cmd_bt] /rostopic_15066_1643808796058 http://ubuntu:33997/
[rosmaster.master][INFO] 2022-02-02 13:33:49,245: -PUB [/rosout] /rostopic_15066_1643808796058 http://ubuntu:33997/
[rosmaster.master][INFO] 2022-02-02 13:33:49,246: -SERVICE [/rostopic_15066_1643808796058/get_loggers] /rostopic_15066_1643808796058 rosrpc://ubuntu:46425
[rosmaster.master][INFO] 2022-02-02 13:33:49,247: -SERVICE [/rostopic_15066_1643808796058/set_logger_level] /rostopic_15066_1643808796058 rosrpc://ubuntu:46425
[rosmaster.master][INFO] 2022-02-02 13:33:49,333: publisherUpdate[/rosout] -> http://ubuntu:39169/ ['http://ubuntu:33825/']
[rosmaster.master][INFO] 2022-02-02 13:33:49,335: publisherUpdate[/rosout] -> http://ubuntu:39169/ ['http://ubuntu:33825/']: sec=0.00, result=[1, '', 0]
[rosmaster.master][INFO] 2022-02-02 13:33:54,711: +PUB [/rosout] /rostopic_15583_1643808834555 http://ubuntu:44107/
[rosmaster.master][INFO] 2022-02-02 13:33:54,720: +SERVICE [/rostopic_15583_1643808834555/get_loggers] /rostopic_15583_1643808834555 http://ubuntu:44107/
[rosmaster.master][INFO] 2022-02-02 13:33:54,723: +SERVICE [/rostopic_15583_1643808834555/set_logger_level] /rostopic_15583_1643808834555 http://ubuntu:44107/
[rosmaster.master][INFO] 2022-02-02 13:33:54,733: +SUB [/sweeper_cmd_bt] /rostopic_15583_1643808834555 http://ubuntu:44107/
[rosmaster.master][INFO] 2022-02-02 13:33:54,745: publisherUpdate[/rosout] -> http://ubuntu:39169/ ['http://ubuntu:33825/', 'http://ubuntu:44107/']
[rosmaster.master][INFO] 2022-02-02 13:33:54,749: publisherUpdate[/rosout] -> http://ubuntu:39169/ ['http://ubuntu:33825/', 'http://ubuntu:44107/']: sec=0.00, result=[1, '', 0]
[rosmaster.master][INFO] 2022-02-02 13:35:44,553: -SUB [/tf_static] /link_ros http://ubuntu:33825/
[rosmaster.master][INFO] 2022-02-02 13:35:44,554: -SUB [/sweeper_cmd_bt] /link_ros http://ubuntu:33825/
[rosmaster.master][INFO] 2022-02-02 13:35:44,554: -SUB [/tf] /link_ros http://ubuntu:33825/
[rosmaster.master][INFO] 2022-02-02 13:35:44,555: -SUB [/rosout_agg] /link_ros http://ubuntu:33825/
[rosmaster.master][INFO] 2022-02-02 13:35:44,555: -PUB [/sweeper_cmd_bt] /link_ros http://ubuntu:33825/
[rosmaster.master][INFO] 2022-02-02 13:35:44,556: -PUB [/rosout] /link_ros http://ubuntu:33825/
[rosmaster.master][INFO] 2022-02-02 13:35:44,556: -SERVICE [/link_ros/get_loggers] /link_ros rosrpc://ubuntu:34671
[rosmaster.master][INFO] 2022-02-02 13:35:44,556: -SERVICE [/link_ros/tf2_frames] /link_ros rosrpc://ubuntu:34671
[rosmaster.master][INFO] 2022-02-02 13:35:44,557: -SERVICE [/link_ros/set_logger_level] /link_ros rosrpc://ubuntu:34671
[rosmaster.master][INFO] 2022-02-02 13:35:44,561: publisherUpdate[/rosout] -> http://ubuntu:39169/ ['http://ubuntu:44107/']
[rosmaster.master][INFO] 2022-02-02 13:35:44,562: publisherUpdate[/sweeper_cmd_bt] -> http://ubuntu:44107/ []
[rosmaster.master][INFO] 2022-02-02 13:35:44,564: publisherUpdate[/rosout] -> http://ubuntu:39169/ ['http://ubuntu:44107/']: sec=0.00, result=[1, '', 0]
[rosmaster.master][INFO] 2022-02-02 13:35:44,569: publisherUpdate[/sweeper_cmd_bt] -> http://ubuntu:44107/ []: sec=0.01, result=[1, '', 0]
[rosmaster.master][INFO] 2022-02-02 13:35:55,687: +PUB [/rosout] /link_ros http://ubuntu:40919/
[rosmaster.master][INFO] 2022-02-02 13:35:55,693: publisherUpdate[/rosout] -> http://ubuntu:39169/ ['http://ubuntu:44107/', 'http://ubuntu:40919/']
[rosmaster.master][INFO] 2022-02-02 13:35:55,697: +SERVICE [/link_ros/get_loggers] /link_ros http://ubuntu:40919/
[rosmaster.master][INFO] 2022-02-02 13:35:55,699: publisherUpdate[/rosout] -> http://ubuntu:39169/ ['http://ubuntu:44107/', 'http://ubuntu:40919/']: sec=0.00, result=[1, '', 0]
[rosmaster.master][INFO] 2022-02-02 13:35:55,702: +SERVICE [/link_ros/set_logger_level] /link_ros http://ubuntu:40919/
[rosmaster.master][INFO] 2022-02-02 13:35:56,360: +CACHEDPARAM [/rosout_disable_topics_generation] by /link_ros
[rosmaster.master][INFO] 2022-02-02 13:35:56,378: +SUB [/rosout_agg] /link_ros http://ubuntu:40919/
[rosmaster.master][INFO] 2022-02-02 13:35:57,358: +CACHEDPARAM [/rosout_disable_topics_generation] by /link_ros
[rosmaster.master][INFO] 2022-02-02 13:35:57,366: +SERVICE [/link_ros/tf2_frames] /link_ros http://ubuntu:40919/
[rosmaster.master][INFO] 2022-02-02 13:35:57,372: +SUB [/tf] /link_ros http://ubuntu:40919/
[rosmaster.master][INFO] 2022-02-02 13:35:57,378: +SUB [/tf_static] /link_ros http://ubuntu:40919/
[rosmaster.master][INFO] 2022-02-02 13:36:03,469: +PUB [/sweeper_cmd_bt] /link_ros http://ubuntu:40919/
[rosmaster.master][INFO] 2022-02-02 13:36:03,472: +CACHEDPARAM [/rosout_disable_topics_generation] by /link_ros
[rosmaster.master][INFO] 2022-02-02 13:36:03,480: +SUB [/sweeper_cmd_bt] /link_ros http://ubuntu:40919/
[rosmaster.master][INFO] 2022-02-02 13:36:03,500: publisherUpdate[/sweeper_cmd_bt] -> http://ubuntu:44107/ ['http://ubuntu:40919/']
[rosmaster.master][INFO] 2022-02-02 13:36:03,506: publisherUpdate[/sweeper_cmd_bt] -> http://ubuntu:44107/ ['http://ubuntu:40919/']: sec=0.01, result=[1, '', 0]
[rosmaster.master][INFO] 2022-02-02 13:36:20,997: +CACHEDPARAM [/rosout_disable_topics_generation] by /link_ros
[rosmaster.master][INFO] 2022-02-02 13:36:21,002: +CACHEDPARAM [/rosout_disable_topics_generation] by /link_ros
[rosmaster.master][INFO] 2022-02-02 13:36:21,006: +CACHEDPARAM [/rosout_disable_topics_generation] by /link_ros
[rosmaster.master][INFO] 2022-02-02 13:37:48,219: -SUB [/tf_static] /link_ros http://ubuntu:40919/
[rosmaster.master][INFO] 2022-02-02 13:37:48,220: -SUB [/sweeper_cmd_bt] /link_ros http://ubuntu:40919/
[rosmaster.master][INFO] 2022-02-02 13:37:48,220: -SUB [/tf] /link_ros http://ubuntu:40919/
[rosmaster.master][INFO] 2022-02-02 13:37:48,220: -SUB [/rosout_agg] /link_ros http://ubuntu:40919/
[rosmaster.master][INFO] 2022-02-02 13:37:48,221: -PUB [/sweeper_cmd_bt] /link_ros http://ubuntu:40919/
[rosmaster.master][INFO] 2022-02-02 13:37:48,221: -PUB [/rosout] /link_ros http://ubuntu:40919/
[rosmaster.master][INFO] 2022-02-02 13:37:48,221: -SERVICE [/link_ros/get_loggers] /link_ros rosrpc://ubuntu:38577
[rosmaster.master][INFO] 2022-02-02 13:37:48,222: -SERVICE [/link_ros/tf2_frames] /link_ros rosrpc://ubuntu:38577
[rosmaster.master][INFO] 2022-02-02 13:37:48,222: -SERVICE [/link_ros/set_logger_level] /link_ros rosrpc://ubuntu:38577
[rosmaster.master][INFO] 2022-02-02 13:37:48,312: publisherUpdate[/sweeper_cmd_bt] -> http://ubuntu:44107/ []
[rosmaster.master][INFO] 2022-02-02 13:37:48,313: publisherUpdate[/rosout] -> http://ubuntu:39169/ ['http://ubuntu:44107/']
[rosmaster.master][INFO] 2022-02-02 13:37:48,316: publisherUpdate[/rosout] -> http://ubuntu:39169/ ['http://ubuntu:44107/']: sec=0.00, result=[1, '', 0]
[rosmaster.master][INFO] 2022-02-02 13:37:48,320: publisherUpdate[/sweeper_cmd_bt] -> http://ubuntu:44107/ []: sec=0.01, result=[1, '', 0]
[rosmaster.master][INFO] 2022-02-02 13:37:58,782: +PUB [/rosout] /link_ros http://ubuntu:45205/
[rosmaster.master][INFO] 2022-02-02 13:37:58,791: +SERVICE [/link_ros/get_loggers] /link_ros http://ubuntu:45205/
[rosmaster.master][INFO] 2022-02-02 13:37:58,794: +SERVICE [/link_ros/set_logger_level] /link_ros http://ubuntu:45205/
[rosmaster.master][INFO] 2022-02-02 13:37:58,836: publisherUpdate[/rosout] -> http://ubuntu:39169/ ['http://ubuntu:44107/', 'http://ubuntu:45205/']
[rosmaster.master][INFO] 2022-02-02 13:37:58,841: publisherUpdate[/rosout] -> http://ubuntu:39169/ ['http://ubuntu:44107/', 'http://ubuntu:45205/']: sec=0.00, result=[1, '', 0]
[rosmaster.master][INFO] 2022-02-02 13:37:59,450: +CACHEDPARAM [/rosout_disable_topics_generation] by /link_ros
[rosmaster.master][INFO] 2022-02-02 13:37:59,470: +SUB [/rosout_agg] /link_ros http://ubuntu:45205/
[rosmaster.master][INFO] 2022-02-02 13:38:00,449: +CACHEDPARAM [/rosout_disable_topics_generation] by /link_ros
[rosmaster.master][INFO] 2022-02-02 13:38:00,457: +SERVICE [/link_ros/tf2_frames] /link_ros http://ubuntu:45205/
[rosmaster.master][INFO] 2022-02-02 13:38:00,462: +SUB [/tf] /link_ros http://ubuntu:45205/
[rosmaster.master][INFO] 2022-02-02 13:38:00,467: +SUB [/tf_static] /link_ros http://ubuntu:45205/
[rosmaster.master][INFO] 2022-02-02 13:38:05,268: +PUB [/sweeper_cmd_bt] /link_ros http://ubuntu:45205/
[rosmaster.master][INFO] 2022-02-02 13:38:05,272: +CACHEDPARAM [/rosout_disable_topics_generation] by /link_ros
[rosmaster.master][INFO] 2022-02-02 13:38:05,278: +SUB [/sweeper_cmd_bt] /link_ros http://ubuntu:45205/
[rosmaster.master][INFO] 2022-02-02 13:38:05,349: publisherUpdate[/sweeper_cmd_bt] -> http://ubuntu:44107/ ['http://ubuntu:45205/']
[rosmaster.master][INFO] 2022-02-02 13:38:05,354: publisherUpdate[/sweeper_cmd_bt] -> http://ubuntu:44107/ ['http://ubuntu:45205/']: sec=0.00, result=[1, '', 0]
[rosmaster.master][INFO] 2022-02-02 14:36:42,695: -SUB [/sweeper_cmd_bt] /rostopic_15583_1643808834555 http://ubuntu:44107/
[rosmaster.master][INFO] 2022-02-02 14:36:42,696: -PUB [/rosout] /rostopic_15583_1643808834555 http://ubuntu:44107/
[rosmaster.master][INFO] 2022-02-02 14:36:42,697: -SERVICE [/rostopic_15583_1643808834555/get_loggers] /rostopic_15583_1643808834555 rosrpc://ubuntu:41809
[rosmaster.master][INFO] 2022-02-02 14:36:42,697: -SERVICE [/rostopic_15583_1643808834555/set_logger_level] /rostopic_15583_1643808834555 rosrpc://ubuntu:41809
[rosmaster.master][INFO] 2022-02-02 14:36:42,768: publisherUpdate[/rosout] -> http://ubuntu:39169/ ['http://ubuntu:45205/']
[rosmaster.master][INFO] 2022-02-02 14:36:42,771: publisherUpdate[/rosout] -> http://ubuntu:39169/ ['http://ubuntu:45205/']: sec=0.00, result=[1, '', 0]
[rosmaster.master][INFO] 2022-02-02 14:36:42,914: +CACHEDPARAM [/rosout_disable_topics_generation] by /link_ros
[rosmaster.master][INFO] 2022-02-02 14:36:49,083: -PUB [/rosout_agg] /rosout http://ubuntu:39169/
[rosmaster.master][INFO] 2022-02-02 14:36:49,083: publisherUpdate[/rosout_agg] -> http://ubuntu:45205/ []
[rosmaster.master][INFO] 2022-02-02 14:36:49,085: -SUB [/rosout] /rosout http://ubuntu:39169/
[rosmaster.master][INFO] 2022-02-02 14:36:49,087: -SERVICE [/rosout/get_loggers] /rosout rosrpc://ubuntu:60477
[rosmaster.master][INFO] 2022-02-02 14:36:49,088: -SERVICE [/rosout/set_logger_level] /rosout rosrpc://ubuntu:60477
[rosmaster.master][INFO] 2022-02-02 14:36:49,089: -CACHEDPARAM [/rosout/omit_topics] by /rosout
[rosmaster.master][INFO] 2022-02-02 14:36:49,093: publisherUpdate[/rosout_agg] -> http://ubuntu:45205/ []: sec=0.01, result=[1, '', 0]
[rosmaster.main][INFO] 2022-02-02 14:36:49,119: keyboard interrupt, will exit
[rosmaster.main][INFO] 2022-02-02 14:36:49,120: stopping master...
[rospy.core][INFO] 2022-02-02 14:36:49,121: signal_shutdown [atexit]
