[rospy.client][INFO] 2022-04-06 17:57:20,362: init_node, name[/joystick], pid[21703]
[xmlrpc][INFO] 2022-04-06 17:57:20,363: XML-RPC server binding to 0.0.0.0:0
[xmlrpc][INFO] 2022-04-06 17:57:20,365: Started XML-RPC server [http://ubuntu:33987/]
[rospy.init][INFO] 2022-04-06 17:57:20,365: ROS Slave URI: [http://ubuntu:33987/]
[rospy.impl.masterslave][INFO] 2022-04-06 17:57:20,366: _ready: http://ubuntu:33987/
[xmlrpc][INFO] 2022-04-06 17:57:20,367: xml rpc node: starting XML-RPC server
[rospy.registration][INFO] 2022-04-06 17:57:20,369: Registering with master node http://localhost:11311
[rospy.init][INFO] 2022-04-06 17:57:20,467: registered with master
[rospy.rosout][INFO] 2022-04-06 17:57:20,467: initializing /rosout core topic
[rospy.rosout][INFO] 2022-04-06 17:57:20,474: connected to core topic /rosout
[rospy.simtime][INFO] 2022-04-06 17:57:20,477: /use_sim_time is not set, will not subscribe to simulated time [/clock] topic
[rospy.internal][INFO] 2022-04-06 17:57:20,756: topic[/rosout] adding connection to [/rosout], count 0
[rospy.internal][INFO] 2022-04-06 18:23:57,956: topic[/cmd_vel] adding connection to [http://ubuntu:42947/], count 0
[rospy.core][INFO] 2022-04-06 19:09:22,677: signal_shutdown [signal-2]
[rospy.internal][INFO] 2022-04-06 19:09:22,690: topic[/rosout] removing connection to /rosout
[rospy.internal][INFO] 2022-04-06 19:09:22,691: topic[/cmd_vel] removing connection to http://ubuntu:42947/
[rospy.impl.masterslave][INFO] 2022-04-06 19:09:22,692: signal-2
[rospy.core][INFO] 2022-04-06 19:09:22,826: signal_shutdown [atexit]
[rospy.client][INFO] 2022-04-06 19:09:40,111: init_node, name[/joystick], pid[6790]
[xmlrpc][INFO] 2022-04-06 19:09:40,113: XML-RPC server binding to 0.0.0.0:0
[rospy.init][INFO] 2022-04-06 19:09:40,115: ROS Slave URI: [http://ubuntu:40081/]
[xmlrpc][INFO] 2022-04-06 19:09:40,116: Started XML-RPC server [http://ubuntu:40081/]
[rospy.impl.masterslave][INFO] 2022-04-06 19:09:40,117: _ready: http://ubuntu:40081/
[xmlrpc][INFO] 2022-04-06 19:09:40,118: xml rpc node: starting XML-RPC server
[rospy.registration][INFO] 2022-04-06 19:09:40,120: Registering with master node http://localhost:11311
[rospy.init][INFO] 2022-04-06 19:09:40,217: registered with master
[rospy.rosout][INFO] 2022-04-06 19:09:40,217: initializing /rosout core topic
[rospy.rosout][INFO] 2022-04-06 19:09:40,237: connected to core topic /rosout
[rospy.simtime][INFO] 2022-04-06 19:09:40,242: /use_sim_time is not set, will not subscribe to simulated time [/clock] topic
[rospy.internal][INFO] 2022-04-06 19:09:40,299: topic[/cmd_vel] adding connection to [http://ubuntu:42947/], count 0
[rospy.internal][INFO] 2022-04-06 19:09:40,475: topic[/rosout] adding connection to [/rosout], count 0
[rospy.core][INFO] 2022-04-06 19:13:57,791: signal_shutdown [signal-2]
[rospy.internal][INFO] 2022-04-06 19:13:57,808: topic[/rosout] removing connection to /rosout
[rospy.internal][INFO] 2022-04-06 19:13:57,809: topic[/cmd_vel] removing connection to http://ubuntu:42947/
[rospy.impl.masterslave][INFO] 2022-04-06 19:13:57,810: signal-2
[rospy.core][INFO] 2022-04-06 19:13:58,427: signal_shutdown [atexit]
[rospy.client][INFO] 2022-04-06 19:14:04,514: init_node, name[/joystick], pid[9732]
[xmlrpc][INFO] 2022-04-06 19:14:04,516: XML-RPC server binding to 0.0.0.0:0
[xmlrpc][INFO] 2022-04-06 19:14:04,518: Started XML-RPC server [http://ubuntu:45223/]
[rospy.init][INFO] 2022-04-06 19:14:04,519: ROS Slave URI: [http://ubuntu:45223/]
[rospy.impl.masterslave][INFO] 2022-04-06 19:14:04,520: _ready: http://ubuntu:45223/
[xmlrpc][INFO] 2022-04-06 19:14:04,523: xml rpc node: starting XML-RPC server
[rospy.registration][INFO] 2022-04-06 19:14:04,523: Registering with master node http://localhost:11311
[rospy.init][INFO] 2022-04-06 19:14:04,621: registered with master
[rospy.rosout][INFO] 2022-04-06 19:14:04,622: initializing /rosout core topic
[rospy.rosout][INFO] 2022-04-06 19:14:04,628: connected to core topic /rosout
[rospy.simtime][INFO] 2022-04-06 19:14:04,631: /use_sim_time is not set, will not subscribe to simulated time [/clock] topic
[rospy.internal][INFO] 2022-04-06 19:14:04,696: topic[/cmd_vel] adding connection to [http://ubuntu:42947/], count 0
[rospy.internal][INFO] 2022-04-06 19:14:04,924: topic[/rosout] adding connection to [/rosout], count 0
[rospy.core][INFO] 2022-04-06 19:28:24,546: signal_shutdown [signal-2]
[rospy.internal][INFO] 2022-04-06 19:28:24,604: topic[/rosout] removing connection to /rosout
[rospy.internal][INFO] 2022-04-06 19:28:24,614: topic[/cmd_vel] removing connection to http://ubuntu:42947/
[rospy.impl.masterslave][INFO] 2022-04-06 19:28:24,615: signal-2
[rospy.internal][WARNING] 2022-04-06 19:28:24,618: Unknown error initiating TCP/IP socket to ubuntu:43093 (http://ubuntu:42947/): Traceback (most recent call last):
  File "/opt/ros/melodic/lib/python2.7/dist-packages/rospy/impl/tcpros_base.py", line 563, in connect
    self.local_endpoint = self.socket.getsockname()
AttributeError: 'NoneType' object has no attribute 'getsockname'

[rospy.core][INFO] 2022-04-06 19:28:25,164: signal_shutdown [atexit]
[rospy.client][INFO] 2022-04-06 19:28:30,537: init_node, name[/joystick], pid[27020]
[xmlrpc][INFO] 2022-04-06 19:28:30,538: XML-RPC server binding to 0.0.0.0:0
[xmlrpc][INFO] 2022-04-06 19:28:30,539: Started XML-RPC server [http://ubuntu:33091/]
[rospy.init][INFO] 2022-04-06 19:28:30,540: ROS Slave URI: [http://ubuntu:33091/]
[rospy.impl.masterslave][INFO] 2022-04-06 19:28:30,540: _ready: http://ubuntu:33091/
[rospy.registration][INFO] 2022-04-06 19:28:30,543: Registering with master node http://localhost:11311
[xmlrpc][INFO] 2022-04-06 19:28:30,543: xml rpc node: starting XML-RPC server
[rospy.init][INFO] 2022-04-06 19:28:30,641: registered with master
[rospy.rosout][INFO] 2022-04-06 19:28:30,642: initializing /rosout core topic
[rospy.rosout][INFO] 2022-04-06 19:28:30,647: connected to core topic /rosout
[rospy.simtime][INFO] 2022-04-06 19:28:30,649: /use_sim_time is not set, will not subscribe to simulated time [/clock] topic
[rospy.internal][INFO] 2022-04-06 19:28:30,874: topic[/rosout] adding connection to [/rosout], count 0
[rospy.core][INFO] 2022-04-06 21:17:33,153: signal_shutdown [signal-2]
[rospy.internal][INFO] 2022-04-06 21:17:33,171: topic[/rosout] removing connection to /rosout
[rospy.impl.masterslave][INFO] 2022-04-06 21:17:33,171: signal-2
[rospy.core][INFO] 2022-04-06 21:17:33,274: signal_shutdown [atexit]
[rospy.client][INFO] 2022-04-06 21:17:39,557: init_node, name[/joystick], pid[4726]
[xmlrpc][INFO] 2022-04-06 21:17:39,558: XML-RPC server binding to 0.0.0.0:0
[rospy.init][INFO] 2022-04-06 21:17:39,563: ROS Slave URI: [http://ubuntu:46451/]
[xmlrpc][INFO] 2022-04-06 21:17:39,564: Started XML-RPC server [http://ubuntu:46451/]
[rospy.impl.masterslave][INFO] 2022-04-06 21:17:39,564: _ready: http://ubuntu:46451/
[xmlrpc][INFO] 2022-04-06 21:17:39,566: xml rpc node: starting XML-RPC server
[rospy.registration][INFO] 2022-04-06 21:17:39,567: Registering with master node http://localhost:11311
[rospy.init][INFO] 2022-04-06 21:17:39,664: registered with master
[rospy.rosout][INFO] 2022-04-06 21:17:39,665: initializing /rosout core topic
[rospy.rosout][INFO] 2022-04-06 21:17:39,671: connected to core topic /rosout
[rospy.simtime][INFO] 2022-04-06 21:17:39,674: /use_sim_time is not set, will not subscribe to simulated time [/clock] topic
[rospy.internal][INFO] 2022-04-06 21:17:39,907: topic[/rosout] adding connection to [/rosout], count 0
[rospy.core][INFO] 2022-04-06 21:24:23,184: signal_shutdown [signal-2]
[rospy.internal][INFO] 2022-04-06 21:24:23,211: topic[/rosout] removing connection to /rosout
[rospy.impl.masterslave][INFO] 2022-04-06 21:24:23,212: signal-2
[rospy.core][INFO] 2022-04-06 21:24:23,841: signal_shutdown [atexit]
[rospy.client][INFO] 2022-04-06 21:24:29,971: init_node, name[/joystick], pid[23337]
[xmlrpc][INFO] 2022-04-06 21:24:29,973: XML-RPC server binding to 0.0.0.0:0
[rospy.init][INFO] 2022-04-06 21:24:29,976: ROS Slave URI: [http://ubuntu:35547/]
[xmlrpc][INFO] 2022-04-06 21:24:29,977: Started XML-RPC server [http://ubuntu:35547/]
[rospy.impl.masterslave][INFO] 2022-04-06 21:24:29,978: _ready: http://ubuntu:35547/
[xmlrpc][INFO] 2022-04-06 21:24:29,979: xml rpc node: starting XML-RPC server
[rospy.registration][INFO] 2022-04-06 21:24:29,982: Registering with master node http://localhost:11311
[rospy.init][INFO] 2022-04-06 21:24:30,079: registered with master
[rospy.rosout][INFO] 2022-04-06 21:24:30,080: initializing /rosout core topic
[rospy.rosout][INFO] 2022-04-06 21:24:30,091: connected to core topic /rosout
[rospy.simtime][INFO] 2022-04-06 21:24:30,098: /use_sim_time is not set, will not subscribe to simulated time [/clock] topic
[rospy.internal][INFO] 2022-04-06 21:24:30,163: topic[/cmd_vel] adding connection to [http://ubuntu:42947/], count 0
[rospy.internal][INFO] 2022-04-06 21:24:30,316: topic[/rosout] adding connection to [/rosout], count 0
[rosout][ERROR] 2022-04-06 21:24:40,845: bad callback: <function joystick_callback at 0xffff8786ebd0>
Traceback (most recent call last):
  File "/opt/ros/melodic/lib/python2.7/dist-packages/rospy/topics.py", line 750, in _invoke_callback
    cb(msg)
  File "/home/ubuntu/catkin_ws/src/beginner_tutorials/scripts/joystick.py", line 36, in joystick_callback
    ticcmd('--exit-safe-start', '--halt-and-hold')
  File "/home/ubuntu/catkin_ws/src/beginner_tutorials/scripts/joystick.py", line 24, in ticcmd
    return subprocess.check_output(['ticcmd'] + list(args))
  File "/usr/lib/python2.7/subprocess.py", line 223, in check_output
    raise CalledProcessError(retcode, cmd, output=output)
CalledProcessError: Command '['ticcmd', '--exit-safe-start', '--halt-and-hold']' returned non-zero exit status 4

[rosout][ERROR] 2022-04-06 21:24:51,867: bad callback: <function joystick_callback at 0xffff8786ebd0>
Traceback (most recent call last):
  File "/opt/ros/melodic/lib/python2.7/dist-packages/rospy/topics.py", line 750, in _invoke_callback
    cb(msg)
  File "/home/ubuntu/catkin_ws/src/beginner_tutorials/scripts/joystick.py", line 36, in joystick_callback
    ticcmd('--exit-safe-start', '--halt-and-hold')
  File "/home/ubuntu/catkin_ws/src/beginner_tutorials/scripts/joystick.py", line 24, in ticcmd
    return subprocess.check_output(['ticcmd'] + list(args))
  File "/usr/lib/python2.7/subprocess.py", line 223, in check_output
    raise CalledProcessError(retcode, cmd, output=output)
CalledProcessError: Command '['ticcmd', '--exit-safe-start', '--halt-and-hold']' returned non-zero exit status 4

[rosout][ERROR] 2022-04-06 21:24:55,984: bad callback: <function joystick_callback at 0xffff8786ebd0>
Traceback (most recent call last):
  File "/opt/ros/melodic/lib/python2.7/dist-packages/rospy/topics.py", line 750, in _invoke_callback
    cb(msg)
  File "/home/ubuntu/catkin_ws/src/beginner_tutorials/scripts/joystick.py", line 36, in joystick_callback
    ticcmd('--exit-safe-start', '--halt-and-hold')
  File "/home/ubuntu/catkin_ws/src/beginner_tutorials/scripts/joystick.py", line 24, in ticcmd
    return subprocess.check_output(['ticcmd'] + list(args))
  File "/usr/lib/python2.7/subprocess.py", line 223, in check_output
    raise CalledProcessError(retcode, cmd, output=output)
CalledProcessError: Command '['ticcmd', '--exit-safe-start', '--halt-and-hold']' returned non-zero exit status 4

[rospy.core][INFO] 2022-04-06 21:25:07,571: signal_shutdown [signal-2]
[rospy.internal][INFO] 2022-04-06 21:25:07,581: topic[/rosout] removing connection to /rosout
[rospy.internal][INFO] 2022-04-06 21:25:07,582: topic[/cmd_vel] removing connection to http://ubuntu:42947/
[rospy.impl.masterslave][INFO] 2022-04-06 21:25:07,583: signal-2
[rospy.core][INFO] 2022-04-06 21:25:07,718: signal_shutdown [atexit]
[rospy.client][INFO] 2022-04-06 21:25:45,468: init_node, name[/joystick], pid[25058]
[xmlrpc][INFO] 2022-04-06 21:25:45,472: XML-RPC server binding to 0.0.0.0:0
[rospy.init][INFO] 2022-04-06 21:25:45,474: ROS Slave URI: [http://ubuntu:36141/]
[xmlrpc][INFO] 2022-04-06 21:25:45,475: Started XML-RPC server [http://ubuntu:36141/]
[rospy.impl.masterslave][INFO] 2022-04-06 21:25:45,475: _ready: http://ubuntu:36141/
[xmlrpc][INFO] 2022-04-06 21:25:45,478: xml rpc node: starting XML-RPC server
[rospy.registration][INFO] 2022-04-06 21:25:45,481: Registering with master node http://localhost:11311
[rospy.init][INFO] 2022-04-06 21:25:45,581: registered with master
[rospy.rosout][INFO] 2022-04-06 21:25:45,583: initializing /rosout core topic
[rospy.rosout][INFO] 2022-04-06 21:25:45,603: connected to core topic /rosout
[rospy.simtime][INFO] 2022-04-06 21:25:45,609: /use_sim_time is not set, will not subscribe to simulated time [/clock] topic
[rospy.internal][INFO] 2022-04-06 21:25:45,723: topic[/cmd_vel] adding connection to [http://ubuntu:42947/], count 0
[rospy.internal][INFO] 2022-04-06 21:25:45,891: topic[/rosout] adding connection to [/rosout], count 0
[rospy.core][INFO] 2022-04-06 21:28:49,792: signal_shutdown [signal-2]
[rospy.internal][INFO] 2022-04-06 21:28:49,804: topic[/rosout] removing connection to /rosout
[rospy.internal][INFO] 2022-04-06 21:28:49,804: topic[/cmd_vel] removing connection to http://ubuntu:42947/
[rospy.impl.masterslave][INFO] 2022-04-06 21:28:49,807: signal-2
[rospy.core][INFO] 2022-04-06 21:28:50,428: signal_shutdown [atexit]
[rospy.client][INFO] 2022-04-06 21:28:55,575: init_node, name[/joystick], pid[30638]
[xmlrpc][INFO] 2022-04-06 21:28:55,576: XML-RPC server binding to 0.0.0.0:0
[xmlrpc][INFO] 2022-04-06 21:28:55,578: Started XML-RPC server [http://ubuntu:33027/]
[rospy.init][INFO] 2022-04-06 21:28:55,578: ROS Slave URI: [http://ubuntu:33027/]
[rospy.impl.masterslave][INFO] 2022-04-06 21:28:55,579: _ready: http://ubuntu:33027/
[xmlrpc][INFO] 2022-04-06 21:28:55,582: xml rpc node: starting XML-RPC server
[rospy.registration][INFO] 2022-04-06 21:28:55,581: Registering with master node http://localhost:11311
[rospy.init][INFO] 2022-04-06 21:28:55,680: registered with master
[rospy.rosout][INFO] 2022-04-06 21:28:55,680: initializing /rosout core topic
[rospy.rosout][INFO] 2022-04-06 21:28:55,686: connected to core topic /rosout
[rospy.simtime][INFO] 2022-04-06 21:28:55,688: /use_sim_time is not set, will not subscribe to simulated time [/clock] topic
[rospy.internal][INFO] 2022-04-06 21:28:55,755: topic[/cmd_vel] adding connection to [http://ubuntu:42947/], count 0
[rospy.internal][INFO] 2022-04-06 21:28:55,807: topic[/rosout] adding connection to [/rosout], count 0
[rospy.core][INFO] 2022-04-06 21:29:29,724: signal_shutdown [signal-2]
[rospy.internal][INFO] 2022-04-06 21:29:29,734: topic[/rosout] removing connection to /rosout
[rospy.internal][INFO] 2022-04-06 21:29:29,735: topic[/cmd_vel] removing connection to http://ubuntu:42947/
[rospy.impl.masterslave][INFO] 2022-04-06 21:29:29,737: signal-2
[rospy.internal][WARNING] 2022-04-06 21:29:29,738: Unknown error initiating TCP/IP socket to ubuntu:43093 (http://ubuntu:42947/): Traceback (most recent call last):
  File "/opt/ros/melodic/lib/python2.7/dist-packages/rospy/impl/tcpros_base.py", line 563, in connect
    self.local_endpoint = self.socket.getsockname()
AttributeError: 'NoneType' object has no attribute 'getsockname'

[rospy.core][INFO] 2022-04-06 21:29:29,856: signal_shutdown [atexit]
[rospy.client][INFO] 2022-04-06 21:29:35,437: init_node, name[/joystick], pid[31802]
[xmlrpc][INFO] 2022-04-06 21:29:35,445: XML-RPC server binding to 0.0.0.0:0
[xmlrpc][INFO] 2022-04-06 21:29:35,447: Started XML-RPC server [http://ubuntu:40043/]
[rospy.impl.masterslave][INFO] 2022-04-06 21:29:35,447: _ready: http://ubuntu:40043/
[rospy.init][INFO] 2022-04-06 21:29:35,449: ROS Slave URI: [http://ubuntu:40043/]
[rospy.registration][INFO] 2022-04-06 21:29:35,451: Registering with master node http://localhost:11311
[xmlrpc][INFO] 2022-04-06 21:29:35,452: xml rpc node: starting XML-RPC server
[rospy.init][INFO] 2022-04-06 21:29:35,550: registered with master
[rospy.rosout][INFO] 2022-04-06 21:29:35,551: initializing /rosout core topic
[rospy.rosout][INFO] 2022-04-06 21:29:35,566: connected to core topic /rosout
[rospy.simtime][INFO] 2022-04-06 21:29:35,570: /use_sim_time is not set, will not subscribe to simulated time [/clock] topic
[rospy.internal][INFO] 2022-04-06 21:29:35,625: topic[/cmd_vel] adding connection to [http://ubuntu:42947/], count 0
[rospy.internal][INFO] 2022-04-06 21:29:35,823: topic[/rosout] adding connection to [/rosout], count 0
[rospy.core][INFO] 2022-04-06 21:30:03,374: signal_shutdown [signal-2]
[rospy.internal][INFO] 2022-04-06 21:30:03,404: topic[/rosout] removing connection to /rosout
[rospy.internal][INFO] 2022-04-06 21:30:03,411: topic[/cmd_vel] removing connection to http://ubuntu:42947/
[rospy.internal][WARNING] 2022-04-06 21:30:03,418: Unknown error initiating TCP/IP socket to ubuntu:43093 (http://ubuntu:42947/): Traceback (most recent call last):
  File "/opt/ros/melodic/lib/python2.7/dist-packages/rospy/impl/tcpros_base.py", line 563, in connect
    self.local_endpoint = self.socket.getsockname()
AttributeError: 'NoneType' object has no attribute 'getsockname'

[rospy.impl.masterslave][INFO] 2022-04-06 21:30:03,421: signal-2
[rospy.core][INFO] 2022-04-06 21:30:04,051: signal_shutdown [atexit]
[rospy.client][INFO] 2022-04-06 21:30:09,373: init_node, name[/joystick], pid[32686]
[xmlrpc][INFO] 2022-04-06 21:30:09,376: XML-RPC server binding to 0.0.0.0:0
[rospy.init][INFO] 2022-04-06 21:30:09,378: ROS Slave URI: [http://ubuntu:40869/]
[xmlrpc][INFO] 2022-04-06 21:30:09,380: Started XML-RPC server [http://ubuntu:40869/]
[rospy.impl.masterslave][INFO] 2022-04-06 21:30:09,381: _ready: http://ubuntu:40869/
[xmlrpc][INFO] 2022-04-06 21:30:09,383: xml rpc node: starting XML-RPC server
[rospy.registration][INFO] 2022-04-06 21:30:09,384: Registering with master node http://localhost:11311
[rospy.init][INFO] 2022-04-06 21:30:09,483: registered with master
[rospy.rosout][INFO] 2022-04-06 21:30:09,483: initializing /rosout core topic
[rospy.rosout][INFO] 2022-04-06 21:30:09,493: connected to core topic /rosout
[rospy.simtime][INFO] 2022-04-06 21:30:09,499: /use_sim_time is not set, will not subscribe to simulated time [/clock] topic
[rospy.internal][INFO] 2022-04-06 21:30:09,558: topic[/cmd_vel] adding connection to [http://ubuntu:42947/], count 0
[rospy.internal][INFO] 2022-04-06 21:30:09,782: topic[/rosout] adding connection to [/rosout], count 0
[rosout][ERROR] 2022-04-06 21:33:32,441: bad callback: <function joystick_callback at 0xffff852a2bd0>
Traceback (most recent call last):
  File "/opt/ros/melodic/lib/python2.7/dist-packages/rospy/topics.py", line 750, in _invoke_callback
    cb(msg)
  File "/home/ubuntu/catkin_ws/src/beginner_tutorials/scripts/joystick.py", line 32, in joystick_callback
    move_motor(y_axis, '5000')
  File "/home/ubuntu/catkin_ws/src/beginner_tutorials/scripts/joystick.py", line 28, in move_motor
    revolutions)
  File "/home/ubuntu/catkin_ws/src/beginner_tutorials/scripts/joystick.py", line 24, in ticcmd
    return subprocess.check_output(['ticcmd'] + list(args))
  File "/usr/lib/python2.7/subprocess.py", line 223, in check_output
    raise CalledProcessError(retcode, cmd, output=output)
CalledProcessError: Command '['ticcmd', '--exit-safe-start', '--step-mode', '1', '-d', '00339700', '--current', '300', '--position', '5000']' returned non-zero exit status 2

[rosout][ERROR] 2022-04-06 21:33:32,546: bad callback: <function joystick_callback at 0xffff852a2bd0>
Traceback (most recent call last):
  File "/opt/ros/melodic/lib/python2.7/dist-packages/rospy/topics.py", line 750, in _invoke_callback
    cb(msg)
  File "/home/ubuntu/catkin_ws/src/beginner_tutorials/scripts/joystick.py", line 32, in joystick_callback
    move_motor(y_axis, '5000')
  File "/home/ubuntu/catkin_ws/src/beginner_tutorials/scripts/joystick.py", line 28, in move_motor
    revolutions)
  File "/home/ubuntu/catkin_ws/src/beginner_tutorials/scripts/joystick.py", line 24, in ticcmd
    return subprocess.check_output(['ticcmd'] + list(args))
  File "/usr/lib/python2.7/subprocess.py", line 223, in check_output
    raise CalledProcessError(retcode, cmd, output=output)
CalledProcessError: Command '['ticcmd', '--exit-safe-start', '--step-mode', '1', '-d', '00339700', '--current', '300', '--position', '5000']' returned non-zero exit status 2

[rosout][ERROR] 2022-04-06 21:33:32,647: bad callback: <function joystick_callback at 0xffff852a2bd0>
Traceback (most recent call last):
  File "/opt/ros/melodic/lib/python2.7/dist-packages/rospy/topics.py", line 750, in _invoke_callback
    cb(msg)
  File "/home/ubuntu/catkin_ws/src/beginner_tutorials/scripts/joystick.py", line 32, in joystick_callback
    move_motor(y_axis, '5000')
  File "/home/ubuntu/catkin_ws/src/beginner_tutorials/scripts/joystick.py", line 28, in move_motor
    revolutions)
  File "/home/ubuntu/catkin_ws/src/beginner_tutorials/scripts/joystick.py", line 24, in ticcmd
    return subprocess.check_output(['ticcmd'] + list(args))
  File "/usr/lib/python2.7/subprocess.py", line 223, in check_output
    raise CalledProcessError(retcode, cmd, output=output)
CalledProcessError: Command '['ticcmd', '--exit-safe-start', '--step-mode', '1', '-d', '00339700', '--current', '300', '--position', '5000']' returned non-zero exit status 2

[rosout][ERROR] 2022-04-06 21:33:34,916: bad callback: <function joystick_callback at 0xffff852a2bd0>
Traceback (most recent call last):
  File "/opt/ros/melodic/lib/python2.7/dist-packages/rospy/topics.py", line 750, in _invoke_callback
    cb(msg)
  File "/home/ubuntu/catkin_ws/src/beginner_tutorials/scripts/joystick.py", line 32, in joystick_callback
    move_motor(y_axis, '5000')
  File "/home/ubuntu/catkin_ws/src/beginner_tutorials/scripts/joystick.py", line 28, in move_motor
    revolutions)
  File "/home/ubuntu/catkin_ws/src/beginner_tutorials/scripts/joystick.py", line 24, in ticcmd
    return subprocess.check_output(['ticcmd'] + list(args))
  File "/usr/lib/python2.7/subprocess.py", line 223, in check_output
    raise CalledProcessError(retcode, cmd, output=output)
CalledProcessError: Command '['ticcmd', '--exit-safe-start', '--step-mode', '1', '-d', '00339700', '--current', '300', '--position', '5000']' returned non-zero exit status 2

[rosout][ERROR] 2022-04-06 21:33:35,041: bad callback: <function joystick_callback at 0xffff852a2bd0>
Traceback (most recent call last):
  File "/opt/ros/melodic/lib/python2.7/dist-packages/rospy/topics.py", line 750, in _invoke_callback
    cb(msg)
  File "/home/ubuntu/catkin_ws/src/beginner_tutorials/scripts/joystick.py", line 32, in joystick_callback
    move_motor(y_axis, '5000')
  File "/home/ubuntu/catkin_ws/src/beginner_tutorials/scripts/joystick.py", line 28, in move_motor
    revolutions)
  File "/home/ubuntu/catkin_ws/src/beginner_tutorials/scripts/joystick.py", line 24, in ticcmd
    return subprocess.check_output(['ticcmd'] + list(args))
  File "/usr/lib/python2.7/subprocess.py", line 223, in check_output
    raise CalledProcessError(retcode, cmd, output=output)
CalledProcessError: Command '['ticcmd', '--exit-safe-start', '--step-mode', '1', '-d', '00339700', '--current', '300', '--position', '5000']' returned non-zero exit status 2

[rosout][ERROR] 2022-04-06 21:33:35,335: bad callback: <function joystick_callback at 0xffff852a2bd0>
Traceback (most recent call last):
  File "/opt/ros/melodic/lib/python2.7/dist-packages/rospy/topics.py", line 750, in _invoke_callback
    cb(msg)
  File "/home/ubuntu/catkin_ws/src/beginner_tutorials/scripts/joystick.py", line 32, in joystick_callback
    move_motor(y_axis, '5000')
  File "/home/ubuntu/catkin_ws/src/beginner_tutorials/scripts/joystick.py", line 28, in move_motor
    revolutions)
  File "/home/ubuntu/catkin_ws/src/beginner_tutorials/scripts/joystick.py", line 24, in ticcmd
    return subprocess.check_output(['ticcmd'] + list(args))
  File "/usr/lib/python2.7/subprocess.py", line 223, in check_output
    raise CalledProcessError(retcode, cmd, output=output)
CalledProcessError: Command '['ticcmd', '--exit-safe-start', '--step-mode', '1', '-d', '00339700', '--current', '300', '--position', '5000']' returned non-zero exit status 2

[rosout][ERROR] 2022-04-06 21:33:35,437: bad callback: <function joystick_callback at 0xffff852a2bd0>
Traceback (most recent call last):
  File "/opt/ros/melodic/lib/python2.7/dist-packages/rospy/topics.py", line 750, in _invoke_callback
    cb(msg)
  File "/home/ubuntu/catkin_ws/src/beginner_tutorials/scripts/joystick.py", line 32, in joystick_callback
    move_motor(y_axis, '5000')
  File "/home/ubuntu/catkin_ws/src/beginner_tutorials/scripts/joystick.py", line 28, in move_motor
    revolutions)
  File "/home/ubuntu/catkin_ws/src/beginner_tutorials/scripts/joystick.py", line 24, in ticcmd
    return subprocess.check_output(['ticcmd'] + list(args))
  File "/usr/lib/python2.7/subprocess.py", line 223, in check_output
    raise CalledProcessError(retcode, cmd, output=output)
CalledProcessError: Command '['ticcmd', '--exit-safe-start', '--step-mode', '1', '-d', '00339700', '--current', '300', '--position', '5000']' returned non-zero exit status 2

[rosout][ERROR] 2022-04-06 21:33:35,538: bad callback: <function joystick_callback at 0xffff852a2bd0>
Traceback (most recent call last):
  File "/opt/ros/melodic/lib/python2.7/dist-packages/rospy/topics.py", line 750, in _invoke_callback
    cb(msg)
  File "/home/ubuntu/catkin_ws/src/beginner_tutorials/scripts/joystick.py", line 32, in joystick_callback
    move_motor(y_axis, '5000')
  File "/home/ubuntu/catkin_ws/src/beginner_tutorials/scripts/joystick.py", line 28, in move_motor
    revolutions)
  File "/home/ubuntu/catkin_ws/src/beginner_tutorials/scripts/joystick.py", line 24, in ticcmd
    return subprocess.check_output(['ticcmd'] + list(args))
  File "/usr/lib/python2.7/subprocess.py", line 223, in check_output
    raise CalledProcessError(retcode, cmd, output=output)
CalledProcessError: Command '['ticcmd', '--exit-safe-start', '--step-mode', '1', '-d', '00339700', '--current', '300', '--position', '5000']' returned non-zero exit status 2

[rosout][ERROR] 2022-04-06 21:33:35,639: bad callback: <function joystick_callback at 0xffff852a2bd0>
Traceback (most recent call last):
  File "/opt/ros/melodic/lib/python2.7/dist-packages/rospy/topics.py", line 750, in _invoke_callback
    cb(msg)
  File "/home/ubuntu/catkin_ws/src/beginner_tutorials/scripts/joystick.py", line 32, in joystick_callback
    move_motor(y_axis, '5000')
  File "/home/ubuntu/catkin_ws/src/beginner_tutorials/scripts/joystick.py", line 28, in move_motor
    revolutions)
  File "/home/ubuntu/catkin_ws/src/beginner_tutorials/scripts/joystick.py", line 24, in ticcmd
    return subprocess.check_output(['ticcmd'] + list(args))
  File "/usr/lib/python2.7/subprocess.py", line 223, in check_output
    raise CalledProcessError(retcode, cmd, output=output)
CalledProcessError: Command '['ticcmd', '--exit-safe-start', '--step-mode', '1', '-d', '00339700', '--current', '300', '--position', '5000']' returned non-zero exit status 2

[rosout][ERROR] 2022-04-06 21:33:35,739: bad callback: <function joystick_callback at 0xffff852a2bd0>
Traceback (most recent call last):
  File "/opt/ros/melodic/lib/python2.7/dist-packages/rospy/topics.py", line 750, in _invoke_callback
    cb(msg)
  File "/home/ubuntu/catkin_ws/src/beginner_tutorials/scripts/joystick.py", line 32, in joystick_callback
    move_motor(y_axis, '5000')
  File "/home/ubuntu/catkin_ws/src/beginner_tutorials/scripts/joystick.py", line 28, in move_motor
    revolutions)
  File "/home/ubuntu/catkin_ws/src/beginner_tutorials/scripts/joystick.py", line 24, in ticcmd
    return subprocess.check_output(['ticcmd'] + list(args))
  File "/usr/lib/python2.7/subprocess.py", line 223, in check_output
    raise CalledProcessError(retcode, cmd, output=output)
CalledProcessError: Command '['ticcmd', '--exit-safe-start', '--step-mode', '1', '-d', '00339700', '--current', '300', '--position', '5000']' returned non-zero exit status 2

[rosout][ERROR] 2022-04-06 21:33:35,840: bad callback: <function joystick_callback at 0xffff852a2bd0>
Traceback (most recent call last):
  File "/opt/ros/melodic/lib/python2.7/dist-packages/rospy/topics.py", line 750, in _invoke_callback
    cb(msg)
  File "/home/ubuntu/catkin_ws/src/beginner_tutorials/scripts/joystick.py", line 32, in joystick_callback
    move_motor(y_axis, '5000')
  File "/home/ubuntu/catkin_ws/src/beginner_tutorials/scripts/joystick.py", line 28, in move_motor
    revolutions)
  File "/home/ubuntu/catkin_ws/src/beginner_tutorials/scripts/joystick.py", line 24, in ticcmd
    return subprocess.check_output(['ticcmd'] + list(args))
  File "/usr/lib/python2.7/subprocess.py", line 223, in check_output
    raise CalledProcessError(retcode, cmd, output=output)
CalledProcessError: Command '['ticcmd', '--exit-safe-start', '--step-mode', '1', '-d', '00339700', '--current', '300', '--position', '5000']' returned non-zero exit status 2

[rosout][ERROR] 2022-04-06 21:33:37,541: bad callback: <function joystick_callback at 0xffff852a2bd0>
Traceback (most recent call last):
  File "/opt/ros/melodic/lib/python2.7/dist-packages/rospy/topics.py", line 750, in _invoke_callback
    cb(msg)
  File "/home/ubuntu/catkin_ws/src/beginner_tutorials/scripts/joystick.py", line 32, in joystick_callback
    move_motor(y_axis, '5000')
  File "/home/ubuntu/catkin_ws/src/beginner_tutorials/scripts/joystick.py", line 28, in move_motor
    revolutions)
  File "/home/ubuntu/catkin_ws/src/beginner_tutorials/scripts/joystick.py", line 24, in ticcmd
    return subprocess.check_output(['ticcmd'] + list(args))
  File "/usr/lib/python2.7/subprocess.py", line 223, in check_output
    raise CalledProcessError(retcode, cmd, output=output)
CalledProcessError: Command '['ticcmd', '--exit-safe-start', '--step-mode', '1', '-d', '00339700', '--current', '300', '--position', '5000']' returned non-zero exit status 2

[rosout][ERROR] 2022-04-06 21:33:37,645: bad callback: <function joystick_callback at 0xffff852a2bd0>
Traceback (most recent call last):
  File "/opt/ros/melodic/lib/python2.7/dist-packages/rospy/topics.py", line 750, in _invoke_callback
    cb(msg)
  File "/home/ubuntu/catkin_ws/src/beginner_tutorials/scripts/joystick.py", line 32, in joystick_callback
    move_motor(y_axis, '5000')
  File "/home/ubuntu/catkin_ws/src/beginner_tutorials/scripts/joystick.py", line 28, in move_motor
    revolutions)
  File "/home/ubuntu/catkin_ws/src/beginner_tutorials/scripts/joystick.py", line 24, in ticcmd
    return subprocess.check_output(['ticcmd'] + list(args))
  File "/usr/lib/python2.7/subprocess.py", line 223, in check_output
    raise CalledProcessError(retcode, cmd, output=output)
CalledProcessError: Command '['ticcmd', '--exit-safe-start', '--step-mode', '1', '-d', '00339700', '--current', '300', '--position', '5000']' returned non-zero exit status 2

[rosout][ERROR] 2022-04-06 21:33:37,753: bad callback: <function joystick_callback at 0xffff852a2bd0>
Traceback (most recent call last):
  File "/opt/ros/melodic/lib/python2.7/dist-packages/rospy/topics.py", line 750, in _invoke_callback
    cb(msg)
  File "/home/ubuntu/catkin_ws/src/beginner_tutorials/scripts/joystick.py", line 32, in joystick_callback
    move_motor(y_axis, '5000')
  File "/home/ubuntu/catkin_ws/src/beginner_tutorials/scripts/joystick.py", line 28, in move_motor
    revolutions)
  File "/home/ubuntu/catkin_ws/src/beginner_tutorials/scripts/joystick.py", line 24, in ticcmd
    return subprocess.check_output(['ticcmd'] + list(args))
  File "/usr/lib/python2.7/subprocess.py", line 223, in check_output
    raise CalledProcessError(retcode, cmd, output=output)
CalledProcessError: Command '['ticcmd', '--exit-safe-start', '--step-mode', '1', '-d', '00339700', '--current', '300', '--position', '5000']' returned non-zero exit status 2

[rosout][ERROR] 2022-04-06 21:33:38,484: bad callback: <function joystick_callback at 0xffff852a2bd0>
Traceback (most recent call last):
  File "/opt/ros/melodic/lib/python2.7/dist-packages/rospy/topics.py", line 750, in _invoke_callback
    cb(msg)
  File "/home/ubuntu/catkin_ws/src/beginner_tutorials/scripts/joystick.py", line 34, in joystick_callback
    move_motor(y_axis, '-1000')
  File "/home/ubuntu/catkin_ws/src/beginner_tutorials/scripts/joystick.py", line 28, in move_motor
    revolutions)
  File "/home/ubuntu/catkin_ws/src/beginner_tutorials/scripts/joystick.py", line 24, in ticcmd
    return subprocess.check_output(['ticcmd'] + list(args))
  File "/usr/lib/python2.7/subprocess.py", line 223, in check_output
    raise CalledProcessError(retcode, cmd, output=output)
CalledProcessError: Command '['ticcmd', '--exit-safe-start', '--step-mode', '1', '-d', '00339700', '--current', '300', '--position', '-1000']' returned non-zero exit status 2

[rosout][ERROR] 2022-04-06 21:33:38,601: bad callback: <function joystick_callback at 0xffff852a2bd0>
Traceback (most recent call last):
  File "/opt/ros/melodic/lib/python2.7/dist-packages/rospy/topics.py", line 750, in _invoke_callback
    cb(msg)
  File "/home/ubuntu/catkin_ws/src/beginner_tutorials/scripts/joystick.py", line 34, in joystick_callback
    move_motor(y_axis, '-1000')
  File "/home/ubuntu/catkin_ws/src/beginner_tutorials/scripts/joystick.py", line 28, in move_motor
    revolutions)
  File "/home/ubuntu/catkin_ws/src/beginner_tutorials/scripts/joystick.py", line 24, in ticcmd
    return subprocess.check_output(['ticcmd'] + list(args))
  File "/usr/lib/python2.7/subprocess.py", line 223, in check_output
    raise CalledProcessError(retcode, cmd, output=output)
CalledProcessError: Command '['ticcmd', '--exit-safe-start', '--step-mode', '1', '-d', '00339700', '--current', '300', '--position', '-1000']' returned non-zero exit status 2

[rosout][ERROR] 2022-04-06 21:33:38,757: bad callback: <function joystick_callback at 0xffff852a2bd0>
Traceback (most recent call last):
  File "/opt/ros/melodic/lib/python2.7/dist-packages/rospy/topics.py", line 750, in _invoke_callback
    cb(msg)
  File "/home/ubuntu/catkin_ws/src/beginner_tutorials/scripts/joystick.py", line 34, in joystick_callback
    move_motor(y_axis, '-1000')
  File "/home/ubuntu/catkin_ws/src/beginner_tutorials/scripts/joystick.py", line 28, in move_motor
    revolutions)
  File "/home/ubuntu/catkin_ws/src/beginner_tutorials/scripts/joystick.py", line 24, in ticcmd
    return subprocess.check_output(['ticcmd'] + list(args))
  File "/usr/lib/python2.7/subprocess.py", line 223, in check_output
    raise CalledProcessError(retcode, cmd, output=output)
CalledProcessError: Command '['ticcmd', '--exit-safe-start', '--step-mode', '1', '-d', '00339700', '--current', '300', '--position', '-1000']' returned non-zero exit status 2

[rosout][ERROR] 2022-04-06 21:33:38,909: bad callback: <function joystick_callback at 0xffff852a2bd0>
Traceback (most recent call last):
  File "/opt/ros/melodic/lib/python2.7/dist-packages/rospy/topics.py", line 750, in _invoke_callback
    cb(msg)
  File "/home/ubuntu/catkin_ws/src/beginner_tutorials/scripts/joystick.py", line 34, in joystick_callback
    move_motor(y_axis, '-1000')
  File "/home/ubuntu/catkin_ws/src/beginner_tutorials/scripts/joystick.py", line 28, in move_motor
    revolutions)
  File "/home/ubuntu/catkin_ws/src/beginner_tutorials/scripts/joystick.py", line 24, in ticcmd
    return subprocess.check_output(['ticcmd'] + list(args))
  File "/usr/lib/python2.7/subprocess.py", line 223, in check_output
    raise CalledProcessError(retcode, cmd, output=output)
CalledProcessError: Command '['ticcmd', '--exit-safe-start', '--step-mode', '1', '-d', '00339700', '--current', '300', '--position', '-1000']' returned non-zero exit status 2

[rosout][ERROR] 2022-04-06 21:33:41,737: bad callback: <function joystick_callback at 0xffff852a2bd0>
Traceback (most recent call last):
  File "/opt/ros/melodic/lib/python2.7/dist-packages/rospy/topics.py", line 750, in _invoke_callback
    cb(msg)
  File "/home/ubuntu/catkin_ws/src/beginner_tutorials/scripts/joystick.py", line 34, in joystick_callback
    move_motor(y_axis, '-1000')
  File "/home/ubuntu/catkin_ws/src/beginner_tutorials/scripts/joystick.py", line 28, in move_motor
    revolutions)
  File "/home/ubuntu/catkin_ws/src/beginner_tutorials/scripts/joystick.py", line 24, in ticcmd
    return subprocess.check_output(['ticcmd'] + list(args))
  File "/usr/lib/python2.7/subprocess.py", line 223, in check_output
    raise CalledProcessError(retcode, cmd, output=output)
CalledProcessError: Command '['ticcmd', '--exit-safe-start', '--step-mode', '1', '-d', '00339700', '--current', '300', '--position', '-1000']' returned non-zero exit status 2

[rospy.core][INFO] 2022-04-06 21:34:23,515: signal_shutdown [signal-2]
[rospy.internal][INFO] 2022-04-06 21:34:23,524: topic[/rosout] removing connection to /rosout
[rospy.internal][INFO] 2022-04-06 21:34:23,527: topic[/cmd_vel] removing connection to http://ubuntu:42947/
[rospy.internal][WARNING] 2022-04-06 21:34:23,534: Unknown error initiating TCP/IP socket to ubuntu:43093 (http://ubuntu:42947/): Traceback (most recent call last):
  File "/opt/ros/melodic/lib/python2.7/dist-packages/rospy/impl/tcpros_base.py", line 563, in connect
    self.local_endpoint = self.socket.getsockname()
AttributeError: 'NoneType' object has no attribute 'getsockname'

[rospy.impl.masterslave][INFO] 2022-04-06 21:34:23,540: signal-2
[rospy.core][INFO] 2022-04-06 21:34:23,649: signal_shutdown [atexit]
[rospy.client][INFO] 2022-04-06 21:34:29,999: init_node, name[/joystick], pid[7746]
[xmlrpc][INFO] 2022-04-06 21:34:30,020: XML-RPC server binding to 0.0.0.0:0
[xmlrpc][INFO] 2022-04-06 21:34:30,022: Started XML-RPC server [http://ubuntu:44973/]
[rospy.init][INFO] 2022-04-06 21:34:30,023: ROS Slave URI: [http://ubuntu:44973/]
[rospy.impl.masterslave][INFO] 2022-04-06 21:34:30,024: _ready: http://ubuntu:44973/
[xmlrpc][INFO] 2022-04-06 21:34:30,036: xml rpc node: starting XML-RPC server
[rospy.registration][INFO] 2022-04-06 21:34:30,038: Registering with master node http://localhost:11311
[rospy.init][INFO] 2022-04-06 21:34:30,125: registered with master
[rospy.rosout][INFO] 2022-04-06 21:34:30,126: initializing /rosout core topic
[rospy.rosout][INFO] 2022-04-06 21:34:30,155: connected to core topic /rosout
[rospy.simtime][INFO] 2022-04-06 21:34:30,165: /use_sim_time is not set, will not subscribe to simulated time [/clock] topic
[rospy.internal][INFO] 2022-04-06 21:34:30,276: topic[/cmd_vel] adding connection to [http://ubuntu:42947/], count 0
[rospy.internal][INFO] 2022-04-06 21:34:30,353: topic[/rosout] adding connection to [/rosout], count 0
[rosout][ERROR] 2022-04-06 21:34:33,807: bad callback: <function joystick_callback at 0xffffb8c31bd0>
Traceback (most recent call last):
  File "/opt/ros/melodic/lib/python2.7/dist-packages/rospy/topics.py", line 750, in _invoke_callback
    cb(msg)
  File "/home/ubuntu/catkin_ws/src/beginner_tutorials/scripts/joystick.py", line 32, in joystick_callback
    move_motor(y_axis, '5000')
  File "/home/ubuntu/catkin_ws/src/beginner_tutorials/scripts/joystick.py", line 28, in move_motor
    revolutions)
  File "/home/ubuntu/catkin_ws/src/beginner_tutorials/scripts/joystick.py", line 24, in ticcmd
    return subprocess.check_output(['ticcmd'] + list(args))
  File "/usr/lib/python2.7/subprocess.py", line 223, in check_output
    raise CalledProcessError(retcode, cmd, output=output)
CalledProcessError: Command '['ticcmd', '--exit-safe-start', '--step-mode', '1', '-d', '00339700', '--current', '300', '--position', '5000']' returned non-zero exit status 2

[rosout][ERROR] 2022-04-06 21:34:33,912: bad callback: <function joystick_callback at 0xffffb8c31bd0>
Traceback (most recent call last):
  File "/opt/ros/melodic/lib/python2.7/dist-packages/rospy/topics.py", line 750, in _invoke_callback
    cb(msg)
  File "/home/ubuntu/catkin_ws/src/beginner_tutorials/scripts/joystick.py", line 32, in joystick_callback
    move_motor(y_axis, '5000')
  File "/home/ubuntu/catkin_ws/src/beginner_tutorials/scripts/joystick.py", line 28, in move_motor
    revolutions)
  File "/home/ubuntu/catkin_ws/src/beginner_tutorials/scripts/joystick.py", line 24, in ticcmd
    return subprocess.check_output(['ticcmd'] + list(args))
  File "/usr/lib/python2.7/subprocess.py", line 223, in check_output
    raise CalledProcessError(retcode, cmd, output=output)
CalledProcessError: Command '['ticcmd', '--exit-safe-start', '--step-mode', '1', '-d', '00339700', '--current', '300', '--position', '5000']' returned non-zero exit status 2

[rosout][ERROR] 2022-04-06 21:34:34,016: bad callback: <function joystick_callback at 0xffffb8c31bd0>
Traceback (most recent call last):
  File "/opt/ros/melodic/lib/python2.7/dist-packages/rospy/topics.py", line 750, in _invoke_callback
    cb(msg)
  File "/home/ubuntu/catkin_ws/src/beginner_tutorials/scripts/joystick.py", line 32, in joystick_callback
    move_motor(y_axis, '5000')
  File "/home/ubuntu/catkin_ws/src/beginner_tutorials/scripts/joystick.py", line 28, in move_motor
    revolutions)
  File "/home/ubuntu/catkin_ws/src/beginner_tutorials/scripts/joystick.py", line 24, in ticcmd
    return subprocess.check_output(['ticcmd'] + list(args))
  File "/usr/lib/python2.7/subprocess.py", line 223, in check_output
    raise CalledProcessError(retcode, cmd, output=output)
CalledProcessError: Command '['ticcmd', '--exit-safe-start', '--step-mode', '1', '-d', '00339700', '--current', '300', '--position', '5000']' returned non-zero exit status 2

[rosout][ERROR] 2022-04-06 21:34:34,127: bad callback: <function joystick_callback at 0xffffb8c31bd0>
Traceback (most recent call last):
  File "/opt/ros/melodic/lib/python2.7/dist-packages/rospy/topics.py", line 750, in _invoke_callback
    cb(msg)
  File "/home/ubuntu/catkin_ws/src/beginner_tutorials/scripts/joystick.py", line 32, in joystick_callback
    move_motor(y_axis, '5000')
  File "/home/ubuntu/catkin_ws/src/beginner_tutorials/scripts/joystick.py", line 28, in move_motor
    revolutions)
  File "/home/ubuntu/catkin_ws/src/beginner_tutorials/scripts/joystick.py", line 24, in ticcmd
    return subprocess.check_output(['ticcmd'] + list(args))
  File "/usr/lib/python2.7/subprocess.py", line 223, in check_output
    raise CalledProcessError(retcode, cmd, output=output)
CalledProcessError: Command '['ticcmd', '--exit-safe-start', '--step-mode', '1', '-d', '00339700', '--current', '300', '--position', '5000']' returned non-zero exit status 2

[rosout][ERROR] 2022-04-06 21:34:34,272: bad callback: <function joystick_callback at 0xffffb8c31bd0>
Traceback (most recent call last):
  File "/opt/ros/melodic/lib/python2.7/dist-packages/rospy/topics.py", line 750, in _invoke_callback
    cb(msg)
  File "/home/ubuntu/catkin_ws/src/beginner_tutorials/scripts/joystick.py", line 32, in joystick_callback
    move_motor(y_axis, '5000')
  File "/home/ubuntu/catkin_ws/src/beginner_tutorials/scripts/joystick.py", line 28, in move_motor
    revolutions)
  File "/home/ubuntu/catkin_ws/src/beginner_tutorials/scripts/joystick.py", line 24, in ticcmd
    return subprocess.check_output(['ticcmd'] + list(args))
  File "/usr/lib/python2.7/subprocess.py", line 223, in check_output
    raise CalledProcessError(retcode, cmd, output=output)
CalledProcessError: Command '['ticcmd', '--exit-safe-start', '--step-mode', '1', '-d', '00339700', '--current', '300', '--position', '5000']' returned non-zero exit status 2

[rosout][ERROR] 2022-04-06 21:34:36,664: bad callback: <function joystick_callback at 0xffffb8c31bd0>
Traceback (most recent call last):
  File "/opt/ros/melodic/lib/python2.7/dist-packages/rospy/topics.py", line 750, in _invoke_callback
    cb(msg)
  File "/home/ubuntu/catkin_ws/src/beginner_tutorials/scripts/joystick.py", line 34, in joystick_callback
    move_motor(y_axis, '-1000')
  File "/home/ubuntu/catkin_ws/src/beginner_tutorials/scripts/joystick.py", line 28, in move_motor
    revolutions)
  File "/home/ubuntu/catkin_ws/src/beginner_tutorials/scripts/joystick.py", line 24, in ticcmd
    return subprocess.check_output(['ticcmd'] + list(args))
  File "/usr/lib/python2.7/subprocess.py", line 223, in check_output
    raise CalledProcessError(retcode, cmd, output=output)
CalledProcessError: Command '['ticcmd', '--exit-safe-start', '--step-mode', '1', '-d', '00339700', '--current', '300', '--position', '-1000']' returned non-zero exit status 2

[rosout][ERROR] 2022-04-06 21:34:38,121: bad callback: <function joystick_callback at 0xffffb8c31bd0>
Traceback (most recent call last):
  File "/opt/ros/melodic/lib/python2.7/dist-packages/rospy/topics.py", line 750, in _invoke_callback
    cb(msg)
  File "/home/ubuntu/catkin_ws/src/beginner_tutorials/scripts/joystick.py", line 34, in joystick_callback
    move_motor(y_axis, '-1000')
  File "/home/ubuntu/catkin_ws/src/beginner_tutorials/scripts/joystick.py", line 28, in move_motor
    revolutions)
  File "/home/ubuntu/catkin_ws/src/beginner_tutorials/scripts/joystick.py", line 24, in ticcmd
    return subprocess.check_output(['ticcmd'] + list(args))
  File "/usr/lib/python2.7/subprocess.py", line 223, in check_output
    raise CalledProcessError(retcode, cmd, output=output)
CalledProcessError: Command '['ticcmd', '--exit-safe-start', '--step-mode', '1', '-d', '00339700', '--current', '300', '--position', '-1000']' returned non-zero exit status 2

[rosout][ERROR] 2022-04-06 21:34:38,222: bad callback: <function joystick_callback at 0xffffb8c31bd0>
Traceback (most recent call last):
  File "/opt/ros/melodic/lib/python2.7/dist-packages/rospy/topics.py", line 750, in _invoke_callback
    cb(msg)
  File "/home/ubuntu/catkin_ws/src/beginner_tutorials/scripts/joystick.py", line 34, in joystick_callback
    move_motor(y_axis, '-1000')
  File "/home/ubuntu/catkin_ws/src/beginner_tutorials/scripts/joystick.py", line 28, in move_motor
    revolutions)
  File "/home/ubuntu/catkin_ws/src/beginner_tutorials/scripts/joystick.py", line 24, in ticcmd
    return subprocess.check_output(['ticcmd'] + list(args))
  File "/usr/lib/python2.7/subprocess.py", line 223, in check_output
    raise CalledProcessError(retcode, cmd, output=output)
CalledProcessError: Command '['ticcmd', '--exit-safe-start', '--step-mode', '1', '-d', '00339700', '--current', '300', '--position', '-1000']' returned non-zero exit status 2

[rosout][ERROR] 2022-04-06 21:34:38,337: bad callback: <function joystick_callback at 0xffffb8c31bd0>
Traceback (most recent call last):
  File "/opt/ros/melodic/lib/python2.7/dist-packages/rospy/topics.py", line 750, in _invoke_callback
    cb(msg)
  File "/home/ubuntu/catkin_ws/src/beginner_tutorials/scripts/joystick.py", line 34, in joystick_callback
    move_motor(y_axis, '-1000')
  File "/home/ubuntu/catkin_ws/src/beginner_tutorials/scripts/joystick.py", line 28, in move_motor
    revolutions)
  File "/home/ubuntu/catkin_ws/src/beginner_tutorials/scripts/joystick.py", line 24, in ticcmd
    return subprocess.check_output(['ticcmd'] + list(args))
  File "/usr/lib/python2.7/subprocess.py", line 223, in check_output
    raise CalledProcessError(retcode, cmd, output=output)
CalledProcessError: Command '['ticcmd', '--exit-safe-start', '--step-mode', '1', '-d', '00339700', '--current', '300', '--position', '-1000']' returned non-zero exit status 2

[rosout][ERROR] 2022-04-06 21:34:38,444: bad callback: <function joystick_callback at 0xffffb8c31bd0>
Traceback (most recent call last):
  File "/opt/ros/melodic/lib/python2.7/dist-packages/rospy/topics.py", line 750, in _invoke_callback
    cb(msg)
  File "/home/ubuntu/catkin_ws/src/beginner_tutorials/scripts/joystick.py", line 34, in joystick_callback
    move_motor(y_axis, '-1000')
  File "/home/ubuntu/catkin_ws/src/beginner_tutorials/scripts/joystick.py", line 28, in move_motor
    revolutions)
  File "/home/ubuntu/catkin_ws/src/beginner_tutorials/scripts/joystick.py", line 24, in ticcmd
    return subprocess.check_output(['ticcmd'] + list(args))
  File "/usr/lib/python2.7/subprocess.py", line 223, in check_output
    raise CalledProcessError(retcode, cmd, output=output)
CalledProcessError: Command '['ticcmd', '--exit-safe-start', '--step-mode', '1', '-d', '00339700', '--current', '300', '--position', '-1000']' returned non-zero exit status 2

[rosout][ERROR] 2022-04-06 21:34:38,567: bad callback: <function joystick_callback at 0xffffb8c31bd0>
Traceback (most recent call last):
  File "/opt/ros/melodic/lib/python2.7/dist-packages/rospy/topics.py", line 750, in _invoke_callback
    cb(msg)
  File "/home/ubuntu/catkin_ws/src/beginner_tutorials/scripts/joystick.py", line 34, in joystick_callback
    move_motor(y_axis, '-1000')
  File "/home/ubuntu/catkin_ws/src/beginner_tutorials/scripts/joystick.py", line 28, in move_motor
    revolutions)
  File "/home/ubuntu/catkin_ws/src/beginner_tutorials/scripts/joystick.py", line 24, in ticcmd
    return subprocess.check_output(['ticcmd'] + list(args))
  File "/usr/lib/python2.7/subprocess.py", line 223, in check_output
    raise CalledProcessError(retcode, cmd, output=output)
CalledProcessError: Command '['ticcmd', '--exit-safe-start', '--step-mode', '1', '-d', '00339700', '--current', '300', '--position', '-1000']' returned non-zero exit status 2

[rosout][ERROR] 2022-04-06 21:34:38,675: bad callback: <function joystick_callback at 0xffffb8c31bd0>
Traceback (most recent call last):
  File "/opt/ros/melodic/lib/python2.7/dist-packages/rospy/topics.py", line 750, in _invoke_callback
    cb(msg)
  File "/home/ubuntu/catkin_ws/src/beginner_tutorials/scripts/joystick.py", line 34, in joystick_callback
    move_motor(y_axis, '-1000')
  File "/home/ubuntu/catkin_ws/src/beginner_tutorials/scripts/joystick.py", line 28, in move_motor
    revolutions)
  File "/home/ubuntu/catkin_ws/src/beginner_tutorials/scripts/joystick.py", line 24, in ticcmd
    return subprocess.check_output(['ticcmd'] + list(args))
  File "/usr/lib/python2.7/subprocess.py", line 223, in check_output
    raise CalledProcessError(retcode, cmd, output=output)
CalledProcessError: Command '['ticcmd', '--exit-safe-start', '--step-mode', '1', '-d', '00339700', '--current', '300', '--position', '-1000']' returned non-zero exit status 2

[rosout][ERROR] 2022-04-06 21:34:40,683: bad callback: <function joystick_callback at 0xffffb8c31bd0>
Traceback (most recent call last):
  File "/opt/ros/melodic/lib/python2.7/dist-packages/rospy/topics.py", line 750, in _invoke_callback
    cb(msg)
  File "/home/ubuntu/catkin_ws/src/beginner_tutorials/scripts/joystick.py", line 34, in joystick_callback
    move_motor(y_axis, '-1000')
  File "/home/ubuntu/catkin_ws/src/beginner_tutorials/scripts/joystick.py", line 28, in move_motor
    revolutions)
  File "/home/ubuntu/catkin_ws/src/beginner_tutorials/scripts/joystick.py", line 24, in ticcmd
    return subprocess.check_output(['ticcmd'] + list(args))
  File "/usr/lib/python2.7/subprocess.py", line 223, in check_output
    raise CalledProcessError(retcode, cmd, output=output)
CalledProcessError: Command '['ticcmd', '--exit-safe-start', '--step-mode', '1', '-d', '00339700', '--current', '300', '--position', '-1000']' returned non-zero exit status 2

[rosout][ERROR] 2022-04-06 21:34:45,080: bad callback: <function joystick_callback at 0xffffb8c31bd0>
Traceback (most recent call last):
  File "/opt/ros/melodic/lib/python2.7/dist-packages/rospy/topics.py", line 750, in _invoke_callback
    cb(msg)
  File "/home/ubuntu/catkin_ws/src/beginner_tutorials/scripts/joystick.py", line 34, in joystick_callback
    move_motor(y_axis, '-1000')
  File "/home/ubuntu/catkin_ws/src/beginner_tutorials/scripts/joystick.py", line 28, in move_motor
    revolutions)
  File "/home/ubuntu/catkin_ws/src/beginner_tutorials/scripts/joystick.py", line 24, in ticcmd
    return subprocess.check_output(['ticcmd'] + list(args))
  File "/usr/lib/python2.7/subprocess.py", line 223, in check_output
    raise CalledProcessError(retcode, cmd, output=output)
CalledProcessError: Command '['ticcmd', '--exit-safe-start', '--step-mode', '1', '-d', '00339700', '--current', '300', '--position', '-1000']' returned non-zero exit status 2

[rosout][ERROR] 2022-04-06 21:34:45,195: bad callback: <function joystick_callback at 0xffffb8c31bd0>
Traceback (most recent call last):
  File "/opt/ros/melodic/lib/python2.7/dist-packages/rospy/topics.py", line 750, in _invoke_callback
    cb(msg)
  File "/home/ubuntu/catkin_ws/src/beginner_tutorials/scripts/joystick.py", line 34, in joystick_callback
    move_motor(y_axis, '-1000')
  File "/home/ubuntu/catkin_ws/src/beginner_tutorials/scripts/joystick.py", line 28, in move_motor
    revolutions)
  File "/home/ubuntu/catkin_ws/src/beginner_tutorials/scripts/joystick.py", line 24, in ticcmd
    return subprocess.check_output(['ticcmd'] + list(args))
  File "/usr/lib/python2.7/subprocess.py", line 223, in check_output
    raise CalledProcessError(retcode, cmd, output=output)
CalledProcessError: Command '['ticcmd', '--exit-safe-start', '--step-mode', '1', '-d', '00339700', '--current', '300', '--position', '-1000']' returned non-zero exit status 2

[rosout][ERROR] 2022-04-06 21:34:45,585: bad callback: <function joystick_callback at 0xffffb8c31bd0>
Traceback (most recent call last):
  File "/opt/ros/melodic/lib/python2.7/dist-packages/rospy/topics.py", line 750, in _invoke_callback
    cb(msg)
  File "/home/ubuntu/catkin_ws/src/beginner_tutorials/scripts/joystick.py", line 34, in joystick_callback
    move_motor(y_axis, '-1000')
  File "/home/ubuntu/catkin_ws/src/beginner_tutorials/scripts/joystick.py", line 28, in move_motor
    revolutions)
  File "/home/ubuntu/catkin_ws/src/beginner_tutorials/scripts/joystick.py", line 24, in ticcmd
    return subprocess.check_output(['ticcmd'] + list(args))
  File "/usr/lib/python2.7/subprocess.py", line 223, in check_output
    raise CalledProcessError(retcode, cmd, output=output)
CalledProcessError: Command '['ticcmd', '--exit-safe-start', '--step-mode', '1', '-d', '00339700', '--current', '300', '--position', '-1000']' returned non-zero exit status 2

[rosout][ERROR] 2022-04-06 21:34:47,694: bad callback: <function joystick_callback at 0xffffb8c31bd0>
Traceback (most recent call last):
  File "/opt/ros/melodic/lib/python2.7/dist-packages/rospy/topics.py", line 750, in _invoke_callback
    cb(msg)
  File "/home/ubuntu/catkin_ws/src/beginner_tutorials/scripts/joystick.py", line 34, in joystick_callback
    move_motor(y_axis, '-1000')
  File "/home/ubuntu/catkin_ws/src/beginner_tutorials/scripts/joystick.py", line 28, in move_motor
    revolutions)
  File "/home/ubuntu/catkin_ws/src/beginner_tutorials/scripts/joystick.py", line 24, in ticcmd
    return subprocess.check_output(['ticcmd'] + list(args))
  File "/usr/lib/python2.7/subprocess.py", line 223, in check_output
    raise CalledProcessError(retcode, cmd, output=output)
CalledProcessError: Command '['ticcmd', '--exit-safe-start', '--step-mode', '1', '-d', '00339700', '--current', '300', '--position', '-1000']' returned non-zero exit status 2

[rospy.core][INFO] 2022-04-06 21:34:52,194: signal_shutdown [signal-2]
[rospy.internal][INFO] 2022-04-06 21:34:52,225: topic[/rosout] removing connection to /rosout
[rospy.internal][INFO] 2022-04-06 21:34:52,226: topic[/cmd_vel] removing connection to http://ubuntu:42947/
[rospy.impl.masterslave][INFO] 2022-04-06 21:34:52,227: signal-2
[rospy.core][INFO] 2022-04-06 21:34:52,344: signal_shutdown [atexit]
[rospy.client][INFO] 2022-04-06 21:35:12,939: init_node, name[/joystick], pid[8634]
[xmlrpc][INFO] 2022-04-06 21:35:12,942: XML-RPC server binding to 0.0.0.0:0
[rospy.init][INFO] 2022-04-06 21:35:12,944: ROS Slave URI: [http://ubuntu:36519/]
[xmlrpc][INFO] 2022-04-06 21:35:12,945: Started XML-RPC server [http://ubuntu:36519/]
[rospy.impl.masterslave][INFO] 2022-04-06 21:35:12,945: _ready: http://ubuntu:36519/
[rospy.registration][INFO] 2022-04-06 21:35:12,964: Registering with master node http://localhost:11311
[xmlrpc][INFO] 2022-04-06 21:35:12,965: xml rpc node: starting XML-RPC server
[rospy.init][INFO] 2022-04-06 21:35:13,045: registered with master
[rospy.rosout][INFO] 2022-04-06 21:35:13,046: initializing /rosout core topic
[rospy.rosout][INFO] 2022-04-06 21:35:13,058: connected to core topic /rosout
[rospy.simtime][INFO] 2022-04-06 21:35:13,076: /use_sim_time is not set, will not subscribe to simulated time [/clock] topic
[rospy.internal][INFO] 2022-04-06 21:35:13,110: topic[/cmd_vel] adding connection to [http://ubuntu:42947/], count 0
[rospy.internal][INFO] 2022-04-06 21:35:13,290: topic[/rosout] adding connection to [/rosout], count 0
[rosout][ERROR] 2022-04-06 21:35:23,490: bad callback: <function joystick_callback at 0xffffaad27bd0>
Traceback (most recent call last):
  File "/opt/ros/melodic/lib/python2.7/dist-packages/rospy/topics.py", line 750, in _invoke_callback
    cb(msg)
  File "/home/ubuntu/catkin_ws/src/beginner_tutorials/scripts/joystick.py", line 32, in joystick_callback
    move_motor(y_axis, '5000')
  File "/home/ubuntu/catkin_ws/src/beginner_tutorials/scripts/joystick.py", line 28, in move_motor
    revolutions)
  File "/home/ubuntu/catkin_ws/src/beginner_tutorials/scripts/joystick.py", line 24, in ticcmd
    return subprocess.check_output(['ticcmd'] + list(args))
  File "/usr/lib/python2.7/subprocess.py", line 223, in check_output
    raise CalledProcessError(retcode, cmd, output=output)
CalledProcessError: Command '['ticcmd', '--exit-safe-start', '--step-mode', '1', '-d', '00339700', '--current', '300', '--position', '5000']' returned non-zero exit status 2

[rosout][ERROR] 2022-04-06 21:35:23,937: bad callback: <function joystick_callback at 0xffffaad27bd0>
Traceback (most recent call last):
  File "/opt/ros/melodic/lib/python2.7/dist-packages/rospy/topics.py", line 750, in _invoke_callback
    cb(msg)
  File "/home/ubuntu/catkin_ws/src/beginner_tutorials/scripts/joystick.py", line 32, in joystick_callback
    move_motor(y_axis, '5000')
  File "/home/ubuntu/catkin_ws/src/beginner_tutorials/scripts/joystick.py", line 28, in move_motor
    revolutions)
  File "/home/ubuntu/catkin_ws/src/beginner_tutorials/scripts/joystick.py", line 24, in ticcmd
    return subprocess.check_output(['ticcmd'] + list(args))
  File "/usr/lib/python2.7/subprocess.py", line 223, in check_output
    raise CalledProcessError(retcode, cmd, output=output)
CalledProcessError: Command '['ticcmd', '--exit-safe-start', '--step-mode', '1', '-d', '00339700', '--current', '300', '--position', '5000']' returned non-zero exit status 2

[rosout][ERROR] 2022-04-06 21:35:24,063: bad callback: <function joystick_callback at 0xffffaad27bd0>
Traceback (most recent call last):
  File "/opt/ros/melodic/lib/python2.7/dist-packages/rospy/topics.py", line 750, in _invoke_callback
    cb(msg)
  File "/home/ubuntu/catkin_ws/src/beginner_tutorials/scripts/joystick.py", line 32, in joystick_callback
    move_motor(y_axis, '5000')
  File "/home/ubuntu/catkin_ws/src/beginner_tutorials/scripts/joystick.py", line 28, in move_motor
    revolutions)
  File "/home/ubuntu/catkin_ws/src/beginner_tutorials/scripts/joystick.py", line 24, in ticcmd
    return subprocess.check_output(['ticcmd'] + list(args))
  File "/usr/lib/python2.7/subprocess.py", line 223, in check_output
    raise CalledProcessError(retcode, cmd, output=output)
CalledProcessError: Command '['ticcmd', '--exit-safe-start', '--step-mode', '1', '-d', '00339700', '--current', '300', '--position', '5000']' returned non-zero exit status 2

[rosout][ERROR] 2022-04-06 21:35:24,198: bad callback: <function joystick_callback at 0xffffaad27bd0>
Traceback (most recent call last):
  File "/opt/ros/melodic/lib/python2.7/dist-packages/rospy/topics.py", line 750, in _invoke_callback
    cb(msg)
  File "/home/ubuntu/catkin_ws/src/beginner_tutorials/scripts/joystick.py", line 32, in joystick_callback
    move_motor(y_axis, '5000')
  File "/home/ubuntu/catkin_ws/src/beginner_tutorials/scripts/joystick.py", line 28, in move_motor
    revolutions)
  File "/home/ubuntu/catkin_ws/src/beginner_tutorials/scripts/joystick.py", line 24, in ticcmd
    return subprocess.check_output(['ticcmd'] + list(args))
  File "/usr/lib/python2.7/subprocess.py", line 223, in check_output
    raise CalledProcessError(retcode, cmd, output=output)
CalledProcessError: Command '['ticcmd', '--exit-safe-start', '--step-mode', '1', '-d', '00339700', '--current', '300', '--position', '5000']' returned non-zero exit status 2

[rosout][ERROR] 2022-04-06 21:35:26,864: bad callback: <function joystick_callback at 0xffffaad27bd0>
Traceback (most recent call last):
  File "/opt/ros/melodic/lib/python2.7/dist-packages/rospy/topics.py", line 750, in _invoke_callback
    cb(msg)
  File "/home/ubuntu/catkin_ws/src/beginner_tutorials/scripts/joystick.py", line 34, in joystick_callback
    move_motor(y_axis, '-1000')
  File "/home/ubuntu/catkin_ws/src/beginner_tutorials/scripts/joystick.py", line 28, in move_motor
    revolutions)
  File "/home/ubuntu/catkin_ws/src/beginner_tutorials/scripts/joystick.py", line 24, in ticcmd
    return subprocess.check_output(['ticcmd'] + list(args))
  File "/usr/lib/python2.7/subprocess.py", line 223, in check_output
    raise CalledProcessError(retcode, cmd, output=output)
CalledProcessError: Command '['ticcmd', '--exit-safe-start', '--step-mode', '1', '-d', '00339700', '--current', '300', '--position', '-1000']' returned non-zero exit status 2

[rospy.core][INFO] 2022-04-06 21:43:19,749: signal_shutdown [signal-2]
[rospy.internal][INFO] 2022-04-06 21:43:19,766: topic[/rosout] removing connection to /rosout
[rospy.internal][INFO] 2022-04-06 21:43:19,767: topic[/cmd_vel] removing connection to http://ubuntu:42947/
[rospy.impl.masterslave][INFO] 2022-04-06 21:43:19,771: signal-2
[rospy.core][INFO] 2022-04-06 21:43:19,884: signal_shutdown [atexit]
