[0.046s] Invoking command in '/home/ubuntu/ros2_foxy/build/ament_cmake_export_libraries': AMENT_PREFIX_PATH=/home/ubuntu/ros2_foxy/install/ament_cmake_core:/home/ubuntu/ros2_foxy/install/ament_package CMAKE_PREFIX_PATH=/home/ubuntu/ros2_foxy/install/ament_cmake_core PYTHONPATH=/home/ubuntu/ros2_foxy/build/ament_package:/home/ubuntu/ros2_foxy/install/ament_package/lib/python3.6/site-packages /usr/bin/cmake /home/ubuntu/ros2_foxy/src/ament/ament_cmake/ament_cmake_export_libraries -DAMENT_CMAKE_SYMLINK_INSTALL=1 -DCMAKE_INSTALL_PREFIX=/home/ubuntu/ros2_foxy/install/ament_cmake_export_libraries
[0.138s] -- Found ament_cmake_core: 0.9.9 (/home/ubuntu/ros2_foxy/install/ament_cmake_core/share/ament_cmake_core/cmake)
[0.309s] -- Found PythonInterp: /usr/bin/python3 (found suitable version "3.6.9", minimum required is "3") 
[0.310s] -- Using PYTHON_EXECUTABLE: /usr/bin/python3
[1.915s] -- Override CMake install command with custom implementation using symlinks instead of copying resources
[2.480s] -- Configuring done
[2.497s] -- Generating done
[2.503s] -- Build files have been written to: /home/ubuntu/ros2_foxy/build/ament_cmake_export_libraries
[2.527s] Invoked command in '/home/ubuntu/ros2_foxy/build/ament_cmake_export_libraries' returned '0': AMENT_PREFIX_PATH=/home/ubuntu/ros2_foxy/install/ament_cmake_core:/home/ubuntu/ros2_foxy/install/ament_package CMAKE_PREFIX_PATH=/home/ubuntu/ros2_foxy/install/ament_cmake_core PYTHONPATH=/home/ubuntu/ros2_foxy/build/ament_package:/home/ubuntu/ros2_foxy/install/ament_package/lib/python3.6/site-packages /usr/bin/cmake /home/ubuntu/ros2_foxy/src/ament/ament_cmake/ament_cmake_export_libraries -DAMENT_CMAKE_SYMLINK_INSTALL=1 -DCMAKE_INSTALL_PREFIX=/home/ubuntu/ros2_foxy/install/ament_cmake_export_libraries
[2.542s] Invoking command in '/home/ubuntu/ros2_foxy/build/ament_cmake_export_libraries': AMENT_PREFIX_PATH=/home/ubuntu/ros2_foxy/install/ament_cmake_core:/home/ubuntu/ros2_foxy/install/ament_package CMAKE_PREFIX_PATH=/home/ubuntu/ros2_foxy/install/ament_cmake_core PYTHONPATH=/home/ubuntu/ros2_foxy/build/ament_package:/home/ubuntu/ros2_foxy/install/ament_package/lib/python3.6/site-packages /usr/bin/cmake --build /home/ubuntu/ros2_foxy/build/ament_cmake_export_libraries -- -j4 -l4
[2.735s] Invoked command in '/home/ubuntu/ros2_foxy/build/ament_cmake_export_libraries' returned '0': AMENT_PREFIX_PATH=/home/ubuntu/ros2_foxy/install/ament_cmake_core:/home/ubuntu/ros2_foxy/install/ament_package CMAKE_PREFIX_PATH=/home/ubuntu/ros2_foxy/install/ament_cmake_core PYTHONPATH=/home/ubuntu/ros2_foxy/build/ament_package:/home/ubuntu/ros2_foxy/install/ament_package/lib/python3.6/site-packages /usr/bin/cmake --build /home/ubuntu/ros2_foxy/build/ament_cmake_export_libraries -- -j4 -l4
[2.860s] Invoking command in '/home/ubuntu/ros2_foxy/build/ament_cmake_export_libraries': AMENT_PREFIX_PATH=/home/ubuntu/ros2_foxy/install/ament_cmake_core:/home/ubuntu/ros2_foxy/install/ament_package CMAKE_PREFIX_PATH=/home/ubuntu/ros2_foxy/install/ament_cmake_core PYTHONPATH=/home/ubuntu/ros2_foxy/build/ament_package:/home/ubuntu/ros2_foxy/install/ament_package/lib/python3.6/site-packages /usr/bin/cmake --build /home/ubuntu/ros2_foxy/build/ament_cmake_export_libraries --target install -- -j4 -l4
[3.237s] [36mInstall the project...[0m
[3.239s] -- Install configuration: ""
[3.243s] -- Execute custom install script
[3.246s] -- Symlinking: /home/ubuntu/ros2_foxy/install/ament_cmake_export_libraries/share/ament_index/resource_index/package_run_dependencies/ament_cmake_export_libraries
[3.294s] -- Symlinking: /home/ubuntu/ros2_foxy/install/ament_cmake_export_libraries/share/ament_index/resource_index/parent_prefix_path/ament_cmake_export_libraries
[3.336s] -- Symlinking: /home/ubuntu/ros2_foxy/install/ament_cmake_export_libraries/share/ament_cmake_export_libraries/environment/ament_prefix_path.sh
[3.389s] -- Symlinking: /home/ubuntu/ros2_foxy/install/ament_cmake_export_libraries/share/ament_cmake_export_libraries/environment/ament_prefix_path.dsv
[3.435s] -- Symlinking: /home/ubuntu/ros2_foxy/install/ament_cmake_export_libraries/share/ament_cmake_export_libraries/environment/path.sh
[3.481s] -- Symlinking: /home/ubuntu/ros2_foxy/install/ament_cmake_export_libraries/share/ament_cmake_export_libraries/environment/path.dsv
[3.524s] -- Symlinking: /home/ubuntu/ros2_foxy/install/ament_cmake_export_libraries/share/ament_cmake_export_libraries/local_setup.bash
[3.586s] -- Symlinking: /home/ubuntu/ros2_foxy/install/ament_cmake_export_libraries/share/ament_cmake_export_libraries/local_setup.sh
[3.687s] -- Symlinking: /home/ubuntu/ros2_foxy/install/ament_cmake_export_libraries/share/ament_cmake_export_libraries/local_setup.zsh
[3.767s] -- Symlinking: /home/ubuntu/ros2_foxy/install/ament_cmake_export_libraries/share/ament_cmake_export_libraries/local_setup.dsv
[3.797s] -- Symlinking: /home/ubuntu/ros2_foxy/install/ament_cmake_export_libraries/share/ament_cmake_export_libraries/package.dsv
[3.864s] -- Symlinking: /home/ubuntu/ros2_foxy/install/ament_cmake_export_libraries/share/ament_index/resource_index/packages/ament_cmake_export_libraries
[3.924s] -- Symlinking: /home/ubuntu/ros2_foxy/install/ament_cmake_export_libraries/share/ament_cmake_export_libraries/cmake/ament_cmake_export_libraries-extras.cmake
[3.969s] -- Symlinking: /home/ubuntu/ros2_foxy/install/ament_cmake_export_libraries/share/ament_cmake_export_libraries/cmake/ament_cmake_export_librariesConfig.cmake
[4.021s] -- Symlinking: /home/ubuntu/ros2_foxy/install/ament_cmake_export_libraries/share/ament_cmake_export_libraries/cmake/ament_cmake_export_librariesConfig-version.cmake
[4.048s] -- Symlinking: /home/ubuntu/ros2_foxy/install/ament_cmake_export_libraries/share/ament_cmake_export_libraries/package.xml
[4.094s] -- Symlinking: /home/ubuntu/ros2_foxy/install/ament_cmake_export_libraries/share/ament_cmake_export_libraries/cmake/ament_cmake_export_libraries-extras.cmake.in
[4.135s] -- Symlinking: /home/ubuntu/ros2_foxy/install/ament_cmake_export_libraries/share/ament_cmake_export_libraries/cmake/ament_cmake_export_libraries_package_hook.cmake
[4.176s] -- Symlinking: /home/ubuntu/ros2_foxy/install/ament_cmake_export_libraries/share/ament_cmake_export_libraries/cmake/ament_export_libraries.cmake
[4.215s] -- Symlinking: /home/ubuntu/ros2_foxy/install/ament_cmake_export_libraries/share/ament_cmake_export_libraries/cmake/ament_export_library_names.cmake
[4.295s] Invoked command in '/home/ubuntu/ros2_foxy/build/ament_cmake_export_libraries' returned '0': AMENT_PREFIX_PATH=/home/ubuntu/ros2_foxy/install/ament_cmake_core:/home/ubuntu/ros2_foxy/install/ament_package CMAKE_PREFIX_PATH=/home/ubuntu/ros2_foxy/install/ament_cmake_core PYTHONPATH=/home/ubuntu/ros2_foxy/build/ament_package:/home/ubuntu/ros2_foxy/install/ament_package/lib/python3.6/site-packages /usr/bin/cmake --build /home/ubuntu/ros2_foxy/build/ament_cmake_export_libraries --target install -- -j4 -l4
