[0.050s] Invoking command in '/home/ubuntu/ros2_foxy/build/ament_cmake_libraries': AMENT_PREFIX_PATH=/home/ubuntu/ros2_foxy/install/ament_cmake_core:/home/ubuntu/ros2_foxy/install/ament_package CMAKE_PREFIX_PATH=/home/ubuntu/ros2_foxy/install/ament_cmake_core PYTHONPATH=/home/ubuntu/ros2_foxy/build/ament_package:/home/ubuntu/ros2_foxy/install/ament_package/lib/python3.6/site-packages /usr/bin/cmake /home/ubuntu/ros2_foxy/src/ament/ament_cmake/ament_cmake_libraries -DAMENT_CMAKE_SYMLINK_INSTALL=1 -DCMAKE_INSTALL_PREFIX=/home/ubuntu/ros2_foxy/install/ament_cmake_libraries
[0.148s] -- Found ament_cmake_core: 0.9.9 (/home/ubuntu/ros2_foxy/install/ament_cmake_core/share/ament_cmake_core/cmake)
[0.318s] -- Found PythonInterp: /usr/bin/python3 (found suitable version "3.6.9", minimum required is "3") 
[0.319s] -- Using PYTHON_EXECUTABLE: /usr/bin/python3
[1.914s] -- Override CMake install command with custom implementation using symlinks instead of copying resources
[2.374s] -- Configuring done
[2.387s] -- Generating done
[2.393s] -- Build files have been written to: /home/ubuntu/ros2_foxy/build/ament_cmake_libraries
[2.407s] Invoked command in '/home/ubuntu/ros2_foxy/build/ament_cmake_libraries' returned '0': AMENT_PREFIX_PATH=/home/ubuntu/ros2_foxy/install/ament_cmake_core:/home/ubuntu/ros2_foxy/install/ament_package CMAKE_PREFIX_PATH=/home/ubuntu/ros2_foxy/install/ament_cmake_core PYTHONPATH=/home/ubuntu/ros2_foxy/build/ament_package:/home/ubuntu/ros2_foxy/install/ament_package/lib/python3.6/site-packages /usr/bin/cmake /home/ubuntu/ros2_foxy/src/ament/ament_cmake/ament_cmake_libraries -DAMENT_CMAKE_SYMLINK_INSTALL=1 -DCMAKE_INSTALL_PREFIX=/home/ubuntu/ros2_foxy/install/ament_cmake_libraries
[2.425s] Invoking command in '/home/ubuntu/ros2_foxy/build/ament_cmake_libraries': AMENT_PREFIX_PATH=/home/ubuntu/ros2_foxy/install/ament_cmake_core:/home/ubuntu/ros2_foxy/install/ament_package CMAKE_PREFIX_PATH=/home/ubuntu/ros2_foxy/install/ament_cmake_core PYTHONPATH=/home/ubuntu/ros2_foxy/build/ament_package:/home/ubuntu/ros2_foxy/install/ament_package/lib/python3.6/site-packages /usr/bin/cmake --build /home/ubuntu/ros2_foxy/build/ament_cmake_libraries -- -j4 -l4
[2.653s] Invoked command in '/home/ubuntu/ros2_foxy/build/ament_cmake_libraries' returned '0': AMENT_PREFIX_PATH=/home/ubuntu/ros2_foxy/install/ament_cmake_core:/home/ubuntu/ros2_foxy/install/ament_package CMAKE_PREFIX_PATH=/home/ubuntu/ros2_foxy/install/ament_cmake_core PYTHONPATH=/home/ubuntu/ros2_foxy/build/ament_package:/home/ubuntu/ros2_foxy/install/ament_package/lib/python3.6/site-packages /usr/bin/cmake --build /home/ubuntu/ros2_foxy/build/ament_cmake_libraries -- -j4 -l4
[2.789s] Invoking command in '/home/ubuntu/ros2_foxy/build/ament_cmake_libraries': AMENT_PREFIX_PATH=/home/ubuntu/ros2_foxy/install/ament_cmake_core:/home/ubuntu/ros2_foxy/install/ament_package CMAKE_PREFIX_PATH=/home/ubuntu/ros2_foxy/install/ament_cmake_core PYTHONPATH=/home/ubuntu/ros2_foxy/build/ament_package:/home/ubuntu/ros2_foxy/install/ament_package/lib/python3.6/site-packages /usr/bin/cmake --build /home/ubuntu/ros2_foxy/build/ament_cmake_libraries --target install -- -j4 -l4
[3.083s] [36mInstall the project...[0m
[3.123s] -- Install configuration: ""
[3.125s] -- Execute custom install script
[3.128s] -- Symlinking: /home/ubuntu/ros2_foxy/install/ament_cmake_libraries/share/ament_index/resource_index/package_run_dependencies/ament_cmake_libraries
[3.181s] -- Symlinking: /home/ubuntu/ros2_foxy/install/ament_cmake_libraries/share/ament_index/resource_index/parent_prefix_path/ament_cmake_libraries
[3.218s] -- Symlinking: /home/ubuntu/ros2_foxy/install/ament_cmake_libraries/share/ament_cmake_libraries/environment/ament_prefix_path.sh
[3.260s] -- Symlinking: /home/ubuntu/ros2_foxy/install/ament_cmake_libraries/share/ament_cmake_libraries/environment/ament_prefix_path.dsv
[3.309s] -- Symlinking: /home/ubuntu/ros2_foxy/install/ament_cmake_libraries/share/ament_cmake_libraries/environment/path.sh
[3.358s] -- Symlinking: /home/ubuntu/ros2_foxy/install/ament_cmake_libraries/share/ament_cmake_libraries/environment/path.dsv
[3.413s] -- Symlinking: /home/ubuntu/ros2_foxy/install/ament_cmake_libraries/share/ament_cmake_libraries/local_setup.bash
[3.458s] -- Symlinking: /home/ubuntu/ros2_foxy/install/ament_cmake_libraries/share/ament_cmake_libraries/local_setup.sh
[3.504s] -- Symlinking: /home/ubuntu/ros2_foxy/install/ament_cmake_libraries/share/ament_cmake_libraries/local_setup.zsh
[3.554s] -- Symlinking: /home/ubuntu/ros2_foxy/install/ament_cmake_libraries/share/ament_cmake_libraries/local_setup.dsv
[3.686s] -- Symlinking: /home/ubuntu/ros2_foxy/install/ament_cmake_libraries/share/ament_cmake_libraries/package.dsv
[3.726s] -- Symlinking: /home/ubuntu/ros2_foxy/install/ament_cmake_libraries/share/ament_index/resource_index/packages/ament_cmake_libraries
[3.772s] -- Symlinking: /home/ubuntu/ros2_foxy/install/ament_cmake_libraries/share/ament_cmake_libraries/cmake/ament_cmake_libraries-extras.cmake
[3.813s] -- Symlinking: /home/ubuntu/ros2_foxy/install/ament_cmake_libraries/share/ament_cmake_libraries/cmake/ament_cmake_librariesConfig.cmake
[3.858s] -- Symlinking: /home/ubuntu/ros2_foxy/install/ament_cmake_libraries/share/ament_cmake_libraries/cmake/ament_cmake_librariesConfig-version.cmake
[3.900s] -- Symlinking: /home/ubuntu/ros2_foxy/install/ament_cmake_libraries/share/ament_cmake_libraries/package.xml
[3.942s] -- Symlinking: /home/ubuntu/ros2_foxy/install/ament_cmake_libraries/share/ament_cmake_libraries/cmake/ament_libraries_deduplicate.cmake
[3.982s] -- Symlinking: /home/ubuntu/ros2_foxy/install/ament_cmake_libraries/share/ament_cmake_libraries/cmake/ament_libraries_pack_build_configuration.cmake
[4.028s] -- Symlinking: /home/ubuntu/ros2_foxy/install/ament_cmake_libraries/share/ament_cmake_libraries/cmake/ament_libraries_unpack_build_configuration.cmake
[4.163s] Invoked command in '/home/ubuntu/ros2_foxy/build/ament_cmake_libraries' returned '0': AMENT_PREFIX_PATH=/home/ubuntu/ros2_foxy/install/ament_cmake_core:/home/ubuntu/ros2_foxy/install/ament_package CMAKE_PREFIX_PATH=/home/ubuntu/ros2_foxy/install/ament_cmake_core PYTHONPATH=/home/ubuntu/ros2_foxy/build/ament_package:/home/ubuntu/ros2_foxy/install/ament_package/lib/python3.6/site-packages /usr/bin/cmake --build /home/ubuntu/ros2_foxy/build/ament_cmake_libraries --target install -- -j4 -l4
