[rospy.client][INFO] 2022-02-07 16:59:19,205: init_node, name[/webcam], pid[17609]
[xmlrpc][INFO] 2022-02-07 16:59:19,206: XML-RPC server binding to 0.0.0.0:0
[xmlrpc][INFO] 2022-02-07 16:59:19,207: Started XML-RPC server [http://ubuntu:38475/]
[rospy.init][INFO] 2022-02-07 16:59:19,207: ROS Slave URI: [http://ubuntu:38475/]
[rospy.impl.masterslave][INFO] 2022-02-07 16:59:19,208: _ready: http://ubuntu:38475/
[rospy.registration][INFO] 2022-02-07 16:59:19,210: Registering with master node http://localhost:11311
[xmlrpc][INFO] 2022-02-07 16:59:19,210: xml rpc node: starting XML-RPC server
[rospy.registration][INFO] 2022-02-07 16:59:19,211: Registering publisher topic [/image_raw] type [sensor_msgs/Image] with master
[rospy.init][INFO] 2022-02-07 16:59:19,308: registered with master
[rospy.rosout][INFO] 2022-02-07 16:59:19,310: initializing /rosout core topic
[rospy.rosout][INFO] 2022-02-07 16:59:19,315: connected to core topic /rosout
[rospy.simtime][INFO] 2022-02-07 16:59:19,320: /use_sim_time is not set, will not subscribe to simulated time [/clock] topic
[rospy.internal][INFO] 2022-02-07 16:59:19,594: topic[/rosout] adding connection to [/rosout], count 0
[rospy.internal][INFO] 2022-02-07 16:59:20,779: topic[/image_raw] adding connection to [/link_ros], count 0
[rospy.internal][INFO] 2022-02-07 18:16:13,515: topic[/image_raw] removing connection to /link_ros
[rospy.internal][INFO] 2022-02-07 18:16:26,283: topic[/image_raw] adding connection to [/link_ros], count 0
[rospy.internal][INFO] 2022-02-07 18:16:56,891: topic[/image_raw] removing connection to /link_ros
[rospy.internal][INFO] 2022-02-07 18:17:09,415: topic[/image_raw] adding connection to [/link_ros], count 0
[rospy.core][INFO] 2022-02-07 21:12:07,377: signal_shutdown [signal-2]
[rospy.internal][INFO] 2022-02-07 21:12:07,383: topic[/rosout] removing connection to /rosout
[rospy.internal][INFO] 2022-02-07 21:12:07,383: topic[/image_raw] removing connection to /link_ros
[rospy.impl.masterslave][INFO] 2022-02-07 21:12:07,384: signal-2
[rospy.core][INFO] 2022-02-07 21:12:07,523: signal_shutdown [atexit]
