running develop
/home/ubuntu/.local/lib/python3.6/site-packages/setuptools/command/easy_install.py:159: EasyInstallDeprecationWarning: easy_install command is deprecated. Use build and pip and other standards-based tools.
  EasyInstallDeprecationWarning,
/home/ubuntu/.local/lib/python3.6/site-packages/setuptools/command/install.py:37: SetuptoolsDeprecationWarning: setup.py install is deprecated. Use build and pip and other standards-based tools.
  setuptools.SetuptoolsDeprecationWarning,
/home/ubuntu/.local/lib/python3.6/site-packages/pkg_resources/__init__.py:119: PkgResourcesDeprecationWarning: 0.18ubuntu0.18.04.1 is an invalid version and will not be supported in a future release
  PkgResourcesDeprecationWarning,
running egg_info
creating domain_coordinator.egg-info
writing domain_coordinator.egg-info/PKG-INFO
writing dependency_links to domain_coordinator.egg-info/dependency_links.txt
writing requirements to domain_coordinator.egg-info/requires.txt
writing top-level names to domain_coordinator.egg-info/top_level.txt
writing manifest file 'domain_coordinator.egg-info/SOURCES.txt'
reading manifest file 'domain_coordinator.egg-info/SOURCES.txt'
writing manifest file 'domain_coordinator.egg-info/SOURCES.txt'
running build_ext
Creating /home/ubuntu/ros2_foxy/install/domain_coordinator/lib/python3.6/site-packages/domain-coordinator.egg-link (link to .)

Installed /home/ubuntu/ros2_foxy/build/domain_coordinator
running install_data
copying package.xml -> /home/ubuntu/ros2_foxy/install/domain_coordinator/share/domain_coordinator
creating /home/ubuntu/ros2_foxy/install/domain_coordinator/share/ament_index
creating /home/ubuntu/ros2_foxy/install/domain_coordinator/share/ament_index/resource_index
creating /home/ubuntu/ros2_foxy/install/domain_coordinator/share/ament_index/resource_index/packages
copying resource/domain_coordinator -> /home/ubuntu/ros2_foxy/install/domain_coordinator/share/ament_index/resource_index/packages
