running develop
running egg_info
creating ament_index_python.egg-info
writing ament_index_python.egg-info/PKG-INFO
writing dependency_links to ament_index_python.egg-info/dependency_links.txt
writing entry points to ament_index_python.egg-info/entry_points.txt
writing requirements to ament_index_python.egg-info/requires.txt
writing top-level names to ament_index_python.egg-info/top_level.txt
writing manifest file 'ament_index_python.egg-info/SOURCES.txt'
reading manifest file 'ament_index_python.egg-info/SOURCES.txt'
writing manifest file 'ament_index_python.egg-info/SOURCES.txt'
running build_ext
Creating /home/ubuntu/ros2_foxy/install/ament_index_python/lib/python3.6/site-packages/ament-index-python.egg-link (link to .)
Installing ament_index script to /home/ubuntu/ros2_foxy/install/ament_index_python/bin

Installed /home/ubuntu/ros2_foxy/build/ament_index_python
running install_data
copying package.xml -> /home/ubuntu/ros2_foxy/install/ament_index_python/share/ament_index_python
creating /home/ubuntu/ros2_foxy/install/ament_index_python/share/ament_index_python/environment
copying completion/ament_index-argcomplete.bash -> /home/ubuntu/ros2_foxy/install/ament_index_python/share/ament_index_python/environment
copying completion/ament_index-argcomplete.zsh -> /home/ubuntu/ros2_foxy/install/ament_index_python/share/ament_index_python/environment
creating /home/ubuntu/ros2_foxy/install/ament_index_python/share/ament_index
creating /home/ubuntu/ros2_foxy/install/ament_index_python/share/ament_index/resource_index
creating /home/ubuntu/ros2_foxy/install/ament_index_python/share/ament_index/resource_index/packages
copying resource/ament_index_python -> /home/ubuntu/ros2_foxy/install/ament_index_python/share/ament_index/resource_index/packages
