running develop
/home/ubuntu/.local/lib/python3.6/site-packages/setuptools/command/easy_install.py:159: EasyInstallDeprecationWarning: easy_install command is deprecated. Use build and pip and other standards-based tools.
  EasyInstallDeprecationWarning,
/home/ubuntu/.local/lib/python3.6/site-packages/setuptools/command/install.py:37: SetuptoolsDeprecationWarning: setup.py install is deprecated. Use build and pip and other standards-based tools.
  setuptools.SetuptoolsDeprecationWarning,
/home/ubuntu/.local/lib/python3.6/site-packages/pkg_resources/__init__.py:119: PkgResourcesDeprecationWarning: 0.18ubuntu0.18.04.1 is an invalid version and will not be supported in a future release
  PkgResourcesDeprecationWarning,
running egg_info
creating ament_package.egg-info
writing ament_package.egg-info/PKG-INFO
writing dependency_links to ament_package.egg-info/dependency_links.txt
writing top-level names to ament_package.egg-info/top_level.txt
writing manifest file 'ament_package.egg-info/SOURCES.txt'
reading manifest file 'ament_package.egg-info/SOURCES.txt'
writing manifest file 'ament_package.egg-info/SOURCES.txt'
running build_ext
Creating /home/ubuntu/ros2_foxy/install/ament_package/lib/python3.6/site-packages/ament-package.egg-link (link to .)

Installed /home/ubuntu/ros2_foxy/build/ament_package
running install_data
copying package.xml -> /home/ubuntu/ros2_foxy/install/ament_package/share/ament_package
creating /home/ubuntu/ros2_foxy/install/ament_package/share/ament_index
creating /home/ubuntu/ros2_foxy/install/ament_package/share/ament_index/resource_index
creating /home/ubuntu/ros2_foxy/install/ament_package/share/ament_index/resource_index/packages
copying resource/ament_package -> /home/ubuntu/ros2_foxy/install/ament_package/share/ament_index/resource_index/packages
